[0.055s] Invoking command in '/home/ws/build/quadruped_mpc': CMAKE_PREFIX_PATH=${CMAKE_PREFIX_PATH}:/home/ws/install/quadruped_simulation:/home/ws/install/quadruped_controllers:/opt/ros/jazzy /usr/bin/cmake /home/ws/src/quadruped_mpc -DAMENT_CMAKE_SYMLINK_INSTALL=1 -DCMAKE_INSTALL_PREFIX=/home/ws/install/quadruped_mpc
[0.103s] -- Found ament_cmake: 2.5.2 (/opt/ros/jazzy/share/ament_cmake/cmake)
[0.184s] -- Found Python3: /usr/bin/python3 (found version "3.12.3") found components: Interpreter 
[0.352s] -- Override CMake install command with custom implementation using symlinks instead of copying resources
[0.361s] -- Found rclcpp: 28.1.5 (/opt/ros/jazzy/share/rclcpp/cmake)
[0.433s] -- Found rosidl_generator_c: 4.6.4 (/opt/ros/jazzy/share/rosidl_generator_c/cmake)
[0.460s] -- Found rosidl_generator_cpp: 4.6.4 (/opt/ros/jazzy/share/rosidl_generator_cpp/cmake)
[0.503s] -- Using all available rosidl_typesupport_c: rosidl_typesupport_fastrtps_c;rosidl_typesupport_introspection_c
[0.550s] -- Using all available rosidl_typesupport_cpp: rosidl_typesupport_fastrtps_cpp;rosidl_typesupport_introspection_cpp
[0.700s] -- Found rmw_implementation_cmake: 7.3.1 (/opt/ros/jazzy/share/rmw_implementation_cmake/cmake)
[0.701s] -- Found rmw_fastrtps_cpp: 8.4.1 (/opt/ros/jazzy/share/rmw_fastrtps_cpp/cmake)
[0.836s] -- Using RMW implementation 'rmw_fastrtps_cpp' as default
[0.938s] -- Found controller_interface: 4.18.0 (/opt/ros/jazzy/share/controller_interface/cmake)
[1.233s] -- pinocchio FOUND. pinocchio at /opt/ros/jazzy/lib/x86_64-linux-gnu/libpinocchio.so
[1.234s] -- boost_filesystem FOUND. boost_filesystem at /lib/x86_64-linux-gnu/libboost_filesystem.so
[1.235s] -- boost_serialization FOUND. boost_serialization at /lib/x86_64-linux-gnu/libboost_serialization.so
[1.236s] -- boost_system FOUND. boost_system at /lib/x86_64-linux-gnu/libboost_system.so
[1.246s] -- Found Boost: /usr/include (found version "1.83.0") found components: filesystem serialization system 
[1.248s] -- eigenpy FOUND. eigenpy at /opt/ros/jazzy/lib/x86_64-linux-gnu/libeigenpy.so
[1.293s] -- Checking for NumPy
[1.682s] --   NUMPY_INCLUDE_DIRS=/usr/lib/python3/dist-packages/numpy/core/include
[1.877s] --   NUMPY_VERSION=1.26.4
[2.265s] -- Found Python3: /usr/bin/python3 (found version "3.12.3") found components: Interpreter Development.Module NumPy 
[2.266s] -- PythonLibraryDirs: 
[2.266s] -- PythonLibVersionString: 3.12.3
[2.317s] -- Python site lib: lib/python3.12/dist-packages
[2.318s] -- Python include dirs: /usr/include/python3.12
[2.393s] -- Checking for NumPy
[2.558s] --   NUMPY_INCLUDE_DIRS=/usr/lib/python3/dist-packages/numpy/core/include
[2.723s] --   NUMPY_VERSION=1.26.4
[2.723s] -- NumPy include dir: /usr/lib/python3/dist-packages/numpy/core/include
[2.736s] -- Found Boost: /usr/include (found version "1.83.0") found components: python312 
[2.737s] -- Boost_PYTHON_LIBRARY: /usr/lib/x86_64-linux-gnu/libboost_python312.so
[3.344s] -- Default C++ standard: 201703
[3.345s] -- C++ standard sufficient: Minimal required 14, currently defined: 17
[3.345s] -- CMAKE_CXX_STANDARD was not set: automatically set to currently defined standard 17
[3.346s] -- C++ standard sufficient: Minimal required 14, currently defined: 17
[3.356s] [31mCMake Error at /opt/ros/jazzy/share/pluginlib/cmake/pluginlib_export_plugin_description_file.cmake:84 (message):
[3.356s]   Given plugin description file
[3.356s]   '/home/ws/src/quadruped_mpc/plugin_description.xml' does not exist
[3.356s] Call Stack (most recent call first):
[3.357s]   CMakeLists.txt:85 (pluginlib_export_plugin_description_file)
[3.357s] 
[3.357s] [0m
[3.357s] -- Configuring incomplete, errors occurred!
[3.369s] Invoked command in '/home/ws/build/quadruped_mpc' returned '1': CMAKE_PREFIX_PATH=${CMAKE_PREFIX_PATH}:/home/ws/install/quadruped_simulation:/home/ws/install/quadruped_controllers:/opt/ros/jazzy /usr/bin/cmake /home/ws/src/quadruped_mpc -DAMENT_CMAKE_SYMLINK_INSTALL=1 -DCMAKE_INSTALL_PREFIX=/home/ws/install/quadruped_mpc
