[0.044s] Invoking command in '/home/ws/build/quadruped_hardware': CMAKE_PREFIX_PATH=${CMAKE_PREFIX_PATH}:/home/ws/install/quadruped_simulation:/home/ws/install/quadruped_controllers:/opt/ros/jazzy /usr/bin/cmake --build /home/ws/build/quadruped_hardware -- -j20 -l20
[0.124s] Invoked command in '/home/ws/build/quadruped_hardware' returned '0': CMAKE_PREFIX_PATH=${CMAKE_PREFIX_PATH}:/home/ws/install/quadruped_simulation:/home/ws/install/quadruped_controllers:/opt/ros/jazzy /usr/bin/cmake --build /home/ws/build/quadruped_hardware -- -j20 -l20
[0.232s] Invoking command in '/home/ws/build/quadruped_hardware': CMAKE_PREFIX_PATH=${CMAKE_PREFIX_PATH}:/home/ws/install/quadruped_simulation:/home/ws/install/quadruped_controllers:/opt/ros/jazzy /usr/bin/cmake --install /home/ws/build/quadruped_hardware
[0.261s] -- Install configuration: ""
[0.262s] -- Execute custom install script
[0.262s] -- Up-to-date symlink: /home/ws/install/quadruped_hardware/share/ament_index/resource_index/package_run_dependencies/quadruped_hardware
[0.263s] -- Up-to-date symlink: /home/ws/install/quadruped_hardware/share/ament_index/resource_index/parent_prefix_path/quadruped_hardware
[0.264s] -- Up-to-date symlink: /home/ws/install/quadruped_hardware/share/quadruped_hardware/environment/ament_prefix_path.sh
[0.265s] -- Up-to-date symlink: /home/ws/install/quadruped_hardware/share/quadruped_hardware/environment/ament_prefix_path.dsv
[0.267s] -- Up-to-date symlink: /home/ws/install/quadruped_hardware/share/quadruped_hardware/environment/path.sh
[0.268s] -- Up-to-date symlink: /home/ws/install/quadruped_hardware/share/quadruped_hardware/environment/path.dsv
[0.273s] -- Up-to-date symlink: /home/ws/install/quadruped_hardware/share/quadruped_hardware/local_setup.bash
[0.273s] -- Up-to-date symlink: /home/ws/install/quadruped_hardware/share/quadruped_hardware/local_setup.sh
[0.274s] -- Up-to-date symlink: /home/ws/install/quadruped_hardware/share/quadruped_hardware/local_setup.zsh
[0.275s] -- Up-to-date symlink: /home/ws/install/quadruped_hardware/share/quadruped_hardware/local_setup.dsv
[0.275s] -- Symlinking: /home/ws/install/quadruped_hardware/share/quadruped_hardware/package.dsv
[0.289s] -- Up-to-date symlink: /home/ws/install/quadruped_hardware/share/ament_index/resource_index/packages/quadruped_hardware
[0.290s] -- Up-to-date symlink: /home/ws/install/quadruped_hardware/share/quadruped_hardware/cmake/quadruped_hardwareConfig.cmake
[0.290s] -- Up-to-date symlink: /home/ws/install/quadruped_hardware/share/quadruped_hardware/cmake/quadruped_hardwareConfig-version.cmake
[0.291s] -- Up-to-date symlink: /home/ws/install/quadruped_hardware/share/quadruped_hardware/package.xml
[0.328s] Invoked command in '/home/ws/build/quadruped_hardware' returned '0': CMAKE_PREFIX_PATH=${CMAKE_PREFIX_PATH}:/home/ws/install/quadruped_simulation:/home/ws/install/quadruped_controllers:/opt/ros/jazzy /usr/bin/cmake --install /home/ws/build/quadruped_hardware
