-- Found ament_cmake: 2.5.2 (/opt/ros/jazzy/share/ament_cmake/cmake)
-- Found Python3: /usr/bin/python3 (found version "3.12.3") found components: Interpreter 
-- Override CMake install command with custom implementation using symlinks instead of copying resources
-- Found rclcpp: 28.1.5 (/opt/ros/jazzy/share/rclcpp/cmake)
-- Found rosidl_generator_c: 4.6.4 (/opt/ros/jazzy/share/rosidl_generator_c/cmake)
-- Found rosidl_generator_cpp: 4.6.4 (/opt/ros/jazzy/share/rosidl_generator_cpp/cmake)
-- Using all available rosidl_typesupport_c: rosidl_typesupport_fastrtps_c;rosidl_typesupport_introspection_c
-- Using all available rosidl_typesupport_cpp: rosidl_typesupport_fastrtps_cpp;rosidl_typesupport_introspection_cpp
-- Found rmw_implementation_cmake: 7.3.1 (/opt/ros/jazzy/share/rmw_implementation_cmake/cmake)
-- Found rmw_fastrtps_cpp: 8.4.1 (/opt/ros/jazzy/share/rmw_fastrtps_cpp/cmake)
-- Using RMW implementation 'rmw_fastrtps_cpp' as default
-- Found hardware_interface: 4.18.0 (/opt/ros/jazzy/share/hardware_interface/cmake)
-- Found controller_manager: 4.18.0 (/opt/ros/jazzy/share/controller_manager/cmake)
-- Found ros2_control: 4.18.0 (/opt/ros/jazzy/share/ros2_control/cmake)
-- Found ros_gz_sim: 1.0.5 (/opt/ros/jazzy/share/ros_gz_sim/cmake)
-- Looking for gz-sim8 -- found version 8.6.0
-- Searching for dependencies of gz-sim8
-- Looking for sdformat14 -- found version 14.5.0
-- Searching for dependencies of sdformat14
-- Checking for module 'tinyxml2'
--   Found tinyxml2, version 10.0.0
-- Looking for gz-math7 -- found version 7.5.0
-- Searching for dependencies of gz-math7
-- Looking for gz-utils2 -- found version 2.2.0
-- Searching for dependencies of gz-utils2
-- Looking for gz-utils2 -- found version 2.2.0
-- Searching for dependencies of gz-utils2
-- Searching for <gz-utils2> component [cli]
-- Looking for gz-utils2-cli -- found version 2.2.0
-- Searching for dependencies of gz-utils2-cli
-- Looking for gz-plugin2 -- found version 2.0.3
-- Searching for dependencies of gz-plugin2
-- Looking for gz-utils2 -- found version 2.2.0
-- Searching for <gz-plugin2> component [loader]
-- Looking for gz-plugin2-loader -- found version 2.0.3
-- Searching for dependencies of gz-plugin2-loader
-- Searching for <gz-plugin2> component [register]
-- Looking for gz-plugin2-register -- found version 2.0.3
-- Searching for dependencies of gz-plugin2-register
-- Looking for gz-transport13 -- found version 13.4.0
-- Searching for dependencies of gz-transport13
-- Config-file not installed for ZeroMQ -- checking for pkg-config
-- Checking for module 'libzmq >= 4'
--   Found libzmq, version 4.3.5
-- Checking for module 'uuid'
--   Found uuid, version 2.39.3
-- Looking for gz-utils2 -- found version 2.2.0
-- Looking for gz-msgs10 -- found version 10.3.0
-- Searching for dependencies of gz-msgs10
-- Looking for gz-utils2 -- found version 2.2.0
-- Looking for gz-math7 -- found version 7.5.0
-- Searching for <gz-transport13> component [log]
-- Looking for gz-transport13-log -- found version 13.4.0
-- Searching for dependencies of gz-transport13-log
-- Searching for <gz-transport13> component [parameters]
-- Looking for gz-transport13-parameters -- found version 13.4.0
-- Searching for dependencies of gz-transport13-parameters
-- Looking for gz-msgs10 -- found version 10.3.0
-- Looking for gz-common5 -- found version 5.6.0
-- Searching for dependencies of gz-common5
-- Looking for gz-utils2 -- found version 2.2.0
-- Looking for dlfcn.h - found
-- Looking for libdl - found
-- Searching for <gz-common5> component [av]
-- Looking for gz-common5-av -- found version 5.6.0
-- Searching for dependencies of gz-common5-av
-- Checking for module 'libswscale'
--   Found libswscale, version 7.5.100
-- Checking for module 'libavdevice >= 56.4.100'
--   Found libavdevice, version 60.3.100
-- Checking for module 'libavformat'
--   Found libavformat, version 60.16.100
-- Checking for module 'libavcodec'
--   Found libavcodec, version 60.31.102
-- Checking for module 'libavutil'
--   Found libavutil, version 58.29.100
-- Searching for <gz-common5> component [events]
-- Looking for gz-common5-events -- found version 5.6.0
-- Searching for dependencies of gz-common5-events
-- Looking for gz-math7 -- found version 7.5.0
-- Searching for <gz-common5> component [graphics]
-- Looking for gz-common5-graphics -- found version 5.6.0
-- Searching for dependencies of gz-common5-graphics
-- Looking for gz-math7 -- found version 7.5.0
-- Searching for <gz-common5> component [io]
-- Looking for gz-common5-io -- found version 5.6.0
-- Searching for dependencies of gz-common5-io
-- Searching for <gz-common5> component [profiler]
-- Looking for gz-common5-profiler -- found version 5.6.0
-- Searching for dependencies of gz-common5-profiler
-- Looking for gz-fuel_tools9 -- found version 9.1.0
-- Searching for dependencies of gz-fuel_tools9
-- Checking for module 'jsoncpp'
--   Found jsoncpp, version 1.9.5
-- Checking for module 'yaml-0.1'
--   Found yaml-0.1, version 0.2.5
-- Checking for module 'libzip'
--   Found libzip, version 1.7.3
-- Looking for gz-utils2 -- found version 2.2.0
-- Looking for gz-common5 -- found version 5.6.0
-- Searching for dependencies of gz-common5
-- Looking for gz-utils2 -- found version 2.2.0
-- Looking for dlfcn.h - found
-- Looking for libdl - found
-- Searching for <gz-common5> component [testing]
-- Looking for gz-common5-testing -- found version 5.6.0
-- Searching for dependencies of gz-common5-testing
-- Looking for gz-math7 -- found version 7.5.0
-- Looking for gz-msgs10 -- found version 10.3.0
-- Looking for gz-gui8 -- found version 8.3.0
-- Searching for dependencies of gz-gui8
-- Looking for gz-utils2 -- found version 2.2.0
-- Looking for gz-math7 -- found version 7.5.0
-- Looking for gz-common5 -- found version 5.6.0
-- Looking for gz-plugin2 -- found version 2.0.3
-- Looking for gz-transport13 -- found version 13.4.0
-- Looking for gz-rendering8 -- found version 8.2.0
-- Searching for dependencies of gz-rendering8
-- Looking for gz-math7 -- found version 7.5.0
-- Searching for dependencies of gz-math7
-- Looking for gz-utils2 -- found version 2.2.0
-- Searching for <gz-math7> component [eigen3]
-- Looking for gz-math7-eigen3 -- found version 7.5.0
-- Searching for dependencies of gz-math7-eigen3
-- Looking for gz-common5 -- found version 5.6.0
-- Searching for dependencies of gz-common5
-- Looking for gz-utils2 -- found version 2.2.0
-- Looking for dlfcn.h - found
-- Looking for libdl - found
-- Searching for <gz-common5> component [graphics]
-- Searching for <gz-common5> component [events]
-- Searching for <gz-common5> component [geospatial]
-- Looking for gz-common5-geospatial -- found version 5.6.0
-- Searching for dependencies of gz-common5-geospatial
-- Looking for gz-math7 -- found version 7.5.0
-- Looking for gz-common5 -- found version 5.6.0
-- Looking for gz-plugin2 -- found version 2.0.3
-- Searching for dependencies of gz-plugin2
-- Looking for gz-utils2 -- found version 2.2.0
-- Searching for <gz-plugin2> component [all]
-- Looking for all libraries of gz-plugin2 -- found version 2.0.3
-- Looking for gz-plugin2 -- found version 2.0.3
-- Looking for gz-utils2 -- found version 2.2.0
-- Looking for gz-msgs10 -- found version 10.3.0
-- Looking for gz-physics7 -- found version 7.3.0
-- Searching for dependencies of gz-physics7
-- Looking for gz-common5 -- found version 5.6.0
-- Looking for gz-math7 -- found version 7.5.0
-- Looking for gz-plugin2 -- found version 2.0.3
-- Looking for gz-utils2 -- found version 2.2.0
-- Searching for <gz-physics7> component [heightmap]
-- Looking for gz-physics7-heightmap -- found version 7.3.0
-- Searching for dependencies of gz-physics7-heightmap
-- Looking for gz-common5 -- found version 5.6.0
-- Searching for <gz-physics7> component [mesh]
-- Looking for gz-physics7-mesh -- found version 7.3.0
-- Searching for dependencies of gz-physics7-mesh
-- Looking for gz-common5 -- found version 5.6.0
-- Searching for <gz-physics7> component [sdf]
-- Looking for gz-physics7-sdf -- found version 7.3.0
-- Searching for dependencies of gz-physics7-sdf
-- Looking for sdformat14 -- found version 14.5.0
-- Looking for gz-sensors8 -- found version 8.2.0
-- Searching for dependencies of gz-sensors8
-- Looking for gz-math7 -- found version 7.5.0
-- Looking for gz-common5 -- found version 5.6.0
-- Looking for gz-transport13 -- found version 13.4.0
-- Looking for gz-rendering8 -- found version 8.2.0
-- Looking for gz-msgs10 -- found version 10.3.0
-- Looking for sdformat14 -- found version 14.5.0
-- Searching for <gz-sensors8> component [air_pressure]
-- Looking for gz-sensors8-air_pressure -- found version 8.2.0
-- Searching for dependencies of gz-sensors8-air_pressure
-- Searching for <gz-sensors8> component [air_speed]
-- Looking for gz-sensors8-air_speed -- found version 8.2.0
-- Searching for dependencies of gz-sensors8-air_speed
-- Searching for <gz-sensors8> component [altimeter]
-- Looking for gz-sensors8-altimeter -- found version 8.2.0
-- Searching for dependencies of gz-sensors8-altimeter
-- Searching for <gz-sensors8> component [imu]
-- Looking for gz-sensors8-imu -- found version 8.2.0
-- Searching for dependencies of gz-sensors8-imu
-- Searching for <gz-sensors8> component [force_torque]
-- Looking for gz-sensors8-force_torque -- found version 8.2.0
-- Searching for dependencies of gz-sensors8-force_torque
-- Searching for <gz-sensors8> component [logical_camera]
-- Looking for gz-sensors8-logical_camera -- found version 8.2.0
-- Searching for dependencies of gz-sensors8-logical_camera
-- Searching for <gz-sensors8> component [magnetometer]
-- Looking for gz-sensors8-magnetometer -- found version 8.2.0
-- Searching for dependencies of gz-sensors8-magnetometer
-- Searching for <gz-sensors8> component [navsat]
-- Looking for gz-sensors8-navsat -- found version 8.2.0
-- Searching for dependencies of gz-sensors8-navsat
-- Searching for <gz-sensors8> component [dvl]
-- Looking for gz-sensors8-dvl -- found version 8.2.0
-- Searching for dependencies of gz-sensors8-dvl
-- Looking for gz-sensors8 -- found version 8.2.0
-- Searching for dependencies of gz-sensors8
-- Looking for gz-math7 -- found version 7.5.0
-- Looking for gz-common5 -- found version 5.6.0
-- Looking for gz-transport13 -- found version 13.4.0
-- Looking for gz-rendering8 -- found version 8.2.0
-- Looking for gz-msgs10 -- found version 10.3.0
-- Looking for sdformat14 -- found version 14.5.0
-- Searching for <gz-sensors8> component [rendering]
-- Looking for gz-sensors8-rendering -- found version 8.2.0
-- Searching for dependencies of gz-sensors8-rendering
-- Searching for <gz-sensors8> component [rendering]
-- Searching for <gz-sensors8> component [lidar]
-- Looking for gz-sensors8-lidar -- found version 8.2.0
-- Searching for dependencies of gz-sensors8-lidar
-- Looking for gz-sensors8 -- found version 8.2.0
-- Searching for <gz-sensors8> component [gpu_lidar]
-- Looking for gz-sensors8-gpu_lidar -- found version 8.2.0
-- Searching for dependencies of gz-sensors8-gpu_lidar
-- Looking for gz-sensors8 -- found version 8.2.0
-- Searching for <gz-sensors8> component [camera]
-- Looking for gz-sensors8-camera -- found version 8.2.0
-- Searching for dependencies of gz-sensors8-camera
-- Looking for gz-sensors8 -- found version 8.2.0
-- Searching for <gz-sensors8> component [boundingbox_camera]
-- Looking for gz-sensors8-boundingbox_camera -- found version 8.2.0
-- Searching for dependencies of gz-sensors8-boundingbox_camera
-- Searching for <gz-sensors8> component [segmentation_camera]
-- Looking for gz-sensors8-segmentation_camera -- found version 8.2.0
-- Searching for dependencies of gz-sensors8-segmentation_camera
-- Searching for <gz-sensors8> component [depth_camera]
-- Looking for gz-sensors8-depth_camera -- found version 8.2.0
-- Searching for dependencies of gz-sensors8-depth_camera
-- Looking for gz-sensors8 -- found version 8.2.0
-- Searching for <gz-sensors8> component [rgbd_camera]
-- Looking for gz-sensors8-rgbd_camera -- found version 8.2.0
-- Searching for dependencies of gz-sensors8-rgbd_camera
-- Looking for gz-sensors8 -- found version 8.2.0
-- Searching for <gz-sensors8> component [thermal_camera]
-- Looking for gz-sensors8-thermal_camera -- found version 8.2.0
-- Searching for dependencies of gz-sensors8-thermal_camera
-- Looking for gz-sensors8 -- found version 8.2.0
-- Searching for <gz-sensors8> component [wide_angle_camera]
-- Looking for gz-sensors8-wide_angle_camera -- found version 8.2.0
-- Searching for dependencies of gz-sensors8-wide_angle_camera
-- Looking for gz-rendering8 -- found version 8.2.0
-- Looking for gz-math7 -- found version 7.5.0
-- Looking for gz-utils2 -- found version 2.2.0
-- Looking for gz-plugin2 -- found version 2.0.3
-- Found rosidl_default_generators: 1.6.0 (/opt/ros/jazzy/share/rosidl_default_generators/cmake)
-- Found rosidl_adapter: 4.6.4 (/opt/ros/jazzy/share/rosidl_adapter/cmake)
-- Found rclcpp_components: 28.1.5 (/opt/ros/jazzy/share/rclcpp_components/cmake)
-- Found ament_cmake_ros: 0.12.0 (/opt/ros/jazzy/share/ament_cmake_ros/cmake)
-- Using all available rosidl_typesupport_c: rosidl_typesupport_fastrtps_c;rosidl_typesupport_introspection_c
-- Using all available rosidl_typesupport_cpp: rosidl_typesupport_fastrtps_cpp;rosidl_typesupport_introspection_cpp
-- Found python_cmake_module: 0.11.1 (/opt/ros/jazzy/share/python_cmake_module/cmake)
-- Found Python3: /usr/bin/python3 (found version "3.12.3") found components: Interpreter Development NumPy Development.Module Development.Embed 
-- Configuring done (4.5s)
-- Generating done (0.1s)
-- Build files have been written to: /home/ws/build/quadruped
[  2%] Built target quadruped__rosidl_generator_type_description
[  5%] [32mBuilding CXX object CMakeFiles/quadruped_lib.dir/src/balance_controller.cpp.o[0m
[ 10%] [32mBuilding CXX object CMakeFiles/quadruped_lib.dir/src/leg_controller.cpp.o[0m
[ 10%] [32mBuilding CXX object CMakeFiles/quadruped_lib.dir/src/state_estimator.cpp.o[0m
[ 12%] [32mBuilding CXX object CMakeFiles/quadruped_lib.dir/src/foot_trajectory_generator.cpp.o[0m
[ 12%] Built target ament_cmake_python_symlink_quadruped
[ 15%] Built target quadruped__cpp
[ 28%] Built target quadruped__rosidl_generator_c
[ 35%] Built target quadruped__rosidl_typesupport_cpp
[ 43%] Built target quadruped__rosidl_typesupport_c
[ 51%] Built target quadruped__rosidl_typesupport_introspection_c
[ 58%] Built target quadruped__rosidl_typesupport_introspection_cpp
[ 66%] Built target quadruped__rosidl_typesupport_fastrtps_c
[ 74%] Built target quadruped__rosidl_typesupport_fastrtps_cpp
[ 74%] Built target quadruped
[ 76%] Built target quadruped__py
[ 82%] Built target quadruped__rosidl_generator_py
[ 87%] Built target quadruped_s__rosidl_typesupport_fastrtps_c
[ 92%] Built target quadruped_s__rosidl_typesupport_c
[ 97%] Built target quadruped_s__rosidl_typesupport_introspection_c
running egg_info
writing quadruped.egg-info/PKG-INFO
writing dependency_links to quadruped.egg-info/dependency_links.txt
writing top-level names to quadruped.egg-info/top_level.txt
reading manifest file 'quadruped.egg-info/SOURCES.txt'
writing manifest file 'quadruped.egg-info/SOURCES.txt'
[ 97%] Built target ament_cmake_python_build_quadruped_egg
In file included from [01m[K/home/ws/src/quadruped/src/leg_controller.cpp:1[m[K:
[01m[K/home/ws/src/quadruped/include/quadruped/leg_controller.hpp:16:37:[m[K [01;31m[Kerror: [m[K‘[01m[Kcontroller_interface::return_type leg_controller_ns::LegController::[01;32m[Kinit[m[K(const std::string&)[m[K’ marked ‘[01m[Koverride[m[K’, but does not override
   16 |   controller_interface::return_type [01;31m[Kinit[m[K(const std::string & controller_name) override;
      |                                     [01;31m[K^~~~[m[K
[01m[K/home/ws/src/quadruped/include/quadruped/leg_controller.hpp:21:37:[m[K [01;31m[Kerror: [m[K‘[01m[Kcontroller_interface::return_type leg_controller_ns::LegController::[01;32m[Kupdate[m[K()[m[K’ marked ‘[01m[Koverride[m[K’, but does not override
   21 |   controller_interface::return_type [01;31m[Kupdate[m[K() override;
      |                                     [01;31m[K^~~~~~[m[K
[01m[K/home/ws/src/quadruped/src/leg_controller.cpp:[m[K In constructor ‘[01m[Kleg_controller_ns::LegController::[01;32m[KLegController[m[K()[m[K’:
[01m[K/home/ws/src/quadruped/src/leg_controller.cpp:6:23:[m[K [01;31m[Kerror: [m[K‘[01m[Krclcpp::Duration::[01;32m[KDuration[m[K()[m[K’ is private within this context
    6 | : ControllerInterface([01;31m[K)[m[K
      |                       [01;31m[K^[m[K
In file included from [01m[K/opt/ros/jazzy/include/rclcpp/rclcpp/time.hpp:24[m[K,
                 from [01m[K/opt/ros/jazzy/include/rclcpp/rclcpp/clock.hpp:24[m[K,
                 from [01m[K/opt/ros/jazzy/include/rclcpp/rclcpp/client.hpp:38[m[K,
                 from [01m[K/opt/ros/jazzy/include/rclcpp/rclcpp/callback_group.hpp:24[m[K,
                 from [01m[K/opt/ros/jazzy/include/rclcpp_lifecycle/rclcpp_lifecycle/lifecycle_node.hpp:56[m[K,
                 from [01m[K/opt/ros/jazzy/include/controller_interface/controller_interface/controller_interface_base.hpp:29[m[K,
                 from [01m[K/opt/ros/jazzy/include/controller_interface/controller_interface/controller_interface.hpp:21[m[K,
                 from [01m[K/home/ws/src/quadruped/include/quadruped/leg_controller.hpp:4[m[K:
[01m[K/opt/ros/jazzy/include/rclcpp/rclcpp/duration.hpp:159:3:[m[K [01;36m[Knote: [m[Kdeclared private here
  159 |   [01;36m[KDuration[m[K() = default;
      |   [01;36m[K^~~~~~~~[m[K
[01m[K/home/ws/src/quadruped/src/leg_controller.cpp:[m[K In member function ‘[01m[Kcontroller_interface::return_type leg_controller_ns::LegController::[01;32m[Kinit[m[K(const std::string&)[m[K’:
[01m[K/home/ws/src/quadruped/src/leg_controller.cpp:13:39:[m[K [01;31m[Kerror: [m[Kno matching function for call to ‘[01m[Kleg_controller_ns::LegController::init(const std::string&)[m[K’
   13 |   auto ret = [01;31m[KControllerInterface::init(controller_name)[m[K;
      |              [01;31m[K~~~~~~~~~~~~~~~~~~~~~~~~~^~~~~~~~~~~~~~~~~[m[K
[01m[K/opt/ros/jazzy/include/controller_interface/controller_interface/controller_interface_base.hpp:129:15:[m[K [01;36m[Knote: [m[Kcandidate: ‘[01m[Kcontroller_interface::return_type controller_interface::ControllerInterfaceBase::[01;32m[Kinit[m[K(const std::string&, const std::string&, unsigned int, const std::string&, const rclcpp::NodeOptions&)[m[K’
  129 |   return_type [01;36m[Kinit[m[K(
      |               [01;36m[K^~~~[m[K
[01m[K/opt/ros/jazzy/include/controller_interface/controller_interface/controller_interface_base.hpp:129:15:[m[K [01;36m[Knote: [m[K  candidate expects 5 arguments, 1 provided
[01m[K/home/ws/src/quadruped/src/leg_controller.cpp:[m[K In member function ‘[01m[Kcontroller_interface::return_type leg_controller_ns::LegController::[01;32m[Kupdate[m[K()[m[K’:
[01m[K/home/ws/src/quadruped/src/leg_controller.cpp:44:31:[m[K [01;31m[Kerror: [m[K‘[01m[Kstd::shared_ptr<rclcpp_lifecycle::LifecycleNode> controller_interface::ControllerInterfaceBase::node_[m[K’ is private within this context
   44 |   rclcpp::Time current_time = [01;31m[Knode_[m[K->get_clock()->now();
      |                               [01;31m[K^~~~~[m[K
[01m[K/opt/ros/jazzy/include/controller_interface/controller_interface/controller_interface_base.hpp:277:52:[m[K [01;36m[Knote: [m[Kdeclared private here
  277 |   std::shared_ptr<rclcpp_lifecycle::LifecycleNode> [01;36m[Knode_[m[K;
      |                                                    [01;36m[K^~~~~[m[K
In file included from [01m[K/home/ws/src/quadruped/src/state_estimator.cpp:1[m[K:
[01m[K/home/ws/src/quadruped/include/quadruped/state_estimator.hpp:16:37:[m[K [01;31m[Kerror: [m[K‘[01m[Kcontroller_interface::return_type my_controller_ns::MyController::[01;32m[Kinit[m[K(const std::string&)[m[K’ marked ‘[01m[Koverride[m[K’, but does not override
   16 |   controller_interface::return_type [01;31m[Kinit[m[K(const std::string & controller_name) override;
      |                                     [01;31m[K^~~~[m[K
[01m[K/home/ws/src/quadruped/include/quadruped/state_estimator.hpp:21:37:[m[K [01;31m[Kerror: [m[K‘[01m[Kcontroller_interface::return_type my_controller_ns::MyController::[01;32m[Kupdate[m[K()[m[K’ marked ‘[01m[Koverride[m[K’, but does not override
   21 |   controller_interface::return_type [01;31m[Kupdate[m[K() override;
      |                                     [01;31m[K^~~~~~[m[K
[01m[K/home/ws/src/quadruped/src/state_estimator.cpp:5:1:[m[K [01;31m[Kerror: [m[K‘[01m[KStateEstimator[m[K’ does not name a type
    5 | [01;31m[KStateEstimator[m[K::StateEstimator()
      | [01;31m[K^~~~~~~~~~~~~~[m[K
[01m[K/home/ws/src/quadruped/src/state_estimator.cpp:11:35:[m[K [01;31m[Kerror: [m[K‘[01m[KStateEstimator[m[K’ has not been declared
   11 | controller_interface::return_type [01;31m[KStateEstimator[m[K::init(const std::string & controller_name)
      |                                   [01;31m[K^~~~~~~~~~~~~~[m[K
[01m[K/home/ws/src/quadruped/src/state_estimator.cpp:[m[K In function ‘[01m[Kcontroller_interface::return_type state_estimator_ns::[01;32m[Kinit[m[K(const std::string&)[m[K’:
[01m[K/home/ws/src/quadruped/src/state_estimator.cpp:13:14:[m[K [01;31m[Kerror: [m[K‘[01m[KControllerInterface[m[K’ has not been declared
   13 |   auto ret = [01;31m[KControllerInterface[m[K::init(controller_name);
      |              [01;31m[K^~~~~~~~~~~~~~~~~~~[m[K
[01m[K/home/ws/src/quadruped/src/state_estimator.cpp:19:3:[m[K [01;31m[Kerror: [m[K‘[01m[Kjoint_names_[m[K’ was not declared in this scope
   19 |   [01;31m[Kjoint_names_[m[K = {"joint1", "joint2"};  // Example joint names, set appropriately
      |   [01;31m[K^~~~~~~~~~~~[m[K
In file included from [01m[K/home/ws/src/quadruped/src/foot_trajectory_generator.cpp:1[m[K:
[01m[K/home/ws/src/quadruped/include/quadruped/foot_trajectory_generator.hpp:16:37:[m[K [01;31m[Kerror: [m[K‘[01m[Kcontroller_interface::return_type foot_trajectory_ns::FootTrajectoryGenerator::[01;32m[Kinit[m[K(const std::string&)[m[K’ marked ‘[01m[Koverride[m[K’, but does not override
   16 |   controller_interface::return_type [01;31m[Kinit[m[K(const std::string & controller_name) override;
      |                                     [01;31m[K^~~~[m[K
[01m[K/home/ws/src/quadruped/include/quadruped/foot_trajectory_generator.hpp:21:37:[m[K [01;31m[Kerror: [m[K‘[01m[Kcontroller_interface::return_type foot_trajectory_ns::FootTrajectoryGenerator::[01;32m[Kupdate[m[K()[m[K’ marked ‘[01m[Koverride[m[K’, but does not override
   21 |   controller_interface::return_type [01;31m[Kupdate[m[K() override;
      |                                     [01;31m[K^~~~~~[m[K
[01m[K/home/ws/src/quadruped/src/foot_trajectory_generator.cpp:[m[K In constructor ‘[01m[Kfoot_trajectory_ns::FootTrajectoryGenerator::[01;32m[KFootTrajectoryGenerator[m[K()[m[K’:
[01m[K/home/ws/src/quadruped/src/foot_trajectory_generator.cpp:6:23:[m[K [01;31m[Kerror: [m[K‘[01m[Krclcpp::Duration::[01;32m[KDuration[m[K()[m[K’ is private within this context
    6 | : ControllerInterface([01;31m[K)[m[K
      |                       [01;31m[K^[m[K
In file included from [01m[K/opt/ros/jazzy/include/rclcpp/rclcpp/time.hpp:24[m[K,
                 from [01m[K/opt/ros/jazzy/include/rclcpp/rclcpp/clock.hpp:24[m[K,
                 from [01m[K/opt/ros/jazzy/include/rclcpp/rclcpp/client.hpp:38[m[K,
                 from [01m[K/opt/ros/jazzy/include/rclcpp/rclcpp/callback_group.hpp:24[m[K,
                 from [01m[K/opt/ros/jazzy/include/rclcpp_lifecycle/rclcpp_lifecycle/lifecycle_node.hpp:56[m[K,
                 from [01m[K/opt/ros/jazzy/include/controller_interface/controller_interface/controller_interface_base.hpp:29[m[K,
                 from [01m[K/opt/ros/jazzy/include/controller_interface/controller_interface/controller_interface.hpp:21[m[K,
                 from [01m[K/home/ws/src/quadruped/include/quadruped/foot_trajectory_generator.hpp:4[m[K:
[01m[K/opt/ros/jazzy/include/rclcpp/rclcpp/duration.hpp:159:3:[m[K [01;36m[Knote: [m[Kdeclared private here
  159 |   [01;36m[KDuration[m[K() = default;
      |   [01;36m[K^~~~~~~~[m[K
[01m[K/home/ws/src/quadruped/src/foot_trajectory_generator.cpp:[m[K In member function ‘[01m[Kcontroller_interface::return_type foot_trajectory_ns::FootTrajectoryGenerator::[01;32m[Kinit[m[K(const std::string&)[m[K’:
[01m[K/home/ws/src/quadruped/src/foot_trajectory_generator.cpp:13:39:[m[K [01;31m[Kerror: [m[Kno matching function for call to ‘[01m[Kfoot_trajectory_ns::FootTrajectoryGenerator::init(const std::string&)[m[K’
   13 |   auto ret = [01;31m[KControllerInterface::init(controller_name)[m[K;
      |              [01;31m[K~~~~~~~~~~~~~~~~~~~~~~~~~^~~~~~~~~~~~~~~~~[m[K
[01m[K/opt/ros/jazzy/include/controller_interface/controller_interface/controller_interface_base.hpp:129:15:[m[K [01;36m[Knote: [m[Kcandidate: ‘[01m[Kcontroller_interface::return_type controller_interface::ControllerInterfaceBase::[01;32m[Kinit[m[K(const std::string&, const std::string&, unsigned int, const std::string&, const rclcpp::NodeOptions&)[m[K’
  129 |   return_type [01;36m[Kinit[m[K(
      |               [01;36m[K^~~~[m[K
[01m[K/opt/ros/jazzy/include/controller_interface/controller_interface/controller_interface_base.hpp:129:15:[m[K [01;36m[Knote: [m[K  candidate expects 5 arguments, 1 provided
[01m[K/home/ws/src/quadruped/src/foot_trajectory_generator.cpp:[m[K In member function ‘[01m[Kcontroller_interface::return_type foot_trajectory_ns::FootTrajectoryGenerator::[01;32m[Kupdate[m[K()[m[K’:
[01m[K/home/ws/src/quadruped/src/foot_trajectory_generator.cpp:44:31:[m[K [01;31m[Kerror: [m[K‘[01m[Kstd::shared_ptr<rclcpp_lifecycle::LifecycleNode> controller_interface::ControllerInterfaceBase::node_[m[K’ is private within this context
   44 |   rclcpp::Time current_time = [01;31m[Knode_[m[K->get_clock()->now();
      |                               [01;31m[K^~~~~[m[K
[01m[K/opt/ros/jazzy/include/controller_interface/controller_interface/controller_interface_base.hpp:277:52:[m[K [01;36m[Knote: [m[Kdeclared private here
  277 |   std::shared_ptr<rclcpp_lifecycle::LifecycleNode> [01;36m[Knode_[m[K;
      |                                                    [01;36m[K^~~~~[m[K
[01m[K/home/ws/src/quadruped/src/state_estimator.cpp:20:3:[m[K [01;31m[Kerror: [m[K‘[01m[Kestimated_states_[m[K’ was not declared in this scope
   20 |   [01;31m[Kestimated_states_[m[K.resize(joint_names_.size(), 0.0);
      |   [01;31m[K^~~~~~~~~~~~~~~~~[m[K
[01m[K/home/ws/src/quadruped/src/state_estimator.cpp:[m[K At global scope:
[01m[K/home/ws/src/quadruped/src/state_estimator.cpp:25:46:[m[K [01;31m[Kerror: [m[K‘[01m[KStateEstimator[m[K’ has not been declared
   25 | controller_interface::InterfaceConfiguration [01;31m[KStateEstimator[m[K::command_interface_configuration() const
      |                                              [01;31m[K^~~~~~~~~~~~~~[m[K
[01m[K/home/ws/src/quadruped/src/state_estimator.cpp:25:96:[m[K [01;31m[Kerror: [m[Knon-member function ‘[01m[Kcontroller_interface::InterfaceConfiguration state_estimator_ns::[01;32m[Kcommand_interface_configuration[m[K()[m[K’ cannot have cv-qualifier
   25 | controller_interface::InterfaceConfiguration StateEstimator::command_interface_configuration() [01;31m[Kconst[m[K
      |                                                                                                [01;31m[K^~~~~[m[K
[01m[K/home/ws/src/quadruped/src/state_estimator.cpp:32:46:[m[K [01;31m[Kerror: [m[K‘[01m[KStateEstimator[m[K’ has not been declared
   32 | controller_interface::InterfaceConfiguration [01;31m[KStateEstimator[m[K::state_interface_configuration() const
      |                                              [01;31m[K^~~~~~~~~~~~~~[m[K
[01m[K/home/ws/src/quadruped/src/state_estimator.cpp:32:94:[m[K [01;31m[Kerror: [m[Knon-member function ‘[01m[Kcontroller_interface::InterfaceConfiguration state_estimator_ns::[01;32m[Kstate_interface_configuration[m[K()[m[K’ cannot have cv-qualifier
   32 | controller_interface::InterfaceConfiguration StateEstimator::state_interface_configuration() [01;31m[Kconst[m[K
      |                                                                                              [01;31m[K^~~~~[m[K
[01m[K/home/ws/src/quadruped/src/state_estimator.cpp:40:35:[m[K [01;31m[Kerror: [m[K‘[01m[KStateEstimator[m[K’ has not been declared
   40 | controller_interface::return_type [01;31m[KStateEstimator[m[K::update()
      |                                   [01;31m[K^~~~~~~~~~~~~~[m[K
[01m[K/home/ws/src/quadruped/src/state_estimator.cpp:[m[K In function ‘[01m[Kcontroller_interface::return_type state_estimator_ns::[01;32m[Kupdate[m[K()[m[K’:
[01m[K/home/ws/src/quadruped/src/state_estimator.cpp:43:31:[m[K [01;31m[Kerror: [m[K‘[01m[Knode_[m[K’ was not declared in this scope; did you mean ‘[01m[Kmode_t[m[K’?
   43 |   rclcpp::Time current_time = [01;31m[Knode_[m[K->get_clock()->now();
      |                               [01;31m[K^~~~~[m[K
      |                               [32m[Kmode_t[m[K
[01m[K/home/ws/src/quadruped/src/state_estimator.cpp:44:50:[m[K [01;31m[Kerror: [m[K‘[01m[Klast_update_time_[m[K’ was not declared in this scope
   44 |   rclcpp::Duration elapsed_time = current_time - [01;31m[Klast_update_time_[m[K;
      |                                                  [01;31m[K^~~~~~~~~~~~~~~~~[m[K
[01m[K/home/ws/src/quadruped/src/state_estimator.cpp:47:26:[m[K [01;31m[Kerror: [m[K‘[01m[Kestimated_states_[m[K’ was not declared in this scope
   47 |   for (size_t i = 0; i < [01;31m[Kestimated_states_[m[K.size(); ++i) {
      |                          [01;31m[K^~~~~~~~~~~~~~~~~[m[K
In file included from [01m[K/home/ws/src/quadruped/src/balance_controller.cpp:1[m[K:
[01m[K/home/ws/src/quadruped/include/quadruped/balance_controller.hpp:18:37:[m[K [01;31m[Kerror: [m[K‘[01m[Kcontroller_interface::return_type balance_controller_ns::BalanceController::[01;32m[Kinit[m[K(const std::string&)[m[K’ marked ‘[01m[Koverride[m[K’, but does not override
   18 |   controller_interface::return_type [01;31m[Kinit[m[K(const std::string & controller_name) override;
      |                                     [01;31m[K^~~~[m[K
[01m[K/home/ws/src/quadruped/include/quadruped/balance_controller.hpp:23:37:[m[K [01;31m[Kerror: [m[K‘[01m[Kcontroller_interface::return_type balance_controller_ns::BalanceController::[01;32m[Kupdate[m[K()[m[K’ marked ‘[01m[Koverride[m[K’, but does not override
   23 |   controller_interface::return_type [01;31m[Kupdate[m[K() override;
      |                                     [01;31m[K^~~~~~[m[K
In file included from [01m[K/opt/ros/jazzy/include/class_loader/class_loader/class_loader.hpp:56[m[K,
                 from [01m[K/opt/ros/jazzy/include/pluginlib/pluginlib/class_list_macros.hpp:40[m[K,
                 from [01m[K/home/ws/src/quadruped/src/state_estimator.cpp:57[m[K:
[01m[K/home/ws/src/quadruped/src/state_estimator.cpp:[m[K At global scope:
[01m[K/home/ws/src/quadruped/src/state_estimator.cpp:58:44:[m[K [01;31m[Kerror: [m[K‘[01m[KStateEstimator[m[K’ in namespace ‘[01m[Kstate_estimator_ns[m[K’ does not name a type
   58 | PLUGINLIB_EXPORT_CLASS(state_estimator_ns::[01;31m[KStateEstimator[m[K, controller_interface::ControllerInterface)
      |                                            [01;31m[K^~~~~~~~~~~~~~[m[K
[01m[K/home/ws/src/quadruped/src/state_estimator.cpp:[m[K In constructor ‘[01m[K{anonymous}::ProxyExec0::[01;32m[KProxyExec0[m[K()[m[K’:
[01m[K/home/ws/src/quadruped/src/state_estimator.cpp:58:1:[m[K [01;31m[Kerror: [m[K‘[01m[K_derived[m[K’ was not declared in this scope
   58 | [01;31m[KPLUGINLIB_EXPORT_CLASS[m[K(state_estimator_ns::StateEstimator, controller_interface::ControllerInterface)
      | [01;31m[K^~~~~~~~~~~~~~~~~~~~~~[m[K
[01m[K/home/ws/src/quadruped/src/state_estimator.cpp:58:1:[m[K [01;31m[Kerror: [m[Kno matching function for call to ‘[01m[KregisterPlugin<<expression error>, {anonymous}::ProxyExec0::_base>(const char [35], const char [42])[m[K’
   58 | [01;31m[KPLUGINLIB_EXPORT_CLASS[m[K(state_estimator_ns::StateEstimator, controller_interface::ControllerInterface)
      | [01;31m[K^~~~~~~~~~~~~~~~~~~~~~[m[K
In file included from [01m[K/opt/ros/jazzy/include/class_loader/class_loader/class_loader.hpp:55[m[K:
[01m[K/opt/ros/jazzy/include/class_loader/class_loader/class_loader_core.hpp:241:1:[m[K [01;36m[Knote: [m[Kcandidate: ‘[01m[Ktemplate<class Derived, class Base> class_loader::impl::UniquePtr<class_loader::impl::AbstractMetaObjectBase> class_loader::impl::[01;32m[KregisterPlugin[m[K(const std::string&, const std::string&)[m[K’
  241 | [01;36m[KregisterPlugin[m[K(const std::string & class_name, const std::string & base_class_name)
      | [01;36m[K^~~~~~~~~~~~~~[m[K
[01m[K/opt/ros/jazzy/include/class_loader/class_loader/class_loader_core.hpp:241:1:[m[K [01;36m[Knote: [m[K  template argument deduction/substitution failed:
[01m[K/home/ws/src/quadruped/src/state_estimator.cpp:58:1:[m[K [01;31m[Kerror: [m[Ktemplate argument 1 is invalid
   58 | [01;31m[KPLUGINLIB_EXPORT_CLASS[m[K(state_estimator_ns::StateEstimator, controller_interface::ControllerInterface)
      | [01;31m[K^~~~~~~~~~~~~~~~~~~~~~[m[K
[01m[K/home/ws/src/quadruped/src/balance_controller.cpp:[m[K In constructor ‘[01m[Kbalance_controller_ns::BalanceController::[01;32m[KBalanceController[m[K()[m[K’:
[01m[K/home/ws/src/quadruped/src/balance_controller.cpp:8:23:[m[K [01;31m[Kerror: [m[K‘[01m[Krclcpp::Duration::[01;32m[KDuration[m[K()[m[K’ is private within this context
    8 | : ControllerInterface([01;31m[K)[m[K
      |                       [01;31m[K^[m[K
In file included from [01m[K/opt/ros/jazzy/include/rclcpp/rclcpp/time.hpp:24[m[K,
                 from [01m[K/opt/ros/jazzy/include/rclcpp/rclcpp/clock.hpp:24[m[K,
                 from [01m[K/opt/ros/jazzy/include/rclcpp/rclcpp/client.hpp:38[m[K,
                 from [01m[K/opt/ros/jazzy/include/rclcpp/rclcpp/callback_group.hpp:24[m[K,
                 from [01m[K/opt/ros/jazzy/include/rclcpp_lifecycle/rclcpp_lifecycle/lifecycle_node.hpp:56[m[K,
                 from [01m[K/opt/ros/jazzy/include/controller_interface/controller_interface/controller_interface_base.hpp:29[m[K,
                 from [01m[K/opt/ros/jazzy/include/controller_interface/controller_interface/controller_interface.hpp:21[m[K,
                 from [01m[K/home/ws/src/quadruped/include/quadruped/balance_controller.hpp:4[m[K:
[01m[K/opt/ros/jazzy/include/rclcpp/rclcpp/duration.hpp:159:3:[m[K [01;36m[Knote: [m[Kdeclared private here
  159 |   [01;36m[KDuration[m[K() = default;
      |   [01;36m[K^~~~~~~~[m[K
[01m[K/home/ws/src/quadruped/src/balance_controller.cpp:[m[K In member function ‘[01m[Kcontroller_interface::return_type balance_controller_ns::BalanceController::[01;32m[Kinit[m[K(const std::string&)[m[K’:
[01m[K/home/ws/src/quadruped/src/balance_controller.cpp:15:39:[m[K [01;31m[Kerror: [m[Kno matching function for call to ‘[01m[Kbalance_controller_ns::BalanceController::init(const std::string&)[m[K’
   15 |   auto ret = [01;31m[KControllerInterface::init(controller_name)[m[K;
      |              [01;31m[K~~~~~~~~~~~~~~~~~~~~~~~~~^~~~~~~~~~~~~~~~~[m[K
[01m[K/opt/ros/jazzy/include/controller_interface/controller_interface/controller_interface_base.hpp:129:15:[m[K [01;36m[Knote: [m[Kcandidate: ‘[01m[Kcontroller_interface::return_type controller_interface::ControllerInterfaceBase::[01;32m[Kinit[m[K(const std::string&, const std::string&, unsigned int, const std::string&, const rclcpp::NodeOptions&)[m[K’
  129 |   return_type [01;36m[Kinit[m[K(
      |               [01;36m[K^~~~[m[K
[01m[K/opt/ros/jazzy/include/controller_interface/controller_interface/controller_interface_base.hpp:129:15:[m[K [01;36m[Knote: [m[K  candidate expects 5 arguments, 1 provided
[01m[K/home/ws/src/quadruped/src/balance_controller.cpp:[m[K In member function ‘[01m[Kcontroller_interface::return_type balance_controller_ns::BalanceController::[01;32m[Kupdate[m[K()[m[K’:
[01m[K/home/ws/src/quadruped/src/balance_controller.cpp:64:31:[m[K [01;31m[Kerror: [m[K‘[01m[Kstd::shared_ptr<rclcpp_lifecycle::LifecycleNode> controller_interface::ControllerInterfaceBase::node_[m[K’ is private within this context
   64 |   rclcpp::Time current_time = [01;31m[Knode_[m[K->get_clock()->now();
      |                               [01;31m[K^~~~~[m[K
[01m[K/opt/ros/jazzy/include/controller_interface/controller_interface/controller_interface_base.hpp:277:52:[m[K [01;36m[Knote: [m[Kdeclared private here
  277 |   std::shared_ptr<rclcpp_lifecycle::LifecycleNode> [01;36m[Knode_[m[K;
      |                                                    [01;36m[K^~~~~[m[K
In file included from [01m[K/opt/ros/jazzy/include/class_loader/class_loader/class_loader_core.hpp:58[m[K,
                 from [01m[K/opt/ros/jazzy/include/class_loader/class_loader/class_loader.hpp:55[m[K,
                 from [01m[K/opt/ros/jazzy/include/pluginlib/pluginlib/class_list_macros.hpp:40[m[K,
                 from [01m[K/home/ws/src/quadruped/src/leg_controller.cpp:58[m[K:
/opt/ros/jazzy/include/class_loader/class_loader/meta_object.hpp: In instantiation of ‘[01m[KB* class_loader::impl::MetaObject<C, B>::[01;32m[Kcreate[m[K() const [35m[K[with C = leg_controller_ns::LegController; B = controller_interface::ControllerInterface][m[K[m[K’:
[01m[K/opt/ros/jazzy/include/class_loader/class_loader/meta_object.hpp:216:7:[m[K   required from here
[01m[K/opt/ros/jazzy/include/class_loader/class_loader/meta_object.hpp:218:12:[m[K [01;31m[Kerror: [m[Kinvalid new-expression of abstract class type ‘[01m[Kleg_controller_ns::LegController[m[K’
  218 |     return [01;31m[Knew C[m[K;
      |            [01;31m[K^~~~~[m[K
[01m[K/home/ws/src/quadruped/include/quadruped/leg_controller.hpp:12:7:[m[K [01;36m[Knote: [m[K  because the following virtual functions are pure within ‘[01m[Kleg_controller_ns::LegController[m[K’:
   12 | class [01;36m[KLegController[m[K : public controller_interface::ControllerInterface
      |       [01;36m[K^~~~~~~~~~~~~[m[K
[01m[K/opt/ros/jazzy/include/controller_interface/controller_interface/controller_interface_base.hpp:142:26:[m[K [01;36m[Knote: [m[K    ‘[01m[Kvirtual rclcpp_lifecycle::node_interfaces::LifecycleNodeInterface::CallbackReturn controller_interface::ControllerInterfaceBase::[01;32m[Kon_init[m[K()[m[K’
  142 |   virtual CallbackReturn [01;36m[Kon_init[m[K() = 0;
      |                          [01;36m[K^~~~~~~[m[K
[01m[K/opt/ros/jazzy/include/controller_interface/controller_interface/controller_interface_base.hpp:154:23:[m[K [01;36m[Knote: [m[K    ‘[01m[Kvirtual controller_interface::return_type controller_interface::ControllerInterfaceBase::[01;32m[Kupdate[m[K(const rclcpp::Time&, const rclcpp::Duration&)[m[K’
  154 |   virtual return_type [01;36m[Kupdate[m[K(const rclcpp::Time & time, const rclcpp::Duration & period) = 0;
      |                       [01;36m[K^~~~~~[m[K
In file included from [01m[K/opt/ros/jazzy/include/class_loader/class_loader/class_loader_core.hpp:58[m[K,
                 from [01m[K/opt/ros/jazzy/include/class_loader/class_loader/class_loader.hpp:55[m[K,
                 from [01m[K/opt/ros/jazzy/include/pluginlib/pluginlib/class_list_macros.hpp:40[m[K,
                 from [01m[K/home/ws/src/quadruped/src/foot_trajectory_generator.cpp:58[m[K:
/opt/ros/jazzy/include/class_loader/class_loader/meta_object.hpp: In instantiation of ‘[01m[KB* class_loader::impl::MetaObject<C, B>::[01;32m[Kcreate[m[K() const [35m[K[with C = foot_trajectory_ns::FootTrajectoryGenerator; B = controller_interface::ControllerInterface][m[K[m[K’:
[01m[K/opt/ros/jazzy/include/class_loader/class_loader/meta_object.hpp:216:7:[m[K   required from here
[01m[K/opt/ros/jazzy/include/class_loader/class_loader/meta_object.hpp:218:12:[m[K [01;31m[Kerror: [m[Kinvalid new-expression of abstract class type ‘[01m[Kfoot_trajectory_ns::FootTrajectoryGenerator[m[K’
  218 |     return [01;31m[Knew C[m[K;
      |            [01;31m[K^~~~~[m[K
[01m[K/home/ws/src/quadruped/include/quadruped/foot_trajectory_generator.hpp:12:7:[m[K [01;36m[Knote: [m[K  because the following virtual functions are pure within ‘[01m[Kfoot_trajectory_ns::FootTrajectoryGenerator[m[K’:
   12 | class [01;36m[KFootTrajectoryGenerator[m[K : public controller_interface::ControllerInterface
      |       [01;36m[K^~~~~~~~~~~~~~~~~~~~~~~[m[K
[01m[K/opt/ros/jazzy/include/controller_interface/controller_interface/controller_interface_base.hpp:142:26:[m[K [01;36m[Knote: [m[K    ‘[01m[Kvirtual rclcpp_lifecycle::node_interfaces::LifecycleNodeInterface::CallbackReturn controller_interface::ControllerInterfaceBase::[01;32m[Kon_init[m[K()[m[K’
  142 |   virtual CallbackReturn [01;36m[Kon_init[m[K() = 0;
      |                          [01;36m[K^~~~~~~[m[K
[01m[K/opt/ros/jazzy/include/controller_interface/controller_interface/controller_interface_base.hpp:154:23:[m[K [01;36m[Knote: [m[K    ‘[01m[Kvirtual controller_interface::return_type controller_interface::ControllerInterfaceBase::[01;32m[Kupdate[m[K(const rclcpp::Time&, const rclcpp::Duration&)[m[K’
  154 |   virtual return_type [01;36m[Kupdate[m[K(const rclcpp::Time & time, const rclcpp::Duration & period) = 0;
      |                       [01;36m[K^~~~~~[m[K
In file included from [01m[K/opt/ros/jazzy/include/class_loader/class_loader/class_loader_core.hpp:58[m[K,
                 from [01m[K/opt/ros/jazzy/include/class_loader/class_loader/class_loader.hpp:55[m[K,
                 from [01m[K/opt/ros/jazzy/include/pluginlib/pluginlib/class_list_macros.hpp:40[m[K,
                 from [01m[K/home/ws/src/quadruped/src/balance_controller.cpp:3[m[K:
/opt/ros/jazzy/include/class_loader/class_loader/meta_object.hpp: In instantiation of ‘[01m[KB* class_loader::impl::MetaObject<C, B>::[01;32m[Kcreate[m[K() const [35m[K[with C = balance_controller_ns::BalanceController; B = controller_interface::ControllerInterface][m[K[m[K’:
[01m[K/opt/ros/jazzy/include/class_loader/class_loader/meta_object.hpp:216:7:[m[K   required from here
[01m[K/opt/ros/jazzy/include/class_loader/class_loader/meta_object.hpp:218:12:[m[K [01;31m[Kerror: [m[Kinvalid new-expression of abstract class type ‘[01m[Kbalance_controller_ns::BalanceController[m[K’
  218 |     return [01;31m[Knew C[m[K;
      |            [01;31m[K^~~~~[m[K
[01m[K/home/ws/src/quadruped/include/quadruped/balance_controller.hpp:12:7:[m[K [01;36m[Knote: [m[K  because the following virtual functions are pure within ‘[01m[Kbalance_controller_ns::BalanceController[m[K’:
   12 | class [01;36m[KBalanceController[m[K : public controller_interface::ControllerInterface
      |       [01;36m[K^~~~~~~~~~~~~~~~~[m[K
[01m[K/opt/ros/jazzy/include/controller_interface/controller_interface/controller_interface_base.hpp:142:26:[m[K [01;36m[Knote: [m[K    ‘[01m[Kvirtual rclcpp_lifecycle::node_interfaces::LifecycleNodeInterface::CallbackReturn controller_interface::ControllerInterfaceBase::[01;32m[Kon_init[m[K()[m[K’
  142 |   virtual CallbackReturn [01;36m[Kon_init[m[K() = 0;
      |                          [01;36m[K^~~~~~~[m[K
[01m[K/opt/ros/jazzy/include/controller_interface/controller_interface/controller_interface_base.hpp:154:23:[m[K [01;36m[Knote: [m[K    ‘[01m[Kvirtual controller_interface::return_type controller_interface::ControllerInterfaceBase::[01;32m[Kupdate[m[K(const rclcpp::Time&, const rclcpp::Duration&)[m[K’
  154 |   virtual return_type [01;36m[Kupdate[m[K(const rclcpp::Time & time, const rclcpp::Duration & period) = 0;
      |                       [01;36m[K^~~~~~[m[K
gmake[2]: *** [CMakeFiles/quadruped_lib.dir/build.make:118: CMakeFiles/quadruped_lib.dir/src/state_estimator.cpp.o] Error 1
gmake[2]: *** Waiting for unfinished jobs....
gmake[2]: *** [CMakeFiles/quadruped_lib.dir/build.make:104: CMakeFiles/quadruped_lib.dir/src/leg_controller.cpp.o] Error 1
gmake[2]: *** [CMakeFiles/quadruped_lib.dir/build.make:90: CMakeFiles/quadruped_lib.dir/src/foot_trajectory_generator.cpp.o] Error 1
gmake[2]: *** [CMakeFiles/quadruped_lib.dir/build.make:76: CMakeFiles/quadruped_lib.dir/src/balance_controller.cpp.o] Error 1
gmake[1]: *** [CMakeFiles/Makefile2:623: CMakeFiles/quadruped_lib.dir/all] Error 2
gmake: *** [Makefile:146: all] Error 2
