[0.018s] Invoking command in '/home/ws/build/quadruped': CMAKE_PREFIX_PATH=${CMAKE_PREFIX_PATH}:/opt/ros/jazzy /usr/bin/cmake --build /home/ws/build/quadruped -- -j20 -l20
[0.072s] -- Found ament_cmake: 2.5.2 (/opt/ros/jazzy/share/ament_cmake/cmake)
[0.109s] -- Found Python3: /usr/bin/python3 (found version "3.12.3") found components: Interpreter 
[0.218s] -- Override CMake install command with custom implementation using symlinks instead of copying resources
[0.227s] -- Found rclcpp: 28.1.5 (/opt/ros/jazzy/share/rclcpp/cmake)
[0.262s] -- Found rosidl_generator_c: 4.6.4 (/opt/ros/jazzy/share/rosidl_generator_c/cmake)
[0.273s] -- Found rosidl_generator_cpp: 4.6.4 (/opt/ros/jazzy/share/rosidl_generator_cpp/cmake)
[0.288s] -- Using all available rosidl_typesupport_c: rosidl_typesupport_fastrtps_c;rosidl_typesupport_introspection_c
[0.304s] -- Using all available rosidl_typesupport_cpp: rosidl_typesupport_fastrtps_cpp;rosidl_typesupport_introspection_cpp
[0.390s] -- Found rmw_implementation_cmake: 7.3.1 (/opt/ros/jazzy/share/rmw_implementation_cmake/cmake)
[0.392s] -- Found rmw_fastrtps_cpp: 8.4.1 (/opt/ros/jazzy/share/rmw_fastrtps_cpp/cmake)
[0.498s] -- Using RMW implementation 'rmw_fastrtps_cpp' as default
[0.594s] -- Found hardware_interface: 4.18.0 (/opt/ros/jazzy/share/hardware_interface/cmake)
[0.873s] -- Found controller_manager: 4.18.0 (/opt/ros/jazzy/share/controller_manager/cmake)
[0.956s] -- Found ros2_control: 4.18.0 (/opt/ros/jazzy/share/ros2_control/cmake)
[0.956s] -- Found ros_gz_sim: 1.0.5 (/opt/ros/jazzy/share/ros_gz_sim/cmake)
[0.959s] -- Looking for gz-sim8 -- found version 8.6.0
[0.967s] -- Searching for dependencies of gz-sim8
[0.967s] -- Looking for sdformat14 -- found version 14.5.0
[0.967s] -- Searching for dependencies of sdformat14
[0.978s] -- Checking for module 'tinyxml2'
[1.017s] --   Found tinyxml2, version 10.0.0
[1.089s] -- Looking for gz-math7 -- found version 7.5.0
[1.089s] -- Searching for dependencies of gz-math7
[1.090s] -- Looking for gz-utils2 -- found version 2.2.0
[1.090s] -- Searching for dependencies of gz-utils2
[1.092s] -- Looking for gz-utils2 -- found version 2.2.0
[1.092s] -- Searching for dependencies of gz-utils2
[1.092s] -- Searching for <gz-utils2> component [cli]
[1.092s] -- Looking for gz-utils2-cli -- found version 2.2.0
[1.093s] -- Searching for dependencies of gz-utils2-cli
[1.095s] -- Looking for gz-plugin2 -- found version 2.0.3
[1.095s] -- Searching for dependencies of gz-plugin2
[1.095s] -- Looking for gz-utils2 -- found version 2.2.0
[1.096s] -- Searching for <gz-plugin2> component [loader]
[1.096s] -- Looking for gz-plugin2-loader -- found version 2.0.3
[1.097s] -- Searching for dependencies of gz-plugin2-loader
[1.097s] -- Searching for <gz-plugin2> component [register]
[1.097s] -- Looking for gz-plugin2-register -- found version 2.0.3
[1.097s] -- Searching for dependencies of gz-plugin2-register
[1.099s] -- Looking for gz-transport13 -- found version 13.4.0
[1.099s] -- Searching for dependencies of gz-transport13
[1.150s] -- Config-file not installed for ZeroMQ -- checking for pkg-config
[1.158s] -- Checking for module 'libzmq >= 4'
[1.184s] --   Found libzmq, version 4.3.5
[1.272s] -- Checking for module 'uuid'
[1.297s] --   Found uuid, version 2.39.3
[1.404s] -- Looking for gz-utils2 -- found version 2.2.0
[1.405s] -- Looking for gz-msgs10 -- found version 10.3.0
[1.406s] -- Searching for dependencies of gz-msgs10
[1.461s] -- Looking for gz-utils2 -- found version 2.2.0
[1.462s] -- Looking for gz-math7 -- found version 7.5.0
[1.561s] -- Searching for <gz-transport13> component [log]
[1.563s] -- Looking for gz-transport13-log -- found version 13.4.0
[1.564s] -- Searching for dependencies of gz-transport13-log
[1.567s] -- Searching for <gz-transport13> component [parameters]
[1.569s] -- Looking for gz-transport13-parameters -- found version 13.4.0
[1.569s] -- Searching for dependencies of gz-transport13-parameters
[1.572s] -- Looking for gz-msgs10 -- found version 10.3.0
[1.574s] -- Looking for gz-common5 -- found version 5.6.0
[1.575s] -- Searching for dependencies of gz-common5
[1.576s] -- Looking for gz-utils2 -- found version 2.2.0
[1.577s] -- Looking for dlfcn.h - found
[1.577s] -- Looking for libdl - found
[1.602s] -- Searching for <gz-common5> component [av]
[1.603s] -- Looking for gz-common5-av -- found version 5.6.0
[1.604s] -- Searching for dependencies of gz-common5-av
[1.624s] -- Checking for module 'libswscale'
[1.677s] --   Found libswscale, version 7.5.100
[1.770s] -- Checking for module 'libavdevice >= 56.4.100'
[1.800s] --   Found libavdevice, version 60.3.100
[1.897s] -- Checking for module 'libavformat'
[1.928s] --   Found libavformat, version 60.16.100
[2.012s] -- Checking for module 'libavcodec'
[2.044s] --   Found libavcodec, version 60.31.102
[2.132s] -- Checking for module 'libavutil'
[2.160s] --   Found libavutil, version 58.29.100
[2.226s] -- Searching for <gz-common5> component [events]
[2.227s] -- Looking for gz-common5-events -- found version 5.6.0
[2.227s] -- Searching for dependencies of gz-common5-events
[2.227s] -- Looking for gz-math7 -- found version 7.5.0
[2.228s] -- Searching for <gz-common5> component [graphics]
[2.229s] -- Looking for gz-common5-graphics -- found version 5.6.0
[2.229s] -- Searching for dependencies of gz-common5-graphics
[2.229s] -- Looking for gz-math7 -- found version 7.5.0
[2.233s] -- Searching for <gz-common5> component [io]
[2.233s] -- Looking for gz-common5-io -- found version 5.6.0
[2.233s] -- Searching for dependencies of gz-common5-io
[2.234s] -- Searching for <gz-common5> component [profiler]
[2.235s] -- Looking for gz-common5-profiler -- found version 5.6.0
[2.235s] -- Searching for dependencies of gz-common5-profiler
[2.236s] -- Looking for gz-fuel_tools9 -- found version 9.1.0
[2.236s] -- Searching for dependencies of gz-fuel_tools9
[2.301s] -- Checking for module 'jsoncpp'
[2.328s] --   Found jsoncpp, version 1.9.5
[2.425s] -- Checking for module 'yaml-0.1'
[2.452s] --   Found yaml-0.1, version 0.2.5
[2.528s] -- Checking for module 'libzip'
[2.558s] --   Found libzip, version 1.7.3
[2.649s] -- Looking for gz-utils2 -- found version 2.2.0
[2.650s] -- Looking for gz-common5 -- found version 5.6.0
[2.650s] -- Searching for dependencies of gz-common5
[2.651s] -- Looking for gz-utils2 -- found version 2.2.0
[2.651s] -- Looking for dlfcn.h - found
[2.652s] -- Looking for libdl - found
[2.664s] -- Searching for <gz-common5> component [testing]
[2.665s] -- Looking for gz-common5-testing -- found version 5.6.0
[2.665s] -- Searching for dependencies of gz-common5-testing
[2.668s] -- Looking for gz-math7 -- found version 7.5.0
[2.669s] -- Looking for gz-msgs10 -- found version 10.3.0
[2.672s] -- Looking for gz-gui8 -- found version 8.3.0
[2.672s] -- Searching for dependencies of gz-gui8
[2.744s] -- Looking for gz-utils2 -- found version 2.2.0
[2.745s] -- Looking for gz-math7 -- found version 7.5.0
[2.745s] -- Looking for gz-common5 -- found version 5.6.0
[2.746s] -- Looking for gz-plugin2 -- found version 2.0.3
[2.747s] -- Looking for gz-transport13 -- found version 13.4.0
[2.747s] -- Looking for gz-rendering8 -- found version 8.2.0
[2.748s] -- Searching for dependencies of gz-rendering8
[2.748s] -- Looking for gz-math7 -- found version 7.5.0
[2.749s] -- Searching for dependencies of gz-math7
[2.749s] -- Looking for gz-utils2 -- found version 2.2.0
[2.750s] -- Searching for <gz-math7> component [eigen3]
[2.751s] -- Looking for gz-math7-eigen3 -- found version 7.5.0
[2.751s] -- Searching for dependencies of gz-math7-eigen3
[2.754s] -- Looking for gz-common5 -- found version 5.6.0
[2.754s] -- Searching for dependencies of gz-common5
[2.755s] -- Looking for gz-utils2 -- found version 2.2.0
[2.755s] -- Looking for dlfcn.h - found
[2.755s] -- Looking for libdl - found
[2.768s] -- Searching for <gz-common5> component [graphics]
[2.768s] -- Searching for <gz-common5> component [events]
[2.768s] -- Searching for <gz-common5> component [geospatial]
[2.769s] -- Looking for gz-common5-geospatial -- found version 5.6.0
[2.769s] -- Searching for dependencies of gz-common5-geospatial
[2.769s] -- Looking for gz-math7 -- found version 7.5.0
[2.770s] -- Looking for gz-common5 -- found version 5.6.0
[2.771s] -- Looking for gz-plugin2 -- found version 2.0.3
[2.771s] -- Searching for dependencies of gz-plugin2
[2.772s] -- Looking for gz-utils2 -- found version 2.2.0
[2.772s] -- Searching for <gz-plugin2> component [all]
[2.773s] -- Looking for all libraries of gz-plugin2 -- found version 2.0.3
[2.773s] -- Looking for gz-plugin2 -- found version 2.0.3
[2.775s] -- Looking for gz-utils2 -- found version 2.2.0
[2.781s] -- Looking for gz-msgs10 -- found version 10.3.0
[2.801s] -- Looking for gz-physics7 -- found version 7.3.0
[2.802s] -- Searching for dependencies of gz-physics7
[2.802s] -- Looking for gz-common5 -- found version 5.6.0
[2.802s] -- Looking for gz-math7 -- found version 7.5.0
[2.803s] -- Looking for gz-plugin2 -- found version 2.0.3
[2.803s] -- Looking for gz-utils2 -- found version 2.2.0
[2.804s] -- Searching for <gz-physics7> component [heightmap]
[2.805s] -- Looking for gz-physics7-heightmap -- found version 7.3.0
[2.805s] -- Searching for dependencies of gz-physics7-heightmap
[2.806s] -- Looking for gz-common5 -- found version 5.6.0
[2.806s] -- Searching for <gz-physics7> component [mesh]
[2.807s] -- Looking for gz-physics7-mesh -- found version 7.3.0
[2.807s] -- Searching for dependencies of gz-physics7-mesh
[2.808s] -- Looking for gz-common5 -- found version 5.6.0
[2.808s] -- Searching for <gz-physics7> component [sdf]
[2.809s] -- Looking for gz-physics7-sdf -- found version 7.3.0
[2.809s] -- Searching for dependencies of gz-physics7-sdf
[2.810s] -- Looking for sdformat14 -- found version 14.5.0
[2.811s] -- Looking for gz-sensors8 -- found version 8.2.0
[2.811s] -- Searching for dependencies of gz-sensors8
[2.845s] -- Looking for gz-math7 -- found version 7.5.0
[2.846s] -- Looking for gz-common5 -- found version 5.6.0
[2.846s] -- Looking for gz-transport13 -- found version 13.4.0
[2.847s] -- Looking for gz-rendering8 -- found version 8.2.0
[2.847s] -- Looking for gz-msgs10 -- found version 10.3.0
[2.848s] -- Looking for sdformat14 -- found version 14.5.0
[2.849s] -- Searching for <gz-sensors8> component [air_pressure]
[2.850s] -- Looking for gz-sensors8-air_pressure -- found version 8.2.0
[2.850s] -- Searching for dependencies of gz-sensors8-air_pressure
[2.851s] -- Searching for <gz-sensors8> component [air_speed]
[2.852s] -- Looking for gz-sensors8-air_speed -- found version 8.2.0
[2.852s] -- Searching for dependencies of gz-sensors8-air_speed
[2.852s] -- Searching for <gz-sensors8> component [altimeter]
[2.853s] -- Looking for gz-sensors8-altimeter -- found version 8.2.0
[2.853s] -- Searching for dependencies of gz-sensors8-altimeter
[2.854s] -- Searching for <gz-sensors8> component [imu]
[2.855s] -- Looking for gz-sensors8-imu -- found version 8.2.0
[2.855s] -- Searching for dependencies of gz-sensors8-imu
[2.855s] -- Searching for <gz-sensors8> component [force_torque]
[2.856s] -- Looking for gz-sensors8-force_torque -- found version 8.2.0
[2.856s] -- Searching for dependencies of gz-sensors8-force_torque
[2.857s] -- Searching for <gz-sensors8> component [logical_camera]
[2.858s] -- Looking for gz-sensors8-logical_camera -- found version 8.2.0
[2.858s] -- Searching for dependencies of gz-sensors8-logical_camera
[2.858s] -- Searching for <gz-sensors8> component [magnetometer]
[2.859s] -- Looking for gz-sensors8-magnetometer -- found version 8.2.0
[2.859s] -- Searching for dependencies of gz-sensors8-magnetometer
[2.860s] -- Searching for <gz-sensors8> component [navsat]
[2.861s] -- Looking for gz-sensors8-navsat -- found version 8.2.0
[2.861s] -- Searching for dependencies of gz-sensors8-navsat
[2.862s] -- Searching for <gz-sensors8> component [dvl]
[2.862s] -- Looking for gz-sensors8-dvl -- found version 8.2.0
[2.862s] -- Searching for dependencies of gz-sensors8-dvl
[2.863s] -- Looking for gz-sensors8 -- found version 8.2.0
[2.863s] -- Searching for dependencies of gz-sensors8
[2.896s] -- Looking for gz-math7 -- found version 7.5.0
[2.896s] -- Looking for gz-common5 -- found version 5.6.0
[2.897s] -- Looking for gz-transport13 -- found version 13.4.0
[2.897s] -- Looking for gz-rendering8 -- found version 8.2.0
[2.898s] -- Looking for gz-msgs10 -- found version 10.3.0
[2.899s] -- Looking for sdformat14 -- found version 14.5.0
[2.899s] -- Searching for <gz-sensors8> component [rendering]
[2.900s] -- Looking for gz-sensors8-rendering -- found version 8.2.0
[2.900s] -- Searching for dependencies of gz-sensors8-rendering
[2.902s] -- Searching for <gz-sensors8> component [rendering]
[2.902s] -- Searching for <gz-sensors8> component [lidar]
[2.904s] -- Looking for gz-sensors8-lidar -- found version 8.2.0
[2.905s] -- Searching for dependencies of gz-sensors8-lidar
[2.905s] -- Looking for gz-sensors8 -- found version 8.2.0
[2.905s] -- Searching for <gz-sensors8> component [gpu_lidar]
[2.906s] -- Looking for gz-sensors8-gpu_lidar -- found version 8.2.0
[2.906s] -- Searching for dependencies of gz-sensors8-gpu_lidar
[2.907s] -- Looking for gz-sensors8 -- found version 8.2.0
[2.908s] -- Searching for <gz-sensors8> component [camera]
[2.908s] -- Looking for gz-sensors8-camera -- found version 8.2.0
[2.908s] -- Searching for dependencies of gz-sensors8-camera
[2.909s] -- Looking for gz-sensors8 -- found version 8.2.0
[2.910s] -- Searching for <gz-sensors8> component [boundingbox_camera]
[2.910s] -- Looking for gz-sensors8-boundingbox_camera -- found version 8.2.0
[2.910s] -- Searching for dependencies of gz-sensors8-boundingbox_camera
[2.911s] -- Searching for <gz-sensors8> component [segmentation_camera]
[2.912s] -- Looking for gz-sensors8-segmentation_camera -- found version 8.2.0
[2.912s] -- Searching for dependencies of gz-sensors8-segmentation_camera
[2.912s] -- Searching for <gz-sensors8> component [depth_camera]
[2.913s] -- Looking for gz-sensors8-depth_camera -- found version 8.2.0
[2.913s] -- Searching for dependencies of gz-sensors8-depth_camera
[2.914s] -- Looking for gz-sensors8 -- found version 8.2.0
[2.914s] -- Searching for <gz-sensors8> component [rgbd_camera]
[2.915s] -- Looking for gz-sensors8-rgbd_camera -- found version 8.2.0
[2.915s] -- Searching for dependencies of gz-sensors8-rgbd_camera
[2.916s] -- Looking for gz-sensors8 -- found version 8.2.0
[2.917s] -- Searching for <gz-sensors8> component [thermal_camera]
[2.917s] -- Looking for gz-sensors8-thermal_camera -- found version 8.2.0
[2.917s] -- Searching for dependencies of gz-sensors8-thermal_camera
[2.918s] -- Looking for gz-sensors8 -- found version 8.2.0
[2.919s] -- Searching for <gz-sensors8> component [wide_angle_camera]
[2.919s] -- Looking for gz-sensors8-wide_angle_camera -- found version 8.2.0
[2.920s] -- Searching for dependencies of gz-sensors8-wide_angle_camera
[2.921s] -- Looking for gz-rendering8 -- found version 8.2.0
[2.921s] -- Looking for gz-math7 -- found version 7.5.0
[2.922s] -- Looking for gz-utils2 -- found version 2.2.0
[2.972s] -- Looking for gz-plugin2 -- found version 2.0.3
[2.973s] -- Found rosidl_default_generators: 1.6.0 (/opt/ros/jazzy/share/rosidl_default_generators/cmake)
[2.994s] -- Found rosidl_adapter: 4.6.4 (/opt/ros/jazzy/share/rosidl_adapter/cmake)
[2.997s] -- Found rclcpp_components: 28.1.5 (/opt/ros/jazzy/share/rclcpp_components/cmake)
[3.500s] -- Found ament_cmake_ros: 0.12.0 (/opt/ros/jazzy/share/ament_cmake_ros/cmake)
[3.874s] -- Using all available rosidl_typesupport_c: rosidl_typesupport_fastrtps_c;rosidl_typesupport_introspection_c
[4.026s] -- Using all available rosidl_typesupport_cpp: rosidl_typesupport_fastrtps_cpp;rosidl_typesupport_introspection_cpp
[4.031s] -- Found python_cmake_module: 0.11.1 (/opt/ros/jazzy/share/python_cmake_module/cmake)
[4.548s] -- Found Python3: /usr/bin/python3 (found version "3.12.3") found components: Interpreter Development NumPy Development.Module Development.Embed 
[4.576s] -- Configuring done (4.5s)
[4.651s] -- Generating done (0.1s)
[4.656s] -- Build files have been written to: /home/ws/build/quadruped
[4.743s] [  2%] Built target quadruped__rosidl_generator_type_description
[4.748s] [  5%] [32mBuilding CXX object CMakeFiles/quadruped_lib.dir/src/balance_controller.cpp.o[0m
[4.751s] [ 10%] [32mBuilding CXX object CMakeFiles/quadruped_lib.dir/src/leg_controller.cpp.o[0m
[4.751s] [ 10%] [32mBuilding CXX object CMakeFiles/quadruped_lib.dir/src/state_estimator.cpp.o[0m
[4.752s] [ 12%] [32mBuilding CXX object CMakeFiles/quadruped_lib.dir/src/foot_trajectory_generator.cpp.o[0m
[4.780s] [ 12%] Built target ament_cmake_python_symlink_quadruped
[4.827s] [ 15%] Built target quadruped__cpp
[4.838s] [ 28%] Built target quadruped__rosidl_generator_c
[4.902s] [ 35%] Built target quadruped__rosidl_typesupport_cpp
[4.904s] [ 43%] Built target quadruped__rosidl_typesupport_c
[4.905s] [ 51%] Built target quadruped__rosidl_typesupport_introspection_c
[4.905s] [ 58%] Built target quadruped__rosidl_typesupport_introspection_cpp
[4.908s] [ 66%] Built target quadruped__rosidl_typesupport_fastrtps_c
[4.909s] [ 74%] Built target quadruped__rosidl_typesupport_fastrtps_cpp
[4.953s] [ 74%] Built target quadruped
[4.988s] [ 76%] Built target quadruped__py
[5.030s] [ 82%] Built target quadruped__rosidl_generator_py
[5.069s] [ 87%] Built target quadruped_s__rosidl_typesupport_fastrtps_c
[5.072s] [ 92%] Built target quadruped_s__rosidl_typesupport_c
[5.086s] [ 97%] Built target quadruped_s__rosidl_typesupport_introspection_c
[5.224s] running egg_info
[5.241s] writing quadruped.egg-info/PKG-INFO
[5.242s] writing dependency_links to quadruped.egg-info/dependency_links.txt
[5.242s] writing top-level names to quadruped.egg-info/top_level.txt
[5.291s] reading manifest file 'quadruped.egg-info/SOURCES.txt'
[5.292s] writing manifest file 'quadruped.egg-info/SOURCES.txt'
[5.333s] [ 97%] Built target ament_cmake_python_build_quadruped_egg
[8.144s] In file included from [01m[K/home/ws/src/quadruped/src/leg_controller.cpp:1[m[K:
[8.144s] [01m[K/home/ws/src/quadruped/include/quadruped/leg_controller.hpp:16:37:[m[K [01;31m[Kerror: [m[K‘[01m[Kcontroller_interface::return_type leg_controller_ns::LegController::[01;32m[Kinit[m[K(const std::string&)[m[K’ marked ‘[01m[Koverride[m[K’, but does not override
[8.145s]    16 |   controller_interface::return_type [01;31m[Kinit[m[K(const std::string & controller_name) override;
[8.145s]       |                                     [01;31m[K^~~~[m[K
[8.145s] [01m[K/home/ws/src/quadruped/include/quadruped/leg_controller.hpp:21:37:[m[K [01;31m[Kerror: [m[K‘[01m[Kcontroller_interface::return_type leg_controller_ns::LegController::[01;32m[Kupdate[m[K()[m[K’ marked ‘[01m[Koverride[m[K’, but does not override
[8.146s]    21 |   controller_interface::return_type [01;31m[Kupdate[m[K() override;
[8.146s]       |                                     [01;31m[K^~~~~~[m[K
[8.147s] [01m[K/home/ws/src/quadruped/src/leg_controller.cpp:[m[K In constructor ‘[01m[Kleg_controller_ns::LegController::[01;32m[KLegController[m[K()[m[K’:
[8.147s] [01m[K/home/ws/src/quadruped/src/leg_controller.cpp:6:23:[m[K [01;31m[Kerror: [m[K‘[01m[Krclcpp::Duration::[01;32m[KDuration[m[K()[m[K’ is private within this context
[8.147s]     6 | : ControllerInterface([01;31m[K)[m[K
[8.147s]       |                       [01;31m[K^[m[K
[8.148s] In file included from [01m[K/opt/ros/jazzy/include/rclcpp/rclcpp/time.hpp:24[m[K,
[8.148s]                  from [01m[K/opt/ros/jazzy/include/rclcpp/rclcpp/clock.hpp:24[m[K,
[8.148s]                  from [01m[K/opt/ros/jazzy/include/rclcpp/rclcpp/client.hpp:38[m[K,
[8.148s]                  from [01m[K/opt/ros/jazzy/include/rclcpp/rclcpp/callback_group.hpp:24[m[K,
[8.148s]                  from [01m[K/opt/ros/jazzy/include/rclcpp_lifecycle/rclcpp_lifecycle/lifecycle_node.hpp:56[m[K,
[8.149s]                  from [01m[K/opt/ros/jazzy/include/controller_interface/controller_interface/controller_interface_base.hpp:29[m[K,
[8.149s]                  from [01m[K/opt/ros/jazzy/include/controller_interface/controller_interface/controller_interface.hpp:21[m[K,
[8.149s]                  from [01m[K/home/ws/src/quadruped/include/quadruped/leg_controller.hpp:4[m[K:
[8.149s] [01m[K/opt/ros/jazzy/include/rclcpp/rclcpp/duration.hpp:159:3:[m[K [01;36m[Knote: [m[Kdeclared private here
[8.150s]   159 |   [01;36m[KDuration[m[K() = default;
[8.150s]       |   [01;36m[K^~~~~~~~[m[K
[8.150s] [01m[K/home/ws/src/quadruped/src/leg_controller.cpp:[m[K In member function ‘[01m[Kcontroller_interface::return_type leg_controller_ns::LegController::[01;32m[Kinit[m[K(const std::string&)[m[K’:
[8.150s] [01m[K/home/ws/src/quadruped/src/leg_controller.cpp:13:39:[m[K [01;31m[Kerror: [m[Kno matching function for call to ‘[01m[Kleg_controller_ns::LegController::init(const std::string&)[m[K’
[8.150s]    13 |   auto ret = [01;31m[KControllerInterface::init(controller_name)[m[K;
[8.151s]       |              [01;31m[K~~~~~~~~~~~~~~~~~~~~~~~~~^~~~~~~~~~~~~~~~~[m[K
[8.151s] [01m[K/opt/ros/jazzy/include/controller_interface/controller_interface/controller_interface_base.hpp:129:15:[m[K [01;36m[Knote: [m[Kcandidate: ‘[01m[Kcontroller_interface::return_type controller_interface::ControllerInterfaceBase::[01;32m[Kinit[m[K(const std::string&, const std::string&, unsigned int, const std::string&, const rclcpp::NodeOptions&)[m[K’
[8.151s]   129 |   return_type [01;36m[Kinit[m[K(
[8.151s]       |               [01;36m[K^~~~[m[K
[8.152s] [01m[K/opt/ros/jazzy/include/controller_interface/controller_interface/controller_interface_base.hpp:129:15:[m[K [01;36m[Knote: [m[K  candidate expects 5 arguments, 1 provided
[8.152s] [01m[K/home/ws/src/quadruped/src/leg_controller.cpp:[m[K In member function ‘[01m[Kcontroller_interface::return_type leg_controller_ns::LegController::[01;32m[Kupdate[m[K()[m[K’:
[8.152s] [01m[K/home/ws/src/quadruped/src/leg_controller.cpp:44:31:[m[K [01;31m[Kerror: [m[K‘[01m[Kstd::shared_ptr<rclcpp_lifecycle::LifecycleNode> controller_interface::ControllerInterfaceBase::node_[m[K’ is private within this context
[8.152s]    44 |   rclcpp::Time current_time = [01;31m[Knode_[m[K->get_clock()->now();
[8.152s]       |                               [01;31m[K^~~~~[m[K
[8.153s] [01m[K/opt/ros/jazzy/include/controller_interface/controller_interface/controller_interface_base.hpp:277:52:[m[K [01;36m[Knote: [m[Kdeclared private here
[8.153s]   277 |   std::shared_ptr<rclcpp_lifecycle::LifecycleNode> [01;36m[Knode_[m[K;
[8.153s]       |                                                    [01;36m[K^~~~~[m[K
[8.176s] In file included from [01m[K/home/ws/src/quadruped/src/state_estimator.cpp:1[m[K:
[8.176s] [01m[K/home/ws/src/quadruped/include/quadruped/state_estimator.hpp:16:37:[m[K [01;31m[Kerror: [m[K‘[01m[Kcontroller_interface::return_type my_controller_ns::MyController::[01;32m[Kinit[m[K(const std::string&)[m[K’ marked ‘[01m[Koverride[m[K’, but does not override
[8.176s]    16 |   controller_interface::return_type [01;31m[Kinit[m[K(const std::string & controller_name) override;
[8.176s]       |                                     [01;31m[K^~~~[m[K
[8.177s] [01m[K/home/ws/src/quadruped/include/quadruped/state_estimator.hpp:21:37:[m[K [01;31m[Kerror: [m[K‘[01m[Kcontroller_interface::return_type my_controller_ns::MyController::[01;32m[Kupdate[m[K()[m[K’ marked ‘[01m[Koverride[m[K’, but does not override
[8.177s]    21 |   controller_interface::return_type [01;31m[Kupdate[m[K() override;
[8.177s]       |                                     [01;31m[K^~~~~~[m[K
[8.179s] [01m[K/home/ws/src/quadruped/src/state_estimator.cpp:5:1:[m[K [01;31m[Kerror: [m[K‘[01m[KStateEstimator[m[K’ does not name a type
[8.179s]     5 | [01;31m[KStateEstimator[m[K::StateEstimator()
[8.179s]       | [01;31m[K^~~~~~~~~~~~~~[m[K
[8.180s] [01m[K/home/ws/src/quadruped/src/state_estimator.cpp:11:35:[m[K [01;31m[Kerror: [m[K‘[01m[KStateEstimator[m[K’ has not been declared
[8.180s]    11 | controller_interface::return_type [01;31m[KStateEstimator[m[K::init(const std::string & controller_name)
[8.180s]       |                                   [01;31m[K^~~~~~~~~~~~~~[m[K
[8.180s] [01m[K/home/ws/src/quadruped/src/state_estimator.cpp:[m[K In function ‘[01m[Kcontroller_interface::return_type state_estimator_ns::[01;32m[Kinit[m[K(const std::string&)[m[K’:
[8.180s] [01m[K/home/ws/src/quadruped/src/state_estimator.cpp:13:14:[m[K [01;31m[Kerror: [m[K‘[01m[KControllerInterface[m[K’ has not been declared
[8.180s]    13 |   auto ret = [01;31m[KControllerInterface[m[K::init(controller_name);
[8.180s]       |              [01;31m[K^~~~~~~~~~~~~~~~~~~[m[K
[8.186s] [01m[K/home/ws/src/quadruped/src/state_estimator.cpp:19:3:[m[K [01;31m[Kerror: [m[K‘[01m[Kjoint_names_[m[K’ was not declared in this scope
[8.186s]    19 |   [01;31m[Kjoint_names_[m[K = {"joint1", "joint2"};  // Example joint names, set appropriately
[8.186s]       |   [01;31m[K^~~~~~~~~~~~[m[K
[8.189s] In file included from [01m[K/home/ws/src/quadruped/src/foot_trajectory_generator.cpp:1[m[K:
[8.190s] [01m[K/home/ws/src/quadruped/include/quadruped/foot_trajectory_generator.hpp:16:37:[m[K [01;31m[Kerror: [m[K‘[01m[Kcontroller_interface::return_type foot_trajectory_ns::FootTrajectoryGenerator::[01;32m[Kinit[m[K(const std::string&)[m[K’ marked ‘[01m[Koverride[m[K’, but does not override
[8.190s]    16 |   controller_interface::return_type [01;31m[Kinit[m[K(const std::string & controller_name) override;
[8.190s]       |                                     [01;31m[K^~~~[m[K
[8.191s] [01m[K/home/ws/src/quadruped/include/quadruped/foot_trajectory_generator.hpp:21:37:[m[K [01;31m[Kerror: [m[K‘[01m[Kcontroller_interface::return_type foot_trajectory_ns::FootTrajectoryGenerator::[01;32m[Kupdate[m[K()[m[K’ marked ‘[01m[Koverride[m[K’, but does not override
[8.191s]    21 |   controller_interface::return_type [01;31m[Kupdate[m[K() override;
[8.191s]       |                                     [01;31m[K^~~~~~[m[K
[8.191s] [01m[K/home/ws/src/quadruped/src/foot_trajectory_generator.cpp:[m[K In constructor ‘[01m[Kfoot_trajectory_ns::FootTrajectoryGenerator::[01;32m[KFootTrajectoryGenerator[m[K()[m[K’:
[8.191s] [01m[K/home/ws/src/quadruped/src/foot_trajectory_generator.cpp:6:23:[m[K [01;31m[Kerror: [m[K‘[01m[Krclcpp::Duration::[01;32m[KDuration[m[K()[m[K’ is private within this context
[8.192s]     6 | : ControllerInterface([01;31m[K)[m[K
[8.192s]       |                       [01;31m[K^[m[K
[8.192s] In file included from [01m[K/opt/ros/jazzy/include/rclcpp/rclcpp/time.hpp:24[m[K,
[8.192s]                  from [01m[K/opt/ros/jazzy/include/rclcpp/rclcpp/clock.hpp:24[m[K,
[8.192s]                  from [01m[K/opt/ros/jazzy/include/rclcpp/rclcpp/client.hpp:38[m[K,
[8.193s]                  from [01m[K/opt/ros/jazzy/include/rclcpp/rclcpp/callback_group.hpp:24[m[K,
[8.193s]                  from [01m[K/opt/ros/jazzy/include/rclcpp_lifecycle/rclcpp_lifecycle/lifecycle_node.hpp:56[m[K,
[8.193s]                  from [01m[K/opt/ros/jazzy/include/controller_interface/controller_interface/controller_interface_base.hpp:29[m[K,
[8.193s]                  from [01m[K/opt/ros/jazzy/include/controller_interface/controller_interface/controller_interface.hpp:21[m[K,
[8.193s]                  from [01m[K/home/ws/src/quadruped/include/quadruped/foot_trajectory_generator.hpp:4[m[K:
[8.194s] [01m[K/opt/ros/jazzy/include/rclcpp/rclcpp/duration.hpp:159:3:[m[K [01;36m[Knote: [m[Kdeclared private here
[8.194s]   159 |   [01;36m[KDuration[m[K() = default;
[8.194s]       |   [01;36m[K^~~~~~~~[m[K
[8.194s] [01m[K/home/ws/src/quadruped/src/foot_trajectory_generator.cpp:[m[K In member function ‘[01m[Kcontroller_interface::return_type foot_trajectory_ns::FootTrajectoryGenerator::[01;32m[Kinit[m[K(const std::string&)[m[K’:
[8.195s] [01m[K/home/ws/src/quadruped/src/foot_trajectory_generator.cpp:13:39:[m[K [01;31m[Kerror: [m[Kno matching function for call to ‘[01m[Kfoot_trajectory_ns::FootTrajectoryGenerator::init(const std::string&)[m[K’
[8.195s]    13 |   auto ret = [01;31m[KControllerInterface::init(controller_name)[m[K;
[8.195s]       |              [01;31m[K~~~~~~~~~~~~~~~~~~~~~~~~~^~~~~~~~~~~~~~~~~[m[K
[8.195s] [01m[K/opt/ros/jazzy/include/controller_interface/controller_interface/controller_interface_base.hpp:129:15:[m[K [01;36m[Knote: [m[Kcandidate: ‘[01m[Kcontroller_interface::return_type controller_interface::ControllerInterfaceBase::[01;32m[Kinit[m[K(const std::string&, const std::string&, unsigned int, const std::string&, const rclcpp::NodeOptions&)[m[K’
[8.196s]   129 |   return_type [01;36m[Kinit[m[K(
[8.196s]       |               [01;36m[K^~~~[m[K
[8.196s] [01m[K/opt/ros/jazzy/include/controller_interface/controller_interface/controller_interface_base.hpp:129:15:[m[K [01;36m[Knote: [m[K  candidate expects 5 arguments, 1 provided
[8.196s] [01m[K/home/ws/src/quadruped/src/foot_trajectory_generator.cpp:[m[K In member function ‘[01m[Kcontroller_interface::return_type foot_trajectory_ns::FootTrajectoryGenerator::[01;32m[Kupdate[m[K()[m[K’:
[8.196s] [01m[K/home/ws/src/quadruped/src/foot_trajectory_generator.cpp:44:31:[m[K [01;31m[Kerror: [m[K‘[01m[Kstd::shared_ptr<rclcpp_lifecycle::LifecycleNode> controller_interface::ControllerInterfaceBase::node_[m[K’ is private within this context
[8.196s]    44 |   rclcpp::Time current_time = [01;31m[Knode_[m[K->get_clock()->now();
[8.197s]       |                               [01;31m[K^~~~~[m[K
[8.197s] [01m[K/opt/ros/jazzy/include/controller_interface/controller_interface/controller_interface_base.hpp:277:52:[m[K [01;36m[Knote: [m[Kdeclared private here
[8.197s]   277 |   std::shared_ptr<rclcpp_lifecycle::LifecycleNode> [01;36m[Knode_[m[K;
[8.197s]       |                                                    [01;36m[K^~~~~[m[K
[8.197s] [01m[K/home/ws/src/quadruped/src/state_estimator.cpp:20:3:[m[K [01;31m[Kerror: [m[K‘[01m[Kestimated_states_[m[K’ was not declared in this scope
[8.198s]    20 |   [01;31m[Kestimated_states_[m[K.resize(joint_names_.size(), 0.0);
[8.198s]       |   [01;31m[K^~~~~~~~~~~~~~~~~[m[K
[8.198s] [01m[K/home/ws/src/quadruped/src/state_estimator.cpp:[m[K At global scope:
[8.198s] [01m[K/home/ws/src/quadruped/src/state_estimator.cpp:25:46:[m[K [01;31m[Kerror: [m[K‘[01m[KStateEstimator[m[K’ has not been declared
[8.198s]    25 | controller_interface::InterfaceConfiguration [01;31m[KStateEstimator[m[K::command_interface_configuration() const
[8.199s]       |                                              [01;31m[K^~~~~~~~~~~~~~[m[K
[8.199s] [01m[K/home/ws/src/quadruped/src/state_estimator.cpp:25:96:[m[K [01;31m[Kerror: [m[Knon-member function ‘[01m[Kcontroller_interface::InterfaceConfiguration state_estimator_ns::[01;32m[Kcommand_interface_configuration[m[K()[m[K’ cannot have cv-qualifier
[8.199s]    25 | controller_interface::InterfaceConfiguration StateEstimator::command_interface_configuration() [01;31m[Kconst[m[K
[8.199s]       |                                                                                                [01;31m[K^~~~~[m[K
[8.199s] [01m[K/home/ws/src/quadruped/src/state_estimator.cpp:32:46:[m[K [01;31m[Kerror: [m[K‘[01m[KStateEstimator[m[K’ has not been declared
[8.199s]    32 | controller_interface::InterfaceConfiguration [01;31m[KStateEstimator[m[K::state_interface_configuration() const
[8.200s]       |                                              [01;31m[K^~~~~~~~~~~~~~[m[K
[8.200s] [01m[K/home/ws/src/quadruped/src/state_estimator.cpp:32:94:[m[K [01;31m[Kerror: [m[Knon-member function ‘[01m[Kcontroller_interface::InterfaceConfiguration state_estimator_ns::[01;32m[Kstate_interface_configuration[m[K()[m[K’ cannot have cv-qualifier
[8.200s]    32 | controller_interface::InterfaceConfiguration StateEstimator::state_interface_configuration() [01;31m[Kconst[m[K
[8.200s]       |                                                                                              [01;31m[K^~~~~[m[K
[8.200s] [01m[K/home/ws/src/quadruped/src/state_estimator.cpp:40:35:[m[K [01;31m[Kerror: [m[K‘[01m[KStateEstimator[m[K’ has not been declared
[8.201s]    40 | controller_interface::return_type [01;31m[KStateEstimator[m[K::update()
[8.201s]       |                                   [01;31m[K^~~~~~~~~~~~~~[m[K
[8.201s] [01m[K/home/ws/src/quadruped/src/state_estimator.cpp:[m[K In function ‘[01m[Kcontroller_interface::return_type state_estimator_ns::[01;32m[Kupdate[m[K()[m[K’:
[8.202s] [01m[K/home/ws/src/quadruped/src/state_estimator.cpp:43:31:[m[K [01;31m[Kerror: [m[K‘[01m[Knode_[m[K’ was not declared in this scope; did you mean ‘[01m[Kmode_t[m[K’?
[8.202s]    43 |   rclcpp::Time current_time = [01;31m[Knode_[m[K->get_clock()->now();
[8.202s]       |                               [01;31m[K^~~~~[m[K
[8.202s]       |                               [32m[Kmode_t[m[K
[8.209s] [01m[K/home/ws/src/quadruped/src/state_estimator.cpp:44:50:[m[K [01;31m[Kerror: [m[K‘[01m[Klast_update_time_[m[K’ was not declared in this scope
[8.209s]    44 |   rclcpp::Duration elapsed_time = current_time - [01;31m[Klast_update_time_[m[K;
[8.210s]       |                                                  [01;31m[K^~~~~~~~~~~~~~~~~[m[K
[8.217s] [01m[K/home/ws/src/quadruped/src/state_estimator.cpp:47:26:[m[K [01;31m[Kerror: [m[K‘[01m[Kestimated_states_[m[K’ was not declared in this scope
[8.217s]    47 |   for (size_t i = 0; i < [01;31m[Kestimated_states_[m[K.size(); ++i) {
[8.217s]       |                          [01;31m[K^~~~~~~~~~~~~~~~~[m[K
[8.230s] In file included from [01m[K/home/ws/src/quadruped/src/balance_controller.cpp:1[m[K:
[8.230s] [01m[K/home/ws/src/quadruped/include/quadruped/balance_controller.hpp:18:37:[m[K [01;31m[Kerror: [m[K‘[01m[Kcontroller_interface::return_type balance_controller_ns::BalanceController::[01;32m[Kinit[m[K(const std::string&)[m[K’ marked ‘[01m[Koverride[m[K’, but does not override
[8.231s]    18 |   controller_interface::return_type [01;31m[Kinit[m[K(const std::string & controller_name) override;
[8.231s]       |                                     [01;31m[K^~~~[m[K
[8.231s] [01m[K/home/ws/src/quadruped/include/quadruped/balance_controller.hpp:23:37:[m[K [01;31m[Kerror: [m[K‘[01m[Kcontroller_interface::return_type balance_controller_ns::BalanceController::[01;32m[Kupdate[m[K()[m[K’ marked ‘[01m[Koverride[m[K’, but does not override
[8.231s]    23 |   controller_interface::return_type [01;31m[Kupdate[m[K() override;
[8.231s]       |                                     [01;31m[K^~~~~~[m[K
[8.245s] In file included from [01m[K/opt/ros/jazzy/include/class_loader/class_loader/class_loader.hpp:56[m[K,
[8.245s]                  from [01m[K/opt/ros/jazzy/include/pluginlib/pluginlib/class_list_macros.hpp:40[m[K,
[8.246s]                  from [01m[K/home/ws/src/quadruped/src/state_estimator.cpp:57[m[K:
[8.246s] [01m[K/home/ws/src/quadruped/src/state_estimator.cpp:[m[K At global scope:
[8.246s] [01m[K/home/ws/src/quadruped/src/state_estimator.cpp:58:44:[m[K [01;31m[Kerror: [m[K‘[01m[KStateEstimator[m[K’ in namespace ‘[01m[Kstate_estimator_ns[m[K’ does not name a type
[8.246s]    58 | PLUGINLIB_EXPORT_CLASS(state_estimator_ns::[01;31m[KStateEstimator[m[K, controller_interface::ControllerInterface)
[8.247s]       |                                            [01;31m[K^~~~~~~~~~~~~~[m[K
[8.256s] [01m[K/home/ws/src/quadruped/src/state_estimator.cpp:[m[K In constructor ‘[01m[K{anonymous}::ProxyExec0::[01;32m[KProxyExec0[m[K()[m[K’:
[8.257s] [01m[K/home/ws/src/quadruped/src/state_estimator.cpp:58:1:[m[K [01;31m[Kerror: [m[K‘[01m[K_derived[m[K’ was not declared in this scope
[8.257s]    58 | [01;31m[KPLUGINLIB_EXPORT_CLASS[m[K(state_estimator_ns::StateEstimator, controller_interface::ControllerInterface)
[8.257s]       | [01;31m[K^~~~~~~~~~~~~~~~~~~~~~[m[K
[8.257s] [01m[K/home/ws/src/quadruped/src/state_estimator.cpp:58:1:[m[K [01;31m[Kerror: [m[Kno matching function for call to ‘[01m[KregisterPlugin<<expression error>, {anonymous}::ProxyExec0::_base>(const char [35], const char [42])[m[K’
[8.257s]    58 | [01;31m[KPLUGINLIB_EXPORT_CLASS[m[K(state_estimator_ns::StateEstimator, controller_interface::ControllerInterface)
[8.258s]       | [01;31m[K^~~~~~~~~~~~~~~~~~~~~~[m[K
[8.258s] In file included from [01m[K/opt/ros/jazzy/include/class_loader/class_loader/class_loader.hpp:55[m[K:
[8.258s] [01m[K/opt/ros/jazzy/include/class_loader/class_loader/class_loader_core.hpp:241:1:[m[K [01;36m[Knote: [m[Kcandidate: ‘[01m[Ktemplate<class Derived, class Base> class_loader::impl::UniquePtr<class_loader::impl::AbstractMetaObjectBase> class_loader::impl::[01;32m[KregisterPlugin[m[K(const std::string&, const std::string&)[m[K’
[8.258s]   241 | [01;36m[KregisterPlugin[m[K(const std::string & class_name, const std::string & base_class_name)
[8.258s]       | [01;36m[K^~~~~~~~~~~~~~[m[K
[8.259s] [01m[K/opt/ros/jazzy/include/class_loader/class_loader/class_loader_core.hpp:241:1:[m[K [01;36m[Knote: [m[K  template argument deduction/substitution failed:
[8.259s] [01m[K/home/ws/src/quadruped/src/state_estimator.cpp:58:1:[m[K [01;31m[Kerror: [m[Ktemplate argument 1 is invalid
[8.259s]    58 | [01;31m[KPLUGINLIB_EXPORT_CLASS[m[K(state_estimator_ns::StateEstimator, controller_interface::ControllerInterface)
[8.259s]       | [01;31m[K^~~~~~~~~~~~~~~~~~~~~~[m[K
[8.261s] [01m[K/home/ws/src/quadruped/src/balance_controller.cpp:[m[K In constructor ‘[01m[Kbalance_controller_ns::BalanceController::[01;32m[KBalanceController[m[K()[m[K’:
[8.261s] [01m[K/home/ws/src/quadruped/src/balance_controller.cpp:8:23:[m[K [01;31m[Kerror: [m[K‘[01m[Krclcpp::Duration::[01;32m[KDuration[m[K()[m[K’ is private within this context
[8.261s]     8 | : ControllerInterface([01;31m[K)[m[K
[8.261s]       |                       [01;31m[K^[m[K
[8.262s] In file included from [01m[K/opt/ros/jazzy/include/rclcpp/rclcpp/time.hpp:24[m[K,
[8.262s]                  from [01m[K/opt/ros/jazzy/include/rclcpp/rclcpp/clock.hpp:24[m[K,
[8.262s]                  from [01m[K/opt/ros/jazzy/include/rclcpp/rclcpp/client.hpp:38[m[K,
[8.262s]                  from [01m[K/opt/ros/jazzy/include/rclcpp/rclcpp/callback_group.hpp:24[m[K,
[8.263s]                  from [01m[K/opt/ros/jazzy/include/rclcpp_lifecycle/rclcpp_lifecycle/lifecycle_node.hpp:56[m[K,
[8.263s]                  from [01m[K/opt/ros/jazzy/include/controller_interface/controller_interface/controller_interface_base.hpp:29[m[K,
[8.263s]                  from [01m[K/opt/ros/jazzy/include/controller_interface/controller_interface/controller_interface.hpp:21[m[K,
[8.263s]                  from [01m[K/home/ws/src/quadruped/include/quadruped/balance_controller.hpp:4[m[K:
[8.263s] [01m[K/opt/ros/jazzy/include/rclcpp/rclcpp/duration.hpp:159:3:[m[K [01;36m[Knote: [m[Kdeclared private here
[8.264s]   159 |   [01;36m[KDuration[m[K() = default;
[8.264s]       |   [01;36m[K^~~~~~~~[m[K
[8.264s] [01m[K/home/ws/src/quadruped/src/balance_controller.cpp:[m[K In member function ‘[01m[Kcontroller_interface::return_type balance_controller_ns::BalanceController::[01;32m[Kinit[m[K(const std::string&)[m[K’:
[8.264s] [01m[K/home/ws/src/quadruped/src/balance_controller.cpp:15:39:[m[K [01;31m[Kerror: [m[Kno matching function for call to ‘[01m[Kbalance_controller_ns::BalanceController::init(const std::string&)[m[K’
[8.264s]    15 |   auto ret = [01;31m[KControllerInterface::init(controller_name)[m[K;
[8.264s]       |              [01;31m[K~~~~~~~~~~~~~~~~~~~~~~~~~^~~~~~~~~~~~~~~~~[m[K
[8.265s] [01m[K/opt/ros/jazzy/include/controller_interface/controller_interface/controller_interface_base.hpp:129:15:[m[K [01;36m[Knote: [m[Kcandidate: ‘[01m[Kcontroller_interface::return_type controller_interface::ControllerInterfaceBase::[01;32m[Kinit[m[K(const std::string&, const std::string&, unsigned int, const std::string&, const rclcpp::NodeOptions&)[m[K’
[8.265s]   129 |   return_type [01;36m[Kinit[m[K(
[8.265s]       |               [01;36m[K^~~~[m[K
[8.265s] [01m[K/opt/ros/jazzy/include/controller_interface/controller_interface/controller_interface_base.hpp:129:15:[m[K [01;36m[Knote: [m[K  candidate expects 5 arguments, 1 provided
[8.265s] [01m[K/home/ws/src/quadruped/src/balance_controller.cpp:[m[K In member function ‘[01m[Kcontroller_interface::return_type balance_controller_ns::BalanceController::[01;32m[Kupdate[m[K()[m[K’:
[8.266s] [01m[K/home/ws/src/quadruped/src/balance_controller.cpp:64:31:[m[K [01;31m[Kerror: [m[K‘[01m[Kstd::shared_ptr<rclcpp_lifecycle::LifecycleNode> controller_interface::ControllerInterfaceBase::node_[m[K’ is private within this context
[8.266s]    64 |   rclcpp::Time current_time = [01;31m[Knode_[m[K->get_clock()->now();
[8.266s]       |                               [01;31m[K^~~~~[m[K
[8.266s] [01m[K/opt/ros/jazzy/include/controller_interface/controller_interface/controller_interface_base.hpp:277:52:[m[K [01;36m[Knote: [m[Kdeclared private here
[8.266s]   277 |   std::shared_ptr<rclcpp_lifecycle::LifecycleNode> [01;36m[Knode_[m[K;
[8.267s]       |                                                    [01;36m[K^~~~~[m[K
[9.017s] In file included from [01m[K/opt/ros/jazzy/include/class_loader/class_loader/class_loader_core.hpp:58[m[K,
[9.017s]                  from [01m[K/opt/ros/jazzy/include/class_loader/class_loader/class_loader.hpp:55[m[K,
[9.017s]                  from [01m[K/opt/ros/jazzy/include/pluginlib/pluginlib/class_list_macros.hpp:40[m[K,
[9.017s]                  from [01m[K/home/ws/src/quadruped/src/leg_controller.cpp:58[m[K:
[9.017s] /opt/ros/jazzy/include/class_loader/class_loader/meta_object.hpp: In instantiation of ‘[01m[KB* class_loader::impl::MetaObject<C, B>::[01;32m[Kcreate[m[K() const [35m[K[with C = leg_controller_ns::LegController; B = controller_interface::ControllerInterface][m[K[m[K’:
[9.018s] [01m[K/opt/ros/jazzy/include/class_loader/class_loader/meta_object.hpp:216:7:[m[K   required from here
[9.018s] [01m[K/opt/ros/jazzy/include/class_loader/class_loader/meta_object.hpp:218:12:[m[K [01;31m[Kerror: [m[Kinvalid new-expression of abstract class type ‘[01m[Kleg_controller_ns::LegController[m[K’
[9.018s]   218 |     return [01;31m[Knew C[m[K;
[9.018s]       |            [01;31m[K^~~~~[m[K
[9.018s] [01m[K/home/ws/src/quadruped/include/quadruped/leg_controller.hpp:12:7:[m[K [01;36m[Knote: [m[K  because the following virtual functions are pure within ‘[01m[Kleg_controller_ns::LegController[m[K’:
[9.019s]    12 | class [01;36m[KLegController[m[K : public controller_interface::ControllerInterface
[9.019s]       |       [01;36m[K^~~~~~~~~~~~~[m[K
[9.019s] [01m[K/opt/ros/jazzy/include/controller_interface/controller_interface/controller_interface_base.hpp:142:26:[m[K [01;36m[Knote: [m[K    ‘[01m[Kvirtual rclcpp_lifecycle::node_interfaces::LifecycleNodeInterface::CallbackReturn controller_interface::ControllerInterfaceBase::[01;32m[Kon_init[m[K()[m[K’
[9.019s]   142 |   virtual CallbackReturn [01;36m[Kon_init[m[K() = 0;
[9.019s]       |                          [01;36m[K^~~~~~~[m[K
[9.019s] [01m[K/opt/ros/jazzy/include/controller_interface/controller_interface/controller_interface_base.hpp:154:23:[m[K [01;36m[Knote: [m[K    ‘[01m[Kvirtual controller_interface::return_type controller_interface::ControllerInterfaceBase::[01;32m[Kupdate[m[K(const rclcpp::Time&, const rclcpp::Duration&)[m[K’
[9.020s]   154 |   virtual return_type [01;36m[Kupdate[m[K(const rclcpp::Time & time, const rclcpp::Duration & period) = 0;
[9.020s]       |                       [01;36m[K^~~~~~[m[K
[9.052s] In file included from [01m[K/opt/ros/jazzy/include/class_loader/class_loader/class_loader_core.hpp:58[m[K,
[9.052s]                  from [01m[K/opt/ros/jazzy/include/class_loader/class_loader/class_loader.hpp:55[m[K,
[9.052s]                  from [01m[K/opt/ros/jazzy/include/pluginlib/pluginlib/class_list_macros.hpp:40[m[K,
[9.053s]                  from [01m[K/home/ws/src/quadruped/src/foot_trajectory_generator.cpp:58[m[K:
[9.053s] /opt/ros/jazzy/include/class_loader/class_loader/meta_object.hpp: In instantiation of ‘[01m[KB* class_loader::impl::MetaObject<C, B>::[01;32m[Kcreate[m[K() const [35m[K[with C = foot_trajectory_ns::FootTrajectoryGenerator; B = controller_interface::ControllerInterface][m[K[m[K’:
[9.053s] [01m[K/opt/ros/jazzy/include/class_loader/class_loader/meta_object.hpp:216:7:[m[K   required from here
[9.053s] [01m[K/opt/ros/jazzy/include/class_loader/class_loader/meta_object.hpp:218:12:[m[K [01;31m[Kerror: [m[Kinvalid new-expression of abstract class type ‘[01m[Kfoot_trajectory_ns::FootTrajectoryGenerator[m[K’
[9.053s]   218 |     return [01;31m[Knew C[m[K;
[9.054s]       |            [01;31m[K^~~~~[m[K
[9.054s] [01m[K/home/ws/src/quadruped/include/quadruped/foot_trajectory_generator.hpp:12:7:[m[K [01;36m[Knote: [m[K  because the following virtual functions are pure within ‘[01m[Kfoot_trajectory_ns::FootTrajectoryGenerator[m[K’:
[9.054s]    12 | class [01;36m[KFootTrajectoryGenerator[m[K : public controller_interface::ControllerInterface
[9.054s]       |       [01;36m[K^~~~~~~~~~~~~~~~~~~~~~~[m[K
[9.054s] [01m[K/opt/ros/jazzy/include/controller_interface/controller_interface/controller_interface_base.hpp:142:26:[m[K [01;36m[Knote: [m[K    ‘[01m[Kvirtual rclcpp_lifecycle::node_interfaces::LifecycleNodeInterface::CallbackReturn controller_interface::ControllerInterfaceBase::[01;32m[Kon_init[m[K()[m[K’
[9.055s]   142 |   virtual CallbackReturn [01;36m[Kon_init[m[K() = 0;
[9.055s]       |                          [01;36m[K^~~~~~~[m[K
[9.055s] [01m[K/opt/ros/jazzy/include/controller_interface/controller_interface/controller_interface_base.hpp:154:23:[m[K [01;36m[Knote: [m[K    ‘[01m[Kvirtual controller_interface::return_type controller_interface::ControllerInterfaceBase::[01;32m[Kupdate[m[K(const rclcpp::Time&, const rclcpp::Duration&)[m[K’
[9.055s]   154 |   virtual return_type [01;36m[Kupdate[m[K(const rclcpp::Time & time, const rclcpp::Duration & period) = 0;
[9.056s]       |                       [01;36m[K^~~~~~[m[K
[9.101s] In file included from [01m[K/opt/ros/jazzy/include/class_loader/class_loader/class_loader_core.hpp:58[m[K,
[9.102s]                  from [01m[K/opt/ros/jazzy/include/class_loader/class_loader/class_loader.hpp:55[m[K,
[9.102s]                  from [01m[K/opt/ros/jazzy/include/pluginlib/pluginlib/class_list_macros.hpp:40[m[K,
[9.102s]                  from [01m[K/home/ws/src/quadruped/src/balance_controller.cpp:3[m[K:
[9.102s] /opt/ros/jazzy/include/class_loader/class_loader/meta_object.hpp: In instantiation of ‘[01m[KB* class_loader::impl::MetaObject<C, B>::[01;32m[Kcreate[m[K() const [35m[K[with C = balance_controller_ns::BalanceController; B = controller_interface::ControllerInterface][m[K[m[K’:
[9.103s] [01m[K/opt/ros/jazzy/include/class_loader/class_loader/meta_object.hpp:216:7:[m[K   required from here
[9.103s] [01m[K/opt/ros/jazzy/include/class_loader/class_loader/meta_object.hpp:218:12:[m[K [01;31m[Kerror: [m[Kinvalid new-expression of abstract class type ‘[01m[Kbalance_controller_ns::BalanceController[m[K’
[9.103s]   218 |     return [01;31m[Knew C[m[K;
[9.103s]       |            [01;31m[K^~~~~[m[K
[9.103s] [01m[K/home/ws/src/quadruped/include/quadruped/balance_controller.hpp:12:7:[m[K [01;36m[Knote: [m[K  because the following virtual functions are pure within ‘[01m[Kbalance_controller_ns::BalanceController[m[K’:
[9.103s]    12 | class [01;36m[KBalanceController[m[K : public controller_interface::ControllerInterface
[9.104s]       |       [01;36m[K^~~~~~~~~~~~~~~~~[m[K
[9.104s] [01m[K/opt/ros/jazzy/include/controller_interface/controller_interface/controller_interface_base.hpp:142:26:[m[K [01;36m[Knote: [m[K    ‘[01m[Kvirtual rclcpp_lifecycle::node_interfaces::LifecycleNodeInterface::CallbackReturn controller_interface::ControllerInterfaceBase::[01;32m[Kon_init[m[K()[m[K’
[9.104s]   142 |   virtual CallbackReturn [01;36m[Kon_init[m[K() = 0;
[9.104s]       |                          [01;36m[K^~~~~~~[m[K
[9.104s] [01m[K/opt/ros/jazzy/include/controller_interface/controller_interface/controller_interface_base.hpp:154:23:[m[K [01;36m[Knote: [m[K    ‘[01m[Kvirtual controller_interface::return_type controller_interface::ControllerInterfaceBase::[01;32m[Kupdate[m[K(const rclcpp::Time&, const rclcpp::Duration&)[m[K’
[9.105s]   154 |   virtual return_type [01;36m[Kupdate[m[K(const rclcpp::Time & time, const rclcpp::Duration & period) = 0;
[9.105s]       |                       [01;36m[K^~~~~~[m[K
[9.120s] gmake[2]: *** [CMakeFiles/quadruped_lib.dir/build.make:118: CMakeFiles/quadruped_lib.dir/src/state_estimator.cpp.o] Error 1
[9.120s] gmake[2]: *** Waiting for unfinished jobs....
[9.134s] gmake[2]: *** [CMakeFiles/quadruped_lib.dir/build.make:104: CMakeFiles/quadruped_lib.dir/src/leg_controller.cpp.o] Error 1
[9.160s] gmake[2]: *** [CMakeFiles/quadruped_lib.dir/build.make:90: CMakeFiles/quadruped_lib.dir/src/foot_trajectory_generator.cpp.o] Error 1
[9.206s] gmake[2]: *** [CMakeFiles/quadruped_lib.dir/build.make:76: CMakeFiles/quadruped_lib.dir/src/balance_controller.cpp.o] Error 1
[9.207s] gmake[1]: *** [CMakeFiles/Makefile2:623: CMakeFiles/quadruped_lib.dir/all] Error 2
[9.207s] gmake: *** [Makefile:146: all] Error 2
[9.211s] Invoked command in '/home/ws/build/quadruped' returned '2': CMAKE_PREFIX_PATH=${CMAKE_PREFIX_PATH}:/opt/ros/jazzy /usr/bin/cmake --build /home/ws/build/quadruped -- -j20 -l20
