[0.070s] Invoking command in '/home/ws/build/quadruped_mpc': CMAKE_PREFIX_PATH=${CMAKE_PREFIX_PATH}:/home/ws/install/quadruped_simulation:/home/ws/install/quadruped_controllers:/opt/ros/jazzy /usr/bin/cmake --build /home/ws/build/quadruped_mpc -- -j20 -l20
[0.160s] -- Found ament_cmake: 2.5.2 (/opt/ros/jazzy/share/ament_cmake/cmake)
[0.248s] -- Found Python3: /usr/bin/python3 (found version "3.12.3") found components: Interpreter 
[0.421s] -- Override CMake install command with custom implementation using symlinks instead of copying resources
[0.433s] -- Found rclcpp: 28.1.5 (/opt/ros/jazzy/share/rclcpp/cmake)
[0.509s] -- Found rosidl_generator_c: 4.6.4 (/opt/ros/jazzy/share/rosidl_generator_c/cmake)
[0.523s] -- Found rosidl_generator_cpp: 4.6.4 (/opt/ros/jazzy/share/rosidl_generator_cpp/cmake)
[0.541s] -- Using all available rosidl_typesupport_c: rosidl_typesupport_fastrtps_c;rosidl_typesupport_introspection_c
[0.558s] -- Using all available rosidl_typesupport_cpp: rosidl_typesupport_fastrtps_cpp;rosidl_typesupport_introspection_cpp
[0.641s] -- Found rmw_implementation_cmake: 7.3.1 (/opt/ros/jazzy/share/rmw_implementation_cmake/cmake)
[0.643s] -- Found rmw_fastrtps_cpp: 8.4.1 (/opt/ros/jazzy/share/rmw_fastrtps_cpp/cmake)
[0.748s] -- Using RMW implementation 'rmw_fastrtps_cpp' as default
[0.834s] -- Found controller_interface: 4.18.0 (/opt/ros/jazzy/share/controller_interface/cmake)
[1.130s] -- pinocchio FOUND. pinocchio at /opt/ros/jazzy/lib/x86_64-linux-gnu/libpinocchio.so
[1.131s] -- boost_filesystem FOUND. boost_filesystem at /lib/x86_64-linux-gnu/libboost_filesystem.so
[1.131s] -- boost_serialization FOUND. boost_serialization at /lib/x86_64-linux-gnu/libboost_serialization.so
[1.132s] -- boost_system FOUND. boost_system at /lib/x86_64-linux-gnu/libboost_system.so
[1.142s] -- Found Boost: /usr/include (found version "1.83.0") found components: filesystem serialization system 
[1.144s] -- eigenpy FOUND. eigenpy at /opt/ros/jazzy/lib/x86_64-linux-gnu/libeigenpy.so
[1.191s] -- Checking for NumPy
[1.580s] --   NUMPY_INCLUDE_DIRS=/usr/lib/python3/dist-packages/numpy/core/include
[1.761s] --   NUMPY_VERSION=1.26.4
[2.142s] -- Found Python3: /usr/bin/python3 (found version "3.12.3") found components: Interpreter Development.Module NumPy 
[2.144s] -- PythonLibraryDirs: 
[2.144s] -- PythonLibVersionString: 3.12.3
[2.204s] -- Python site lib: lib/python3.12/dist-packages
[2.204s] -- Python include dirs: /usr/include/python3.12
[2.300s] -- Checking for NumPy
[2.479s] --   NUMPY_INCLUDE_DIRS=/usr/lib/python3/dist-packages/numpy/core/include
[2.660s] --   NUMPY_VERSION=1.26.4
[2.661s] -- NumPy include dir: /usr/lib/python3/dist-packages/numpy/core/include
[2.668s] -- Found Boost: /usr/include (found version "1.83.0") found components: python312 
[2.668s] -- Boost_PYTHON_LIBRARY: /usr/lib/x86_64-linux-gnu/libboost_python312.so
[3.206s] -- Default C++ standard: 201703
[3.206s] -- C++ standard sufficient: Minimal required 14, currently defined: 17
[3.207s] -- CMAKE_CXX_STANDARD was not set: automatically set to currently defined standard 17
[3.209s] -- C++ standard sufficient: Minimal required 14, currently defined: 17
[3.350s] -- Configuring done (3.2s)
[3.369s] -- Generating done (0.0s)
[3.371s] -- Build files have been written to: /home/ws/build/quadruped_mpc
[3.497s] [ 20%] [32mBuilding CXX object CMakeFiles/quadruped_mpc_lib.dir/src/balance_controller.cpp.o[0m
[3.503s] [ 40%] [32mBuilding CXX object CMakeFiles/quadruped_mpc_lib.dir/src/leg_controller.cpp.o[0m
[3.511s] [ 60%] [32mBuilding CXX object CMakeFiles/quadruped_mpc_lib.dir/src/state_estimator.cpp.o[0m
[3.512s] [ 80%] [32mBuilding CXX object CMakeFiles/quadruped_mpc_lib.dir/src/foot_trajectory_generator.cpp.o[0m
[11.923s] [01m[K/home/ws/src/quadruped_mpc/src/balance_controller.cpp:133:6:[m[K [01;31m[Kerror: [m[Kno declaration matches ‘[01m[Kvoid balance_controller::BalanceController::[01;32m[Kread_state_interfaces[m[K()[m[K’
[11.923s]   133 | void [01;31m[KBalanceController[m[K::read_state_interfaces()
[11.923s]       |      [01;31m[K^~~~~~~~~~~~~~~~~[m[K
[11.923s] [01m[K/home/ws/src/quadruped_mpc/src/balance_controller.cpp:133:6:[m[K [01;36m[Knote: [m[Kno functions named ‘[01m[Kvoid balance_controller::BalanceController::[01;32m[Kread_state_interfaces[m[K()[m[K’
[11.923s] In file included from [01m[K/home/ws/src/quadruped_mpc/src/balance_controller.cpp:1[m[K:
[11.923s] [01m[K/home/ws/src/quadruped_mpc/include/quadruped_mpc/balance_controller.hpp:24:7:[m[K [01;36m[Knote: [m[K‘[01m[Kclass balance_controller::BalanceController[m[K’ defined here
[11.923s]    24 | class [01;36m[KBalanceController[m[K : public controller_interface::ControllerInterface
[11.923s]       |       [01;36m[K^~~~~~~~~~~~~~~~~[m[K
[20.078s] gmake[2]: *** [CMakeFiles/quadruped_mpc_lib.dir/build.make:76: CMakeFiles/quadruped_mpc_lib.dir/src/balance_controller.cpp.o] Error 1
[20.078s] gmake[1]: *** [CMakeFiles/Makefile2:137: CMakeFiles/quadruped_mpc_lib.dir/all] Error 2
[20.079s] gmake: *** [Makefile:146: all] Error 2
[20.084s] Invoked command in '/home/ws/build/quadruped_mpc' returned '2': CMAKE_PREFIX_PATH=${CMAKE_PREFIX_PATH}:/home/ws/install/quadruped_simulation:/home/ws/install/quadruped_controllers:/opt/ros/jazzy /usr/bin/cmake --build /home/ws/build/quadruped_mpc -- -j20 -l20
