[0.038s] Invoking command in '/home/ws/build/quadruped_bringup': CMAKE_PREFIX_PATH=${CMAKE_PREFIX_PATH}:/home/ws/install/quadruped_simulation:/home/ws/install/quadruped_controllers:/opt/ros/jazzy /usr/bin/cmake --build /home/ws/build/quadruped_bringup -- -j20 -l20
[0.209s] Invoked command in '/home/ws/build/quadruped_bringup' returned '0': CMAKE_PREFIX_PATH=${CMAKE_PREFIX_PATH}:/home/ws/install/quadruped_simulation:/home/ws/install/quadruped_controllers:/opt/ros/jazzy /usr/bin/cmake --build /home/ws/build/quadruped_bringup -- -j20 -l20
[0.308s] Invoking command in '/home/ws/build/quadruped_bringup': CMAKE_PREFIX_PATH=${CMAKE_PREFIX_PATH}:/home/ws/install/quadruped_simulation:/home/ws/install/quadruped_controllers:/opt/ros/jazzy /usr/bin/cmake --install /home/ws/build/quadruped_bringup
[0.344s] -- Install configuration: ""
[0.347s] -- Execute custom install script
[0.349s] -- Up-to-date symlink: /home/ws/install/quadruped_bringup/share/quadruped_bringup/launch/sim.launch.py
[0.351s] -- Up-to-date symlink: /home/ws/install/quadruped_bringup/share/ament_index/resource_index/package_run_dependencies/quadruped_bringup
[0.352s] -- Up-to-date symlink: /home/ws/install/quadruped_bringup/share/ament_index/resource_index/parent_prefix_path/quadruped_bringup
[0.353s] -- Up-to-date symlink: /home/ws/install/quadruped_bringup/share/quadruped_bringup/environment/ament_prefix_path.sh
[0.353s] -- Up-to-date symlink: /home/ws/install/quadruped_bringup/share/quadruped_bringup/environment/ament_prefix_path.dsv
[0.353s] -- Up-to-date symlink: /home/ws/install/quadruped_bringup/share/quadruped_bringup/environment/path.sh
[0.354s] -- Up-to-date symlink: /home/ws/install/quadruped_bringup/share/quadruped_bringup/environment/path.dsv
[0.354s] -- Up-to-date symlink: /home/ws/install/quadruped_bringup/share/quadruped_bringup/local_setup.bash
[0.355s] -- Up-to-date symlink: /home/ws/install/quadruped_bringup/share/quadruped_bringup/local_setup.sh
[0.358s] -- Up-to-date symlink: /home/ws/install/quadruped_bringup/share/quadruped_bringup/local_setup.zsh
[0.360s] -- Up-to-date symlink: /home/ws/install/quadruped_bringup/share/quadruped_bringup/local_setup.dsv
[0.362s] -- Symlinking: /home/ws/install/quadruped_bringup/share/quadruped_bringup/package.dsv
[0.381s] -- Up-to-date symlink: /home/ws/install/quadruped_bringup/share/ament_index/resource_index/packages/quadruped_bringup
[0.381s] -- Up-to-date symlink: /home/ws/install/quadruped_bringup/share/quadruped_bringup/cmake/quadruped_bringupConfig.cmake
[0.381s] -- Up-to-date symlink: /home/ws/install/quadruped_bringup/share/quadruped_bringup/cmake/quadruped_bringupConfig-version.cmake
[0.381s] -- Up-to-date symlink: /home/ws/install/quadruped_bringup/share/quadruped_bringup/package.xml
[0.406s] Invoked command in '/home/ws/build/quadruped_bringup' returned '0': CMAKE_PREFIX_PATH=${CMAKE_PREFIX_PATH}:/home/ws/install/quadruped_simulation:/home/ws/install/quadruped_controllers:/opt/ros/jazzy /usr/bin/cmake --install /home/ws/build/quadruped_bringup
