[1.230s] Invoking command in '/home/ws/build/quadruped_simulation': PYTHONPATH=/home/ws/build/quadruped_simulation/prefix_override:/usr/lib/python3/dist-packages/colcon_core/task/python/colcon_distutils_commands:/home/ws/install/quadruped_simulation/lib/python3.12/site-packages:${PYTHONPATH} /usr/bin/python3 -W ignore:setup.py install is deprecated setup.py develop --editable --build-directory /home/ws/build/quadruped_simulation/build --no-deps symlink_data
[1.625s] running develop
[1.625s] /usr/lib/python3/dist-packages/setuptools/command/develop.py:40: EasyInstallDeprecationWarning: easy_install command is deprecated.
[1.626s] !!
[1.626s] 
[1.626s]         ********************************************************************************
[1.626s]         Please avoid running ``setup.py`` and ``easy_install``.
[1.627s]         Instead, use pypa/build, pypa/installer or other
[1.627s]         standards-based tools.
[1.627s] 
[1.627s]         See https://github.com/pypa/setuptools/issues/917 for details.
[1.627s]         ********************************************************************************
[1.627s] 
[1.628s] !!
[1.628s]   easy_install.initialize_options(self)
[1.800s] running egg_info
[1.818s] writing quadruped_simulation.egg-info/PKG-INFO
[1.819s] writing dependency_links to quadruped_simulation.egg-info/dependency_links.txt
[1.819s] writing requirements to quadruped_simulation.egg-info/requires.txt
[1.819s] writing top-level names to quadruped_simulation.egg-info/top_level.txt
[1.852s] reading manifest file 'quadruped_simulation.egg-info/SOURCES.txt'
[1.852s] writing manifest file 'quadruped_simulation.egg-info/SOURCES.txt'
[1.872s] running build_ext
[1.872s] Creating /home/ws/install/quadruped_simulation/lib/python3.12/site-packages/quadruped-simulation.egg-link (link to .)
[1.873s] 
[1.873s] Installed /home/ws/build/quadruped_simulation
[1.873s] running symlink_data
[1.929s] Invoked command in '/home/ws/build/quadruped_simulation' returned '0': PYTHONPATH=/home/ws/build/quadruped_simulation/prefix_override:/usr/lib/python3/dist-packages/colcon_core/task/python/colcon_distutils_commands:/home/ws/install/quadruped_simulation/lib/python3.12/site-packages:${PYTHONPATH} /usr/bin/python3 -W ignore:setup.py install is deprecated setup.py develop --editable --build-directory /home/ws/build/quadruped_simulation/build --no-deps symlink_data
