[0.010s] Invoking command in '/home/ws/build/quadruped_sim': CMAKE_PREFIX_PATH=${CMAKE_PREFIX_PATH}:/opt/ros/jazzy /usr/bin/cmake /home/ws/src/quadruped_sim -DCMAKE_INSTALL_PREFIX=/home/ws/install/quadruped_sim
[0.030s] -- Found ament_cmake: 2.5.2 (/opt/ros/jazzy/share/ament_cmake/cmake)
[0.206s] -- Found ament_lint_auto: 0.17.1 (/opt/ros/jazzy/share/ament_lint_auto/cmake)
[0.302s] -- Added test 'flake8' to check Python code syntax and style conventions
[0.302s] -- Configured 'flake8' exclude dirs and/or files: 
[0.302s] -- Added test 'lint_cmake' to check CMake code style
[0.303s] -- Added test 'pep257' to check Python code against some of the docstring style conventions in PEP 257
[0.304s] -- Added test 'xmllint' to check XML markup files
[0.305s] -- Configuring done (0.3s)
[0.306s] -- Generating done (0.0s)
[0.307s] -- Build files have been written to: /home/ws/build/quadruped_sim
[0.309s] Invoked command in '/home/ws/build/quadruped_sim' returned '0': CMAKE_PREFIX_PATH=${CMAKE_PREFIX_PATH}:/opt/ros/jazzy /usr/bin/cmake /home/ws/src/quadruped_sim -DCMAKE_INSTALL_PREFIX=/home/ws/install/quadruped_sim
[0.310s] Invoking command in '/home/ws/build/quadruped_sim': CMAKE_PREFIX_PATH=${CMAKE_PREFIX_PATH}:/opt/ros/jazzy /usr/bin/cmake --build /home/ws/build/quadruped_sim -- -j20 -l20
[0.378s] Invoked command in '/home/ws/build/quadruped_sim' returned '0': CMAKE_PREFIX_PATH=${CMAKE_PREFIX_PATH}:/opt/ros/jazzy /usr/bin/cmake --build /home/ws/build/quadruped_sim -- -j20 -l20
[0.455s] Invoking command in '/home/ws/build/quadruped_sim': CMAKE_PREFIX_PATH=${CMAKE_PREFIX_PATH}:/opt/ros/jazzy /usr/bin/cmake --install /home/ws/build/quadruped_sim
[0.469s] -- Install configuration: ""
[0.469s] -- Installing: /home/ws/install/quadruped_sim/share/quadruped_sim/launch
[0.469s] -- Installing: /home/ws/install/quadruped_sim/share/quadruped_sim/launch/gazebo_sim.launch.py
[0.469s] -- Installing: /home/ws/install/quadruped_sim/share/ament_index/resource_index/package_run_dependencies/quadruped_sim
[0.470s] -- Installing: /home/ws/install/quadruped_sim/share/ament_index/resource_index/parent_prefix_path/quadruped_sim
[0.470s] -- Installing: /home/ws/install/quadruped_sim/share/quadruped_sim/environment/ament_prefix_path.sh
[0.470s] -- Installing: /home/ws/install/quadruped_sim/share/quadruped_sim/environment/ament_prefix_path.dsv
[0.470s] -- Installing: /home/ws/install/quadruped_sim/share/quadruped_sim/environment/path.sh
[0.470s] -- Installing: /home/ws/install/quadruped_sim/share/quadruped_sim/environment/path.dsv
[0.470s] -- Installing: /home/ws/install/quadruped_sim/share/quadruped_sim/local_setup.bash
[0.470s] -- Installing: /home/ws/install/quadruped_sim/share/quadruped_sim/local_setup.sh
[0.470s] -- Installing: /home/ws/install/quadruped_sim/share/quadruped_sim/local_setup.zsh
[0.470s] -- Installing: /home/ws/install/quadruped_sim/share/quadruped_sim/local_setup.dsv
[0.471s] -- Installing: /home/ws/install/quadruped_sim/share/quadruped_sim/package.dsv
[0.471s] -- Installing: /home/ws/install/quadruped_sim/share/ament_index/resource_index/packages/quadruped_sim
[0.471s] -- Installing: /home/ws/install/quadruped_sim/share/quadruped_sim/cmake/quadruped_simConfig.cmake
[0.471s] -- Installing: /home/ws/install/quadruped_sim/share/quadruped_sim/cmake/quadruped_simConfig-version.cmake
[0.471s] -- Installing: /home/ws/install/quadruped_sim/share/quadruped_sim/package.xml
[0.474s] Invoked command in '/home/ws/build/quadruped_sim' returned '0': CMAKE_PREFIX_PATH=${CMAKE_PREFIX_PATH}:/opt/ros/jazzy /usr/bin/cmake --install /home/ws/build/quadruped_sim
