[0.066s] Invoking command in '/home/ws/build/quadruped_urdf': CMAKE_PREFIX_PATH=${CMAKE_PREFIX_PATH}:/home/ws/install/quadruped_simulation:/home/ws/install/quadruped_controllers:/opt/ros/jazzy /usr/bin/cmake --build /home/ws/build/quadruped_urdf -- -j20 -l20
[0.169s] Invoked command in '/home/ws/build/quadruped_urdf' returned '0': CMAKE_PREFIX_PATH=${CMAKE_PREFIX_PATH}:/home/ws/install/quadruped_simulation:/home/ws/install/quadruped_controllers:/opt/ros/jazzy /usr/bin/cmake --build /home/ws/build/quadruped_urdf -- -j20 -l20
[0.251s] Invoking command in '/home/ws/build/quadruped_urdf': CMAKE_PREFIX_PATH=${CMAKE_PREFIX_PATH}:/home/ws/install/quadruped_simulation:/home/ws/install/quadruped_controllers:/opt/ros/jazzy /usr/bin/cmake --install /home/ws/build/quadruped_urdf
[0.278s] -- Install configuration: ""
[0.280s] -- Execute custom install script
[0.283s] -- Up-to-date symlink: /home/ws/install/quadruped_urdf/share/quadruped_urdf/urdf/Quadruped MJB.mjb
[0.284s] -- Up-to-date symlink: /home/ws/install/quadruped_urdf/share/quadruped_urdf/urdf/QuadrupedURDF_sim.urdf.xacro
[0.284s] -- Up-to-date symlink: /home/ws/install/quadruped_urdf/share/quadruped_urdf/urdf/meshes/Body.STL
[0.285s] -- Up-to-date symlink: /home/ws/install/quadruped_urdf/share/quadruped_urdf/urdf/meshes/Body_bin.STL
[0.285s] -- Up-to-date symlink: /home/ws/install/quadruped_urdf/share/quadruped_urdf/urdf/meshes/Front Left Shin.STL
[0.287s] -- Up-to-date symlink: /home/ws/install/quadruped_urdf/share/quadruped_urdf/urdf/meshes/Front Left Thigh.STL
[0.287s] -- Up-to-date symlink: /home/ws/install/quadruped_urdf/share/quadruped_urdf/urdf/meshes/Front Right Shin.STL
[0.287s] -- Up-to-date symlink: /home/ws/install/quadruped_urdf/share/quadruped_urdf/urdf/meshes/Front Right Thigh.STL
[0.287s] -- Up-to-date symlink: /home/ws/install/quadruped_urdf/share/quadruped_urdf/urdf/meshes/Rear Left Shin.STL
[0.287s] -- Up-to-date symlink: /home/ws/install/quadruped_urdf/share/quadruped_urdf/urdf/meshes/Rear Left Thigh.STL
[0.288s] -- Up-to-date symlink: /home/ws/install/quadruped_urdf/share/quadruped_urdf/urdf/meshes/Rear Right Shin.STL
[0.288s] -- Up-to-date symlink: /home/ws/install/quadruped_urdf/share/quadruped_urdf/urdf/meshes/Rear Right Thigh.STL
[0.288s] -- Up-to-date symlink: /home/ws/install/quadruped_urdf/share/quadruped_urdf/urdf/mjb_maker.py
[0.288s] -- Up-to-date symlink: /home/ws/install/quadruped_urdf/share/quadruped_urdf/config/initial_joint_positions.yaml
[0.289s] -- Up-to-date symlink: /home/ws/install/quadruped_urdf/share/quadruped_urdf/launch/sim_urdf.launch.py
[0.289s] -- Up-to-date symlink: /home/ws/install/quadruped_urdf/share/ament_index/resource_index/package_run_dependencies/quadruped_urdf
[0.289s] -- Up-to-date symlink: /home/ws/install/quadruped_urdf/share/ament_index/resource_index/parent_prefix_path/quadruped_urdf
[0.290s] -- Up-to-date symlink: /home/ws/install/quadruped_urdf/share/quadruped_urdf/environment/ament_prefix_path.sh
[0.290s] -- Up-to-date symlink: /home/ws/install/quadruped_urdf/share/quadruped_urdf/environment/ament_prefix_path.dsv
[0.290s] -- Up-to-date symlink: /home/ws/install/quadruped_urdf/share/quadruped_urdf/environment/path.sh
[0.290s] -- Up-to-date symlink: /home/ws/install/quadruped_urdf/share/quadruped_urdf/environment/path.dsv
[0.290s] -- Up-to-date symlink: /home/ws/install/quadruped_urdf/share/quadruped_urdf/local_setup.bash
[0.291s] -- Up-to-date symlink: /home/ws/install/quadruped_urdf/share/quadruped_urdf/local_setup.sh
[0.291s] -- Up-to-date symlink: /home/ws/install/quadruped_urdf/share/quadruped_urdf/local_setup.zsh
[0.292s] -- Up-to-date symlink: /home/ws/install/quadruped_urdf/share/quadruped_urdf/local_setup.dsv
[0.292s] -- Symlinking: /home/ws/install/quadruped_urdf/share/quadruped_urdf/package.dsv
[0.329s] -- Up-to-date symlink: /home/ws/install/quadruped_urdf/share/ament_index/resource_index/packages/quadruped_urdf
[0.331s] -- Up-to-date symlink: /home/ws/install/quadruped_urdf/share/quadruped_urdf/cmake/quadruped_urdfConfig.cmake
[0.331s] -- Up-to-date symlink: /home/ws/install/quadruped_urdf/share/quadruped_urdf/cmake/quadruped_urdfConfig-version.cmake
[0.332s] -- Up-to-date symlink: /home/ws/install/quadruped_urdf/share/quadruped_urdf/package.xml
[0.374s] Invoked command in '/home/ws/build/quadruped_urdf' returned '0': CMAKE_PREFIX_PATH=${CMAKE_PREFIX_PATH}:/home/ws/install/quadruped_simulation:/home/ws/install/quadruped_controllers:/opt/ros/jazzy /usr/bin/cmake --install /home/ws/build/quadruped_urdf
