[100%] Built target quadruped_mpc_lib
-- Install configuration: ""
-- Execute custom install script
-- Up-to-date symlink: /home/ws/install/quadruped_mpc/include/quadruped_mpc/balance_controller.hpp
-- Up-to-date symlink: /home/ws/install/quadruped_mpc/include/quadruped_mpc/foot_trajectory_generator.hpp
-- Up-to-date symlink: /home/ws/install/quadruped_mpc/include/quadruped_mpc/leg_controller.hpp
-- Up-to-date symlink: /home/ws/install/quadruped_mpc/include/quadruped_mpc/state_estimator.hpp
-- Up-to-date symlink: /home/ws/install/quadruped_mpc/share/quadruped_mpc//plugin_description.xml
-- Up-to-date symlink: /home/ws/install/quadruped_mpc/share/quadruped_mpc/config/quadruped_controllers.yaml
-- Up-to-date symlink: /home/ws/install/quadruped_mpc/share/quadruped_mpc/launch/mpc.launch.py
-- Up-to-date symlink: /home/ws/install/quadruped_mpc/share/quadruped_mpc/environment/library_path.sh
-- Up-to-date symlink: /home/ws/install/quadruped_mpc/share/quadruped_mpc/environment/library_path.dsv
-- Up-to-date symlink: /home/ws/install/quadruped_mpc/share/quadruped_mpc//plugin_description.xml
-- Up-to-date symlink: /home/ws/install/quadruped_mpc/share/ament_index/resource_index/package_run_dependencies/quadruped_mpc
-- Up-to-date symlink: /home/ws/install/quadruped_mpc/share/ament_index/resource_index/parent_prefix_path/quadruped_mpc
-- Up-to-date symlink: /home/ws/install/quadruped_mpc/share/quadruped_mpc/environment/ament_prefix_path.sh
-- Up-to-date symlink: /home/ws/install/quadruped_mpc/share/quadruped_mpc/environment/ament_prefix_path.dsv
-- Up-to-date symlink: /home/ws/install/quadruped_mpc/share/quadruped_mpc/environment/path.sh
-- Up-to-date symlink: /home/ws/install/quadruped_mpc/share/quadruped_mpc/environment/path.dsv
-- Up-to-date symlink: /home/ws/install/quadruped_mpc/share/quadruped_mpc/local_setup.bash
-- Up-to-date symlink: /home/ws/install/quadruped_mpc/share/quadruped_mpc/local_setup.sh
-- Up-to-date symlink: /home/ws/install/quadruped_mpc/share/quadruped_mpc/local_setup.zsh
-- Up-to-date symlink: /home/ws/install/quadruped_mpc/share/quadruped_mpc/local_setup.dsv
-- Symlinking: /home/ws/install/quadruped_mpc/share/quadruped_mpc/package.dsv
-- Up-to-date symlink: /home/ws/install/quadruped_mpc/share/ament_index/resource_index/packages/quadruped_mpc
-- Up-to-date symlink: /home/ws/install/quadruped_mpc/share/ament_index/resource_index/controller_interface__pluginlib__plugin/quadruped_mpc
-- Up-to-date symlink: /home/ws/install/quadruped_mpc/share/quadruped_mpc/cmake/ament_cmake_export_targets-extras.cmake
-- Up-to-date symlink: /home/ws/install/quadruped_mpc/share/quadruped_mpc/cmake/ament_cmake_export_dependencies-extras.cmake
-- Up-to-date symlink: /home/ws/install/quadruped_mpc/share/quadruped_mpc/cmake/quadruped_mpcConfig.cmake
-- Up-to-date symlink: /home/ws/install/quadruped_mpc/share/quadruped_mpc/cmake/quadruped_mpcConfig-version.cmake
-- Up-to-date symlink: /home/ws/install/quadruped_mpc/share/quadruped_mpc/package.xml
-- Up-to-date: /home/ws/install/quadruped_mpc/lib/libquadruped_mpc_lib.a
-- Up-to-date: /home/ws/install/quadruped_mpc/share/quadruped_mpc/cmake/quadruped_mpc_targetsExport.cmake
-- Up-to-date: /home/ws/install/quadruped_mpc/share/quadruped_mpc/cmake/quadruped_mpc_targetsExport-noconfig.cmake
