[0.010s] Invoking command in '/home/ws/src/quadruped/build/quadruped': CMAKE_PREFIX_PATH=${CMAKE_PREFIX_PATH}:/opt/ros/jazzy /usr/bin/cmake --build /home/ws/src/quadruped/build/quadruped -- -j20 -l20
[0.051s] -- Found ament_cmake: 2.5.2 (/opt/ros/jazzy/share/ament_cmake/cmake)
[0.248s] -- Override CMake install command with custom implementation using symlinks instead of copying resources
[0.253s] -- Found rclcpp: 28.1.5 (/opt/ros/jazzy/share/rclcpp/cmake)
[0.273s] -- Found rosidl_generator_c: 4.6.4 (/opt/ros/jazzy/share/rosidl_generator_c/cmake)
[0.279s] -- Found rosidl_generator_cpp: 4.6.4 (/opt/ros/jazzy/share/rosidl_generator_cpp/cmake)
[0.287s] -- Using all available rosidl_typesupport_c: rosidl_typesupport_fastrtps_c;rosidl_typesupport_introspection_c
[0.297s] -- Using all available rosidl_typesupport_cpp: rosidl_typesupport_fastrtps_cpp;rosidl_typesupport_introspection_cpp
[0.342s] -- Found rmw_implementation_cmake: 7.3.1 (/opt/ros/jazzy/share/rmw_implementation_cmake/cmake)
[0.343s] -- Found rmw_fastrtps_cpp: 8.4.1 (/opt/ros/jazzy/share/rmw_fastrtps_cpp/cmake)
[0.405s] -- Using RMW implementation 'rmw_fastrtps_cpp' as default
[0.471s] -- Found hardware_interface: 4.17.0 (/opt/ros/jazzy/share/hardware_interface/cmake)
[0.629s] -- Found controller_manager: 4.17.0 (/opt/ros/jazzy/share/controller_manager/cmake)
[0.677s] -- Found ros2_control: 4.17.0 (/opt/ros/jazzy/share/ros2_control/cmake)
[0.678s] -- Found ros_gz_sim: 1.0.4 (/opt/ros/jazzy/share/ros_gz_sim/cmake)
[0.684s] -- Looking for gz-sim8 -- found version 8.6.0
[0.689s] -- Searching for dependencies of gz-sim8
[0.690s] -- Looking for sdformat14 -- found version 14.5.0
[0.690s] -- Searching for dependencies of sdformat14
[0.696s] -- Checking for module 'tinyxml2'
[0.713s] --   Found tinyxml2, version 10.0.0
[0.788s] -- Looking for gz-math7 -- found version 7.5.0
[0.789s] -- Searching for dependencies of gz-math7
[0.792s] -- Looking for gz-utils2 -- found version 2.2.0
[0.792s] -- Searching for dependencies of gz-utils2
[0.794s] -- Looking for gz-utils2 -- found version 2.2.0
[0.795s] -- Searching for dependencies of gz-utils2
[0.795s] -- Searching for <gz-utils2> component [cli]
[0.797s] -- Looking for gz-utils2-cli -- found version 2.2.0
[0.797s] -- Searching for dependencies of gz-utils2-cli
[0.799s] -- Looking for gz-plugin2 -- found version 2.0.3
[0.799s] -- Searching for dependencies of gz-plugin2
[0.799s] -- Looking for gz-utils2 -- found version 2.2.0
[0.800s] -- Searching for <gz-plugin2> component [loader]
[0.801s] -- Looking for gz-plugin2-loader -- found version 2.0.3
[0.801s] -- Searching for dependencies of gz-plugin2-loader
[0.801s] -- Searching for <gz-plugin2> component [register]
[0.803s] -- Looking for gz-plugin2-register -- found version 2.0.3
[0.803s] -- Searching for dependencies of gz-plugin2-register
[0.805s] -- Looking for gz-transport13 -- found version 13.4.0
[0.805s] -- Searching for dependencies of gz-transport13
[0.832s] -- Found Protobuf: /usr/lib/x86_64-linux-gnu/libprotobuf.so (found version "3.21.12") 
[0.850s] -- Config-file not installed for ZeroMQ -- checking for pkg-config
[0.856s] -- Checking for module 'libzmq >= 4'
[0.875s] --   Found libzmq, version 4.3.5
[0.985s] -- Found ZeroMQ: TRUE (Required is at least version "4") 
[0.999s] -- Checking for module 'uuid'
[1.042s] --   Found uuid, version 2.39.3
[1.147s] -- Found UUID: TRUE  
[1.148s] -- Looking for gz-utils2 -- found version 2.2.0
[1.152s] -- Looking for gz-msgs10 -- found version 10.3.0
[1.153s] -- Searching for dependencies of gz-msgs10
[1.178s] -- Looking for gz-utils2 -- found version 2.2.0
[1.178s] -- Looking for gz-math7 -- found version 7.5.0
[1.350s] -- Searching for <gz-transport13> component [log]
[1.352s] -- Looking for gz-transport13-log -- found version 13.4.0
[1.352s] -- Searching for dependencies of gz-transport13-log
[1.354s] -- Searching for <gz-transport13> component [parameters]
[1.356s] -- Looking for gz-transport13-parameters -- found version 13.4.0
[1.356s] -- Searching for dependencies of gz-transport13-parameters
[1.358s] -- Looking for gz-msgs10 -- found version 10.3.0
[1.364s] -- Looking for gz-common5 -- found version 5.6.0
[1.364s] -- Searching for dependencies of gz-common5
[1.364s] -- Looking for gz-utils2 -- found version 2.2.0
[1.365s] -- Looking for dlfcn.h - found
[1.366s] -- Looking for libdl - found
[1.368s] -- Found DL: TRUE  
[1.376s] -- Searching for <gz-common5> component [av]
[1.377s] -- Looking for gz-common5-av -- found version 5.6.0
[1.377s] -- Searching for dependencies of gz-common5-av
[1.383s] -- Checking for module 'libswscale'
[1.415s] --   Found libswscale, version 7.5.100
[1.508s] -- Found SWSCALE: TRUE  
[1.521s] -- Checking for module 'libavdevice >= 56.4.100'
[1.558s] --   Found libavdevice, version 60.3.100
[1.664s] -- Found AVDEVICE: TRUE (Required is at least version "56.4.100") 
[1.670s] -- Checking for module 'libavformat'
[1.682s] --   Found libavformat, version 60.16.100
[1.714s] -- Found AVFORMAT: TRUE  
[1.718s] -- Checking for module 'libavcodec'
[1.733s] --   Found libavcodec, version 60.31.102
[1.781s] -- Found AVCODEC: TRUE  
[1.789s] -- Checking for module 'libavutil'
[1.811s] --   Found libavutil, version 58.29.100
[1.843s] -- Found AVUTIL: TRUE  
[1.844s] -- Searching for <gz-common5> component [events]
[1.845s] -- Looking for gz-common5-events -- found version 5.6.0
[1.845s] -- Searching for dependencies of gz-common5-events
[1.845s] -- Looking for gz-math7 -- found version 7.5.0
[1.846s] -- Searching for <gz-common5> component [graphics]
[1.847s] -- Looking for gz-common5-graphics -- found version 5.6.0
[1.847s] -- Searching for dependencies of gz-common5-graphics
[1.848s] -- Looking for gz-math7 -- found version 7.5.0
[1.852s] -- Found GzAssimp: TRUE (found version "5.3.0") 
[1.853s] -- Searching for <gz-common5> component [io]
[1.854s] -- Looking for gz-common5-io -- found version 5.6.0
[1.854s] -- Searching for dependencies of gz-common5-io
[1.855s] -- Searching for <gz-common5> component [profiler]
[1.856s] -- Looking for gz-common5-profiler -- found version 5.6.0
[1.856s] -- Searching for dependencies of gz-common5-profiler
[1.858s] -- Looking for gz-fuel_tools9 -- found version 9.1.0
[1.858s] -- Searching for dependencies of gz-fuel_tools9
[1.970s] -- Found CURL: /usr/lib/x86_64-linux-gnu/libcurl.so (found version "8.5.0")  
[1.983s] -- Checking for module 'jsoncpp'
[2.004s] --   Found jsoncpp, version 1.9.5
[2.067s] -- Found JSONCPP: TRUE  
[2.092s] -- Checking for module 'yaml-0.1'
[2.110s] --   Found yaml-0.1, version 0.2.5
[2.174s] -- Found YAML: TRUE  
[2.182s] -- Checking for module 'libzip'
[2.205s] --   Found libzip, version 1.7.3
[2.263s] -- Found ZIP: TRUE  
[2.263s] -- Looking for gz-utils2 -- found version 2.2.0
[2.264s] -- Looking for gz-common5 -- found version 5.6.0
[2.264s] -- Searching for dependencies of gz-common5
[2.264s] -- Looking for gz-utils2 -- found version 2.2.0
[2.264s] -- Looking for dlfcn.h - found
[2.264s] -- Looking for libdl - found
[2.274s] -- Searching for <gz-common5> component [testing]
[2.275s] -- Looking for gz-common5-testing -- found version 5.6.0
[2.276s] -- Searching for dependencies of gz-common5-testing
[2.276s] -- Looking for gz-math7 -- found version 7.5.0
[2.277s] -- Looking for gz-msgs10 -- found version 10.3.0
[2.278s] -- Looking for gz-gui8 -- found version 8.3.0
[2.278s] -- Searching for dependencies of gz-gui8
[2.302s] -- Looking for gz-utils2 -- found version 2.2.0
[2.302s] -- Looking for gz-math7 -- found version 7.5.0
[2.302s] -- Looking for gz-common5 -- found version 5.6.0
[2.303s] -- Looking for gz-plugin2 -- found version 2.0.3
[2.303s] -- Looking for gz-transport13 -- found version 13.4.0
[2.304s] -- Looking for gz-rendering8 -- found version 8.2.0
[2.304s] -- Searching for dependencies of gz-rendering8
[2.305s] -- Looking for gz-math7 -- found version 7.5.0
[2.305s] -- Searching for dependencies of gz-math7
[2.305s] -- Looking for gz-utils2 -- found version 2.2.0
[2.305s] -- Searching for <gz-math7> component [eigen3]
[2.306s] -- Looking for gz-math7-eigen3 -- found version 7.5.0
[2.307s] -- Searching for dependencies of gz-math7-eigen3
[2.318s] -- Looking for gz-common5 -- found version 5.6.0
[2.318s] -- Searching for dependencies of gz-common5
[2.318s] -- Looking for gz-utils2 -- found version 2.2.0
[2.318s] -- Looking for dlfcn.h - found
[2.319s] -- Looking for libdl - found
[2.332s] -- Searching for <gz-common5> component [graphics]
[2.332s] -- Searching for <gz-common5> component [events]
[2.332s] -- Searching for <gz-common5> component [geospatial]
[2.335s] -- Looking for gz-common5-geospatial -- found version 5.6.0
[2.335s] -- Searching for dependencies of gz-common5-geospatial
[2.336s] -- Looking for gz-math7 -- found version 7.5.0
[2.337s] -- Looking for gz-common5 -- found version 5.6.0
[2.339s] -- Looking for gz-plugin2 -- found version 2.0.3
[2.339s] -- Searching for dependencies of gz-plugin2
[2.339s] -- Looking for gz-utils2 -- found version 2.2.0
[2.339s] -- Searching for <gz-plugin2> component [all]
[2.342s] -- Looking for all libraries of gz-plugin2 -- found version 2.0.3
[2.342s] -- Looking for gz-plugin2 -- found version 2.0.3
[2.343s] -- Looking for gz-utils2 -- found version 2.2.0
[2.354s] -- Found OpenGL: /usr/lib/x86_64-linux-gnu/libOpenGL.so  found components: OpenGL 
[2.355s] -- Looking for gz-msgs10 -- found version 10.3.0
[2.374s] -- Looking for gz-physics7 -- found version 7.3.0
[2.374s] -- Searching for dependencies of gz-physics7
[2.374s] -- Looking for gz-common5 -- found version 5.6.0
[2.374s] -- Looking for gz-math7 -- found version 7.5.0
[2.375s] -- Looking for gz-plugin2 -- found version 2.0.3
[2.375s] -- Looking for gz-utils2 -- found version 2.2.0
[2.376s] -- Searching for <gz-physics7> component [heightmap]
[2.377s] -- Looking for gz-physics7-heightmap -- found version 7.3.0
[2.377s] -- Searching for dependencies of gz-physics7-heightmap
[2.377s] -- Looking for gz-common5 -- found version 5.6.0
[2.377s] -- Searching for <gz-physics7> component [mesh]
[2.378s] -- Looking for gz-physics7-mesh -- found version 7.3.0
[2.378s] -- Searching for dependencies of gz-physics7-mesh
[2.378s] -- Looking for gz-common5 -- found version 5.6.0
[2.379s] -- Searching for <gz-physics7> component [sdf]
[2.380s] -- Looking for gz-physics7-sdf -- found version 7.3.0
[2.380s] -- Searching for dependencies of gz-physics7-sdf
[2.380s] -- Looking for sdformat14 -- found version 14.5.0
[2.381s] -- Looking for gz-sensors8 -- found version 8.2.0
[2.381s] -- Searching for dependencies of gz-sensors8
[2.400s] -- Looking for gz-math7 -- found version 7.5.0
[2.401s] -- Looking for gz-common5 -- found version 5.6.0
[2.401s] -- Looking for gz-transport13 -- found version 13.4.0
[2.401s] -- Looking for gz-rendering8 -- found version 8.2.0
[2.401s] -- Looking for gz-msgs10 -- found version 10.3.0
[2.402s] -- Looking for sdformat14 -- found version 14.5.0
[2.402s] -- Searching for <gz-sensors8> component [air_pressure]
[2.403s] -- Looking for gz-sensors8-air_pressure -- found version 8.2.0
[2.403s] -- Searching for dependencies of gz-sensors8-air_pressure
[2.403s] -- Searching for <gz-sensors8> component [air_speed]
[2.404s] -- Looking for gz-sensors8-air_speed -- found version 8.2.0
[2.404s] -- Searching for dependencies of gz-sensors8-air_speed
[2.404s] -- Searching for <gz-sensors8> component [altimeter]
[2.405s] -- Looking for gz-sensors8-altimeter -- found version 8.2.0
[2.405s] -- Searching for dependencies of gz-sensors8-altimeter
[2.406s] -- Searching for <gz-sensors8> component [imu]
[2.406s] -- Looking for gz-sensors8-imu -- found version 8.2.0
[2.406s] -- Searching for dependencies of gz-sensors8-imu
[2.407s] -- Searching for <gz-sensors8> component [force_torque]
[2.408s] -- Looking for gz-sensors8-force_torque -- found version 8.2.0
[2.408s] -- Searching for dependencies of gz-sensors8-force_torque
[2.408s] -- Searching for <gz-sensors8> component [logical_camera]
[2.409s] -- Looking for gz-sensors8-logical_camera -- found version 8.2.0
[2.409s] -- Searching for dependencies of gz-sensors8-logical_camera
[2.409s] -- Searching for <gz-sensors8> component [magnetometer]
[2.410s] -- Looking for gz-sensors8-magnetometer -- found version 8.2.0
[2.410s] -- Searching for dependencies of gz-sensors8-magnetometer
[2.411s] -- Searching for <gz-sensors8> component [navsat]
[2.412s] -- Looking for gz-sensors8-navsat -- found version 8.2.0
[2.412s] -- Searching for dependencies of gz-sensors8-navsat
[2.412s] -- Searching for <gz-sensors8> component [dvl]
[2.413s] -- Looking for gz-sensors8-dvl -- found version 8.2.0
[2.413s] -- Searching for dependencies of gz-sensors8-dvl
[2.413s] -- Looking for gz-sensors8 -- found version 8.2.0
[2.413s] -- Searching for dependencies of gz-sensors8
[2.436s] -- Looking for gz-math7 -- found version 7.5.0
[2.436s] -- Looking for gz-common5 -- found version 5.6.0
[2.436s] -- Looking for gz-transport13 -- found version 13.4.0
[2.437s] -- Looking for gz-rendering8 -- found version 8.2.0
[2.437s] -- Looking for gz-msgs10 -- found version 10.3.0
[2.437s] -- Looking for sdformat14 -- found version 14.5.0
[2.437s] -- Searching for <gz-sensors8> component [rendering]
[2.438s] -- Looking for gz-sensors8-rendering -- found version 8.2.0
[2.438s] -- Searching for dependencies of gz-sensors8-rendering
[2.439s] -- Searching for <gz-sensors8> component [rendering]
[2.440s] -- Searching for <gz-sensors8> component [lidar]
[2.440s] -- Looking for gz-sensors8-lidar -- found version 8.2.0
[2.440s] -- Searching for dependencies of gz-sensors8-lidar
[2.441s] -- Looking for gz-sensors8 -- found version 8.2.0
[2.441s] -- Searching for <gz-sensors8> component [gpu_lidar]
[2.442s] -- Looking for gz-sensors8-gpu_lidar -- found version 8.2.0
[2.442s] -- Searching for dependencies of gz-sensors8-gpu_lidar
[2.442s] -- Looking for gz-sensors8 -- found version 8.2.0
[2.443s] -- Searching for <gz-sensors8> component [camera]
[2.443s] -- Looking for gz-sensors8-camera -- found version 8.2.0
[2.443s] -- Searching for dependencies of gz-sensors8-camera
[2.444s] -- Looking for gz-sensors8 -- found version 8.2.0
[2.444s] -- Searching for <gz-sensors8> component [boundingbox_camera]
[2.445s] -- Looking for gz-sensors8-boundingbox_camera -- found version 8.2.0
[2.445s] -- Searching for dependencies of gz-sensors8-boundingbox_camera
[2.445s] -- Searching for <gz-sensors8> component [segmentation_camera]
[2.446s] -- Looking for gz-sensors8-segmentation_camera -- found version 8.2.0
[2.446s] -- Searching for dependencies of gz-sensors8-segmentation_camera
[2.447s] -- Searching for <gz-sensors8> component [depth_camera]
[2.447s] -- Looking for gz-sensors8-depth_camera -- found version 8.2.0
[2.447s] -- Searching for dependencies of gz-sensors8-depth_camera
[2.448s] -- Looking for gz-sensors8 -- found version 8.2.0
[2.448s] -- Searching for <gz-sensors8> component [rgbd_camera]
[2.449s] -- Looking for gz-sensors8-rgbd_camera -- found version 8.2.0
[2.449s] -- Searching for dependencies of gz-sensors8-rgbd_camera
[2.449s] -- Looking for gz-sensors8 -- found version 8.2.0
[2.450s] -- Searching for <gz-sensors8> component [thermal_camera]
[2.450s] -- Looking for gz-sensors8-thermal_camera -- found version 8.2.0
[2.450s] -- Searching for dependencies of gz-sensors8-thermal_camera
[2.451s] -- Looking for gz-sensors8 -- found version 8.2.0
[2.451s] -- Searching for <gz-sensors8> component [wide_angle_camera]
[2.452s] -- Looking for gz-sensors8-wide_angle_camera -- found version 8.2.0
[2.452s] -- Searching for dependencies of gz-sensors8-wide_angle_camera
[2.453s] -- Looking for gz-rendering8 -- found version 8.2.0
[2.453s] -- Looking for gz-math7 -- found version 7.5.0
[2.453s] -- Looking for gz-utils2 -- found version 2.2.0
[2.475s] -- Looking for gz-plugin2 -- found version 2.0.3
[2.558s] -- Configuring done (2.5s)
[2.565s] -- Generating done (0.0s)
[2.567s] -- Build files have been written to: /home/ws/src/quadruped/build/quadruped
[2.603s] Invoked command in '/home/ws/src/quadruped/build/quadruped' returned '0': CMAKE_PREFIX_PATH=${CMAKE_PREFIX_PATH}:/opt/ros/jazzy /usr/bin/cmake --build /home/ws/src/quadruped/build/quadruped -- -j20 -l20
[2.663s] Invoking command in '/home/ws/src/quadruped/build/quadruped': CMAKE_PREFIX_PATH=${CMAKE_PREFIX_PATH}:/opt/ros/jazzy /usr/bin/cmake --install /home/ws/src/quadruped/build/quadruped
[2.674s] -- Install configuration: ""
[2.675s] -- Execute custom install script
[2.675s] -- Up-to-date symlink: /home/ws/src/quadruped/install/quadruped/lib/quadruped/template_node.py
[2.675s] -- Up-to-date symlink: /home/ws/src/quadruped/install/quadruped/share/quadruped/launch/gazebo_sim.launch.py
[2.676s] -- Up-to-date symlink: /home/ws/src/quadruped/install/quadruped/share/quadruped/launch/mujoco_sim.launch.py
[2.676s] -- Up-to-date symlink: /home/ws/src/quadruped/install/quadruped/share/quadruped/config/bridge.yaml
[2.676s] -- Up-to-date symlink: /home/ws/src/quadruped/install/quadruped/share/quadruped/config/quadruped.rviz
[2.676s] -- Up-to-date symlink: /home/ws/src/quadruped/install/quadruped/share/quadruped/config/quadruped_controllers.yaml
[2.677s] -- Up-to-date symlink: /home/ws/src/quadruped/install/quadruped/share/quadruped/urdf/Quadruped MJB.mjb
[2.677s] -- Up-to-date symlink: /home/ws/src/quadruped/install/quadruped/share/quadruped/urdf/QuadrupedURDF.urdf.xacro
[2.677s] -- Up-to-date symlink: /home/ws/src/quadruped/install/quadruped/share/quadruped/urdf/QuadrupedURDF_rviz.urdf.xacro
[2.677s] -- Up-to-date symlink: /home/ws/src/quadruped/install/quadruped/share/quadruped/urdf/QuadrupedURDFmujoco.urdf.xacro
[2.677s] -- Up-to-date symlink: /home/ws/src/quadruped/install/quadruped/share/quadruped/urdf/meshes/Body.STL
[2.677s] -- Up-to-date symlink: /home/ws/src/quadruped/install/quadruped/share/quadruped/urdf/meshes/Body_bin.STL
[2.677s] -- Up-to-date symlink: /home/ws/src/quadruped/install/quadruped/share/quadruped/urdf/meshes/Front Left Shin.STL
[2.677s] -- Up-to-date symlink: /home/ws/src/quadruped/install/quadruped/share/quadruped/urdf/meshes/Front Left Thigh.STL
[2.677s] -- Up-to-date symlink: /home/ws/src/quadruped/install/quadruped/share/quadruped/urdf/meshes/Front Right Shin.STL
[2.677s] -- Up-to-date symlink: /home/ws/src/quadruped/install/quadruped/share/quadruped/urdf/meshes/Front Right Thigh.STL
[2.678s] -- Up-to-date symlink: /home/ws/src/quadruped/install/quadruped/share/quadruped/urdf/meshes/Rear Left Shin.STL
[2.678s] -- Up-to-date symlink: /home/ws/src/quadruped/install/quadruped/share/quadruped/urdf/meshes/Rear Left Thigh.STL
[2.678s] -- Up-to-date symlink: /home/ws/src/quadruped/install/quadruped/share/quadruped/urdf/meshes/Rear Right Shin.STL
[2.678s] -- Up-to-date symlink: /home/ws/src/quadruped/install/quadruped/share/quadruped/urdf/meshes/Rear Right Thigh.STL
[2.678s] -- Up-to-date symlink: /home/ws/src/quadruped/install/quadruped/share/quadruped/urdf/mjb_maker.py
[2.678s] -- Up-to-date symlink: /home/ws/src/quadruped/install/quadruped/share/ament_index/resource_index/package_run_dependencies/quadruped
[2.678s] -- Up-to-date symlink: /home/ws/src/quadruped/install/quadruped/share/ament_index/resource_index/parent_prefix_path/quadruped
[2.678s] -- Up-to-date symlink: /home/ws/src/quadruped/install/quadruped/share/quadruped/environment/ament_prefix_path.sh
[2.678s] -- Up-to-date symlink: /home/ws/src/quadruped/install/quadruped/share/quadruped/environment/ament_prefix_path.dsv
[2.679s] -- Up-to-date symlink: /home/ws/src/quadruped/install/quadruped/share/quadruped/environment/path.sh
[2.679s] -- Up-to-date symlink: /home/ws/src/quadruped/install/quadruped/share/quadruped/environment/path.dsv
[2.679s] -- Up-to-date symlink: /home/ws/src/quadruped/install/quadruped/share/quadruped/local_setup.bash
[2.679s] -- Up-to-date symlink: /home/ws/src/quadruped/install/quadruped/share/quadruped/local_setup.sh
[2.679s] -- Up-to-date symlink: /home/ws/src/quadruped/install/quadruped/share/quadruped/local_setup.zsh
[2.679s] -- Up-to-date symlink: /home/ws/src/quadruped/install/quadruped/share/quadruped/local_setup.dsv
[2.679s] -- Symlinking: /home/ws/src/quadruped/install/quadruped/share/quadruped/package.dsv
[2.689s] -- Up-to-date symlink: /home/ws/src/quadruped/install/quadruped/share/ament_index/resource_index/packages/quadruped
[2.689s] -- Up-to-date symlink: /home/ws/src/quadruped/install/quadruped/share/quadruped/cmake/quadrupedConfig.cmake
[2.690s] -- Up-to-date symlink: /home/ws/src/quadruped/install/quadruped/share/quadruped/cmake/quadrupedConfig-version.cmake
[2.690s] -- Up-to-date symlink: /home/ws/src/quadruped/install/quadruped/share/quadruped/package.xml
[2.691s] Invoked command in '/home/ws/src/quadruped/build/quadruped' returned '0': CMAKE_PREFIX_PATH=${CMAKE_PREFIX_PATH}:/opt/ros/jazzy /usr/bin/cmake --install /home/ws/src/quadruped/build/quadruped
