[0.046s] Invoking command in '/home/ws/build/quadruped_bringup': CMAKE_PREFIX_PATH=${CMAKE_PREFIX_PATH}:/home/ws/install/quadruped_simulation:/home/ws/install/quadruped_controllers:/opt/ros/jazzy /usr/bin/cmake --build /home/ws/build/quadruped_bringup -- -j20 -l20
[0.176s] Invoked command in '/home/ws/build/quadruped_bringup' returned '0': CMAKE_PREFIX_PATH=${CMAKE_PREFIX_PATH}:/home/ws/install/quadruped_simulation:/home/ws/install/quadruped_controllers:/opt/ros/jazzy /usr/bin/cmake --build /home/ws/build/quadruped_bringup -- -j20 -l20
[0.267s] Invoking command in '/home/ws/build/quadruped_bringup': CMAKE_PREFIX_PATH=${CMAKE_PREFIX_PATH}:/home/ws/install/quadruped_simulation:/home/ws/install/quadruped_controllers:/opt/ros/jazzy /usr/bin/cmake --install /home/ws/build/quadruped_bringup
[0.293s] -- Install configuration: ""
[0.294s] -- Execute custom install script
[0.296s] -- Up-to-date symlink: /home/ws/install/quadruped_bringup/share/quadruped_bringup/launch/sim.launch.py
[0.299s] -- Up-to-date symlink: /home/ws/install/quadruped_bringup/share/ament_index/resource_index/package_run_dependencies/quadruped_bringup
[0.303s] -- Up-to-date symlink: /home/ws/install/quadruped_bringup/share/ament_index/resource_index/parent_prefix_path/quadruped_bringup
[0.303s] -- Up-to-date symlink: /home/ws/install/quadruped_bringup/share/quadruped_bringup/environment/ament_prefix_path.sh
[0.303s] -- Up-to-date symlink: /home/ws/install/quadruped_bringup/share/quadruped_bringup/environment/ament_prefix_path.dsv
[0.304s] -- Up-to-date symlink: /home/ws/install/quadruped_bringup/share/quadruped_bringup/environment/path.sh
[0.305s] -- Up-to-date symlink: /home/ws/install/quadruped_bringup/share/quadruped_bringup/environment/path.dsv
[0.305s] -- Up-to-date symlink: /home/ws/install/quadruped_bringup/share/quadruped_bringup/local_setup.bash
[0.305s] -- Up-to-date symlink: /home/ws/install/quadruped_bringup/share/quadruped_bringup/local_setup.sh
[0.306s] -- Up-to-date symlink: /home/ws/install/quadruped_bringup/share/quadruped_bringup/local_setup.zsh
[0.307s] -- Up-to-date symlink: /home/ws/install/quadruped_bringup/share/quadruped_bringup/local_setup.dsv
[0.307s] -- Symlinking: /home/ws/install/quadruped_bringup/share/quadruped_bringup/package.dsv
[0.336s] -- Up-to-date symlink: /home/ws/install/quadruped_bringup/share/ament_index/resource_index/packages/quadruped_bringup
[0.337s] -- Up-to-date symlink: /home/ws/install/quadruped_bringup/share/quadruped_bringup/cmake/quadruped_bringupConfig.cmake
[0.337s] -- Up-to-date symlink: /home/ws/install/quadruped_bringup/share/quadruped_bringup/cmake/quadruped_bringupConfig-version.cmake
[0.338s] -- Up-to-date symlink: /home/ws/install/quadruped_bringup/share/quadruped_bringup/package.xml
[0.347s] Invoked command in '/home/ws/build/quadruped_bringup' returned '0': CMAKE_PREFIX_PATH=${CMAKE_PREFIX_PATH}:/home/ws/install/quadruped_simulation:/home/ws/install/quadruped_controllers:/opt/ros/jazzy /usr/bin/cmake --install /home/ws/build/quadruped_bringup
