[0.033s] Invoking command in '/home/ws/build/quadruped_hardware': CMAKE_PREFIX_PATH=${CMAKE_PREFIX_PATH}:/home/ws/install/quadruped_simulation:/home/ws/install/quadruped_controllers:/opt/ros/jazzy /usr/bin/cmake --build /home/ws/build/quadruped_hardware -- -j20 -l20
[0.181s] Invoked command in '/home/ws/build/quadruped_hardware' returned '0': CMAKE_PREFIX_PATH=${CMAKE_PREFIX_PATH}:/home/ws/install/quadruped_simulation:/home/ws/install/quadruped_controllers:/opt/ros/jazzy /usr/bin/cmake --build /home/ws/build/quadruped_hardware -- -j20 -l20
[0.279s] Invoking command in '/home/ws/build/quadruped_hardware': CMAKE_PREFIX_PATH=${CMAKE_PREFIX_PATH}:/home/ws/install/quadruped_simulation:/home/ws/install/quadruped_controllers:/opt/ros/jazzy /usr/bin/cmake --install /home/ws/build/quadruped_hardware
[0.302s] -- Install configuration: ""
[0.306s] -- Execute custom install script
[0.308s] -- Up-to-date symlink: /home/ws/install/quadruped_hardware/share/ament_index/resource_index/package_run_dependencies/quadruped_hardware
[0.309s] -- Up-to-date symlink: /home/ws/install/quadruped_hardware/share/ament_index/resource_index/parent_prefix_path/quadruped_hardware
[0.309s] -- Up-to-date symlink: /home/ws/install/quadruped_hardware/share/quadruped_hardware/environment/ament_prefix_path.sh
[0.309s] -- Up-to-date symlink: /home/ws/install/quadruped_hardware/share/quadruped_hardware/environment/ament_prefix_path.dsv
[0.311s] -- Up-to-date symlink: /home/ws/install/quadruped_hardware/share/quadruped_hardware/environment/path.sh
[0.313s] -- Up-to-date symlink: /home/ws/install/quadruped_hardware/share/quadruped_hardware/environment/path.dsv
[0.313s] -- Up-to-date symlink: /home/ws/install/quadruped_hardware/share/quadruped_hardware/local_setup.bash
[0.315s] -- Up-to-date symlink: /home/ws/install/quadruped_hardware/share/quadruped_hardware/local_setup.sh
[0.316s] -- Up-to-date symlink: /home/ws/install/quadruped_hardware/share/quadruped_hardware/local_setup.zsh
[0.317s] -- Up-to-date symlink: /home/ws/install/quadruped_hardware/share/quadruped_hardware/local_setup.dsv
[0.317s] -- Symlinking: /home/ws/install/quadruped_hardware/share/quadruped_hardware/package.dsv
[0.338s] -- Up-to-date symlink: /home/ws/install/quadruped_hardware/share/ament_index/resource_index/packages/quadruped_hardware
[0.338s] -- Up-to-date symlink: /home/ws/install/quadruped_hardware/share/quadruped_hardware/cmake/quadruped_hardwareConfig.cmake
[0.339s] -- Up-to-date symlink: /home/ws/install/quadruped_hardware/share/quadruped_hardware/cmake/quadruped_hardwareConfig-version.cmake
[0.340s] -- Up-to-date symlink: /home/ws/install/quadruped_hardware/share/quadruped_hardware/package.xml
[0.371s] Invoked command in '/home/ws/build/quadruped_hardware' returned '0': CMAKE_PREFIX_PATH=${CMAKE_PREFIX_PATH}:/home/ws/install/quadruped_simulation:/home/ws/install/quadruped_controllers:/opt/ros/jazzy /usr/bin/cmake --install /home/ws/build/quadruped_hardware
