[0.189s] DEBUG:colcon:Command line arguments: ['/usr/bin/colcon', 'build', '--symlink-install']
[0.189s] DEBUG:colcon:Parsed command line arguments: Namespace(log_base=None, log_level=None, verb_name='build', build_base='build', install_base='install', merge_install=False, symlink_install=True, test_result_base=None, continue_on_error=False, executor='parallel', parallel_workers=20, event_handlers=None, ignore_user_meta=False, metas=['./colcon.meta'], base_paths=['.'], packages_ignore=None, packages_ignore_regex=None, paths=None, packages_up_to=None, packages_up_to_regex=None, packages_above=None, packages_above_and_dependencies=None, packages_above_depth=None, packages_select_by_dep=None, packages_skip_by_dep=None, packages_skip_up_to=None, packages_select_build_failed=False, packages_skip_build_finished=False, packages_select_test_failures=False, packages_skip_test_passed=False, packages_select=None, packages_skip=None, packages_select_regex=None, packages_skip_regex=None, packages_start=None, packages_end=None, cmake_args=None, cmake_target=None, cmake_target_skip_unavailable=False, cmake_clean_cache=False, cmake_clean_first=False, cmake_force_configure=False, ament_cmake_args=None, catkin_cmake_args=None, catkin_skip_building_tests=False, mixin_files=None, mixin=None, verb_parser=<colcon_mixin.mixin.mixin_argument.MixinArgumentDecorator object at 0x72d5c565bd40>, verb_extension=<colcon_core.verb.build.BuildVerb object at 0x72d5c565ba70>, main=<bound method BuildVerb.main of <colcon_core.verb.build.BuildVerb object at 0x72d5c565ba70>>, mixin_verb=('build',))
[0.261s] Level 1:colcon.colcon_core.package_discovery:discover_packages(colcon_meta) check parameters
[0.261s] Level 1:colcon.colcon_core.package_discovery:discover_packages(recursive) check parameters
[0.261s] Level 1:colcon.colcon_core.package_discovery:discover_packages(ignore) check parameters
[0.261s] Level 1:colcon.colcon_core.package_discovery:discover_packages(path) check parameters
[0.261s] Level 1:colcon.colcon_core.package_discovery:discover_packages(colcon_meta) discover
[0.261s] Level 1:colcon.colcon_core.package_discovery:discover_packages(recursive) discover
[0.261s] INFO:colcon.colcon_core.package_discovery:Crawling recursively for packages in '/home/ws'
[0.262s] Level 1:colcon.colcon_core.package_identification:_identify(.) by extensions ['ignore', 'ignore_ament_install']
[0.262s] Level 1:colcon.colcon_core.package_identification:_identify(.) by extension 'ignore'
[0.262s] Level 1:colcon.colcon_core.package_identification:_identify(.) by extension 'ignore_ament_install'
[0.262s] Level 1:colcon.colcon_core.package_identification:_identify(.) by extensions ['colcon_pkg']
[0.262s] Level 1:colcon.colcon_core.package_identification:_identify(.) by extension 'colcon_pkg'
[0.262s] Level 1:colcon.colcon_core.package_identification:_identify(.) by extensions ['colcon_meta']
[0.262s] Level 1:colcon.colcon_core.package_identification:_identify(.) by extension 'colcon_meta'
[0.262s] Level 1:colcon.colcon_core.package_identification:_identify(.) by extensions ['ros']
[0.262s] Level 1:colcon.colcon_core.package_identification:_identify(.) by extension 'ros'
[0.310s] Level 1:colcon.colcon_core.package_identification:_identify(.) by extensions ['cmake', 'python']
[0.310s] Level 1:colcon.colcon_core.package_identification:_identify(.) by extension 'cmake'
[0.311s] Level 1:colcon.colcon_core.package_identification:_identify(.) by extension 'python'
[0.311s] Level 1:colcon.colcon_core.package_identification:_identify(.) by extensions ['python_setup_py']
[0.311s] Level 1:colcon.colcon_core.package_identification:_identify(.) by extension 'python_setup_py'
[0.311s] Level 1:colcon.colcon_core.package_identification:_identify(build) by extensions ['ignore', 'ignore_ament_install']
[0.311s] Level 1:colcon.colcon_core.package_identification:_identify(build) by extension 'ignore'
[0.311s] Level 1:colcon.colcon_core.package_identification:_identify(build) ignored
[0.311s] Level 1:colcon.colcon_core.package_identification:_identify(install) by extensions ['ignore', 'ignore_ament_install']
[0.311s] Level 1:colcon.colcon_core.package_identification:_identify(install) by extension 'ignore'
[0.312s] Level 1:colcon.colcon_core.package_identification:_identify(install) ignored
[0.312s] Level 1:colcon.colcon_core.package_identification:_identify(log) by extensions ['ignore', 'ignore_ament_install']
[0.312s] Level 1:colcon.colcon_core.package_identification:_identify(log) by extension 'ignore'
[0.312s] Level 1:colcon.colcon_core.package_identification:_identify(log) ignored
[0.312s] Level 1:colcon.colcon_core.package_identification:_identify(src) by extensions ['ignore', 'ignore_ament_install']
[0.312s] Level 1:colcon.colcon_core.package_identification:_identify(src) by extension 'ignore'
[0.312s] Level 1:colcon.colcon_core.package_identification:_identify(src) by extension 'ignore_ament_install'
[0.312s] Level 1:colcon.colcon_core.package_identification:_identify(src) by extensions ['colcon_pkg']
[0.312s] Level 1:colcon.colcon_core.package_identification:_identify(src) by extension 'colcon_pkg'
[0.312s] Level 1:colcon.colcon_core.package_identification:_identify(src) by extensions ['colcon_meta']
[0.312s] Level 1:colcon.colcon_core.package_identification:_identify(src) by extension 'colcon_meta'
[0.312s] Level 1:colcon.colcon_core.package_identification:_identify(src) by extensions ['ros']
[0.313s] Level 1:colcon.colcon_core.package_identification:_identify(src) by extension 'ros'
[0.313s] Level 1:colcon.colcon_core.package_identification:_identify(src) by extensions ['cmake', 'python']
[0.313s] Level 1:colcon.colcon_core.package_identification:_identify(src) by extension 'cmake'
[0.313s] Level 1:colcon.colcon_core.package_identification:_identify(src) by extension 'python'
[0.313s] Level 1:colcon.colcon_core.package_identification:_identify(src) by extensions ['python_setup_py']
[0.313s] Level 1:colcon.colcon_core.package_identification:_identify(src) by extension 'python_setup_py'
[0.313s] Level 1:colcon.colcon_core.package_identification:_identify(src/quadruped) by extensions ['ignore', 'ignore_ament_install']
[0.313s] Level 1:colcon.colcon_core.package_identification:_identify(src/quadruped) by extension 'ignore'
[0.313s] Level 1:colcon.colcon_core.package_identification:_identify(src/quadruped) by extension 'ignore_ament_install'
[0.313s] Level 1:colcon.colcon_core.package_identification:_identify(src/quadruped) by extensions ['colcon_pkg']
[0.313s] Level 1:colcon.colcon_core.package_identification:_identify(src/quadruped) by extension 'colcon_pkg'
[0.314s] Level 1:colcon.colcon_core.package_identification:_identify(src/quadruped) by extensions ['colcon_meta']
[0.314s] Level 1:colcon.colcon_core.package_identification:_identify(src/quadruped) by extension 'colcon_meta'
[0.314s] Level 1:colcon.colcon_core.package_identification:_identify(src/quadruped) by extensions ['ros']
[0.314s] Level 1:colcon.colcon_core.package_identification:_identify(src/quadruped) by extension 'ros'
[0.320s] DEBUG:colcon.colcon_core.package_identification:Package 'src/quadruped' with type 'ros.ament_cmake' and name 'quadruped'
[0.321s] Level 1:colcon.colcon_core.package_identification:_identify(src/quadruped_controllers) by extensions ['ignore', 'ignore_ament_install']
[0.321s] Level 1:colcon.colcon_core.package_identification:_identify(src/quadruped_controllers) by extension 'ignore'
[0.321s] Level 1:colcon.colcon_core.package_identification:_identify(src/quadruped_controllers) by extension 'ignore_ament_install'
[0.321s] Level 1:colcon.colcon_core.package_identification:_identify(src/quadruped_controllers) by extensions ['colcon_pkg']
[0.321s] Level 1:colcon.colcon_core.package_identification:_identify(src/quadruped_controllers) by extension 'colcon_pkg'
[0.321s] Level 1:colcon.colcon_core.package_identification:_identify(src/quadruped_controllers) by extensions ['colcon_meta']
[0.321s] Level 1:colcon.colcon_core.package_identification:_identify(src/quadruped_controllers) by extension 'colcon_meta'
[0.321s] Level 1:colcon.colcon_core.package_identification:_identify(src/quadruped_controllers) by extensions ['ros']
[0.321s] Level 1:colcon.colcon_core.package_identification:_identify(src/quadruped_controllers) by extension 'ros'
[0.322s] DEBUG:colcon.colcon_core.package_identification:Package 'src/quadruped_controllers' with type 'ros.ament_python' and name 'quadruped_controllers'
[0.323s] Level 1:colcon.colcon_core.package_identification:_identify(src/quadruped_simulation) by extensions ['ignore', 'ignore_ament_install']
[0.323s] Level 1:colcon.colcon_core.package_identification:_identify(src/quadruped_simulation) by extension 'ignore'
[0.323s] Level 1:colcon.colcon_core.package_identification:_identify(src/quadruped_simulation) by extension 'ignore_ament_install'
[0.323s] Level 1:colcon.colcon_core.package_identification:_identify(src/quadruped_simulation) by extensions ['colcon_pkg']
[0.323s] Level 1:colcon.colcon_core.package_identification:_identify(src/quadruped_simulation) by extension 'colcon_pkg'
[0.323s] Level 1:colcon.colcon_core.package_identification:_identify(src/quadruped_simulation) by extensions ['colcon_meta']
[0.323s] Level 1:colcon.colcon_core.package_identification:_identify(src/quadruped_simulation) by extension 'colcon_meta'
[0.324s] Level 1:colcon.colcon_core.package_identification:_identify(src/quadruped_simulation) by extensions ['ros']
[0.324s] Level 1:colcon.colcon_core.package_identification:_identify(src/quadruped_simulation) by extension 'ros'
[0.325s] DEBUG:colcon.colcon_core.package_identification:Package 'src/quadruped_simulation' with type 'ros.ament_python' and name 'quadruped_simulation'
[0.325s] Level 1:colcon.colcon_core.package_discovery:discover_packages(recursive) using defaults
[0.325s] Level 1:colcon.colcon_core.package_discovery:discover_packages(ignore) discover
[0.325s] Level 1:colcon.colcon_core.package_discovery:discover_packages(ignore) using defaults
[0.325s] Level 1:colcon.colcon_core.package_discovery:discover_packages(path) discover
[0.325s] Level 1:colcon.colcon_core.package_discovery:discover_packages(path) using defaults
[0.361s] Level 5:colcon.colcon_core.verb:set package 'quadruped' build argument 'cmake_args' from command line to 'None'
[0.361s] Level 5:colcon.colcon_core.verb:set package 'quadruped' build argument 'cmake_target' from command line to 'None'
[0.361s] Level 5:colcon.colcon_core.verb:set package 'quadruped' build argument 'cmake_target_skip_unavailable' from command line to 'False'
[0.361s] Level 5:colcon.colcon_core.verb:set package 'quadruped' build argument 'cmake_clean_cache' from command line to 'False'
[0.361s] Level 5:colcon.colcon_core.verb:set package 'quadruped' build argument 'cmake_clean_first' from command line to 'False'
[0.361s] Level 5:colcon.colcon_core.verb:set package 'quadruped' build argument 'cmake_force_configure' from command line to 'False'
[0.361s] Level 5:colcon.colcon_core.verb:set package 'quadruped' build argument 'ament_cmake_args' from command line to 'None'
[0.361s] Level 5:colcon.colcon_core.verb:set package 'quadruped' build argument 'catkin_cmake_args' from command line to 'None'
[0.361s] Level 5:colcon.colcon_core.verb:set package 'quadruped' build argument 'catkin_skip_building_tests' from command line to 'False'
[0.361s] DEBUG:colcon.colcon_core.verb:Building package 'quadruped' with the following arguments: {'ament_cmake_args': None, 'build_base': '/home/ws/build/quadruped', 'catkin_cmake_args': None, 'catkin_skip_building_tests': False, 'cmake_args': None, 'cmake_clean_cache': False, 'cmake_clean_first': False, 'cmake_force_configure': False, 'cmake_target': None, 'cmake_target_skip_unavailable': False, 'install_base': '/home/ws/install/quadruped', 'merge_install': False, 'path': '/home/ws/src/quadruped', 'symlink_install': True, 'test_result_base': None}
[0.362s] Level 5:colcon.colcon_core.verb:set package 'quadruped_controllers' build argument 'cmake_args' from command line to 'None'
[0.362s] Level 5:colcon.colcon_core.verb:set package 'quadruped_controllers' build argument 'cmake_target' from command line to 'None'
[0.362s] Level 5:colcon.colcon_core.verb:set package 'quadruped_controllers' build argument 'cmake_target_skip_unavailable' from command line to 'False'
[0.362s] Level 5:colcon.colcon_core.verb:set package 'quadruped_controllers' build argument 'cmake_clean_cache' from command line to 'False'
[0.362s] Level 5:colcon.colcon_core.verb:set package 'quadruped_controllers' build argument 'cmake_clean_first' from command line to 'False'
[0.362s] Level 5:colcon.colcon_core.verb:set package 'quadruped_controllers' build argument 'cmake_force_configure' from command line to 'False'
[0.362s] Level 5:colcon.colcon_core.verb:set package 'quadruped_controllers' build argument 'ament_cmake_args' from command line to 'None'
[0.362s] Level 5:colcon.colcon_core.verb:set package 'quadruped_controllers' build argument 'catkin_cmake_args' from command line to 'None'
[0.362s] Level 5:colcon.colcon_core.verb:set package 'quadruped_controllers' build argument 'catkin_skip_building_tests' from command line to 'False'
[0.362s] DEBUG:colcon.colcon_core.verb:Building package 'quadruped_controllers' with the following arguments: {'ament_cmake_args': None, 'build_base': '/home/ws/build/quadruped_controllers', 'catkin_cmake_args': None, 'catkin_skip_building_tests': False, 'cmake_args': None, 'cmake_clean_cache': False, 'cmake_clean_first': False, 'cmake_force_configure': False, 'cmake_target': None, 'cmake_target_skip_unavailable': False, 'install_base': '/home/ws/install/quadruped_controllers', 'merge_install': False, 'path': '/home/ws/src/quadruped_controllers', 'symlink_install': True, 'test_result_base': None}
[0.362s] Level 5:colcon.colcon_core.verb:set package 'quadruped_simulation' build argument 'cmake_args' from command line to 'None'
[0.363s] Level 5:colcon.colcon_core.verb:set package 'quadruped_simulation' build argument 'cmake_target' from command line to 'None'
[0.363s] Level 5:colcon.colcon_core.verb:set package 'quadruped_simulation' build argument 'cmake_target_skip_unavailable' from command line to 'False'
[0.363s] Level 5:colcon.colcon_core.verb:set package 'quadruped_simulation' build argument 'cmake_clean_cache' from command line to 'False'
[0.363s] Level 5:colcon.colcon_core.verb:set package 'quadruped_simulation' build argument 'cmake_clean_first' from command line to 'False'
[0.363s] Level 5:colcon.colcon_core.verb:set package 'quadruped_simulation' build argument 'cmake_force_configure' from command line to 'False'
[0.363s] Level 5:colcon.colcon_core.verb:set package 'quadruped_simulation' build argument 'ament_cmake_args' from command line to 'None'
[0.363s] Level 5:colcon.colcon_core.verb:set package 'quadruped_simulation' build argument 'catkin_cmake_args' from command line to 'None'
[0.363s] Level 5:colcon.colcon_core.verb:set package 'quadruped_simulation' build argument 'catkin_skip_building_tests' from command line to 'False'
[0.363s] DEBUG:colcon.colcon_core.verb:Building package 'quadruped_simulation' with the following arguments: {'ament_cmake_args': None, 'build_base': '/home/ws/build/quadruped_simulation', 'catkin_cmake_args': None, 'catkin_skip_building_tests': False, 'cmake_args': None, 'cmake_clean_cache': False, 'cmake_clean_first': False, 'cmake_force_configure': False, 'cmake_target': None, 'cmake_target_skip_unavailable': False, 'install_base': '/home/ws/install/quadruped_simulation', 'merge_install': False, 'path': '/home/ws/src/quadruped_simulation', 'symlink_install': True, 'test_result_base': None}
[0.363s] INFO:colcon.colcon_core.executor:Executing jobs using 'parallel' executor
[0.365s] DEBUG:colcon.colcon_parallel_executor.executor.parallel:run_until_complete
[0.366s] INFO:colcon.colcon_ros.task.ament_cmake.build:Building ROS package in '/home/ws/src/quadruped' with build type 'ament_cmake'
[0.366s] INFO:colcon.colcon_cmake.task.cmake.build:Building CMake package in '/home/ws/src/quadruped'
[0.370s] INFO:colcon.colcon_core.plugin_system:Skipping extension 'colcon_core.shell.bat': Not used on non-Windows systems
[0.371s] INFO:colcon.colcon_core.shell:Skip shell extension 'powershell' for command environment: Not usable outside of PowerShell
[0.371s] DEBUG:colcon.colcon_core.shell:Skip shell extension 'dsv' for command environment
[0.387s] INFO:colcon.colcon_ros.task.ament_python.build:Building ROS package in '/home/ws/src/quadruped_controllers' with build type 'ament_python'
[0.387s] Level 1:colcon.colcon_core.shell:create_environment_hook('quadruped_controllers', 'ament_prefix_path')
[0.388s] INFO:colcon.colcon_core.shell:Creating environment hook '/home/ws/install/quadruped_controllers/share/quadruped_controllers/hook/ament_prefix_path.ps1'
[0.390s] INFO:colcon.colcon_core.shell:Creating environment descriptor '/home/ws/install/quadruped_controllers/share/quadruped_controllers/hook/ament_prefix_path.dsv'
[0.391s] INFO:colcon.colcon_core.shell:Creating environment hook '/home/ws/install/quadruped_controllers/share/quadruped_controllers/hook/ament_prefix_path.sh'
[0.392s] INFO:colcon.colcon_core.shell:Skip shell extension 'powershell' for command environment: Not usable outside of PowerShell
[0.393s] DEBUG:colcon.colcon_core.shell:Skip shell extension 'dsv' for command environment
[0.402s] INFO:colcon.colcon_ros.task.ament_python.build:Building ROS package in '/home/ws/src/quadruped_simulation' with build type 'ament_python'
[0.403s] Level 1:colcon.colcon_core.shell:create_environment_hook('quadruped_simulation', 'ament_prefix_path')
[0.403s] INFO:colcon.colcon_core.shell:Creating environment hook '/home/ws/install/quadruped_simulation/share/quadruped_simulation/hook/ament_prefix_path.ps1'
[0.406s] INFO:colcon.colcon_core.shell:Creating environment descriptor '/home/ws/install/quadruped_simulation/share/quadruped_simulation/hook/ament_prefix_path.dsv'
[0.407s] INFO:colcon.colcon_core.shell:Creating environment hook '/home/ws/install/quadruped_simulation/share/quadruped_simulation/hook/ament_prefix_path.sh'
[0.408s] INFO:colcon.colcon_core.shell:Skip shell extension 'powershell' for command environment: Not usable outside of PowerShell
[0.408s] DEBUG:colcon.colcon_core.shell:Skip shell extension 'dsv' for command environment
[0.432s] DEBUG:colcon.colcon_core.event_handler.log_command:Invoking command in '/home/ws/build/quadruped': CMAKE_PREFIX_PATH=${CMAKE_PREFIX_PATH}:/home/ws/install/quadruped_simulation:/home/ws/install/quadruped_controllers:/opt/ros/jazzy /usr/bin/cmake --build /home/ws/build/quadruped -- -j20 -l20
[0.733s] INFO:colcon.colcon_core.task.python.build:Building Python package in '/home/ws/src/quadruped_controllers'
[0.733s] INFO:colcon.colcon_core.shell:Skip shell extension 'powershell' for command environment: Not usable outside of PowerShell
[0.733s] DEBUG:colcon.colcon_core.shell:Skip shell extension 'dsv' for command environment
[1.013s] INFO:colcon.colcon_core.task.python.build:Building Python package in '/home/ws/src/quadruped_simulation'
[1.014s] INFO:colcon.colcon_core.shell:Skip shell extension 'powershell' for command environment: Not usable outside of PowerShell
[1.014s] DEBUG:colcon.colcon_core.shell:Skip shell extension 'dsv' for command environment
[1.931s] DEBUG:colcon.colcon_core.event_handler.log_command:Invoking command in '/home/ws/build/quadruped_controllers': PYTHONPATH=/home/ws/build/quadruped_controllers/prefix_override:/usr/lib/python3/dist-packages/colcon_core/task/python/colcon_distutils_commands:/home/ws/install/quadruped_controllers/lib/python3.12/site-packages:${PYTHONPATH} /usr/bin/python3 -W ignore:setup.py install is deprecated setup.py develop --editable --build-directory /home/ws/build/quadruped_controllers/build --no-deps symlink_data
[1.935s] DEBUG:colcon.colcon_core.event_handler.log_command:Invoking command in '/home/ws/build/quadruped_simulation': PYTHONPATH=/home/ws/build/quadruped_simulation/prefix_override:/usr/lib/python3/dist-packages/colcon_core/task/python/colcon_distutils_commands:/home/ws/install/quadruped_simulation/lib/python3.12/site-packages:${PYTHONPATH} /usr/bin/python3 -W ignore:setup.py install is deprecated setup.py develop --editable --build-directory /home/ws/build/quadruped_simulation/build --no-deps symlink_data
[2.611s] Level 1:colcon.colcon_core.shell:create_environment_hook('quadruped_controllers', 'pythonpath_develop')
[2.612s] INFO:colcon.colcon_core.shell:Creating environment hook '/home/ws/build/quadruped_controllers/share/quadruped_controllers/hook/pythonpath_develop.ps1'
[2.613s] DEBUG:colcon.colcon_core.event_handler.log_command:Invoked command in '/home/ws/build/quadruped_controllers' returned '0': PYTHONPATH=/home/ws/build/quadruped_controllers/prefix_override:/usr/lib/python3/dist-packages/colcon_core/task/python/colcon_distutils_commands:/home/ws/install/quadruped_controllers/lib/python3.12/site-packages:${PYTHONPATH} /usr/bin/python3 -W ignore:setup.py install is deprecated setup.py develop --editable --build-directory /home/ws/build/quadruped_controllers/build --no-deps symlink_data
[2.614s] INFO:colcon.colcon_core.shell:Creating environment descriptor '/home/ws/build/quadruped_controllers/share/quadruped_controllers/hook/pythonpath_develop.dsv'
[2.617s] INFO:colcon.colcon_core.shell:Creating environment hook '/home/ws/build/quadruped_controllers/share/quadruped_controllers/hook/pythonpath_develop.sh'
[2.626s] Level 1:colcon.colcon_core.environment:checking '/home/ws/install/quadruped_controllers' for CMake module files
[2.626s] Level 1:colcon.colcon_core.environment:checking '/home/ws/install/quadruped_controllers' for CMake config files
[2.627s] Level 1:colcon.colcon_core.environment:checking '/home/ws/install/quadruped_controllers/lib'
[2.627s] Level 1:colcon.colcon_core.environment:checking '/home/ws/install/quadruped_controllers/bin'
[2.627s] Level 1:colcon.colcon_core.environment:checking '/home/ws/install/quadruped_controllers/lib/pkgconfig/quadruped_controllers.pc'
[2.628s] Level 1:colcon.colcon_core.environment:checking '/home/ws/install/quadruped_controllers/lib/python3.12/site-packages'
[2.628s] Level 1:colcon.colcon_core.shell:create_environment_hook('quadruped_controllers', 'pythonpath')
[2.628s] INFO:colcon.colcon_core.shell:Creating environment hook '/home/ws/install/quadruped_controllers/share/quadruped_controllers/hook/pythonpath.ps1'
[2.628s] INFO:colcon.colcon_core.shell:Creating environment descriptor '/home/ws/install/quadruped_controllers/share/quadruped_controllers/hook/pythonpath.dsv'
[2.629s] INFO:colcon.colcon_core.shell:Creating environment hook '/home/ws/install/quadruped_controllers/share/quadruped_controllers/hook/pythonpath.sh'
[2.629s] Level 1:colcon.colcon_core.environment:checking '/home/ws/install/quadruped_controllers/bin'
[2.629s] Level 1:colcon.colcon_core.environment:create_environment_scripts_only(quadruped_controllers)
[2.630s] INFO:colcon.colcon_core.shell:Creating package script '/home/ws/install/quadruped_controllers/share/quadruped_controllers/package.ps1'
[2.631s] INFO:colcon.colcon_core.shell:Creating package descriptor '/home/ws/install/quadruped_controllers/share/quadruped_controllers/package.dsv'
[2.631s] INFO:colcon.colcon_core.shell:Creating package script '/home/ws/install/quadruped_controllers/share/quadruped_controllers/package.sh'
[2.633s] INFO:colcon.colcon_core.shell:Creating package script '/home/ws/install/quadruped_controllers/share/quadruped_controllers/package.bash'
[2.633s] INFO:colcon.colcon_core.shell:Creating package script '/home/ws/install/quadruped_controllers/share/quadruped_controllers/package.zsh'
[2.634s] Level 1:colcon.colcon_core.environment:create_file_with_runtime_dependencies(/home/ws/install/quadruped_controllers/share/colcon-core/packages/quadruped_controllers)
[2.645s] Level 1:colcon.colcon_core.shell:create_environment_hook('quadruped_simulation', 'pythonpath_develop')
[2.646s] INFO:colcon.colcon_core.shell:Creating environment hook '/home/ws/build/quadruped_simulation/share/quadruped_simulation/hook/pythonpath_develop.ps1'
[2.647s] DEBUG:colcon.colcon_core.event_handler.log_command:Invoked command in '/home/ws/build/quadruped_simulation' returned '0': PYTHONPATH=/home/ws/build/quadruped_simulation/prefix_override:/usr/lib/python3/dist-packages/colcon_core/task/python/colcon_distutils_commands:/home/ws/install/quadruped_simulation/lib/python3.12/site-packages:${PYTHONPATH} /usr/bin/python3 -W ignore:setup.py install is deprecated setup.py develop --editable --build-directory /home/ws/build/quadruped_simulation/build --no-deps symlink_data
[2.648s] INFO:colcon.colcon_core.shell:Creating environment descriptor '/home/ws/build/quadruped_simulation/share/quadruped_simulation/hook/pythonpath_develop.dsv'
[2.649s] INFO:colcon.colcon_core.shell:Creating environment hook '/home/ws/build/quadruped_simulation/share/quadruped_simulation/hook/pythonpath_develop.sh'
[2.650s] Level 1:colcon.colcon_core.environment:checking '/home/ws/install/quadruped_simulation' for CMake module files
[2.651s] Level 1:colcon.colcon_core.environment:checking '/home/ws/install/quadruped_simulation' for CMake config files
[2.653s] Level 1:colcon.colcon_core.environment:checking '/home/ws/install/quadruped_simulation/lib'
[2.653s] Level 1:colcon.colcon_core.environment:checking '/home/ws/install/quadruped_simulation/bin'
[2.653s] Level 1:colcon.colcon_core.environment:checking '/home/ws/install/quadruped_simulation/lib/pkgconfig/quadruped_simulation.pc'
[2.654s] Level 1:colcon.colcon_core.environment:checking '/home/ws/install/quadruped_simulation/lib/python3.12/site-packages'
[2.654s] Level 1:colcon.colcon_core.shell:create_environment_hook('quadruped_simulation', 'pythonpath')
[2.655s] INFO:colcon.colcon_core.shell:Creating environment hook '/home/ws/install/quadruped_simulation/share/quadruped_simulation/hook/pythonpath.ps1'
[2.656s] INFO:colcon.colcon_core.shell:Creating environment descriptor '/home/ws/install/quadruped_simulation/share/quadruped_simulation/hook/pythonpath.dsv'
[2.657s] INFO:colcon.colcon_core.shell:Creating environment hook '/home/ws/install/quadruped_simulation/share/quadruped_simulation/hook/pythonpath.sh'
[2.659s] Level 1:colcon.colcon_core.environment:checking '/home/ws/install/quadruped_simulation/bin'
[2.659s] Level 1:colcon.colcon_core.environment:create_environment_scripts_only(quadruped_simulation)
[2.660s] INFO:colcon.colcon_core.shell:Creating package script '/home/ws/install/quadruped_simulation/share/quadruped_simulation/package.ps1'
[2.662s] INFO:colcon.colcon_core.shell:Creating package descriptor '/home/ws/install/quadruped_simulation/share/quadruped_simulation/package.dsv'
[2.663s] INFO:colcon.colcon_core.shell:Creating package script '/home/ws/install/quadruped_simulation/share/quadruped_simulation/package.sh'
[2.664s] INFO:colcon.colcon_core.shell:Creating package script '/home/ws/install/quadruped_simulation/share/quadruped_simulation/package.bash'
[2.665s] INFO:colcon.colcon_core.shell:Creating package script '/home/ws/install/quadruped_simulation/share/quadruped_simulation/package.zsh'
[2.666s] Level 1:colcon.colcon_core.environment:create_file_with_runtime_dependencies(/home/ws/install/quadruped_simulation/share/colcon-core/packages/quadruped_simulation)
[28.541s] DEBUG:colcon.colcon_parallel_executor.executor.parallel:run_until_complete was interrupted
[28.541s] DEBUG:colcon.colcon_parallel_executor.executor.parallel:run_until_complete again
[28.546s] DEBUG:colcon.colcon_core.event_handler.log_command:Invoked command in '/home/ws/build/quadruped' returned '-2': CMAKE_PREFIX_PATH=${CMAKE_PREFIX_PATH}:/home/ws/install/quadruped_simulation:/home/ws/install/quadruped_controllers:/opt/ros/jazzy /usr/bin/cmake --build /home/ws/build/quadruped -- -j20 -l20
[28.752s] Level 1:colcon.colcon_core.environment:create_environment_scripts_only(quadruped)
[28.753s] Level 1:colcon.colcon_core.environment:checking '/home/ws/install/quadruped' for CMake module files
[28.756s] Level 1:colcon.colcon_core.environment:checking '/home/ws/install/quadruped' for CMake config files
[28.758s] Level 1:colcon.colcon_core.shell:create_environment_hook('quadruped', 'cmake_prefix_path')
[28.758s] INFO:colcon.colcon_core.shell:Creating environment hook '/home/ws/install/quadruped/share/quadruped/hook/cmake_prefix_path.ps1'
[28.759s] INFO:colcon.colcon_core.shell:Creating environment descriptor '/home/ws/install/quadruped/share/quadruped/hook/cmake_prefix_path.dsv'
[28.760s] INFO:colcon.colcon_core.shell:Creating environment hook '/home/ws/install/quadruped/share/quadruped/hook/cmake_prefix_path.sh'
[28.761s] Level 1:colcon.colcon_core.environment:checking '/home/ws/install/quadruped/lib'
[28.761s] Level 1:colcon.colcon_core.shell:create_environment_hook('quadruped', 'ld_library_path_lib')
[28.761s] INFO:colcon.colcon_core.shell:Creating environment hook '/home/ws/install/quadruped/share/quadruped/hook/ld_library_path_lib.ps1'
[28.762s] INFO:colcon.colcon_core.shell:Creating environment descriptor '/home/ws/install/quadruped/share/quadruped/hook/ld_library_path_lib.dsv'
[28.762s] INFO:colcon.colcon_core.shell:Creating environment hook '/home/ws/install/quadruped/share/quadruped/hook/ld_library_path_lib.sh'
[28.763s] Level 1:colcon.colcon_core.environment:checking '/home/ws/install/quadruped/bin'
[28.763s] Level 1:colcon.colcon_core.environment:checking '/home/ws/install/quadruped/lib/pkgconfig/quadruped.pc'
[28.764s] Level 1:colcon.colcon_core.environment:checking '/home/ws/install/quadruped/lib/python3.12/site-packages'
[28.764s] Level 1:colcon.colcon_core.shell:create_environment_hook('quadruped', 'pythonpath')
[28.764s] INFO:colcon.colcon_core.shell:Creating environment hook '/home/ws/install/quadruped/share/quadruped/hook/pythonpath.ps1'
[28.765s] INFO:colcon.colcon_core.shell:Creating environment descriptor '/home/ws/install/quadruped/share/quadruped/hook/pythonpath.dsv'
[28.765s] INFO:colcon.colcon_core.shell:Creating environment hook '/home/ws/install/quadruped/share/quadruped/hook/pythonpath.sh'
[28.766s] Level 1:colcon.colcon_core.environment:checking '/home/ws/install/quadruped/bin'
[28.766s] INFO:colcon.colcon_core.shell:Creating package script '/home/ws/install/quadruped/share/quadruped/package.ps1'
[28.767s] INFO:colcon.colcon_core.shell:Creating package descriptor '/home/ws/install/quadruped/share/quadruped/package.dsv'
[28.768s] INFO:colcon.colcon_core.shell:Creating package script '/home/ws/install/quadruped/share/quadruped/package.sh'
[28.769s] INFO:colcon.colcon_core.shell:Creating package script '/home/ws/install/quadruped/share/quadruped/package.bash'
[28.769s] INFO:colcon.colcon_core.shell:Creating package script '/home/ws/install/quadruped/share/quadruped/package.zsh'
[28.769s] Level 1:colcon.colcon_core.environment:create_file_with_runtime_dependencies(/home/ws/install/quadruped/share/colcon-core/packages/quadruped)
[28.780s] DEBUG:colcon.colcon_parallel_executor.executor.parallel:run_until_complete finished
[28.780s] DEBUG:colcon.colcon_parallel_executor.executor.parallel:closing loop
[28.781s] DEBUG:colcon.colcon_parallel_executor.executor.parallel:loop closed
[28.781s] DEBUG:colcon.colcon_core.event_reactor:joining thread
[28.806s] INFO:colcon.colcon_core.plugin_system:Skipping extension 'colcon_notification.desktop_notification.notify_send': Could not find 'notify-send'
[28.806s] INFO:colcon.colcon_core.plugin_system:Skipping extension 'colcon_notification.desktop_notification.terminal_notifier': Not used on non-Darwin systems
[28.807s] INFO:colcon.colcon_core.plugin_system:Skipping extension 'colcon_notification.desktop_notification.win32': Not used on non-Windows systems
[28.807s] INFO:colcon.colcon_notification.desktop_notification:Sending desktop notification using 'notify2'
[28.815s] DEBUG:colcon.colcon_notification.desktop_notification.notify2:Failed to initialize notify2: org.freedesktop.DBus.Error.Spawn.ExecFailed: /usr/bin/dbus-launch terminated abnormally without any error message
[28.816s] DEBUG:colcon.colcon_core.event_reactor:joined thread
[28.817s] INFO:colcon.colcon_core.shell:Creating prefix script '/home/ws/install/local_setup.ps1'
[28.821s] INFO:colcon.colcon_core.shell:Creating prefix util module '/home/ws/install/_local_setup_util_ps1.py'
[28.824s] INFO:colcon.colcon_core.shell:Creating prefix chain script '/home/ws/install/setup.ps1'
[28.827s] INFO:colcon.colcon_core.shell:Creating prefix script '/home/ws/install/local_setup.sh'
[28.829s] INFO:colcon.colcon_core.shell:Creating prefix util module '/home/ws/install/_local_setup_util_sh.py'
[28.830s] INFO:colcon.colcon_core.shell:Creating prefix chain script '/home/ws/install/setup.sh'
[28.833s] INFO:colcon.colcon_core.shell:Creating prefix script '/home/ws/install/local_setup.bash'
[28.834s] INFO:colcon.colcon_core.shell:Creating prefix chain script '/home/ws/install/setup.bash'
[28.837s] INFO:colcon.colcon_core.shell:Creating prefix script '/home/ws/install/local_setup.zsh'
[28.838s] INFO:colcon.colcon_core.shell:Creating prefix chain script '/home/ws/install/setup.zsh'
