[0.036s] Invoking command in '/home/ws/build/quadruped_sim': CMAKE_PREFIX_PATH=${CMAKE_PREFIX_PATH}:/home/ws/install/quadruped_simulation:/home/ws/install/quadruped_controllers:/opt/ros/jazzy /usr/bin/cmake --build /home/ws/build/quadruped_sim -- -j20 -l20
[0.165s] Invoked command in '/home/ws/build/quadruped_sim' returned '0': CMAKE_PREFIX_PATH=${CMAKE_PREFIX_PATH}:/home/ws/install/quadruped_simulation:/home/ws/install/quadruped_controllers:/opt/ros/jazzy /usr/bin/cmake --build /home/ws/build/quadruped_sim -- -j20 -l20
[0.266s] Invoking command in '/home/ws/build/quadruped_sim': CMAKE_PREFIX_PATH=${CMAKE_PREFIX_PATH}:/home/ws/install/quadruped_simulation:/home/ws/install/quadruped_controllers:/opt/ros/jazzy /usr/bin/cmake --install /home/ws/build/quadruped_sim
[0.289s] -- Install configuration: ""
[0.291s] -- Execute custom install script
[0.297s] -- Up-to-date symlink: /home/ws/install/quadruped_sim/share/quadruped_sim/launch/gazebo_sim.launch.py
[0.297s] -- Up-to-date symlink: /home/ws/install/quadruped_sim/share/ament_index/resource_index/package_run_dependencies/quadruped_sim
[0.297s] -- Up-to-date symlink: /home/ws/install/quadruped_sim/share/ament_index/resource_index/parent_prefix_path/quadruped_sim
[0.298s] -- Up-to-date symlink: /home/ws/install/quadruped_sim/share/quadruped_sim/environment/ament_prefix_path.sh
[0.298s] -- Up-to-date symlink: /home/ws/install/quadruped_sim/share/quadruped_sim/environment/ament_prefix_path.dsv
[0.300s] -- Up-to-date symlink: /home/ws/install/quadruped_sim/share/quadruped_sim/environment/path.sh
[0.300s] -- Up-to-date symlink: /home/ws/install/quadruped_sim/share/quadruped_sim/environment/path.dsv
[0.301s] -- Up-to-date symlink: /home/ws/install/quadruped_sim/share/quadruped_sim/local_setup.bash
[0.301s] -- Up-to-date symlink: /home/ws/install/quadruped_sim/share/quadruped_sim/local_setup.sh
[0.301s] -- Up-to-date symlink: /home/ws/install/quadruped_sim/share/quadruped_sim/local_setup.zsh
[0.302s] -- Up-to-date symlink: /home/ws/install/quadruped_sim/share/quadruped_sim/local_setup.dsv
[0.302s] -- Symlinking: /home/ws/install/quadruped_sim/share/quadruped_sim/package.dsv
[0.335s] -- Up-to-date symlink: /home/ws/install/quadruped_sim/share/ament_index/resource_index/packages/quadruped_sim
[0.335s] -- Up-to-date symlink: /home/ws/install/quadruped_sim/share/quadruped_sim/cmake/quadruped_simConfig.cmake
[0.335s] -- Up-to-date symlink: /home/ws/install/quadruped_sim/share/quadruped_sim/cmake/quadruped_simConfig-version.cmake
[0.336s] -- Up-to-date symlink: /home/ws/install/quadruped_sim/share/quadruped_sim/package.xml
[0.370s] Invoked command in '/home/ws/build/quadruped_sim' returned '0': CMAKE_PREFIX_PATH=${CMAKE_PREFIX_PATH}:/home/ws/install/quadruped_simulation:/home/ws/install/quadruped_controllers:/opt/ros/jazzy /usr/bin/cmake --install /home/ws/build/quadruped_sim
