-- Found ament_cmake: 2.5.2 (/opt/ros/jazzy/share/ament_cmake/cmake)
-- Override CMake install command with custom implementation using symlinks instead of copying resources
-- Found rclpy: 7.1.2 (/opt/ros/jazzy/share/rclpy/cmake)
-- Found rclcpp: 28.1.5 (/opt/ros/jazzy/share/rclcpp/cmake)
-- Found rosidl_generator_c: 4.6.4 (/opt/ros/jazzy/share/rosidl_generator_c/cmake)
-- Found rosidl_generator_cpp: 4.6.4 (/opt/ros/jazzy/share/rosidl_generator_cpp/cmake)
-- Using all available rosidl_typesupport_c: rosidl_typesupport_fastrtps_c;rosidl_typesupport_introspection_c
-- Using all available rosidl_typesupport_cpp: rosidl_typesupport_fastrtps_cpp;rosidl_typesupport_introspection_cpp
-- Found rmw_implementation_cmake: 7.3.1 (/opt/ros/jazzy/share/rmw_implementation_cmake/cmake)
-- Found rmw_fastrtps_cpp: 8.4.1 (/opt/ros/jazzy/share/rmw_fastrtps_cpp/cmake)
-- Using RMW implementation 'rmw_fastrtps_cpp' as default
-- Found hardware_interface: 4.17.0 (/opt/ros/jazzy/share/hardware_interface/cmake)
-- Found controller_manager: 4.17.0 (/opt/ros/jazzy/share/controller_manager/cmake)
-- Found ros2_control: 4.17.0 (/opt/ros/jazzy/share/ros2_control/cmake)
-- Found rviz2: 14.1.5 (/opt/ros/jazzy/share/rviz2/cmake)
-- Found ros_gz: 1.0.4 (/opt/ros/jazzy/share/ros_gz/cmake)
-- Configuring done (1.5s)
-- Generating done (0.1s)
-- Build files have been written to: /home/ws/src/quadruped/build/quadruped
[ 33%] [32mBuilding CXX object CMakeFiles/quadruped.dir/src/QuadrupedHardwareInterface.cpp.o[0m
[01m[K/home/ws/src/quadruped/src/QuadrupedHardwareInterface.cpp:3:10:[m[K [01;31m[Kfatal error: [m[Kgazebo/gazebo.hh: No such file or directory
    3 | #include [01;31m[K<gazebo/gazebo.hh>[m[K
      |          [01;31m[K^~~~~~~~~~~~~~~~~~[m[K
compilation terminated.
gmake[2]: *** [CMakeFiles/quadruped.dir/build.make:90: CMakeFiles/quadruped.dir/src/QuadrupedHardwareInterface.cpp.o] Error 1
gmake[1]: *** [CMakeFiles/Makefile2:137: CMakeFiles/quadruped.dir/all] Error 2
gmake: *** [Makefile:146: all] Error 2
