[0.026s] Invoking command in '/home/ws/build/quadruped': CMAKE_PREFIX_PATH=${CMAKE_PREFIX_PATH}:/opt/ros/jazzy /usr/bin/cmake --build /home/ws/build/quadruped -- -j20 -l20
[0.272s] -- Found ament_cmake: 2.5.2 (/opt/ros/jazzy/share/ament_cmake/cmake)
[0.273s] -- Found Python3: /usr/bin/python3 (found version "3.12.3") found components: Interpreter 
[0.274s] -- Override CMake install command with custom implementation using symlinks instead of copying resources
[0.274s] -- Found rclcpp: 28.1.5 (/opt/ros/jazzy/share/rclcpp/cmake)
[0.291s] -- Found rosidl_generator_c: 4.6.4 (/opt/ros/jazzy/share/rosidl_generator_c/cmake)
[0.303s] -- Found rosidl_generator_cpp: 4.6.4 (/opt/ros/jazzy/share/rosidl_generator_cpp/cmake)
[0.318s] -- Using all available rosidl_typesupport_c: rosidl_typesupport_fastrtps_c;rosidl_typesupport_introspection_c
[0.339s] -- Using all available rosidl_typesupport_cpp: rosidl_typesupport_fastrtps_cpp;rosidl_typesupport_introspection_cpp
[0.421s] -- Found rmw_implementation_cmake: 7.3.1 (/opt/ros/jazzy/share/rmw_implementation_cmake/cmake)
[0.423s] -- Found rmw_fastrtps_cpp: 8.4.1 (/opt/ros/jazzy/share/rmw_fastrtps_cpp/cmake)
[0.535s] -- Using RMW implementation 'rmw_fastrtps_cpp' as default
[0.687s] -- Found hardware_interface: 4.18.0 (/opt/ros/jazzy/share/hardware_interface/cmake)
[1.073s] -- Found controller_interface: 4.18.0 (/opt/ros/jazzy/share/controller_interface/cmake)
[1.075s] -- Found controller_manager: 4.18.0 (/opt/ros/jazzy/share/controller_manager/cmake)
[1.159s] -- Found ros2_control: 4.18.0 (/opt/ros/jazzy/share/ros2_control/cmake)
[1.160s] -- Found ros_gz_sim: 1.0.5 (/opt/ros/jazzy/share/ros_gz_sim/cmake)
[1.163s] -- Looking for gz-sim8 -- found version 8.6.0
[1.170s] -- Searching for dependencies of gz-sim8
[1.170s] -- Looking for sdformat14 -- found version 14.5.0
[1.171s] -- Searching for dependencies of sdformat14
[1.180s] -- Checking for module 'tinyxml2'
[1.211s] --   Found tinyxml2, version 10.0.0
[1.280s] -- Looking for gz-math7 -- found version 7.5.0
[1.280s] -- Searching for dependencies of gz-math7
[1.281s] -- Looking for gz-utils2 -- found version 2.2.0
[1.282s] -- Searching for dependencies of gz-utils2
[1.286s] -- Looking for gz-utils2 -- found version 2.2.0
[1.286s] -- Searching for dependencies of gz-utils2
[1.286s] -- Searching for <gz-utils2> component [cli]
[1.287s] -- Looking for gz-utils2-cli -- found version 2.2.0
[1.287s] -- Searching for dependencies of gz-utils2-cli
[1.291s] -- Looking for gz-plugin2 -- found version 2.0.3
[1.291s] -- Searching for dependencies of gz-plugin2
[1.292s] -- Looking for gz-utils2 -- found version 2.2.0
[1.292s] -- Searching for <gz-plugin2> component [loader]
[1.293s] -- Looking for gz-plugin2-loader -- found version 2.0.3
[1.293s] -- Searching for dependencies of gz-plugin2-loader
[1.294s] -- Searching for <gz-plugin2> component [register]
[1.295s] -- Looking for gz-plugin2-register -- found version 2.0.3
[1.295s] -- Searching for dependencies of gz-plugin2-register
[1.296s] -- Looking for gz-transport13 -- found version 13.4.0
[1.296s] -- Searching for dependencies of gz-transport13
[1.351s] -- Config-file not installed for ZeroMQ -- checking for pkg-config
[1.361s] -- Checking for module 'libzmq >= 4'
[1.388s] --   Found libzmq, version 4.3.5
[1.492s] -- Checking for module 'uuid'
[1.525s] --   Found uuid, version 2.39.3
[1.594s] -- Looking for gz-utils2 -- found version 2.2.0
[1.595s] -- Looking for gz-msgs10 -- found version 10.3.0
[1.595s] -- Searching for dependencies of gz-msgs10
[1.626s] -- Looking for gz-utils2 -- found version 2.2.0
[1.626s] -- Looking for gz-math7 -- found version 7.5.0
[1.673s] -- Searching for <gz-transport13> component [log]
[1.674s] -- Looking for gz-transport13-log -- found version 13.4.0
[1.674s] -- Searching for dependencies of gz-transport13-log
[1.675s] -- Searching for <gz-transport13> component [parameters]
[1.675s] -- Looking for gz-transport13-parameters -- found version 13.4.0
[1.675s] -- Searching for dependencies of gz-transport13-parameters
[1.677s] -- Looking for gz-msgs10 -- found version 10.3.0
[1.677s] -- Looking for gz-common5 -- found version 5.6.0
[1.677s] -- Searching for dependencies of gz-common5
[1.678s] -- Looking for gz-utils2 -- found version 2.2.0
[1.678s] -- Looking for dlfcn.h - found
[1.678s] -- Looking for libdl - found
[1.690s] -- Searching for <gz-common5> component [av]
[1.690s] -- Looking for gz-common5-av -- found version 5.6.0
[1.691s] -- Searching for dependencies of gz-common5-av
[1.700s] -- Checking for module 'libswscale'
[1.737s] --   Found libswscale, version 7.5.100
[1.813s] -- Checking for module 'libavdevice >= 56.4.100'
[1.841s] --   Found libavdevice, version 60.3.100
[1.966s] -- Checking for module 'libavformat'
[2.016s] --   Found libavformat, version 60.16.100
[2.127s] -- Checking for module 'libavcodec'
[2.173s] --   Found libavcodec, version 60.31.102
[2.272s] -- Checking for module 'libavutil'
[2.303s] --   Found libavutil, version 58.29.100
[2.388s] -- Searching for <gz-common5> component [events]
[2.389s] -- Looking for gz-common5-events -- found version 5.6.0
[2.389s] -- Searching for dependencies of gz-common5-events
[2.390s] -- Looking for gz-math7 -- found version 7.5.0
[2.391s] -- Searching for <gz-common5> component [graphics]
[2.391s] -- Looking for gz-common5-graphics -- found version 5.6.0
[2.392s] -- Searching for dependencies of gz-common5-graphics
[2.392s] -- Looking for gz-math7 -- found version 7.5.0
[2.397s] -- Searching for <gz-common5> component [io]
[2.398s] -- Looking for gz-common5-io -- found version 5.6.0
[2.398s] -- Searching for dependencies of gz-common5-io
[2.400s] -- Searching for <gz-common5> component [profiler]
[2.400s] -- Looking for gz-common5-profiler -- found version 5.6.0
[2.401s] -- Searching for dependencies of gz-common5-profiler
[2.402s] -- Looking for gz-fuel_tools9 -- found version 9.1.0
[2.403s] -- Searching for dependencies of gz-fuel_tools9
[2.498s] -- Checking for module 'jsoncpp'
[2.535s] --   Found jsoncpp, version 1.9.5
[2.660s] -- Checking for module 'yaml-0.1'
[2.690s] --   Found yaml-0.1, version 0.2.5
[2.785s] -- Checking for module 'libzip'
[2.811s] --   Found libzip, version 1.7.3
[2.890s] -- Looking for gz-utils2 -- found version 2.2.0
[2.890s] -- Looking for gz-common5 -- found version 5.6.0
[2.890s] -- Searching for dependencies of gz-common5
[2.890s] -- Looking for gz-utils2 -- found version 2.2.0
[2.891s] -- Looking for dlfcn.h - found
[2.891s] -- Looking for libdl - found
[2.906s] -- Searching for <gz-common5> component [testing]
[2.907s] -- Looking for gz-common5-testing -- found version 5.6.0
[2.907s] -- Searching for dependencies of gz-common5-testing
[2.909s] -- Looking for gz-math7 -- found version 7.5.0
[2.910s] -- Looking for gz-msgs10 -- found version 10.3.0
[2.912s] -- Looking for gz-gui8 -- found version 8.3.0
[2.913s] -- Searching for dependencies of gz-gui8
[2.975s] -- Looking for gz-utils2 -- found version 2.2.0
[2.976s] -- Looking for gz-math7 -- found version 7.5.0
[2.977s] -- Looking for gz-common5 -- found version 5.6.0
[2.977s] -- Looking for gz-plugin2 -- found version 2.0.3
[2.978s] -- Looking for gz-transport13 -- found version 13.4.0
[2.979s] -- Looking for gz-rendering8 -- found version 8.2.0
[2.979s] -- Searching for dependencies of gz-rendering8
[2.980s] -- Looking for gz-math7 -- found version 7.5.0
[2.980s] -- Searching for dependencies of gz-math7
[2.981s] -- Looking for gz-utils2 -- found version 2.2.0
[2.981s] -- Searching for <gz-math7> component [eigen3]
[2.982s] -- Looking for gz-math7-eigen3 -- found version 7.5.0
[2.982s] -- Searching for dependencies of gz-math7-eigen3
[2.985s] -- Looking for gz-common5 -- found version 5.6.0
[2.986s] -- Searching for dependencies of gz-common5
[2.986s] -- Looking for gz-utils2 -- found version 2.2.0
[2.987s] -- Looking for dlfcn.h - found
[2.987s] -- Looking for libdl - found
[3.001s] -- Searching for <gz-common5> component [graphics]
[3.002s] -- Searching for <gz-common5> component [events]
[3.002s] -- Searching for <gz-common5> component [geospatial]
[3.002s] -- Looking for gz-common5-geospatial -- found version 5.6.0
[3.003s] -- Searching for dependencies of gz-common5-geospatial
[3.003s] -- Looking for gz-math7 -- found version 7.5.0
[3.004s] -- Looking for gz-common5 -- found version 5.6.0
[3.006s] -- Looking for gz-plugin2 -- found version 2.0.3
[3.006s] -- Searching for dependencies of gz-plugin2
[3.007s] -- Looking for gz-utils2 -- found version 2.2.0
[3.007s] -- Searching for <gz-plugin2> component [all]
[3.008s] -- Looking for all libraries of gz-plugin2 -- found version 2.0.3
[3.009s] -- Looking for gz-plugin2 -- found version 2.0.3
[3.011s] -- Looking for gz-utils2 -- found version 2.2.0
[3.017s] -- Looking for gz-msgs10 -- found version 10.3.0
[3.040s] -- Looking for gz-physics7 -- found version 7.3.0
[3.040s] -- Searching for dependencies of gz-physics7
[3.040s] -- Looking for gz-common5 -- found version 5.6.0
[3.041s] -- Looking for gz-math7 -- found version 7.5.0
[3.042s] -- Looking for gz-plugin2 -- found version 2.0.3
[3.042s] -- Looking for gz-utils2 -- found version 2.2.0
[3.044s] -- Searching for <gz-physics7> component [heightmap]
[3.044s] -- Looking for gz-physics7-heightmap -- found version 7.3.0
[3.045s] -- Searching for dependencies of gz-physics7-heightmap
[3.045s] -- Looking for gz-common5 -- found version 5.6.0
[3.046s] -- Searching for <gz-physics7> component [mesh]
[3.046s] -- Looking for gz-physics7-mesh -- found version 7.3.0
[3.046s] -- Searching for dependencies of gz-physics7-mesh
[3.047s] -- Looking for gz-common5 -- found version 5.6.0
[3.047s] -- Searching for <gz-physics7> component [sdf]
[3.048s] -- Looking for gz-physics7-sdf -- found version 7.3.0
[3.048s] -- Searching for dependencies of gz-physics7-sdf
[3.049s] -- Looking for sdformat14 -- found version 14.5.0
[3.050s] -- Looking for gz-sensors8 -- found version 8.2.0
[3.050s] -- Searching for dependencies of gz-sensors8
[3.078s] -- Looking for gz-math7 -- found version 7.5.0
[3.078s] -- Looking for gz-common5 -- found version 5.6.0
[3.079s] -- Looking for gz-transport13 -- found version 13.4.0
[3.079s] -- Looking for gz-rendering8 -- found version 8.2.0
[3.080s] -- Looking for gz-msgs10 -- found version 10.3.0
[3.080s] -- Looking for sdformat14 -- found version 14.5.0
[3.081s] -- Searching for <gz-sensors8> component [air_pressure]
[3.081s] -- Looking for gz-sensors8-air_pressure -- found version 8.2.0
[3.082s] -- Searching for dependencies of gz-sensors8-air_pressure
[3.082s] -- Searching for <gz-sensors8> component [air_speed]
[3.083s] -- Looking for gz-sensors8-air_speed -- found version 8.2.0
[3.083s] -- Searching for dependencies of gz-sensors8-air_speed
[3.083s] -- Searching for <gz-sensors8> component [altimeter]
[3.084s] -- Looking for gz-sensors8-altimeter -- found version 8.2.0
[3.084s] -- Searching for dependencies of gz-sensors8-altimeter
[3.085s] -- Searching for <gz-sensors8> component [imu]
[3.085s] -- Looking for gz-sensors8-imu -- found version 8.2.0
[3.085s] -- Searching for dependencies of gz-sensors8-imu
[3.086s] -- Searching for <gz-sensors8> component [force_torque]
[3.087s] -- Looking for gz-sensors8-force_torque -- found version 8.2.0
[3.087s] -- Searching for dependencies of gz-sensors8-force_torque
[3.088s] -- Searching for <gz-sensors8> component [logical_camera]
[3.088s] -- Looking for gz-sensors8-logical_camera -- found version 8.2.0
[3.088s] -- Searching for dependencies of gz-sensors8-logical_camera
[3.089s] -- Searching for <gz-sensors8> component [magnetometer]
[3.090s] -- Looking for gz-sensors8-magnetometer -- found version 8.2.0
[3.090s] -- Searching for dependencies of gz-sensors8-magnetometer
[3.091s] -- Searching for <gz-sensors8> component [navsat]
[3.092s] -- Looking for gz-sensors8-navsat -- found version 8.2.0
[3.092s] -- Searching for dependencies of gz-sensors8-navsat
[3.093s] -- Searching for <gz-sensors8> component [dvl]
[3.093s] -- Looking for gz-sensors8-dvl -- found version 8.2.0
[3.094s] -- Searching for dependencies of gz-sensors8-dvl
[3.094s] -- Looking for gz-sensors8 -- found version 8.2.0
[3.095s] -- Searching for dependencies of gz-sensors8
[3.134s] -- Looking for gz-math7 -- found version 7.5.0
[3.135s] -- Looking for gz-common5 -- found version 5.6.0
[3.135s] -- Looking for gz-transport13 -- found version 13.4.0
[3.136s] -- Looking for gz-rendering8 -- found version 8.2.0
[3.137s] -- Looking for gz-msgs10 -- found version 10.3.0
[3.138s] -- Looking for sdformat14 -- found version 14.5.0
[3.138s] -- Searching for <gz-sensors8> component [rendering]
[3.139s] -- Looking for gz-sensors8-rendering -- found version 8.2.0
[3.139s] -- Searching for dependencies of gz-sensors8-rendering
[3.141s] -- Searching for <gz-sensors8> component [rendering]
[3.141s] -- Searching for <gz-sensors8> component [lidar]
[3.144s] -- Looking for gz-sensors8-lidar -- found version 8.2.0
[3.144s] -- Searching for dependencies of gz-sensors8-lidar
[3.145s] -- Looking for gz-sensors8 -- found version 8.2.0
[3.146s] -- Searching for <gz-sensors8> component [gpu_lidar]
[3.146s] -- Looking for gz-sensors8-gpu_lidar -- found version 8.2.0
[3.146s] -- Searching for dependencies of gz-sensors8-gpu_lidar
[3.147s] -- Looking for gz-sensors8 -- found version 8.2.0
[3.148s] -- Searching for <gz-sensors8> component [camera]
[3.148s] -- Looking for gz-sensors8-camera -- found version 8.2.0
[3.149s] -- Searching for dependencies of gz-sensors8-camera
[3.149s] -- Looking for gz-sensors8 -- found version 8.2.0
[3.150s] -- Searching for <gz-sensors8> component [boundingbox_camera]
[3.151s] -- Looking for gz-sensors8-boundingbox_camera -- found version 8.2.0
[3.151s] -- Searching for dependencies of gz-sensors8-boundingbox_camera
[3.152s] -- Searching for <gz-sensors8> component [segmentation_camera]
[3.152s] -- Looking for gz-sensors8-segmentation_camera -- found version 8.2.0
[3.152s] -- Searching for dependencies of gz-sensors8-segmentation_camera
[3.153s] -- Searching for <gz-sensors8> component [depth_camera]
[3.154s] -- Looking for gz-sensors8-depth_camera -- found version 8.2.0
[3.154s] -- Searching for dependencies of gz-sensors8-depth_camera
[3.154s] -- Looking for gz-sensors8 -- found version 8.2.0
[3.155s] -- Searching for <gz-sensors8> component [rgbd_camera]
[3.156s] -- Looking for gz-sensors8-rgbd_camera -- found version 8.2.0
[3.157s] -- Searching for dependencies of gz-sensors8-rgbd_camera
[3.157s] -- Looking for gz-sensors8 -- found version 8.2.0
[3.158s] -- Searching for <gz-sensors8> component [thermal_camera]
[3.159s] -- Looking for gz-sensors8-thermal_camera -- found version 8.2.0
[3.159s] -- Searching for dependencies of gz-sensors8-thermal_camera
[3.160s] -- Looking for gz-sensors8 -- found version 8.2.0
[3.161s] -- Searching for <gz-sensors8> component [wide_angle_camera]
[3.162s] -- Looking for gz-sensors8-wide_angle_camera -- found version 8.2.0
[3.162s] -- Searching for dependencies of gz-sensors8-wide_angle_camera
[3.164s] -- Looking for gz-rendering8 -- found version 8.2.0
[3.165s] -- Looking for gz-math7 -- found version 7.5.0
[3.165s] -- Looking for gz-utils2 -- found version 2.2.0
[3.204s] -- Looking for gz-plugin2 -- found version 2.0.3
[3.205s] -- Found rosidl_default_generators: 1.6.0 (/opt/ros/jazzy/share/rosidl_default_generators/cmake)
[3.217s] -- Found rosidl_adapter: 4.6.4 (/opt/ros/jazzy/share/rosidl_adapter/cmake)
[3.220s] -- Found rclcpp_components: 28.1.5 (/opt/ros/jazzy/share/rclcpp_components/cmake)
[3.266s] -- pinocchio FOUND. pinocchio at /opt/ros/jazzy/lib/x86_64-linux-gnu/libpinocchio.so
[3.266s] -- boost_filesystem FOUND. boost_filesystem at /lib/x86_64-linux-gnu/libboost_filesystem.so
[3.267s] -- boost_serialization FOUND. boost_serialization at /lib/x86_64-linux-gnu/libboost_serialization.so
[3.267s] -- boost_system FOUND. boost_system at /lib/x86_64-linux-gnu/libboost_system.so
[3.277s] -- Found Boost: /usr/include (found version "1.83.0") found components: filesystem serialization system 
[3.279s] -- eigenpy FOUND. eigenpy at /opt/ros/jazzy/lib/x86_64-linux-gnu/libeigenpy.so
[3.320s] -- Checking for NumPy
[3.650s] --   NUMPY_INCLUDE_DIRS=/usr/lib/python3/dist-packages/numpy/core/include
[3.791s] --   NUMPY_VERSION=1.26.4
[4.160s] -- Found Python3: /usr/bin/python3 (found version "3.12.3") found components: Interpreter Development.Module NumPy 
[4.161s] -- PythonLibraryDirs: 
[4.161s] -- PythonLibVersionString: 3.12.3
[4.211s] -- Python site lib: lib/python3.12/dist-packages
[4.211s] -- Python include dirs: /usr/include/python3.12
[4.295s] -- Checking for NumPy
[4.482s] --   NUMPY_INCLUDE_DIRS=/usr/lib/python3/dist-packages/numpy/core/include
[4.669s] --   NUMPY_VERSION=1.26.4
[4.669s] -- NumPy include dir: /usr/lib/python3/dist-packages/numpy/core/include
[4.676s] -- Found Boost: /usr/include (found version "1.83.0") found components: python312 
[4.676s] -- Boost_PYTHON_LIBRARY: /usr/lib/x86_64-linux-gnu/libboost_python312.so
[5.195s] -- Default C++ standard: 201703
[5.196s] -- C++ standard sufficient: Minimal required 14, currently defined: 17
[5.196s] -- CMAKE_CXX_STANDARD was not set: automatically set to currently defined standard 17
[5.197s] -- C++ standard sufficient: Minimal required 14, currently defined: 17
[5.252s] -- Found Python3: /usr/bin/python3 (found version "3.12.3") found components: Interpreter 
[5.622s] -- Found ament_cmake_ros: 0.12.0 (/opt/ros/jazzy/share/ament_cmake_ros/cmake)
[5.924s] -- Using all available rosidl_typesupport_c: rosidl_typesupport_fastrtps_c;rosidl_typesupport_introspection_c
[6.033s] -- Using all available rosidl_typesupport_cpp: rosidl_typesupport_fastrtps_cpp;rosidl_typesupport_introspection_cpp
[6.037s] -- Found python_cmake_module: 0.11.1 (/opt/ros/jazzy/share/python_cmake_module/cmake)
[6.705s] -- Found Python3: /usr/bin/python3 (found version "3.12.3") found components: Interpreter Development NumPy Development.Module Development.Embed 
[6.747s] -- Configuring done (6.7s)
[6.827s] -- Generating done (0.0s)
[6.831s] -- Build files have been written to: /home/ws/build/quadruped
[6.921s] [  2%] Built target quadruped__rosidl_generator_type_description
[6.949s] [  2%] Built target ament_cmake_python_symlink_quadruped
[6.985s] [ 15%] Built target quadruped__rosidl_generator_c
[6.990s] [ 17%] Built target quadruped__cpp
[7.019s] [ 30%] Built target quadruped_lib
[7.062s] [ 38%] Built target quadruped__rosidl_typesupport_introspection_c
[7.066s] [ 46%] Built target quadruped__rosidl_typesupport_fastrtps_c
[7.066s] [ 53%] Built target quadruped__rosidl_typesupport_introspection_cpp
[7.068s] [ 61%] Built target quadruped__rosidl_typesupport_cpp
[7.071s] [ 69%] Built target quadruped__rosidl_typesupport_c
[7.077s] [ 76%] Built target quadruped__rosidl_typesupport_fastrtps_cpp
[7.111s] [ 76%] Built target quadruped
[7.152s] [ 79%] Built target quadruped__py
[7.192s] [ 84%] Built target quadruped__rosidl_generator_py
[7.232s] [ 89%] Built target quadruped_s__rosidl_typesupport_c
[7.233s] [ 94%] Built target quadruped_s__rosidl_typesupport_introspection_c
[7.239s] [100%] Built target quadruped_s__rosidl_typesupport_fastrtps_c
[7.252s] running egg_info
[7.269s] writing quadruped.egg-info/PKG-INFO
[7.269s] writing dependency_links to quadruped.egg-info/dependency_links.txt
[7.269s] writing top-level names to quadruped.egg-info/top_level.txt
[7.312s] reading manifest file 'quadruped.egg-info/SOURCES.txt'
[7.313s] writing manifest file 'quadruped.egg-info/SOURCES.txt'
[7.350s] [100%] Built target ament_cmake_python_build_quadruped_egg
[7.368s] Invoked command in '/home/ws/build/quadruped' returned '0': CMAKE_PREFIX_PATH=${CMAKE_PREFIX_PATH}:/opt/ros/jazzy /usr/bin/cmake --build /home/ws/build/quadruped -- -j20 -l20
[7.576s] Invoking command in '/home/ws/build/quadruped': CMAKE_PREFIX_PATH=${CMAKE_PREFIX_PATH}:/opt/ros/jazzy /usr/bin/cmake --install /home/ws/build/quadruped
[7.592s] -- Install configuration: ""
[7.593s] -- Execute custom install script
[7.594s] -- Up-to-date symlink: /home/ws/install/quadruped/share/ament_index/resource_index/rosidl_interfaces/quadruped
[7.594s] -- Up-to-date symlink: /home/ws/install/quadruped/share/quadruped/msg/LegCommand.json
[7.595s] -- Up-to-date symlink: /home/ws/install/quadruped/include/quadruped/quadruped/msg/detail/leg_command__functions.h
[7.596s] -- Up-to-date symlink: /home/ws/install/quadruped/include/quadruped/quadruped/msg/detail/leg_command__struct.h
[7.596s] -- Up-to-date symlink: /home/ws/install/quadruped/include/quadruped/quadruped/msg/detail/leg_command__type_support.h
[7.596s] -- Up-to-date symlink: /home/ws/install/quadruped/include/quadruped/quadruped/msg/leg_command.h
[7.596s] -- Up-to-date symlink: /home/ws/install/quadruped/include/quadruped/quadruped/msg/rosidl_generator_c__visibility_control.h
[7.597s] -- Up-to-date symlink: /home/ws/install/quadruped/share/quadruped/environment/library_path.sh
[7.597s] -- Up-to-date symlink: /home/ws/install/quadruped/share/quadruped/environment/library_path.dsv
[7.598s] -- Up-to-date symlink: /home/ws/install/quadruped/include/quadruped/quadruped/msg/detail/leg_command__rosidl_typesupport_fastrtps_c.h
[7.598s] -- Up-to-date symlink: /home/ws/install/quadruped/include/quadruped/quadruped/msg/rosidl_typesupport_fastrtps_c__visibility_control.h
[7.598s] -- Up-to-date symlink: /home/ws/install/quadruped/include/quadruped/quadruped/msg/detail/leg_command__builder.hpp
[7.599s] -- Up-to-date symlink: /home/ws/install/quadruped/include/quadruped/quadruped/msg/detail/leg_command__struct.hpp
[7.599s] -- Up-to-date symlink: /home/ws/install/quadruped/include/quadruped/quadruped/msg/detail/leg_command__traits.hpp
[7.599s] -- Up-to-date symlink: /home/ws/install/quadruped/include/quadruped/quadruped/msg/detail/leg_command__type_support.hpp
[7.600s] -- Up-to-date symlink: /home/ws/install/quadruped/include/quadruped/quadruped/msg/leg_command.hpp
[7.600s] -- Up-to-date symlink: /home/ws/install/quadruped/include/quadruped/quadruped/msg/rosidl_generator_cpp__visibility_control.hpp
[7.601s] -- Up-to-date symlink: /home/ws/install/quadruped/include/quadruped/quadruped/msg/detail/leg_command__rosidl_typesupport_fastrtps_cpp.hpp
[7.601s] -- Up-to-date symlink: /home/ws/install/quadruped/include/quadruped/quadruped/msg/rosidl_typesupport_fastrtps_cpp__visibility_control.h
[7.601s] -- Up-to-date symlink: /home/ws/install/quadruped/include/quadruped/quadruped/msg/detail/leg_command__rosidl_typesupport_introspection_c.h
[7.602s] -- Up-to-date symlink: /home/ws/install/quadruped/include/quadruped/quadruped/msg/rosidl_typesupport_introspection_c__visibility_control.h
[7.602s] -- Up-to-date symlink: /home/ws/install/quadruped/include/quadruped/quadruped/msg/detail/leg_command__rosidl_typesupport_introspection_cpp.hpp
[7.603s] -- Up-to-date symlink: /home/ws/install/quadruped/share/quadruped/environment/pythonpath.sh
[7.603s] -- Up-to-date symlink: /home/ws/install/quadruped/share/quadruped/environment/pythonpath.dsv
[7.603s] -- Up-to-date symlink: /home/ws/install/quadruped/lib/python3.12/site-packages/quadruped-0.0.0-py3.12.egg-info/PKG-INFO
[7.603s] -- Up-to-date symlink: /home/ws/install/quadruped/lib/python3.12/site-packages/quadruped-0.0.0-py3.12.egg-info/SOURCES.txt
[7.603s] -- Up-to-date symlink: /home/ws/install/quadruped/lib/python3.12/site-packages/quadruped-0.0.0-py3.12.egg-info/dependency_links.txt
[7.604s] -- Up-to-date symlink: /home/ws/install/quadruped/lib/python3.12/site-packages/quadruped-0.0.0-py3.12.egg-info/top_level.txt
[7.604s] -- Up-to-date symlink: /home/ws/install/quadruped/lib/python3.12/site-packages/quadruped/__init__.py
[7.604s] -- Up-to-date symlink: /home/ws/install/quadruped/lib/python3.12/site-packages/quadruped/_quadruped_s.ep.rosidl_typesupport_c.c
[7.604s] -- Up-to-date symlink: /home/ws/install/quadruped/lib/python3.12/site-packages/quadruped/_quadruped_s.ep.rosidl_typesupport_fastrtps_c.c
[7.604s] -- Up-to-date symlink: /home/ws/install/quadruped/lib/python3.12/site-packages/quadruped/_quadruped_s.ep.rosidl_typesupport_introspection_c.c
[7.604s] -- Up-to-date symlink: /home/ws/install/quadruped/lib/python3.12/site-packages/quadruped/msg/__init__.py
[7.605s] -- Up-to-date symlink: /home/ws/install/quadruped/lib/python3.12/site-packages/quadruped/msg/_leg_command.py
[7.605s] -- Up-to-date symlink: /home/ws/install/quadruped/lib/python3.12/site-packages/quadruped/msg/_leg_command_s.c
[7.605s] -- Up-to-date symlink: /home/ws/install/quadruped/lib/python3.12/site-packages/quadruped/quadruped_s__rosidl_typesupport_c.so
[7.605s] -- Up-to-date symlink: /home/ws/install/quadruped/lib/python3.12/site-packages/quadruped/quadruped_s__rosidl_typesupport_fastrtps_c.so
[7.605s] -- Up-to-date symlink: /home/ws/install/quadruped/lib/python3.12/site-packages/quadruped/quadruped_s__rosidl_typesupport_introspection_c.so
[7.605s] -- Up-to-date symlink: /home/ws/install/quadruped/lib/python3.12/site-packages/quadruped/quadruped_s__rosidl_typesupport_fastrtps_c.so
[7.606s] -- Up-to-date symlink: /home/ws/install/quadruped/lib/python3.12/site-packages/quadruped/quadruped_s__rosidl_typesupport_introspection_c.so
[7.606s] -- Up-to-date symlink: /home/ws/install/quadruped/lib/python3.12/site-packages/quadruped/quadruped_s__rosidl_typesupport_c.so
[7.606s] -- Up-to-date symlink: /home/ws/install/quadruped/share/quadruped/msg/LegCommand.idl
[7.607s] -- Up-to-date symlink: /home/ws/install/quadruped/share/quadruped/messages/LegCommand.msg
[7.607s] -- Up-to-date symlink: /home/ws/install/quadruped/include/quadruped/balance_controller.hpp
[7.607s] -- Up-to-date symlink: /home/ws/install/quadruped/include/quadruped/foot_trajectory_generator.hpp
[7.607s] -- Up-to-date symlink: /home/ws/install/quadruped/include/quadruped/leg_controller.hpp
[7.607s] -- Up-to-date symlink: /home/ws/install/quadruped/include/quadruped/state_estimator.hpp
[7.608s] -- Up-to-date symlink: /home/ws/install/quadruped/lib/quadruped/LegController.py
[7.608s] -- Up-to-date symlink: /home/ws/install/quadruped/lib/quadruped/GaitPatternGenerator.py
[7.608s] -- Up-to-date symlink: /home/ws/install/quadruped/lib/quadruped/leg_class.py
[7.608s] -- Up-to-date symlink: /home/ws/install/quadruped/lib/quadruped/gait_pattern_class.py
[7.608s] -- Up-to-date symlink: /home/ws/install/quadruped/share/quadruped/launch/controllers.launch.py
[7.608s] -- Up-to-date symlink: /home/ws/install/quadruped/share/quadruped/launch/gazebo_sim.launch.py
[7.609s] -- Up-to-date symlink: /home/ws/install/quadruped/share/quadruped/config/initial_joint_positions.yaml
[7.609s] -- Up-to-date symlink: /home/ws/install/quadruped/share/quadruped/config/quadruped.rviz
[7.609s] -- Up-to-date symlink: /home/ws/install/quadruped/share/quadruped/config/quadruped_controllers.yaml
[7.610s] -- Up-to-date symlink: /home/ws/install/quadruped/share/quadruped/urdf/Quadruped MJB.mjb
[7.610s] -- Up-to-date symlink: /home/ws/install/quadruped/share/quadruped/urdf/QuadrupedURDF.urdf.xacro
[7.610s] -- Up-to-date symlink: /home/ws/install/quadruped/share/quadruped/urdf/meshes/Body.STL
[7.610s] -- Up-to-date symlink: /home/ws/install/quadruped/share/quadruped/urdf/meshes/Body_bin.STL
[7.610s] -- Up-to-date symlink: /home/ws/install/quadruped/share/quadruped/urdf/meshes/Front Left Shin.STL
[7.610s] -- Up-to-date symlink: /home/ws/install/quadruped/share/quadruped/urdf/meshes/Front Left Thigh.STL
[7.610s] -- Up-to-date symlink: /home/ws/install/quadruped/share/quadruped/urdf/meshes/Front Right Shin.STL
[7.610s] -- Up-to-date symlink: /home/ws/install/quadruped/share/quadruped/urdf/meshes/Front Right Thigh.STL
[7.611s] -- Up-to-date symlink: /home/ws/install/quadruped/share/quadruped/urdf/meshes/Rear Left Shin.STL
[7.611s] -- Up-to-date symlink: /home/ws/install/quadruped/share/quadruped/urdf/meshes/Rear Left Thigh.STL
[7.611s] -- Up-to-date symlink: /home/ws/install/quadruped/share/quadruped/urdf/meshes/Rear Right Shin.STL
[7.611s] -- Up-to-date symlink: /home/ws/install/quadruped/share/quadruped/urdf/meshes/Rear Right Thigh.STL
[7.611s] -- Up-to-date symlink: /home/ws/install/quadruped/share/quadruped/urdf/mjb_maker.py
[7.611s] -- Up-to-date symlink: /home/ws/install/quadruped/share/quadruped/messages/LegCommand.msg
[7.611s] -- Up-to-date symlink: /home/ws/install/quadruped/share/quadruped/messages/RobotState.msg
[7.612s] -- Up-to-date symlink: /home/ws/install/quadruped/share/quadruped//plugin_description.xml
[7.612s] -- Up-to-date symlink: /home/ws/install/quadruped/share/quadruped//plugin_description.xml
[7.612s] -- Up-to-date symlink: /home/ws/install/quadruped/share/ament_index/resource_index/package_run_dependencies/quadruped
[7.612s] -- Up-to-date symlink: /home/ws/install/quadruped/share/ament_index/resource_index/parent_prefix_path/quadruped
[7.613s] -- Up-to-date symlink: /home/ws/install/quadruped/share/quadruped/environment/ament_prefix_path.sh
[7.613s] -- Up-to-date symlink: /home/ws/install/quadruped/share/quadruped/environment/ament_prefix_path.dsv
[7.613s] -- Up-to-date symlink: /home/ws/install/quadruped/share/quadruped/environment/path.sh
[7.613s] -- Up-to-date symlink: /home/ws/install/quadruped/share/quadruped/environment/path.dsv
[7.613s] -- Up-to-date symlink: /home/ws/install/quadruped/share/quadruped/local_setup.bash
[7.613s] -- Up-to-date symlink: /home/ws/install/quadruped/share/quadruped/local_setup.sh
[7.614s] -- Up-to-date symlink: /home/ws/install/quadruped/share/quadruped/local_setup.zsh
[7.614s] -- Up-to-date symlink: /home/ws/install/quadruped/share/quadruped/local_setup.dsv
[7.614s] -- Symlinking: /home/ws/install/quadruped/share/quadruped/package.dsv
[7.630s] -- Up-to-date symlink: /home/ws/install/quadruped/share/ament_index/resource_index/packages/quadruped
[7.630s] -- Up-to-date symlink: /home/ws/install/quadruped/share/ament_index/resource_index/controller_interface__pluginlib__plugin/quadruped
[7.630s] -- Up-to-date symlink: /home/ws/install/quadruped/share/quadruped/cmake/rosidl_cmake-extras.cmake
[7.630s] -- Up-to-date symlink: /home/ws/install/quadruped/share/quadruped/cmake/ament_cmake_export_include_directories-extras.cmake
[7.631s] -- Up-to-date symlink: /home/ws/install/quadruped/share/quadruped/cmake/ament_cmake_export_libraries-extras.cmake
[7.631s] -- Up-to-date symlink: /home/ws/install/quadruped/share/quadruped/cmake/ament_cmake_export_targets-extras.cmake
[7.631s] -- Up-to-date symlink: /home/ws/install/quadruped/share/quadruped/cmake/rosidl_cmake_export_typesupport_targets-extras.cmake
[7.631s] -- Up-to-date symlink: /home/ws/install/quadruped/share/quadruped/cmake/ament_cmake_export_dependencies-extras.cmake
[7.631s] -- Up-to-date symlink: /home/ws/install/quadruped/share/quadruped/cmake/rosidl_cmake_export_typesupport_libraries-extras.cmake
[7.631s] -- Up-to-date symlink: /home/ws/install/quadruped/share/quadruped/cmake/quadrupedConfig.cmake
[7.631s] -- Up-to-date symlink: /home/ws/install/quadruped/share/quadruped/cmake/quadrupedConfig-version.cmake
[7.632s] -- Up-to-date symlink: /home/ws/install/quadruped/share/quadruped/package.xml
[7.632s] -- Up-to-date: /home/ws/install/quadruped/lib/libquadruped__rosidl_generator_c.so
[7.632s] -- Up-to-date: /home/ws/install/quadruped/lib/libquadruped__rosidl_typesupport_fastrtps_c.so
[7.632s] -- Up-to-date: /home/ws/install/quadruped/lib/libquadruped__rosidl_typesupport_fastrtps_cpp.so
[7.633s] -- Up-to-date: /home/ws/install/quadruped/lib/libquadruped__rosidl_typesupport_introspection_c.so
[7.633s] -- Up-to-date: /home/ws/install/quadruped/lib/libquadruped__rosidl_typesupport_c.so
[7.634s] -- Up-to-date: /home/ws/install/quadruped/lib/libquadruped__rosidl_typesupport_introspection_cpp.so
[7.634s] -- Up-to-date: /home/ws/install/quadruped/lib/libquadruped__rosidl_typesupport_cpp.so
[7.704s] Listing '/home/ws/install/quadruped/lib/python3.12/site-packages/quadruped'...
[7.704s] Compiling '/home/ws/install/quadruped/lib/python3.12/site-packages/quadruped/__init__.py'...
[7.705s] Listing '/home/ws/install/quadruped/lib/python3.12/site-packages/quadruped/msg'...
[7.711s] -- Up-to-date: /home/ws/install/quadruped/lib/libquadruped__rosidl_generator_py.so
[7.711s] -- Up-to-date: /home/ws/install/quadruped/lib/libquadruped_lib.so
[7.711s] -- Up-to-date: /home/ws/install/quadruped/share/quadruped/cmake/export_quadruped__rosidl_generator_cExport.cmake
[7.711s] -- Up-to-date: /home/ws/install/quadruped/share/quadruped/cmake/export_quadruped__rosidl_generator_cExport-noconfig.cmake
[7.711s] -- Up-to-date: /home/ws/install/quadruped/share/quadruped/cmake/export_quadruped__rosidl_typesupport_fastrtps_cExport.cmake
[7.712s] -- Up-to-date: /home/ws/install/quadruped/share/quadruped/cmake/export_quadruped__rosidl_typesupport_fastrtps_cExport-noconfig.cmake
[7.712s] -- Up-to-date: /home/ws/install/quadruped/share/quadruped/cmake/export_quadruped__rosidl_generator_cppExport.cmake
[7.712s] -- Up-to-date: /home/ws/install/quadruped/share/quadruped/cmake/export_quadruped__rosidl_typesupport_fastrtps_cppExport.cmake
[7.712s] -- Up-to-date: /home/ws/install/quadruped/share/quadruped/cmake/export_quadruped__rosidl_typesupport_fastrtps_cppExport-noconfig.cmake
[7.712s] -- Up-to-date: /home/ws/install/quadruped/share/quadruped/cmake/quadruped__rosidl_typesupport_introspection_cExport.cmake
[7.712s] -- Up-to-date: /home/ws/install/quadruped/share/quadruped/cmake/quadruped__rosidl_typesupport_introspection_cExport-noconfig.cmake
[7.712s] -- Up-to-date: /home/ws/install/quadruped/share/quadruped/cmake/quadruped__rosidl_typesupport_cExport.cmake
[7.712s] -- Up-to-date: /home/ws/install/quadruped/share/quadruped/cmake/quadruped__rosidl_typesupport_cExport-noconfig.cmake
[7.712s] -- Up-to-date: /home/ws/install/quadruped/share/quadruped/cmake/quadruped__rosidl_typesupport_introspection_cppExport.cmake
[7.712s] -- Up-to-date: /home/ws/install/quadruped/share/quadruped/cmake/quadruped__rosidl_typesupport_introspection_cppExport-noconfig.cmake
[7.713s] -- Up-to-date: /home/ws/install/quadruped/share/quadruped/cmake/quadruped__rosidl_typesupport_cppExport.cmake
[7.713s] -- Up-to-date: /home/ws/install/quadruped/share/quadruped/cmake/quadruped__rosidl_typesupport_cppExport-noconfig.cmake
[7.713s] -- Up-to-date: /home/ws/install/quadruped/share/quadruped/cmake/export_quadruped__rosidl_generator_pyExport.cmake
[7.713s] -- Up-to-date: /home/ws/install/quadruped/share/quadruped/cmake/export_quadruped__rosidl_generator_pyExport-noconfig.cmake
[7.713s] -- Up-to-date: /home/ws/install/quadruped/share/quadruped/cmake/quadruped_targetsExport.cmake
[7.713s] -- Up-to-date: /home/ws/install/quadruped/share/quadruped/cmake/quadruped_targetsExport-noconfig.cmake
[7.714s] Invoked command in '/home/ws/build/quadruped' returned '0': CMAKE_PREFIX_PATH=${CMAKE_PREFIX_PATH}:/opt/ros/jazzy /usr/bin/cmake --install /home/ws/build/quadruped
