[0.295s] DEBUG:colcon:Command line arguments: ['/usr/bin/colcon', 'build', '--symlink-install']
[0.295s] DEBUG:colcon:Parsed command line arguments: Namespace(log_base=None, log_level=None, verb_name='build', build_base='build', install_base='install', merge_install=False, symlink_install=True, test_result_base=None, continue_on_error=False, executor='parallel', parallel_workers=20, event_handlers=None, ignore_user_meta=False, metas=['./colcon.meta'], base_paths=['.'], packages_ignore=None, packages_ignore_regex=None, paths=None, packages_up_to=None, packages_up_to_regex=None, packages_above=None, packages_above_and_dependencies=None, packages_above_depth=None, packages_select_by_dep=None, packages_skip_by_dep=None, packages_skip_up_to=None, packages_select_build_failed=False, packages_skip_build_finished=False, packages_select_test_failures=False, packages_skip_test_passed=False, packages_select=None, packages_skip=None, packages_select_regex=None, packages_skip_regex=None, packages_start=None, packages_end=None, cmake_args=None, cmake_target=None, cmake_target_skip_unavailable=False, cmake_clean_cache=False, cmake_clean_first=False, cmake_force_configure=False, ament_cmake_args=None, catkin_cmake_args=None, catkin_skip_building_tests=False, mixin_files=None, mixin=None, verb_parser=<colcon_mixin.mixin.mixin_argument.MixinArgumentDecorator object at 0x764e500b2ed0>, verb_extension=<colcon_core.verb.build.BuildVerb object at 0x764e500b2ba0>, main=<bound method BuildVerb.main of <colcon_core.verb.build.BuildVerb object at 0x764e500b2ba0>>, mixin_verb=('build',))
[0.381s] Level 1:colcon.colcon_core.package_discovery:discover_packages(colcon_meta) check parameters
[0.382s] Level 1:colcon.colcon_core.package_discovery:discover_packages(recursive) check parameters
[0.382s] Level 1:colcon.colcon_core.package_discovery:discover_packages(ignore) check parameters
[0.382s] Level 1:colcon.colcon_core.package_discovery:discover_packages(path) check parameters
[0.382s] Level 1:colcon.colcon_core.package_discovery:discover_packages(colcon_meta) discover
[0.382s] Level 1:colcon.colcon_core.package_discovery:discover_packages(recursive) discover
[0.382s] INFO:colcon.colcon_core.package_discovery:Crawling recursively for packages in '/home/ws'
[0.382s] Level 1:colcon.colcon_core.package_identification:_identify(.) by extensions ['ignore', 'ignore_ament_install']
[0.382s] Level 1:colcon.colcon_core.package_identification:_identify(.) by extension 'ignore'
[0.382s] Level 1:colcon.colcon_core.package_identification:_identify(.) by extension 'ignore_ament_install'
[0.382s] Level 1:colcon.colcon_core.package_identification:_identify(.) by extensions ['colcon_pkg']
[0.382s] Level 1:colcon.colcon_core.package_identification:_identify(.) by extension 'colcon_pkg'
[0.382s] Level 1:colcon.colcon_core.package_identification:_identify(.) by extensions ['colcon_meta']
[0.382s] Level 1:colcon.colcon_core.package_identification:_identify(.) by extension 'colcon_meta'
[0.382s] Level 1:colcon.colcon_core.package_identification:_identify(.) by extensions ['ros']
[0.382s] Level 1:colcon.colcon_core.package_identification:_identify(.) by extension 'ros'
[0.416s] Level 1:colcon.colcon_core.package_identification:_identify(.) by extensions ['cmake', 'python']
[0.416s] Level 1:colcon.colcon_core.package_identification:_identify(.) by extension 'cmake'
[0.416s] Level 1:colcon.colcon_core.package_identification:_identify(.) by extension 'python'
[0.416s] Level 1:colcon.colcon_core.package_identification:_identify(.) by extensions ['python_setup_py']
[0.416s] Level 1:colcon.colcon_core.package_identification:_identify(.) by extension 'python_setup_py'
[0.416s] Level 1:colcon.colcon_core.package_identification:_identify(build) by extensions ['ignore', 'ignore_ament_install']
[0.416s] Level 1:colcon.colcon_core.package_identification:_identify(build) by extension 'ignore'
[0.416s] Level 1:colcon.colcon_core.package_identification:_identify(build) ignored
[0.416s] Level 1:colcon.colcon_core.package_identification:_identify(install) by extensions ['ignore', 'ignore_ament_install']
[0.416s] Level 1:colcon.colcon_core.package_identification:_identify(install) by extension 'ignore'
[0.416s] Level 1:colcon.colcon_core.package_identification:_identify(install) ignored
[0.417s] Level 1:colcon.colcon_core.package_identification:_identify(log) by extensions ['ignore', 'ignore_ament_install']
[0.417s] Level 1:colcon.colcon_core.package_identification:_identify(log) by extension 'ignore'
[0.417s] Level 1:colcon.colcon_core.package_identification:_identify(log) ignored
[0.417s] Level 1:colcon.colcon_core.package_identification:_identify(src) by extensions ['ignore', 'ignore_ament_install']
[0.417s] Level 1:colcon.colcon_core.package_identification:_identify(src) by extension 'ignore'
[0.417s] Level 1:colcon.colcon_core.package_identification:_identify(src) by extension 'ignore_ament_install'
[0.417s] Level 1:colcon.colcon_core.package_identification:_identify(src) by extensions ['colcon_pkg']
[0.417s] Level 1:colcon.colcon_core.package_identification:_identify(src) by extension 'colcon_pkg'
[0.417s] Level 1:colcon.colcon_core.package_identification:_identify(src) by extensions ['colcon_meta']
[0.417s] Level 1:colcon.colcon_core.package_identification:_identify(src) by extension 'colcon_meta'
[0.417s] Level 1:colcon.colcon_core.package_identification:_identify(src) by extensions ['ros']
[0.417s] Level 1:colcon.colcon_core.package_identification:_identify(src) by extension 'ros'
[0.417s] Level 1:colcon.colcon_core.package_identification:_identify(src) by extensions ['cmake', 'python']
[0.417s] Level 1:colcon.colcon_core.package_identification:_identify(src) by extension 'cmake'
[0.417s] Level 1:colcon.colcon_core.package_identification:_identify(src) by extension 'python'
[0.417s] Level 1:colcon.colcon_core.package_identification:_identify(src) by extensions ['python_setup_py']
[0.417s] Level 1:colcon.colcon_core.package_identification:_identify(src) by extension 'python_setup_py'
[0.417s] Level 1:colcon.colcon_core.package_identification:_identify(src/da graveyard) by extensions ['ignore', 'ignore_ament_install']
[0.418s] Level 1:colcon.colcon_core.package_identification:_identify(src/da graveyard) by extension 'ignore'
[0.418s] Level 1:colcon.colcon_core.package_identification:_identify(src/da graveyard) by extension 'ignore_ament_install'
[0.418s] Level 1:colcon.colcon_core.package_identification:_identify(src/da graveyard) by extensions ['colcon_pkg']
[0.418s] Level 1:colcon.colcon_core.package_identification:_identify(src/da graveyard) by extension 'colcon_pkg'
[0.418s] Level 1:colcon.colcon_core.package_identification:_identify(src/da graveyard) by extensions ['colcon_meta']
[0.418s] Level 1:colcon.colcon_core.package_identification:_identify(src/da graveyard) by extension 'colcon_meta'
[0.418s] Level 1:colcon.colcon_core.package_identification:_identify(src/da graveyard) by extensions ['ros']
[0.418s] Level 1:colcon.colcon_core.package_identification:_identify(src/da graveyard) by extension 'ros'
[0.418s] Level 1:colcon.colcon_core.package_identification:_identify(src/da graveyard) by extensions ['cmake', 'python']
[0.418s] Level 1:colcon.colcon_core.package_identification:_identify(src/da graveyard) by extension 'cmake'
[0.418s] Level 1:colcon.colcon_core.package_identification:_identify(src/da graveyard) by extension 'python'
[0.418s] Level 1:colcon.colcon_core.package_identification:_identify(src/da graveyard) by extensions ['python_setup_py']
[0.418s] Level 1:colcon.colcon_core.package_identification:_identify(src/da graveyard) by extension 'python_setup_py'
[0.418s] Level 1:colcon.colcon_core.package_identification:_identify(src/quadruped) by extensions ['ignore', 'ignore_ament_install']
[0.418s] Level 1:colcon.colcon_core.package_identification:_identify(src/quadruped) by extension 'ignore'
[0.418s] Level 1:colcon.colcon_core.package_identification:_identify(src/quadruped) by extension 'ignore_ament_install'
[0.418s] Level 1:colcon.colcon_core.package_identification:_identify(src/quadruped) by extensions ['colcon_pkg']
[0.418s] Level 1:colcon.colcon_core.package_identification:_identify(src/quadruped) by extension 'colcon_pkg'
[0.418s] Level 1:colcon.colcon_core.package_identification:_identify(src/quadruped) by extensions ['colcon_meta']
[0.418s] Level 1:colcon.colcon_core.package_identification:_identify(src/quadruped) by extension 'colcon_meta'
[0.418s] Level 1:colcon.colcon_core.package_identification:_identify(src/quadruped) by extensions ['ros']
[0.418s] Level 1:colcon.colcon_core.package_identification:_identify(src/quadruped) by extension 'ros'
[0.423s] DEBUG:colcon.colcon_core.package_identification:Package 'src/quadruped' with type 'ros.ament_cmake' and name 'quadruped'
[0.423s] Level 1:colcon.colcon_core.package_discovery:discover_packages(recursive) using defaults
[0.423s] Level 1:colcon.colcon_core.package_discovery:discover_packages(ignore) discover
[0.423s] Level 1:colcon.colcon_core.package_discovery:discover_packages(ignore) using defaults
[0.423s] Level 1:colcon.colcon_core.package_discovery:discover_packages(path) discover
[0.423s] Level 1:colcon.colcon_core.package_discovery:discover_packages(path) using defaults
[0.452s] Level 5:colcon.colcon_core.verb:set package 'quadruped' build argument 'cmake_args' from command line to 'None'
[0.452s] Level 5:colcon.colcon_core.verb:set package 'quadruped' build argument 'cmake_target' from command line to 'None'
[0.452s] Level 5:colcon.colcon_core.verb:set package 'quadruped' build argument 'cmake_target_skip_unavailable' from command line to 'False'
[0.452s] Level 5:colcon.colcon_core.verb:set package 'quadruped' build argument 'cmake_clean_cache' from command line to 'False'
[0.452s] Level 5:colcon.colcon_core.verb:set package 'quadruped' build argument 'cmake_clean_first' from command line to 'False'
[0.452s] Level 5:colcon.colcon_core.verb:set package 'quadruped' build argument 'cmake_force_configure' from command line to 'False'
[0.452s] Level 5:colcon.colcon_core.verb:set package 'quadruped' build argument 'ament_cmake_args' from command line to 'None'
[0.452s] Level 5:colcon.colcon_core.verb:set package 'quadruped' build argument 'catkin_cmake_args' from command line to 'None'
[0.452s] Level 5:colcon.colcon_core.verb:set package 'quadruped' build argument 'catkin_skip_building_tests' from command line to 'False'
[0.452s] DEBUG:colcon.colcon_core.verb:Building package 'quadruped' with the following arguments: {'ament_cmake_args': None, 'build_base': '/home/ws/build/quadruped', 'catkin_cmake_args': None, 'catkin_skip_building_tests': False, 'cmake_args': None, 'cmake_clean_cache': False, 'cmake_clean_first': False, 'cmake_force_configure': False, 'cmake_target': None, 'cmake_target_skip_unavailable': False, 'install_base': '/home/ws/install/quadruped', 'merge_install': False, 'path': '/home/ws/src/quadruped', 'symlink_install': True, 'test_result_base': None}
[0.453s] INFO:colcon.colcon_core.executor:Executing jobs using 'parallel' executor
[0.454s] DEBUG:colcon.colcon_parallel_executor.executor.parallel:run_until_complete
[0.454s] INFO:colcon.colcon_ros.task.ament_cmake.build:Building ROS package in '/home/ws/src/quadruped' with build type 'ament_cmake'
[0.454s] INFO:colcon.colcon_cmake.task.cmake.build:Building CMake package in '/home/ws/src/quadruped'
[0.458s] INFO:colcon.colcon_core.plugin_system:Skipping extension 'colcon_core.shell.bat': Not used on non-Windows systems
[0.459s] INFO:colcon.colcon_core.shell:Skip shell extension 'powershell' for command environment: Not usable outside of PowerShell
[0.459s] DEBUG:colcon.colcon_core.shell:Skip shell extension 'dsv' for command environment
[0.489s] DEBUG:colcon.colcon_core.event_handler.log_command:Invoking command in '/home/ws/build/quadruped': CMAKE_PREFIX_PATH=${CMAKE_PREFIX_PATH}:/opt/ros/jazzy /usr/bin/cmake --build /home/ws/build/quadruped -- -j20 -l20
[6.459s] DEBUG:colcon.colcon_core.event_handler.log_command:Invoked command in '/home/ws/build/quadruped' returned '0': CMAKE_PREFIX_PATH=${CMAKE_PREFIX_PATH}:/opt/ros/jazzy /usr/bin/cmake --build /home/ws/build/quadruped -- -j20 -l20
[6.660s] DEBUG:colcon.colcon_core.event_handler.log_command:Invoking command in '/home/ws/build/quadruped': CMAKE_PREFIX_PATH=${CMAKE_PREFIX_PATH}:/opt/ros/jazzy /usr/bin/cmake --install /home/ws/build/quadruped
[6.883s] Level 1:colcon.colcon_core.environment:create_environment_scripts_only(quadruped)
[6.885s] DEBUG:colcon.colcon_core.event_handler.log_command:Invoked command in '/home/ws/build/quadruped' returned '0': CMAKE_PREFIX_PATH=${CMAKE_PREFIX_PATH}:/opt/ros/jazzy /usr/bin/cmake --install /home/ws/build/quadruped
[6.893s] Level 1:colcon.colcon_core.environment:checking '/home/ws/install/quadruped' for CMake module files
[6.895s] Level 1:colcon.colcon_core.environment:checking '/home/ws/install/quadruped' for CMake config files
[6.896s] Level 1:colcon.colcon_core.shell:create_environment_hook('quadruped', 'cmake_prefix_path')
[6.896s] INFO:colcon.colcon_core.shell:Creating environment hook '/home/ws/install/quadruped/share/quadruped/hook/cmake_prefix_path.ps1'
[6.898s] INFO:colcon.colcon_core.shell:Creating environment descriptor '/home/ws/install/quadruped/share/quadruped/hook/cmake_prefix_path.dsv'
[6.900s] INFO:colcon.colcon_core.shell:Creating environment hook '/home/ws/install/quadruped/share/quadruped/hook/cmake_prefix_path.sh'
[6.903s] Level 1:colcon.colcon_core.environment:checking '/home/ws/install/quadruped/lib'
[6.904s] Level 1:colcon.colcon_core.shell:create_environment_hook('quadruped', 'ld_library_path_lib')
[6.905s] INFO:colcon.colcon_core.shell:Creating environment hook '/home/ws/install/quadruped/share/quadruped/hook/ld_library_path_lib.ps1'
[6.906s] INFO:colcon.colcon_core.shell:Creating environment descriptor '/home/ws/install/quadruped/share/quadruped/hook/ld_library_path_lib.dsv'
[6.907s] INFO:colcon.colcon_core.shell:Creating environment hook '/home/ws/install/quadruped/share/quadruped/hook/ld_library_path_lib.sh'
[6.908s] Level 1:colcon.colcon_core.environment:checking '/home/ws/install/quadruped/bin'
[6.908s] Level 1:colcon.colcon_core.environment:checking '/home/ws/install/quadruped/lib/pkgconfig/quadruped.pc'
[6.916s] Level 1:colcon.colcon_core.environment:checking '/home/ws/install/quadruped/lib/python3.12/site-packages'
[6.916s] Level 1:colcon.colcon_core.shell:create_environment_hook('quadruped', 'pythonpath')
[6.916s] INFO:colcon.colcon_core.shell:Creating environment hook '/home/ws/install/quadruped/share/quadruped/hook/pythonpath.ps1'
[6.917s] INFO:colcon.colcon_core.shell:Creating environment descriptor '/home/ws/install/quadruped/share/quadruped/hook/pythonpath.dsv'
[6.918s] INFO:colcon.colcon_core.shell:Creating environment hook '/home/ws/install/quadruped/share/quadruped/hook/pythonpath.sh'
[6.920s] Level 1:colcon.colcon_core.environment:checking '/home/ws/install/quadruped/bin'
[6.921s] INFO:colcon.colcon_core.shell:Creating package script '/home/ws/install/quadruped/share/quadruped/package.ps1'
[6.923s] INFO:colcon.colcon_core.shell:Creating package descriptor '/home/ws/install/quadruped/share/quadruped/package.dsv'
[6.925s] INFO:colcon.colcon_core.shell:Creating package script '/home/ws/install/quadruped/share/quadruped/package.sh'
[6.927s] INFO:colcon.colcon_core.shell:Creating package script '/home/ws/install/quadruped/share/quadruped/package.bash'
[6.929s] INFO:colcon.colcon_core.shell:Creating package script '/home/ws/install/quadruped/share/quadruped/package.zsh'
[6.931s] Level 1:colcon.colcon_core.environment:create_file_with_runtime_dependencies(/home/ws/install/quadruped/share/colcon-core/packages/quadruped)
[7.087s] Level 1:colcon.colcon_core.environment:create_environment_scripts_only(quadruped)
[7.088s] Level 1:colcon.colcon_core.environment:checking '/home/ws/install/quadruped' for CMake module files
[7.091s] Level 1:colcon.colcon_core.environment:checking '/home/ws/install/quadruped' for CMake config files
[7.092s] Level 1:colcon.colcon_core.shell:create_environment_hook('quadruped', 'cmake_prefix_path')
[7.093s] INFO:colcon.colcon_core.shell:Creating environment hook '/home/ws/install/quadruped/share/quadruped/hook/cmake_prefix_path.ps1'
[7.094s] INFO:colcon.colcon_core.shell:Creating environment descriptor '/home/ws/install/quadruped/share/quadruped/hook/cmake_prefix_path.dsv'
[7.095s] INFO:colcon.colcon_core.shell:Creating environment hook '/home/ws/install/quadruped/share/quadruped/hook/cmake_prefix_path.sh'
[7.097s] Level 1:colcon.colcon_core.environment:checking '/home/ws/install/quadruped/lib'
[7.097s] Level 1:colcon.colcon_core.shell:create_environment_hook('quadruped', 'ld_library_path_lib')
[7.097s] INFO:colcon.colcon_core.shell:Creating environment hook '/home/ws/install/quadruped/share/quadruped/hook/ld_library_path_lib.ps1'
[7.099s] INFO:colcon.colcon_core.shell:Creating environment descriptor '/home/ws/install/quadruped/share/quadruped/hook/ld_library_path_lib.dsv'
[7.099s] INFO:colcon.colcon_core.shell:Creating environment hook '/home/ws/install/quadruped/share/quadruped/hook/ld_library_path_lib.sh'
[7.100s] Level 1:colcon.colcon_core.environment:checking '/home/ws/install/quadruped/bin'
[7.100s] Level 1:colcon.colcon_core.environment:checking '/home/ws/install/quadruped/lib/pkgconfig/quadruped.pc'
[7.101s] Level 1:colcon.colcon_core.environment:checking '/home/ws/install/quadruped/lib/python3.12/site-packages'
[7.101s] Level 1:colcon.colcon_core.shell:create_environment_hook('quadruped', 'pythonpath')
[7.102s] INFO:colcon.colcon_core.shell:Creating environment hook '/home/ws/install/quadruped/share/quadruped/hook/pythonpath.ps1'
[7.103s] INFO:colcon.colcon_core.shell:Creating environment descriptor '/home/ws/install/quadruped/share/quadruped/hook/pythonpath.dsv'
[7.105s] INFO:colcon.colcon_core.shell:Creating environment hook '/home/ws/install/quadruped/share/quadruped/hook/pythonpath.sh'
[7.107s] Level 1:colcon.colcon_core.environment:checking '/home/ws/install/quadruped/bin'
[7.107s] INFO:colcon.colcon_core.shell:Creating package script '/home/ws/install/quadruped/share/quadruped/package.ps1'
[7.109s] INFO:colcon.colcon_core.shell:Creating package descriptor '/home/ws/install/quadruped/share/quadruped/package.dsv'
[7.111s] INFO:colcon.colcon_core.shell:Creating package script '/home/ws/install/quadruped/share/quadruped/package.sh'
[7.112s] INFO:colcon.colcon_core.shell:Creating package script '/home/ws/install/quadruped/share/quadruped/package.bash'
[7.113s] INFO:colcon.colcon_core.shell:Creating package script '/home/ws/install/quadruped/share/quadruped/package.zsh'
[7.114s] Level 1:colcon.colcon_core.environment:create_file_with_runtime_dependencies(/home/ws/install/quadruped/share/colcon-core/packages/quadruped)
[7.114s] DEBUG:colcon.colcon_parallel_executor.executor.parallel:closing loop
[7.116s] DEBUG:colcon.colcon_parallel_executor.executor.parallel:loop closed
[7.116s] DEBUG:colcon.colcon_parallel_executor.executor.parallel:run_until_complete finished with '0'
[7.117s] DEBUG:colcon.colcon_core.event_reactor:joining thread
[7.144s] INFO:colcon.colcon_core.plugin_system:Skipping extension 'colcon_notification.desktop_notification.notify_send': Could not find 'notify-send'
[7.144s] INFO:colcon.colcon_core.plugin_system:Skipping extension 'colcon_notification.desktop_notification.terminal_notifier': Not used on non-Darwin systems
[7.145s] INFO:colcon.colcon_core.plugin_system:Skipping extension 'colcon_notification.desktop_notification.win32': Not used on non-Windows systems
[7.145s] INFO:colcon.colcon_notification.desktop_notification:Sending desktop notification using 'notify2'
[7.151s] DEBUG:colcon.colcon_notification.desktop_notification.notify2:Failed to initialize notify2: org.freedesktop.DBus.Error.Spawn.ExecFailed: /usr/bin/dbus-launch terminated abnormally without any error message
[7.152s] DEBUG:colcon.colcon_core.event_reactor:joined thread
[7.154s] INFO:colcon.colcon_core.shell:Creating prefix script '/home/ws/install/local_setup.ps1'
[7.158s] INFO:colcon.colcon_core.shell:Creating prefix util module '/home/ws/install/_local_setup_util_ps1.py'
[7.164s] INFO:colcon.colcon_core.shell:Creating prefix chain script '/home/ws/install/setup.ps1'
[7.169s] INFO:colcon.colcon_core.shell:Creating prefix script '/home/ws/install/local_setup.sh'
[7.172s] INFO:colcon.colcon_core.shell:Creating prefix util module '/home/ws/install/_local_setup_util_sh.py'
[7.174s] INFO:colcon.colcon_core.shell:Creating prefix chain script '/home/ws/install/setup.sh'
[7.178s] INFO:colcon.colcon_core.shell:Creating prefix script '/home/ws/install/local_setup.bash'
[7.180s] INFO:colcon.colcon_core.shell:Creating prefix chain script '/home/ws/install/setup.bash'
[7.184s] INFO:colcon.colcon_core.shell:Creating prefix script '/home/ws/install/local_setup.zsh'
[7.186s] INFO:colcon.colcon_core.shell:Creating prefix chain script '/home/ws/install/setup.zsh'
