[0.049s] Invoking command in '/home/ws/build/quadruped_bringup': CMAKE_PREFIX_PATH=${CMAKE_PREFIX_PATH}:/home/ws/install/quadruped_simulation:/home/ws/install/quadruped_controllers:/opt/ros/jazzy /usr/bin/cmake --build /home/ws/build/quadruped_bringup -- -j20 -l20
[0.140s] Invoked command in '/home/ws/build/quadruped_bringup' returned '0': CMAKE_PREFIX_PATH=${CMAKE_PREFIX_PATH}:/home/ws/install/quadruped_simulation:/home/ws/install/quadruped_controllers:/opt/ros/jazzy /usr/bin/cmake --build /home/ws/build/quadruped_bringup -- -j20 -l20
[0.254s] Invoking command in '/home/ws/build/quadruped_bringup': CMAKE_PREFIX_PATH=${CMAKE_PREFIX_PATH}:/home/ws/install/quadruped_simulation:/home/ws/install/quadruped_controllers:/opt/ros/jazzy /usr/bin/cmake --install /home/ws/build/quadruped_bringup
[0.275s] -- Install configuration: ""
[0.276s] -- Execute custom install script
[0.279s] -- Up-to-date symlink: /home/ws/install/quadruped_bringup/share/quadruped_bringup/launch/sim.launch.py
[0.279s] -- Up-to-date symlink: /home/ws/install/quadruped_bringup/share/ament_index/resource_index/package_run_dependencies/quadruped_bringup
[0.280s] -- Up-to-date symlink: /home/ws/install/quadruped_bringup/share/ament_index/resource_index/parent_prefix_path/quadruped_bringup
[0.284s] -- Up-to-date symlink: /home/ws/install/quadruped_bringup/share/quadruped_bringup/environment/ament_prefix_path.sh
[0.285s] -- Up-to-date symlink: /home/ws/install/quadruped_bringup/share/quadruped_bringup/environment/ament_prefix_path.dsv
[0.285s] -- Up-to-date symlink: /home/ws/install/quadruped_bringup/share/quadruped_bringup/environment/path.sh
[0.286s] -- Up-to-date symlink: /home/ws/install/quadruped_bringup/share/quadruped_bringup/environment/path.dsv
[0.286s] -- Up-to-date symlink: /home/ws/install/quadruped_bringup/share/quadruped_bringup/local_setup.bash
[0.286s] -- Up-to-date symlink: /home/ws/install/quadruped_bringup/share/quadruped_bringup/local_setup.sh
[0.287s] -- Up-to-date symlink: /home/ws/install/quadruped_bringup/share/quadruped_bringup/local_setup.zsh
[0.287s] -- Up-to-date symlink: /home/ws/install/quadruped_bringup/share/quadruped_bringup/local_setup.dsv
[0.287s] -- Symlinking: /home/ws/install/quadruped_bringup/share/quadruped_bringup/package.dsv
[0.299s] -- Up-to-date symlink: /home/ws/install/quadruped_bringup/share/ament_index/resource_index/packages/quadruped_bringup
[0.301s] -- Up-to-date symlink: /home/ws/install/quadruped_bringup/share/quadruped_bringup/cmake/quadruped_bringupConfig.cmake
[0.301s] -- Up-to-date symlink: /home/ws/install/quadruped_bringup/share/quadruped_bringup/cmake/quadruped_bringupConfig-version.cmake
[0.301s] -- Up-to-date symlink: /home/ws/install/quadruped_bringup/share/quadruped_bringup/package.xml
[0.304s] Invoked command in '/home/ws/build/quadruped_bringup' returned '0': CMAKE_PREFIX_PATH=${CMAKE_PREFIX_PATH}:/home/ws/install/quadruped_simulation:/home/ws/install/quadruped_controllers:/opt/ros/jazzy /usr/bin/cmake --install /home/ws/build/quadruped_bringup
