[1.342s] Invoking command in '/home/ws/build/quadruped_simulation': PYTHONPATH=/home/ws/build/quadruped_simulation/prefix_override:/usr/lib/python3/dist-packages/colcon_core/task/python/colcon_distutils_commands:/home/ws/install/quadruped_simulation/lib/python3.12/site-packages:${PYTHONPATH} /usr/bin/python3 -W ignore:setup.py install is deprecated setup.py develop --editable --build-directory /home/ws/build/quadruped_simulation/build --no-deps symlink_data
[1.684s] running develop
[1.684s] /usr/lib/python3/dist-packages/setuptools/command/develop.py:40: EasyInstallDeprecationWarning: easy_install command is deprecated.
[1.684s] !!
[1.684s] 
[1.684s]         ********************************************************************************
[1.684s]         Please avoid running ``setup.py`` and ``easy_install``.
[1.684s]         Instead, use pypa/build, pypa/installer or other
[1.684s]         standards-based tools.
[1.684s] 
[1.684s]         See https://github.com/pypa/setuptools/issues/917 for details.
[1.684s]         ********************************************************************************
[1.684s] 
[1.684s] !!
[1.685s]   easy_install.initialize_options(self)
[1.866s] running egg_info
[1.883s] writing quadruped_simulation.egg-info/PKG-INFO
[1.883s] writing dependency_links to quadruped_simulation.egg-info/dependency_links.txt
[1.883s] writing requirements to quadruped_simulation.egg-info/requires.txt
[1.884s] writing top-level names to quadruped_simulation.egg-info/top_level.txt
[1.918s] reading manifest file 'quadruped_simulation.egg-info/SOURCES.txt'
[1.919s] writing manifest file 'quadruped_simulation.egg-info/SOURCES.txt'
[1.959s] running build_ext
[1.959s] Creating /home/ws/install/quadruped_simulation/lib/python3.12/site-packages/quadruped-simulation.egg-link (link to .)
[1.960s] 
[1.960s] Installed /home/ws/build/quadruped_simulation
[1.961s] running symlink_data
[2.021s] Invoked command in '/home/ws/build/quadruped_simulation' returned '0': PYTHONPATH=/home/ws/build/quadruped_simulation/prefix_override:/usr/lib/python3/dist-packages/colcon_core/task/python/colcon_distutils_commands:/home/ws/install/quadruped_simulation/lib/python3.12/site-packages:${PYTHONPATH} /usr/bin/python3 -W ignore:setup.py install is deprecated setup.py develop --editable --build-directory /home/ws/build/quadruped_simulation/build --no-deps symlink_data
