[0.014s] Invoking command in '/home/ws/src/quadruped/build/quadruped': CMAKE_PREFIX_PATH=${CMAKE_PREFIX_PATH}:/opt/ros/jazzy /usr/bin/cmake --build /home/ws/src/quadruped/build/quadruped -- -j20 -l20
[0.063s] -- Found ament_cmake: 2.5.2 (/opt/ros/jazzy/share/ament_cmake/cmake)
[0.411s] -- Override CMake install command with custom implementation using symlinks instead of copying resources
[0.421s] -- Found ament_lint_auto: 0.17.1 (/opt/ros/jazzy/share/ament_lint_auto/cmake)
[0.587s] -- Added test 'cppcheck' to perform static code analysis on C / C++ code
[0.587s] -- Configured cppcheck include dirs: 
[0.587s] -- Configured cppcheck exclude dirs and/or files: 
[0.589s] -- Added test 'flake8' to check Python code syntax and style conventions
[0.589s] -- Configured 'flake8' exclude dirs and/or files: 
[0.591s] -- Added test 'lint_cmake' to check CMake code style
[0.593s] -- Added test 'pep257' to check Python code against some of the docstring style conventions in PEP 257
[0.601s] -- Added test 'uncrustify' to check C / C++ code style
[0.601s] -- Configured uncrustify additional arguments: 
[0.603s] -- Added test 'xmllint' to check XML markup files
[0.605s] -- Configuring done (0.6s)
[0.613s] -- Generating done (0.0s)
[0.614s] -- Build files have been written to: /home/ws/src/quadruped/build/quadruped
[0.680s] Invoked command in '/home/ws/src/quadruped/build/quadruped' returned '0': CMAKE_PREFIX_PATH=${CMAKE_PREFIX_PATH}:/opt/ros/jazzy /usr/bin/cmake --build /home/ws/src/quadruped/build/quadruped -- -j20 -l20
[0.767s] Invoking command in '/home/ws/src/quadruped/build/quadruped': CMAKE_PREFIX_PATH=${CMAKE_PREFIX_PATH}:/opt/ros/jazzy /usr/bin/cmake --install /home/ws/src/quadruped/build/quadruped
[0.787s] -- Install configuration: ""
[0.788s] -- Execute custom install script
[0.788s] -- Up-to-date symlink: /home/ws/src/quadruped/install/quadruped/lib/quadruped/template_node.py
[0.788s] -- Up-to-date symlink: /home/ws/src/quadruped/install/quadruped/share/ament_index/resource_index/package_run_dependencies/quadruped
[0.789s] -- Up-to-date symlink: /home/ws/src/quadruped/install/quadruped/share/ament_index/resource_index/parent_prefix_path/quadruped
[0.789s] -- Up-to-date symlink: /home/ws/src/quadruped/install/quadruped/share/quadruped/environment/ament_prefix_path.sh
[0.789s] -- Up-to-date symlink: /home/ws/src/quadruped/install/quadruped/share/quadruped/environment/ament_prefix_path.dsv
[0.790s] -- Up-to-date symlink: /home/ws/src/quadruped/install/quadruped/share/quadruped/environment/path.sh
[0.790s] -- Up-to-date symlink: /home/ws/src/quadruped/install/quadruped/share/quadruped/environment/path.dsv
[0.790s] -- Up-to-date symlink: /home/ws/src/quadruped/install/quadruped/share/quadruped/local_setup.bash
[0.790s] -- Up-to-date symlink: /home/ws/src/quadruped/install/quadruped/share/quadruped/local_setup.sh
[0.790s] -- Up-to-date symlink: /home/ws/src/quadruped/install/quadruped/share/quadruped/local_setup.zsh
[0.791s] -- Up-to-date symlink: /home/ws/src/quadruped/install/quadruped/share/quadruped/local_setup.dsv
[0.791s] -- Symlinking: /home/ws/src/quadruped/install/quadruped/share/quadruped/package.dsv
[0.807s] -- Up-to-date symlink: /home/ws/src/quadruped/install/quadruped/share/ament_index/resource_index/packages/quadruped
[0.807s] -- Up-to-date symlink: /home/ws/src/quadruped/install/quadruped/share/quadruped/cmake/quadrupedConfig.cmake
[0.808s] -- Up-to-date symlink: /home/ws/src/quadruped/install/quadruped/share/quadruped/cmake/quadrupedConfig-version.cmake
[0.808s] -- Up-to-date symlink: /home/ws/src/quadruped/install/quadruped/share/quadruped/package.xml
[0.811s] Invoked command in '/home/ws/src/quadruped/build/quadruped' returned '0': CMAKE_PREFIX_PATH=${CMAKE_PREFIX_PATH}:/opt/ros/jazzy /usr/bin/cmake --install /home/ws/src/quadruped/build/quadruped
