-- Found ament_cmake: 2.5.2 (/opt/ros/jazzy/share/ament_cmake/cmake)
-- Found Python3: /usr/bin/python3 (found version "3.12.3") found components: Interpreter 
-- Override CMake install command with custom implementation using symlinks instead of copying resources
-- Found rclcpp: 28.1.5 (/opt/ros/jazzy/share/rclcpp/cmake)
-- Found rosidl_generator_c: 4.6.4 (/opt/ros/jazzy/share/rosidl_generator_c/cmake)
-- Found rosidl_generator_cpp: 4.6.4 (/opt/ros/jazzy/share/rosidl_generator_cpp/cmake)
-- Using all available rosidl_typesupport_c: rosidl_typesupport_fastrtps_c;rosidl_typesupport_introspection_c
-- Using all available rosidl_typesupport_cpp: rosidl_typesupport_fastrtps_cpp;rosidl_typesupport_introspection_cpp
-- Found rmw_implementation_cmake: 7.3.1 (/opt/ros/jazzy/share/rmw_implementation_cmake/cmake)
-- Found rmw_fastrtps_cpp: 8.4.1 (/opt/ros/jazzy/share/rmw_fastrtps_cpp/cmake)
-- Using RMW implementation 'rmw_fastrtps_cpp' as default
-- Found hardware_interface: 4.18.0 (/opt/ros/jazzy/share/hardware_interface/cmake)
-- Found controller_manager: 4.18.0 (/opt/ros/jazzy/share/controller_manager/cmake)
-- Found ros2_control: 4.18.0 (/opt/ros/jazzy/share/ros2_control/cmake)
-- Found ros_gz_sim: 1.0.5 (/opt/ros/jazzy/share/ros_gz_sim/cmake)
-- Looking for gz-sim8 -- found version 8.6.0
-- Searching for dependencies of gz-sim8
-- Looking for sdformat14 -- found version 14.5.0
-- Searching for dependencies of sdformat14
-- Checking for module 'tinyxml2'
--   Found tinyxml2, version 10.0.0
-- Looking for gz-math7 -- found version 7.5.0
-- Searching for dependencies of gz-math7
-- Looking for gz-utils2 -- found version 2.2.0
-- Searching for dependencies of gz-utils2
-- Looking for gz-utils2 -- found version 2.2.0
-- Searching for dependencies of gz-utils2
-- Searching for <gz-utils2> component [cli]
-- Looking for gz-utils2-cli -- found version 2.2.0
-- Searching for dependencies of gz-utils2-cli
-- Looking for gz-plugin2 -- found version 2.0.3
-- Searching for dependencies of gz-plugin2
-- Looking for gz-utils2 -- found version 2.2.0
-- Searching for <gz-plugin2> component [loader]
-- Looking for gz-plugin2-loader -- found version 2.0.3
-- Searching for dependencies of gz-plugin2-loader
-- Searching for <gz-plugin2> component [register]
-- Looking for gz-plugin2-register -- found version 2.0.3
-- Searching for dependencies of gz-plugin2-register
-- Looking for gz-transport13 -- found version 13.4.0
-- Searching for dependencies of gz-transport13
-- Config-file not installed for ZeroMQ -- checking for pkg-config
-- Checking for module 'libzmq >= 4'
--   Found libzmq, version 4.3.5
-- Checking for module 'uuid'
--   Found uuid, version 2.39.3
-- Looking for gz-utils2 -- found version 2.2.0
-- Looking for gz-msgs10 -- found version 10.3.0
-- Searching for dependencies of gz-msgs10
-- Looking for gz-utils2 -- found version 2.2.0
-- Looking for gz-math7 -- found version 7.5.0
-- Searching for <gz-transport13> component [log]
-- Looking for gz-transport13-log -- found version 13.4.0
-- Searching for dependencies of gz-transport13-log
-- Searching for <gz-transport13> component [parameters]
-- Looking for gz-transport13-parameters -- found version 13.4.0
-- Searching for dependencies of gz-transport13-parameters
-- Looking for gz-msgs10 -- found version 10.3.0
-- Looking for gz-common5 -- found version 5.6.0
-- Searching for dependencies of gz-common5
-- Looking for gz-utils2 -- found version 2.2.0
-- Looking for dlfcn.h - found
-- Looking for libdl - found
-- Searching for <gz-common5> component [av]
-- Looking for gz-common5-av -- found version 5.6.0
-- Searching for dependencies of gz-common5-av
-- Checking for module 'libswscale'
--   Found libswscale, version 7.5.100
-- Checking for module 'libavdevice >= 56.4.100'
--   Found libavdevice, version 60.3.100
-- Checking for module 'libavformat'
--   Found libavformat, version 60.16.100
-- Checking for module 'libavcodec'
--   Found libavcodec, version 60.31.102
-- Checking for module 'libavutil'
--   Found libavutil, version 58.29.100
-- Searching for <gz-common5> component [events]
-- Looking for gz-common5-events -- found version 5.6.0
-- Searching for dependencies of gz-common5-events
-- Looking for gz-math7 -- found version 7.5.0
-- Searching for <gz-common5> component [graphics]
-- Looking for gz-common5-graphics -- found version 5.6.0
-- Searching for dependencies of gz-common5-graphics
-- Looking for gz-math7 -- found version 7.5.0
-- Searching for <gz-common5> component [io]
-- Looking for gz-common5-io -- found version 5.6.0
-- Searching for dependencies of gz-common5-io
-- Searching for <gz-common5> component [profiler]
-- Looking for gz-common5-profiler -- found version 5.6.0
-- Searching for dependencies of gz-common5-profiler
-- Looking for gz-fuel_tools9 -- found version 9.1.0
-- Searching for dependencies of gz-fuel_tools9
-- Checking for module 'jsoncpp'
--   Found jsoncpp, version 1.9.5
-- Checking for module 'yaml-0.1'
--   Found yaml-0.1, version 0.2.5
-- Checking for module 'libzip'
--   Found libzip, version 1.7.3
-- Looking for gz-utils2 -- found version 2.2.0
-- Looking for gz-common5 -- found version 5.6.0
-- Searching for dependencies of gz-common5
-- Looking for gz-utils2 -- found version 2.2.0
-- Looking for dlfcn.h - found
-- Looking for libdl - found
-- Searching for <gz-common5> component [testing]
-- Looking for gz-common5-testing -- found version 5.6.0
-- Searching for dependencies of gz-common5-testing
-- Looking for gz-math7 -- found version 7.5.0
-- Looking for gz-msgs10 -- found version 10.3.0
-- Looking for gz-gui8 -- found version 8.3.0
-- Searching for dependencies of gz-gui8
-- Looking for gz-utils2 -- found version 2.2.0
-- Looking for gz-math7 -- found version 7.5.0
-- Looking for gz-common5 -- found version 5.6.0
-- Looking for gz-plugin2 -- found version 2.0.3
-- Looking for gz-transport13 -- found version 13.4.0
-- Looking for gz-rendering8 -- found version 8.2.0
-- Searching for dependencies of gz-rendering8
-- Looking for gz-math7 -- found version 7.5.0
-- Searching for dependencies of gz-math7
-- Looking for gz-utils2 -- found version 2.2.0
-- Searching for <gz-math7> component [eigen3]
-- Looking for gz-math7-eigen3 -- found version 7.5.0
-- Searching for dependencies of gz-math7-eigen3
-- Looking for gz-common5 -- found version 5.6.0
-- Searching for dependencies of gz-common5
-- Looking for gz-utils2 -- found version 2.2.0
-- Looking for dlfcn.h - found
-- Looking for libdl - found
-- Searching for <gz-common5> component [graphics]
-- Searching for <gz-common5> component [events]
-- Searching for <gz-common5> component [geospatial]
-- Looking for gz-common5-geospatial -- found version 5.6.0
-- Searching for dependencies of gz-common5-geospatial
-- Looking for gz-math7 -- found version 7.5.0
-- Looking for gz-common5 -- found version 5.6.0
-- Looking for gz-plugin2 -- found version 2.0.3
-- Searching for dependencies of gz-plugin2
-- Looking for gz-utils2 -- found version 2.2.0
-- Searching for <gz-plugin2> component [all]
-- Looking for all libraries of gz-plugin2 -- found version 2.0.3
-- Looking for gz-plugin2 -- found version 2.0.3
-- Looking for gz-utils2 -- found version 2.2.0
-- Looking for gz-msgs10 -- found version 10.3.0
-- Looking for gz-physics7 -- found version 7.3.0
-- Searching for dependencies of gz-physics7
-- Looking for gz-common5 -- found version 5.6.0
-- Looking for gz-math7 -- found version 7.5.0
-- Looking for gz-plugin2 -- found version 2.0.3
-- Looking for gz-utils2 -- found version 2.2.0
-- Searching for <gz-physics7> component [heightmap]
-- Looking for gz-physics7-heightmap -- found version 7.3.0
-- Searching for dependencies of gz-physics7-heightmap
-- Looking for gz-common5 -- found version 5.6.0
-- Searching for <gz-physics7> component [mesh]
-- Looking for gz-physics7-mesh -- found version 7.3.0
-- Searching for dependencies of gz-physics7-mesh
-- Looking for gz-common5 -- found version 5.6.0
-- Searching for <gz-physics7> component [sdf]
-- Looking for gz-physics7-sdf -- found version 7.3.0
-- Searching for dependencies of gz-physics7-sdf
-- Looking for sdformat14 -- found version 14.5.0
-- Looking for gz-sensors8 -- found version 8.2.0
-- Searching for dependencies of gz-sensors8
-- Looking for gz-math7 -- found version 7.5.0
-- Looking for gz-common5 -- found version 5.6.0
-- Looking for gz-transport13 -- found version 13.4.0
-- Looking for gz-rendering8 -- found version 8.2.0
-- Looking for gz-msgs10 -- found version 10.3.0
-- Looking for sdformat14 -- found version 14.5.0
-- Searching for <gz-sensors8> component [air_pressure]
-- Looking for gz-sensors8-air_pressure -- found version 8.2.0
-- Searching for dependencies of gz-sensors8-air_pressure
-- Searching for <gz-sensors8> component [air_speed]
-- Looking for gz-sensors8-air_speed -- found version 8.2.0
-- Searching for dependencies of gz-sensors8-air_speed
-- Searching for <gz-sensors8> component [altimeter]
-- Looking for gz-sensors8-altimeter -- found version 8.2.0
-- Searching for dependencies of gz-sensors8-altimeter
-- Searching for <gz-sensors8> component [imu]
-- Looking for gz-sensors8-imu -- found version 8.2.0
-- Searching for dependencies of gz-sensors8-imu
-- Searching for <gz-sensors8> component [force_torque]
-- Looking for gz-sensors8-force_torque -- found version 8.2.0
-- Searching for dependencies of gz-sensors8-force_torque
-- Searching for <gz-sensors8> component [logical_camera]
-- Looking for gz-sensors8-logical_camera -- found version 8.2.0
-- Searching for dependencies of gz-sensors8-logical_camera
-- Searching for <gz-sensors8> component [magnetometer]
-- Looking for gz-sensors8-magnetometer -- found version 8.2.0
-- Searching for dependencies of gz-sensors8-magnetometer
-- Searching for <gz-sensors8> component [navsat]
-- Looking for gz-sensors8-navsat -- found version 8.2.0
-- Searching for dependencies of gz-sensors8-navsat
-- Searching for <gz-sensors8> component [dvl]
-- Looking for gz-sensors8-dvl -- found version 8.2.0
-- Searching for dependencies of gz-sensors8-dvl
-- Looking for gz-sensors8 -- found version 8.2.0
-- Searching for dependencies of gz-sensors8
-- Looking for gz-math7 -- found version 7.5.0
-- Looking for gz-common5 -- found version 5.6.0
-- Looking for gz-transport13 -- found version 13.4.0
-- Looking for gz-rendering8 -- found version 8.2.0
-- Looking for gz-msgs10 -- found version 10.3.0
-- Looking for sdformat14 -- found version 14.5.0
-- Searching for <gz-sensors8> component [rendering]
-- Looking for gz-sensors8-rendering -- found version 8.2.0
-- Searching for dependencies of gz-sensors8-rendering
-- Searching for <gz-sensors8> component [rendering]
-- Searching for <gz-sensors8> component [lidar]
-- Looking for gz-sensors8-lidar -- found version 8.2.0
-- Searching for dependencies of gz-sensors8-lidar
-- Looking for gz-sensors8 -- found version 8.2.0
-- Searching for <gz-sensors8> component [gpu_lidar]
-- Looking for gz-sensors8-gpu_lidar -- found version 8.2.0
-- Searching for dependencies of gz-sensors8-gpu_lidar
-- Looking for gz-sensors8 -- found version 8.2.0
-- Searching for <gz-sensors8> component [camera]
-- Looking for gz-sensors8-camera -- found version 8.2.0
-- Searching for dependencies of gz-sensors8-camera
-- Looking for gz-sensors8 -- found version 8.2.0
-- Searching for <gz-sensors8> component [boundingbox_camera]
-- Looking for gz-sensors8-boundingbox_camera -- found version 8.2.0
-- Searching for dependencies of gz-sensors8-boundingbox_camera
-- Searching for <gz-sensors8> component [segmentation_camera]
-- Looking for gz-sensors8-segmentation_camera -- found version 8.2.0
-- Searching for dependencies of gz-sensors8-segmentation_camera
-- Searching for <gz-sensors8> component [depth_camera]
-- Looking for gz-sensors8-depth_camera -- found version 8.2.0
-- Searching for dependencies of gz-sensors8-depth_camera
-- Looking for gz-sensors8 -- found version 8.2.0
-- Searching for <gz-sensors8> component [rgbd_camera]
-- Looking for gz-sensors8-rgbd_camera -- found version 8.2.0
-- Searching for dependencies of gz-sensors8-rgbd_camera
-- Looking for gz-sensors8 -- found version 8.2.0
-- Searching for <gz-sensors8> component [thermal_camera]
-- Looking for gz-sensors8-thermal_camera -- found version 8.2.0
-- Searching for dependencies of gz-sensors8-thermal_camera
-- Looking for gz-sensors8 -- found version 8.2.0
-- Searching for <gz-sensors8> component [wide_angle_camera]
-- Looking for gz-sensors8-wide_angle_camera -- found version 8.2.0
-- Searching for dependencies of gz-sensors8-wide_angle_camera
-- Looking for gz-rendering8 -- found version 8.2.0
-- Looking for gz-math7 -- found version 7.5.0
-- Looking for gz-utils2 -- found version 2.2.0
-- Looking for gz-plugin2 -- found version 2.0.3
-- Found rosidl_default_generators: 1.6.0 (/opt/ros/jazzy/share/rosidl_default_generators/cmake)
-- Found rosidl_adapter: 4.6.4 (/opt/ros/jazzy/share/rosidl_adapter/cmake)
-- Found rclcpp_components: 28.1.5 (/opt/ros/jazzy/share/rclcpp_components/cmake)
-- pinocchio FOUND. pinocchio at /opt/ros/jazzy/lib/x86_64-linux-gnu/libpinocchio.so
-- boost_filesystem FOUND. boost_filesystem at /lib/x86_64-linux-gnu/libboost_filesystem.so
-- boost_serialization FOUND. boost_serialization at /lib/x86_64-linux-gnu/libboost_serialization.so
-- boost_system FOUND. boost_system at /lib/x86_64-linux-gnu/libboost_system.so
-- Found Boost: /usr/include (found version "1.83.0") found components: filesystem serialization system 
-- eigenpy FOUND. eigenpy at /opt/ros/jazzy/lib/x86_64-linux-gnu/libeigenpy.so
-- Checking for NumPy
--   NUMPY_INCLUDE_DIRS=/usr/lib/python3/dist-packages/numpy/core/include
--   NUMPY_VERSION=1.26.4
-- Found Python3: /usr/bin/python3 (found version "3.12.3") found components: Interpreter Development.Module NumPy 
-- PythonLibraryDirs: 
-- PythonLibVersionString: 3.12.3
-- Python site lib: lib/python3.12/dist-packages
-- Python include dirs: /usr/include/python3.12
-- Checking for NumPy
--   NUMPY_INCLUDE_DIRS=/usr/lib/python3/dist-packages/numpy/core/include
--   NUMPY_VERSION=1.26.4
-- NumPy include dir: /usr/lib/python3/dist-packages/numpy/core/include
-- Found Boost: /usr/include (found version "1.83.0") found components: python312 
-- Boost_PYTHON_LIBRARY: /usr/lib/x86_64-linux-gnu/libboost_python312.so
-- Default C++ standard: 201703
-- C++ standard sufficient: Minimal required 14, currently defined: 17
-- CMAKE_CXX_STANDARD was not set: automatically set to currently defined standard 17
-- C++ standard sufficient: Minimal required 14, currently defined: 17
-- Found Python3: /usr/bin/python3 (found version "3.12.3") found components: Interpreter 
-- Found ament_cmake_ros: 0.12.0 (/opt/ros/jazzy/share/ament_cmake_ros/cmake)
-- Using all available rosidl_typesupport_c: rosidl_typesupport_fastrtps_c;rosidl_typesupport_introspection_c
-- Using all available rosidl_typesupport_cpp: rosidl_typesupport_fastrtps_cpp;rosidl_typesupport_introspection_cpp
-- Found python_cmake_module: 0.11.1 (/opt/ros/jazzy/share/python_cmake_module/cmake)
-- Found Python3: /usr/bin/python3 (found version "3.12.3") found components: Interpreter Development NumPy Development.Module Development.Embed 
-- Configuring done (4.0s)
-- Generating done (0.0s)
-- Build files have been written to: /home/ws/build/quadruped
[  2%] Built target quadruped__rosidl_generator_type_description
[  2%] Built target ament_cmake_python_symlink_quadruped
[  5%] Built target quadruped__cpp
[ 17%] Built target quadruped__rosidl_generator_c
[ 30%] Built target quadruped_lib
[ 38%] Built target quadruped__rosidl_typesupport_introspection_c
[ 46%] Built target quadruped__rosidl_typesupport_cpp
[ 53%] Built target quadruped__rosidl_typesupport_introspection_cpp
[ 61%] Built target quadruped__rosidl_typesupport_c
[ 69%] Built target quadruped__rosidl_typesupport_fastrtps_c
[ 76%] Built target quadruped__rosidl_typesupport_fastrtps_cpp
[ 76%] Built target quadruped
[ 79%] Built target quadruped__py
[ 84%] Built target quadruped__rosidl_generator_py
[ 89%] Built target quadruped_s__rosidl_typesupport_fastrtps_c
running egg_info
[100%] Built target quadruped_s__rosidl_typesupport_introspection_c
[100%] Built target quadruped_s__rosidl_typesupport_c
writing quadruped.egg-info/PKG-INFO
writing dependency_links to quadruped.egg-info/dependency_links.txt
writing top-level names to quadruped.egg-info/top_level.txt
reading manifest file 'quadruped.egg-info/SOURCES.txt'
writing manifest file 'quadruped.egg-info/SOURCES.txt'
[100%] Built target ament_cmake_python_build_quadruped_egg
-- Install configuration: ""
-- Execute custom install script
-- Up-to-date symlink: /home/ws/install/quadruped/share/ament_index/resource_index/rosidl_interfaces/quadruped
-- Up-to-date symlink: /home/ws/install/quadruped/share/quadruped/msg/LegCommand.json
-- Up-to-date symlink: /home/ws/install/quadruped/include/quadruped/quadruped/msg/detail/leg_command__functions.h
-- Up-to-date symlink: /home/ws/install/quadruped/include/quadruped/quadruped/msg/detail/leg_command__struct.h
-- Up-to-date symlink: /home/ws/install/quadruped/include/quadruped/quadruped/msg/detail/leg_command__type_support.h
-- Up-to-date symlink: /home/ws/install/quadruped/include/quadruped/quadruped/msg/leg_command.h
-- Up-to-date symlink: /home/ws/install/quadruped/include/quadruped/quadruped/msg/rosidl_generator_c__visibility_control.h
-- Up-to-date symlink: /home/ws/install/quadruped/share/quadruped/environment/library_path.sh
-- Up-to-date symlink: /home/ws/install/quadruped/share/quadruped/environment/library_path.dsv
-- Up-to-date symlink: /home/ws/install/quadruped/include/quadruped/quadruped/msg/detail/leg_command__rosidl_typesupport_fastrtps_c.h
-- Up-to-date symlink: /home/ws/install/quadruped/include/quadruped/quadruped/msg/rosidl_typesupport_fastrtps_c__visibility_control.h
-- Up-to-date symlink: /home/ws/install/quadruped/include/quadruped/quadruped/msg/detail/leg_command__builder.hpp
-- Up-to-date symlink: /home/ws/install/quadruped/include/quadruped/quadruped/msg/detail/leg_command__struct.hpp
-- Up-to-date symlink: /home/ws/install/quadruped/include/quadruped/quadruped/msg/detail/leg_command__traits.hpp
-- Up-to-date symlink: /home/ws/install/quadruped/include/quadruped/quadruped/msg/detail/leg_command__type_support.hpp
-- Up-to-date symlink: /home/ws/install/quadruped/include/quadruped/quadruped/msg/leg_command.hpp
-- Up-to-date symlink: /home/ws/install/quadruped/include/quadruped/quadruped/msg/rosidl_generator_cpp__visibility_control.hpp
-- Up-to-date symlink: /home/ws/install/quadruped/include/quadruped/quadruped/msg/detail/leg_command__rosidl_typesupport_fastrtps_cpp.hpp
-- Up-to-date symlink: /home/ws/install/quadruped/include/quadruped/quadruped/msg/rosidl_typesupport_fastrtps_cpp__visibility_control.h
-- Up-to-date symlink: /home/ws/install/quadruped/include/quadruped/quadruped/msg/detail/leg_command__rosidl_typesupport_introspection_c.h
-- Up-to-date symlink: /home/ws/install/quadruped/include/quadruped/quadruped/msg/rosidl_typesupport_introspection_c__visibility_control.h
-- Up-to-date symlink: /home/ws/install/quadruped/include/quadruped/quadruped/msg/detail/leg_command__rosidl_typesupport_introspection_cpp.hpp
-- Up-to-date symlink: /home/ws/install/quadruped/share/quadruped/environment/pythonpath.sh
-- Up-to-date symlink: /home/ws/install/quadruped/share/quadruped/environment/pythonpath.dsv
-- Up-to-date symlink: /home/ws/install/quadruped/lib/python3.12/site-packages/quadruped-0.0.0-py3.12.egg-info/PKG-INFO
-- Up-to-date symlink: /home/ws/install/quadruped/lib/python3.12/site-packages/quadruped-0.0.0-py3.12.egg-info/SOURCES.txt
-- Up-to-date symlink: /home/ws/install/quadruped/lib/python3.12/site-packages/quadruped-0.0.0-py3.12.egg-info/dependency_links.txt
-- Up-to-date symlink: /home/ws/install/quadruped/lib/python3.12/site-packages/quadruped-0.0.0-py3.12.egg-info/top_level.txt
-- Up-to-date symlink: /home/ws/install/quadruped/lib/python3.12/site-packages/quadruped/__init__.py
-- Up-to-date symlink: /home/ws/install/quadruped/lib/python3.12/site-packages/quadruped/_quadruped_s.ep.rosidl_typesupport_c.c
-- Up-to-date symlink: /home/ws/install/quadruped/lib/python3.12/site-packages/quadruped/_quadruped_s.ep.rosidl_typesupport_fastrtps_c.c
-- Up-to-date symlink: /home/ws/install/quadruped/lib/python3.12/site-packages/quadruped/_quadruped_s.ep.rosidl_typesupport_introspection_c.c
-- Up-to-date symlink: /home/ws/install/quadruped/lib/python3.12/site-packages/quadruped/msg/__init__.py
-- Up-to-date symlink: /home/ws/install/quadruped/lib/python3.12/site-packages/quadruped/msg/_leg_command.py
-- Up-to-date symlink: /home/ws/install/quadruped/lib/python3.12/site-packages/quadruped/msg/_leg_command_s.c
-- Up-to-date symlink: /home/ws/install/quadruped/lib/python3.12/site-packages/quadruped/quadruped_s__rosidl_typesupport_c.so
-- Up-to-date symlink: /home/ws/install/quadruped/lib/python3.12/site-packages/quadruped/quadruped_s__rosidl_typesupport_fastrtps_c.so
-- Up-to-date symlink: /home/ws/install/quadruped/lib/python3.12/site-packages/quadruped/quadruped_s__rosidl_typesupport_introspection_c.so
-- Up-to-date symlink: /home/ws/install/quadruped/lib/python3.12/site-packages/quadruped/quadruped_s__rosidl_typesupport_fastrtps_c.so
-- Up-to-date symlink: /home/ws/install/quadruped/lib/python3.12/site-packages/quadruped/quadruped_s__rosidl_typesupport_introspection_c.so
-- Up-to-date symlink: /home/ws/install/quadruped/lib/python3.12/site-packages/quadruped/quadruped_s__rosidl_typesupport_c.so
-- Up-to-date symlink: /home/ws/install/quadruped/share/quadruped/msg/LegCommand.idl
-- Up-to-date symlink: /home/ws/install/quadruped/share/quadruped/messages/LegCommand.msg
-- Up-to-date symlink: /home/ws/install/quadruped/include/quadruped/balance_controller.hpp
-- Up-to-date symlink: /home/ws/install/quadruped/include/quadruped/foot_trajectory_generator.hpp
-- Up-to-date symlink: /home/ws/install/quadruped/include/quadruped/leg_controller.hpp
-- Up-to-date symlink: /home/ws/install/quadruped/include/quadruped/state_estimator.hpp
-- Up-to-date symlink: /home/ws/install/quadruped/lib/quadruped/LegController.py
-- Up-to-date symlink: /home/ws/install/quadruped/lib/quadruped/GaitPatternGenerator.py
-- Up-to-date symlink: /home/ws/install/quadruped/lib/quadruped/leg_class.py
-- Up-to-date symlink: /home/ws/install/quadruped/lib/quadruped/gait_pattern_class.py
-- Up-to-date symlink: /home/ws/install/quadruped/share/quadruped/launch/controllers.launch.py
-- Up-to-date symlink: /home/ws/install/quadruped/share/quadruped/launch/gazebo_sim.launch.py
-- Up-to-date symlink: /home/ws/install/quadruped/share/quadruped/config/initial_joint_positions.yaml
-- Up-to-date symlink: /home/ws/install/quadruped/share/quadruped/config/quadruped.rviz
-- Up-to-date symlink: /home/ws/install/quadruped/share/quadruped/config/quadruped_controllers.yaml
-- Up-to-date symlink: /home/ws/install/quadruped/share/quadruped/urdf/Quadruped MJB.mjb
-- Up-to-date symlink: /home/ws/install/quadruped/share/quadruped/urdf/QuadrupedURDF.urdf.xacro
-- Up-to-date symlink: /home/ws/install/quadruped/share/quadruped/urdf/meshes/Body.STL
-- Up-to-date symlink: /home/ws/install/quadruped/share/quadruped/urdf/meshes/Body_bin.STL
-- Up-to-date symlink: /home/ws/install/quadruped/share/quadruped/urdf/meshes/Front Left Shin.STL
-- Up-to-date symlink: /home/ws/install/quadruped/share/quadruped/urdf/meshes/Front Left Thigh.STL
-- Up-to-date symlink: /home/ws/install/quadruped/share/quadruped/urdf/meshes/Front Right Shin.STL
-- Up-to-date symlink: /home/ws/install/quadruped/share/quadruped/urdf/meshes/Front Right Thigh.STL
-- Up-to-date symlink: /home/ws/install/quadruped/share/quadruped/urdf/meshes/Rear Left Shin.STL
-- Up-to-date symlink: /home/ws/install/quadruped/share/quadruped/urdf/meshes/Rear Left Thigh.STL
-- Up-to-date symlink: /home/ws/install/quadruped/share/quadruped/urdf/meshes/Rear Right Shin.STL
-- Up-to-date symlink: /home/ws/install/quadruped/share/quadruped/urdf/meshes/Rear Right Thigh.STL
-- Up-to-date symlink: /home/ws/install/quadruped/share/quadruped/urdf/mjb_maker.py
-- Up-to-date symlink: /home/ws/install/quadruped/share/quadruped/messages/LegCommand.msg
-- Up-to-date symlink: /home/ws/install/quadruped/share/quadruped/messages/RobotState.msg
-- Up-to-date symlink: /home/ws/install/quadruped/share/quadruped//plugin_description.xml
-- Up-to-date symlink: /home/ws/install/quadruped/share/ament_index/resource_index/package_run_dependencies/quadruped
-- Up-to-date symlink: /home/ws/install/quadruped/share/ament_index/resource_index/parent_prefix_path/quadruped
-- Up-to-date symlink: /home/ws/install/quadruped/share/quadruped/environment/ament_prefix_path.sh
-- Up-to-date symlink: /home/ws/install/quadruped/share/quadruped/environment/ament_prefix_path.dsv
-- Up-to-date symlink: /home/ws/install/quadruped/share/quadruped/environment/path.sh
-- Up-to-date symlink: /home/ws/install/quadruped/share/quadruped/environment/path.dsv
-- Up-to-date symlink: /home/ws/install/quadruped/share/quadruped/local_setup.bash
-- Up-to-date symlink: /home/ws/install/quadruped/share/quadruped/local_setup.sh
-- Up-to-date symlink: /home/ws/install/quadruped/share/quadruped/local_setup.zsh
-- Up-to-date symlink: /home/ws/install/quadruped/share/quadruped/local_setup.dsv
-- Symlinking: /home/ws/install/quadruped/share/quadruped/package.dsv
-- Up-to-date symlink: /home/ws/install/quadruped/share/ament_index/resource_index/packages/quadruped
-- Up-to-date symlink: /home/ws/install/quadruped/share/quadruped/cmake/rosidl_cmake-extras.cmake
-- Up-to-date symlink: /home/ws/install/quadruped/share/quadruped/cmake/ament_cmake_export_include_directories-extras.cmake
-- Up-to-date symlink: /home/ws/install/quadruped/share/quadruped/cmake/ament_cmake_export_libraries-extras.cmake
-- Up-to-date symlink: /home/ws/install/quadruped/share/quadruped/cmake/ament_cmake_export_targets-extras.cmake
-- Up-to-date symlink: /home/ws/install/quadruped/share/quadruped/cmake/rosidl_cmake_export_typesupport_targets-extras.cmake
-- Up-to-date symlink: /home/ws/install/quadruped/share/quadruped/cmake/ament_cmake_export_dependencies-extras.cmake
-- Up-to-date symlink: /home/ws/install/quadruped/share/quadruped/cmake/rosidl_cmake_export_typesupport_libraries-extras.cmake
-- Up-to-date symlink: /home/ws/install/quadruped/share/quadruped/cmake/quadrupedConfig.cmake
-- Up-to-date symlink: /home/ws/install/quadruped/share/quadruped/cmake/quadrupedConfig-version.cmake
-- Up-to-date symlink: /home/ws/install/quadruped/share/quadruped/package.xml
-- Up-to-date: /home/ws/install/quadruped/lib/libquadruped__rosidl_generator_c.so
-- Up-to-date: /home/ws/install/quadruped/lib/libquadruped__rosidl_typesupport_fastrtps_c.so
-- Up-to-date: /home/ws/install/quadruped/lib/libquadruped__rosidl_typesupport_fastrtps_cpp.so
-- Up-to-date: /home/ws/install/quadruped/lib/libquadruped__rosidl_typesupport_introspection_c.so
-- Up-to-date: /home/ws/install/quadruped/lib/libquadruped__rosidl_typesupport_c.so
-- Up-to-date: /home/ws/install/quadruped/lib/libquadruped__rosidl_typesupport_introspection_cpp.so
-- Up-to-date: /home/ws/install/quadruped/lib/libquadruped__rosidl_typesupport_cpp.so
Listing '/home/ws/install/quadruped/lib/python3.12/site-packages/quadruped'...
Compiling '/home/ws/install/quadruped/lib/python3.12/site-packages/quadruped/__init__.py'...
Listing '/home/ws/install/quadruped/lib/python3.12/site-packages/quadruped/msg'...
-- Up-to-date: /home/ws/install/quadruped/lib/libquadruped__rosidl_generator_py.so
-- Up-to-date: /home/ws/install/quadruped/lib/libquadruped_lib.so
-- Up-to-date: /home/ws/install/quadruped/share/quadruped/cmake/export_quadruped__rosidl_generator_cExport.cmake
-- Up-to-date: /home/ws/install/quadruped/share/quadruped/cmake/export_quadruped__rosidl_generator_cExport-noconfig.cmake
-- Up-to-date: /home/ws/install/quadruped/share/quadruped/cmake/export_quadruped__rosidl_typesupport_fastrtps_cExport.cmake
-- Up-to-date: /home/ws/install/quadruped/share/quadruped/cmake/export_quadruped__rosidl_typesupport_fastrtps_cExport-noconfig.cmake
-- Up-to-date: /home/ws/install/quadruped/share/quadruped/cmake/export_quadruped__rosidl_generator_cppExport.cmake
-- Up-to-date: /home/ws/install/quadruped/share/quadruped/cmake/export_quadruped__rosidl_typesupport_fastrtps_cppExport.cmake
-- Up-to-date: /home/ws/install/quadruped/share/quadruped/cmake/export_quadruped__rosidl_typesupport_fastrtps_cppExport-noconfig.cmake
-- Up-to-date: /home/ws/install/quadruped/share/quadruped/cmake/quadruped__rosidl_typesupport_introspection_cExport.cmake
-- Up-to-date: /home/ws/install/quadruped/share/quadruped/cmake/quadruped__rosidl_typesupport_introspection_cExport-noconfig.cmake
-- Up-to-date: /home/ws/install/quadruped/share/quadruped/cmake/quadruped__rosidl_typesupport_cExport.cmake
-- Up-to-date: /home/ws/install/quadruped/share/quadruped/cmake/quadruped__rosidl_typesupport_cExport-noconfig.cmake
-- Up-to-date: /home/ws/install/quadruped/share/quadruped/cmake/quadruped__rosidl_typesupport_introspection_cppExport.cmake
-- Up-to-date: /home/ws/install/quadruped/share/quadruped/cmake/quadruped__rosidl_typesupport_introspection_cppExport-noconfig.cmake
-- Up-to-date: /home/ws/install/quadruped/share/quadruped/cmake/quadruped__rosidl_typesupport_cppExport.cmake
-- Up-to-date: /home/ws/install/quadruped/share/quadruped/cmake/quadruped__rosidl_typesupport_cppExport-noconfig.cmake
-- Up-to-date: /home/ws/install/quadruped/share/quadruped/cmake/export_quadruped__rosidl_generator_pyExport.cmake
-- Up-to-date: /home/ws/install/quadruped/share/quadruped/cmake/export_quadruped__rosidl_generator_pyExport-noconfig.cmake
-- Up-to-date: /home/ws/install/quadruped/share/quadruped/cmake/quadruped_targetsExport.cmake
-- Up-to-date: /home/ws/install/quadruped/share/quadruped/cmake/quadruped_targetsExport-noconfig.cmake
