[0.034s] Invoking command in '/home/ws/build/quadruped': CMAKE_PREFIX_PATH=${CMAKE_PREFIX_PATH}:/opt/ros/jazzy /usr/bin/cmake --build /home/ws/build/quadruped -- -j20 -l20
[0.197s] -- Found ament_cmake: 2.5.2 (/opt/ros/jazzy/share/ament_cmake/cmake)
[0.270s] -- Found Python3: /usr/bin/python3 (found version "3.12.3") found components: Interpreter 
[0.425s] -- Override CMake install command with custom implementation using symlinks instead of copying resources
[0.460s] -- Found rclcpp: 28.1.5 (/opt/ros/jazzy/share/rclcpp/cmake)
[0.573s] -- Found rosidl_generator_c: 4.6.4 (/opt/ros/jazzy/share/rosidl_generator_c/cmake)
[0.605s] -- Found rosidl_generator_cpp: 4.6.4 (/opt/ros/jazzy/share/rosidl_generator_cpp/cmake)
[0.656s] -- Using all available rosidl_typesupport_c: rosidl_typesupport_fastrtps_c;rosidl_typesupport_introspection_c
[0.719s] -- Using all available rosidl_typesupport_cpp: rosidl_typesupport_fastrtps_cpp;rosidl_typesupport_introspection_cpp
[0.950s] -- Found rmw_implementation_cmake: 7.3.1 (/opt/ros/jazzy/share/rmw_implementation_cmake/cmake)
[0.956s] -- Found rmw_fastrtps_cpp: 8.4.1 (/opt/ros/jazzy/share/rmw_fastrtps_cpp/cmake)
[1.130s] -- Using RMW implementation 'rmw_fastrtps_cpp' as default
[1.275s] -- Found hardware_interface: 4.18.0 (/opt/ros/jazzy/share/hardware_interface/cmake)
[1.705s] -- Found controller_manager: 4.18.0 (/opt/ros/jazzy/share/controller_manager/cmake)
[1.847s] -- Found ros2_control: 4.18.0 (/opt/ros/jazzy/share/ros2_control/cmake)
[1.849s] -- Found ros_gz_sim: 1.0.5 (/opt/ros/jazzy/share/ros_gz_sim/cmake)
[1.858s] -- Looking for gz-sim8 -- found version 8.6.0
[1.881s] -- Searching for dependencies of gz-sim8
[1.883s] -- Looking for sdformat14 -- found version 14.5.0
[1.883s] -- Searching for dependencies of sdformat14
[1.896s] -- Checking for module 'tinyxml2'
[1.935s] --   Found tinyxml2, version 10.0.0
[2.017s] -- Looking for gz-math7 -- found version 7.5.0
[2.017s] -- Searching for dependencies of gz-math7
[2.018s] -- Looking for gz-utils2 -- found version 2.2.0
[2.018s] -- Searching for dependencies of gz-utils2
[2.022s] -- Looking for gz-utils2 -- found version 2.2.0
[2.022s] -- Searching for dependencies of gz-utils2
[2.022s] -- Searching for <gz-utils2> component [cli]
[2.024s] -- Looking for gz-utils2-cli -- found version 2.2.0
[2.024s] -- Searching for dependencies of gz-utils2-cli
[2.029s] -- Looking for gz-plugin2 -- found version 2.0.3
[2.029s] -- Searching for dependencies of gz-plugin2
[2.030s] -- Looking for gz-utils2 -- found version 2.2.0
[2.033s] -- Searching for <gz-plugin2> component [loader]
[2.035s] -- Looking for gz-plugin2-loader -- found version 2.0.3
[2.036s] -- Searching for dependencies of gz-plugin2-loader
[2.037s] -- Searching for <gz-plugin2> component [register]
[2.040s] -- Looking for gz-plugin2-register -- found version 2.0.3
[2.040s] -- Searching for dependencies of gz-plugin2-register
[2.044s] -- Looking for gz-transport13 -- found version 13.4.0
[2.044s] -- Searching for dependencies of gz-transport13
[2.125s] -- Config-file not installed for ZeroMQ -- checking for pkg-config
[2.139s] -- Checking for module 'libzmq >= 4'
[2.175s] --   Found libzmq, version 4.3.5
[2.278s] -- Checking for module 'uuid'
[2.307s] --   Found uuid, version 2.39.3
[2.386s] -- Looking for gz-utils2 -- found version 2.2.0
[2.390s] -- Looking for gz-msgs10 -- found version 10.3.0
[2.391s] -- Searching for dependencies of gz-msgs10
[2.430s] -- Looking for gz-utils2 -- found version 2.2.0
[2.431s] -- Looking for gz-math7 -- found version 7.5.0
[2.511s] -- Searching for <gz-transport13> component [log]
[2.512s] -- Looking for gz-transport13-log -- found version 13.4.0
[2.512s] -- Searching for dependencies of gz-transport13-log
[2.514s] -- Searching for <gz-transport13> component [parameters]
[2.515s] -- Looking for gz-transport13-parameters -- found version 13.4.0
[2.515s] -- Searching for dependencies of gz-transport13-parameters
[2.517s] -- Looking for gz-msgs10 -- found version 10.3.0
[2.518s] -- Looking for gz-common5 -- found version 5.6.0
[2.518s] -- Searching for dependencies of gz-common5
[2.519s] -- Looking for gz-utils2 -- found version 2.2.0
[2.519s] -- Looking for dlfcn.h - found
[2.520s] -- Looking for libdl - found
[2.540s] -- Searching for <gz-common5> component [av]
[2.543s] -- Looking for gz-common5-av -- found version 5.6.0
[2.543s] -- Searching for dependencies of gz-common5-av
[2.559s] -- Checking for module 'libswscale'
[2.591s] --   Found libswscale, version 7.5.100
[2.682s] -- Checking for module 'libavdevice >= 56.4.100'
[2.707s] --   Found libavdevice, version 60.3.100
[2.814s] -- Checking for module 'libavformat'
[2.855s] --   Found libavformat, version 60.16.100
[2.958s] -- Checking for module 'libavcodec'
[2.990s] --   Found libavcodec, version 60.31.102
[3.082s] -- Checking for module 'libavutil'
[3.108s] --   Found libavutil, version 58.29.100
[3.185s] -- Searching for <gz-common5> component [events]
[3.187s] -- Looking for gz-common5-events -- found version 5.6.0
[3.187s] -- Searching for dependencies of gz-common5-events
[3.188s] -- Looking for gz-math7 -- found version 7.5.0
[3.190s] -- Searching for <gz-common5> component [graphics]
[3.191s] -- Looking for gz-common5-graphics -- found version 5.6.0
[3.192s] -- Searching for dependencies of gz-common5-graphics
[3.193s] -- Looking for gz-math7 -- found version 7.5.0
[3.199s] -- Searching for <gz-common5> component [io]
[3.201s] -- Looking for gz-common5-io -- found version 5.6.0
[3.201s] -- Searching for dependencies of gz-common5-io
[3.203s] -- Searching for <gz-common5> component [profiler]
[3.204s] -- Looking for gz-common5-profiler -- found version 5.6.0
[3.204s] -- Searching for dependencies of gz-common5-profiler
[3.207s] -- Looking for gz-fuel_tools9 -- found version 9.1.0
[3.207s] -- Searching for dependencies of gz-fuel_tools9
[3.284s] -- Checking for module 'jsoncpp'
[3.309s] --   Found jsoncpp, version 1.9.5
[3.418s] -- Checking for module 'yaml-0.1'
[3.455s] --   Found yaml-0.1, version 0.2.5
[3.536s] -- Checking for module 'libzip'
[3.576s] --   Found libzip, version 1.7.3
[3.649s] -- Looking for gz-utils2 -- found version 2.2.0
[3.650s] -- Looking for gz-common5 -- found version 5.6.0
[3.651s] -- Searching for dependencies of gz-common5
[3.652s] -- Looking for gz-utils2 -- found version 2.2.0
[3.652s] -- Looking for dlfcn.h - found
[3.653s] -- Looking for libdl - found
[3.669s] -- Searching for <gz-common5> component [testing]
[3.673s] -- Looking for gz-common5-testing -- found version 5.6.0
[3.673s] -- Searching for dependencies of gz-common5-testing
[3.675s] -- Looking for gz-math7 -- found version 7.5.0
[3.676s] -- Looking for gz-msgs10 -- found version 10.3.0
[3.680s] -- Looking for gz-gui8 -- found version 8.3.0
[3.680s] -- Searching for dependencies of gz-gui8
[3.724s] -- Looking for gz-utils2 -- found version 2.2.0
[3.725s] -- Looking for gz-math7 -- found version 7.5.0
[3.726s] -- Looking for gz-common5 -- found version 5.6.0
[3.727s] -- Looking for gz-plugin2 -- found version 2.0.3
[3.729s] -- Looking for gz-transport13 -- found version 13.4.0
[3.731s] -- Looking for gz-rendering8 -- found version 8.2.0
[3.731s] -- Searching for dependencies of gz-rendering8
[3.733s] -- Looking for gz-math7 -- found version 7.5.0
[3.733s] -- Searching for dependencies of gz-math7
[3.734s] -- Looking for gz-utils2 -- found version 2.2.0
[3.735s] -- Searching for <gz-math7> component [eigen3]
[3.737s] -- Looking for gz-math7-eigen3 -- found version 7.5.0
[3.738s] -- Searching for dependencies of gz-math7-eigen3
[3.745s] -- Looking for gz-common5 -- found version 5.6.0
[3.745s] -- Searching for dependencies of gz-common5
[3.746s] -- Looking for gz-utils2 -- found version 2.2.0
[3.747s] -- Looking for dlfcn.h - found
[3.747s] -- Looking for libdl - found
[3.765s] -- Searching for <gz-common5> component [graphics]
[3.765s] -- Searching for <gz-common5> component [events]
[3.765s] -- Searching for <gz-common5> component [geospatial]
[3.766s] -- Looking for gz-common5-geospatial -- found version 5.6.0
[3.766s] -- Searching for dependencies of gz-common5-geospatial
[3.767s] -- Looking for gz-math7 -- found version 7.5.0
[3.767s] -- Looking for gz-common5 -- found version 5.6.0
[3.770s] -- Looking for gz-plugin2 -- found version 2.0.3
[3.770s] -- Searching for dependencies of gz-plugin2
[3.770s] -- Looking for gz-utils2 -- found version 2.2.0
[3.771s] -- Searching for <gz-plugin2> component [all]
[3.772s] -- Looking for all libraries of gz-plugin2 -- found version 2.0.3
[3.773s] -- Looking for gz-plugin2 -- found version 2.0.3
[3.774s] -- Looking for gz-utils2 -- found version 2.2.0
[3.787s] -- Looking for gz-msgs10 -- found version 10.3.0
[3.837s] -- Looking for gz-physics7 -- found version 7.3.0
[3.838s] -- Searching for dependencies of gz-physics7
[3.838s] -- Looking for gz-common5 -- found version 5.6.0
[3.840s] -- Looking for gz-math7 -- found version 7.5.0
[3.841s] -- Looking for gz-plugin2 -- found version 2.0.3
[3.842s] -- Looking for gz-utils2 -- found version 2.2.0
[3.846s] -- Searching for <gz-physics7> component [heightmap]
[3.848s] -- Looking for gz-physics7-heightmap -- found version 7.3.0
[3.848s] -- Searching for dependencies of gz-physics7-heightmap
[3.850s] -- Looking for gz-common5 -- found version 5.6.0
[3.852s] -- Searching for <gz-physics7> component [mesh]
[3.854s] -- Looking for gz-physics7-mesh -- found version 7.3.0
[3.855s] -- Searching for dependencies of gz-physics7-mesh
[3.856s] -- Looking for gz-common5 -- found version 5.6.0
[3.857s] -- Searching for <gz-physics7> component [sdf]
[3.859s] -- Looking for gz-physics7-sdf -- found version 7.3.0
[3.859s] -- Searching for dependencies of gz-physics7-sdf
[3.860s] -- Looking for sdformat14 -- found version 14.5.0
[3.863s] -- Looking for gz-sensors8 -- found version 8.2.0
[3.863s] -- Searching for dependencies of gz-sensors8
[3.900s] -- Looking for gz-math7 -- found version 7.5.0
[3.900s] -- Looking for gz-common5 -- found version 5.6.0
[3.901s] -- Looking for gz-transport13 -- found version 13.4.0
[3.901s] -- Looking for gz-rendering8 -- found version 8.2.0
[3.902s] -- Looking for gz-msgs10 -- found version 10.3.0
[3.903s] -- Looking for sdformat14 -- found version 14.5.0
[3.904s] -- Searching for <gz-sensors8> component [air_pressure]
[3.905s] -- Looking for gz-sensors8-air_pressure -- found version 8.2.0
[3.905s] -- Searching for dependencies of gz-sensors8-air_pressure
[3.906s] -- Searching for <gz-sensors8> component [air_speed]
[3.907s] -- Looking for gz-sensors8-air_speed -- found version 8.2.0
[3.908s] -- Searching for dependencies of gz-sensors8-air_speed
[3.909s] -- Searching for <gz-sensors8> component [altimeter]
[3.910s] -- Looking for gz-sensors8-altimeter -- found version 8.2.0
[3.910s] -- Searching for dependencies of gz-sensors8-altimeter
[3.912s] -- Searching for <gz-sensors8> component [imu]
[3.913s] -- Looking for gz-sensors8-imu -- found version 8.2.0
[3.913s] -- Searching for dependencies of gz-sensors8-imu
[3.915s] -- Searching for <gz-sensors8> component [force_torque]
[3.916s] -- Looking for gz-sensors8-force_torque -- found version 8.2.0
[3.916s] -- Searching for dependencies of gz-sensors8-force_torque
[3.917s] -- Searching for <gz-sensors8> component [logical_camera]
[3.918s] -- Looking for gz-sensors8-logical_camera -- found version 8.2.0
[3.919s] -- Searching for dependencies of gz-sensors8-logical_camera
[3.920s] -- Searching for <gz-sensors8> component [magnetometer]
[3.921s] -- Looking for gz-sensors8-magnetometer -- found version 8.2.0
[3.921s] -- Searching for dependencies of gz-sensors8-magnetometer
[3.923s] -- Searching for <gz-sensors8> component [navsat]
[3.924s] -- Looking for gz-sensors8-navsat -- found version 8.2.0
[3.924s] -- Searching for dependencies of gz-sensors8-navsat
[3.926s] -- Searching for <gz-sensors8> component [dvl]
[3.929s] -- Looking for gz-sensors8-dvl -- found version 8.2.0
[3.929s] -- Searching for dependencies of gz-sensors8-dvl
[3.931s] -- Looking for gz-sensors8 -- found version 8.2.0
[3.931s] -- Searching for dependencies of gz-sensors8
[3.981s] -- Looking for gz-math7 -- found version 7.5.0
[3.981s] -- Looking for gz-common5 -- found version 5.6.0
[3.983s] -- Looking for gz-transport13 -- found version 13.4.0
[3.983s] -- Looking for gz-rendering8 -- found version 8.2.0
[3.984s] -- Looking for gz-msgs10 -- found version 10.3.0
[3.985s] -- Looking for sdformat14 -- found version 14.5.0
[3.985s] -- Searching for <gz-sensors8> component [rendering]
[3.987s] -- Looking for gz-sensors8-rendering -- found version 8.2.0
[3.987s] -- Searching for dependencies of gz-sensors8-rendering
[3.991s] -- Searching for <gz-sensors8> component [rendering]
[3.992s] -- Searching for <gz-sensors8> component [lidar]
[3.995s] -- Looking for gz-sensors8-lidar -- found version 8.2.0
[3.996s] -- Searching for dependencies of gz-sensors8-lidar
[3.996s] -- Looking for gz-sensors8 -- found version 8.2.0
[3.999s] -- Searching for <gz-sensors8> component [gpu_lidar]
[4.000s] -- Looking for gz-sensors8-gpu_lidar -- found version 8.2.0
[4.000s] -- Searching for dependencies of gz-sensors8-gpu_lidar
[4.001s] -- Looking for gz-sensors8 -- found version 8.2.0
[4.003s] -- Searching for <gz-sensors8> component [camera]
[4.005s] -- Looking for gz-sensors8-camera -- found version 8.2.0
[4.005s] -- Searching for dependencies of gz-sensors8-camera
[4.006s] -- Looking for gz-sensors8 -- found version 8.2.0
[4.008s] -- Searching for <gz-sensors8> component [boundingbox_camera]
[4.009s] -- Looking for gz-sensors8-boundingbox_camera -- found version 8.2.0
[4.009s] -- Searching for dependencies of gz-sensors8-boundingbox_camera
[4.011s] -- Searching for <gz-sensors8> component [segmentation_camera]
[4.012s] -- Looking for gz-sensors8-segmentation_camera -- found version 8.2.0
[4.012s] -- Searching for dependencies of gz-sensors8-segmentation_camera
[4.014s] -- Searching for <gz-sensors8> component [depth_camera]
[4.015s] -- Looking for gz-sensors8-depth_camera -- found version 8.2.0
[4.015s] -- Searching for dependencies of gz-sensors8-depth_camera
[4.016s] -- Looking for gz-sensors8 -- found version 8.2.0
[4.018s] -- Searching for <gz-sensors8> component [rgbd_camera]
[4.019s] -- Looking for gz-sensors8-rgbd_camera -- found version 8.2.0
[4.020s] -- Searching for dependencies of gz-sensors8-rgbd_camera
[4.021s] -- Looking for gz-sensors8 -- found version 8.2.0
[4.023s] -- Searching for <gz-sensors8> component [thermal_camera]
[4.024s] -- Looking for gz-sensors8-thermal_camera -- found version 8.2.0
[4.024s] -- Searching for dependencies of gz-sensors8-thermal_camera
[4.025s] -- Looking for gz-sensors8 -- found version 8.2.0
[4.027s] -- Searching for <gz-sensors8> component [wide_angle_camera]
[4.029s] -- Looking for gz-sensors8-wide_angle_camera -- found version 8.2.0
[4.029s] -- Searching for dependencies of gz-sensors8-wide_angle_camera
[4.032s] -- Looking for gz-rendering8 -- found version 8.2.0
[4.033s] -- Looking for gz-math7 -- found version 7.5.0
[4.034s] -- Looking for gz-utils2 -- found version 2.2.0
[4.084s] -- Looking for gz-plugin2 -- found version 2.0.3
[4.084s] -- Found rosidl_default_generators: 1.6.0 (/opt/ros/jazzy/share/rosidl_default_generators/cmake)
[4.103s] -- Found rosidl_adapter: 4.6.4 (/opt/ros/jazzy/share/rosidl_adapter/cmake)
[4.517s] -- Found ament_cmake_ros: 0.12.0 (/opt/ros/jazzy/share/ament_cmake_ros/cmake)
[4.813s] -- Using all available rosidl_typesupport_c: rosidl_typesupport_fastrtps_c;rosidl_typesupport_introspection_c
[4.920s] -- Using all available rosidl_typesupport_cpp: rosidl_typesupport_fastrtps_cpp;rosidl_typesupport_introspection_cpp
[4.922s] -- Found python_cmake_module: 0.11.1 (/opt/ros/jazzy/share/python_cmake_module/cmake)
[5.357s] -- Found Python3: /usr/bin/python3 (found version "3.12.3") found components: Interpreter Development NumPy Development.Module Development.Embed 
[5.388s] -- Configuring done (5.2s)
[5.435s] -- Generating done (0.0s)
[5.440s] -- Build files have been written to: /home/ws/build/quadruped
[5.516s] [  2%] Built target quadruped__rosidl_generator_type_description
[5.533s] [  2%] Built target ament_cmake_python_symlink_quadruped
[5.573s] [  5%] Built target quadruped__cpp
[5.580s] [ 20%] Built target quadruped__rosidl_generator_c
[5.662s] [ 44%] Built target quadruped__rosidl_typesupport_c
[5.663s] [ 47%] Built target quadruped__rosidl_typesupport_fastrtps_cpp
[5.663s] [ 47%] Built target quadruped__rosidl_typesupport_introspection_cpp
[5.665s] [ 55%] Built target quadruped__rosidl_typesupport_cpp
[5.666s] [ 64%] Built target quadruped__rosidl_typesupport_fastrtps_c
[5.668s] [ 73%] Built target quadruped__rosidl_typesupport_introspection_c
[5.710s] [ 73%] Built target quadruped
[5.745s] [ 76%] Built target quadruped__py
[5.794s] [ 82%] Built target quadruped__rosidl_generator_py
[5.830s] [ 88%] Built target quadruped_s__rosidl_typesupport_introspection_c
[5.838s] [ 94%] Built target quadruped_s__rosidl_typesupport_fastrtps_c
[5.840s] [100%] Built target quadruped_s__rosidl_typesupport_c
[5.868s] running egg_info
[5.891s] writing quadruped.egg-info/PKG-INFO
[5.892s] writing dependency_links to quadruped.egg-info/dependency_links.txt
[5.892s] writing top-level names to quadruped.egg-info/top_level.txt
[5.938s] reading manifest file 'quadruped.egg-info/SOURCES.txt'
[5.939s] writing manifest file 'quadruped.egg-info/SOURCES.txt'
[5.984s] [100%] Built target ament_cmake_python_build_quadruped_egg
[6.004s] Invoked command in '/home/ws/build/quadruped' returned '0': CMAKE_PREFIX_PATH=${CMAKE_PREFIX_PATH}:/opt/ros/jazzy /usr/bin/cmake --build /home/ws/build/quadruped -- -j20 -l20
[6.205s] Invoking command in '/home/ws/build/quadruped': CMAKE_PREFIX_PATH=${CMAKE_PREFIX_PATH}:/opt/ros/jazzy /usr/bin/cmake --install /home/ws/build/quadruped
[6.224s] -- Install configuration: ""
[6.224s] -- Execute custom install script
[6.225s] -- Up-to-date symlink: /home/ws/install/quadruped/share/ament_index/resource_index/rosidl_interfaces/quadruped
[6.225s] -- Up-to-date symlink: /home/ws/install/quadruped/share/quadruped/msg/LegCommand.json
[6.225s] -- Up-to-date symlink: /home/ws/install/quadruped/include/quadruped/quadruped/msg/detail/leg_command__functions.h
[6.226s] -- Up-to-date symlink: /home/ws/install/quadruped/include/quadruped/quadruped/msg/detail/leg_command__struct.h
[6.226s] -- Up-to-date symlink: /home/ws/install/quadruped/include/quadruped/quadruped/msg/detail/leg_command__type_support.h
[6.226s] -- Up-to-date symlink: /home/ws/install/quadruped/include/quadruped/quadruped/msg/leg_command.h
[6.227s] -- Up-to-date symlink: /home/ws/install/quadruped/include/quadruped/quadruped/msg/rosidl_generator_c__visibility_control.h
[6.227s] -- Up-to-date symlink: /home/ws/install/quadruped/share/quadruped/environment/library_path.sh
[6.227s] -- Up-to-date symlink: /home/ws/install/quadruped/share/quadruped/environment/library_path.dsv
[6.227s] -- Up-to-date symlink: /home/ws/install/quadruped/include/quadruped/quadruped/msg/detail/leg_command__rosidl_typesupport_fastrtps_c.h
[6.228s] -- Up-to-date symlink: /home/ws/install/quadruped/include/quadruped/quadruped/msg/rosidl_typesupport_fastrtps_c__visibility_control.h
[6.228s] -- Up-to-date symlink: /home/ws/install/quadruped/include/quadruped/quadruped/msg/detail/leg_command__builder.hpp
[6.228s] -- Up-to-date symlink: /home/ws/install/quadruped/include/quadruped/quadruped/msg/detail/leg_command__struct.hpp
[6.229s] -- Up-to-date symlink: /home/ws/install/quadruped/include/quadruped/quadruped/msg/detail/leg_command__traits.hpp
[6.229s] -- Up-to-date symlink: /home/ws/install/quadruped/include/quadruped/quadruped/msg/detail/leg_command__type_support.hpp
[6.229s] -- Up-to-date symlink: /home/ws/install/quadruped/include/quadruped/quadruped/msg/leg_command.hpp
[6.229s] -- Up-to-date symlink: /home/ws/install/quadruped/include/quadruped/quadruped/msg/rosidl_generator_cpp__visibility_control.hpp
[6.230s] -- Up-to-date symlink: /home/ws/install/quadruped/include/quadruped/quadruped/msg/detail/leg_command__rosidl_typesupport_fastrtps_cpp.hpp
[6.231s] -- Up-to-date symlink: /home/ws/install/quadruped/include/quadruped/quadruped/msg/rosidl_typesupport_fastrtps_cpp__visibility_control.h
[6.232s] -- Up-to-date symlink: /home/ws/install/quadruped/include/quadruped/quadruped/msg/detail/leg_command__rosidl_typesupport_introspection_c.h
[6.232s] -- Up-to-date symlink: /home/ws/install/quadruped/include/quadruped/quadruped/msg/rosidl_typesupport_introspection_c__visibility_control.h
[6.233s] -- Up-to-date symlink: /home/ws/install/quadruped/include/quadruped/quadruped/msg/detail/leg_command__rosidl_typesupport_introspection_cpp.hpp
[6.233s] -- Up-to-date symlink: /home/ws/install/quadruped/share/quadruped/environment/pythonpath.sh
[6.233s] -- Up-to-date symlink: /home/ws/install/quadruped/share/quadruped/environment/pythonpath.dsv
[6.234s] -- Up-to-date symlink: /home/ws/install/quadruped/lib/python3.12/site-packages/quadruped-0.0.0-py3.12.egg-info/PKG-INFO
[6.235s] -- Up-to-date symlink: /home/ws/install/quadruped/lib/python3.12/site-packages/quadruped-0.0.0-py3.12.egg-info/SOURCES.txt
[6.235s] -- Up-to-date symlink: /home/ws/install/quadruped/lib/python3.12/site-packages/quadruped-0.0.0-py3.12.egg-info/dependency_links.txt
[6.236s] -- Up-to-date symlink: /home/ws/install/quadruped/lib/python3.12/site-packages/quadruped-0.0.0-py3.12.egg-info/top_level.txt
[6.237s] -- Up-to-date symlink: /home/ws/install/quadruped/lib/python3.12/site-packages/quadruped/__init__.py
[6.238s] -- Up-to-date symlink: /home/ws/install/quadruped/lib/python3.12/site-packages/quadruped/_quadruped_s.ep.rosidl_typesupport_c.c
[6.238s] -- Up-to-date symlink: /home/ws/install/quadruped/lib/python3.12/site-packages/quadruped/_quadruped_s.ep.rosidl_typesupport_fastrtps_c.c
[6.239s] -- Up-to-date symlink: /home/ws/install/quadruped/lib/python3.12/site-packages/quadruped/_quadruped_s.ep.rosidl_typesupport_introspection_c.c
[6.239s] -- Up-to-date symlink: /home/ws/install/quadruped/lib/python3.12/site-packages/quadruped/msg/__init__.py
[6.240s] -- Up-to-date symlink: /home/ws/install/quadruped/lib/python3.12/site-packages/quadruped/msg/_leg_command.py
[6.240s] -- Up-to-date symlink: /home/ws/install/quadruped/lib/python3.12/site-packages/quadruped/msg/_leg_command_s.c
[6.240s] -- Up-to-date symlink: /home/ws/install/quadruped/lib/python3.12/site-packages/quadruped/quadruped_s__rosidl_typesupport_c.so
[6.240s] -- Up-to-date symlink: /home/ws/install/quadruped/lib/python3.12/site-packages/quadruped/quadruped_s__rosidl_typesupport_fastrtps_c.so
[6.240s] -- Up-to-date symlink: /home/ws/install/quadruped/lib/python3.12/site-packages/quadruped/quadruped_s__rosidl_typesupport_introspection_c.so
[6.241s] -- Up-to-date symlink: /home/ws/install/quadruped/lib/python3.12/site-packages/quadruped/quadruped_s__rosidl_typesupport_fastrtps_c.so
[6.242s] -- Up-to-date symlink: /home/ws/install/quadruped/lib/python3.12/site-packages/quadruped/quadruped_s__rosidl_typesupport_introspection_c.so
[6.243s] -- Up-to-date symlink: /home/ws/install/quadruped/lib/python3.12/site-packages/quadruped/quadruped_s__rosidl_typesupport_c.so
[6.244s] -- Up-to-date symlink: /home/ws/install/quadruped/share/quadruped/msg/LegCommand.idl
[6.244s] -- Up-to-date symlink: /home/ws/install/quadruped/share/quadruped/messages/LegCommand.msg
[6.245s] -- Up-to-date symlink: /home/ws/install/quadruped/lib/quadruped/LegController.py
[6.245s] -- Up-to-date symlink: /home/ws/install/quadruped/lib/quadruped/GaitPatternGenerator.py
[6.245s] -- Symlinking: /home/ws/install/quadruped/lib/quadruped/leg_class.py
[6.262s] -- Symlinking: /home/ws/install/quadruped/lib/quadruped/gait_pattern_class.py
[6.278s] -- Up-to-date symlink: /home/ws/install/quadruped/share/quadruped/launch/controllers.launch.py
[6.278s] -- Up-to-date symlink: /home/ws/install/quadruped/share/quadruped/launch/gazebo_sim.launch.py
[6.279s] -- Up-to-date symlink: /home/ws/install/quadruped/share/quadruped/config/bridge.yaml
[6.279s] -- Up-to-date symlink: /home/ws/install/quadruped/share/quadruped/config/initial_joint_positions.yaml
[6.279s] -- Up-to-date symlink: /home/ws/install/quadruped/share/quadruped/config/quadruped.rviz
[6.279s] -- Up-to-date symlink: /home/ws/install/quadruped/share/quadruped/config/quadruped_controllers.yaml
[6.280s] -- Up-to-date symlink: /home/ws/install/quadruped/share/quadruped/urdf/Quadruped MJB.mjb
[6.280s] -- Up-to-date symlink: /home/ws/install/quadruped/share/quadruped/urdf/QuadrupedURDF.urdf.xacro
[6.280s] -- Up-to-date symlink: /home/ws/install/quadruped/share/quadruped/urdf/meshes/Body.STL
[6.280s] -- Up-to-date symlink: /home/ws/install/quadruped/share/quadruped/urdf/meshes/Body_bin.STL
[6.280s] -- Up-to-date symlink: /home/ws/install/quadruped/share/quadruped/urdf/meshes/Front Left Shin.STL
[6.281s] -- Up-to-date symlink: /home/ws/install/quadruped/share/quadruped/urdf/meshes/Front Left Thigh.STL
[6.282s] -- Up-to-date symlink: /home/ws/install/quadruped/share/quadruped/urdf/meshes/Front Right Shin.STL
[6.282s] -- Up-to-date symlink: /home/ws/install/quadruped/share/quadruped/urdf/meshes/Front Right Thigh.STL
[6.282s] -- Up-to-date symlink: /home/ws/install/quadruped/share/quadruped/urdf/meshes/Rear Left Shin.STL
[6.282s] -- Up-to-date symlink: /home/ws/install/quadruped/share/quadruped/urdf/meshes/Rear Left Thigh.STL
[6.283s] -- Up-to-date symlink: /home/ws/install/quadruped/share/quadruped/urdf/meshes/Rear Right Shin.STL
[6.283s] -- Up-to-date symlink: /home/ws/install/quadruped/share/quadruped/urdf/meshes/Rear Right Thigh.STL
[6.283s] -- Up-to-date symlink: /home/ws/install/quadruped/share/quadruped/urdf/mjb_maker.py
[6.284s] -- Up-to-date symlink: /home/ws/install/quadruped/share/quadruped/messages/LegCommand.msg
[6.284s] -- Symlinking: /home/ws/install/quadruped/share/quadruped/messages/RobotState.msg
[6.303s] -- Up-to-date symlink: /home/ws/install/quadruped/share/ament_index/resource_index/package_run_dependencies/quadruped
[6.304s] -- Up-to-date symlink: /home/ws/install/quadruped/share/ament_index/resource_index/parent_prefix_path/quadruped
[6.304s] -- Up-to-date symlink: /home/ws/install/quadruped/share/quadruped/environment/ament_prefix_path.sh
[6.304s] -- Up-to-date symlink: /home/ws/install/quadruped/share/quadruped/environment/ament_prefix_path.dsv
[6.305s] -- Up-to-date symlink: /home/ws/install/quadruped/share/quadruped/environment/path.sh
[6.305s] -- Up-to-date symlink: /home/ws/install/quadruped/share/quadruped/environment/path.dsv
[6.306s] -- Up-to-date symlink: /home/ws/install/quadruped/share/quadruped/local_setup.bash
[6.306s] -- Up-to-date symlink: /home/ws/install/quadruped/share/quadruped/local_setup.sh
[6.306s] -- Up-to-date symlink: /home/ws/install/quadruped/share/quadruped/local_setup.zsh
[6.307s] -- Up-to-date symlink: /home/ws/install/quadruped/share/quadruped/local_setup.dsv
[6.307s] -- Symlinking: /home/ws/install/quadruped/share/quadruped/package.dsv
[6.326s] -- Up-to-date symlink: /home/ws/install/quadruped/share/ament_index/resource_index/packages/quadruped
[6.326s] -- Up-to-date symlink: /home/ws/install/quadruped/share/quadruped/cmake/rosidl_cmake-extras.cmake
[6.327s] -- Up-to-date symlink: /home/ws/install/quadruped/share/quadruped/cmake/ament_cmake_export_include_directories-extras.cmake
[6.328s] -- Up-to-date symlink: /home/ws/install/quadruped/share/quadruped/cmake/ament_cmake_export_libraries-extras.cmake
[6.328s] -- Up-to-date symlink: /home/ws/install/quadruped/share/quadruped/cmake/ament_cmake_export_targets-extras.cmake
[6.328s] -- Up-to-date symlink: /home/ws/install/quadruped/share/quadruped/cmake/rosidl_cmake_export_typesupport_targets-extras.cmake
[6.329s] -- Up-to-date symlink: /home/ws/install/quadruped/share/quadruped/cmake/ament_cmake_export_dependencies-extras.cmake
[6.329s] -- Up-to-date symlink: /home/ws/install/quadruped/share/quadruped/cmake/rosidl_cmake_export_typesupport_libraries-extras.cmake
[6.329s] -- Up-to-date symlink: /home/ws/install/quadruped/share/quadruped/cmake/quadrupedConfig.cmake
[6.329s] -- Up-to-date symlink: /home/ws/install/quadruped/share/quadruped/cmake/quadrupedConfig-version.cmake
[6.329s] -- Up-to-date symlink: /home/ws/install/quadruped/share/quadruped/package.xml
[6.329s] -- Up-to-date: /home/ws/install/quadruped/lib/libquadruped__rosidl_generator_c.so
[6.329s] -- Up-to-date: /home/ws/install/quadruped/lib/libquadruped__rosidl_typesupport_fastrtps_c.so
[6.331s] -- Up-to-date: /home/ws/install/quadruped/lib/libquadruped__rosidl_typesupport_fastrtps_cpp.so
[6.332s] -- Up-to-date: /home/ws/install/quadruped/lib/libquadruped__rosidl_typesupport_introspection_c.so
[6.332s] -- Up-to-date: /home/ws/install/quadruped/lib/libquadruped__rosidl_typesupport_c.so
[6.333s] -- Up-to-date: /home/ws/install/quadruped/lib/libquadruped__rosidl_typesupport_introspection_cpp.so
[6.333s] -- Up-to-date: /home/ws/install/quadruped/lib/libquadruped__rosidl_typesupport_cpp.so
[6.413s] Listing '/home/ws/install/quadruped/lib/python3.12/site-packages/quadruped'...
[6.414s] Compiling '/home/ws/install/quadruped/lib/python3.12/site-packages/quadruped/__init__.py'...
[6.414s] Listing '/home/ws/install/quadruped/lib/python3.12/site-packages/quadruped/msg'...
[6.422s] -- Up-to-date: /home/ws/install/quadruped/lib/libquadruped__rosidl_generator_py.so
[6.423s] -- Up-to-date: /home/ws/install/quadruped/share/quadruped/cmake/export_quadruped__rosidl_generator_cExport.cmake
[6.423s] -- Up-to-date: /home/ws/install/quadruped/share/quadruped/cmake/export_quadruped__rosidl_generator_cExport-noconfig.cmake
[6.423s] -- Up-to-date: /home/ws/install/quadruped/share/quadruped/cmake/export_quadruped__rosidl_typesupport_fastrtps_cExport.cmake
[6.424s] -- Up-to-date: /home/ws/install/quadruped/share/quadruped/cmake/export_quadruped__rosidl_typesupport_fastrtps_cExport-noconfig.cmake
[6.424s] -- Up-to-date: /home/ws/install/quadruped/share/quadruped/cmake/export_quadruped__rosidl_generator_cppExport.cmake
[6.424s] -- Up-to-date: /home/ws/install/quadruped/share/quadruped/cmake/export_quadruped__rosidl_typesupport_fastrtps_cppExport.cmake
[6.425s] -- Up-to-date: /home/ws/install/quadruped/share/quadruped/cmake/export_quadruped__rosidl_typesupport_fastrtps_cppExport-noconfig.cmake
[6.425s] -- Up-to-date: /home/ws/install/quadruped/share/quadruped/cmake/quadruped__rosidl_typesupport_introspection_cExport.cmake
[6.425s] -- Up-to-date: /home/ws/install/quadruped/share/quadruped/cmake/quadruped__rosidl_typesupport_introspection_cExport-noconfig.cmake
[6.425s] -- Up-to-date: /home/ws/install/quadruped/share/quadruped/cmake/quadruped__rosidl_typesupport_cExport.cmake
[6.425s] -- Up-to-date: /home/ws/install/quadruped/share/quadruped/cmake/quadruped__rosidl_typesupport_cExport-noconfig.cmake
[6.426s] -- Up-to-date: /home/ws/install/quadruped/share/quadruped/cmake/quadruped__rosidl_typesupport_introspection_cppExport.cmake
[6.426s] -- Up-to-date: /home/ws/install/quadruped/share/quadruped/cmake/quadruped__rosidl_typesupport_introspection_cppExport-noconfig.cmake
[6.427s] -- Up-to-date: /home/ws/install/quadruped/share/quadruped/cmake/quadruped__rosidl_typesupport_cppExport.cmake
[6.428s] -- Up-to-date: /home/ws/install/quadruped/share/quadruped/cmake/quadruped__rosidl_typesupport_cppExport-noconfig.cmake
[6.429s] -- Up-to-date: /home/ws/install/quadruped/share/quadruped/cmake/export_quadruped__rosidl_generator_pyExport.cmake
[6.429s] -- Up-to-date: /home/ws/install/quadruped/share/quadruped/cmake/export_quadruped__rosidl_generator_pyExport-noconfig.cmake
[6.429s] Invoked command in '/home/ws/build/quadruped' returned '0': CMAKE_PREFIX_PATH=${CMAKE_PREFIX_PATH}:/opt/ros/jazzy /usr/bin/cmake --install /home/ws/build/quadruped
