[0.009s] Invoking command in '/home/ws/build/quadruped': CMAKE_PREFIX_PATH=${CMAKE_PREFIX_PATH}:/opt/ros/jazzy /usr/bin/cmake --build /home/ws/build/quadruped -- -j20 -l20
[0.054s] -- Found ament_cmake: 2.5.2 (/opt/ros/jazzy/share/ament_cmake/cmake)
[0.073s] -- Found Python3: /usr/bin/python3 (found version "3.12.3") found components: Interpreter 
[0.141s] -- Override CMake install command with custom implementation using symlinks instead of copying resources
[0.146s] -- Found rclcpp: 28.1.5 (/opt/ros/jazzy/share/rclcpp/cmake)
[0.165s] -- Found rosidl_generator_c: 4.6.4 (/opt/ros/jazzy/share/rosidl_generator_c/cmake)
[0.171s] -- Found rosidl_generator_cpp: 4.6.4 (/opt/ros/jazzy/share/rosidl_generator_cpp/cmake)
[0.180s] -- Using all available rosidl_typesupport_c: rosidl_typesupport_fastrtps_c;rosidl_typesupport_introspection_c
[0.189s] -- Using all available rosidl_typesupport_cpp: rosidl_typesupport_fastrtps_cpp;rosidl_typesupport_introspection_cpp
[0.236s] -- Found rmw_implementation_cmake: 7.3.1 (/opt/ros/jazzy/share/rmw_implementation_cmake/cmake)
[0.237s] -- Found rmw_fastrtps_cpp: 8.4.1 (/opt/ros/jazzy/share/rmw_fastrtps_cpp/cmake)
[0.307s] -- Using RMW implementation 'rmw_fastrtps_cpp' as default
[0.361s] -- Found hardware_interface: 4.18.0 (/opt/ros/jazzy/share/hardware_interface/cmake)
[0.518s] -- Found controller_interface: 4.18.0 (/opt/ros/jazzy/share/controller_interface/cmake)
[0.520s] -- Found controller_manager: 4.18.0 (/opt/ros/jazzy/share/controller_manager/cmake)
[0.566s] -- Found ros2_control: 4.18.0 (/opt/ros/jazzy/share/ros2_control/cmake)
[0.566s] -- Found ros_gz_sim: 1.0.5 (/opt/ros/jazzy/share/ros_gz_sim/cmake)
[0.568s] -- Looking for gz-sim8 -- found version 8.6.0
[0.572s] -- Searching for dependencies of gz-sim8
[0.572s] -- Looking for sdformat14 -- found version 14.5.0
[0.572s] -- Searching for dependencies of sdformat14
[0.578s] -- Checking for module 'tinyxml2'
[0.595s] --   Found tinyxml2, version 10.0.0
[0.679s] -- Looking for gz-math7 -- found version 7.5.0
[0.679s] -- Searching for dependencies of gz-math7
[0.679s] -- Looking for gz-utils2 -- found version 2.2.0
[0.680s] -- Searching for dependencies of gz-utils2
[0.684s] -- Looking for gz-utils2 -- found version 2.2.0
[0.684s] -- Searching for dependencies of gz-utils2
[0.685s] -- Searching for <gz-utils2> component [cli]
[0.686s] -- Looking for gz-utils2-cli -- found version 2.2.0
[0.686s] -- Searching for dependencies of gz-utils2-cli
[0.688s] -- Looking for gz-plugin2 -- found version 2.0.3
[0.689s] -- Searching for dependencies of gz-plugin2
[0.689s] -- Looking for gz-utils2 -- found version 2.2.0
[0.690s] -- Searching for <gz-plugin2> component [loader]
[0.690s] -- Looking for gz-plugin2-loader -- found version 2.0.3
[0.691s] -- Searching for dependencies of gz-plugin2-loader
[0.691s] -- Searching for <gz-plugin2> component [register]
[0.692s] -- Looking for gz-plugin2-register -- found version 2.0.3
[0.692s] -- Searching for dependencies of gz-plugin2-register
[0.693s] -- Looking for gz-transport13 -- found version 13.4.0
[0.693s] -- Searching for dependencies of gz-transport13
[0.741s] -- Config-file not installed for ZeroMQ -- checking for pkg-config
[0.751s] -- Checking for module 'libzmq >= 4'
[0.776s] --   Found libzmq, version 4.3.5
[0.853s] -- Checking for module 'uuid'
[0.877s] --   Found uuid, version 2.39.3
[0.936s] -- Looking for gz-utils2 -- found version 2.2.0
[0.937s] -- Looking for gz-msgs10 -- found version 10.3.0
[0.937s] -- Searching for dependencies of gz-msgs10
[0.963s] -- Looking for gz-utils2 -- found version 2.2.0
[0.963s] -- Looking for gz-math7 -- found version 7.5.0
[0.996s] -- Searching for <gz-transport13> component [log]
[0.996s] -- Looking for gz-transport13-log -- found version 13.4.0
[0.996s] -- Searching for dependencies of gz-transport13-log
[0.997s] -- Searching for <gz-transport13> component [parameters]
[0.997s] -- Looking for gz-transport13-parameters -- found version 13.4.0
[0.997s] -- Searching for dependencies of gz-transport13-parameters
[0.998s] -- Looking for gz-msgs10 -- found version 10.3.0
[0.998s] -- Looking for gz-common5 -- found version 5.6.0
[0.998s] -- Searching for dependencies of gz-common5
[0.998s] -- Looking for gz-utils2 -- found version 2.2.0
[0.999s] -- Looking for dlfcn.h - found
[0.999s] -- Looking for libdl - found
[1.007s] -- Searching for <gz-common5> component [av]
[1.007s] -- Looking for gz-common5-av -- found version 5.6.0
[1.007s] -- Searching for dependencies of gz-common5-av
[1.012s] -- Checking for module 'libswscale'
[1.032s] --   Found libswscale, version 7.5.100
[1.093s] -- Checking for module 'libavdevice >= 56.4.100'
[1.116s] --   Found libavdevice, version 60.3.100
[1.205s] -- Checking for module 'libavformat'
[1.238s] --   Found libavformat, version 60.16.100
[1.309s] -- Checking for module 'libavcodec'
[1.341s] --   Found libavcodec, version 60.31.102
[1.407s] -- Checking for module 'libavutil'
[1.436s] --   Found libavutil, version 58.29.100
[1.493s] -- Searching for <gz-common5> component [events]
[1.494s] -- Looking for gz-common5-events -- found version 5.6.0
[1.494s] -- Searching for dependencies of gz-common5-events
[1.494s] -- Looking for gz-math7 -- found version 7.5.0
[1.495s] -- Searching for <gz-common5> component [graphics]
[1.496s] -- Looking for gz-common5-graphics -- found version 5.6.0
[1.496s] -- Searching for dependencies of gz-common5-graphics
[1.497s] -- Looking for gz-math7 -- found version 7.5.0
[1.500s] -- Searching for <gz-common5> component [io]
[1.501s] -- Looking for gz-common5-io -- found version 5.6.0
[1.501s] -- Searching for dependencies of gz-common5-io
[1.502s] -- Searching for <gz-common5> component [profiler]
[1.502s] -- Looking for gz-common5-profiler -- found version 5.6.0
[1.502s] -- Searching for dependencies of gz-common5-profiler
[1.503s] -- Looking for gz-fuel_tools9 -- found version 9.1.0
[1.504s] -- Searching for dependencies of gz-fuel_tools9
[1.564s] -- Checking for module 'jsoncpp'
[1.589s] --   Found jsoncpp, version 1.9.5
[1.670s] -- Checking for module 'yaml-0.1'
[1.691s] --   Found yaml-0.1, version 0.2.5
[1.758s] -- Checking for module 'libzip'
[1.781s] --   Found libzip, version 1.7.3
[1.841s] -- Looking for gz-utils2 -- found version 2.2.0
[1.842s] -- Looking for gz-common5 -- found version 5.6.0
[1.842s] -- Searching for dependencies of gz-common5
[1.843s] -- Looking for gz-utils2 -- found version 2.2.0
[1.843s] -- Looking for dlfcn.h - found
[1.843s] -- Looking for libdl - found
[1.856s] -- Searching for <gz-common5> component [testing]
[1.857s] -- Looking for gz-common5-testing -- found version 5.6.0
[1.857s] -- Searching for dependencies of gz-common5-testing
[1.858s] -- Looking for gz-math7 -- found version 7.5.0
[1.858s] -- Looking for gz-msgs10 -- found version 10.3.0
[1.860s] -- Looking for gz-gui8 -- found version 8.3.0
[1.860s] -- Searching for dependencies of gz-gui8
[1.884s] -- Looking for gz-utils2 -- found version 2.2.0
[1.884s] -- Looking for gz-math7 -- found version 7.5.0
[1.885s] -- Looking for gz-common5 -- found version 5.6.0
[1.885s] -- Looking for gz-plugin2 -- found version 2.0.3
[1.886s] -- Looking for gz-transport13 -- found version 13.4.0
[1.886s] -- Looking for gz-rendering8 -- found version 8.2.0
[1.886s] -- Searching for dependencies of gz-rendering8
[1.887s] -- Looking for gz-math7 -- found version 7.5.0
[1.887s] -- Searching for dependencies of gz-math7
[1.888s] -- Looking for gz-utils2 -- found version 2.2.0
[1.888s] -- Searching for <gz-math7> component [eigen3]
[1.888s] -- Looking for gz-math7-eigen3 -- found version 7.5.0
[1.889s] -- Searching for dependencies of gz-math7-eigen3
[1.891s] -- Looking for gz-common5 -- found version 5.6.0
[1.891s] -- Searching for dependencies of gz-common5
[1.891s] -- Looking for gz-utils2 -- found version 2.2.0
[1.892s] -- Looking for dlfcn.h - found
[1.892s] -- Looking for libdl - found
[1.900s] -- Searching for <gz-common5> component [graphics]
[1.900s] -- Searching for <gz-common5> component [events]
[1.900s] -- Searching for <gz-common5> component [geospatial]
[1.901s] -- Looking for gz-common5-geospatial -- found version 5.6.0
[1.901s] -- Searching for dependencies of gz-common5-geospatial
[1.901s] -- Looking for gz-math7 -- found version 7.5.0
[1.902s] -- Looking for gz-common5 -- found version 5.6.0
[1.903s] -- Looking for gz-plugin2 -- found version 2.0.3
[1.903s] -- Searching for dependencies of gz-plugin2
[1.904s] -- Looking for gz-utils2 -- found version 2.2.0
[1.904s] -- Searching for <gz-plugin2> component [all]
[1.904s] -- Looking for all libraries of gz-plugin2 -- found version 2.0.3
[1.904s] -- Looking for gz-plugin2 -- found version 2.0.3
[1.905s] -- Looking for gz-utils2 -- found version 2.2.0
[1.907s] -- Looking for gz-msgs10 -- found version 10.3.0
[1.920s] -- Looking for gz-physics7 -- found version 7.3.0
[1.920s] -- Searching for dependencies of gz-physics7
[1.920s] -- Looking for gz-common5 -- found version 5.6.0
[1.921s] -- Looking for gz-math7 -- found version 7.5.0
[1.921s] -- Looking for gz-plugin2 -- found version 2.0.3
[1.921s] -- Looking for gz-utils2 -- found version 2.2.0
[1.922s] -- Searching for <gz-physics7> component [heightmap]
[1.923s] -- Looking for gz-physics7-heightmap -- found version 7.3.0
[1.923s] -- Searching for dependencies of gz-physics7-heightmap
[1.923s] -- Looking for gz-common5 -- found version 5.6.0
[1.923s] -- Searching for <gz-physics7> component [mesh]
[1.924s] -- Looking for gz-physics7-mesh -- found version 7.3.0
[1.924s] -- Searching for dependencies of gz-physics7-mesh
[1.924s] -- Looking for gz-common5 -- found version 5.6.0
[1.924s] -- Searching for <gz-physics7> component [sdf]
[1.925s] -- Looking for gz-physics7-sdf -- found version 7.3.0
[1.925s] -- Searching for dependencies of gz-physics7-sdf
[1.925s] -- Looking for sdformat14 -- found version 14.5.0
[1.926s] -- Looking for gz-sensors8 -- found version 8.2.0
[1.926s] -- Searching for dependencies of gz-sensors8
[1.944s] -- Looking for gz-math7 -- found version 7.5.0
[1.944s] -- Looking for gz-common5 -- found version 5.6.0
[1.944s] -- Looking for gz-transport13 -- found version 13.4.0
[1.944s] -- Looking for gz-rendering8 -- found version 8.2.0
[1.945s] -- Looking for gz-msgs10 -- found version 10.3.0
[1.945s] -- Looking for sdformat14 -- found version 14.5.0
[1.945s] -- Searching for <gz-sensors8> component [air_pressure]
[1.946s] -- Looking for gz-sensors8-air_pressure -- found version 8.2.0
[1.946s] -- Searching for dependencies of gz-sensors8-air_pressure
[1.946s] -- Searching for <gz-sensors8> component [air_speed]
[1.946s] -- Looking for gz-sensors8-air_speed -- found version 8.2.0
[1.947s] -- Searching for dependencies of gz-sensors8-air_speed
[1.947s] -- Searching for <gz-sensors8> component [altimeter]
[1.947s] -- Looking for gz-sensors8-altimeter -- found version 8.2.0
[1.947s] -- Searching for dependencies of gz-sensors8-altimeter
[1.948s] -- Searching for <gz-sensors8> component [imu]
[1.948s] -- Looking for gz-sensors8-imu -- found version 8.2.0
[1.948s] -- Searching for dependencies of gz-sensors8-imu
[1.948s] -- Searching for <gz-sensors8> component [force_torque]
[1.949s] -- Looking for gz-sensors8-force_torque -- found version 8.2.0
[1.949s] -- Searching for dependencies of gz-sensors8-force_torque
[1.949s] -- Searching for <gz-sensors8> component [logical_camera]
[1.950s] -- Looking for gz-sensors8-logical_camera -- found version 8.2.0
[1.950s] -- Searching for dependencies of gz-sensors8-logical_camera
[1.950s] -- Searching for <gz-sensors8> component [magnetometer]
[1.950s] -- Looking for gz-sensors8-magnetometer -- found version 8.2.0
[1.950s] -- Searching for dependencies of gz-sensors8-magnetometer
[1.951s] -- Searching for <gz-sensors8> component [navsat]
[1.951s] -- Looking for gz-sensors8-navsat -- found version 8.2.0
[1.951s] -- Searching for dependencies of gz-sensors8-navsat
[1.952s] -- Searching for <gz-sensors8> component [dvl]
[1.952s] -- Looking for gz-sensors8-dvl -- found version 8.2.0
[1.952s] -- Searching for dependencies of gz-sensors8-dvl
[1.952s] -- Looking for gz-sensors8 -- found version 8.2.0
[1.952s] -- Searching for dependencies of gz-sensors8
[1.974s] -- Looking for gz-math7 -- found version 7.5.0
[1.974s] -- Looking for gz-common5 -- found version 5.6.0
[1.975s] -- Looking for gz-transport13 -- found version 13.4.0
[1.975s] -- Looking for gz-rendering8 -- found version 8.2.0
[1.975s] -- Looking for gz-msgs10 -- found version 10.3.0
[1.976s] -- Looking for sdformat14 -- found version 14.5.0
[1.976s] -- Searching for <gz-sensors8> component [rendering]
[1.977s] -- Looking for gz-sensors8-rendering -- found version 8.2.0
[1.977s] -- Searching for dependencies of gz-sensors8-rendering
[1.978s] -- Searching for <gz-sensors8> component [rendering]
[1.978s] -- Searching for <gz-sensors8> component [lidar]
[1.979s] -- Looking for gz-sensors8-lidar -- found version 8.2.0
[1.979s] -- Searching for dependencies of gz-sensors8-lidar
[1.979s] -- Looking for gz-sensors8 -- found version 8.2.0
[1.980s] -- Searching for <gz-sensors8> component [gpu_lidar]
[1.980s] -- Looking for gz-sensors8-gpu_lidar -- found version 8.2.0
[1.980s] -- Searching for dependencies of gz-sensors8-gpu_lidar
[1.980s] -- Looking for gz-sensors8 -- found version 8.2.0
[1.981s] -- Searching for <gz-sensors8> component [camera]
[1.981s] -- Looking for gz-sensors8-camera -- found version 8.2.0
[1.981s] -- Searching for dependencies of gz-sensors8-camera
[1.981s] -- Looking for gz-sensors8 -- found version 8.2.0
[1.982s] -- Searching for <gz-sensors8> component [boundingbox_camera]
[1.982s] -- Looking for gz-sensors8-boundingbox_camera -- found version 8.2.0
[1.982s] -- Searching for dependencies of gz-sensors8-boundingbox_camera
[1.983s] -- Searching for <gz-sensors8> component [segmentation_camera]
[1.983s] -- Looking for gz-sensors8-segmentation_camera -- found version 8.2.0
[1.983s] -- Searching for dependencies of gz-sensors8-segmentation_camera
[1.983s] -- Searching for <gz-sensors8> component [depth_camera]
[1.984s] -- Looking for gz-sensors8-depth_camera -- found version 8.2.0
[1.984s] -- Searching for dependencies of gz-sensors8-depth_camera
[1.984s] -- Looking for gz-sensors8 -- found version 8.2.0
[1.984s] -- Searching for <gz-sensors8> component [rgbd_camera]
[1.985s] -- Looking for gz-sensors8-rgbd_camera -- found version 8.2.0
[1.985s] -- Searching for dependencies of gz-sensors8-rgbd_camera
[1.985s] -- Looking for gz-sensors8 -- found version 8.2.0
[1.986s] -- Searching for <gz-sensors8> component [thermal_camera]
[1.986s] -- Looking for gz-sensors8-thermal_camera -- found version 8.2.0
[1.986s] -- Searching for dependencies of gz-sensors8-thermal_camera
[1.986s] -- Looking for gz-sensors8 -- found version 8.2.0
[1.987s] -- Searching for <gz-sensors8> component [wide_angle_camera]
[1.987s] -- Looking for gz-sensors8-wide_angle_camera -- found version 8.2.0
[1.987s] -- Searching for dependencies of gz-sensors8-wide_angle_camera
[1.988s] -- Looking for gz-rendering8 -- found version 8.2.0
[1.988s] -- Looking for gz-math7 -- found version 7.5.0
[1.988s] -- Looking for gz-utils2 -- found version 2.2.0
[2.005s] -- Looking for gz-plugin2 -- found version 2.0.3
[2.005s] -- Found rosidl_default_generators: 1.6.0 (/opt/ros/jazzy/share/rosidl_default_generators/cmake)
[2.011s] -- Found rosidl_adapter: 4.6.4 (/opt/ros/jazzy/share/rosidl_adapter/cmake)
[2.012s] -- Found rclcpp_components: 28.1.5 (/opt/ros/jazzy/share/rclcpp_components/cmake)
[2.033s] -- pinocchio FOUND. pinocchio at /opt/ros/jazzy/lib/x86_64-linux-gnu/libpinocchio.so
[2.034s] -- boost_filesystem FOUND. boost_filesystem at /lib/x86_64-linux-gnu/libboost_filesystem.so
[2.034s] -- boost_serialization FOUND. boost_serialization at /lib/x86_64-linux-gnu/libboost_serialization.so
[2.035s] -- boost_system FOUND. boost_system at /lib/x86_64-linux-gnu/libboost_system.so
[2.040s] -- Found Boost: /usr/include (found version "1.83.0") found components: filesystem serialization system 
[2.041s] -- eigenpy FOUND. eigenpy at /opt/ros/jazzy/lib/x86_64-linux-gnu/libeigenpy.so
[2.073s] -- Checking for NumPy
[2.243s] --   NUMPY_INCLUDE_DIRS=/usr/lib/python3/dist-packages/numpy/core/include
[2.332s] --   NUMPY_VERSION=1.26.4
[2.533s] -- Found Python3: /usr/bin/python3 (found version "3.12.3") found components: Interpreter Development.Module NumPy 
[2.534s] -- PythonLibraryDirs: 
[2.534s] -- PythonLibVersionString: 3.12.3
[2.558s] -- Python site lib: lib/python3.12/dist-packages
[2.559s] -- Python include dirs: /usr/include/python3.12
[2.590s] -- Checking for NumPy
[2.666s] --   NUMPY_INCLUDE_DIRS=/usr/lib/python3/dist-packages/numpy/core/include
[2.769s] --   NUMPY_VERSION=1.26.4
[2.769s] -- NumPy include dir: /usr/lib/python3/dist-packages/numpy/core/include
[2.773s] -- Found Boost: /usr/include (found version "1.83.0") found components: python312 
[2.773s] -- Boost_PYTHON_LIBRARY: /usr/lib/x86_64-linux-gnu/libboost_python312.so
[3.084s] -- Default C++ standard: 201703
[3.084s] -- C++ standard sufficient: Minimal required 14, currently defined: 17
[3.084s] -- CMAKE_CXX_STANDARD was not set: automatically set to currently defined standard 17
[3.085s] -- C++ standard sufficient: Minimal required 14, currently defined: 17
[3.117s] -- Found Python3: /usr/bin/python3 (found version "3.12.3") found components: Interpreter 
[3.289s] -- Found ament_cmake_ros: 0.12.0 (/opt/ros/jazzy/share/ament_cmake_ros/cmake)
[3.448s] -- Using all available rosidl_typesupport_c: rosidl_typesupport_fastrtps_c;rosidl_typesupport_introspection_c
[3.503s] -- Using all available rosidl_typesupport_cpp: rosidl_typesupport_fastrtps_cpp;rosidl_typesupport_introspection_cpp
[3.504s] -- Found python_cmake_module: 0.11.1 (/opt/ros/jazzy/share/python_cmake_module/cmake)
[3.835s] -- Found Python3: /usr/bin/python3 (found version "3.12.3") found components: Interpreter Development NumPy Development.Module Development.Embed 
[3.852s] -- Configuring done (3.8s)
[3.892s] -- Generating done (0.0s)
[3.894s] -- Build files have been written to: /home/ws/build/quadruped
[3.941s] [  2%] Built target quadruped__rosidl_generator_type_description
[3.948s] [  2%] Built target ament_cmake_python_symlink_quadruped
[3.966s] [  5%] Built target quadruped__cpp
[3.967s] [ 17%] Built target quadruped_lib
[3.970s] [ 30%] Built target quadruped__rosidl_generator_c
[4.014s] [ 38%] Built target quadruped__rosidl_typesupport_fastrtps_cpp
[4.017s] [ 46%] Built target quadruped__rosidl_typesupport_fastrtps_c
[4.018s] [ 53%] Built target quadruped__rosidl_typesupport_c
[4.021s] [ 61%] Built target quadruped__rosidl_typesupport_cpp
[4.021s] [ 69%] Built target quadruped__rosidl_typesupport_introspection_cpp
[4.022s] [ 76%] Built target quadruped__rosidl_typesupport_introspection_c
[4.045s] [ 76%] Built target quadruped
[4.071s] [ 79%] Built target quadruped__py
[4.094s] [ 84%] Built target quadruped__rosidl_generator_py
[4.112s] running egg_info
[4.116s] [ 89%] Built target quadruped_s__rosidl_typesupport_c
[4.116s] [ 94%] Built target quadruped_s__rosidl_typesupport_introspection_c
[4.117s] [100%] Built target quadruped_s__rosidl_typesupport_fastrtps_c
[4.122s] writing quadruped.egg-info/PKG-INFO
[4.123s] writing dependency_links to quadruped.egg-info/dependency_links.txt
[4.123s] writing top-level names to quadruped.egg-info/top_level.txt
[4.149s] reading manifest file 'quadruped.egg-info/SOURCES.txt'
[4.149s] writing manifest file 'quadruped.egg-info/SOURCES.txt'
[4.170s] [100%] Built target ament_cmake_python_build_quadruped_egg
[4.184s] Invoked command in '/home/ws/build/quadruped' returned '0': CMAKE_PREFIX_PATH=${CMAKE_PREFIX_PATH}:/opt/ros/jazzy /usr/bin/cmake --build /home/ws/build/quadruped -- -j20 -l20
[4.360s] Invoking command in '/home/ws/build/quadruped': CMAKE_PREFIX_PATH=${CMAKE_PREFIX_PATH}:/opt/ros/jazzy /usr/bin/cmake --install /home/ws/build/quadruped
[4.378s] -- Install configuration: ""
[4.378s] -- Execute custom install script
[4.378s] -- Up-to-date symlink: /home/ws/install/quadruped/share/ament_index/resource_index/rosidl_interfaces/quadruped
[4.379s] -- Up-to-date symlink: /home/ws/install/quadruped/share/quadruped/msg/LegCommand.json
[4.379s] -- Up-to-date symlink: /home/ws/install/quadruped/include/quadruped/quadruped/msg/detail/leg_command__functions.h
[4.380s] -- Up-to-date symlink: /home/ws/install/quadruped/include/quadruped/quadruped/msg/detail/leg_command__struct.h
[4.380s] -- Up-to-date symlink: /home/ws/install/quadruped/include/quadruped/quadruped/msg/detail/leg_command__type_support.h
[4.380s] -- Up-to-date symlink: /home/ws/install/quadruped/include/quadruped/quadruped/msg/leg_command.h
[4.380s] -- Up-to-date symlink: /home/ws/install/quadruped/include/quadruped/quadruped/msg/rosidl_generator_c__visibility_control.h
[4.380s] -- Up-to-date symlink: /home/ws/install/quadruped/share/quadruped/environment/library_path.sh
[4.381s] -- Up-to-date symlink: /home/ws/install/quadruped/share/quadruped/environment/library_path.dsv
[4.381s] -- Up-to-date symlink: /home/ws/install/quadruped/include/quadruped/quadruped/msg/detail/leg_command__rosidl_typesupport_fastrtps_c.h
[4.382s] -- Up-to-date symlink: /home/ws/install/quadruped/include/quadruped/quadruped/msg/rosidl_typesupport_fastrtps_c__visibility_control.h
[4.382s] -- Up-to-date symlink: /home/ws/install/quadruped/include/quadruped/quadruped/msg/detail/leg_command__builder.hpp
[4.382s] -- Up-to-date symlink: /home/ws/install/quadruped/include/quadruped/quadruped/msg/detail/leg_command__struct.hpp
[4.383s] -- Up-to-date symlink: /home/ws/install/quadruped/include/quadruped/quadruped/msg/detail/leg_command__traits.hpp
[4.383s] -- Up-to-date symlink: /home/ws/install/quadruped/include/quadruped/quadruped/msg/detail/leg_command__type_support.hpp
[4.383s] -- Up-to-date symlink: /home/ws/install/quadruped/include/quadruped/quadruped/msg/leg_command.hpp
[4.383s] -- Up-to-date symlink: /home/ws/install/quadruped/include/quadruped/quadruped/msg/rosidl_generator_cpp__visibility_control.hpp
[4.383s] -- Up-to-date symlink: /home/ws/install/quadruped/include/quadruped/quadruped/msg/detail/leg_command__rosidl_typesupport_fastrtps_cpp.hpp
[4.384s] -- Up-to-date symlink: /home/ws/install/quadruped/include/quadruped/quadruped/msg/rosidl_typesupport_fastrtps_cpp__visibility_control.h
[4.384s] -- Up-to-date symlink: /home/ws/install/quadruped/include/quadruped/quadruped/msg/detail/leg_command__rosidl_typesupport_introspection_c.h
[4.384s] -- Up-to-date symlink: /home/ws/install/quadruped/include/quadruped/quadruped/msg/rosidl_typesupport_introspection_c__visibility_control.h
[4.384s] -- Up-to-date symlink: /home/ws/install/quadruped/include/quadruped/quadruped/msg/detail/leg_command__rosidl_typesupport_introspection_cpp.hpp
[4.384s] -- Up-to-date symlink: /home/ws/install/quadruped/share/quadruped/environment/pythonpath.sh
[4.384s] -- Up-to-date symlink: /home/ws/install/quadruped/share/quadruped/environment/pythonpath.dsv
[4.385s] -- Up-to-date symlink: /home/ws/install/quadruped/lib/python3.12/site-packages/quadruped-0.0.0-py3.12.egg-info/PKG-INFO
[4.385s] -- Up-to-date symlink: /home/ws/install/quadruped/lib/python3.12/site-packages/quadruped-0.0.0-py3.12.egg-info/SOURCES.txt
[4.385s] -- Up-to-date symlink: /home/ws/install/quadruped/lib/python3.12/site-packages/quadruped-0.0.0-py3.12.egg-info/dependency_links.txt
[4.385s] -- Up-to-date symlink: /home/ws/install/quadruped/lib/python3.12/site-packages/quadruped-0.0.0-py3.12.egg-info/top_level.txt
[4.385s] -- Up-to-date symlink: /home/ws/install/quadruped/lib/python3.12/site-packages/quadruped/__init__.py
[4.385s] -- Up-to-date symlink: /home/ws/install/quadruped/lib/python3.12/site-packages/quadruped/_quadruped_s.ep.rosidl_typesupport_c.c
[4.386s] -- Up-to-date symlink: /home/ws/install/quadruped/lib/python3.12/site-packages/quadruped/_quadruped_s.ep.rosidl_typesupport_fastrtps_c.c
[4.386s] -- Up-to-date symlink: /home/ws/install/quadruped/lib/python3.12/site-packages/quadruped/_quadruped_s.ep.rosidl_typesupport_introspection_c.c
[4.386s] -- Up-to-date symlink: /home/ws/install/quadruped/lib/python3.12/site-packages/quadruped/msg/__init__.py
[4.386s] -- Up-to-date symlink: /home/ws/install/quadruped/lib/python3.12/site-packages/quadruped/msg/_leg_command.py
[4.386s] -- Up-to-date symlink: /home/ws/install/quadruped/lib/python3.12/site-packages/quadruped/msg/_leg_command_s.c
[4.386s] -- Up-to-date symlink: /home/ws/install/quadruped/lib/python3.12/site-packages/quadruped/quadruped_s__rosidl_typesupport_c.so
[4.387s] -- Up-to-date symlink: /home/ws/install/quadruped/lib/python3.12/site-packages/quadruped/quadruped_s__rosidl_typesupport_fastrtps_c.so
[4.387s] -- Up-to-date symlink: /home/ws/install/quadruped/lib/python3.12/site-packages/quadruped/quadruped_s__rosidl_typesupport_introspection_c.so
[4.387s] -- Up-to-date symlink: /home/ws/install/quadruped/lib/python3.12/site-packages/quadruped/quadruped_s__rosidl_typesupport_fastrtps_c.so
[4.387s] -- Up-to-date symlink: /home/ws/install/quadruped/lib/python3.12/site-packages/quadruped/quadruped_s__rosidl_typesupport_introspection_c.so
[4.387s] -- Up-to-date symlink: /home/ws/install/quadruped/lib/python3.12/site-packages/quadruped/quadruped_s__rosidl_typesupport_c.so
[4.387s] -- Up-to-date symlink: /home/ws/install/quadruped/share/quadruped/msg/LegCommand.idl
[4.387s] -- Up-to-date symlink: /home/ws/install/quadruped/share/quadruped/messages/LegCommand.msg
[4.387s] -- Up-to-date symlink: /home/ws/install/quadruped/include/quadruped/balance_controller.hpp
[4.387s] -- Up-to-date symlink: /home/ws/install/quadruped/include/quadruped/foot_trajectory_generator.hpp
[4.387s] -- Up-to-date symlink: /home/ws/install/quadruped/include/quadruped/leg_controller.hpp
[4.387s] -- Up-to-date symlink: /home/ws/install/quadruped/include/quadruped/state_estimator.hpp
[4.387s] -- Up-to-date symlink: /home/ws/install/quadruped/lib/quadruped/LegController.py
[4.387s] -- Up-to-date symlink: /home/ws/install/quadruped/lib/quadruped/GaitPatternGenerator.py
[4.387s] -- Up-to-date symlink: /home/ws/install/quadruped/lib/quadruped/leg_class.py
[4.388s] -- Up-to-date symlink: /home/ws/install/quadruped/lib/quadruped/gait_pattern_class.py
[4.388s] -- Up-to-date symlink: /home/ws/install/quadruped/share/quadruped/launch/controllers.launch.py
[4.388s] -- Up-to-date symlink: /home/ws/install/quadruped/share/quadruped/launch/gazebo_sim.launch.py
[4.388s] -- Up-to-date symlink: /home/ws/install/quadruped/share/quadruped/config/initial_joint_positions.yaml
[4.388s] -- Up-to-date symlink: /home/ws/install/quadruped/share/quadruped/config/quadruped.rviz
[4.388s] -- Up-to-date symlink: /home/ws/install/quadruped/share/quadruped/config/quadruped_controllers.yaml
[4.388s] -- Up-to-date symlink: /home/ws/install/quadruped/share/quadruped/urdf/Quadruped MJB.mjb
[4.389s] -- Up-to-date symlink: /home/ws/install/quadruped/share/quadruped/urdf/QuadrupedURDF.urdf.xacro
[4.389s] -- Up-to-date symlink: /home/ws/install/quadruped/share/quadruped/urdf/meshes/Body.STL
[4.389s] -- Up-to-date symlink: /home/ws/install/quadruped/share/quadruped/urdf/meshes/Body_bin.STL
[4.389s] -- Up-to-date symlink: /home/ws/install/quadruped/share/quadruped/urdf/meshes/Front Left Shin.STL
[4.389s] -- Up-to-date symlink: /home/ws/install/quadruped/share/quadruped/urdf/meshes/Front Left Thigh.STL
[4.389s] -- Up-to-date symlink: /home/ws/install/quadruped/share/quadruped/urdf/meshes/Front Right Shin.STL
[4.389s] -- Up-to-date symlink: /home/ws/install/quadruped/share/quadruped/urdf/meshes/Front Right Thigh.STL
[4.389s] -- Up-to-date symlink: /home/ws/install/quadruped/share/quadruped/urdf/meshes/Rear Left Shin.STL
[4.389s] -- Up-to-date symlink: /home/ws/install/quadruped/share/quadruped/urdf/meshes/Rear Left Thigh.STL
[4.389s] -- Up-to-date symlink: /home/ws/install/quadruped/share/quadruped/urdf/meshes/Rear Right Shin.STL
[4.389s] -- Up-to-date symlink: /home/ws/install/quadruped/share/quadruped/urdf/meshes/Rear Right Thigh.STL
[4.389s] -- Up-to-date symlink: /home/ws/install/quadruped/share/quadruped/urdf/mjb_maker.py
[4.389s] -- Up-to-date symlink: /home/ws/install/quadruped/share/quadruped/messages/LegCommand.msg
[4.389s] -- Up-to-date symlink: /home/ws/install/quadruped/share/quadruped/messages/RobotState.msg
[4.389s] -- Up-to-date symlink: /home/ws/install/quadruped/share/quadruped//plugin_description.xml
[4.389s] -- Up-to-date symlink: /home/ws/install/quadruped/share/ament_index/resource_index/package_run_dependencies/quadruped
[4.389s] -- Up-to-date symlink: /home/ws/install/quadruped/share/ament_index/resource_index/parent_prefix_path/quadruped
[4.389s] -- Up-to-date symlink: /home/ws/install/quadruped/share/quadruped/environment/ament_prefix_path.sh
[4.389s] -- Up-to-date symlink: /home/ws/install/quadruped/share/quadruped/environment/ament_prefix_path.dsv
[4.389s] -- Up-to-date symlink: /home/ws/install/quadruped/share/quadruped/environment/path.sh
[4.390s] -- Up-to-date symlink: /home/ws/install/quadruped/share/quadruped/environment/path.dsv
[4.390s] -- Up-to-date symlink: /home/ws/install/quadruped/share/quadruped/local_setup.bash
[4.390s] -- Up-to-date symlink: /home/ws/install/quadruped/share/quadruped/local_setup.sh
[4.390s] -- Up-to-date symlink: /home/ws/install/quadruped/share/quadruped/local_setup.zsh
[4.390s] -- Up-to-date symlink: /home/ws/install/quadruped/share/quadruped/local_setup.dsv
[4.390s] -- Symlinking: /home/ws/install/quadruped/share/quadruped/package.dsv
[4.401s] -- Up-to-date symlink: /home/ws/install/quadruped/share/ament_index/resource_index/packages/quadruped
[4.401s] -- Up-to-date symlink: /home/ws/install/quadruped/share/quadruped/cmake/rosidl_cmake-extras.cmake
[4.401s] -- Up-to-date symlink: /home/ws/install/quadruped/share/quadruped/cmake/ament_cmake_export_include_directories-extras.cmake
[4.401s] -- Up-to-date symlink: /home/ws/install/quadruped/share/quadruped/cmake/ament_cmake_export_libraries-extras.cmake
[4.401s] -- Up-to-date symlink: /home/ws/install/quadruped/share/quadruped/cmake/ament_cmake_export_targets-extras.cmake
[4.401s] -- Up-to-date symlink: /home/ws/install/quadruped/share/quadruped/cmake/rosidl_cmake_export_typesupport_targets-extras.cmake
[4.401s] -- Up-to-date symlink: /home/ws/install/quadruped/share/quadruped/cmake/ament_cmake_export_dependencies-extras.cmake
[4.401s] -- Up-to-date symlink: /home/ws/install/quadruped/share/quadruped/cmake/rosidl_cmake_export_typesupport_libraries-extras.cmake
[4.401s] -- Up-to-date symlink: /home/ws/install/quadruped/share/quadruped/cmake/quadrupedConfig.cmake
[4.401s] -- Up-to-date symlink: /home/ws/install/quadruped/share/quadruped/cmake/quadrupedConfig-version.cmake
[4.401s] -- Up-to-date symlink: /home/ws/install/quadruped/share/quadruped/package.xml
[4.402s] -- Up-to-date: /home/ws/install/quadruped/lib/libquadruped__rosidl_generator_c.so
[4.402s] -- Up-to-date: /home/ws/install/quadruped/lib/libquadruped__rosidl_typesupport_fastrtps_c.so
[4.402s] -- Up-to-date: /home/ws/install/quadruped/lib/libquadruped__rosidl_typesupport_fastrtps_cpp.so
[4.402s] -- Up-to-date: /home/ws/install/quadruped/lib/libquadruped__rosidl_typesupport_introspection_c.so
[4.402s] -- Up-to-date: /home/ws/install/quadruped/lib/libquadruped__rosidl_typesupport_c.so
[4.402s] -- Up-to-date: /home/ws/install/quadruped/lib/libquadruped__rosidl_typesupport_introspection_cpp.so
[4.403s] -- Up-to-date: /home/ws/install/quadruped/lib/libquadruped__rosidl_typesupport_cpp.so
[4.437s] Listing '/home/ws/install/quadruped/lib/python3.12/site-packages/quadruped'...
[4.437s] Compiling '/home/ws/install/quadruped/lib/python3.12/site-packages/quadruped/__init__.py'...
[4.438s] Listing '/home/ws/install/quadruped/lib/python3.12/site-packages/quadruped/msg'...
[4.442s] -- Up-to-date: /home/ws/install/quadruped/lib/libquadruped__rosidl_generator_py.so
[4.442s] -- Up-to-date: /home/ws/install/quadruped/lib/libquadruped_lib.so
[4.442s] -- Up-to-date: /home/ws/install/quadruped/share/quadruped/cmake/export_quadruped__rosidl_generator_cExport.cmake
[4.443s] -- Up-to-date: /home/ws/install/quadruped/share/quadruped/cmake/export_quadruped__rosidl_generator_cExport-noconfig.cmake
[4.443s] -- Up-to-date: /home/ws/install/quadruped/share/quadruped/cmake/export_quadruped__rosidl_typesupport_fastrtps_cExport.cmake
[4.443s] -- Up-to-date: /home/ws/install/quadruped/share/quadruped/cmake/export_quadruped__rosidl_typesupport_fastrtps_cExport-noconfig.cmake
[4.443s] -- Up-to-date: /home/ws/install/quadruped/share/quadruped/cmake/export_quadruped__rosidl_generator_cppExport.cmake
[4.443s] -- Up-to-date: /home/ws/install/quadruped/share/quadruped/cmake/export_quadruped__rosidl_typesupport_fastrtps_cppExport.cmake
[4.443s] -- Up-to-date: /home/ws/install/quadruped/share/quadruped/cmake/export_quadruped__rosidl_typesupport_fastrtps_cppExport-noconfig.cmake
[4.443s] -- Up-to-date: /home/ws/install/quadruped/share/quadruped/cmake/quadruped__rosidl_typesupport_introspection_cExport.cmake
[4.443s] -- Up-to-date: /home/ws/install/quadruped/share/quadruped/cmake/quadruped__rosidl_typesupport_introspection_cExport-noconfig.cmake
[4.443s] -- Up-to-date: /home/ws/install/quadruped/share/quadruped/cmake/quadruped__rosidl_typesupport_cExport.cmake
[4.443s] -- Up-to-date: /home/ws/install/quadruped/share/quadruped/cmake/quadruped__rosidl_typesupport_cExport-noconfig.cmake
[4.443s] -- Up-to-date: /home/ws/install/quadruped/share/quadruped/cmake/quadruped__rosidl_typesupport_introspection_cppExport.cmake
[4.443s] -- Up-to-date: /home/ws/install/quadruped/share/quadruped/cmake/quadruped__rosidl_typesupport_introspection_cppExport-noconfig.cmake
[4.443s] -- Up-to-date: /home/ws/install/quadruped/share/quadruped/cmake/quadruped__rosidl_typesupport_cppExport.cmake
[4.443s] -- Up-to-date: /home/ws/install/quadruped/share/quadruped/cmake/quadruped__rosidl_typesupport_cppExport-noconfig.cmake
[4.443s] -- Up-to-date: /home/ws/install/quadruped/share/quadruped/cmake/export_quadruped__rosidl_generator_pyExport.cmake
[4.443s] -- Up-to-date: /home/ws/install/quadruped/share/quadruped/cmake/export_quadruped__rosidl_generator_pyExport-noconfig.cmake
[4.443s] -- Up-to-date: /home/ws/install/quadruped/share/quadruped/cmake/quadruped_targetsExport.cmake
[4.443s] -- Up-to-date: /home/ws/install/quadruped/share/quadruped/cmake/quadruped_targetsExport-noconfig.cmake
[4.445s] Invoked command in '/home/ws/build/quadruped' returned '0': CMAKE_PREFIX_PATH=${CMAKE_PREFIX_PATH}:/opt/ros/jazzy /usr/bin/cmake --install /home/ws/build/quadruped
