[1.455s] Invoking command in '/home/ws/build/quadruped_simulation': PYTHONPATH=/home/ws/build/quadruped_simulation/prefix_override:/usr/lib/python3/dist-packages/colcon_core/task/python/colcon_distutils_commands:/home/ws/install/quadruped_simulation/lib/python3.12/site-packages:${PYTHONPATH} /usr/bin/python3 -W ignore:setup.py install is deprecated setup.py develop --editable --build-directory /home/ws/build/quadruped_simulation/build --no-deps symlink_data
[1.833s] running develop
[1.836s] /usr/lib/python3/dist-packages/setuptools/command/develop.py:40: EasyInstallDeprecationWarning: easy_install command is deprecated.
[1.836s] !!
[1.836s] 
[1.836s]         ********************************************************************************
[1.836s]         Please avoid running ``setup.py`` and ``easy_install``.
[1.837s]         Instead, use pypa/build, pypa/installer or other
[1.837s]         standards-based tools.
[1.837s] 
[1.837s]         See https://github.com/pypa/setuptools/issues/917 for details.
[1.837s]         ********************************************************************************
[1.838s] 
[1.838s] !!
[1.838s]   easy_install.initialize_options(self)
[1.999s] running egg_info
[1.999s] creating quadruped_simulation.egg-info
[2.016s] writing quadruped_simulation.egg-info/PKG-INFO
[2.017s] writing dependency_links to quadruped_simulation.egg-info/dependency_links.txt
[2.017s] writing requirements to quadruped_simulation.egg-info/requires.txt
[2.018s] writing top-level names to quadruped_simulation.egg-info/top_level.txt
[2.018s] writing manifest file 'quadruped_simulation.egg-info/SOURCES.txt'
[2.049s] reading manifest file 'quadruped_simulation.egg-info/SOURCES.txt'
[2.049s] writing manifest file 'quadruped_simulation.egg-info/SOURCES.txt'
[2.067s] running build_ext
[2.067s] Creating /home/ws/install/quadruped_simulation/lib/python3.12/site-packages/quadruped-simulation.egg-link (link to .)
[2.068s] 
[2.068s] Installed /home/ws/build/quadruped_simulation
[2.068s] running symlink_data
[2.069s] creating /home/ws/install/quadruped_simulation/share/ament_index
[2.069s] creating /home/ws/install/quadruped_simulation/share/ament_index/resource_index
[2.069s] creating /home/ws/install/quadruped_simulation/share/ament_index/resource_index/packages
[2.069s] symbolically linking /home/ws/build/quadruped_simulation/resource/quadruped_simulation -> /home/ws/install/quadruped_simulation/share/ament_index/resource_index/packages
[2.070s] symbolically linking /home/ws/build/quadruped_simulation/package.xml -> /home/ws/install/quadruped_simulation/share/quadruped_simulation
[2.107s] Invoked command in '/home/ws/build/quadruped_simulation' returned '0': PYTHONPATH=/home/ws/build/quadruped_simulation/prefix_override:/usr/lib/python3/dist-packages/colcon_core/task/python/colcon_distutils_commands:/home/ws/install/quadruped_simulation/lib/python3.12/site-packages:${PYTHONPATH} /usr/bin/python3 -W ignore:setup.py install is deprecated setup.py develop --editable --build-directory /home/ws/build/quadruped_simulation/build --no-deps symlink_data
