[0.020s] Invoking command in '/home/ws/build/quadruped': CMAKE_PREFIX_PATH=${CMAKE_PREFIX_PATH}:/opt/ros/jazzy /usr/bin/cmake --build /home/ws/build/quadruped -- -j20 -l20
[0.131s] -- Found ament_cmake: 2.5.2 (/opt/ros/jazzy/share/ament_cmake/cmake)
[0.156s] -- Found Python3: /usr/bin/python3 (found version "3.12.3") found components: Interpreter 
[0.214s] -- Override CMake install command with custom implementation using symlinks instead of copying resources
[0.230s] -- Found rclcpp: 28.1.5 (/opt/ros/jazzy/share/rclcpp/cmake)
[0.267s] -- Found rosidl_generator_c: 4.6.4 (/opt/ros/jazzy/share/rosidl_generator_c/cmake)
[0.275s] -- Found rosidl_generator_cpp: 4.6.4 (/opt/ros/jazzy/share/rosidl_generator_cpp/cmake)
[0.285s] -- Using all available rosidl_typesupport_c: rosidl_typesupport_fastrtps_c;rosidl_typesupport_introspection_c
[0.297s] -- Using all available rosidl_typesupport_cpp: rosidl_typesupport_fastrtps_cpp;rosidl_typesupport_introspection_cpp
[0.351s] -- Found rmw_implementation_cmake: 7.3.1 (/opt/ros/jazzy/share/rmw_implementation_cmake/cmake)
[0.353s] -- Found rmw_fastrtps_cpp: 8.4.1 (/opt/ros/jazzy/share/rmw_fastrtps_cpp/cmake)
[0.414s] -- Using RMW implementation 'rmw_fastrtps_cpp' as default
[0.476s] -- Found hardware_interface: 4.18.0 (/opt/ros/jazzy/share/hardware_interface/cmake)
[0.673s] -- Found controller_manager: 4.18.0 (/opt/ros/jazzy/share/controller_manager/cmake)
[0.729s] -- Found ros2_control: 4.18.0 (/opt/ros/jazzy/share/ros2_control/cmake)
[0.730s] -- Found ros_gz_sim: 1.0.5 (/opt/ros/jazzy/share/ros_gz_sim/cmake)
[0.732s] -- Looking for gz-sim8 -- found version 8.6.0
[0.740s] -- Searching for dependencies of gz-sim8
[0.741s] -- Looking for sdformat14 -- found version 14.5.0
[0.741s] -- Searching for dependencies of sdformat14
[0.746s] -- Checking for module 'tinyxml2'
[0.766s] --   Found tinyxml2, version 10.0.0
[0.802s] -- Looking for gz-math7 -- found version 7.5.0
[0.802s] -- Searching for dependencies of gz-math7
[0.803s] -- Looking for gz-utils2 -- found version 2.2.0
[0.803s] -- Searching for dependencies of gz-utils2
[0.807s] -- Looking for gz-utils2 -- found version 2.2.0
[0.807s] -- Searching for dependencies of gz-utils2
[0.807s] -- Searching for <gz-utils2> component [cli]
[0.808s] -- Looking for gz-utils2-cli -- found version 2.2.0
[0.808s] -- Searching for dependencies of gz-utils2-cli
[0.810s] -- Looking for gz-plugin2 -- found version 2.0.3
[0.810s] -- Searching for dependencies of gz-plugin2
[0.811s] -- Looking for gz-utils2 -- found version 2.2.0
[0.812s] -- Searching for <gz-plugin2> component [loader]
[0.813s] -- Looking for gz-plugin2-loader -- found version 2.0.3
[0.813s] -- Searching for dependencies of gz-plugin2-loader
[0.814s] -- Searching for <gz-plugin2> component [register]
[0.814s] -- Looking for gz-plugin2-register -- found version 2.0.3
[0.814s] -- Searching for dependencies of gz-plugin2-register
[0.816s] -- Looking for gz-transport13 -- found version 13.4.0
[0.816s] -- Searching for dependencies of gz-transport13
[0.857s] -- Config-file not installed for ZeroMQ -- checking for pkg-config
[0.862s] -- Checking for module 'libzmq >= 4'
[0.887s] --   Found libzmq, version 4.3.5
[1.033s] -- Checking for module 'uuid'
[1.077s] --   Found uuid, version 2.39.3
[1.191s] -- Looking for gz-utils2 -- found version 2.2.0
[1.195s] -- Looking for gz-msgs10 -- found version 10.3.0
[1.195s] -- Searching for dependencies of gz-msgs10
[1.225s] -- Looking for gz-utils2 -- found version 2.2.0
[1.225s] -- Looking for gz-math7 -- found version 7.5.0
[1.287s] -- Searching for <gz-transport13> component [log]
[1.287s] -- Looking for gz-transport13-log -- found version 13.4.0
[1.287s] -- Searching for dependencies of gz-transport13-log
[1.288s] -- Searching for <gz-transport13> component [parameters]
[1.288s] -- Looking for gz-transport13-parameters -- found version 13.4.0
[1.288s] -- Searching for dependencies of gz-transport13-parameters
[1.289s] -- Looking for gz-msgs10 -- found version 10.3.0
[1.289s] -- Looking for gz-common5 -- found version 5.6.0
[1.290s] -- Searching for dependencies of gz-common5
[1.290s] -- Looking for gz-utils2 -- found version 2.2.0
[1.290s] -- Looking for dlfcn.h - found
[1.290s] -- Looking for libdl - found
[1.299s] -- Searching for <gz-common5> component [av]
[1.300s] -- Looking for gz-common5-av -- found version 5.6.0
[1.300s] -- Searching for dependencies of gz-common5-av
[1.305s] -- Checking for module 'libswscale'
[1.334s] --   Found libswscale, version 7.5.100
[1.403s] -- Checking for module 'libavdevice >= 56.4.100'
[1.431s] --   Found libavdevice, version 60.3.100
[1.521s] -- Checking for module 'libavformat'
[1.549s] --   Found libavformat, version 60.16.100
[1.628s] -- Checking for module 'libavcodec'
[1.655s] --   Found libavcodec, version 60.31.102
[1.733s] -- Checking for module 'libavutil'
[1.758s] --   Found libavutil, version 58.29.100
[1.818s] -- Searching for <gz-common5> component [events]
[1.820s] -- Looking for gz-common5-events -- found version 5.6.0
[1.820s] -- Searching for dependencies of gz-common5-events
[1.821s] -- Looking for gz-math7 -- found version 7.5.0
[1.822s] -- Searching for <gz-common5> component [graphics]
[1.824s] -- Looking for gz-common5-graphics -- found version 5.6.0
[1.824s] -- Searching for dependencies of gz-common5-graphics
[1.825s] -- Looking for gz-math7 -- found version 7.5.0
[1.831s] -- Searching for <gz-common5> component [io]
[1.833s] -- Looking for gz-common5-io -- found version 5.6.0
[1.833s] -- Searching for dependencies of gz-common5-io
[1.834s] -- Searching for <gz-common5> component [profiler]
[1.835s] -- Looking for gz-common5-profiler -- found version 5.6.0
[1.835s] -- Searching for dependencies of gz-common5-profiler
[1.837s] -- Looking for gz-fuel_tools9 -- found version 9.1.0
[1.838s] -- Searching for dependencies of gz-fuel_tools9
[1.892s] -- Checking for module 'jsoncpp'
[1.913s] --   Found jsoncpp, version 1.9.5
[1.992s] -- Checking for module 'yaml-0.1'
[2.013s] --   Found yaml-0.1, version 0.2.5
[2.085s] -- Checking for module 'libzip'
[2.117s] --   Found libzip, version 1.7.3
[2.223s] -- Looking for gz-utils2 -- found version 2.2.0
[2.225s] -- Looking for gz-common5 -- found version 5.6.0
[2.225s] -- Searching for dependencies of gz-common5
[2.227s] -- Looking for gz-utils2 -- found version 2.2.0
[2.228s] -- Looking for dlfcn.h - found
[2.229s] -- Looking for libdl - found
[2.257s] -- Searching for <gz-common5> component [testing]
[2.262s] -- Looking for gz-common5-testing -- found version 5.6.0
[2.262s] -- Searching for dependencies of gz-common5-testing
[2.266s] -- Looking for gz-math7 -- found version 7.5.0
[2.268s] -- Looking for gz-msgs10 -- found version 10.3.0
[2.270s] -- Looking for gz-gui8 -- found version 8.3.0
[2.270s] -- Searching for dependencies of gz-gui8
[2.297s] -- Looking for gz-utils2 -- found version 2.2.0
[2.297s] -- Looking for gz-math7 -- found version 7.5.0
[2.297s] -- Looking for gz-common5 -- found version 5.6.0
[2.297s] -- Looking for gz-plugin2 -- found version 2.0.3
[2.298s] -- Looking for gz-transport13 -- found version 13.4.0
[2.298s] -- Looking for gz-rendering8 -- found version 8.2.0
[2.298s] -- Searching for dependencies of gz-rendering8
[2.299s] -- Looking for gz-math7 -- found version 7.5.0
[2.299s] -- Searching for dependencies of gz-math7
[2.299s] -- Looking for gz-utils2 -- found version 2.2.0
[2.299s] -- Searching for <gz-math7> component [eigen3]
[2.300s] -- Looking for gz-math7-eigen3 -- found version 7.5.0
[2.300s] -- Searching for dependencies of gz-math7-eigen3
[2.302s] -- Looking for gz-common5 -- found version 5.6.0
[2.302s] -- Searching for dependencies of gz-common5
[2.302s] -- Looking for gz-utils2 -- found version 2.2.0
[2.302s] -- Looking for dlfcn.h - found
[2.302s] -- Looking for libdl - found
[2.310s] -- Searching for <gz-common5> component [graphics]
[2.310s] -- Searching for <gz-common5> component [events]
[2.310s] -- Searching for <gz-common5> component [geospatial]
[2.310s] -- Looking for gz-common5-geospatial -- found version 5.6.0
[2.311s] -- Searching for dependencies of gz-common5-geospatial
[2.311s] -- Looking for gz-math7 -- found version 7.5.0
[2.311s] -- Looking for gz-common5 -- found version 5.6.0
[2.312s] -- Looking for gz-plugin2 -- found version 2.0.3
[2.312s] -- Searching for dependencies of gz-plugin2
[2.312s] -- Looking for gz-utils2 -- found version 2.2.0
[2.313s] -- Searching for <gz-plugin2> component [all]
[2.313s] -- Looking for all libraries of gz-plugin2 -- found version 2.0.3
[2.314s] -- Looking for gz-plugin2 -- found version 2.0.3
[2.315s] -- Looking for gz-utils2 -- found version 2.2.0
[2.321s] -- Looking for gz-msgs10 -- found version 10.3.0
[2.339s] -- Looking for gz-physics7 -- found version 7.3.0
[2.339s] -- Searching for dependencies of gz-physics7
[2.339s] -- Looking for gz-common5 -- found version 5.6.0
[2.340s] -- Looking for gz-math7 -- found version 7.5.0
[2.340s] -- Looking for gz-plugin2 -- found version 2.0.3
[2.340s] -- Looking for gz-utils2 -- found version 2.2.0
[2.341s] -- Searching for <gz-physics7> component [heightmap]
[2.342s] -- Looking for gz-physics7-heightmap -- found version 7.3.0
[2.342s] -- Searching for dependencies of gz-physics7-heightmap
[2.342s] -- Looking for gz-common5 -- found version 5.6.0
[2.343s] -- Searching for <gz-physics7> component [mesh]
[2.343s] -- Looking for gz-physics7-mesh -- found version 7.3.0
[2.343s] -- Searching for dependencies of gz-physics7-mesh
[2.344s] -- Looking for gz-common5 -- found version 5.6.0
[2.344s] -- Searching for <gz-physics7> component [sdf]
[2.345s] -- Looking for gz-physics7-sdf -- found version 7.3.0
[2.345s] -- Searching for dependencies of gz-physics7-sdf
[2.346s] -- Looking for sdformat14 -- found version 14.5.0
[2.347s] -- Looking for gz-sensors8 -- found version 8.2.0
[2.347s] -- Searching for dependencies of gz-sensors8
[2.363s] -- Looking for gz-math7 -- found version 7.5.0
[2.363s] -- Looking for gz-common5 -- found version 5.6.0
[2.364s] -- Looking for gz-transport13 -- found version 13.4.0
[2.364s] -- Looking for gz-rendering8 -- found version 8.2.0
[2.364s] -- Looking for gz-msgs10 -- found version 10.3.0
[2.365s] -- Looking for sdformat14 -- found version 14.5.0
[2.366s] -- Searching for <gz-sensors8> component [air_pressure]
[2.366s] -- Looking for gz-sensors8-air_pressure -- found version 8.2.0
[2.366s] -- Searching for dependencies of gz-sensors8-air_pressure
[2.367s] -- Searching for <gz-sensors8> component [air_speed]
[2.367s] -- Looking for gz-sensors8-air_speed -- found version 8.2.0
[2.367s] -- Searching for dependencies of gz-sensors8-air_speed
[2.368s] -- Searching for <gz-sensors8> component [altimeter]
[2.368s] -- Looking for gz-sensors8-altimeter -- found version 8.2.0
[2.368s] -- Searching for dependencies of gz-sensors8-altimeter
[2.369s] -- Searching for <gz-sensors8> component [imu]
[2.369s] -- Looking for gz-sensors8-imu -- found version 8.2.0
[2.369s] -- Searching for dependencies of gz-sensors8-imu
[2.370s] -- Searching for <gz-sensors8> component [force_torque]
[2.370s] -- Looking for gz-sensors8-force_torque -- found version 8.2.0
[2.370s] -- Searching for dependencies of gz-sensors8-force_torque
[2.371s] -- Searching for <gz-sensors8> component [logical_camera]
[2.371s] -- Looking for gz-sensors8-logical_camera -- found version 8.2.0
[2.371s] -- Searching for dependencies of gz-sensors8-logical_camera
[2.372s] -- Searching for <gz-sensors8> component [magnetometer]
[2.372s] -- Looking for gz-sensors8-magnetometer -- found version 8.2.0
[2.372s] -- Searching for dependencies of gz-sensors8-magnetometer
[2.373s] -- Searching for <gz-sensors8> component [navsat]
[2.373s] -- Looking for gz-sensors8-navsat -- found version 8.2.0
[2.374s] -- Searching for dependencies of gz-sensors8-navsat
[2.374s] -- Searching for <gz-sensors8> component [dvl]
[2.375s] -- Looking for gz-sensors8-dvl -- found version 8.2.0
[2.375s] -- Searching for dependencies of gz-sensors8-dvl
[2.375s] -- Looking for gz-sensors8 -- found version 8.2.0
[2.375s] -- Searching for dependencies of gz-sensors8
[2.399s] -- Looking for gz-math7 -- found version 7.5.0
[2.400s] -- Looking for gz-common5 -- found version 5.6.0
[2.400s] -- Looking for gz-transport13 -- found version 13.4.0
[2.400s] -- Looking for gz-rendering8 -- found version 8.2.0
[2.401s] -- Looking for gz-msgs10 -- found version 10.3.0
[2.401s] -- Looking for sdformat14 -- found version 14.5.0
[2.401s] -- Searching for <gz-sensors8> component [rendering]
[2.402s] -- Looking for gz-sensors8-rendering -- found version 8.2.0
[2.402s] -- Searching for dependencies of gz-sensors8-rendering
[2.404s] -- Searching for <gz-sensors8> component [rendering]
[2.404s] -- Searching for <gz-sensors8> component [lidar]
[2.406s] -- Looking for gz-sensors8-lidar -- found version 8.2.0
[2.406s] -- Searching for dependencies of gz-sensors8-lidar
[2.406s] -- Looking for gz-sensors8 -- found version 8.2.0
[2.407s] -- Searching for <gz-sensors8> component [gpu_lidar]
[2.408s] -- Looking for gz-sensors8-gpu_lidar -- found version 8.2.0
[2.408s] -- Searching for dependencies of gz-sensors8-gpu_lidar
[2.409s] -- Looking for gz-sensors8 -- found version 8.2.0
[2.410s] -- Searching for <gz-sensors8> component [camera]
[2.411s] -- Looking for gz-sensors8-camera -- found version 8.2.0
[2.411s] -- Searching for dependencies of gz-sensors8-camera
[2.411s] -- Looking for gz-sensors8 -- found version 8.2.0
[2.412s] -- Searching for <gz-sensors8> component [boundingbox_camera]
[2.413s] -- Looking for gz-sensors8-boundingbox_camera -- found version 8.2.0
[2.413s] -- Searching for dependencies of gz-sensors8-boundingbox_camera
[2.414s] -- Searching for <gz-sensors8> component [segmentation_camera]
[2.415s] -- Looking for gz-sensors8-segmentation_camera -- found version 8.2.0
[2.415s] -- Searching for dependencies of gz-sensors8-segmentation_camera
[2.416s] -- Searching for <gz-sensors8> component [depth_camera]
[2.416s] -- Looking for gz-sensors8-depth_camera -- found version 8.2.0
[2.417s] -- Searching for dependencies of gz-sensors8-depth_camera
[2.417s] -- Looking for gz-sensors8 -- found version 8.2.0
[2.418s] -- Searching for <gz-sensors8> component [rgbd_camera]
[2.419s] -- Looking for gz-sensors8-rgbd_camera -- found version 8.2.0
[2.419s] -- Searching for dependencies of gz-sensors8-rgbd_camera
[2.419s] -- Looking for gz-sensors8 -- found version 8.2.0
[2.420s] -- Searching for <gz-sensors8> component [thermal_camera]
[2.421s] -- Looking for gz-sensors8-thermal_camera -- found version 8.2.0
[2.421s] -- Searching for dependencies of gz-sensors8-thermal_camera
[2.422s] -- Looking for gz-sensors8 -- found version 8.2.0
[2.423s] -- Searching for <gz-sensors8> component [wide_angle_camera]
[2.424s] -- Looking for gz-sensors8-wide_angle_camera -- found version 8.2.0
[2.424s] -- Searching for dependencies of gz-sensors8-wide_angle_camera
[2.426s] -- Looking for gz-rendering8 -- found version 8.2.0
[2.426s] -- Looking for gz-math7 -- found version 7.5.0
[2.427s] -- Looking for gz-utils2 -- found version 2.2.0
[2.445s] -- Looking for gz-plugin2 -- found version 2.0.3
[2.445s] -- Found rosidl_default_generators: 1.6.0 (/opt/ros/jazzy/share/rosidl_default_generators/cmake)
[2.453s] -- Found rosidl_adapter: 4.6.4 (/opt/ros/jazzy/share/rosidl_adapter/cmake)
[2.688s] -- Found ament_cmake_ros: 0.12.0 (/opt/ros/jazzy/share/ament_cmake_ros/cmake)
[2.848s] -- Using all available rosidl_typesupport_c: rosidl_typesupport_fastrtps_c;rosidl_typesupport_introspection_c
[2.926s] -- Using all available rosidl_typesupport_cpp: rosidl_typesupport_fastrtps_cpp;rosidl_typesupport_introspection_cpp
[2.927s] -- Found python_cmake_module: 0.11.1 (/opt/ros/jazzy/share/python_cmake_module/cmake)
[3.151s] -- Found Python3: /usr/bin/python3 (found version "3.12.3") found components: Interpreter Development NumPy Development.Module Development.Embed 
[3.171s] -- Configuring done (3.1s)
[3.201s] -- Generating done (0.0s)
[3.204s] -- Build files have been written to: /home/ws/build/quadruped
[3.258s] [  2%] [34m[1mGenerating type hashes for ROS interfaces[0m
[3.272s] [  2%] Built target ament_cmake_python_symlink_quadruped
[3.406s] running egg_info
[3.415s] writing quadruped.egg-info/PKG-INFO
[3.415s] writing dependency_links to quadruped.egg-info/dependency_links.txt
[3.416s] writing top-level names to quadruped.egg-info/top_level.txt
[3.443s] reading manifest file 'quadruped.egg-info/SOURCES.txt'
[3.443s] writing manifest file 'quadruped.egg-info/SOURCES.txt'
[3.450s] [  2%] Built target quadruped__rosidl_generator_type_description
[3.462s] [  5%] [34m[1mGenerating C code for ROS interfaces[0m
[3.468s] [  5%] Built target ament_cmake_python_build_quadruped_egg
[3.472s] [  8%] [34m[1mGenerating C++ code for ROS interfaces[0m
[3.692s] [  8%] Built target quadruped__cpp
[3.711s] [ 11%] [32mBuilding C object CMakeFiles/quadruped__rosidl_generator_c.dir/rosidl_generator_c/quadruped/msg/detail/leg_command__type_support.c.o[0m
[3.713s] [ 14%] [32mBuilding C object CMakeFiles/quadruped__rosidl_generator_c.dir/rosidl_generator_c/quadruped/msg/detail/leg_command__description.c.o[0m
[3.714s] [ 17%] [32mBuilding C object CMakeFiles/quadruped__rosidl_generator_c.dir/rosidl_generator_c/quadruped/msg/detail/leg_command__functions.c.o[0m
[3.793s] [ 20%] [32m[1mLinking C shared library libquadruped__rosidl_generator_c.so[0m
[3.844s] [ 20%] Built target quadruped__rosidl_generator_c
[3.858s] [ 23%] [34m[1mGenerating C introspection for ROS interfaces[0m
[3.858s] [ 26%] [34m[1mGenerating C type support for eProsima Fast-RTPS[0m
[3.859s] [ 29%] [34m[1mGenerating C type support dispatch for ROS interfaces[0m
[3.861s] [ 32%] [34m[1mGenerating C++ type support dispatch for ROS interfaces[0m
[3.861s] [ 35%] [34m[1mGenerating C++ introspection for ROS interfaces[0m
[3.861s] [ 38%] [34m[1mGenerating C++ type support for eProsima Fast-RTPS[0m
[4.072s] [ 41%] [32mBuilding CXX object CMakeFiles/quadruped__rosidl_typesupport_c.dir/rosidl_typesupport_c/quadruped/msg/leg_command__type_support.cpp.o[0m
[4.087s] [ 44%] [32mBuilding CXX object CMakeFiles/quadruped__rosidl_typesupport_cpp.dir/rosidl_typesupport_cpp/quadruped/msg/leg_command__type_support.cpp.o[0m
[4.096s] [ 47%] [32mBuilding CXX object CMakeFiles/quadruped__rosidl_typesupport_fastrtps_c.dir/rosidl_typesupport_fastrtps_c/quadruped/msg/detail/leg_command__type_support_c.cpp.o[0m
[4.105s] [ 50%] [32mBuilding C object CMakeFiles/quadruped__rosidl_typesupport_introspection_c.dir/rosidl_typesupport_introspection_c/quadruped/msg/detail/leg_command__type_support.c.o[0m
[4.105s] [ 52%] [32mBuilding CXX object CMakeFiles/quadruped__rosidl_typesupport_introspection_cpp.dir/rosidl_typesupport_introspection_cpp/quadruped/msg/detail/leg_command__type_support.cpp.o[0m
[4.111s] [ 55%] [32mBuilding CXX object CMakeFiles/quadruped__rosidl_typesupport_fastrtps_cpp.dir/rosidl_typesupport_fastrtps_cpp/quadruped/msg/detail/dds_fastrtps/leg_command__type_support.cpp.o[0m
[4.142s] [ 58%] [32m[1mLinking CXX shared library libquadruped__rosidl_typesupport_c.so[0m
[4.152s] [ 61%] [32m[1mLinking C shared library libquadruped__rosidl_typesupport_introspection_c.so[0m
[4.183s] [ 61%] Built target quadruped__rosidl_typesupport_c
[4.186s] [ 61%] Built target quadruped__rosidl_typesupport_introspection_c
[4.417s] [ 64%] [32m[1mLinking CXX shared library libquadruped__rosidl_typesupport_introspection_cpp.so[0m
[4.514s] [ 67%] [32m[1mLinking CXX shared library libquadruped__rosidl_typesupport_cpp.so[0m
[4.527s] [ 67%] Built target quadruped__rosidl_typesupport_introspection_cpp
[4.530s] [ 70%] [32m[1mLinking CXX shared library libquadruped__rosidl_typesupport_fastrtps_c.so[0m
[4.538s] [ 73%] [32m[1mLinking CXX shared library libquadruped__rosidl_typesupport_fastrtps_cpp.so[0m
[4.563s] [ 73%] Built target quadruped__rosidl_typesupport_cpp
[4.603s] [ 73%] Built target quadruped__rosidl_typesupport_fastrtps_c
[4.612s] [ 73%] Built target quadruped__rosidl_typesupport_fastrtps_cpp
[4.643s] [ 73%] Built target quadruped
[4.666s] [ 76%] [34m[1mGenerating Python code for ROS interfaces[0m
[4.987s] [ 76%] Built target quadruped__py
[5.023s] [ 79%] [32mBuilding C object CMakeFiles/quadruped__rosidl_generator_py.dir/rosidl_generator_py/quadruped/msg/_leg_command_s.c.o[0m
[5.207s] [ 82%] [32m[1mLinking C shared library libquadruped__rosidl_generator_py.so[0m
[5.245s] [ 82%] Built target quadruped__rosidl_generator_py
[5.271s] [ 85%] [32mBuilding C object CMakeFiles/quadruped_s__rosidl_typesupport_introspection_c.dir/rosidl_generator_py/quadruped/_quadruped_s.ep.rosidl_typesupport_introspection_c.c.o[0m
[5.272s] [ 88%] [32mBuilding C object CMakeFiles/quadruped_s__rosidl_typesupport_fastrtps_c.dir/rosidl_generator_py/quadruped/_quadruped_s.ep.rosidl_typesupport_fastrtps_c.c.o[0m
[5.275s] [ 91%] [32mBuilding C object CMakeFiles/quadruped_s__rosidl_typesupport_c.dir/rosidl_generator_py/quadruped/_quadruped_s.ep.rosidl_typesupport_c.c.o[0m
[5.349s] [ 94%] [32m[1mLinking C shared module rosidl_generator_py/quadruped/quadruped_s__rosidl_typesupport_introspection_c.so[0m
[5.355s] [ 97%] [32m[1mLinking C shared module rosidl_generator_py/quadruped/quadruped_s__rosidl_typesupport_fastrtps_c.so[0m
[5.355s] [100%] [32m[1mLinking C shared module rosidl_generator_py/quadruped/quadruped_s__rosidl_typesupport_c.so[0m
[5.382s] [100%] Built target quadruped_s__rosidl_typesupport_introspection_c
[5.385s] [100%] Built target quadruped_s__rosidl_typesupport_fastrtps_c
[5.385s] [100%] Built target quadruped_s__rosidl_typesupport_c
[5.396s] Invoked command in '/home/ws/build/quadruped' returned '0': CMAKE_PREFIX_PATH=${CMAKE_PREFIX_PATH}:/opt/ros/jazzy /usr/bin/cmake --build /home/ws/build/quadruped -- -j20 -l20
[5.472s] Invoking command in '/home/ws/build/quadruped': CMAKE_PREFIX_PATH=${CMAKE_PREFIX_PATH}:/opt/ros/jazzy /usr/bin/cmake --install /home/ws/build/quadruped
[5.478s] -- Install configuration: ""
[5.478s] -- Execute custom install script
[5.478s] -- Up-to-date symlink: /home/ws/install/quadruped/share/ament_index/resource_index/rosidl_interfaces/quadruped
[5.478s] -- Up-to-date symlink: /home/ws/install/quadruped/share/quadruped/msg/LegCommand.json
[5.479s] -- Up-to-date symlink: /home/ws/install/quadruped/include/quadruped/quadruped/msg/detail/leg_command__functions.h
[5.479s] -- Up-to-date symlink: /home/ws/install/quadruped/include/quadruped/quadruped/msg/detail/leg_command__struct.h
[5.479s] -- Up-to-date symlink: /home/ws/install/quadruped/include/quadruped/quadruped/msg/detail/leg_command__type_support.h
[5.479s] -- Up-to-date symlink: /home/ws/install/quadruped/include/quadruped/quadruped/msg/leg_command.h
[5.479s] -- Up-to-date symlink: /home/ws/install/quadruped/include/quadruped/quadruped/msg/rosidl_generator_c__visibility_control.h
[5.479s] -- Up-to-date symlink: /home/ws/install/quadruped/share/quadruped/environment/library_path.sh
[5.479s] -- Up-to-date symlink: /home/ws/install/quadruped/share/quadruped/environment/library_path.dsv
[5.479s] -- Up-to-date symlink: /home/ws/install/quadruped/include/quadruped/quadruped/msg/detail/leg_command__rosidl_typesupport_fastrtps_c.h
[5.480s] -- Up-to-date symlink: /home/ws/install/quadruped/include/quadruped/quadruped/msg/rosidl_typesupport_fastrtps_c__visibility_control.h
[5.480s] -- Up-to-date symlink: /home/ws/install/quadruped/include/quadruped/quadruped/msg/detail/leg_command__builder.hpp
[5.480s] -- Up-to-date symlink: /home/ws/install/quadruped/include/quadruped/quadruped/msg/detail/leg_command__struct.hpp
[5.480s] -- Up-to-date symlink: /home/ws/install/quadruped/include/quadruped/quadruped/msg/detail/leg_command__traits.hpp
[5.480s] -- Up-to-date symlink: /home/ws/install/quadruped/include/quadruped/quadruped/msg/detail/leg_command__type_support.hpp
[5.480s] -- Up-to-date symlink: /home/ws/install/quadruped/include/quadruped/quadruped/msg/leg_command.hpp
[5.480s] -- Up-to-date symlink: /home/ws/install/quadruped/include/quadruped/quadruped/msg/rosidl_generator_cpp__visibility_control.hpp
[5.480s] -- Up-to-date symlink: /home/ws/install/quadruped/include/quadruped/quadruped/msg/detail/leg_command__rosidl_typesupport_fastrtps_cpp.hpp
[5.480s] -- Up-to-date symlink: /home/ws/install/quadruped/include/quadruped/quadruped/msg/rosidl_typesupport_fastrtps_cpp__visibility_control.h
[5.481s] -- Up-to-date symlink: /home/ws/install/quadruped/include/quadruped/quadruped/msg/detail/leg_command__rosidl_typesupport_introspection_c.h
[5.481s] -- Up-to-date symlink: /home/ws/install/quadruped/include/quadruped/quadruped/msg/rosidl_typesupport_introspection_c__visibility_control.h
[5.481s] -- Up-to-date symlink: /home/ws/install/quadruped/include/quadruped/quadruped/msg/detail/leg_command__rosidl_typesupport_introspection_cpp.hpp
[5.481s] -- Up-to-date symlink: /home/ws/install/quadruped/share/quadruped/environment/pythonpath.sh
[5.481s] -- Up-to-date symlink: /home/ws/install/quadruped/share/quadruped/environment/pythonpath.dsv
[5.481s] -- Up-to-date symlink: /home/ws/install/quadruped/lib/python3.12/site-packages/quadruped-0.0.0-py3.12.egg-info/PKG-INFO
[5.481s] -- Up-to-date symlink: /home/ws/install/quadruped/lib/python3.12/site-packages/quadruped-0.0.0-py3.12.egg-info/SOURCES.txt
[5.481s] -- Up-to-date symlink: /home/ws/install/quadruped/lib/python3.12/site-packages/quadruped-0.0.0-py3.12.egg-info/dependency_links.txt
[5.481s] -- Up-to-date symlink: /home/ws/install/quadruped/lib/python3.12/site-packages/quadruped-0.0.0-py3.12.egg-info/top_level.txt
[5.482s] -- Up-to-date symlink: /home/ws/install/quadruped/lib/python3.12/site-packages/quadruped/__init__.py
[5.482s] -- Up-to-date symlink: /home/ws/install/quadruped/lib/python3.12/site-packages/quadruped/_quadruped_s.ep.rosidl_typesupport_c.c
[5.482s] -- Up-to-date symlink: /home/ws/install/quadruped/lib/python3.12/site-packages/quadruped/_quadruped_s.ep.rosidl_typesupport_fastrtps_c.c
[5.482s] -- Up-to-date symlink: /home/ws/install/quadruped/lib/python3.12/site-packages/quadruped/_quadruped_s.ep.rosidl_typesupport_introspection_c.c
[5.482s] -- Up-to-date symlink: /home/ws/install/quadruped/lib/python3.12/site-packages/quadruped/msg/__init__.py
[5.482s] -- Up-to-date symlink: /home/ws/install/quadruped/lib/python3.12/site-packages/quadruped/msg/_leg_command.py
[5.482s] -- Up-to-date symlink: /home/ws/install/quadruped/lib/python3.12/site-packages/quadruped/msg/_leg_command_s.c
[5.482s] -- Up-to-date symlink: /home/ws/install/quadruped/lib/python3.12/site-packages/quadruped/quadruped_s__rosidl_typesupport_c.so
[5.482s] -- Up-to-date symlink: /home/ws/install/quadruped/lib/python3.12/site-packages/quadruped/quadruped_s__rosidl_typesupport_fastrtps_c.so
[5.482s] -- Up-to-date symlink: /home/ws/install/quadruped/lib/python3.12/site-packages/quadruped/quadruped_s__rosidl_typesupport_introspection_c.so
[5.482s] -- Up-to-date symlink: /home/ws/install/quadruped/lib/python3.12/site-packages/quadruped/quadruped_s__rosidl_typesupport_fastrtps_c.so
[5.482s] -- Up-to-date symlink: /home/ws/install/quadruped/lib/python3.12/site-packages/quadruped/quadruped_s__rosidl_typesupport_introspection_c.so
[5.482s] -- Up-to-date symlink: /home/ws/install/quadruped/lib/python3.12/site-packages/quadruped/quadruped_s__rosidl_typesupport_c.so
[5.482s] -- Up-to-date symlink: /home/ws/install/quadruped/share/quadruped/msg/LegCommand.idl
[5.482s] -- Up-to-date symlink: /home/ws/install/quadruped/share/quadruped/messages/LegCommand.msg
[5.482s] -- Up-to-date symlink: /home/ws/install/quadruped/lib/quadruped/LegController.py
[5.483s] [31mCMake Error at ament_cmake_symlink_install/ament_cmake_symlink_install.cmake:204 (message):
[5.483s]   ament_cmake_symlink_install_programs() can't find
[5.483s]   '/home/ws/src/quadruped/src/leg_functions.py'
[5.483s] Call Stack (most recent call first):
[5.483s]   ament_cmake_symlink_install/ament_cmake_symlink_install.cmake:371 (ament_cmake_symlink_install_programs)
[5.483s]   cmake_install.cmake:46 (include)
[5.483s] 
[5.483s] [0m
[5.483s] -- Up-to-date symlink: /home/ws/install/quadruped/lib/quadruped/GaitPatternGenerator.py
[5.483s] Invoked command in '/home/ws/build/quadruped' returned '1': CMAKE_PREFIX_PATH=${CMAKE_PREFIX_PATH}:/opt/ros/jazzy /usr/bin/cmake --install /home/ws/build/quadruped
