-- Found ament_cmake: 2.5.2 (/opt/ros/jazzy/share/ament_cmake/cmake)
-- Override CMake install command with custom implementation using symlinks instead of copying resources
-- Found rclpy: 7.1.2 (/opt/ros/jazzy/share/rclpy/cmake)
-- Found rclcpp: 28.1.5 (/opt/ros/jazzy/share/rclcpp/cmake)
-- Found rosidl_generator_c: 4.6.4 (/opt/ros/jazzy/share/rosidl_generator_c/cmake)
-- Found rosidl_generator_cpp: 4.6.4 (/opt/ros/jazzy/share/rosidl_generator_cpp/cmake)
-- Using all available rosidl_typesupport_c: rosidl_typesupport_fastrtps_c;rosidl_typesupport_introspection_c
-- Using all available rosidl_typesupport_cpp: rosidl_typesupport_fastrtps_cpp;rosidl_typesupport_introspection_cpp
-- Found rmw_implementation_cmake: 7.3.1 (/opt/ros/jazzy/share/rmw_implementation_cmake/cmake)
-- Found rmw_fastrtps_cpp: 8.4.1 (/opt/ros/jazzy/share/rmw_fastrtps_cpp/cmake)
-- Using RMW implementation 'rmw_fastrtps_cpp' as default
-- Found hardware_interface: 4.17.0 (/opt/ros/jazzy/share/hardware_interface/cmake)
-- Found controller_manager: 4.17.0 (/opt/ros/jazzy/share/controller_manager/cmake)
-- Found ros2_control: 4.17.0 (/opt/ros/jazzy/share/ros2_control/cmake)
-- Found rviz2: 14.1.5 (/opt/ros/jazzy/share/rviz2/cmake)
-- Configuring done (0.8s)
-- Generating done (0.0s)
-- Build files have been written to: /home/ws/src/quadruped/build/quadruped
[ 50%] [32mBuilding CXX object CMakeFiles/quadruped.dir/src/MujocoHardwareInterface.cpp.o[0m
[100%] [32m[1mLinking CXX shared library libquadruped.so[0m
[100%] Built target quadruped
-- Install configuration: ""
-- Execute custom install script
-- Up-to-date symlink: /home/ws/src/quadruped/install/quadruped/lib//template_node.py
-- Symlinking: /home/ws/src/quadruped/install/quadruped/share/quadruped/launch/gazebo_sim.launch.py
-- Up-to-date symlink: /home/ws/src/quadruped/install/quadruped/share/quadruped/launch/mujoco_sim.launch.py
-- Symlinking: /home/ws/src/quadruped/install/quadruped/share/quadruped/config/quadruped.rviz
-- Up-to-date symlink: /home/ws/src/quadruped/install/quadruped/share/quadruped/config/quadruped_controllers.yaml
-- Up-to-date symlink: /home/ws/src/quadruped/install/quadruped/share/quadruped/urdf/Quadruped MJB.mjb
-- Up-to-date symlink: /home/ws/src/quadruped/install/quadruped/share/quadruped/urdf/QuadrupedURDF.urdf.xacro
-- Symlinking: /home/ws/src/quadruped/install/quadruped/share/quadruped/urdf/QuadrupedURDFmujoco.urdf.xacro
-- Up-to-date symlink: /home/ws/src/quadruped/install/quadruped/share/quadruped/urdf/meshes/Body.STL
-- Up-to-date symlink: /home/ws/src/quadruped/install/quadruped/share/quadruped/urdf/meshes/Body_bin.STL
-- Up-to-date symlink: /home/ws/src/quadruped/install/quadruped/share/quadruped/urdf/meshes/Front Left Shin.STL
-- Up-to-date symlink: /home/ws/src/quadruped/install/quadruped/share/quadruped/urdf/meshes/Front Left Thigh.STL
-- Up-to-date symlink: /home/ws/src/quadruped/install/quadruped/share/quadruped/urdf/meshes/Front Right Shin.STL
-- Up-to-date symlink: /home/ws/src/quadruped/install/quadruped/share/quadruped/urdf/meshes/Front Right Thigh.STL
-- Up-to-date symlink: /home/ws/src/quadruped/install/quadruped/share/quadruped/urdf/meshes/Rear Left Shin.STL
-- Up-to-date symlink: /home/ws/src/quadruped/install/quadruped/share/quadruped/urdf/meshes/Rear Left Thigh.STL
-- Up-to-date symlink: /home/ws/src/quadruped/install/quadruped/share/quadruped/urdf/meshes/Rear Right Shin.STL
-- Up-to-date symlink: /home/ws/src/quadruped/install/quadruped/share/quadruped/urdf/meshes/Rear Right Thigh.STL
-- Up-to-date symlink: /home/ws/src/quadruped/install/quadruped/share/quadruped/urdf/mjb_maker.py
-- Up-to-date symlink: /home/ws/src/quadruped/install/quadruped/lib/libquadruped.so
-- Up-to-date symlink: /home/ws/src/quadruped/install/quadruped/include//quadruped/MujocoHardwareInterface.hpp
-- Up-to-date symlink: /home/ws/src/quadruped/install/quadruped/share/quadruped//MujocoHardwareInterface.xml
-- Up-to-date symlink: /home/ws/src/quadruped/install/quadruped/share/ament_index/resource_index/package_run_dependencies/quadruped
-- Up-to-date symlink: /home/ws/src/quadruped/install/quadruped/share/ament_index/resource_index/parent_prefix_path/quadruped
-- Up-to-date symlink: /home/ws/src/quadruped/install/quadruped/share/quadruped/environment/ament_prefix_path.sh
-- Up-to-date symlink: /home/ws/src/quadruped/install/quadruped/share/quadruped/environment/ament_prefix_path.dsv
-- Up-to-date symlink: /home/ws/src/quadruped/install/quadruped/share/quadruped/environment/path.sh
-- Up-to-date symlink: /home/ws/src/quadruped/install/quadruped/share/quadruped/environment/path.dsv
-- Up-to-date symlink: /home/ws/src/quadruped/install/quadruped/share/quadruped/local_setup.bash
-- Up-to-date symlink: /home/ws/src/quadruped/install/quadruped/share/quadruped/local_setup.sh
-- Up-to-date symlink: /home/ws/src/quadruped/install/quadruped/share/quadruped/local_setup.zsh
-- Up-to-date symlink: /home/ws/src/quadruped/install/quadruped/share/quadruped/local_setup.dsv
-- Symlinking: /home/ws/src/quadruped/install/quadruped/share/quadruped/package.dsv
-- Up-to-date symlink: /home/ws/src/quadruped/install/quadruped/share/ament_index/resource_index/packages/quadruped
-- Up-to-date symlink: /home/ws/src/quadruped/install/quadruped/share/ament_index/resource_index/hardware_interface__pluginlib__plugin/quadruped
-- Up-to-date symlink: /home/ws/src/quadruped/install/quadruped/share/quadruped/cmake/quadrupedConfig.cmake
-- Up-to-date symlink: /home/ws/src/quadruped/install/quadruped/share/quadruped/cmake/quadrupedConfig-version.cmake
-- Up-to-date symlink: /home/ws/src/quadruped/install/quadruped/share/quadruped/package.xml
