[  2%] Built target quadruped__rosidl_generator_type_description
[  2%] Built target ament_cmake_python_symlink_quadruped
[  5%] Built target quadruped__cpp
[ 17%] Built target quadruped__rosidl_generator_c
[ 25%] Built target quadruped__rosidl_typesupport_cpp
[ 33%] Built target quadruped__rosidl_typesupport_fastrtps_c
[ 35%] [32mBuilding CXX object CMakeFiles/quadruped_lib.dir/src/balance_controller.cpp.o[0m
[ 46%] Built target quadruped__rosidl_typesupport_introspection_c
[ 51%] Built target quadruped__rosidl_typesupport_c
[ 58%] Built target quadruped__rosidl_typesupport_introspection_cpp
[ 66%] Built target quadruped__rosidl_typesupport_fastrtps_cpp
[ 66%] Built target quadruped
[ 69%] Built target quadruped__py
[ 74%] Built target quadruped__rosidl_generator_py
[ 79%] Built target quadruped_s__rosidl_typesupport_c
[ 84%] Built target quadruped_s__rosidl_typesupport_introspection_c
[ 89%] Built target quadruped_s__rosidl_typesupport_fastrtps_c
running egg_info
writing quadruped.egg-info/PKG-INFO
writing dependency_links to quadruped.egg-info/dependency_links.txt
writing top-level names to quadruped.egg-info/top_level.txt
reading manifest file 'quadruped.egg-info/SOURCES.txt'
writing manifest file 'quadruped.egg-info/SOURCES.txt'
[ 89%] Built target ament_cmake_python_build_quadruped_egg
[01m[K/home/ws/src/quadruped/src/balance_controller.cpp:30:6:[m[K [01;31m[Kerror: [m[Kno declaration matches ‘[01m[Kvoid balance_controller::BalanceController::[01;32m[Kinit_pinocchio[m[K(const std::string&)[m[K’
   30 | void [01;31m[KBalanceController[m[K::init_pinocchio(const std::string& urdf_str)
      |      [01;31m[K^~~~~~~~~~~~~~~~~[m[K
[01m[K/home/ws/src/quadruped/src/balance_controller.cpp:30:6:[m[K [01;36m[Knote: [m[Kno functions named ‘[01m[Kvoid balance_controller::BalanceController::[01;32m[Kinit_pinocchio[m[K(const std::string&)[m[K’
In file included from [01m[K/home/ws/src/quadruped/src/balance_controller.cpp:1[m[K:
[01m[K/home/ws/src/quadruped/include/quadruped/balance_controller.hpp:20:7:[m[K [01;36m[Knote: [m[K‘[01m[Kclass balance_controller::BalanceController[m[K’ defined here
   20 | class [01;36m[KBalanceController[m[K : public controller_interface::ControllerInterface
      |       [01;36m[K^~~~~~~~~~~~~~~~~[m[K
[01m[K/home/ws/src/quadruped/src/balance_controller.cpp:[m[K In member function ‘[01m[Kvirtual CallbackReturn balance_controller::BalanceController::[01;32m[Kon_configure[m[K(const rclcpp_lifecycle::State&)[m[K’:
[01m[K/home/ws/src/quadruped/src/balance_controller.cpp:59:3:[m[K [01;31m[Kerror: [m[K‘[01m[Krobot_description_subscription_[m[K’ was not declared in this scope; did you mean ‘[01m[Krmw_destroy_subscription[m[K’?
   59 |   [01;31m[Krobot_description_subscription_[m[K = get_node()->create_subscription<std_msgs::msg::String>(
      |   [01;31m[K^~~~~~~~~~~~~~~~~~~~~~~~~~~~~~~[m[K
      |   [32m[Krmw_destroy_subscription[m[K
[01m[K/home/ws/src/quadruped/src/balance_controller.cpp:[m[K In lambda function:
[01m[K/home/ws/src/quadruped/src/balance_controller.cpp:63:7:[m[K [01;31m[Kerror: [m[K‘[01m[Kinit_pinocchio[m[K’ was not declared in this scope; did you mean ‘[01m[Kpinocchio[m[K’?
   63 |       [01;31m[Kinit_pinocchio[m[K(msg->data);
      |       [01;31m[K^~~~~~~~~~~~~~[m[K
      |       [32m[Kpinocchio[m[K
gmake[2]: *** [CMakeFiles/quadruped_lib.dir/build.make:76: CMakeFiles/quadruped_lib.dir/src/balance_controller.cpp.o] Error 1
gmake[1]: *** [CMakeFiles/Makefile2:623: CMakeFiles/quadruped_lib.dir/all] Error 2
gmake: *** [Makefile:146: all] Error 2
