[0.050s] Invoking command in '/home/ws/build/quadruped': CMAKE_PREFIX_PATH=${CMAKE_PREFIX_PATH}:/home/ws/install/quadruped_simulation:/home/ws/install/quadruped_controllers:/opt/ros/jazzy /usr/bin/cmake --build /home/ws/build/quadruped -- -j20 -l20
[0.269s] [  2%] Built target quadruped__rosidl_generator_type_description
[0.302s] [  2%] Built target ament_cmake_python_symlink_quadruped
[0.336s] [  5%] Built target quadruped__cpp
[0.345s] [ 17%] Built target quadruped__rosidl_generator_c
[0.426s] [ 25%] Built target quadruped__rosidl_typesupport_cpp
[0.428s] [ 33%] Built target quadruped__rosidl_typesupport_fastrtps_c
[0.436s] [ 35%] [32mBuilding CXX object CMakeFiles/quadruped_lib.dir/src/balance_controller.cpp.o[0m
[0.438s] [ 46%] Built target quadruped__rosidl_typesupport_introspection_c
[0.438s] [ 51%] Built target quadruped__rosidl_typesupport_c
[0.441s] [ 58%] Built target quadruped__rosidl_typesupport_introspection_cpp
[0.447s] [ 66%] Built target quadruped__rosidl_typesupport_fastrtps_cpp
[0.504s] [ 66%] Built target quadruped
[0.563s] [ 69%] Built target quadruped__py
[0.630s] [ 74%] Built target quadruped__rosidl_generator_py
[0.704s] [ 79%] Built target quadruped_s__rosidl_typesupport_c
[0.704s] [ 84%] Built target quadruped_s__rosidl_typesupport_introspection_c
[0.706s] [ 89%] Built target quadruped_s__rosidl_typesupport_fastrtps_c
[0.804s] running egg_info
[0.822s] writing quadruped.egg-info/PKG-INFO
[0.823s] writing dependency_links to quadruped.egg-info/dependency_links.txt
[0.823s] writing top-level names to quadruped.egg-info/top_level.txt
[0.871s] reading manifest file 'quadruped.egg-info/SOURCES.txt'
[0.872s] writing manifest file 'quadruped.egg-info/SOURCES.txt'
[0.931s] [ 89%] Built target ament_cmake_python_build_quadruped_egg
[9.714s] [01m[K/home/ws/src/quadruped/src/balance_controller.cpp:30:6:[m[K [01;31m[Kerror: [m[Kno declaration matches ‘[01m[Kvoid balance_controller::BalanceController::[01;32m[Kinit_pinocchio[m[K(const std::string&)[m[K’
[9.714s]    30 | void [01;31m[KBalanceController[m[K::init_pinocchio(const std::string& urdf_str)
[9.714s]       |      [01;31m[K^~~~~~~~~~~~~~~~~[m[K
[9.715s] [01m[K/home/ws/src/quadruped/src/balance_controller.cpp:30:6:[m[K [01;36m[Knote: [m[Kno functions named ‘[01m[Kvoid balance_controller::BalanceController::[01;32m[Kinit_pinocchio[m[K(const std::string&)[m[K’
[9.715s] In file included from [01m[K/home/ws/src/quadruped/src/balance_controller.cpp:1[m[K:
[9.715s] [01m[K/home/ws/src/quadruped/include/quadruped/balance_controller.hpp:20:7:[m[K [01;36m[Knote: [m[K‘[01m[Kclass balance_controller::BalanceController[m[K’ defined here
[9.715s]    20 | class [01;36m[KBalanceController[m[K : public controller_interface::ControllerInterface
[9.715s]       |       [01;36m[K^~~~~~~~~~~~~~~~~[m[K
[9.773s] [01m[K/home/ws/src/quadruped/src/balance_controller.cpp:[m[K In member function ‘[01m[Kvirtual CallbackReturn balance_controller::BalanceController::[01;32m[Kon_configure[m[K(const rclcpp_lifecycle::State&)[m[K’:
[9.773s] [01m[K/home/ws/src/quadruped/src/balance_controller.cpp:59:3:[m[K [01;31m[Kerror: [m[K‘[01m[Krobot_description_subscription_[m[K’ was not declared in this scope; did you mean ‘[01m[Krmw_destroy_subscription[m[K’?
[9.773s]    59 |   [01;31m[Krobot_description_subscription_[m[K = get_node()->create_subscription<std_msgs::msg::String>(
[9.773s]       |   [01;31m[K^~~~~~~~~~~~~~~~~~~~~~~~~~~~~~~[m[K
[9.773s]       |   [32m[Krmw_destroy_subscription[m[K
[9.795s] [01m[K/home/ws/src/quadruped/src/balance_controller.cpp:[m[K In lambda function:
[9.795s] [01m[K/home/ws/src/quadruped/src/balance_controller.cpp:63:7:[m[K [01;31m[Kerror: [m[K‘[01m[Kinit_pinocchio[m[K’ was not declared in this scope; did you mean ‘[01m[Kpinocchio[m[K’?
[9.795s]    63 |       [01;31m[Kinit_pinocchio[m[K(msg->data);
[9.795s]       |       [01;31m[K^~~~~~~~~~~~~~[m[K
[9.795s]       |       [32m[Kpinocchio[m[K
[15.071s] gmake[2]: *** [CMakeFiles/quadruped_lib.dir/build.make:76: CMakeFiles/quadruped_lib.dir/src/balance_controller.cpp.o] Error 1
[15.071s] gmake[1]: *** [CMakeFiles/Makefile2:623: CMakeFiles/quadruped_lib.dir/all] Error 2
[15.072s] gmake: *** [Makefile:146: all] Error 2
[15.075s] Invoked command in '/home/ws/build/quadruped' returned '2': CMAKE_PREFIX_PATH=${CMAKE_PREFIX_PATH}:/home/ws/install/quadruped_simulation:/home/ws/install/quadruped_controllers:/opt/ros/jazzy /usr/bin/cmake --build /home/ws/build/quadruped -- -j20 -l20
