[0.071s] DEBUG:colcon:Command line arguments: ['/usr/bin/colcon', 'build', '--symlink-install']
[0.071s] DEBUG:colcon:Parsed command line arguments: Namespace(log_base=None, log_level=None, verb_name='build', build_base='build', install_base='install', merge_install=False, symlink_install=True, test_result_base=None, continue_on_error=False, executor='parallel', parallel_workers=20, event_handlers=None, ignore_user_meta=False, metas=['./colcon.meta'], base_paths=['.'], packages_ignore=None, packages_ignore_regex=None, paths=None, packages_up_to=None, packages_up_to_regex=None, packages_above=None, packages_above_and_dependencies=None, packages_above_depth=None, packages_select_by_dep=None, packages_skip_by_dep=None, packages_skip_up_to=None, packages_select_build_failed=False, packages_skip_build_finished=False, packages_select_test_failures=False, packages_skip_test_passed=False, packages_select=None, packages_skip=None, packages_select_regex=None, packages_skip_regex=None, packages_start=None, packages_end=None, cmake_args=None, cmake_target=None, cmake_target_skip_unavailable=False, cmake_clean_cache=False, cmake_clean_first=False, cmake_force_configure=False, ament_cmake_args=None, catkin_cmake_args=None, catkin_skip_building_tests=False, mixin_files=None, mixin=None, verb_parser=<colcon_mixin.mixin.mixin_argument.MixinArgumentDecorator object at 0x73aa9fdd2e10>, verb_extension=<colcon_core.verb.build.BuildVerb object at 0x73aa9fdd2b10>, main=<bound method BuildVerb.main of <colcon_core.verb.build.BuildVerb object at 0x73aa9fdd2b10>>, mixin_verb=('build',))
[0.098s] Level 1:colcon.colcon_core.package_discovery:discover_packages(colcon_meta) check parameters
[0.098s] Level 1:colcon.colcon_core.package_discovery:discover_packages(recursive) check parameters
[0.098s] Level 1:colcon.colcon_core.package_discovery:discover_packages(ignore) check parameters
[0.098s] Level 1:colcon.colcon_core.package_discovery:discover_packages(path) check parameters
[0.098s] Level 1:colcon.colcon_core.package_discovery:discover_packages(colcon_meta) discover
[0.098s] Level 1:colcon.colcon_core.package_discovery:discover_packages(recursive) discover
[0.098s] INFO:colcon.colcon_core.package_discovery:Crawling recursively for packages in '/home/ws/src/quadruped'
[0.098s] Level 1:colcon.colcon_core.package_identification:_identify(.) by extensions ['ignore', 'ignore_ament_install']
[0.098s] Level 1:colcon.colcon_core.package_identification:_identify(.) by extension 'ignore'
[0.098s] Level 1:colcon.colcon_core.package_identification:_identify(.) by extension 'ignore_ament_install'
[0.098s] Level 1:colcon.colcon_core.package_identification:_identify(.) by extensions ['colcon_pkg']
[0.098s] Level 1:colcon.colcon_core.package_identification:_identify(.) by extension 'colcon_pkg'
[0.098s] Level 1:colcon.colcon_core.package_identification:_identify(.) by extensions ['colcon_meta']
[0.098s] Level 1:colcon.colcon_core.package_identification:_identify(.) by extension 'colcon_meta'
[0.098s] Level 1:colcon.colcon_core.package_identification:_identify(.) by extensions ['ros']
[0.098s] Level 1:colcon.colcon_core.package_identification:_identify(.) by extension 'ros'
[0.118s] DEBUG:colcon.colcon_core.package_identification:Package '.' with type 'ros.ament_cmake' and name 'quadruped'
[0.119s] Level 1:colcon.colcon_core.package_discovery:discover_packages(recursive) using defaults
[0.119s] Level 1:colcon.colcon_core.package_discovery:discover_packages(ignore) discover
[0.119s] Level 1:colcon.colcon_core.package_discovery:discover_packages(ignore) using defaults
[0.119s] Level 1:colcon.colcon_core.package_discovery:discover_packages(path) discover
[0.119s] Level 1:colcon.colcon_core.package_discovery:discover_packages(path) using defaults
[0.131s] Level 5:colcon.colcon_core.verb:set package 'quadruped' build argument 'cmake_args' from command line to 'None'
[0.131s] Level 5:colcon.colcon_core.verb:set package 'quadruped' build argument 'cmake_target' from command line to 'None'
[0.131s] Level 5:colcon.colcon_core.verb:set package 'quadruped' build argument 'cmake_target_skip_unavailable' from command line to 'False'
[0.131s] Level 5:colcon.colcon_core.verb:set package 'quadruped' build argument 'cmake_clean_cache' from command line to 'False'
[0.131s] Level 5:colcon.colcon_core.verb:set package 'quadruped' build argument 'cmake_clean_first' from command line to 'False'
[0.131s] Level 5:colcon.colcon_core.verb:set package 'quadruped' build argument 'cmake_force_configure' from command line to 'False'
[0.131s] Level 5:colcon.colcon_core.verb:set package 'quadruped' build argument 'ament_cmake_args' from command line to 'None'
[0.131s] Level 5:colcon.colcon_core.verb:set package 'quadruped' build argument 'catkin_cmake_args' from command line to 'None'
[0.131s] Level 5:colcon.colcon_core.verb:set package 'quadruped' build argument 'catkin_skip_building_tests' from command line to 'False'
[0.131s] DEBUG:colcon.colcon_core.verb:Building package 'quadruped' with the following arguments: {'ament_cmake_args': None, 'build_base': '/home/ws/src/quadruped/build/quadruped', 'catkin_cmake_args': None, 'catkin_skip_building_tests': False, 'cmake_args': None, 'cmake_clean_cache': False, 'cmake_clean_first': False, 'cmake_force_configure': False, 'cmake_target': None, 'cmake_target_skip_unavailable': False, 'install_base': '/home/ws/src/quadruped/install/quadruped', 'merge_install': False, 'path': '/home/ws/src/quadruped', 'symlink_install': True, 'test_result_base': None}
[0.131s] INFO:colcon.colcon_core.executor:Executing jobs using 'parallel' executor
[0.132s] DEBUG:colcon.colcon_parallel_executor.executor.parallel:run_until_complete
[0.132s] INFO:colcon.colcon_ros.task.ament_cmake.build:Building ROS package in '/home/ws/src/quadruped' with build type 'ament_cmake'
[0.133s] INFO:colcon.colcon_cmake.task.cmake.build:Building CMake package in '/home/ws/src/quadruped'
[0.134s] INFO:colcon.colcon_core.plugin_system:Skipping extension 'colcon_core.shell.bat': Not used on non-Windows systems
[0.134s] INFO:colcon.colcon_core.shell:Skip shell extension 'powershell' for command environment: Not usable outside of PowerShell
[0.134s] DEBUG:colcon.colcon_core.shell:Skip shell extension 'dsv' for command environment
[0.135s] WARNING:colcon.colcon_ros.prefix_path.ament:The path '/home/ws/install/mujoco_ros2_control_demos' in the environment variable AMENT_PREFIX_PATH doesn't exist
[0.136s] WARNING:colcon.colcon_ros.prefix_path.catkin:The path '/home/ws/install/mujoco_ros2_control_demos' in the environment variable CMAKE_PREFIX_PATH doesn't exist
[0.143s] DEBUG:colcon.colcon_core.event_handler.log_command:Invoking command in '/home/ws/src/quadruped/build/quadruped': CMAKE_PREFIX_PATH=${CMAKE_PREFIX_PATH}:/opt/ros/jazzy /usr/bin/cmake --build /home/ws/src/quadruped/build/quadruped -- -j20 -l20
[4.491s] DEBUG:colcon.colcon_core.event_handler.log_command:Invoked command in '/home/ws/src/quadruped/build/quadruped' returned '0': CMAKE_PREFIX_PATH=${CMAKE_PREFIX_PATH}:/opt/ros/jazzy /usr/bin/cmake --build /home/ws/src/quadruped/build/quadruped -- -j20 -l20
[4.546s] DEBUG:colcon.colcon_core.event_handler.log_command:Invoking command in '/home/ws/src/quadruped/build/quadruped': CMAKE_PREFIX_PATH=${CMAKE_PREFIX_PATH}:/opt/ros/jazzy /usr/bin/cmake --install /home/ws/src/quadruped/build/quadruped
[4.642s] Level 1:colcon.colcon_core.environment:create_environment_scripts_only(quadruped)
[4.643s] DEBUG:colcon.colcon_core.event_handler.log_command:Invoked command in '/home/ws/src/quadruped/build/quadruped' returned '0': CMAKE_PREFIX_PATH=${CMAKE_PREFIX_PATH}:/opt/ros/jazzy /usr/bin/cmake --install /home/ws/src/quadruped/build/quadruped
[4.645s] Level 1:colcon.colcon_core.environment:checking '/home/ws/src/quadruped/install/quadruped' for CMake module files
[4.646s] Level 1:colcon.colcon_core.environment:checking '/home/ws/src/quadruped/install/quadruped' for CMake config files
[4.646s] Level 1:colcon.colcon_core.shell:create_environment_hook('quadruped', 'cmake_prefix_path')
[4.646s] INFO:colcon.colcon_core.shell:Creating environment hook '/home/ws/src/quadruped/install/quadruped/share/quadruped/hook/cmake_prefix_path.ps1'
[4.647s] INFO:colcon.colcon_core.shell:Creating environment descriptor '/home/ws/src/quadruped/install/quadruped/share/quadruped/hook/cmake_prefix_path.dsv'
[4.647s] INFO:colcon.colcon_core.shell:Creating environment hook '/home/ws/src/quadruped/install/quadruped/share/quadruped/hook/cmake_prefix_path.sh'
[4.649s] Level 1:colcon.colcon_core.environment:checking '/home/ws/src/quadruped/install/quadruped/lib'
[4.649s] Level 1:colcon.colcon_core.shell:create_environment_hook('quadruped', 'ld_library_path_lib')
[4.649s] INFO:colcon.colcon_core.shell:Creating environment hook '/home/ws/src/quadruped/install/quadruped/share/quadruped/hook/ld_library_path_lib.ps1'
[4.650s] INFO:colcon.colcon_core.shell:Creating environment descriptor '/home/ws/src/quadruped/install/quadruped/share/quadruped/hook/ld_library_path_lib.dsv'
[4.650s] INFO:colcon.colcon_core.shell:Creating environment hook '/home/ws/src/quadruped/install/quadruped/share/quadruped/hook/ld_library_path_lib.sh'
[4.651s] Level 1:colcon.colcon_core.environment:checking '/home/ws/src/quadruped/install/quadruped/bin'
[4.651s] Level 1:colcon.colcon_core.environment:checking '/home/ws/src/quadruped/install/quadruped/lib/pkgconfig/quadruped.pc'
[4.655s] Level 1:colcon.colcon_core.environment:checking '/home/ws/src/quadruped/install/quadruped/lib/python3.12/site-packages'
[4.655s] Level 1:colcon.colcon_core.environment:checking '/home/ws/src/quadruped/install/quadruped/bin'
[4.656s] INFO:colcon.colcon_core.shell:Creating package script '/home/ws/src/quadruped/install/quadruped/share/quadruped/package.ps1'
[4.657s] INFO:colcon.colcon_core.shell:Creating package descriptor '/home/ws/src/quadruped/install/quadruped/share/quadruped/package.dsv'
[4.658s] INFO:colcon.colcon_core.shell:Creating package script '/home/ws/src/quadruped/install/quadruped/share/quadruped/package.sh'
[4.660s] INFO:colcon.colcon_core.shell:Creating package script '/home/ws/src/quadruped/install/quadruped/share/quadruped/package.bash'
[4.661s] INFO:colcon.colcon_core.shell:Creating package script '/home/ws/src/quadruped/install/quadruped/share/quadruped/package.zsh'
[4.662s] Level 1:colcon.colcon_core.environment:create_file_with_runtime_dependencies(/home/ws/src/quadruped/install/quadruped/share/colcon-core/packages/quadruped)
[4.723s] Level 1:colcon.colcon_core.environment:create_environment_scripts_only(quadruped)
[4.724s] Level 1:colcon.colcon_core.environment:checking '/home/ws/src/quadruped/install/quadruped' for CMake module files
[4.725s] Level 1:colcon.colcon_core.environment:checking '/home/ws/src/quadruped/install/quadruped' for CMake config files
[4.725s] Level 1:colcon.colcon_core.shell:create_environment_hook('quadruped', 'cmake_prefix_path')
[4.725s] INFO:colcon.colcon_core.shell:Creating environment hook '/home/ws/src/quadruped/install/quadruped/share/quadruped/hook/cmake_prefix_path.ps1'
[4.726s] INFO:colcon.colcon_core.shell:Creating environment descriptor '/home/ws/src/quadruped/install/quadruped/share/quadruped/hook/cmake_prefix_path.dsv'
[4.726s] INFO:colcon.colcon_core.shell:Creating environment hook '/home/ws/src/quadruped/install/quadruped/share/quadruped/hook/cmake_prefix_path.sh'
[4.727s] Level 1:colcon.colcon_core.environment:checking '/home/ws/src/quadruped/install/quadruped/lib'
[4.727s] Level 1:colcon.colcon_core.shell:create_environment_hook('quadruped', 'ld_library_path_lib')
[4.728s] INFO:colcon.colcon_core.shell:Creating environment hook '/home/ws/src/quadruped/install/quadruped/share/quadruped/hook/ld_library_path_lib.ps1'
[4.728s] INFO:colcon.colcon_core.shell:Creating environment descriptor '/home/ws/src/quadruped/install/quadruped/share/quadruped/hook/ld_library_path_lib.dsv'
[4.729s] INFO:colcon.colcon_core.shell:Creating environment hook '/home/ws/src/quadruped/install/quadruped/share/quadruped/hook/ld_library_path_lib.sh'
[4.729s] Level 1:colcon.colcon_core.environment:checking '/home/ws/src/quadruped/install/quadruped/bin'
[4.729s] Level 1:colcon.colcon_core.environment:checking '/home/ws/src/quadruped/install/quadruped/lib/pkgconfig/quadruped.pc'
[4.730s] Level 1:colcon.colcon_core.environment:checking '/home/ws/src/quadruped/install/quadruped/lib/python3.12/site-packages'
[4.730s] Level 1:colcon.colcon_core.environment:checking '/home/ws/src/quadruped/install/quadruped/bin'
[4.730s] INFO:colcon.colcon_core.shell:Creating package script '/home/ws/src/quadruped/install/quadruped/share/quadruped/package.ps1'
[4.731s] INFO:colcon.colcon_core.shell:Creating package descriptor '/home/ws/src/quadruped/install/quadruped/share/quadruped/package.dsv'
[4.732s] INFO:colcon.colcon_core.shell:Creating package script '/home/ws/src/quadruped/install/quadruped/share/quadruped/package.sh'
[4.733s] INFO:colcon.colcon_core.shell:Creating package script '/home/ws/src/quadruped/install/quadruped/share/quadruped/package.bash'
[4.734s] INFO:colcon.colcon_core.shell:Creating package script '/home/ws/src/quadruped/install/quadruped/share/quadruped/package.zsh'
[4.734s] Level 1:colcon.colcon_core.environment:create_file_with_runtime_dependencies(/home/ws/src/quadruped/install/quadruped/share/colcon-core/packages/quadruped)
[4.734s] DEBUG:colcon.colcon_parallel_executor.executor.parallel:closing loop
[4.735s] DEBUG:colcon.colcon_parallel_executor.executor.parallel:loop closed
[4.735s] DEBUG:colcon.colcon_parallel_executor.executor.parallel:run_until_complete finished with '0'
[4.735s] DEBUG:colcon.colcon_core.event_reactor:joining thread
[4.742s] INFO:colcon.colcon_core.plugin_system:Skipping extension 'colcon_notification.desktop_notification.notify_send': Could not find 'notify-send'
[4.743s] INFO:colcon.colcon_core.plugin_system:Skipping extension 'colcon_notification.desktop_notification.terminal_notifier': Not used on non-Darwin systems
[4.743s] INFO:colcon.colcon_core.plugin_system:Skipping extension 'colcon_notification.desktop_notification.win32': Not used on non-Windows systems
[4.743s] INFO:colcon.colcon_notification.desktop_notification:Sending desktop notification using 'notify2'
[4.745s] DEBUG:colcon.colcon_notification.desktop_notification.notify2:Failed to initialize notify2: org.freedesktop.DBus.Error.Spawn.ExecFailed: /usr/bin/dbus-launch terminated abnormally without any error message
[4.745s] DEBUG:colcon.colcon_core.event_reactor:joined thread
[4.746s] INFO:colcon.colcon_core.shell:Creating prefix script '/home/ws/src/quadruped/install/local_setup.ps1'
[4.747s] INFO:colcon.colcon_core.shell:Creating prefix util module '/home/ws/src/quadruped/install/_local_setup_util_ps1.py'
[4.748s] INFO:colcon.colcon_core.shell:Creating prefix chain script '/home/ws/src/quadruped/install/setup.ps1'
[4.749s] INFO:colcon.colcon_core.shell:Creating prefix script '/home/ws/src/quadruped/install/local_setup.sh'
[4.750s] INFO:colcon.colcon_core.shell:Creating prefix util module '/home/ws/src/quadruped/install/_local_setup_util_sh.py'
[4.750s] INFO:colcon.colcon_core.shell:Creating prefix chain script '/home/ws/src/quadruped/install/setup.sh'
[4.752s] INFO:colcon.colcon_core.shell:Creating prefix script '/home/ws/src/quadruped/install/local_setup.bash'
[4.752s] INFO:colcon.colcon_core.shell:Creating prefix chain script '/home/ws/src/quadruped/install/setup.bash'
[4.753s] INFO:colcon.colcon_core.shell:Creating prefix script '/home/ws/src/quadruped/install/local_setup.zsh'
[4.754s] INFO:colcon.colcon_core.shell:Creating prefix chain script '/home/ws/src/quadruped/install/setup.zsh'
