[0.050s] Invoking command in '/home/ws/build/quadruped': CMAKE_PREFIX_PATH=${CMAKE_PREFIX_PATH}:/home/ws/install/quadruped_simulation:/home/ws/install/quadruped_controllers:/opt/ros/jazzy /usr/bin/cmake --build /home/ws/build/quadruped -- -j20 -l20
[0.366s] -- Found ament_cmake: 2.5.2 (/opt/ros/jazzy/share/ament_cmake/cmake)
[0.367s] -- Found Python3: /usr/bin/python3 (found version "3.12.3") found components: Interpreter 
[0.368s] -- Override CMake install command with custom implementation using symlinks instead of copying resources
[0.368s] -- Found rclcpp: 28.1.5 (/opt/ros/jazzy/share/rclcpp/cmake)
[0.368s] -- Found rosidl_generator_c: 4.6.4 (/opt/ros/jazzy/share/rosidl_generator_c/cmake)
[0.368s] -- Found rosidl_generator_cpp: 4.6.4 (/opt/ros/jazzy/share/rosidl_generator_cpp/cmake)
[0.369s] -- Using all available rosidl_typesupport_c: rosidl_typesupport_fastrtps_c;rosidl_typesupport_introspection_c
[0.380s] -- Using all available rosidl_typesupport_cpp: rosidl_typesupport_fastrtps_cpp;rosidl_typesupport_introspection_cpp
[0.460s] -- Found rmw_implementation_cmake: 7.3.1 (/opt/ros/jazzy/share/rmw_implementation_cmake/cmake)
[0.462s] -- Found rmw_fastrtps_cpp: 8.4.1 (/opt/ros/jazzy/share/rmw_fastrtps_cpp/cmake)
[0.570s] -- Using RMW implementation 'rmw_fastrtps_cpp' as default
[0.654s] -- Found hardware_interface: 4.18.0 (/opt/ros/jazzy/share/hardware_interface/cmake)
[0.932s] -- Found controller_interface: 4.18.0 (/opt/ros/jazzy/share/controller_interface/cmake)
[0.934s] -- Found controller_manager: 4.18.0 (/opt/ros/jazzy/share/controller_manager/cmake)
[1.016s] -- Found ros2_control: 4.18.0 (/opt/ros/jazzy/share/ros2_control/cmake)
[1.016s] -- Found ros_gz_sim: 1.0.5 (/opt/ros/jazzy/share/ros_gz_sim/cmake)
[1.020s] -- Looking for gz-sim8 -- found version 8.6.0
[1.028s] -- Searching for dependencies of gz-sim8
[1.029s] -- Looking for sdformat14 -- found version 14.5.0
[1.029s] -- Searching for dependencies of sdformat14
[1.041s] -- Checking for module 'tinyxml2'
[1.074s] --   Found tinyxml2, version 10.0.0
[1.142s] -- Looking for gz-math7 -- found version 7.5.0
[1.143s] -- Searching for dependencies of gz-math7
[1.144s] -- Looking for gz-utils2 -- found version 2.2.0
[1.144s] -- Searching for dependencies of gz-utils2
[1.147s] -- Looking for gz-utils2 -- found version 2.2.0
[1.147s] -- Searching for dependencies of gz-utils2
[1.147s] -- Searching for <gz-utils2> component [cli]
[1.148s] -- Looking for gz-utils2-cli -- found version 2.2.0
[1.148s] -- Searching for dependencies of gz-utils2-cli
[1.150s] -- Looking for gz-plugin2 -- found version 2.0.3
[1.150s] -- Searching for dependencies of gz-plugin2
[1.150s] -- Looking for gz-utils2 -- found version 2.2.0
[1.151s] -- Searching for <gz-plugin2> component [loader]
[1.152s] -- Looking for gz-plugin2-loader -- found version 2.0.3
[1.152s] -- Searching for dependencies of gz-plugin2-loader
[1.153s] -- Searching for <gz-plugin2> component [register]
[1.153s] -- Looking for gz-plugin2-register -- found version 2.0.3
[1.153s] -- Searching for dependencies of gz-plugin2-register
[1.154s] -- Looking for gz-transport13 -- found version 13.4.0
[1.154s] -- Searching for dependencies of gz-transport13
[1.204s] -- Config-file not installed for ZeroMQ -- checking for pkg-config
[1.214s] -- Checking for module 'libzmq >= 4'
[1.253s] --   Found libzmq, version 4.3.5
[1.373s] -- Checking for module 'uuid'
[1.397s] --   Found uuid, version 2.39.3
[1.470s] -- Looking for gz-utils2 -- found version 2.2.0
[1.472s] -- Looking for gz-msgs10 -- found version 10.3.0
[1.472s] -- Searching for dependencies of gz-msgs10
[1.503s] -- Looking for gz-utils2 -- found version 2.2.0
[1.504s] -- Looking for gz-math7 -- found version 7.5.0
[1.560s] -- Searching for <gz-transport13> component [log]
[1.561s] -- Looking for gz-transport13-log -- found version 13.4.0
[1.561s] -- Searching for dependencies of gz-transport13-log
[1.562s] -- Searching for <gz-transport13> component [parameters]
[1.562s] -- Looking for gz-transport13-parameters -- found version 13.4.0
[1.563s] -- Searching for dependencies of gz-transport13-parameters
[1.564s] -- Looking for gz-msgs10 -- found version 10.3.0
[1.564s] -- Looking for gz-common5 -- found version 5.6.0
[1.564s] -- Searching for dependencies of gz-common5
[1.565s] -- Looking for gz-utils2 -- found version 2.2.0
[1.565s] -- Looking for dlfcn.h - found
[1.565s] -- Looking for libdl - found
[1.586s] -- Searching for <gz-common5> component [av]
[1.587s] -- Looking for gz-common5-av -- found version 5.6.0
[1.588s] -- Searching for dependencies of gz-common5-av
[1.596s] -- Checking for module 'libswscale'
[1.627s] --   Found libswscale, version 7.5.100
[1.720s] -- Checking for module 'libavdevice >= 56.4.100'
[1.756s] --   Found libavdevice, version 60.3.100
[1.864s] -- Checking for module 'libavformat'
[1.900s] --   Found libavformat, version 60.16.100
[2.027s] -- Checking for module 'libavcodec'
[2.084s] --   Found libavcodec, version 60.31.102
[2.198s] -- Checking for module 'libavutil'
[2.245s] --   Found libavutil, version 58.29.100
[2.322s] -- Searching for <gz-common5> component [events]
[2.323s] -- Looking for gz-common5-events -- found version 5.6.0
[2.323s] -- Searching for dependencies of gz-common5-events
[2.325s] -- Looking for gz-math7 -- found version 7.5.0
[2.326s] -- Searching for <gz-common5> component [graphics]
[2.328s] -- Looking for gz-common5-graphics -- found version 5.6.0
[2.328s] -- Searching for dependencies of gz-common5-graphics
[2.329s] -- Looking for gz-math7 -- found version 7.5.0
[2.336s] -- Searching for <gz-common5> component [io]
[2.338s] -- Looking for gz-common5-io -- found version 5.6.0
[2.339s] -- Searching for dependencies of gz-common5-io
[2.340s] -- Searching for <gz-common5> component [profiler]
[2.341s] -- Looking for gz-common5-profiler -- found version 5.6.0
[2.342s] -- Searching for dependencies of gz-common5-profiler
[2.345s] -- Looking for gz-fuel_tools9 -- found version 9.1.0
[2.346s] -- Searching for dependencies of gz-fuel_tools9
[2.445s] -- Checking for module 'jsoncpp'
[2.478s] --   Found jsoncpp, version 1.9.5
[2.593s] -- Checking for module 'yaml-0.1'
[2.620s] --   Found yaml-0.1, version 0.2.5
[2.707s] -- Checking for module 'libzip'
[2.740s] --   Found libzip, version 1.7.3
[2.811s] -- Looking for gz-utils2 -- found version 2.2.0
[2.812s] -- Looking for gz-common5 -- found version 5.6.0
[2.812s] -- Searching for dependencies of gz-common5
[2.812s] -- Looking for gz-utils2 -- found version 2.2.0
[2.813s] -- Looking for dlfcn.h - found
[2.813s] -- Looking for libdl - found
[2.827s] -- Searching for <gz-common5> component [testing]
[2.828s] -- Looking for gz-common5-testing -- found version 5.6.0
[2.829s] -- Searching for dependencies of gz-common5-testing
[2.831s] -- Looking for gz-math7 -- found version 7.5.0
[2.832s] -- Looking for gz-msgs10 -- found version 10.3.0
[2.836s] -- Looking for gz-gui8 -- found version 8.3.0
[2.837s] -- Searching for dependencies of gz-gui8
[2.890s] -- Looking for gz-utils2 -- found version 2.2.0
[2.891s] -- Looking for gz-math7 -- found version 7.5.0
[2.892s] -- Looking for gz-common5 -- found version 5.6.0
[2.892s] -- Looking for gz-plugin2 -- found version 2.0.3
[2.893s] -- Looking for gz-transport13 -- found version 13.4.0
[2.894s] -- Looking for gz-rendering8 -- found version 8.2.0
[2.894s] -- Searching for dependencies of gz-rendering8
[2.895s] -- Looking for gz-math7 -- found version 7.5.0
[2.895s] -- Searching for dependencies of gz-math7
[2.896s] -- Looking for gz-utils2 -- found version 2.2.0
[2.896s] -- Searching for <gz-math7> component [eigen3]
[2.897s] -- Looking for gz-math7-eigen3 -- found version 7.5.0
[2.897s] -- Searching for dependencies of gz-math7-eigen3
[2.900s] -- Looking for gz-common5 -- found version 5.6.0
[2.900s] -- Searching for dependencies of gz-common5
[2.900s] -- Looking for gz-utils2 -- found version 2.2.0
[2.901s] -- Looking for dlfcn.h - found
[2.901s] -- Looking for libdl - found
[2.914s] -- Searching for <gz-common5> component [graphics]
[2.914s] -- Searching for <gz-common5> component [events]
[2.914s] -- Searching for <gz-common5> component [geospatial]
[2.915s] -- Looking for gz-common5-geospatial -- found version 5.6.0
[2.915s] -- Searching for dependencies of gz-common5-geospatial
[2.916s] -- Looking for gz-math7 -- found version 7.5.0
[2.916s] -- Looking for gz-common5 -- found version 5.6.0
[2.918s] -- Looking for gz-plugin2 -- found version 2.0.3
[2.918s] -- Searching for dependencies of gz-plugin2
[2.919s] -- Looking for gz-utils2 -- found version 2.2.0
[2.919s] -- Searching for <gz-plugin2> component [all]
[2.920s] -- Looking for all libraries of gz-plugin2 -- found version 2.0.3
[2.921s] -- Looking for gz-plugin2 -- found version 2.0.3
[2.923s] -- Looking for gz-utils2 -- found version 2.2.0
[2.930s] -- Looking for gz-msgs10 -- found version 10.3.0
[2.951s] -- Looking for gz-physics7 -- found version 7.3.0
[2.951s] -- Searching for dependencies of gz-physics7
[2.952s] -- Looking for gz-common5 -- found version 5.6.0
[2.952s] -- Looking for gz-math7 -- found version 7.5.0
[2.953s] -- Looking for gz-plugin2 -- found version 2.0.3
[2.953s] -- Looking for gz-utils2 -- found version 2.2.0
[2.955s] -- Searching for <gz-physics7> component [heightmap]
[2.955s] -- Looking for gz-physics7-heightmap -- found version 7.3.0
[2.955s] -- Searching for dependencies of gz-physics7-heightmap
[2.956s] -- Looking for gz-common5 -- found version 5.6.0
[2.956s] -- Searching for <gz-physics7> component [mesh]
[2.957s] -- Looking for gz-physics7-mesh -- found version 7.3.0
[2.958s] -- Searching for dependencies of gz-physics7-mesh
[2.958s] -- Looking for gz-common5 -- found version 5.6.0
[2.958s] -- Searching for <gz-physics7> component [sdf]
[2.959s] -- Looking for gz-physics7-sdf -- found version 7.3.0
[2.959s] -- Searching for dependencies of gz-physics7-sdf
[2.959s] -- Looking for sdformat14 -- found version 14.5.0
[2.961s] -- Looking for gz-sensors8 -- found version 8.2.0
[2.961s] -- Searching for dependencies of gz-sensors8
[2.992s] -- Looking for gz-math7 -- found version 7.5.0
[2.993s] -- Looking for gz-common5 -- found version 5.6.0
[2.994s] -- Looking for gz-transport13 -- found version 13.4.0
[2.995s] -- Looking for gz-rendering8 -- found version 8.2.0
[2.996s] -- Looking for gz-msgs10 -- found version 10.3.0
[2.997s] -- Looking for sdformat14 -- found version 14.5.0
[2.998s] -- Searching for <gz-sensors8> component [air_pressure]
[2.999s] -- Looking for gz-sensors8-air_pressure -- found version 8.2.0
[2.999s] -- Searching for dependencies of gz-sensors8-air_pressure
[3.000s] -- Searching for <gz-sensors8> component [air_speed]
[3.001s] -- Looking for gz-sensors8-air_speed -- found version 8.2.0
[3.001s] -- Searching for dependencies of gz-sensors8-air_speed
[3.002s] -- Searching for <gz-sensors8> component [altimeter]
[3.002s] -- Looking for gz-sensors8-altimeter -- found version 8.2.0
[3.003s] -- Searching for dependencies of gz-sensors8-altimeter
[3.004s] -- Searching for <gz-sensors8> component [imu]
[3.004s] -- Looking for gz-sensors8-imu -- found version 8.2.0
[3.005s] -- Searching for dependencies of gz-sensors8-imu
[3.005s] -- Searching for <gz-sensors8> component [force_torque]
[3.006s] -- Looking for gz-sensors8-force_torque -- found version 8.2.0
[3.006s] -- Searching for dependencies of gz-sensors8-force_torque
[3.007s] -- Searching for <gz-sensors8> component [logical_camera]
[3.008s] -- Looking for gz-sensors8-logical_camera -- found version 8.2.0
[3.008s] -- Searching for dependencies of gz-sensors8-logical_camera
[3.009s] -- Searching for <gz-sensors8> component [magnetometer]
[3.010s] -- Looking for gz-sensors8-magnetometer -- found version 8.2.0
[3.010s] -- Searching for dependencies of gz-sensors8-magnetometer
[3.011s] -- Searching for <gz-sensors8> component [navsat]
[3.012s] -- Looking for gz-sensors8-navsat -- found version 8.2.0
[3.012s] -- Searching for dependencies of gz-sensors8-navsat
[3.013s] -- Searching for <gz-sensors8> component [dvl]
[3.014s] -- Looking for gz-sensors8-dvl -- found version 8.2.0
[3.014s] -- Searching for dependencies of gz-sensors8-dvl
[3.014s] -- Looking for gz-sensors8 -- found version 8.2.0
[3.015s] -- Searching for dependencies of gz-sensors8
[3.065s] -- Looking for gz-math7 -- found version 7.5.0
[3.066s] -- Looking for gz-common5 -- found version 5.6.0
[3.067s] -- Looking for gz-transport13 -- found version 13.4.0
[3.067s] -- Looking for gz-rendering8 -- found version 8.2.0
[3.068s] -- Looking for gz-msgs10 -- found version 10.3.0
[3.069s] -- Looking for sdformat14 -- found version 14.5.0
[3.069s] -- Searching for <gz-sensors8> component [rendering]
[3.070s] -- Looking for gz-sensors8-rendering -- found version 8.2.0
[3.070s] -- Searching for dependencies of gz-sensors8-rendering
[3.072s] -- Searching for <gz-sensors8> component [rendering]
[3.073s] -- Searching for <gz-sensors8> component [lidar]
[3.075s] -- Looking for gz-sensors8-lidar -- found version 8.2.0
[3.076s] -- Searching for dependencies of gz-sensors8-lidar
[3.076s] -- Looking for gz-sensors8 -- found version 8.2.0
[3.077s] -- Searching for <gz-sensors8> component [gpu_lidar]
[3.078s] -- Looking for gz-sensors8-gpu_lidar -- found version 8.2.0
[3.078s] -- Searching for dependencies of gz-sensors8-gpu_lidar
[3.079s] -- Looking for gz-sensors8 -- found version 8.2.0
[3.080s] -- Searching for <gz-sensors8> component [camera]
[3.081s] -- Looking for gz-sensors8-camera -- found version 8.2.0
[3.081s] -- Searching for dependencies of gz-sensors8-camera
[3.082s] -- Looking for gz-sensors8 -- found version 8.2.0
[3.083s] -- Searching for <gz-sensors8> component [boundingbox_camera]
[3.083s] -- Looking for gz-sensors8-boundingbox_camera -- found version 8.2.0
[3.084s] -- Searching for dependencies of gz-sensors8-boundingbox_camera
[3.085s] -- Searching for <gz-sensors8> component [segmentation_camera]
[3.085s] -- Looking for gz-sensors8-segmentation_camera -- found version 8.2.0
[3.086s] -- Searching for dependencies of gz-sensors8-segmentation_camera
[3.086s] -- Searching for <gz-sensors8> component [depth_camera]
[3.087s] -- Looking for gz-sensors8-depth_camera -- found version 8.2.0
[3.088s] -- Searching for dependencies of gz-sensors8-depth_camera
[3.088s] -- Looking for gz-sensors8 -- found version 8.2.0
[3.089s] -- Searching for <gz-sensors8> component [rgbd_camera]
[3.090s] -- Looking for gz-sensors8-rgbd_camera -- found version 8.2.0
[3.090s] -- Searching for dependencies of gz-sensors8-rgbd_camera
[3.091s] -- Looking for gz-sensors8 -- found version 8.2.0
[3.092s] -- Searching for <gz-sensors8> component [thermal_camera]
[3.093s] -- Looking for gz-sensors8-thermal_camera -- found version 8.2.0
[3.093s] -- Searching for dependencies of gz-sensors8-thermal_camera
[3.093s] -- Looking for gz-sensors8 -- found version 8.2.0
[3.094s] -- Searching for <gz-sensors8> component [wide_angle_camera]
[3.095s] -- Looking for gz-sensors8-wide_angle_camera -- found version 8.2.0
[3.095s] -- Searching for dependencies of gz-sensors8-wide_angle_camera
[3.097s] -- Looking for gz-rendering8 -- found version 8.2.0
[3.097s] -- Looking for gz-math7 -- found version 7.5.0
[3.098s] -- Looking for gz-utils2 -- found version 2.2.0
[3.136s] -- Looking for gz-plugin2 -- found version 2.0.3
[3.136s] -- Found rosidl_default_generators: 1.6.0 (/opt/ros/jazzy/share/rosidl_default_generators/cmake)
[3.153s] -- Found rosidl_adapter: 4.6.4 (/opt/ros/jazzy/share/rosidl_adapter/cmake)
[3.157s] -- Found rclcpp_components: 28.1.5 (/opt/ros/jazzy/share/rclcpp_components/cmake)
[3.207s] -- pinocchio FOUND. pinocchio at /opt/ros/jazzy/lib/x86_64-linux-gnu/libpinocchio.so
[3.209s] -- boost_filesystem FOUND. boost_filesystem at /lib/x86_64-linux-gnu/libboost_filesystem.so
[3.211s] -- boost_serialization FOUND. boost_serialization at /lib/x86_64-linux-gnu/libboost_serialization.so
[3.212s] -- boost_system FOUND. boost_system at /lib/x86_64-linux-gnu/libboost_system.so
[3.225s] -- Found Boost: /usr/include (found version "1.83.0") found components: filesystem serialization system 
[3.229s] -- eigenpy FOUND. eigenpy at /opt/ros/jazzy/lib/x86_64-linux-gnu/libeigenpy.so
[3.287s] -- Checking for NumPy
[3.593s] --   NUMPY_INCLUDE_DIRS=/usr/lib/python3/dist-packages/numpy/core/include
[3.725s] --   NUMPY_VERSION=1.26.4
[4.067s] -- Found Python3: /usr/bin/python3 (found version "3.12.3") found components: Interpreter Development.Module NumPy 
[4.068s] -- PythonLibraryDirs: 
[4.068s] -- PythonLibVersionString: 3.12.3
[4.111s] -- Python site lib: lib/python3.12/dist-packages
[4.111s] -- Python include dirs: /usr/include/python3.12
[4.197s] -- Checking for NumPy
[4.358s] --   NUMPY_INCLUDE_DIRS=/usr/lib/python3/dist-packages/numpy/core/include
[4.523s] --   NUMPY_VERSION=1.26.4
[4.523s] -- NumPy include dir: /usr/lib/python3/dist-packages/numpy/core/include
[4.536s] -- Found Boost: /usr/include (found version "1.83.0") found components: python312 
[4.537s] -- Boost_PYTHON_LIBRARY: /usr/lib/x86_64-linux-gnu/libboost_python312.so
[5.065s] -- Default C++ standard: 201703
[5.065s] -- C++ standard sufficient: Minimal required 14, currently defined: 17
[5.065s] -- CMAKE_CXX_STANDARD was not set: automatically set to currently defined standard 17
[5.067s] -- C++ standard sufficient: Minimal required 14, currently defined: 17
[5.116s] -- Found Python3: /usr/bin/python3 (found version "3.12.3") found components: Interpreter 
[5.450s] -- Found ament_cmake_ros: 0.12.0 (/opt/ros/jazzy/share/ament_cmake_ros/cmake)
[5.706s] -- Using all available rosidl_typesupport_c: rosidl_typesupport_fastrtps_c;rosidl_typesupport_introspection_c
[5.809s] -- Using all available rosidl_typesupport_cpp: rosidl_typesupport_fastrtps_cpp;rosidl_typesupport_introspection_cpp
[5.811s] -- Found python_cmake_module: 0.11.1 (/opt/ros/jazzy/share/python_cmake_module/cmake)
[6.349s] -- Found Python3: /usr/bin/python3 (found version "3.12.3") found components: Interpreter Development NumPy Development.Module Development.Embed 
[6.369s] [31mCMake Error at CMakeLists.txt:38 (add_library):
[6.369s]   add_library cannot create target "quadruped" because another target with
[6.369s]   the same name already exists.  The existing target is a custom target
[6.370s]   created in source directory "/home/ws/src/quadruped".  See documentation
[6.370s]   for policy CMP0002 for more details.
[6.370s] 
[6.370s] [0m
[6.370s] [31mCMake Error at CMakeLists.txt:46 (target_include_directories):
[6.370s]   target_include_directories called with non-compilable target type
[6.370s] 
[6.370s] [0m
[6.370s] [31mCMake Error at CMakeLists.txt:52 (target_link_libraries):
[6.371s]   Utility target "quadruped" must not be used as the target of a
[6.371s]   target_link_libraries call.
[6.371s] 
[6.371s] [0m
[6.371s] [31mCMake Error at /opt/ros/jazzy/share/ament_cmake_target_dependencies/cmake/ament_target_dependencies.cmake:129 (target_compile_definitions):
[6.371s]   target_compile_definitions called with non-compilable target type
[6.371s] Call Stack (most recent call first):
[6.371s]   CMakeLists.txt:59 (ament_target_dependencies)
[6.371s] 
[6.371s] [0m
[6.372s] [31mCMake Error at /opt/ros/jazzy/share/ament_cmake_target_dependencies/cmake/ament_target_dependencies.cmake:142 (target_include_directories):
[6.372s]   target_include_directories called with non-compilable target type
[6.372s] Call Stack (most recent call first):
[6.373s]   CMakeLists.txt:59 (ament_target_dependencies)
[6.373s] 
[6.373s] [0m
[6.373s] [31mCMake Error at /opt/ros/jazzy/share/ament_cmake_target_dependencies/cmake/ament_target_dependencies.cmake:146 (target_link_libraries):
[6.373s]   Utility target "quadruped" must not be used as the target of a
[6.373s]   target_link_libraries call.
[6.374s] Call Stack (most recent call first):
[6.374s]   CMakeLists.txt:59 (ament_target_dependencies)
[6.374s] 
[6.374s] [0m
[6.374s] [31mCMake Error at /opt/ros/jazzy/share/ament_cmake_target_dependencies/cmake/ament_target_dependencies.cmake:148 (target_include_directories):
[6.374s]   target_include_directories called with non-compilable target type
[6.374s] Call Stack (most recent call first):
[6.374s]   CMakeLists.txt:59 (ament_target_dependencies)
[6.374s] 
[6.374s] [0m
[6.374s] [31mCMake Error at /opt/ros/jazzy/share/ament_cmake_target_dependencies/cmake/ament_target_dependencies.cmake:152 (target_link_libraries):
[6.374s]   Utility target "quadruped" must not be used as the target of a
[6.375s]   target_link_libraries call.
[6.375s] Call Stack (most recent call first):
[6.375s]   CMakeLists.txt:59 (ament_target_dependencies)
[6.375s] 
[6.375s] [0m
[6.375s] [31mCMake Error at /opt/ros/jazzy/share/ament_cmake_core/cmake/symlink_install/ament_cmake_symlink_install_targets.cmake:50 (_install):
[6.375s]   _install TARGETS given target "quadruped" which is not an executable,
[6.375s]   library, or module.
[6.375s] Call Stack (most recent call first):
[6.375s]   /opt/ros/jazzy/share/ament_cmake_core/cmake/symlink_install/install.cmake:37 (ament_cmake_symlink_install_targets)
[6.375s]   CMakeLists.txt:80 (install)
[6.375s] 
[6.375s] [0m
[6.385s] -- Configuring incomplete, errors occurred!
[6.401s] gmake: *** [Makefile:937: cmake_check_build_system] Error 1
[6.403s] Invoked command in '/home/ws/build/quadruped' returned '2': CMAKE_PREFIX_PATH=${CMAKE_PREFIX_PATH}:/home/ws/install/quadruped_simulation:/home/ws/install/quadruped_controllers:/opt/ros/jazzy /usr/bin/cmake --build /home/ws/build/quadruped -- -j20 -l20
