[0.053s] Invoking command in '/home/ws/build/quadruped_mpc': CMAKE_PREFIX_PATH=${CMAKE_PREFIX_PATH}:/home/ws/install/quadruped_simulation:/home/ws/install/quadruped_controllers:/opt/ros/jazzy /usr/bin/cmake /home/ws/src/quadruped_mpc -DAMENT_CMAKE_SYMLINK_INSTALL=1 -DCMAKE_INSTALL_PREFIX=/home/ws/install/quadruped_mpc
[0.244s] -- The C compiler identification is GNU 13.2.0
[0.354s] -- The CXX compiler identification is GNU 13.2.0
[0.396s] -- Detecting C compiler ABI info
[0.685s] -- Detecting C compiler ABI info - done
[0.714s] -- Check for working C compiler: /usr/bin/cc - skipped
[0.714s] -- Detecting C compile features
[0.716s] -- Detecting C compile features - done
[0.747s] -- Detecting CXX compiler ABI info
[1.020s] -- Detecting CXX compiler ABI info - done
[1.058s] -- Check for working CXX compiler: /usr/bin/c++ - skipped
[1.059s] -- Detecting CXX compile features
[1.060s] -- Detecting CXX compile features - done
[1.078s] -- Found ament_cmake: 2.5.2 (/opt/ros/jazzy/share/ament_cmake/cmake)
[1.482s] -- Found Python3: /usr/bin/python3 (found version "3.12.3") found components: Interpreter 
[1.619s] -- Override CMake install command with custom implementation using symlinks instead of copying resources
[1.716s] -- Found rclcpp: 28.1.5 (/opt/ros/jazzy/share/rclcpp/cmake)
[1.827s] -- Found rosidl_generator_c: 4.6.4 (/opt/ros/jazzy/share/rosidl_generator_c/cmake)
[1.873s] -- Found rosidl_generator_cpp: 4.6.4 (/opt/ros/jazzy/share/rosidl_generator_cpp/cmake)
[1.912s] -- Using all available rosidl_typesupport_c: rosidl_typesupport_fastrtps_c;rosidl_typesupport_introspection_c
[1.968s] -- Using all available rosidl_typesupport_cpp: rosidl_typesupport_fastrtps_cpp;rosidl_typesupport_introspection_cpp
[2.210s] -- Found rmw_implementation_cmake: 7.3.1 (/opt/ros/jazzy/share/rmw_implementation_cmake/cmake)
[2.231s] -- Found rmw_fastrtps_cpp: 8.4.1 (/opt/ros/jazzy/share/rmw_fastrtps_cpp/cmake)
[2.530s] -- Found OpenSSL: /usr/lib/x86_64-linux-gnu/libcrypto.so (found version "3.0.13")  
[2.598s] -- Found FastRTPS: /opt/ros/jazzy/include (Required is at least version "2.13") 
[2.662s] -- Using RMW implementation 'rmw_fastrtps_cpp' as default
[2.881s] -- Found controller_interface: 4.18.0 (/opt/ros/jazzy/share/controller_interface/cmake)
[3.581s] -- pinocchio FOUND. pinocchio at /opt/ros/jazzy/lib/x86_64-linux-gnu/libpinocchio.so
[3.582s] -- boost_filesystem FOUND. boost_filesystem at /lib/x86_64-linux-gnu/libboost_filesystem.so
[3.584s] -- boost_serialization FOUND. boost_serialization at /lib/x86_64-linux-gnu/libboost_serialization.so
[3.585s] -- boost_system FOUND. boost_system at /lib/x86_64-linux-gnu/libboost_system.so
[3.764s] -- Found Boost: /usr/include (found version "1.83.0") found components: filesystem serialization system 
[3.769s] -- eigenpy FOUND. eigenpy at /opt/ros/jazzy/lib/x86_64-linux-gnu/libeigenpy.so
[3.802s] -- Checking for NumPy
[4.134s] --   NUMPY_INCLUDE_DIRS=/usr/lib/python3/dist-packages/numpy/core/include
[4.286s] --   NUMPY_VERSION=1.26.4
[4.881s] -- Found Python3: /usr/bin/python3 (found version "3.12.3") found components: Interpreter Development.Module NumPy 
[4.882s] -- PythonLibraryDirs: 
[4.882s] -- PythonLibVersionString: 3.12.3
[4.937s] -- Python site lib: lib/python3.12/dist-packages
[4.937s] -- Python include dirs: /usr/include/python3.12
[5.018s] -- Checking for NumPy
[5.188s] --   NUMPY_INCLUDE_DIRS=/usr/lib/python3/dist-packages/numpy/core/include
[5.383s] --   NUMPY_VERSION=1.26.4
[5.384s] -- NumPy include dir: /usr/lib/python3/dist-packages/numpy/core/include
[5.398s] -- Found Boost: /usr/include (found version "1.83.0") found components: python312 
[5.399s] -- Boost_PYTHON_LIBRARY: /usr/lib/x86_64-linux-gnu/libboost_python312.so
[6.077s] -- Default C++ standard: 201703
[6.077s] -- Minimal C++ standard upgraded to 11
[6.077s] -- C++ standard sufficient: Minimal required 11, currently defined: 17
[6.078s] -- CMAKE_CXX_STANDARD was not set: automatically set to currently defined standard 17
[6.083s] -- Minimal C++ standard upgraded to 14
[6.084s] -- C++ standard sufficient: Minimal required 14, currently defined: 17
[6.084s] [31mCMake Error at CMakeLists.txt:17 (rosidl_generate_interfaces):
[6.084s]   Unknown CMake command "rosidl_generate_interfaces".
[6.084s] 
[6.085s] [0m
[6.085s] -- Configuring incomplete, errors occurred!
[6.102s] Invoked command in '/home/ws/build/quadruped_mpc' returned '1': CMAKE_PREFIX_PATH=${CMAKE_PREFIX_PATH}:/home/ws/install/quadruped_simulation:/home/ws/install/quadruped_controllers:/opt/ros/jazzy /usr/bin/cmake /home/ws/src/quadruped_mpc -DAMENT_CMAKE_SYMLINK_INSTALL=1 -DCMAKE_INSTALL_PREFIX=/home/ws/install/quadruped_mpc
