[0.048s] Invoking command in '/home/ws/build/quadruped': CMAKE_PREFIX_PATH=${CMAKE_PREFIX_PATH}:/opt/ros/jazzy /usr/bin/cmake --build /home/ws/build/quadruped -- -j20 -l20
[0.172s] -- Found ament_cmake: 2.5.2 (/opt/ros/jazzy/share/ament_cmake/cmake)
[0.277s] -- Found Python3: /usr/bin/python3 (found version "3.12.3") found components: Interpreter 
[0.589s] -- Override CMake install command with custom implementation using symlinks instead of copying resources
[0.636s] -- Found rclcpp: 28.1.5 (/opt/ros/jazzy/share/rclcpp/cmake)
[0.770s] -- Found rosidl_generator_c: 4.6.4 (/opt/ros/jazzy/share/rosidl_generator_c/cmake)
[0.812s] -- Found rosidl_generator_cpp: 4.6.4 (/opt/ros/jazzy/share/rosidl_generator_cpp/cmake)
[0.868s] -- Using all available rosidl_typesupport_c: rosidl_typesupport_fastrtps_c;rosidl_typesupport_introspection_c
[0.919s] -- Using all available rosidl_typesupport_cpp: rosidl_typesupport_fastrtps_cpp;rosidl_typesupport_introspection_cpp
[1.194s] -- Found rmw_implementation_cmake: 7.3.1 (/opt/ros/jazzy/share/rmw_implementation_cmake/cmake)
[1.203s] -- Found rmw_fastrtps_cpp: 8.4.1 (/opt/ros/jazzy/share/rmw_fastrtps_cpp/cmake)
[1.483s] -- Using RMW implementation 'rmw_fastrtps_cpp' as default
[1.800s] -- Found hardware_interface: 4.17.0 (/opt/ros/jazzy/share/hardware_interface/cmake)
[2.805s] -- Found controller_manager: 4.17.0 (/opt/ros/jazzy/share/controller_manager/cmake)
[3.108s] -- Found ros2_control: 4.17.0 (/opt/ros/jazzy/share/ros2_control/cmake)
[3.110s] -- Found ros_gz_sim: 1.0.4 (/opt/ros/jazzy/share/ros_gz_sim/cmake)
[3.119s] -- Looking for gz-sim8 -- found version 8.6.0
[3.152s] -- Searching for dependencies of gz-sim8
[3.154s] -- Looking for sdformat14 -- found version 14.5.0
[3.154s] -- Searching for dependencies of sdformat14
[3.174s] -- Checking for module 'tinyxml2'
[3.232s] --   Found tinyxml2, version 10.0.0
[3.360s] -- Looking for gz-math7 -- found version 7.5.0
[3.360s] -- Searching for dependencies of gz-math7
[3.362s] -- Looking for gz-utils2 -- found version 2.2.0
[3.363s] -- Searching for dependencies of gz-utils2
[3.374s] -- Looking for gz-utils2 -- found version 2.2.0
[3.374s] -- Searching for dependencies of gz-utils2
[3.375s] -- Searching for <gz-utils2> component [cli]
[3.378s] -- Looking for gz-utils2-cli -- found version 2.2.0
[3.378s] -- Searching for dependencies of gz-utils2-cli
[3.385s] -- Looking for gz-plugin2 -- found version 2.0.3
[3.385s] -- Searching for dependencies of gz-plugin2
[3.387s] -- Looking for gz-utils2 -- found version 2.2.0
[3.390s] -- Searching for <gz-plugin2> component [loader]
[3.393s] -- Looking for gz-plugin2-loader -- found version 2.0.3
[3.393s] -- Searching for dependencies of gz-plugin2-loader
[3.396s] -- Searching for <gz-plugin2> component [register]
[3.398s] -- Looking for gz-plugin2-register -- found version 2.0.3
[3.399s] -- Searching for dependencies of gz-plugin2-register
[3.402s] -- Looking for gz-transport13 -- found version 13.4.0
[3.403s] -- Searching for dependencies of gz-transport13
[3.542s] -- Config-file not installed for ZeroMQ -- checking for pkg-config
[3.560s] -- Checking for module 'libzmq >= 4'
[3.611s] --   Found libzmq, version 4.3.5
[3.796s] -- Checking for module 'uuid'
[3.853s] --   Found uuid, version 2.39.3
[3.979s] -- Looking for gz-utils2 -- found version 2.2.0
[3.981s] -- Looking for gz-msgs10 -- found version 10.3.0
[3.981s] -- Searching for dependencies of gz-msgs10
[4.066s] -- Looking for gz-utils2 -- found version 2.2.0
[4.067s] -- Looking for gz-math7 -- found version 7.5.0
[4.212s] -- Searching for <gz-transport13> component [log]
[4.215s] -- Looking for gz-transport13-log -- found version 13.4.0
[4.215s] -- Searching for dependencies of gz-transport13-log
[4.219s] -- Searching for <gz-transport13> component [parameters]
[4.221s] -- Looking for gz-transport13-parameters -- found version 13.4.0
[4.222s] -- Searching for dependencies of gz-transport13-parameters
[4.227s] -- Looking for gz-msgs10 -- found version 10.3.0
[4.230s] -- Looking for gz-common5 -- found version 5.6.0
[4.230s] -- Searching for dependencies of gz-common5
[4.232s] -- Looking for gz-utils2 -- found version 2.2.0
[4.233s] -- Looking for dlfcn.h - found
[4.234s] -- Looking for libdl - found
[4.267s] -- Searching for <gz-common5> component [av]
[4.269s] -- Looking for gz-common5-av -- found version 5.6.0
[4.270s] -- Searching for dependencies of gz-common5-av
[4.291s] -- Checking for module 'libswscale'
[4.350s] --   Found libswscale, version 7.5.100
[4.507s] -- Checking for module 'libavdevice >= 56.4.100'
[4.565s] --   Found libavdevice, version 60.3.100
[4.765s] -- Checking for module 'libavformat'
[4.823s] --   Found libavformat, version 60.16.100
[4.996s] -- Checking for module 'libavcodec'
[5.054s] --   Found libavcodec, version 60.31.102
[5.210s] -- Checking for module 'libavutil'
[5.268s] --   Found libavutil, version 58.29.100
[5.402s] -- Searching for <gz-common5> component [events]
[5.404s] -- Looking for gz-common5-events -- found version 5.6.0
[5.404s] -- Searching for dependencies of gz-common5-events
[5.406s] -- Looking for gz-math7 -- found version 7.5.0
[5.409s] -- Searching for <gz-common5> component [graphics]
[5.411s] -- Looking for gz-common5-graphics -- found version 5.6.0
[5.412s] -- Searching for dependencies of gz-common5-graphics
[5.414s] -- Looking for gz-math7 -- found version 7.5.0
[5.426s] -- Searching for <gz-common5> component [io]
[5.429s] -- Looking for gz-common5-io -- found version 5.6.0
[5.430s] -- Searching for dependencies of gz-common5-io
[5.433s] -- Searching for <gz-common5> component [profiler]
[5.435s] -- Looking for gz-common5-profiler -- found version 5.6.0
[5.436s] -- Searching for dependencies of gz-common5-profiler
[5.442s] -- Looking for gz-fuel_tools9 -- found version 9.1.0
[5.443s] -- Searching for dependencies of gz-fuel_tools9
[5.606s] -- Checking for module 'jsoncpp'
[5.663s] --   Found jsoncpp, version 1.9.5
[5.862s] -- Checking for module 'yaml-0.1'
[5.919s] --   Found yaml-0.1, version 0.2.5
[6.069s] -- Checking for module 'libzip'
[6.127s] --   Found libzip, version 1.7.3
[6.262s] -- Looking for gz-utils2 -- found version 2.2.0
[6.264s] -- Looking for gz-common5 -- found version 5.6.0
[6.265s] -- Searching for dependencies of gz-common5
[6.266s] -- Looking for gz-utils2 -- found version 2.2.0
[6.268s] -- Looking for dlfcn.h - found
[6.268s] -- Looking for libdl - found
[6.301s] -- Searching for <gz-common5> component [testing]
[6.307s] -- Looking for gz-common5-testing -- found version 5.6.0
[6.308s] -- Searching for dependencies of gz-common5-testing
[6.312s] -- Looking for gz-math7 -- found version 7.5.0
[6.314s] -- Looking for gz-msgs10 -- found version 10.3.0
[6.320s] -- Looking for gz-gui8 -- found version 8.3.0
[6.321s] -- Searching for dependencies of gz-gui8
[6.432s] -- Looking for gz-utils2 -- found version 2.2.0
[6.434s] -- Looking for gz-math7 -- found version 7.5.0
[6.437s] -- Looking for gz-common5 -- found version 5.6.0
[6.439s] -- Looking for gz-plugin2 -- found version 2.0.3
[6.441s] -- Looking for gz-transport13 -- found version 13.4.0
[6.443s] -- Looking for gz-rendering8 -- found version 8.2.0
[6.444s] -- Searching for dependencies of gz-rendering8
[6.446s] -- Looking for gz-math7 -- found version 7.5.0
[6.446s] -- Searching for dependencies of gz-math7
[6.448s] -- Looking for gz-utils2 -- found version 2.2.0
[6.449s] -- Searching for <gz-math7> component [eigen3]
[6.453s] -- Looking for gz-math7-eigen3 -- found version 7.5.0
[6.454s] -- Searching for dependencies of gz-math7-eigen3
[6.463s] -- Looking for gz-common5 -- found version 5.6.0
[6.463s] -- Searching for dependencies of gz-common5
[6.465s] -- Looking for gz-utils2 -- found version 2.2.0
[6.466s] -- Looking for dlfcn.h - found
[6.466s] -- Looking for libdl - found
[6.499s] -- Searching for <gz-common5> component [graphics]
[6.499s] -- Searching for <gz-common5> component [events]
[6.499s] -- Searching for <gz-common5> component [geospatial]
[6.500s] -- Looking for gz-common5-geospatial -- found version 5.6.0
[6.501s] -- Searching for dependencies of gz-common5-geospatial
[6.503s] -- Looking for gz-math7 -- found version 7.5.0
[6.505s] -- Looking for gz-common5 -- found version 5.6.0
[6.510s] -- Looking for gz-plugin2 -- found version 2.0.3
[6.511s] -- Searching for dependencies of gz-plugin2
[6.513s] -- Looking for gz-utils2 -- found version 2.2.0
[6.514s] -- Searching for <gz-plugin2> component [all]
[6.516s] -- Looking for all libraries of gz-plugin2 -- found version 2.0.3
[6.519s] -- Looking for gz-plugin2 -- found version 2.0.3
[6.524s] -- Looking for gz-utils2 -- found version 2.2.0
[6.540s] -- Looking for gz-msgs10 -- found version 10.3.0
[6.623s] -- Looking for gz-physics7 -- found version 7.3.0
[6.623s] -- Searching for dependencies of gz-physics7
[6.625s] -- Looking for gz-common5 -- found version 5.6.0
[6.627s] -- Looking for gz-math7 -- found version 7.5.0
[6.628s] -- Looking for gz-plugin2 -- found version 2.0.3
[6.630s] -- Looking for gz-utils2 -- found version 2.2.0
[6.637s] -- Searching for <gz-physics7> component [heightmap]
[6.639s] -- Looking for gz-physics7-heightmap -- found version 7.3.0
[6.640s] -- Searching for dependencies of gz-physics7-heightmap
[6.641s] -- Looking for gz-common5 -- found version 5.6.0
[6.643s] -- Searching for <gz-physics7> component [mesh]
[6.646s] -- Looking for gz-physics7-mesh -- found version 7.3.0
[6.647s] -- Searching for dependencies of gz-physics7-mesh
[6.649s] -- Looking for gz-common5 -- found version 5.6.0
[6.651s] -- Searching for <gz-physics7> component [sdf]
[6.653s] -- Looking for gz-physics7-sdf -- found version 7.3.0
[6.653s] -- Searching for dependencies of gz-physics7-sdf
[6.655s] -- Looking for sdformat14 -- found version 14.5.0
[6.660s] -- Looking for gz-sensors8 -- found version 8.2.0
[6.660s] -- Searching for dependencies of gz-sensors8
[6.746s] -- Looking for gz-math7 -- found version 7.5.0
[6.749s] -- Looking for gz-common5 -- found version 5.6.0
[6.751s] -- Looking for gz-transport13 -- found version 13.4.0
[6.753s] -- Looking for gz-rendering8 -- found version 8.2.0
[6.756s] -- Looking for gz-msgs10 -- found version 10.3.0
[6.757s] -- Looking for sdformat14 -- found version 14.5.0
[6.763s] -- Searching for <gz-sensors8> component [air_pressure]
[6.765s] -- Looking for gz-sensors8-air_pressure -- found version 8.2.0
[6.766s] -- Searching for dependencies of gz-sensors8-air_pressure
[6.769s] -- Searching for <gz-sensors8> component [air_speed]
[6.771s] -- Looking for gz-sensors8-air_speed -- found version 8.2.0
[6.772s] -- Searching for dependencies of gz-sensors8-air_speed
[6.775s] -- Searching for <gz-sensors8> component [altimeter]
[6.777s] -- Looking for gz-sensors8-altimeter -- found version 8.2.0
[6.777s] -- Searching for dependencies of gz-sensors8-altimeter
[6.779s] -- Searching for <gz-sensors8> component [imu]
[6.782s] -- Looking for gz-sensors8-imu -- found version 8.2.0
[6.783s] -- Searching for dependencies of gz-sensors8-imu
[6.786s] -- Searching for <gz-sensors8> component [force_torque]
[6.789s] -- Looking for gz-sensors8-force_torque -- found version 8.2.0
[6.789s] -- Searching for dependencies of gz-sensors8-force_torque
[6.792s] -- Searching for <gz-sensors8> component [logical_camera]
[6.795s] -- Looking for gz-sensors8-logical_camera -- found version 8.2.0
[6.795s] -- Searching for dependencies of gz-sensors8-logical_camera
[6.798s] -- Searching for <gz-sensors8> component [magnetometer]
[6.800s] -- Looking for gz-sensors8-magnetometer -- found version 8.2.0
[6.800s] -- Searching for dependencies of gz-sensors8-magnetometer
[6.804s] -- Searching for <gz-sensors8> component [navsat]
[6.806s] -- Looking for gz-sensors8-navsat -- found version 8.2.0
[6.806s] -- Searching for dependencies of gz-sensors8-navsat
[6.808s] -- Searching for <gz-sensors8> component [dvl]
[6.811s] -- Looking for gz-sensors8-dvl -- found version 8.2.0
[6.812s] -- Searching for dependencies of gz-sensors8-dvl
[6.813s] -- Looking for gz-sensors8 -- found version 8.2.0
[6.814s] -- Searching for dependencies of gz-sensors8
[6.900s] -- Looking for gz-math7 -- found version 7.5.0
[6.901s] -- Looking for gz-common5 -- found version 5.6.0
[6.903s] -- Looking for gz-transport13 -- found version 13.4.0
[6.906s] -- Looking for gz-rendering8 -- found version 8.2.0
[6.908s] -- Looking for gz-msgs10 -- found version 10.3.0
[6.910s] -- Looking for sdformat14 -- found version 14.5.0
[6.911s] -- Searching for <gz-sensors8> component [rendering]
[6.916s] -- Looking for gz-sensors8-rendering -- found version 8.2.0
[6.917s] -- Searching for dependencies of gz-sensors8-rendering
[6.922s] -- Searching for <gz-sensors8> component [rendering]
[6.923s] -- Searching for <gz-sensors8> component [lidar]
[6.929s] -- Looking for gz-sensors8-lidar -- found version 8.2.0
[6.929s] -- Searching for dependencies of gz-sensors8-lidar
[6.931s] -- Looking for gz-sensors8 -- found version 8.2.0
[6.934s] -- Searching for <gz-sensors8> component [gpu_lidar]
[6.937s] -- Looking for gz-sensors8-gpu_lidar -- found version 8.2.0
[6.938s] -- Searching for dependencies of gz-sensors8-gpu_lidar
[6.940s] -- Looking for gz-sensors8 -- found version 8.2.0
[6.944s] -- Searching for <gz-sensors8> component [camera]
[6.946s] -- Looking for gz-sensors8-camera -- found version 8.2.0
[6.947s] -- Searching for dependencies of gz-sensors8-camera
[6.948s] -- Looking for gz-sensors8 -- found version 8.2.0
[6.952s] -- Searching for <gz-sensors8> component [boundingbox_camera]
[6.954s] -- Looking for gz-sensors8-boundingbox_camera -- found version 8.2.0
[6.954s] -- Searching for dependencies of gz-sensors8-boundingbox_camera
[6.957s] -- Searching for <gz-sensors8> component [segmentation_camera]
[6.959s] -- Looking for gz-sensors8-segmentation_camera -- found version 8.2.0
[6.960s] -- Searching for dependencies of gz-sensors8-segmentation_camera
[6.963s] -- Searching for <gz-sensors8> component [depth_camera]
[6.964s] -- Looking for gz-sensors8-depth_camera -- found version 8.2.0
[6.965s] -- Searching for dependencies of gz-sensors8-depth_camera
[6.966s] -- Looking for gz-sensors8 -- found version 8.2.0
[6.969s] -- Searching for <gz-sensors8> component [rgbd_camera]
[6.972s] -- Looking for gz-sensors8-rgbd_camera -- found version 8.2.0
[6.972s] -- Searching for dependencies of gz-sensors8-rgbd_camera
[6.974s] -- Looking for gz-sensors8 -- found version 8.2.0
[6.977s] -- Searching for <gz-sensors8> component [thermal_camera]
[6.979s] -- Looking for gz-sensors8-thermal_camera -- found version 8.2.0
[6.980s] -- Searching for dependencies of gz-sensors8-thermal_camera
[6.982s] -- Looking for gz-sensors8 -- found version 8.2.0
[6.986s] -- Searching for <gz-sensors8> component [wide_angle_camera]
[6.987s] -- Looking for gz-sensors8-wide_angle_camera -- found version 8.2.0
[6.988s] -- Searching for dependencies of gz-sensors8-wide_angle_camera
[6.993s] -- Looking for gz-rendering8 -- found version 8.2.0
[6.994s] -- Looking for gz-math7 -- found version 7.5.0
[6.997s] -- Looking for gz-utils2 -- found version 2.2.0
[7.087s] -- Looking for gz-plugin2 -- found version 2.0.3
[7.088s] -- Found rosidl_default_generators: 1.6.0 (/opt/ros/jazzy/share/rosidl_default_generators/cmake)
[7.137s] -- Found rosidl_adapter: 4.6.4 (/opt/ros/jazzy/share/rosidl_adapter/cmake)
[8.158s] -- Found ament_cmake_ros: 0.12.0 (/opt/ros/jazzy/share/ament_cmake_ros/cmake)
[8.774s] -- Using all available rosidl_typesupport_c: rosidl_typesupport_fastrtps_c;rosidl_typesupport_introspection_c
[9.010s] -- Using all available rosidl_typesupport_cpp: rosidl_typesupport_fastrtps_cpp;rosidl_typesupport_introspection_cpp
[9.018s] -- Found python_cmake_module: 0.11.1 (/opt/ros/jazzy/share/python_cmake_module/cmake)
[10.134s] -- Found Python3: /usr/bin/python3 (found version "3.12.3") found components: Interpreter Development NumPy Development.Module Development.Embed 
[10.219s] -- Configuring done (10.1s)
[10.331s] -- Generating done (0.1s)
[10.344s] -- Build files have been written to: /home/ws/build/quadruped
[10.508s] [  2%] [34m[1mGenerating type hashes for ROS interfaces[0m
[10.537s] [  2%] Built target ament_cmake_python_symlink_quadruped
[11.198s] running egg_info
[11.231s] writing quadruped.egg-info/PKG-INFO
[11.232s] writing dependency_links to quadruped.egg-info/dependency_links.txt
[11.233s] writing top-level names to quadruped.egg-info/top_level.txt
[11.308s] [  2%] Built target quadruped__rosidl_generator_type_description
[11.331s] reading manifest file 'quadruped.egg-info/SOURCES.txt'
[11.334s] writing manifest file 'quadruped.egg-info/SOURCES.txt'
[11.342s] [  5%] [34m[1mGenerating C code for ROS interfaces[0m
[11.377s] [  8%] [34m[1mGenerating C++ code for ROS interfaces[0m
[11.419s] [  8%] Built target ament_cmake_python_build_quadruped_egg
[12.362s] [  8%] Built target quadruped__cpp
[12.441s] [ 11%] [32mBuilding C object CMakeFiles/quadruped__rosidl_generator_c.dir/rosidl_generator_c/quadruped/msg/detail/leg_command__description.c.o[0m
[12.442s] [ 14%] [32mBuilding C object CMakeFiles/quadruped__rosidl_generator_c.dir/rosidl_generator_c/quadruped/msg/detail/leg_command__type_support.c.o[0m
[12.445s] [ 17%] [32mBuilding C object CMakeFiles/quadruped__rosidl_generator_c.dir/rosidl_generator_c/quadruped/msg/detail/leg_command__functions.c.o[0m
[12.601s] [ 20%] [32m[1mLinking C shared library libquadruped__rosidl_generator_c.so[0m
[12.743s] [ 20%] Built target quadruped__rosidl_generator_c
[12.784s] [ 23%] [34m[1mGenerating C++ type support dispatch for ROS interfaces[0m
[12.785s] [ 26%] [34m[1mGenerating C++ introspection for ROS interfaces[0m
[12.786s] [ 29%] [34m[1mGenerating C type support for eProsima Fast-RTPS[0m
[12.789s] [ 32%] [34m[1mGenerating C++ type support for eProsima Fast-RTPS[0m
[12.793s] [ 38%] [34m[1mGenerating C introspection for ROS interfaces[0m
[12.793s] [ 38%] [34m[1mGenerating C type support dispatch for ROS interfaces[0m
[13.355s] [ 41%] [32mBuilding CXX object CMakeFiles/quadruped__rosidl_typesupport_cpp.dir/rosidl_typesupport_cpp/quadruped/msg/leg_command__type_support.cpp.o[0m
[13.363s] [ 44%] [32mBuilding CXX object CMakeFiles/quadruped__rosidl_typesupport_c.dir/rosidl_typesupport_c/quadruped/msg/leg_command__type_support.cpp.o[0m
[13.369s] [ 47%] [32mBuilding C object CMakeFiles/quadruped__rosidl_typesupport_introspection_c.dir/rosidl_typesupport_introspection_c/quadruped/msg/detail/leg_command__type_support.c.o[0m
[13.406s] [ 50%] [32mBuilding CXX object CMakeFiles/quadruped__rosidl_typesupport_fastrtps_cpp.dir/rosidl_typesupport_fastrtps_cpp/quadruped/msg/detail/dds_fastrtps/leg_command__type_support.cpp.o[0m
[13.479s] [ 52%] [32mBuilding CXX object CMakeFiles/quadruped__rosidl_typesupport_introspection_cpp.dir/rosidl_typesupport_introspection_cpp/quadruped/msg/detail/leg_command__type_support.cpp.o[0m
[13.487s] [ 55%] [32mBuilding CXX object CMakeFiles/quadruped__rosidl_typesupport_fastrtps_c.dir/rosidl_typesupport_fastrtps_c/quadruped/msg/detail/leg_command__type_support_c.cpp.o[0m
[13.507s] [ 58%] [32m[1mLinking C shared library libquadruped__rosidl_typesupport_introspection_c.so[0m
[13.528s] [ 61%] [32m[1mLinking CXX shared library libquadruped__rosidl_typesupport_c.so[0m
[13.580s] [ 61%] Built target quadruped__rosidl_typesupport_introspection_c
[13.601s] [ 61%] Built target quadruped__rosidl_typesupport_c
[14.006s] [ 64%] [32m[1mLinking CXX shared library libquadruped__rosidl_typesupport_cpp.so[0m
[14.096s] [ 64%] Built target quadruped__rosidl_typesupport_cpp
[14.203s] [ 67%] [32m[1mLinking CXX shared library libquadruped__rosidl_typesupport_introspection_cpp.so[0m
[14.447s] [ 67%] Built target quadruped__rosidl_typesupport_introspection_cpp
[14.601s] [ 70%] [32m[1mLinking CXX shared library libquadruped__rosidl_typesupport_fastrtps_c.so[0m
[14.697s] [ 73%] [32m[1mLinking CXX shared library libquadruped__rosidl_typesupport_fastrtps_cpp.so[0m
[14.813s] [ 73%] Built target quadruped__rosidl_typesupport_fastrtps_c
[14.932s] [ 73%] Built target quadruped__rosidl_typesupport_fastrtps_cpp
[15.004s] [ 73%] Built target quadruped
[15.084s] [ 76%] [34m[1mGenerating Python code for ROS interfaces[0m
[16.474s] [ 76%] Built target quadruped__py
[16.567s] [ 79%] [32mBuilding C object CMakeFiles/quadruped__rosidl_generator_py.dir/rosidl_generator_py/quadruped/msg/_leg_command_s.c.o[0m
[17.040s] [ 82%] [32m[1mLinking C shared library libquadruped__rosidl_generator_py.so[0m
[17.173s] [ 82%] Built target quadruped__rosidl_generator_py
[17.259s] [ 85%] [32mBuilding C object CMakeFiles/quadruped_s__rosidl_typesupport_fastrtps_c.dir/rosidl_generator_py/quadruped/_quadruped_s.ep.rosidl_typesupport_fastrtps_c.c.o[0m
[17.264s] [ 88%] [32mBuilding C object CMakeFiles/quadruped_s__rosidl_typesupport_c.dir/rosidl_generator_py/quadruped/_quadruped_s.ep.rosidl_typesupport_c.c.o[0m
[17.265s] [ 91%] [32mBuilding C object CMakeFiles/quadruped_s__rosidl_typesupport_introspection_c.dir/rosidl_generator_py/quadruped/_quadruped_s.ep.rosidl_typesupport_introspection_c.c.o[0m
[17.549s] [ 94%] [32m[1mLinking C shared module rosidl_generator_py/quadruped/quadruped_s__rosidl_typesupport_fastrtps_c.so[0m
[17.556s] [ 97%] [32m[1mLinking C shared module rosidl_generator_py/quadruped/quadruped_s__rosidl_typesupport_introspection_c.so[0m
[17.568s] [100%] [32m[1mLinking C shared module rosidl_generator_py/quadruped/quadruped_s__rosidl_typesupport_c.so[0m
[17.616s] [100%] Built target quadruped_s__rosidl_typesupport_fastrtps_c
[17.617s] [100%] Built target quadruped_s__rosidl_typesupport_introspection_c
[17.640s] [100%] Built target quadruped_s__rosidl_typesupport_c
[17.682s] Invoked command in '/home/ws/build/quadruped' returned '0': CMAKE_PREFIX_PATH=${CMAKE_PREFIX_PATH}:/opt/ros/jazzy /usr/bin/cmake --build /home/ws/build/quadruped -- -j20 -l20
[17.968s] Invoking command in '/home/ws/build/quadruped': CMAKE_PREFIX_PATH=${CMAKE_PREFIX_PATH}:/opt/ros/jazzy /usr/bin/cmake --install /home/ws/build/quadruped
[18.000s] -- Install configuration: ""
[18.006s] -- Execute custom install script
[18.006s] -- Up-to-date symlink: /home/ws/install/quadruped/share/ament_index/resource_index/rosidl_interfaces/quadruped
[18.007s] -- Up-to-date symlink: /home/ws/install/quadruped/share/quadruped/msg/LegCommand.json
[18.009s] -- Up-to-date symlink: /home/ws/install/quadruped/include/quadruped/quadruped/msg/detail/leg_command__functions.h
[18.010s] -- Up-to-date symlink: /home/ws/install/quadruped/include/quadruped/quadruped/msg/detail/leg_command__struct.h
[18.010s] -- Up-to-date symlink: /home/ws/install/quadruped/include/quadruped/quadruped/msg/detail/leg_command__type_support.h
[18.011s] -- Up-to-date symlink: /home/ws/install/quadruped/include/quadruped/quadruped/msg/leg_command.h
[18.011s] -- Up-to-date symlink: /home/ws/install/quadruped/include/quadruped/quadruped/msg/rosidl_generator_c__visibility_control.h
[18.012s] -- Up-to-date symlink: /home/ws/install/quadruped/share/quadruped/environment/library_path.sh
[18.012s] -- Up-to-date symlink: /home/ws/install/quadruped/share/quadruped/environment/library_path.dsv
[18.013s] -- Up-to-date symlink: /home/ws/install/quadruped/include/quadruped/quadruped/msg/detail/leg_command__rosidl_typesupport_fastrtps_c.h
[18.013s] -- Up-to-date symlink: /home/ws/install/quadruped/include/quadruped/quadruped/msg/rosidl_typesupport_fastrtps_c__visibility_control.h
[18.014s] -- Up-to-date symlink: /home/ws/install/quadruped/include/quadruped/quadruped/msg/detail/leg_command__builder.hpp
[18.015s] -- Up-to-date symlink: /home/ws/install/quadruped/include/quadruped/quadruped/msg/detail/leg_command__struct.hpp
[18.015s] -- Up-to-date symlink: /home/ws/install/quadruped/include/quadruped/quadruped/msg/detail/leg_command__traits.hpp
[18.016s] -- Up-to-date symlink: /home/ws/install/quadruped/include/quadruped/quadruped/msg/detail/leg_command__type_support.hpp
[18.016s] -- Up-to-date symlink: /home/ws/install/quadruped/include/quadruped/quadruped/msg/leg_command.hpp
[18.016s] -- Up-to-date symlink: /home/ws/install/quadruped/include/quadruped/quadruped/msg/rosidl_generator_cpp__visibility_control.hpp
[18.017s] -- Up-to-date symlink: /home/ws/install/quadruped/include/quadruped/quadruped/msg/detail/leg_command__rosidl_typesupport_fastrtps_cpp.hpp
[18.017s] -- Up-to-date symlink: /home/ws/install/quadruped/include/quadruped/quadruped/msg/rosidl_typesupport_fastrtps_cpp__visibility_control.h
[18.018s] -- Up-to-date symlink: /home/ws/install/quadruped/include/quadruped/quadruped/msg/detail/leg_command__rosidl_typesupport_introspection_c.h
[18.018s] -- Up-to-date symlink: /home/ws/install/quadruped/include/quadruped/quadruped/msg/rosidl_typesupport_introspection_c__visibility_control.h
[18.019s] -- Up-to-date symlink: /home/ws/install/quadruped/include/quadruped/quadruped/msg/detail/leg_command__rosidl_typesupport_introspection_cpp.hpp
[18.020s] -- Up-to-date symlink: /home/ws/install/quadruped/share/quadruped/environment/pythonpath.sh
[18.020s] -- Up-to-date symlink: /home/ws/install/quadruped/share/quadruped/environment/pythonpath.dsv
[18.021s] -- Up-to-date symlink: /home/ws/install/quadruped/lib/python3.12/site-packages/quadruped-0.0.0-py3.12.egg-info/PKG-INFO
[18.021s] -- Up-to-date symlink: /home/ws/install/quadruped/lib/python3.12/site-packages/quadruped-0.0.0-py3.12.egg-info/SOURCES.txt
[18.021s] -- Up-to-date symlink: /home/ws/install/quadruped/lib/python3.12/site-packages/quadruped-0.0.0-py3.12.egg-info/dependency_links.txt
[18.022s] -- Up-to-date symlink: /home/ws/install/quadruped/lib/python3.12/site-packages/quadruped-0.0.0-py3.12.egg-info/top_level.txt
[18.023s] -- Up-to-date symlink: /home/ws/install/quadruped/lib/python3.12/site-packages/quadruped/__init__.py
[18.024s] -- Up-to-date symlink: /home/ws/install/quadruped/lib/python3.12/site-packages/quadruped/_quadruped_s.ep.rosidl_typesupport_c.c
[18.024s] -- Up-to-date symlink: /home/ws/install/quadruped/lib/python3.12/site-packages/quadruped/_quadruped_s.ep.rosidl_typesupport_fastrtps_c.c
[18.025s] -- Up-to-date symlink: /home/ws/install/quadruped/lib/python3.12/site-packages/quadruped/_quadruped_s.ep.rosidl_typesupport_introspection_c.c
[18.025s] -- Up-to-date symlink: /home/ws/install/quadruped/lib/python3.12/site-packages/quadruped/msg/__init__.py
[18.025s] -- Up-to-date symlink: /home/ws/install/quadruped/lib/python3.12/site-packages/quadruped/msg/_leg_command.py
[18.026s] -- Up-to-date symlink: /home/ws/install/quadruped/lib/python3.12/site-packages/quadruped/msg/_leg_command_s.c
[18.026s] -- Up-to-date symlink: /home/ws/install/quadruped/lib/python3.12/site-packages/quadruped/quadruped_s__rosidl_typesupport_c.so
[18.026s] -- Up-to-date symlink: /home/ws/install/quadruped/lib/python3.12/site-packages/quadruped/quadruped_s__rosidl_typesupport_fastrtps_c.so
[18.026s] -- Up-to-date symlink: /home/ws/install/quadruped/lib/python3.12/site-packages/quadruped/quadruped_s__rosidl_typesupport_introspection_c.so
[18.027s] -- Up-to-date symlink: /home/ws/install/quadruped/lib/python3.12/site-packages/quadruped/quadruped_s__rosidl_typesupport_fastrtps_c.so
[18.027s] -- Up-to-date symlink: /home/ws/install/quadruped/lib/python3.12/site-packages/quadruped/quadruped_s__rosidl_typesupport_introspection_c.so
[18.028s] -- Up-to-date symlink: /home/ws/install/quadruped/lib/python3.12/site-packages/quadruped/quadruped_s__rosidl_typesupport_c.so
[18.028s] -- Up-to-date symlink: /home/ws/install/quadruped/share/quadruped/msg/LegCommand.idl
[18.029s] -- Up-to-date symlink: /home/ws/install/quadruped/share/quadruped/messages/LegCommand.msg
[18.030s] -- Up-to-date symlink: /home/ws/install/quadruped/lib/quadruped/LegController.py
[18.030s] -- Symlinking: /home/ws/install/quadruped/lib/quadruped/GaitPatternGenerator.py
[18.065s] -- Up-to-date symlink: /home/ws/install/quadruped/share/quadruped/launch/controllers.launch.py
[18.066s] -- Up-to-date symlink: /home/ws/install/quadruped/share/quadruped/launch/gazebo_sim.launch.py
[18.066s] -- Up-to-date symlink: /home/ws/install/quadruped/share/quadruped/config/bridge.yaml
[18.067s] -- Up-to-date symlink: /home/ws/install/quadruped/share/quadruped/config/initial_joint_positions.yaml
[18.068s] -- Up-to-date symlink: /home/ws/install/quadruped/share/quadruped/config/quadruped.rviz
[18.068s] -- Up-to-date symlink: /home/ws/install/quadruped/share/quadruped/config/quadruped_controllers.yaml
[18.069s] -- Up-to-date symlink: /home/ws/install/quadruped/share/quadruped/urdf/Quadruped MJB.mjb
[18.070s] -- Up-to-date symlink: /home/ws/install/quadruped/share/quadruped/urdf/QuadrupedURDF.urdf.xacro
[18.070s] -- Up-to-date symlink: /home/ws/install/quadruped/share/quadruped/urdf/meshes/Body.STL
[18.071s] -- Up-to-date symlink: /home/ws/install/quadruped/share/quadruped/urdf/meshes/Body_bin.STL
[18.071s] -- Up-to-date symlink: /home/ws/install/quadruped/share/quadruped/urdf/meshes/Front Left Shin.STL
[18.071s] -- Up-to-date symlink: /home/ws/install/quadruped/share/quadruped/urdf/meshes/Front Left Thigh.STL
[18.072s] -- Up-to-date symlink: /home/ws/install/quadruped/share/quadruped/urdf/meshes/Front Right Shin.STL
[18.072s] -- Up-to-date symlink: /home/ws/install/quadruped/share/quadruped/urdf/meshes/Front Right Thigh.STL
[18.073s] -- Up-to-date symlink: /home/ws/install/quadruped/share/quadruped/urdf/meshes/Rear Left Shin.STL
[18.073s] -- Up-to-date symlink: /home/ws/install/quadruped/share/quadruped/urdf/meshes/Rear Left Thigh.STL
[18.073s] -- Up-to-date symlink: /home/ws/install/quadruped/share/quadruped/urdf/meshes/Rear Right Shin.STL
[18.073s] -- Up-to-date symlink: /home/ws/install/quadruped/share/quadruped/urdf/meshes/Rear Right Thigh.STL
[18.074s] -- Up-to-date symlink: /home/ws/install/quadruped/share/quadruped/urdf/mjb_maker.py
[18.074s] -- Up-to-date symlink: /home/ws/install/quadruped/share/quadruped/messages/LegCommand.msg
[18.075s] -- Up-to-date symlink: /home/ws/install/quadruped/share/ament_index/resource_index/package_run_dependencies/quadruped
[18.075s] -- Up-to-date symlink: /home/ws/install/quadruped/share/ament_index/resource_index/parent_prefix_path/quadruped
[18.075s] -- Up-to-date symlink: /home/ws/install/quadruped/share/quadruped/environment/ament_prefix_path.sh
[18.075s] -- Up-to-date symlink: /home/ws/install/quadruped/share/quadruped/environment/ament_prefix_path.dsv
[18.076s] -- Up-to-date symlink: /home/ws/install/quadruped/share/quadruped/environment/path.sh
[18.076s] -- Up-to-date symlink: /home/ws/install/quadruped/share/quadruped/environment/path.dsv
[18.076s] -- Up-to-date symlink: /home/ws/install/quadruped/share/quadruped/local_setup.bash
[18.077s] -- Up-to-date symlink: /home/ws/install/quadruped/share/quadruped/local_setup.sh
[18.077s] -- Up-to-date symlink: /home/ws/install/quadruped/share/quadruped/local_setup.zsh
[18.077s] -- Up-to-date symlink: /home/ws/install/quadruped/share/quadruped/local_setup.dsv
[18.078s] -- Symlinking: /home/ws/install/quadruped/share/quadruped/package.dsv
[18.112s] -- Up-to-date symlink: /home/ws/install/quadruped/share/ament_index/resource_index/packages/quadruped
[18.113s] -- Up-to-date symlink: /home/ws/install/quadruped/share/quadruped/cmake/rosidl_cmake-extras.cmake
[18.113s] -- Up-to-date symlink: /home/ws/install/quadruped/share/quadruped/cmake/ament_cmake_export_include_directories-extras.cmake
[18.114s] -- Up-to-date symlink: /home/ws/install/quadruped/share/quadruped/cmake/ament_cmake_export_libraries-extras.cmake
[18.114s] -- Up-to-date symlink: /home/ws/install/quadruped/share/quadruped/cmake/ament_cmake_export_targets-extras.cmake
[18.114s] -- Up-to-date symlink: /home/ws/install/quadruped/share/quadruped/cmake/rosidl_cmake_export_typesupport_targets-extras.cmake
[18.115s] -- Up-to-date symlink: /home/ws/install/quadruped/share/quadruped/cmake/ament_cmake_export_dependencies-extras.cmake
[18.115s] -- Up-to-date symlink: /home/ws/install/quadruped/share/quadruped/cmake/rosidl_cmake_export_typesupport_libraries-extras.cmake
[18.116s] -- Up-to-date symlink: /home/ws/install/quadruped/share/quadruped/cmake/quadrupedConfig.cmake
[18.116s] -- Up-to-date symlink: /home/ws/install/quadruped/share/quadruped/cmake/quadrupedConfig-version.cmake
[18.116s] -- Up-to-date symlink: /home/ws/install/quadruped/share/quadruped/package.xml
[18.117s] -- Installing: /home/ws/install/quadruped/lib/libquadruped__rosidl_generator_c.so
[18.118s] -- Set non-toolchain portion of runtime path of "/home/ws/install/quadruped/lib/libquadruped__rosidl_generator_c.so" to ""
[18.118s] -- Installing: /home/ws/install/quadruped/lib/libquadruped__rosidl_typesupport_fastrtps_c.so
[18.119s] -- Set non-toolchain portion of runtime path of "/home/ws/install/quadruped/lib/libquadruped__rosidl_typesupport_fastrtps_c.so" to ""
[18.120s] -- Installing: /home/ws/install/quadruped/lib/libquadruped__rosidl_typesupport_fastrtps_cpp.so
[18.120s] -- Set non-toolchain portion of runtime path of "/home/ws/install/quadruped/lib/libquadruped__rosidl_typesupport_fastrtps_cpp.so" to ""
[18.121s] -- Installing: /home/ws/install/quadruped/lib/libquadruped__rosidl_typesupport_introspection_c.so
[18.122s] -- Set non-toolchain portion of runtime path of "/home/ws/install/quadruped/lib/libquadruped__rosidl_typesupport_introspection_c.so" to ""
[18.122s] -- Installing: /home/ws/install/quadruped/lib/libquadruped__rosidl_typesupport_c.so
[18.123s] -- Set non-toolchain portion of runtime path of "/home/ws/install/quadruped/lib/libquadruped__rosidl_typesupport_c.so" to ""
[18.123s] -- Installing: /home/ws/install/quadruped/lib/libquadruped__rosidl_typesupport_introspection_cpp.so
[18.124s] -- Set non-toolchain portion of runtime path of "/home/ws/install/quadruped/lib/libquadruped__rosidl_typesupport_introspection_cpp.so" to ""
[18.124s] -- Installing: /home/ws/install/quadruped/lib/libquadruped__rosidl_typesupport_cpp.so
[18.125s] -- Set non-toolchain portion of runtime path of "/home/ws/install/quadruped/lib/libquadruped__rosidl_typesupport_cpp.so" to ""
[18.287s] Listing '/home/ws/install/quadruped/lib/python3.12/site-packages/quadruped'...
[18.288s] Compiling '/home/ws/install/quadruped/lib/python3.12/site-packages/quadruped/__init__.py'...
[18.288s] Listing '/home/ws/install/quadruped/lib/python3.12/site-packages/quadruped/msg'...
[18.288s] Compiling '/home/ws/install/quadruped/lib/python3.12/site-packages/quadruped/msg/__init__.py'...
[18.289s] Compiling '/home/ws/install/quadruped/lib/python3.12/site-packages/quadruped/msg/_leg_command.py'...
[18.311s] -- Installing: /home/ws/install/quadruped/lib/libquadruped__rosidl_generator_py.so
[18.312s] -- Set non-toolchain portion of runtime path of "/home/ws/install/quadruped/lib/libquadruped__rosidl_generator_py.so" to ""
[18.313s] -- Up-to-date: /home/ws/install/quadruped/share/quadruped/cmake/export_quadruped__rosidl_generator_cExport.cmake
[18.313s] -- Up-to-date: /home/ws/install/quadruped/share/quadruped/cmake/export_quadruped__rosidl_generator_cExport-noconfig.cmake
[18.314s] -- Up-to-date: /home/ws/install/quadruped/share/quadruped/cmake/export_quadruped__rosidl_typesupport_fastrtps_cExport.cmake
[18.314s] -- Up-to-date: /home/ws/install/quadruped/share/quadruped/cmake/export_quadruped__rosidl_typesupport_fastrtps_cExport-noconfig.cmake
[18.315s] -- Up-to-date: /home/ws/install/quadruped/share/quadruped/cmake/export_quadruped__rosidl_generator_cppExport.cmake
[18.315s] -- Up-to-date: /home/ws/install/quadruped/share/quadruped/cmake/export_quadruped__rosidl_typesupport_fastrtps_cppExport.cmake
[18.315s] -- Up-to-date: /home/ws/install/quadruped/share/quadruped/cmake/export_quadruped__rosidl_typesupport_fastrtps_cppExport-noconfig.cmake
[18.315s] -- Up-to-date: /home/ws/install/quadruped/share/quadruped/cmake/quadruped__rosidl_typesupport_introspection_cExport.cmake
[18.316s] -- Up-to-date: /home/ws/install/quadruped/share/quadruped/cmake/quadruped__rosidl_typesupport_introspection_cExport-noconfig.cmake
[18.316s] -- Up-to-date: /home/ws/install/quadruped/share/quadruped/cmake/quadruped__rosidl_typesupport_cExport.cmake
[18.316s] -- Up-to-date: /home/ws/install/quadruped/share/quadruped/cmake/quadruped__rosidl_typesupport_cExport-noconfig.cmake
[18.317s] -- Up-to-date: /home/ws/install/quadruped/share/quadruped/cmake/quadruped__rosidl_typesupport_introspection_cppExport.cmake
[18.317s] -- Up-to-date: /home/ws/install/quadruped/share/quadruped/cmake/quadruped__rosidl_typesupport_introspection_cppExport-noconfig.cmake
[18.317s] -- Up-to-date: /home/ws/install/quadruped/share/quadruped/cmake/quadruped__rosidl_typesupport_cppExport.cmake
[18.317s] -- Up-to-date: /home/ws/install/quadruped/share/quadruped/cmake/quadruped__rosidl_typesupport_cppExport-noconfig.cmake
[18.318s] -- Up-to-date: /home/ws/install/quadruped/share/quadruped/cmake/export_quadruped__rosidl_generator_pyExport.cmake
[18.318s] -- Up-to-date: /home/ws/install/quadruped/share/quadruped/cmake/export_quadruped__rosidl_generator_pyExport-noconfig.cmake
[18.323s] Invoked command in '/home/ws/build/quadruped' returned '0': CMAKE_PREFIX_PATH=${CMAKE_PREFIX_PATH}:/opt/ros/jazzy /usr/bin/cmake --install /home/ws/build/quadruped
