[0.033s] Invoking command in '/home/ws/build/quadruped': CMAKE_PREFIX_PATH=${CMAKE_PREFIX_PATH}:/opt/ros/jazzy /usr/bin/cmake --build /home/ws/build/quadruped -- -j20 -l20
[0.193s] -- Found ament_cmake: 2.5.2 (/opt/ros/jazzy/share/ament_cmake/cmake)
[0.266s] -- Found Python3: /usr/bin/python3 (found version "3.12.3") found components: Interpreter 
[0.395s] -- Override CMake install command with custom implementation using symlinks instead of copying resources
[0.418s] -- Found rclcpp: 28.1.5 (/opt/ros/jazzy/share/rclcpp/cmake)
[0.515s] -- Found rosidl_generator_c: 4.6.4 (/opt/ros/jazzy/share/rosidl_generator_c/cmake)
[0.547s] -- Found rosidl_generator_cpp: 4.6.4 (/opt/ros/jazzy/share/rosidl_generator_cpp/cmake)
[0.587s] -- Using all available rosidl_typesupport_c: rosidl_typesupport_fastrtps_c;rosidl_typesupport_introspection_c
[0.631s] -- Using all available rosidl_typesupport_cpp: rosidl_typesupport_fastrtps_cpp;rosidl_typesupport_introspection_cpp
[0.831s] -- Found rmw_implementation_cmake: 7.3.1 (/opt/ros/jazzy/share/rmw_implementation_cmake/cmake)
[0.836s] -- Found rmw_fastrtps_cpp: 8.4.1 (/opt/ros/jazzy/share/rmw_fastrtps_cpp/cmake)
[0.976s] -- Using RMW implementation 'rmw_fastrtps_cpp' as default
[1.091s] -- Found hardware_interface: 4.18.0 (/opt/ros/jazzy/share/hardware_interface/cmake)
[1.479s] -- Found controller_manager: 4.18.0 (/opt/ros/jazzy/share/controller_manager/cmake)
[1.669s] -- Found ros2_control: 4.18.0 (/opt/ros/jazzy/share/ros2_control/cmake)
[1.670s] -- Found ros_gz_sim: 1.0.5 (/opt/ros/jazzy/share/ros_gz_sim/cmake)
[1.678s] -- Looking for gz-sim8 -- found version 8.6.0
[1.702s] -- Searching for dependencies of gz-sim8
[1.703s] -- Looking for sdformat14 -- found version 14.5.0
[1.703s] -- Searching for dependencies of sdformat14
[1.715s] -- Checking for module 'tinyxml2'
[1.758s] --   Found tinyxml2, version 10.0.0
[1.821s] -- Looking for gz-math7 -- found version 7.5.0
[1.821s] -- Searching for dependencies of gz-math7
[1.823s] -- Looking for gz-utils2 -- found version 2.2.0
[1.823s] -- Searching for dependencies of gz-utils2
[1.828s] -- Looking for gz-utils2 -- found version 2.2.0
[1.829s] -- Searching for dependencies of gz-utils2
[1.829s] -- Searching for <gz-utils2> component [cli]
[1.831s] -- Looking for gz-utils2-cli -- found version 2.2.0
[1.831s] -- Searching for dependencies of gz-utils2-cli
[1.838s] -- Looking for gz-plugin2 -- found version 2.0.3
[1.838s] -- Searching for dependencies of gz-plugin2
[1.839s] -- Looking for gz-utils2 -- found version 2.2.0
[1.841s] -- Searching for <gz-plugin2> component [loader]
[1.843s] -- Looking for gz-plugin2-loader -- found version 2.0.3
[1.844s] -- Searching for dependencies of gz-plugin2-loader
[1.846s] -- Searching for <gz-plugin2> component [register]
[1.848s] -- Looking for gz-plugin2-register -- found version 2.0.3
[1.848s] -- Searching for dependencies of gz-plugin2-register
[1.852s] -- Looking for gz-transport13 -- found version 13.4.0
[1.852s] -- Searching for dependencies of gz-transport13
[1.941s] -- Config-file not installed for ZeroMQ -- checking for pkg-config
[1.951s] -- Checking for module 'libzmq >= 4'
[1.980s] --   Found libzmq, version 4.3.5
[2.087s] -- Checking for module 'uuid'
[2.112s] --   Found uuid, version 2.39.3
[2.188s] -- Looking for gz-utils2 -- found version 2.2.0
[2.190s] -- Looking for gz-msgs10 -- found version 10.3.0
[2.191s] -- Searching for dependencies of gz-msgs10
[2.234s] -- Looking for gz-utils2 -- found version 2.2.0
[2.234s] -- Looking for gz-math7 -- found version 7.5.0
[2.310s] -- Searching for <gz-transport13> component [log]
[2.311s] -- Looking for gz-transport13-log -- found version 13.4.0
[2.311s] -- Searching for dependencies of gz-transport13-log
[2.313s] -- Searching for <gz-transport13> component [parameters]
[2.314s] -- Looking for gz-transport13-parameters -- found version 13.4.0
[2.315s] -- Searching for dependencies of gz-transport13-parameters
[2.317s] -- Looking for gz-msgs10 -- found version 10.3.0
[2.318s] -- Looking for gz-common5 -- found version 5.6.0
[2.318s] -- Searching for dependencies of gz-common5
[2.319s] -- Looking for gz-utils2 -- found version 2.2.0
[2.319s] -- Looking for dlfcn.h - found
[2.319s] -- Looking for libdl - found
[2.343s] -- Searching for <gz-common5> component [av]
[2.345s] -- Looking for gz-common5-av -- found version 5.6.0
[2.345s] -- Searching for dependencies of gz-common5-av
[2.357s] -- Checking for module 'libswscale'
[2.386s] --   Found libswscale, version 7.5.100
[2.468s] -- Checking for module 'libavdevice >= 56.4.100'
[2.500s] --   Found libavdevice, version 60.3.100
[2.616s] -- Checking for module 'libavformat'
[2.656s] --   Found libavformat, version 60.16.100
[2.749s] -- Checking for module 'libavcodec'
[2.779s] --   Found libavcodec, version 60.31.102
[2.865s] -- Checking for module 'libavutil'
[2.892s] --   Found libavutil, version 58.29.100
[2.961s] -- Searching for <gz-common5> component [events]
[2.962s] -- Looking for gz-common5-events -- found version 5.6.0
[2.963s] -- Searching for dependencies of gz-common5-events
[2.963s] -- Looking for gz-math7 -- found version 7.5.0
[2.965s] -- Searching for <gz-common5> component [graphics]
[2.966s] -- Looking for gz-common5-graphics -- found version 5.6.0
[2.966s] -- Searching for dependencies of gz-common5-graphics
[2.967s] -- Looking for gz-math7 -- found version 7.5.0
[2.972s] -- Searching for <gz-common5> component [io]
[2.973s] -- Looking for gz-common5-io -- found version 5.6.0
[2.974s] -- Searching for dependencies of gz-common5-io
[2.975s] -- Searching for <gz-common5> component [profiler]
[2.976s] -- Looking for gz-common5-profiler -- found version 5.6.0
[2.976s] -- Searching for dependencies of gz-common5-profiler
[2.979s] -- Looking for gz-fuel_tools9 -- found version 9.1.0
[2.979s] -- Searching for dependencies of gz-fuel_tools9
[3.066s] -- Checking for module 'jsoncpp'
[3.094s] --   Found jsoncpp, version 1.9.5
[3.197s] -- Checking for module 'yaml-0.1'
[3.225s] --   Found yaml-0.1, version 0.2.5
[3.306s] -- Checking for module 'libzip'
[3.335s] --   Found libzip, version 1.7.3
[3.402s] -- Looking for gz-utils2 -- found version 2.2.0
[3.403s] -- Looking for gz-common5 -- found version 5.6.0
[3.403s] -- Searching for dependencies of gz-common5
[3.404s] -- Looking for gz-utils2 -- found version 2.2.0
[3.404s] -- Looking for dlfcn.h - found
[3.404s] -- Looking for libdl - found
[3.416s] -- Searching for <gz-common5> component [testing]
[3.420s] -- Looking for gz-common5-testing -- found version 5.6.0
[3.421s] -- Searching for dependencies of gz-common5-testing
[3.423s] -- Looking for gz-math7 -- found version 7.5.0
[3.424s] -- Looking for gz-msgs10 -- found version 10.3.0
[3.428s] -- Looking for gz-gui8 -- found version 8.3.0
[3.428s] -- Searching for dependencies of gz-gui8
[3.486s] -- Looking for gz-utils2 -- found version 2.2.0
[3.487s] -- Looking for gz-math7 -- found version 7.5.0
[3.488s] -- Looking for gz-common5 -- found version 5.6.0
[3.489s] -- Looking for gz-plugin2 -- found version 2.0.3
[3.490s] -- Looking for gz-transport13 -- found version 13.4.0
[3.493s] -- Looking for gz-rendering8 -- found version 8.2.0
[3.493s] -- Searching for dependencies of gz-rendering8
[3.494s] -- Looking for gz-math7 -- found version 7.5.0
[3.495s] -- Searching for dependencies of gz-math7
[3.495s] -- Looking for gz-utils2 -- found version 2.2.0
[3.496s] -- Searching for <gz-math7> component [eigen3]
[3.497s] -- Looking for gz-math7-eigen3 -- found version 7.5.0
[3.498s] -- Searching for dependencies of gz-math7-eigen3
[3.503s] -- Looking for gz-common5 -- found version 5.6.0
[3.504s] -- Searching for dependencies of gz-common5
[3.504s] -- Looking for gz-utils2 -- found version 2.2.0
[3.504s] -- Looking for dlfcn.h - found
[3.505s] -- Looking for libdl - found
[3.518s] -- Searching for <gz-common5> component [graphics]
[3.518s] -- Searching for <gz-common5> component [events]
[3.519s] -- Searching for <gz-common5> component [geospatial]
[3.519s] -- Looking for gz-common5-geospatial -- found version 5.6.0
[3.519s] -- Searching for dependencies of gz-common5-geospatial
[3.520s] -- Looking for gz-math7 -- found version 7.5.0
[3.521s] -- Looking for gz-common5 -- found version 5.6.0
[3.523s] -- Looking for gz-plugin2 -- found version 2.0.3
[3.524s] -- Searching for dependencies of gz-plugin2
[3.524s] -- Looking for gz-utils2 -- found version 2.2.0
[3.524s] -- Searching for <gz-plugin2> component [all]
[3.526s] -- Looking for all libraries of gz-plugin2 -- found version 2.0.3
[3.527s] -- Looking for gz-plugin2 -- found version 2.0.3
[3.530s] -- Looking for gz-utils2 -- found version 2.2.0
[3.545s] -- Looking for gz-msgs10 -- found version 10.3.0
[3.597s] -- Looking for gz-physics7 -- found version 7.3.0
[3.598s] -- Searching for dependencies of gz-physics7
[3.598s] -- Looking for gz-common5 -- found version 5.6.0
[3.599s] -- Looking for gz-math7 -- found version 7.5.0
[3.599s] -- Looking for gz-plugin2 -- found version 2.0.3
[3.600s] -- Looking for gz-utils2 -- found version 2.2.0
[3.603s] -- Searching for <gz-physics7> component [heightmap]
[3.604s] -- Looking for gz-physics7-heightmap -- found version 7.3.0
[3.604s] -- Searching for dependencies of gz-physics7-heightmap
[3.605s] -- Looking for gz-common5 -- found version 5.6.0
[3.606s] -- Searching for <gz-physics7> component [mesh]
[3.607s] -- Looking for gz-physics7-mesh -- found version 7.3.0
[3.607s] -- Searching for dependencies of gz-physics7-mesh
[3.607s] -- Looking for gz-common5 -- found version 5.6.0
[3.609s] -- Searching for <gz-physics7> component [sdf]
[3.609s] -- Looking for gz-physics7-sdf -- found version 7.3.0
[3.610s] -- Searching for dependencies of gz-physics7-sdf
[3.610s] -- Looking for sdformat14 -- found version 14.5.0
[3.613s] -- Looking for gz-sensors8 -- found version 8.2.0
[3.613s] -- Searching for dependencies of gz-sensors8
[3.647s] -- Looking for gz-math7 -- found version 7.5.0
[3.648s] -- Looking for gz-common5 -- found version 5.6.0
[3.649s] -- Looking for gz-transport13 -- found version 13.4.0
[3.649s] -- Looking for gz-rendering8 -- found version 8.2.0
[3.650s] -- Looking for gz-msgs10 -- found version 10.3.0
[3.651s] -- Looking for sdformat14 -- found version 14.5.0
[3.652s] -- Searching for <gz-sensors8> component [air_pressure]
[3.653s] -- Looking for gz-sensors8-air_pressure -- found version 8.2.0
[3.653s] -- Searching for dependencies of gz-sensors8-air_pressure
[3.654s] -- Searching for <gz-sensors8> component [air_speed]
[3.655s] -- Looking for gz-sensors8-air_speed -- found version 8.2.0
[3.656s] -- Searching for dependencies of gz-sensors8-air_speed
[3.656s] -- Searching for <gz-sensors8> component [altimeter]
[3.657s] -- Looking for gz-sensors8-altimeter -- found version 8.2.0
[3.657s] -- Searching for dependencies of gz-sensors8-altimeter
[3.659s] -- Searching for <gz-sensors8> component [imu]
[3.660s] -- Looking for gz-sensors8-imu -- found version 8.2.0
[3.660s] -- Searching for dependencies of gz-sensors8-imu
[3.661s] -- Searching for <gz-sensors8> component [force_torque]
[3.661s] -- Looking for gz-sensors8-force_torque -- found version 8.2.0
[3.662s] -- Searching for dependencies of gz-sensors8-force_torque
[3.663s] -- Searching for <gz-sensors8> component [logical_camera]
[3.664s] -- Looking for gz-sensors8-logical_camera -- found version 8.2.0
[3.664s] -- Searching for dependencies of gz-sensors8-logical_camera
[3.665s] -- Searching for <gz-sensors8> component [magnetometer]
[3.665s] -- Looking for gz-sensors8-magnetometer -- found version 8.2.0
[3.666s] -- Searching for dependencies of gz-sensors8-magnetometer
[3.666s] -- Searching for <gz-sensors8> component [navsat]
[3.667s] -- Looking for gz-sensors8-navsat -- found version 8.2.0
[3.667s] -- Searching for dependencies of gz-sensors8-navsat
[3.669s] -- Searching for <gz-sensors8> component [dvl]
[3.670s] -- Looking for gz-sensors8-dvl -- found version 8.2.0
[3.670s] -- Searching for dependencies of gz-sensors8-dvl
[3.671s] -- Looking for gz-sensors8 -- found version 8.2.0
[3.671s] -- Searching for dependencies of gz-sensors8
[3.708s] -- Looking for gz-math7 -- found version 7.5.0
[3.708s] -- Looking for gz-common5 -- found version 5.6.0
[3.709s] -- Looking for gz-transport13 -- found version 13.4.0
[3.710s] -- Looking for gz-rendering8 -- found version 8.2.0
[3.710s] -- Looking for gz-msgs10 -- found version 10.3.0
[3.711s] -- Looking for sdformat14 -- found version 14.5.0
[3.711s] -- Searching for <gz-sensors8> component [rendering]
[3.712s] -- Looking for gz-sensors8-rendering -- found version 8.2.0
[3.713s] -- Searching for dependencies of gz-sensors8-rendering
[3.715s] -- Searching for <gz-sensors8> component [rendering]
[3.715s] -- Searching for <gz-sensors8> component [lidar]
[3.719s] -- Looking for gz-sensors8-lidar -- found version 8.2.0
[3.719s] -- Searching for dependencies of gz-sensors8-lidar
[3.720s] -- Looking for gz-sensors8 -- found version 8.2.0
[3.722s] -- Searching for <gz-sensors8> component [gpu_lidar]
[3.724s] -- Looking for gz-sensors8-gpu_lidar -- found version 8.2.0
[3.724s] -- Searching for dependencies of gz-sensors8-gpu_lidar
[3.725s] -- Looking for gz-sensors8 -- found version 8.2.0
[3.727s] -- Searching for <gz-sensors8> component [camera]
[3.728s] -- Looking for gz-sensors8-camera -- found version 8.2.0
[3.729s] -- Searching for dependencies of gz-sensors8-camera
[3.730s] -- Looking for gz-sensors8 -- found version 8.2.0
[3.732s] -- Searching for <gz-sensors8> component [boundingbox_camera]
[3.733s] -- Looking for gz-sensors8-boundingbox_camera -- found version 8.2.0
[3.733s] -- Searching for dependencies of gz-sensors8-boundingbox_camera
[3.737s] -- Searching for <gz-sensors8> component [segmentation_camera]
[3.740s] -- Looking for gz-sensors8-segmentation_camera -- found version 8.2.0
[3.741s] -- Searching for dependencies of gz-sensors8-segmentation_camera
[3.744s] -- Searching for <gz-sensors8> component [depth_camera]
[3.746s] -- Looking for gz-sensors8-depth_camera -- found version 8.2.0
[3.747s] -- Searching for dependencies of gz-sensors8-depth_camera
[3.748s] -- Looking for gz-sensors8 -- found version 8.2.0
[3.750s] -- Searching for <gz-sensors8> component [rgbd_camera]
[3.751s] -- Looking for gz-sensors8-rgbd_camera -- found version 8.2.0
[3.752s] -- Searching for dependencies of gz-sensors8-rgbd_camera
[3.753s] -- Looking for gz-sensors8 -- found version 8.2.0
[3.755s] -- Searching for <gz-sensors8> component [thermal_camera]
[3.757s] -- Looking for gz-sensors8-thermal_camera -- found version 8.2.0
[3.757s] -- Searching for dependencies of gz-sensors8-thermal_camera
[3.757s] -- Looking for gz-sensors8 -- found version 8.2.0
[3.759s] -- Searching for <gz-sensors8> component [wide_angle_camera]
[3.760s] -- Looking for gz-sensors8-wide_angle_camera -- found version 8.2.0
[3.761s] -- Searching for dependencies of gz-sensors8-wide_angle_camera
[3.763s] -- Looking for gz-rendering8 -- found version 8.2.0
[3.764s] -- Looking for gz-math7 -- found version 7.5.0
[3.764s] -- Looking for gz-utils2 -- found version 2.2.0
[3.800s] -- Looking for gz-plugin2 -- found version 2.0.3
[3.801s] -- Found rosidl_default_generators: 1.6.0 (/opt/ros/jazzy/share/rosidl_default_generators/cmake)
[3.816s] -- Found rosidl_adapter: 4.6.4 (/opt/ros/jazzy/share/rosidl_adapter/cmake)
[4.230s] -- Found ament_cmake_ros: 0.12.0 (/opt/ros/jazzy/share/ament_cmake_ros/cmake)
[4.482s] -- Using all available rosidl_typesupport_c: rosidl_typesupport_fastrtps_c;rosidl_typesupport_introspection_c
[4.602s] -- Using all available rosidl_typesupport_cpp: rosidl_typesupport_fastrtps_cpp;rosidl_typesupport_introspection_cpp
[4.605s] -- Found python_cmake_module: 0.11.1 (/opt/ros/jazzy/share/python_cmake_module/cmake)
[5.161s] -- Found Python3: /usr/bin/python3 (found version "3.12.3") found components: Interpreter Development NumPy Development.Module Development.Embed 
[5.205s] -- Configuring done (5.0s)
[5.316s] [31mCMake Error at /opt/ros/jazzy/share/ros_gz_sim/cmake/export_gzserver_componentExport.cmake:61 (set_target_properties):
[5.316s]   The link interface of target "ros_gz_sim::gzserver_component" contains:
[5.316s] 
[5.316s]     rclcpp_components::component
[5.316s] 
[5.316s]   but the target was not found.  Possible reasons include:
[5.316s] 
[5.316s]     * There is a typo in the target name.
[5.316s]     * A find_package call is missing for an IMPORTED target.
[5.316s]     * An ALIAS target is missing.
[5.317s] 
[5.317s] Call Stack (most recent call first):
[5.317s]   /opt/ros/jazzy/share/ros_gz_sim/cmake/ament_cmake_export_targets-extras.cmake:9 (include)
[5.317s]   /opt/ros/jazzy/share/ros_gz_sim/cmake/ros_gz_simConfig.cmake:41 (include)
[5.317s]   CMakeLists.txt:16 (find_package)
[5.317s] 
[5.317s] [0m
[5.317s] -- Generating done (0.1s)
[5.321s] [0mCMake Generate step failed.  Build files cannot be regenerated correctly.[0m
[5.352s] gmake: *** [Makefile:815: cmake_check_build_system] Error 1
[5.357s] Invoked command in '/home/ws/build/quadruped' returned '2': CMAKE_PREFIX_PATH=${CMAKE_PREFIX_PATH}:/opt/ros/jazzy /usr/bin/cmake --build /home/ws/build/quadruped -- -j20 -l20
