[0.016s] Invoking command in '/home/ws/build/quadruped': CMAKE_PREFIX_PATH=${CMAKE_PREFIX_PATH}:/opt/ros/jazzy /usr/bin/cmake --build /home/ws/build/quadruped -- -j20 -l20
[0.087s] -- Found ament_cmake: 2.5.2 (/opt/ros/jazzy/share/ament_cmake/cmake)
[0.159s] -- Found Python3: /usr/bin/python3 (found version "3.12.3") found components: Interpreter 
[0.293s] -- Override CMake install command with custom implementation using symlinks instead of copying resources
[0.311s] -- Found rclcpp: 28.1.5 (/opt/ros/jazzy/share/rclcpp/cmake)
[0.402s] -- Found rosidl_generator_c: 4.6.4 (/opt/ros/jazzy/share/rosidl_generator_c/cmake)
[0.428s] -- Found rosidl_generator_cpp: 4.6.4 (/opt/ros/jazzy/share/rosidl_generator_cpp/cmake)
[0.465s] -- Using all available rosidl_typesupport_c: rosidl_typesupport_fastrtps_c;rosidl_typesupport_introspection_c
[0.501s] -- Using all available rosidl_typesupport_cpp: rosidl_typesupport_fastrtps_cpp;rosidl_typesupport_introspection_cpp
[0.692s] -- Found rmw_implementation_cmake: 7.3.1 (/opt/ros/jazzy/share/rmw_implementation_cmake/cmake)
[0.698s] -- Found rmw_fastrtps_cpp: 8.4.1 (/opt/ros/jazzy/share/rmw_fastrtps_cpp/cmake)
[0.939s] -- Using RMW implementation 'rmw_fastrtps_cpp' as default
[1.081s] -- Found hardware_interface: 4.18.0 (/opt/ros/jazzy/share/hardware_interface/cmake)
[1.686s] -- Found controller_manager: 4.18.0 (/opt/ros/jazzy/share/controller_manager/cmake)
[1.798s] -- Found ros2_control: 4.18.0 (/opt/ros/jazzy/share/ros2_control/cmake)
[1.798s] -- Found ros_gz_sim: 1.0.5 (/opt/ros/jazzy/share/ros_gz_sim/cmake)
[1.803s] -- Looking for gz-sim8 -- found version 8.6.0
[1.819s] -- Searching for dependencies of gz-sim8
[1.820s] -- Looking for sdformat14 -- found version 14.5.0
[1.821s] -- Searching for dependencies of sdformat14
[1.835s] -- Checking for module 'tinyxml2'
[1.875s] --   Found tinyxml2, version 10.0.0
[1.958s] -- Looking for gz-math7 -- found version 7.5.0
[1.959s] -- Searching for dependencies of gz-math7
[1.960s] -- Looking for gz-utils2 -- found version 2.2.0
[1.961s] -- Searching for dependencies of gz-utils2
[1.964s] -- Looking for gz-utils2 -- found version 2.2.0
[1.965s] -- Searching for dependencies of gz-utils2
[1.965s] -- Searching for <gz-utils2> component [cli]
[1.966s] -- Looking for gz-utils2-cli -- found version 2.2.0
[1.966s] -- Searching for dependencies of gz-utils2-cli
[1.971s] -- Looking for gz-plugin2 -- found version 2.0.3
[1.972s] -- Searching for dependencies of gz-plugin2
[1.972s] -- Looking for gz-utils2 -- found version 2.2.0
[1.974s] -- Searching for <gz-plugin2> component [loader]
[1.975s] -- Looking for gz-plugin2-loader -- found version 2.0.3
[1.976s] -- Searching for dependencies of gz-plugin2-loader
[1.977s] -- Searching for <gz-plugin2> component [register]
[1.979s] -- Looking for gz-plugin2-register -- found version 2.0.3
[1.979s] -- Searching for dependencies of gz-plugin2-register
[1.983s] -- Looking for gz-transport13 -- found version 13.4.0
[1.983s] -- Searching for dependencies of gz-transport13
[2.087s] -- Config-file not installed for ZeroMQ -- checking for pkg-config
[2.097s] -- Checking for module 'libzmq >= 4'
[2.134s] --   Found libzmq, version 4.3.5
[2.254s] -- Checking for module 'uuid'
[2.287s] --   Found uuid, version 2.39.3
[2.361s] -- Looking for gz-utils2 -- found version 2.2.0
[2.363s] -- Looking for gz-msgs10 -- found version 10.3.0
[2.363s] -- Searching for dependencies of gz-msgs10
[2.404s] -- Looking for gz-utils2 -- found version 2.2.0
[2.404s] -- Looking for gz-math7 -- found version 7.5.0
[2.473s] -- Searching for <gz-transport13> component [log]
[2.474s] -- Looking for gz-transport13-log -- found version 13.4.0
[2.474s] -- Searching for dependencies of gz-transport13-log
[2.476s] -- Searching for <gz-transport13> component [parameters]
[2.477s] -- Looking for gz-transport13-parameters -- found version 13.4.0
[2.478s] -- Searching for dependencies of gz-transport13-parameters
[2.480s] -- Looking for gz-msgs10 -- found version 10.3.0
[2.482s] -- Looking for gz-common5 -- found version 5.6.0
[2.482s] -- Searching for dependencies of gz-common5
[2.482s] -- Looking for gz-utils2 -- found version 2.2.0
[2.483s] -- Looking for dlfcn.h - found
[2.483s] -- Looking for libdl - found
[2.500s] -- Searching for <gz-common5> component [av]
[2.502s] -- Looking for gz-common5-av -- found version 5.6.0
[2.502s] -- Searching for dependencies of gz-common5-av
[2.511s] -- Checking for module 'libswscale'
[2.551s] --   Found libswscale, version 7.5.100
[2.629s] -- Checking for module 'libavdevice >= 56.4.100'
[2.665s] --   Found libavdevice, version 60.3.100
[2.772s] -- Checking for module 'libavformat'
[2.798s] --   Found libavformat, version 60.16.100
[2.897s] -- Checking for module 'libavcodec'
[2.925s] --   Found libavcodec, version 60.31.102
[3.017s] -- Checking for module 'libavutil'
[3.052s] --   Found libavutil, version 58.29.100
[3.126s] -- Searching for <gz-common5> component [events]
[3.127s] -- Looking for gz-common5-events -- found version 5.6.0
[3.128s] -- Searching for dependencies of gz-common5-events
[3.129s] -- Looking for gz-math7 -- found version 7.5.0
[3.131s] -- Searching for <gz-common5> component [graphics]
[3.134s] -- Looking for gz-common5-graphics -- found version 5.6.0
[3.134s] -- Searching for dependencies of gz-common5-graphics
[3.135s] -- Looking for gz-math7 -- found version 7.5.0
[3.145s] -- Searching for <gz-common5> component [io]
[3.147s] -- Looking for gz-common5-io -- found version 5.6.0
[3.147s] -- Searching for dependencies of gz-common5-io
[3.149s] -- Searching for <gz-common5> component [profiler]
[3.151s] -- Looking for gz-common5-profiler -- found version 5.6.0
[3.151s] -- Searching for dependencies of gz-common5-profiler
[3.154s] -- Looking for gz-fuel_tools9 -- found version 9.1.0
[3.155s] -- Searching for dependencies of gz-fuel_tools9
[3.229s] -- Checking for module 'jsoncpp'
[3.264s] --   Found jsoncpp, version 1.9.5
[3.365s] -- Checking for module 'yaml-0.1'
[3.394s] --   Found yaml-0.1, version 0.2.5
[3.482s] -- Checking for module 'libzip'
[3.509s] --   Found libzip, version 1.7.3
[3.584s] -- Looking for gz-utils2 -- found version 2.2.0
[3.584s] -- Looking for gz-common5 -- found version 5.6.0
[3.585s] -- Searching for dependencies of gz-common5
[3.586s] -- Looking for gz-utils2 -- found version 2.2.0
[3.586s] -- Looking for dlfcn.h - found
[3.586s] -- Looking for libdl - found
[3.601s] -- Searching for <gz-common5> component [testing]
[3.605s] -- Looking for gz-common5-testing -- found version 5.6.0
[3.605s] -- Searching for dependencies of gz-common5-testing
[3.607s] -- Looking for gz-math7 -- found version 7.5.0
[3.609s] -- Looking for gz-msgs10 -- found version 10.3.0
[3.612s] -- Looking for gz-gui8 -- found version 8.3.0
[3.612s] -- Searching for dependencies of gz-gui8
[3.670s] -- Looking for gz-utils2 -- found version 2.2.0
[3.671s] -- Looking for gz-math7 -- found version 7.5.0
[3.671s] -- Looking for gz-common5 -- found version 5.6.0
[3.672s] -- Looking for gz-plugin2 -- found version 2.0.3
[3.673s] -- Looking for gz-transport13 -- found version 13.4.0
[3.675s] -- Looking for gz-rendering8 -- found version 8.2.0
[3.675s] -- Searching for dependencies of gz-rendering8
[3.676s] -- Looking for gz-math7 -- found version 7.5.0
[3.676s] -- Searching for dependencies of gz-math7
[3.677s] -- Looking for gz-utils2 -- found version 2.2.0
[3.677s] -- Searching for <gz-math7> component [eigen3]
[3.678s] -- Looking for gz-math7-eigen3 -- found version 7.5.0
[3.679s] -- Searching for dependencies of gz-math7-eigen3
[3.682s] -- Looking for gz-common5 -- found version 5.6.0
[3.682s] -- Searching for dependencies of gz-common5
[3.683s] -- Looking for gz-utils2 -- found version 2.2.0
[3.683s] -- Looking for dlfcn.h - found
[3.684s] -- Looking for libdl - found
[3.697s] -- Searching for <gz-common5> component [graphics]
[3.697s] -- Searching for <gz-common5> component [events]
[3.698s] -- Searching for <gz-common5> component [geospatial]
[3.699s] -- Looking for gz-common5-geospatial -- found version 5.6.0
[3.699s] -- Searching for dependencies of gz-common5-geospatial
[3.700s] -- Looking for gz-math7 -- found version 7.5.0
[3.700s] -- Looking for gz-common5 -- found version 5.6.0
[3.702s] -- Looking for gz-plugin2 -- found version 2.0.3
[3.703s] -- Searching for dependencies of gz-plugin2
[3.703s] -- Looking for gz-utils2 -- found version 2.2.0
[3.703s] -- Searching for <gz-plugin2> component [all]
[3.705s] -- Looking for all libraries of gz-plugin2 -- found version 2.0.3
[3.705s] -- Looking for gz-plugin2 -- found version 2.0.3
[3.707s] -- Looking for gz-utils2 -- found version 2.2.0
[3.715s] -- Looking for gz-msgs10 -- found version 10.3.0
[3.762s] -- Looking for gz-physics7 -- found version 7.3.0
[3.762s] -- Searching for dependencies of gz-physics7
[3.762s] -- Looking for gz-common5 -- found version 5.6.0
[3.763s] -- Looking for gz-math7 -- found version 7.5.0
[3.764s] -- Looking for gz-plugin2 -- found version 2.0.3
[3.764s] -- Looking for gz-utils2 -- found version 2.2.0
[3.767s] -- Searching for <gz-physics7> component [heightmap]
[3.769s] -- Looking for gz-physics7-heightmap -- found version 7.3.0
[3.769s] -- Searching for dependencies of gz-physics7-heightmap
[3.770s] -- Looking for gz-common5 -- found version 5.6.0
[3.771s] -- Searching for <gz-physics7> component [mesh]
[3.773s] -- Looking for gz-physics7-mesh -- found version 7.3.0
[3.773s] -- Searching for dependencies of gz-physics7-mesh
[3.774s] -- Looking for gz-common5 -- found version 5.6.0
[3.775s] -- Searching for <gz-physics7> component [sdf]
[3.776s] -- Looking for gz-physics7-sdf -- found version 7.3.0
[3.776s] -- Searching for dependencies of gz-physics7-sdf
[3.777s] -- Looking for sdformat14 -- found version 14.5.0
[3.780s] -- Looking for gz-sensors8 -- found version 8.2.0
[3.780s] -- Searching for dependencies of gz-sensors8
[3.813s] -- Looking for gz-math7 -- found version 7.5.0
[3.814s] -- Looking for gz-common5 -- found version 5.6.0
[3.814s] -- Looking for gz-transport13 -- found version 13.4.0
[3.815s] -- Looking for gz-rendering8 -- found version 8.2.0
[3.816s] -- Looking for gz-msgs10 -- found version 10.3.0
[3.816s] -- Looking for sdformat14 -- found version 14.5.0
[3.818s] -- Searching for <gz-sensors8> component [air_pressure]
[3.819s] -- Looking for gz-sensors8-air_pressure -- found version 8.2.0
[3.819s] -- Searching for dependencies of gz-sensors8-air_pressure
[3.821s] -- Searching for <gz-sensors8> component [air_speed]
[3.822s] -- Looking for gz-sensors8-air_speed -- found version 8.2.0
[3.822s] -- Searching for dependencies of gz-sensors8-air_speed
[3.824s] -- Searching for <gz-sensors8> component [altimeter]
[3.826s] -- Looking for gz-sensors8-altimeter -- found version 8.2.0
[3.826s] -- Searching for dependencies of gz-sensors8-altimeter
[3.828s] -- Searching for <gz-sensors8> component [imu]
[3.830s] -- Looking for gz-sensors8-imu -- found version 8.2.0
[3.831s] -- Searching for dependencies of gz-sensors8-imu
[3.833s] -- Searching for <gz-sensors8> component [force_torque]
[3.835s] -- Looking for gz-sensors8-force_torque -- found version 8.2.0
[3.836s] -- Searching for dependencies of gz-sensors8-force_torque
[3.839s] -- Searching for <gz-sensors8> component [logical_camera]
[3.842s] -- Looking for gz-sensors8-logical_camera -- found version 8.2.0
[3.843s] -- Searching for dependencies of gz-sensors8-logical_camera
[3.845s] -- Searching for <gz-sensors8> component [magnetometer]
[3.847s] -- Looking for gz-sensors8-magnetometer -- found version 8.2.0
[3.847s] -- Searching for dependencies of gz-sensors8-magnetometer
[3.849s] -- Searching for <gz-sensors8> component [navsat]
[3.851s] -- Looking for gz-sensors8-navsat -- found version 8.2.0
[3.851s] -- Searching for dependencies of gz-sensors8-navsat
[3.852s] -- Searching for <gz-sensors8> component [dvl]
[3.854s] -- Looking for gz-sensors8-dvl -- found version 8.2.0
[3.854s] -- Searching for dependencies of gz-sensors8-dvl
[3.855s] -- Looking for gz-sensors8 -- found version 8.2.0
[3.855s] -- Searching for dependencies of gz-sensors8
[3.896s] -- Looking for gz-math7 -- found version 7.5.0
[3.896s] -- Looking for gz-common5 -- found version 5.6.0
[3.897s] -- Looking for gz-transport13 -- found version 13.4.0
[3.898s] -- Looking for gz-rendering8 -- found version 8.2.0
[3.898s] -- Looking for gz-msgs10 -- found version 10.3.0
[3.899s] -- Looking for sdformat14 -- found version 14.5.0
[3.899s] -- Searching for <gz-sensors8> component [rendering]
[3.900s] -- Looking for gz-sensors8-rendering -- found version 8.2.0
[3.901s] -- Searching for dependencies of gz-sensors8-rendering
[3.903s] -- Searching for <gz-sensors8> component [rendering]
[3.903s] -- Searching for <gz-sensors8> component [lidar]
[3.906s] -- Looking for gz-sensors8-lidar -- found version 8.2.0
[3.906s] -- Searching for dependencies of gz-sensors8-lidar
[3.907s] -- Looking for gz-sensors8 -- found version 8.2.0
[3.908s] -- Searching for <gz-sensors8> component [gpu_lidar]
[3.909s] -- Looking for gz-sensors8-gpu_lidar -- found version 8.2.0
[3.910s] -- Searching for dependencies of gz-sensors8-gpu_lidar
[3.910s] -- Looking for gz-sensors8 -- found version 8.2.0
[3.911s] -- Searching for <gz-sensors8> component [camera]
[3.913s] -- Looking for gz-sensors8-camera -- found version 8.2.0
[3.913s] -- Searching for dependencies of gz-sensors8-camera
[3.913s] -- Looking for gz-sensors8 -- found version 8.2.0
[3.915s] -- Searching for <gz-sensors8> component [boundingbox_camera]
[3.916s] -- Looking for gz-sensors8-boundingbox_camera -- found version 8.2.0
[3.916s] -- Searching for dependencies of gz-sensors8-boundingbox_camera
[3.917s] -- Searching for <gz-sensors8> component [segmentation_camera]
[3.918s] -- Looking for gz-sensors8-segmentation_camera -- found version 8.2.0
[3.918s] -- Searching for dependencies of gz-sensors8-segmentation_camera
[3.920s] -- Searching for <gz-sensors8> component [depth_camera]
[3.921s] -- Looking for gz-sensors8-depth_camera -- found version 8.2.0
[3.921s] -- Searching for dependencies of gz-sensors8-depth_camera
[3.921s] -- Looking for gz-sensors8 -- found version 8.2.0
[3.923s] -- Searching for <gz-sensors8> component [rgbd_camera]
[3.924s] -- Looking for gz-sensors8-rgbd_camera -- found version 8.2.0
[3.924s] -- Searching for dependencies of gz-sensors8-rgbd_camera
[3.925s] -- Looking for gz-sensors8 -- found version 8.2.0
[3.927s] -- Searching for <gz-sensors8> component [thermal_camera]
[3.928s] -- Looking for gz-sensors8-thermal_camera -- found version 8.2.0
[3.928s] -- Searching for dependencies of gz-sensors8-thermal_camera
[3.929s] -- Looking for gz-sensors8 -- found version 8.2.0
[3.931s] -- Searching for <gz-sensors8> component [wide_angle_camera]
[3.932s] -- Looking for gz-sensors8-wide_angle_camera -- found version 8.2.0
[3.933s] -- Searching for dependencies of gz-sensors8-wide_angle_camera
[3.936s] -- Looking for gz-rendering8 -- found version 8.2.0
[3.938s] -- Looking for gz-math7 -- found version 7.5.0
[3.939s] -- Looking for gz-utils2 -- found version 2.2.0
[3.979s] -- Looking for gz-plugin2 -- found version 2.0.3
[3.979s] -- Found rosidl_default_generators: 1.6.0 (/opt/ros/jazzy/share/rosidl_default_generators/cmake)
[3.993s] -- Found rosidl_adapter: 4.6.4 (/opt/ros/jazzy/share/rosidl_adapter/cmake)
[3.997s] -- Found rclcpp_components: 28.1.5 (/opt/ros/jazzy/share/rclcpp_components/cmake)
[4.435s] -- Found ament_cmake_ros: 0.12.0 (/opt/ros/jazzy/share/ament_cmake_ros/cmake)
[4.720s] -- Using all available rosidl_typesupport_c: rosidl_typesupport_fastrtps_c;rosidl_typesupport_introspection_c
[4.835s] -- Using all available rosidl_typesupport_cpp: rosidl_typesupport_fastrtps_cpp;rosidl_typesupport_introspection_cpp
[4.840s] -- Found python_cmake_module: 0.11.1 (/opt/ros/jazzy/share/python_cmake_module/cmake)
[5.291s] -- Found Python3: /usr/bin/python3 (found version "3.12.3") found components: Interpreter Development NumPy Development.Module Development.Embed 
[5.333s] -- Configuring done (5.3s)
[5.488s] -- Generating done (0.1s)
[5.494s] -- Build files have been written to: /home/ws/build/quadruped
[5.592s] [  2%] Built target quadruped__rosidl_generator_type_description
[5.606s] [  2%] Built target ament_cmake_python_symlink_quadruped
[5.622s] [ 15%] Built target quadruped_lib
[5.646s] [ 17%] Built target quadruped__cpp
[5.650s] [ 30%] Built target quadruped__rosidl_generator_c
[5.721s] [ 38%] Built target quadruped__rosidl_typesupport_introspection_c
[5.729s] [ 46%] Built target quadruped__rosidl_typesupport_fastrtps_c
[5.730s] [ 53%] Built target quadruped__rosidl_typesupport_introspection_cpp
[5.731s] [ 61%] Built target quadruped__rosidl_typesupport_fastrtps_cpp
[5.734s] [ 69%] Built target quadruped__rosidl_typesupport_cpp
[5.734s] [ 76%] Built target quadruped__rosidl_typesupport_c
[5.770s] [ 76%] Built target quadruped
[5.804s] [ 79%] Built target quadruped__py
[5.851s] [ 84%] Built target quadruped__rosidl_generator_py
[5.896s] [ 89%] Built target quadruped_s__rosidl_typesupport_introspection_c
[5.896s] [ 94%] Built target quadruped_s__rosidl_typesupport_fastrtps_c
[5.898s] running egg_info
[5.899s] [100%] Built target quadruped_s__rosidl_typesupport_c
[5.915s] writing quadruped.egg-info/PKG-INFO
[5.915s] writing dependency_links to quadruped.egg-info/dependency_links.txt
[5.915s] writing top-level names to quadruped.egg-info/top_level.txt
[5.961s] reading manifest file 'quadruped.egg-info/SOURCES.txt'
[5.961s] writing manifest file 'quadruped.egg-info/SOURCES.txt'
[5.999s] [100%] Built target ament_cmake_python_build_quadruped_egg
[6.018s] Invoked command in '/home/ws/build/quadruped' returned '0': CMAKE_PREFIX_PATH=${CMAKE_PREFIX_PATH}:/opt/ros/jazzy /usr/bin/cmake --build /home/ws/build/quadruped -- -j20 -l20
[6.227s] Invoking command in '/home/ws/build/quadruped': CMAKE_PREFIX_PATH=${CMAKE_PREFIX_PATH}:/opt/ros/jazzy /usr/bin/cmake --install /home/ws/build/quadruped
[6.250s] -- Install configuration: ""
[6.251s] -- Execute custom install script
[6.252s] -- Up-to-date symlink: /home/ws/install/quadruped/share/ament_index/resource_index/rosidl_interfaces/quadruped
[6.252s] -- Up-to-date symlink: /home/ws/install/quadruped/share/quadruped/msg/LegCommand.json
[6.253s] -- Up-to-date symlink: /home/ws/install/quadruped/include/quadruped/quadruped/msg/detail/leg_command__functions.h
[6.253s] -- Up-to-date symlink: /home/ws/install/quadruped/include/quadruped/quadruped/msg/detail/leg_command__struct.h
[6.253s] -- Up-to-date symlink: /home/ws/install/quadruped/include/quadruped/quadruped/msg/detail/leg_command__type_support.h
[6.253s] -- Up-to-date symlink: /home/ws/install/quadruped/include/quadruped/quadruped/msg/leg_command.h
[6.253s] -- Up-to-date symlink: /home/ws/install/quadruped/include/quadruped/quadruped/msg/rosidl_generator_c__visibility_control.h
[6.253s] -- Up-to-date symlink: /home/ws/install/quadruped/share/quadruped/environment/library_path.sh
[6.254s] -- Up-to-date symlink: /home/ws/install/quadruped/share/quadruped/environment/library_path.dsv
[6.254s] -- Up-to-date symlink: /home/ws/install/quadruped/include/quadruped/quadruped/msg/detail/leg_command__rosidl_typesupport_fastrtps_c.h
[6.255s] -- Up-to-date symlink: /home/ws/install/quadruped/include/quadruped/quadruped/msg/rosidl_typesupport_fastrtps_c__visibility_control.h
[6.255s] -- Up-to-date symlink: /home/ws/install/quadruped/include/quadruped/quadruped/msg/detail/leg_command__builder.hpp
[6.255s] -- Up-to-date symlink: /home/ws/install/quadruped/include/quadruped/quadruped/msg/detail/leg_command__struct.hpp
[6.255s] -- Up-to-date symlink: /home/ws/install/quadruped/include/quadruped/quadruped/msg/detail/leg_command__traits.hpp
[6.255s] -- Up-to-date symlink: /home/ws/install/quadruped/include/quadruped/quadruped/msg/detail/leg_command__type_support.hpp
[6.256s] -- Up-to-date symlink: /home/ws/install/quadruped/include/quadruped/quadruped/msg/leg_command.hpp
[6.256s] -- Up-to-date symlink: /home/ws/install/quadruped/include/quadruped/quadruped/msg/rosidl_generator_cpp__visibility_control.hpp
[6.256s] -- Up-to-date symlink: /home/ws/install/quadruped/include/quadruped/quadruped/msg/detail/leg_command__rosidl_typesupport_fastrtps_cpp.hpp
[6.257s] -- Up-to-date symlink: /home/ws/install/quadruped/include/quadruped/quadruped/msg/rosidl_typesupport_fastrtps_cpp__visibility_control.h
[6.257s] -- Up-to-date symlink: /home/ws/install/quadruped/include/quadruped/quadruped/msg/detail/leg_command__rosidl_typesupport_introspection_c.h
[6.257s] -- Up-to-date symlink: /home/ws/install/quadruped/include/quadruped/quadruped/msg/rosidl_typesupport_introspection_c__visibility_control.h
[6.257s] -- Up-to-date symlink: /home/ws/install/quadruped/include/quadruped/quadruped/msg/detail/leg_command__rosidl_typesupport_introspection_cpp.hpp
[6.258s] -- Up-to-date symlink: /home/ws/install/quadruped/share/quadruped/environment/pythonpath.sh
[6.258s] -- Up-to-date symlink: /home/ws/install/quadruped/share/quadruped/environment/pythonpath.dsv
[6.259s] -- Up-to-date symlink: /home/ws/install/quadruped/lib/python3.12/site-packages/quadruped-0.0.0-py3.12.egg-info/PKG-INFO
[6.259s] -- Up-to-date symlink: /home/ws/install/quadruped/lib/python3.12/site-packages/quadruped-0.0.0-py3.12.egg-info/SOURCES.txt
[6.259s] -- Up-to-date symlink: /home/ws/install/quadruped/lib/python3.12/site-packages/quadruped-0.0.0-py3.12.egg-info/dependency_links.txt
[6.259s] -- Up-to-date symlink: /home/ws/install/quadruped/lib/python3.12/site-packages/quadruped-0.0.0-py3.12.egg-info/top_level.txt
[6.260s] -- Up-to-date symlink: /home/ws/install/quadruped/lib/python3.12/site-packages/quadruped/__init__.py
[6.260s] -- Up-to-date symlink: /home/ws/install/quadruped/lib/python3.12/site-packages/quadruped/_quadruped_s.ep.rosidl_typesupport_c.c
[6.260s] -- Up-to-date symlink: /home/ws/install/quadruped/lib/python3.12/site-packages/quadruped/_quadruped_s.ep.rosidl_typesupport_fastrtps_c.c
[6.260s] -- Up-to-date symlink: /home/ws/install/quadruped/lib/python3.12/site-packages/quadruped/_quadruped_s.ep.rosidl_typesupport_introspection_c.c
[6.260s] -- Up-to-date symlink: /home/ws/install/quadruped/lib/python3.12/site-packages/quadruped/msg/__init__.py
[6.261s] -- Up-to-date symlink: /home/ws/install/quadruped/lib/python3.12/site-packages/quadruped/msg/_leg_command.py
[6.261s] -- Up-to-date symlink: /home/ws/install/quadruped/lib/python3.12/site-packages/quadruped/msg/_leg_command_s.c
[6.261s] -- Up-to-date symlink: /home/ws/install/quadruped/lib/python3.12/site-packages/quadruped/quadruped_s__rosidl_typesupport_c.so
[6.261s] -- Up-to-date symlink: /home/ws/install/quadruped/lib/python3.12/site-packages/quadruped/quadruped_s__rosidl_typesupport_fastrtps_c.so
[6.261s] -- Up-to-date symlink: /home/ws/install/quadruped/lib/python3.12/site-packages/quadruped/quadruped_s__rosidl_typesupport_introspection_c.so
[6.261s] -- Up-to-date symlink: /home/ws/install/quadruped/lib/python3.12/site-packages/quadruped/quadruped_s__rosidl_typesupport_fastrtps_c.so
[6.262s] -- Up-to-date symlink: /home/ws/install/quadruped/lib/python3.12/site-packages/quadruped/quadruped_s__rosidl_typesupport_introspection_c.so
[6.262s] -- Up-to-date symlink: /home/ws/install/quadruped/lib/python3.12/site-packages/quadruped/quadruped_s__rosidl_typesupport_c.so
[6.262s] -- Up-to-date symlink: /home/ws/install/quadruped/share/quadruped/msg/LegCommand.idl
[6.263s] -- Up-to-date symlink: /home/ws/install/quadruped/share/quadruped/messages/LegCommand.msg
[6.263s] -- Up-to-date symlink: /home/ws/install/quadruped/include/quadruped/balance_controller.hpp
[6.263s] -- Up-to-date symlink: /home/ws/install/quadruped/include/quadruped/foot_trajectory_generator.hpp
[6.263s] -- Up-to-date symlink: /home/ws/install/quadruped/include/quadruped/leg_controller.hpp
[6.263s] -- Up-to-date symlink: /home/ws/install/quadruped/include/quadruped/state_estimator.hpp
[6.264s] -- Up-to-date symlink: /home/ws/install/quadruped/lib/quadruped/LegController.py
[6.264s] -- Up-to-date symlink: /home/ws/install/quadruped/lib/quadruped/GaitPatternGenerator.py
[6.264s] -- Up-to-date symlink: /home/ws/install/quadruped/lib/quadruped/leg_class.py
[6.264s] -- Up-to-date symlink: /home/ws/install/quadruped/lib/quadruped/gait_pattern_class.py
[6.264s] -- Up-to-date symlink: /home/ws/install/quadruped/share/quadruped/launch/controllers.launch.py
[6.264s] -- Up-to-date symlink: /home/ws/install/quadruped/share/quadruped/launch/gazebo_sim.launch.py
[6.265s] -- Up-to-date symlink: /home/ws/install/quadruped/share/quadruped/config/bridge.yaml
[6.265s] -- Up-to-date symlink: /home/ws/install/quadruped/share/quadruped/config/initial_joint_positions.yaml
[6.265s] -- Up-to-date symlink: /home/ws/install/quadruped/share/quadruped/config/quadruped.rviz
[6.265s] -- Up-to-date symlink: /home/ws/install/quadruped/share/quadruped/config/quadruped_controllers.yaml
[6.266s] -- Up-to-date symlink: /home/ws/install/quadruped/share/quadruped/urdf/Quadruped MJB.mjb
[6.266s] -- Up-to-date symlink: /home/ws/install/quadruped/share/quadruped/urdf/QuadrupedURDF.urdf.xacro
[6.267s] -- Up-to-date symlink: /home/ws/install/quadruped/share/quadruped/urdf/meshes/Body.STL
[6.267s] -- Up-to-date symlink: /home/ws/install/quadruped/share/quadruped/urdf/meshes/Body_bin.STL
[6.267s] -- Up-to-date symlink: /home/ws/install/quadruped/share/quadruped/urdf/meshes/Front Left Shin.STL
[6.267s] -- Up-to-date symlink: /home/ws/install/quadruped/share/quadruped/urdf/meshes/Front Left Thigh.STL
[6.267s] -- Up-to-date symlink: /home/ws/install/quadruped/share/quadruped/urdf/meshes/Front Right Shin.STL
[6.267s] -- Up-to-date symlink: /home/ws/install/quadruped/share/quadruped/urdf/meshes/Front Right Thigh.STL
[6.268s] -- Up-to-date symlink: /home/ws/install/quadruped/share/quadruped/urdf/meshes/Rear Left Shin.STL
[6.268s] -- Up-to-date symlink: /home/ws/install/quadruped/share/quadruped/urdf/meshes/Rear Left Thigh.STL
[6.268s] -- Up-to-date symlink: /home/ws/install/quadruped/share/quadruped/urdf/meshes/Rear Right Shin.STL
[6.268s] -- Up-to-date symlink: /home/ws/install/quadruped/share/quadruped/urdf/meshes/Rear Right Thigh.STL
[6.268s] -- Up-to-date symlink: /home/ws/install/quadruped/share/quadruped/urdf/mjb_maker.py
[6.268s] -- Up-to-date symlink: /home/ws/install/quadruped/share/quadruped/messages/LegCommand.msg
[6.268s] -- Up-to-date symlink: /home/ws/install/quadruped/share/quadruped/messages/RobotState.msg
[6.271s] -- Up-to-date symlink: /home/ws/install/quadruped/share/ament_index/resource_index/package_run_dependencies/quadruped
[6.272s] -- Up-to-date symlink: /home/ws/install/quadruped/share/ament_index/resource_index/parent_prefix_path/quadruped
[6.272s] -- Up-to-date symlink: /home/ws/install/quadruped/share/quadruped/environment/ament_prefix_path.sh
[6.273s] -- Up-to-date symlink: /home/ws/install/quadruped/share/quadruped/environment/ament_prefix_path.dsv
[6.274s] -- Up-to-date symlink: /home/ws/install/quadruped/share/quadruped/environment/path.sh
[6.274s] -- Up-to-date symlink: /home/ws/install/quadruped/share/quadruped/environment/path.dsv
[6.275s] -- Up-to-date symlink: /home/ws/install/quadruped/share/quadruped/local_setup.bash
[6.275s] -- Up-to-date symlink: /home/ws/install/quadruped/share/quadruped/local_setup.sh
[6.275s] -- Up-to-date symlink: /home/ws/install/quadruped/share/quadruped/local_setup.zsh
[6.276s] -- Up-to-date symlink: /home/ws/install/quadruped/share/quadruped/local_setup.dsv
[6.276s] -- Symlinking: /home/ws/install/quadruped/share/quadruped/package.dsv
[6.294s] -- Up-to-date symlink: /home/ws/install/quadruped/share/ament_index/resource_index/packages/quadruped
[6.294s] -- Up-to-date symlink: /home/ws/install/quadruped/share/quadruped/cmake/rosidl_cmake-extras.cmake
[6.294s] -- Up-to-date symlink: /home/ws/install/quadruped/share/quadruped/cmake/ament_cmake_export_include_directories-extras.cmake
[6.294s] -- Up-to-date symlink: /home/ws/install/quadruped/share/quadruped/cmake/ament_cmake_export_libraries-extras.cmake
[6.294s] -- Up-to-date symlink: /home/ws/install/quadruped/share/quadruped/cmake/ament_cmake_export_targets-extras.cmake
[6.294s] -- Up-to-date symlink: /home/ws/install/quadruped/share/quadruped/cmake/rosidl_cmake_export_typesupport_targets-extras.cmake
[6.295s] -- Up-to-date symlink: /home/ws/install/quadruped/share/quadruped/cmake/ament_cmake_export_dependencies-extras.cmake
[6.295s] -- Up-to-date symlink: /home/ws/install/quadruped/share/quadruped/cmake/rosidl_cmake_export_typesupport_libraries-extras.cmake
[6.295s] -- Up-to-date symlink: /home/ws/install/quadruped/share/quadruped/cmake/quadrupedConfig.cmake
[6.295s] -- Up-to-date symlink: /home/ws/install/quadruped/share/quadruped/cmake/quadrupedConfig-version.cmake
[6.295s] -- Up-to-date symlink: /home/ws/install/quadruped/share/quadruped/package.xml
[6.296s] -- Up-to-date: /home/ws/install/quadruped/lib/libquadruped__rosidl_generator_c.so
[6.297s] -- Up-to-date: /home/ws/install/quadruped/lib/libquadruped__rosidl_typesupport_fastrtps_c.so
[6.297s] -- Up-to-date: /home/ws/install/quadruped/lib/libquadruped__rosidl_typesupport_fastrtps_cpp.so
[6.298s] -- Up-to-date: /home/ws/install/quadruped/lib/libquadruped__rosidl_typesupport_introspection_c.so
[6.299s] -- Up-to-date: /home/ws/install/quadruped/lib/libquadruped__rosidl_typesupport_c.so
[6.300s] -- Up-to-date: /home/ws/install/quadruped/lib/libquadruped__rosidl_typesupport_introspection_cpp.so
[6.301s] -- Up-to-date: /home/ws/install/quadruped/lib/libquadruped__rosidl_typesupport_cpp.so
[6.369s] Listing '/home/ws/install/quadruped/lib/python3.12/site-packages/quadruped'...
[6.369s] Compiling '/home/ws/install/quadruped/lib/python3.12/site-packages/quadruped/__init__.py'...
[6.369s] Listing '/home/ws/install/quadruped/lib/python3.12/site-packages/quadruped/msg'...
[6.376s] -- Up-to-date: /home/ws/install/quadruped/lib/libquadruped__rosidl_generator_py.so
[6.377s] -- Installing: /home/ws/install/quadruped/lib/libquadruped_lib.so
[6.382s] -- Set non-toolchain portion of runtime path of "/home/ws/install/quadruped/lib/libquadruped_lib.so" to ""
[6.382s] -- Up-to-date: /home/ws/install/quadruped/share/quadruped/cmake/export_quadruped__rosidl_generator_cExport.cmake
[6.382s] -- Up-to-date: /home/ws/install/quadruped/share/quadruped/cmake/export_quadruped__rosidl_generator_cExport-noconfig.cmake
[6.383s] -- Up-to-date: /home/ws/install/quadruped/share/quadruped/cmake/export_quadruped__rosidl_typesupport_fastrtps_cExport.cmake
[6.383s] -- Up-to-date: /home/ws/install/quadruped/share/quadruped/cmake/export_quadruped__rosidl_typesupport_fastrtps_cExport-noconfig.cmake
[6.383s] -- Up-to-date: /home/ws/install/quadruped/share/quadruped/cmake/export_quadruped__rosidl_generator_cppExport.cmake
[6.383s] -- Up-to-date: /home/ws/install/quadruped/share/quadruped/cmake/export_quadruped__rosidl_typesupport_fastrtps_cppExport.cmake
[6.383s] -- Up-to-date: /home/ws/install/quadruped/share/quadruped/cmake/export_quadruped__rosidl_typesupport_fastrtps_cppExport-noconfig.cmake
[6.384s] -- Up-to-date: /home/ws/install/quadruped/share/quadruped/cmake/quadruped__rosidl_typesupport_introspection_cExport.cmake
[6.384s] -- Up-to-date: /home/ws/install/quadruped/share/quadruped/cmake/quadruped__rosidl_typesupport_introspection_cExport-noconfig.cmake
[6.384s] -- Up-to-date: /home/ws/install/quadruped/share/quadruped/cmake/quadruped__rosidl_typesupport_cExport.cmake
[6.384s] -- Up-to-date: /home/ws/install/quadruped/share/quadruped/cmake/quadruped__rosidl_typesupport_cExport-noconfig.cmake
[6.384s] -- Up-to-date: /home/ws/install/quadruped/share/quadruped/cmake/quadruped__rosidl_typesupport_introspection_cppExport.cmake
[6.384s] -- Up-to-date: /home/ws/install/quadruped/share/quadruped/cmake/quadruped__rosidl_typesupport_introspection_cppExport-noconfig.cmake
[6.384s] -- Up-to-date: /home/ws/install/quadruped/share/quadruped/cmake/quadruped__rosidl_typesupport_cppExport.cmake
[6.384s] -- Up-to-date: /home/ws/install/quadruped/share/quadruped/cmake/quadruped__rosidl_typesupport_cppExport-noconfig.cmake
[6.384s] -- Up-to-date: /home/ws/install/quadruped/share/quadruped/cmake/export_quadruped__rosidl_generator_pyExport.cmake
[6.385s] -- Up-to-date: /home/ws/install/quadruped/share/quadruped/cmake/export_quadruped__rosidl_generator_pyExport-noconfig.cmake
[6.385s] -- Installing: /home/ws/install/quadruped/share/quadruped/cmake/quadruped_targetsExport.cmake
[6.385s] -- Installing: /home/ws/install/quadruped/share/quadruped/cmake/quadruped_targetsExport-noconfig.cmake
[6.388s] Invoked command in '/home/ws/build/quadruped' returned '0': CMAKE_PREFIX_PATH=${CMAKE_PREFIX_PATH}:/opt/ros/jazzy /usr/bin/cmake --install /home/ws/build/quadruped
