[0.016s] Invoking command in '/home/ws/src/quadruped/build/quadruped': CMAKE_PREFIX_PATH=${CMAKE_PREFIX_PATH}:/opt/ros/jazzy /usr/bin/cmake --build /home/ws/src/quadruped/build/quadruped -- -j20 -l20
[0.075s] -- Found ament_cmake: 2.5.2 (/opt/ros/jazzy/share/ament_cmake/cmake)
[0.550s] -- Override CMake install command with custom implementation using symlinks instead of copying resources
[0.562s] -- Found rclpy: 7.1.2 (/opt/ros/jazzy/share/rclpy/cmake)
[0.565s] -- Found rclcpp: 28.1.5 (/opt/ros/jazzy/share/rclcpp/cmake)
[0.623s] -- Found rosidl_generator_c: 4.6.4 (/opt/ros/jazzy/share/rosidl_generator_c/cmake)
[0.642s] -- Found rosidl_generator_cpp: 4.6.4 (/opt/ros/jazzy/share/rosidl_generator_cpp/cmake)
[0.662s] -- Using all available rosidl_typesupport_c: rosidl_typesupport_fastrtps_c;rosidl_typesupport_introspection_c
[0.685s] -- Using all available rosidl_typesupport_cpp: rosidl_typesupport_fastrtps_cpp;rosidl_typesupport_introspection_cpp
[0.786s] -- Found rmw_implementation_cmake: 7.3.1 (/opt/ros/jazzy/share/rmw_implementation_cmake/cmake)
[0.789s] -- Found rmw_fastrtps_cpp: 8.4.1 (/opt/ros/jazzy/share/rmw_fastrtps_cpp/cmake)
[0.932s] -- Found OpenSSL: /usr/lib/x86_64-linux-gnu/libcrypto.so (found version "3.0.13")  
[0.983s] -- Found FastRTPS: /opt/ros/jazzy/include (Required is at least version "2.13") 
[1.049s] -- Using RMW implementation 'rmw_fastrtps_cpp' as default
[1.145s] -- Found hardware_interface: 4.17.0 (/opt/ros/jazzy/share/hardware_interface/cmake)
[1.695s] -- Found controller_manager: 4.17.0 (/opt/ros/jazzy/share/controller_manager/cmake)
[1.794s] -- Found ros2_control: 4.17.0 (/opt/ros/jazzy/share/ros2_control/cmake)
[2.084s] -- Configuring done (2.0s)
[2.261s] -- Generating done (0.1s)
[2.267s] -- Build files have been written to: /home/ws/src/quadruped/build/quadruped
[2.370s] [ 50%] [32mBuilding CXX object CMakeFiles/quadruped.dir/src/MujocoHardwareInterface.cpp.o[0m
[5.859s] [01m[K/home/ws/src/quadruped/src/MujocoHardwareInterface.cpp:[m[K In member function ‘[01m[Kvirtual hardware_interface::CallbackReturn quadruped::MujocoHardwareInterface::[01;32m[Kon_activate[m[K(const rclcpp_lifecycle::State&)[m[K’:
[5.859s] [01m[K/home/ws/src/quadruped/src/MujocoHardwareInterface.cpp:51:105:[m[K [01;35m[Kwarning: [m[Kunused parameter ‘[01m[Kprevious_state[m[K’ [[01;35m[K]8;;https://gcc.gnu.org/onlinedocs/gcc/Warning-Options.html#index-Wunused-parameter-Wunused-parameter]8;;[m[K]
[5.859s]    51 | hardware_interface::CallbackReturn MujocoHardwareInterface::on_activate([01;35m[Kconst rclcpp_lifecycle::State & previous_state[m[K)
[5.860s]       |                                                                         [01;35m[K~~~~~~~~~~~~~~~~~~~~~~~~~~~~~~~~^~~~~~~~~~~~~~[m[K
[5.860s] [01m[K/home/ws/src/quadruped/src/MujocoHardwareInterface.cpp:[m[K In member function ‘[01m[Kvirtual hardware_interface::CallbackReturn quadruped::MujocoHardwareInterface::[01;32m[Kon_deactivate[m[K(const rclcpp_lifecycle::State&)[m[K’:
[5.860s] [01m[K/home/ws/src/quadruped/src/MujocoHardwareInterface.cpp:57:107:[m[K [01;35m[Kwarning: [m[Kunused parameter ‘[01m[Kprevious_state[m[K’ [[01;35m[K]8;;https://gcc.gnu.org/onlinedocs/gcc/Warning-Options.html#index-Wunused-parameter-Wunused-parameter]8;;[m[K]
[5.860s]    57 | hardware_interface::CallbackReturn MujocoHardwareInterface::on_deactivate([01;35m[Kconst rclcpp_lifecycle::State & previous_state[m[K)
[5.860s]       |                                                                           [01;35m[K~~~~~~~~~~~~~~~~~~~~~~~~~~~~~~~~^~~~~~~~~~~~~~[m[K
[7.394s] [100%] [32m[1mLinking CXX shared library libquadruped.so[0m
[7.961s] [100%] Built target quadruped
[7.983s] Invoked command in '/home/ws/src/quadruped/build/quadruped' returned '0': CMAKE_PREFIX_PATH=${CMAKE_PREFIX_PATH}:/opt/ros/jazzy /usr/bin/cmake --build /home/ws/src/quadruped/build/quadruped -- -j20 -l20
[8.050s] Invoking command in '/home/ws/src/quadruped/build/quadruped': CMAKE_PREFIX_PATH=${CMAKE_PREFIX_PATH}:/opt/ros/jazzy /usr/bin/cmake --install /home/ws/src/quadruped/build/quadruped
[8.067s] -- Install configuration: ""
[8.067s] -- Execute custom install script
[8.068s] -- Symlinking: /home/ws/src/quadruped/install/quadruped/lib//mujoco_sim_node.py
[8.085s] -- Symlinking: /home/ws/src/quadruped/install/quadruped/lib//template_node.py
[8.103s] -- Symlinking: /home/ws/src/quadruped/install/quadruped/share/quadruped/launch/mujoco_sim.launch.py
[8.120s] -- Symlinking: /home/ws/src/quadruped/install/quadruped/share/quadruped/config/quadruped_controllers.yaml
[8.137s] -- Symlinking: /home/ws/src/quadruped/install/quadruped/share/quadruped/urdf/Quadruped MJB.mjb
[8.152s] -- Symlinking: /home/ws/src/quadruped/install/quadruped/share/quadruped/urdf/QuadrupedURDF.urdf.xacro
[8.172s] -- Symlinking: /home/ws/src/quadruped/install/quadruped/share/quadruped/urdf/meshes/Body.STL
[8.189s] -- Symlinking: /home/ws/src/quadruped/install/quadruped/share/quadruped/urdf/meshes/Body_bin.STL
[8.204s] -- Symlinking: /home/ws/src/quadruped/install/quadruped/share/quadruped/urdf/meshes/Front Left Shin.STL
[8.221s] -- Symlinking: /home/ws/src/quadruped/install/quadruped/share/quadruped/urdf/meshes/Front Left Thigh.STL
[8.236s] -- Symlinking: /home/ws/src/quadruped/install/quadruped/share/quadruped/urdf/meshes/Front Right Shin.STL
[8.251s] -- Symlinking: /home/ws/src/quadruped/install/quadruped/share/quadruped/urdf/meshes/Front Right Thigh.STL
[8.269s] -- Symlinking: /home/ws/src/quadruped/install/quadruped/share/quadruped/urdf/meshes/Rear Left Shin.STL
[8.289s] -- Symlinking: /home/ws/src/quadruped/install/quadruped/share/quadruped/urdf/meshes/Rear Left Thigh.STL
[8.303s] -- Symlinking: /home/ws/src/quadruped/install/quadruped/share/quadruped/urdf/meshes/Rear Right Shin.STL
[8.318s] -- Symlinking: /home/ws/src/quadruped/install/quadruped/share/quadruped/urdf/meshes/Rear Right Thigh.STL
[8.328s] -- Symlinking: /home/ws/src/quadruped/install/quadruped/share/quadruped/urdf/mjb_maker.py
[8.338s] -- Symlinking: /home/ws/src/quadruped/install/quadruped/lib/libquadruped.so
[8.350s] -- Symlinking: /home/ws/src/quadruped/install/quadruped/include//quadruped/MujocoHardwareInterface.hpp
[8.373s] -- Symlinking: /home/ws/src/quadruped/install/quadruped/share/quadruped//MujocoHardwareInterface.xml
[8.395s] -- Up-to-date symlink: /home/ws/src/quadruped/install/quadruped/share/ament_index/resource_index/package_run_dependencies/quadruped
[8.395s] -- Up-to-date symlink: /home/ws/src/quadruped/install/quadruped/share/ament_index/resource_index/parent_prefix_path/quadruped
[8.396s] -- Up-to-date symlink: /home/ws/src/quadruped/install/quadruped/share/quadruped/environment/ament_prefix_path.sh
[8.396s] -- Up-to-date symlink: /home/ws/src/quadruped/install/quadruped/share/quadruped/environment/ament_prefix_path.dsv
[8.397s] -- Up-to-date symlink: /home/ws/src/quadruped/install/quadruped/share/quadruped/environment/path.sh
[8.397s] -- Up-to-date symlink: /home/ws/src/quadruped/install/quadruped/share/quadruped/environment/path.dsv
[8.398s] -- Up-to-date symlink: /home/ws/src/quadruped/install/quadruped/share/quadruped/local_setup.bash
[8.399s] -- Up-to-date symlink: /home/ws/src/quadruped/install/quadruped/share/quadruped/local_setup.sh
[8.399s] -- Up-to-date symlink: /home/ws/src/quadruped/install/quadruped/share/quadruped/local_setup.zsh
[8.399s] -- Up-to-date symlink: /home/ws/src/quadruped/install/quadruped/share/quadruped/local_setup.dsv
[8.400s] -- Symlinking: /home/ws/src/quadruped/install/quadruped/share/quadruped/package.dsv
[8.416s] -- Up-to-date symlink: /home/ws/src/quadruped/install/quadruped/share/ament_index/resource_index/packages/quadruped
[8.417s] -- Symlinking: /home/ws/src/quadruped/install/quadruped/share/ament_index/resource_index/hardware_interface__pluginlib__plugin/quadruped
[8.429s] -- Up-to-date symlink: /home/ws/src/quadruped/install/quadruped/share/quadruped/cmake/quadrupedConfig.cmake
[8.430s] -- Up-to-date symlink: /home/ws/src/quadruped/install/quadruped/share/quadruped/cmake/quadrupedConfig-version.cmake
[8.430s] -- Up-to-date symlink: /home/ws/src/quadruped/install/quadruped/share/quadruped/package.xml
[8.432s] Invoked command in '/home/ws/src/quadruped/build/quadruped' returned '0': CMAKE_PREFIX_PATH=${CMAKE_PREFIX_PATH}:/opt/ros/jazzy /usr/bin/cmake --install /home/ws/src/quadruped/build/quadruped
