[0.022s] Invoking command in '/home/ws/build/quadruped': CMAKE_PREFIX_PATH=${CMAKE_PREFIX_PATH}:/opt/ros/jazzy /usr/bin/cmake --build /home/ws/build/quadruped -- -j20 -l20
[0.071s] -- Found ament_cmake: 2.5.2 (/opt/ros/jazzy/share/ament_cmake/cmake)
[0.116s] -- Found Python3: /usr/bin/python3 (found version "3.12.3") found components: Interpreter 
[0.218s] -- Override CMake install command with custom implementation using symlinks instead of copying resources
[0.228s] -- Found rclcpp: 28.1.5 (/opt/ros/jazzy/share/rclcpp/cmake)
[0.265s] -- Found rosidl_generator_c: 4.6.4 (/opt/ros/jazzy/share/rosidl_generator_c/cmake)
[0.277s] -- Found rosidl_generator_cpp: 4.6.4 (/opt/ros/jazzy/share/rosidl_generator_cpp/cmake)
[0.291s] -- Using all available rosidl_typesupport_c: rosidl_typesupport_fastrtps_c;rosidl_typesupport_introspection_c
[0.307s] -- Using all available rosidl_typesupport_cpp: rosidl_typesupport_fastrtps_cpp;rosidl_typesupport_introspection_cpp
[0.392s] -- Found rmw_implementation_cmake: 7.3.1 (/opt/ros/jazzy/share/rmw_implementation_cmake/cmake)
[0.393s] -- Found rmw_fastrtps_cpp: 8.4.1 (/opt/ros/jazzy/share/rmw_fastrtps_cpp/cmake)
[0.514s] -- Using RMW implementation 'rmw_fastrtps_cpp' as default
[0.617s] -- Found hardware_interface: 4.18.0 (/opt/ros/jazzy/share/hardware_interface/cmake)
[0.896s] -- Found controller_manager: 4.18.0 (/opt/ros/jazzy/share/controller_manager/cmake)
[0.981s] -- Found ros2_control: 4.18.0 (/opt/ros/jazzy/share/ros2_control/cmake)
[0.981s] -- Found ros_gz_sim: 1.0.5 (/opt/ros/jazzy/share/ros_gz_sim/cmake)
[0.984s] -- Looking for gz-sim8 -- found version 8.6.0
[0.991s] -- Searching for dependencies of gz-sim8
[0.991s] -- Looking for sdformat14 -- found version 14.5.0
[0.992s] -- Searching for dependencies of sdformat14
[0.999s] -- Checking for module 'tinyxml2'
[1.029s] --   Found tinyxml2, version 10.0.0
[1.095s] -- Looking for gz-math7 -- found version 7.5.0
[1.095s] -- Searching for dependencies of gz-math7
[1.095s] -- Looking for gz-utils2 -- found version 2.2.0
[1.095s] -- Searching for dependencies of gz-utils2
[1.098s] -- Looking for gz-utils2 -- found version 2.2.0
[1.098s] -- Searching for dependencies of gz-utils2
[1.099s] -- Searching for <gz-utils2> component [cli]
[1.099s] -- Looking for gz-utils2-cli -- found version 2.2.0
[1.099s] -- Searching for dependencies of gz-utils2-cli
[1.102s] -- Looking for gz-plugin2 -- found version 2.0.3
[1.102s] -- Searching for dependencies of gz-plugin2
[1.103s] -- Looking for gz-utils2 -- found version 2.2.0
[1.104s] -- Searching for <gz-plugin2> component [loader]
[1.105s] -- Looking for gz-plugin2-loader -- found version 2.0.3
[1.105s] -- Searching for dependencies of gz-plugin2-loader
[1.106s] -- Searching for <gz-plugin2> component [register]
[1.107s] -- Looking for gz-plugin2-register -- found version 2.0.3
[1.107s] -- Searching for dependencies of gz-plugin2-register
[1.109s] -- Looking for gz-transport13 -- found version 13.4.0
[1.109s] -- Searching for dependencies of gz-transport13
[1.181s] -- Config-file not installed for ZeroMQ -- checking for pkg-config
[1.190s] -- Checking for module 'libzmq >= 4'
[1.216s] --   Found libzmq, version 4.3.5
[1.331s] -- Checking for module 'uuid'
[1.368s] --   Found uuid, version 2.39.3
[1.438s] -- Looking for gz-utils2 -- found version 2.2.0
[1.439s] -- Looking for gz-msgs10 -- found version 10.3.0
[1.439s] -- Searching for dependencies of gz-msgs10
[1.481s] -- Looking for gz-utils2 -- found version 2.2.0
[1.481s] -- Looking for gz-math7 -- found version 7.5.0
[1.539s] -- Searching for <gz-transport13> component [log]
[1.540s] -- Looking for gz-transport13-log -- found version 13.4.0
[1.540s] -- Searching for dependencies of gz-transport13-log
[1.541s] -- Searching for <gz-transport13> component [parameters]
[1.543s] -- Looking for gz-transport13-parameters -- found version 13.4.0
[1.543s] -- Searching for dependencies of gz-transport13-parameters
[1.545s] -- Looking for gz-msgs10 -- found version 10.3.0
[1.546s] -- Looking for gz-common5 -- found version 5.6.0
[1.546s] -- Searching for dependencies of gz-common5
[1.547s] -- Looking for gz-utils2 -- found version 2.2.0
[1.548s] -- Looking for dlfcn.h - found
[1.548s] -- Looking for libdl - found
[1.565s] -- Searching for <gz-common5> component [av]
[1.566s] -- Looking for gz-common5-av -- found version 5.6.0
[1.566s] -- Searching for dependencies of gz-common5-av
[1.576s] -- Checking for module 'libswscale'
[1.603s] --   Found libswscale, version 7.5.100
[1.686s] -- Checking for module 'libavdevice >= 56.4.100'
[1.712s] --   Found libavdevice, version 60.3.100
[1.825s] -- Checking for module 'libavformat'
[1.872s] --   Found libavformat, version 60.16.100
[1.966s] -- Checking for module 'libavcodec'
[1.992s] --   Found libavcodec, version 60.31.102
[2.084s] -- Checking for module 'libavutil'
[2.112s] --   Found libavutil, version 58.29.100
[2.183s] -- Searching for <gz-common5> component [events]
[2.184s] -- Looking for gz-common5-events -- found version 5.6.0
[2.184s] -- Searching for dependencies of gz-common5-events
[2.185s] -- Looking for gz-math7 -- found version 7.5.0
[2.186s] -- Searching for <gz-common5> component [graphics]
[2.187s] -- Looking for gz-common5-graphics -- found version 5.6.0
[2.187s] -- Searching for dependencies of gz-common5-graphics
[2.187s] -- Looking for gz-math7 -- found version 7.5.0
[2.192s] -- Searching for <gz-common5> component [io]
[2.192s] -- Looking for gz-common5-io -- found version 5.6.0
[2.193s] -- Searching for dependencies of gz-common5-io
[2.194s] -- Searching for <gz-common5> component [profiler]
[2.194s] -- Looking for gz-common5-profiler -- found version 5.6.0
[2.194s] -- Searching for dependencies of gz-common5-profiler
[2.196s] -- Looking for gz-fuel_tools9 -- found version 9.1.0
[2.196s] -- Searching for dependencies of gz-fuel_tools9
[2.280s] -- Checking for module 'jsoncpp'
[2.307s] --   Found jsoncpp, version 1.9.5
[2.419s] -- Checking for module 'yaml-0.1'
[2.463s] --   Found yaml-0.1, version 0.2.5
[2.544s] -- Checking for module 'libzip'
[2.574s] --   Found libzip, version 1.7.3
[2.645s] -- Looking for gz-utils2 -- found version 2.2.0
[2.646s] -- Looking for gz-common5 -- found version 5.6.0
[2.647s] -- Searching for dependencies of gz-common5
[2.647s] -- Looking for gz-utils2 -- found version 2.2.0
[2.648s] -- Looking for dlfcn.h - found
[2.648s] -- Looking for libdl - found
[2.665s] -- Searching for <gz-common5> component [testing]
[2.666s] -- Looking for gz-common5-testing -- found version 5.6.0
[2.666s] -- Searching for dependencies of gz-common5-testing
[2.668s] -- Looking for gz-math7 -- found version 7.5.0
[2.669s] -- Looking for gz-msgs10 -- found version 10.3.0
[2.672s] -- Looking for gz-gui8 -- found version 8.3.0
[2.672s] -- Searching for dependencies of gz-gui8
[2.717s] -- Looking for gz-utils2 -- found version 2.2.0
[2.718s] -- Looking for gz-math7 -- found version 7.5.0
[2.719s] -- Looking for gz-common5 -- found version 5.6.0
[2.719s] -- Looking for gz-plugin2 -- found version 2.0.3
[2.720s] -- Looking for gz-transport13 -- found version 13.4.0
[2.721s] -- Looking for gz-rendering8 -- found version 8.2.0
[2.721s] -- Searching for dependencies of gz-rendering8
[2.723s] -- Looking for gz-math7 -- found version 7.5.0
[2.723s] -- Searching for dependencies of gz-math7
[2.723s] -- Looking for gz-utils2 -- found version 2.2.0
[2.723s] -- Searching for <gz-math7> component [eigen3]
[2.725s] -- Looking for gz-math7-eigen3 -- found version 7.5.0
[2.725s] -- Searching for dependencies of gz-math7-eigen3
[2.732s] -- Looking for gz-common5 -- found version 5.6.0
[2.732s] -- Searching for dependencies of gz-common5
[2.734s] -- Looking for gz-utils2 -- found version 2.2.0
[2.735s] -- Looking for dlfcn.h - found
[2.735s] -- Looking for libdl - found
[2.757s] -- Searching for <gz-common5> component [graphics]
[2.757s] -- Searching for <gz-common5> component [events]
[2.757s] -- Searching for <gz-common5> component [geospatial]
[2.757s] -- Looking for gz-common5-geospatial -- found version 5.6.0
[2.758s] -- Searching for dependencies of gz-common5-geospatial
[2.759s] -- Looking for gz-math7 -- found version 7.5.0
[2.760s] -- Looking for gz-common5 -- found version 5.6.0
[2.762s] -- Looking for gz-plugin2 -- found version 2.0.3
[2.762s] -- Searching for dependencies of gz-plugin2
[2.763s] -- Looking for gz-utils2 -- found version 2.2.0
[2.763s] -- Searching for <gz-plugin2> component [all]
[2.764s] -- Looking for all libraries of gz-plugin2 -- found version 2.0.3
[2.765s] -- Looking for gz-plugin2 -- found version 2.0.3
[2.767s] -- Looking for gz-utils2 -- found version 2.2.0
[2.775s] -- Looking for gz-msgs10 -- found version 10.3.0
[2.817s] -- Looking for gz-physics7 -- found version 7.3.0
[2.818s] -- Searching for dependencies of gz-physics7
[2.818s] -- Looking for gz-common5 -- found version 5.6.0
[2.819s] -- Looking for gz-math7 -- found version 7.5.0
[2.820s] -- Looking for gz-plugin2 -- found version 2.0.3
[2.821s] -- Looking for gz-utils2 -- found version 2.2.0
[2.823s] -- Searching for <gz-physics7> component [heightmap]
[2.824s] -- Looking for gz-physics7-heightmap -- found version 7.3.0
[2.825s] -- Searching for dependencies of gz-physics7-heightmap
[2.825s] -- Looking for gz-common5 -- found version 5.6.0
[2.827s] -- Searching for <gz-physics7> component [mesh]
[2.828s] -- Looking for gz-physics7-mesh -- found version 7.3.0
[2.828s] -- Searching for dependencies of gz-physics7-mesh
[2.829s] -- Looking for gz-common5 -- found version 5.6.0
[2.829s] -- Searching for <gz-physics7> component [sdf]
[2.830s] -- Looking for gz-physics7-sdf -- found version 7.3.0
[2.831s] -- Searching for dependencies of gz-physics7-sdf
[2.831s] -- Looking for sdformat14 -- found version 14.5.0
[2.833s] -- Looking for gz-sensors8 -- found version 8.2.0
[2.834s] -- Searching for dependencies of gz-sensors8
[2.872s] -- Looking for gz-math7 -- found version 7.5.0
[2.872s] -- Looking for gz-common5 -- found version 5.6.0
[2.872s] -- Looking for gz-transport13 -- found version 13.4.0
[2.873s] -- Looking for gz-rendering8 -- found version 8.2.0
[2.874s] -- Looking for gz-msgs10 -- found version 10.3.0
[2.875s] -- Looking for sdformat14 -- found version 14.5.0
[2.875s] -- Searching for <gz-sensors8> component [air_pressure]
[2.876s] -- Looking for gz-sensors8-air_pressure -- found version 8.2.0
[2.876s] -- Searching for dependencies of gz-sensors8-air_pressure
[2.877s] -- Searching for <gz-sensors8> component [air_speed]
[2.878s] -- Looking for gz-sensors8-air_speed -- found version 8.2.0
[2.878s] -- Searching for dependencies of gz-sensors8-air_speed
[2.879s] -- Searching for <gz-sensors8> component [altimeter]
[2.880s] -- Looking for gz-sensors8-altimeter -- found version 8.2.0
[2.881s] -- Searching for dependencies of gz-sensors8-altimeter
[2.882s] -- Searching for <gz-sensors8> component [imu]
[2.883s] -- Looking for gz-sensors8-imu -- found version 8.2.0
[2.883s] -- Searching for dependencies of gz-sensors8-imu
[2.884s] -- Searching for <gz-sensors8> component [force_torque]
[2.885s] -- Looking for gz-sensors8-force_torque -- found version 8.2.0
[2.885s] -- Searching for dependencies of gz-sensors8-force_torque
[2.886s] -- Searching for <gz-sensors8> component [logical_camera]
[2.887s] -- Looking for gz-sensors8-logical_camera -- found version 8.2.0
[2.888s] -- Searching for dependencies of gz-sensors8-logical_camera
[2.889s] -- Searching for <gz-sensors8> component [magnetometer]
[2.889s] -- Looking for gz-sensors8-magnetometer -- found version 8.2.0
[2.890s] -- Searching for dependencies of gz-sensors8-magnetometer
[2.891s] -- Searching for <gz-sensors8> component [navsat]
[2.892s] -- Looking for gz-sensors8-navsat -- found version 8.2.0
[2.892s] -- Searching for dependencies of gz-sensors8-navsat
[2.893s] -- Searching for <gz-sensors8> component [dvl]
[2.894s] -- Looking for gz-sensors8-dvl -- found version 8.2.0
[2.894s] -- Searching for dependencies of gz-sensors8-dvl
[2.895s] -- Looking for gz-sensors8 -- found version 8.2.0
[2.895s] -- Searching for dependencies of gz-sensors8
[2.931s] -- Looking for gz-math7 -- found version 7.5.0
[2.931s] -- Looking for gz-common5 -- found version 5.6.0
[2.932s] -- Looking for gz-transport13 -- found version 13.4.0
[2.933s] -- Looking for gz-rendering8 -- found version 8.2.0
[2.934s] -- Looking for gz-msgs10 -- found version 10.3.0
[2.934s] -- Looking for sdformat14 -- found version 14.5.0
[2.935s] -- Searching for <gz-sensors8> component [rendering]
[2.935s] -- Looking for gz-sensors8-rendering -- found version 8.2.0
[2.935s] -- Searching for dependencies of gz-sensors8-rendering
[2.937s] -- Searching for <gz-sensors8> component [rendering]
[2.937s] -- Searching for <gz-sensors8> component [lidar]
[2.940s] -- Looking for gz-sensors8-lidar -- found version 8.2.0
[2.940s] -- Searching for dependencies of gz-sensors8-lidar
[2.940s] -- Looking for gz-sensors8 -- found version 8.2.0
[2.941s] -- Searching for <gz-sensors8> component [gpu_lidar]
[2.941s] -- Looking for gz-sensors8-gpu_lidar -- found version 8.2.0
[2.942s] -- Searching for dependencies of gz-sensors8-gpu_lidar
[2.942s] -- Looking for gz-sensors8 -- found version 8.2.0
[2.943s] -- Searching for <gz-sensors8> component [camera]
[2.943s] -- Looking for gz-sensors8-camera -- found version 8.2.0
[2.944s] -- Searching for dependencies of gz-sensors8-camera
[2.944s] -- Looking for gz-sensors8 -- found version 8.2.0
[2.945s] -- Searching for <gz-sensors8> component [boundingbox_camera]
[2.945s] -- Looking for gz-sensors8-boundingbox_camera -- found version 8.2.0
[2.946s] -- Searching for dependencies of gz-sensors8-boundingbox_camera
[2.946s] -- Searching for <gz-sensors8> component [segmentation_camera]
[2.947s] -- Looking for gz-sensors8-segmentation_camera -- found version 8.2.0
[2.947s] -- Searching for dependencies of gz-sensors8-segmentation_camera
[2.947s] -- Searching for <gz-sensors8> component [depth_camera]
[2.948s] -- Looking for gz-sensors8-depth_camera -- found version 8.2.0
[2.948s] -- Searching for dependencies of gz-sensors8-depth_camera
[2.949s] -- Looking for gz-sensors8 -- found version 8.2.0
[2.949s] -- Searching for <gz-sensors8> component [rgbd_camera]
[2.950s] -- Looking for gz-sensors8-rgbd_camera -- found version 8.2.0
[2.950s] -- Searching for dependencies of gz-sensors8-rgbd_camera
[2.951s] -- Looking for gz-sensors8 -- found version 8.2.0
[2.951s] -- Searching for <gz-sensors8> component [thermal_camera]
[2.952s] -- Looking for gz-sensors8-thermal_camera -- found version 8.2.0
[2.952s] -- Searching for dependencies of gz-sensors8-thermal_camera
[2.952s] -- Looking for gz-sensors8 -- found version 8.2.0
[2.953s] -- Searching for <gz-sensors8> component [wide_angle_camera]
[2.954s] -- Looking for gz-sensors8-wide_angle_camera -- found version 8.2.0
[2.954s] -- Searching for dependencies of gz-sensors8-wide_angle_camera
[2.955s] -- Looking for gz-rendering8 -- found version 8.2.0
[2.956s] -- Looking for gz-math7 -- found version 7.5.0
[2.956s] -- Looking for gz-utils2 -- found version 2.2.0
[2.984s] -- Looking for gz-plugin2 -- found version 2.0.3
[2.984s] -- Found rosidl_default_generators: 1.6.0 (/opt/ros/jazzy/share/rosidl_default_generators/cmake)
[2.996s] -- Found rosidl_adapter: 4.6.4 (/opt/ros/jazzy/share/rosidl_adapter/cmake)
[3.009s] -- Found rclcpp_components: 28.1.5 (/opt/ros/jazzy/share/rclcpp_components/cmake)
[3.457s] -- Found ament_cmake_ros: 0.12.0 (/opt/ros/jazzy/share/ament_cmake_ros/cmake)
[3.746s] -- Using all available rosidl_typesupport_c: rosidl_typesupport_fastrtps_c;rosidl_typesupport_introspection_c
[3.939s] -- Using all available rosidl_typesupport_cpp: rosidl_typesupport_fastrtps_cpp;rosidl_typesupport_introspection_cpp
[3.944s] -- Found python_cmake_module: 0.11.1 (/opt/ros/jazzy/share/python_cmake_module/cmake)
[4.587s] -- Found Python3: /usr/bin/python3 (found version "3.12.3") found components: Interpreter Development NumPy Development.Module Development.Embed 
[4.612s] -- Configuring done (4.5s)
[4.676s] -- Generating done (0.0s)
[4.681s] -- Build files have been written to: /home/ws/build/quadruped
[4.768s] [  2%] [32mBuilding CXX object CMakeFiles/quadruped_lib.dir/src/foot_trajectory_generator.cpp.o[0m
[4.771s] [  5%] Built target quadruped__rosidl_generator_type_description
[4.771s] [  7%] [32mBuilding CXX object CMakeFiles/quadruped_lib.dir/src/state_estimator.cpp.o[0m
[4.772s] [ 10%] [32mBuilding CXX object CMakeFiles/quadruped_lib.dir/src/balance_controller.cpp.o[0m
[4.773s] [ 12%] [32mBuilding CXX object CMakeFiles/quadruped_lib.dir/src/leg_controller.cpp.o[0m
[4.784s] [ 12%] Built target ament_cmake_python_symlink_quadruped
[4.822s] [01m[K/home/ws/src/quadruped/src/leg_controller.cpp:1:10:[m[K [01;31m[Kfatal error: [m[Kleg_controller.hpp: No such file or directory
[4.822s]     1 | #include [01;31m[K"leg_controller.hpp"[m[K
[4.823s]       |          [01;31m[K^~~~~~~~~~~~~~~~~~~~[m[K
[4.823s] compilation terminated.
[4.823s] [01m[K/home/ws/src/quadruped/src/foot_trajectory_generator.cpp:1:10:[m[K [01;31m[Kfatal error: [m[Kfoot_trajectory_generator.hpp: No such file or directory
[4.823s]     1 | #include [01;31m[K"foot_trajectory_generator.hpp"[m[K
[4.824s]       |          [01;31m[K^~~~~~~~~~~~~~~~~~~~~~~~~~~~~~~[m[K
[4.824s] compilation terminated.
[4.825s] [01m[K/home/ws/src/quadruped/src/balance_controller.cpp:1:10:[m[K [01;31m[Kfatal error: [m[Kbalance_controller.hpp: No such file or directory
[4.825s]     1 | #include [01;31m[K"balance_controller.hpp"[m[K
[4.825s]       |          [01;31m[K^~~~~~~~~~~~~~~~~~~~~~~~[m[K
[4.825s] compilation terminated.
[4.826s] [01m[K/home/ws/src/quadruped/src/state_estimator.cpp:1:10:[m[K [01;31m[Kfatal error: [m[Kstate_estimator.hpp: No such file or directory
[4.826s]     1 | #include [01;31m[K"state_estimator.hpp"[m[K
[4.826s]       |          [01;31m[K^~~~~~~~~~~~~~~~~~~~~[m[K
[4.826s] compilation terminated.
[4.826s] gmake[2]: *** [CMakeFiles/quadruped_lib.dir/build.make:104: CMakeFiles/quadruped_lib.dir/src/leg_controller.cpp.o] Error 1
[4.827s] gmake[2]: *** Waiting for unfinished jobs....
[4.828s] gmake[2]: *** [CMakeFiles/quadruped_lib.dir/build.make:90: CMakeFiles/quadruped_lib.dir/src/foot_trajectory_generator.cpp.o] Error 1
[4.828s] gmake[2]: *** [CMakeFiles/quadruped_lib.dir/build.make:76: CMakeFiles/quadruped_lib.dir/src/balance_controller.cpp.o] Error 1
[4.828s] gmake[2]: *** [CMakeFiles/quadruped_lib.dir/build.make:118: CMakeFiles/quadruped_lib.dir/src/state_estimator.cpp.o] Error 1
[4.829s] gmake[1]: *** [CMakeFiles/Makefile2:623: CMakeFiles/quadruped_lib.dir/all] Error 2
[4.829s] gmake[1]: *** Waiting for unfinished jobs....
[4.842s] [ 15%] Built target quadruped__cpp
[4.842s] [ 28%] Built target quadruped__rosidl_generator_c
[5.072s] running egg_info
[5.089s] writing quadruped.egg-info/PKG-INFO
[5.089s] writing dependency_links to quadruped.egg-info/dependency_links.txt
[5.089s] writing top-level names to quadruped.egg-info/top_level.txt
[5.134s] reading manifest file 'quadruped.egg-info/SOURCES.txt'
[5.135s] writing manifest file 'quadruped.egg-info/SOURCES.txt'
[5.171s] [ 28%] Built target ament_cmake_python_build_quadruped_egg
[5.173s] gmake: *** [Makefile:146: all] Error 2
[5.176s] Invoked command in '/home/ws/build/quadruped' returned '2': CMAKE_PREFIX_PATH=${CMAKE_PREFIX_PATH}:/opt/ros/jazzy /usr/bin/cmake --build /home/ws/build/quadruped -- -j20 -l20
