[  2%] Built target quadruped__rosidl_generator_type_description
[  2%] Built target ament_cmake_python_symlink_quadruped
[  5%] [32mBuilding CXX object CMakeFiles/quadruped_lib.dir/src/leg_controller.cpp.o[0m
[ 17%] Built target quadruped__rosidl_generator_c
[ 20%] [32mBuilding CXX object CMakeFiles/quadruped_lib.dir/src/foot_trajectory_generator.cpp.o[0m
[ 23%] Built target quadruped__cpp
[ 25%] [32mBuilding CXX object CMakeFiles/quadruped_lib.dir/src/balance_controller.cpp.o[0m
[ 28%] [32mBuilding CXX object CMakeFiles/quadruped_lib.dir/src/state_estimator.cpp.o[0m
[ 43%] Built target quadruped__rosidl_typesupport_cpp
[ 43%] Built target quadruped__rosidl_typesupport_introspection_cpp
[ 58%] Built target quadruped__rosidl_typesupport_introspection_c
[ 58%] Built target quadruped__rosidl_typesupport_c
[ 66%] Built target quadruped__rosidl_typesupport_fastrtps_c
[ 74%] Built target quadruped__rosidl_typesupport_fastrtps_cpp
[ 74%] Built target quadruped
[ 76%] Built target quadruped__py
[ 82%] Built target quadruped__rosidl_generator_py
[ 87%] Built target quadruped_s__rosidl_typesupport_fastrtps_c
[ 92%] Built target quadruped_s__rosidl_typesupport_c
[ 97%] Built target quadruped_s__rosidl_typesupport_introspection_c
running egg_info
writing quadruped.egg-info/PKG-INFO
writing dependency_links to quadruped.egg-info/dependency_links.txt
writing top-level names to quadruped.egg-info/top_level.txt
reading manifest file 'quadruped.egg-info/SOURCES.txt'
writing manifest file 'quadruped.egg-info/SOURCES.txt'
[ 97%] Built target ament_cmake_python_build_quadruped_egg
