[0.021s] Invoking command in '/home/ws/build/quadruped': CMAKE_PREFIX_PATH=${CMAKE_PREFIX_PATH}:/opt/ros/jazzy /usr/bin/cmake --build /home/ws/build/quadruped -- -j20 -l20
[0.117s] [  2%] Built target quadruped__rosidl_generator_type_description
[0.124s] [  2%] Built target ament_cmake_python_symlink_quadruped
[0.158s] [  5%] [32mBuilding CXX object CMakeFiles/quadruped_lib.dir/src/leg_controller.cpp.o[0m
[0.162s] [ 17%] Built target quadruped__rosidl_generator_c
[0.163s] [ 20%] [32mBuilding CXX object CMakeFiles/quadruped_lib.dir/src/foot_trajectory_generator.cpp.o[0m
[0.163s] [ 23%] Built target quadruped__cpp
[0.166s] [ 25%] [32mBuilding CXX object CMakeFiles/quadruped_lib.dir/src/balance_controller.cpp.o[0m
[0.169s] [ 28%] [32mBuilding CXX object CMakeFiles/quadruped_lib.dir/src/state_estimator.cpp.o[0m
[0.213s] [ 43%] Built target quadruped__rosidl_typesupport_cpp
[0.213s] [ 43%] Built target quadruped__rosidl_typesupport_introspection_cpp
[0.217s] [ 58%] Built target quadruped__rosidl_typesupport_introspection_c
[0.217s] [ 58%] Built target quadruped__rosidl_typesupport_c
[0.227s] [ 66%] Built target quadruped__rosidl_typesupport_fastrtps_c
[0.234s] [ 74%] Built target quadruped__rosidl_typesupport_fastrtps_cpp
[0.273s] [ 74%] Built target quadruped
[0.313s] [ 76%] Built target quadruped__py
[0.365s] [ 82%] Built target quadruped__rosidl_generator_py
[0.405s] [ 87%] Built target quadruped_s__rosidl_typesupport_fastrtps_c
[0.415s] [ 92%] Built target quadruped_s__rosidl_typesupport_c
[0.424s] [ 97%] Built target quadruped_s__rosidl_typesupport_introspection_c
[0.613s] running egg_info
[0.656s] writing quadruped.egg-info/PKG-INFO
[0.657s] writing dependency_links to quadruped.egg-info/dependency_links.txt
[0.657s] writing top-level names to quadruped.egg-info/top_level.txt
[0.755s] reading manifest file 'quadruped.egg-info/SOURCES.txt'
[0.756s] writing manifest file 'quadruped.egg-info/SOURCES.txt'
[0.797s] [ 97%] Built target ament_cmake_python_build_quadruped_egg
[3.539s] [01m[K/home/ws/src/quadruped/src/leg_controller.cpp:7:1:[m[K [01;31m[Kerror: [m[K‘[01m[KCallbackReturn[m[K’ does not name a type
[3.539s]     7 | [01;31m[KCallbackReturn[m[K LegController::on_init()
[3.540s]       | [01;31m[K^~~~~~~~~~~~~~[m[K
[3.543s] [01m[K/home/ws/src/quadruped/src/leg_controller.cpp:23:1:[m[K [01;31m[Kerror: [m[K‘[01m[KCallbackReturn[m[K’ does not name a type
[3.543s]    23 | [01;31m[KCallbackReturn[m[K LegController::on_configure(const rclcpp_lifecycle::State & /*previous_state*/)
[3.543s]       | [01;31m[K^~~~~~~~~~~~~~[m[K
[3.549s] [01m[K/home/ws/src/quadruped/src/leg_controller.cpp:75:1:[m[K [01;31m[Kerror: [m[K‘[01m[KCallbackReturn[m[K’ does not name a type
[3.549s]    75 | [01;31m[KCallbackReturn[m[K LegController::on_activate(const rclcpp_lifecycle::State & /*previous_state*/)
[3.550s]       | [01;31m[K^~~~~~~~~~~~~~[m[K
[3.552s] [01m[K/home/ws/src/quadruped/src/leg_controller.cpp:81:1:[m[K [01;31m[Kerror: [m[K‘[01m[KCallbackReturn[m[K’ does not name a type
[3.553s]    81 | [01;31m[KCallbackReturn[m[K LegController::on_deactivate(const rclcpp_lifecycle::State & /*previous_state*/)
[3.553s]       | [01;31m[K^~~~~~~~~~~~~~[m[K
[3.565s] [01m[K/home/ws/src/quadruped/src/state_estimator.cpp:7:1:[m[K [01;31m[Kerror: [m[K‘[01m[KCallbackReturn[m[K’ does not name a type
[3.565s]     7 | [01;31m[KCallbackReturn[m[K StateEstimator::on_init()
[3.565s]       | [01;31m[K^~~~~~~~~~~~~~[m[K
[3.568s] [01m[K/home/ws/src/quadruped/src/state_estimator.cpp:23:1:[m[K [01;31m[Kerror: [m[K‘[01m[KCallbackReturn[m[K’ does not name a type
[3.568s]    23 | [01;31m[KCallbackReturn[m[K StateEstimator::on_configure(const rclcpp_lifecycle::State & /*previous_state*/)
[3.569s]       | [01;31m[K^~~~~~~~~~~~~~[m[K
[3.573s] [01m[K/home/ws/src/quadruped/src/state_estimator.cpp:75:1:[m[K [01;31m[Kerror: [m[K‘[01m[KCallbackReturn[m[K’ does not name a type
[3.574s]    75 | [01;31m[KCallbackReturn[m[K StateEstimator::on_activate(const rclcpp_lifecycle::State & /*previous_state*/)
[3.574s]       | [01;31m[K^~~~~~~~~~~~~~[m[K
[3.576s] [01m[K/home/ws/src/quadruped/src/state_estimator.cpp:81:1:[m[K [01;31m[Kerror: [m[K‘[01m[KCallbackReturn[m[K’ does not name a type
[3.577s]    81 | [01;31m[KCallbackReturn[m[K StateEstimator::on_deactivate(const rclcpp_lifecycle::State & /*previous_state*/)
[3.577s]       | [01;31m[K^~~~~~~~~~~~~~[m[K
[3.661s] [01m[K/home/ws/src/quadruped/src/foot_trajectory_generator.cpp:5:1:[m[K [01;31m[Kerror: [m[K‘[01m[KFootTrajectoryGenerator[m[K’ does not name a type; did you mean ‘[01m[KFootTrajectoryController[m[K’?
[3.661s]     5 | [01;31m[KFootTrajectoryGenerator[m[K::FootTrajectoryGenerator() : controller_interface::ControllerInterface() {}
[3.661s]       | [01;31m[K^~~~~~~~~~~~~~~~~~~~~~~[m[K
[3.662s]       | [32m[KFootTrajectoryController[m[K
[3.664s] [01m[K/home/ws/src/quadruped/src/foot_trajectory_generator.cpp:7:1:[m[K [01;31m[Kerror: [m[K‘[01m[KCallbackReturn[m[K’ does not name a type
[3.664s]     7 | [01;31m[KCallbackReturn[m[K FootTrajectoryGenerator::on_init()
[3.665s]       | [01;31m[K^~~~~~~~~~~~~~[m[K
[3.667s] [01m[K/home/ws/src/quadruped/src/foot_trajectory_generator.cpp:23:1:[m[K [01;31m[Kerror: [m[K‘[01m[KCallbackReturn[m[K’ does not name a type
[3.667s]    23 | [01;31m[KCallbackReturn[m[K FootTrajectoryGenerator::on_configure(const rclcpp_lifecycle::State & /*previous_state*/)
[3.667s]       | [01;31m[K^~~~~~~~~~~~~~[m[K
[3.667s] [01m[K/home/ws/src/quadruped/src/foot_trajectory_generator.cpp:46:1:[m[K [01;31m[Kerror: [m[K‘[01m[KFootTrajectoryGenerator[m[K’ has not been declared
[3.668s]    46 | [01;31m[KFootTrajectoryGenerator[m[K::command_interface_configuration() const
[3.668s]       | [01;31m[K^~~~~~~~~~~~~~~~~~~~~~~[m[K
[3.668s] [01m[K/home/ws/src/quadruped/src/foot_trajectory_generator.cpp:46:60:[m[K [01;31m[Kerror: [m[Knon-member function ‘[01m[Kcontroller_interface::InterfaceConfiguration foot_trajectory_generator::[01;32m[Kcommand_interface_configuration[m[K()[m[K’ cannot have cv-qualifier
[3.668s]    46 | FootTrajectoryGenerator::command_interface_configuration() [01;31m[Kconst[m[K
[3.668s]       |                                                            [01;31m[K^~~~~[m[K
[3.673s] [01m[K/home/ws/src/quadruped/src/foot_trajectory_generator.cpp:[m[K In function ‘[01m[Kcontroller_interface::InterfaceConfiguration foot_trajectory_generator::[01;32m[Kcommand_interface_configuration[m[K()[m[K’:
[3.673s] [01m[K/home/ws/src/quadruped/src/foot_trajectory_generator.cpp:51:29:[m[K [01;31m[Kerror: [m[K‘[01m[Kjoint_names_[m[K’ was not declared in this scope
[3.673s]    51 |   for (const auto & joint : [01;31m[Kjoint_names_[m[K) {
[3.673s]       |                             [01;31m[K^~~~~~~~~~~~[m[K
[3.681s] [01m[K/home/ws/src/quadruped/src/foot_trajectory_generator.cpp:52:35:[m[K [01;31m[Kerror: [m[K‘[01m[Kcommand_interfaces_[m[K’ was not declared in this scope
[3.682s]    52 |     for (const auto & interface : [01;31m[Kcommand_interfaces_[m[K) {
[3.682s]       |                                   [01;31m[K^~~~~~~~~~~~~~~~~~~[m[K
[3.682s] [01m[K/home/ws/src/quadruped/src/foot_trajectory_generator.cpp:[m[K At global scope:
[3.682s] [01m[K/home/ws/src/quadruped/src/foot_trajectory_generator.cpp:61:1:[m[K [01;31m[Kerror: [m[K‘[01m[KFootTrajectoryGenerator[m[K’ has not been declared
[3.683s]    61 | [01;31m[KFootTrajectoryGenerator[m[K::state_interface_configuration() const
[3.683s]       | [01;31m[K^~~~~~~~~~~~~~~~~~~~~~~[m[K
[3.683s] [01m[K/home/ws/src/quadruped/src/foot_trajectory_generator.cpp:61:58:[m[K [01;31m[Kerror: [m[Knon-member function ‘[01m[Kcontroller_interface::InterfaceConfiguration foot_trajectory_generator::[01;32m[Kstate_interface_configuration[m[K()[m[K’ cannot have cv-qualifier
[3.683s]    61 | FootTrajectoryGenerator::state_interface_configuration() [01;31m[Kconst[m[K
[3.683s]       |                                                          [01;31m[K^~~~~[m[K
[3.687s] [01m[K/home/ws/src/quadruped/src/foot_trajectory_generator.cpp:[m[K In function ‘[01m[Kcontroller_interface::InterfaceConfiguration foot_trajectory_generator::[01;32m[Kstate_interface_configuration[m[K()[m[K’:
[3.688s] [01m[K/home/ws/src/quadruped/src/foot_trajectory_generator.cpp:66:29:[m[K [01;31m[Kerror: [m[K‘[01m[Kjoint_names_[m[K’ was not declared in this scope
[3.688s]    66 |   for (const auto & joint : [01;31m[Kjoint_names_[m[K) {
[3.688s]       |                             [01;31m[K^~~~~~~~~~~~[m[K
[3.695s] [01m[K/home/ws/src/quadruped/src/foot_trajectory_generator.cpp:67:35:[m[K [01;31m[Kerror: [m[K‘[01m[Kstate_interfaces_[m[K’ was not declared in this scope; did you mean ‘[01m[Krcl_interfaces[m[K’?
[3.695s]    67 |     for (const auto & interface : [01;31m[Kstate_interfaces_[m[K) {
[3.695s]       |                                   [01;31m[K^~~~~~~~~~~~~~~~~[m[K
[3.695s]       |                                   [32m[Krcl_interfaces[m[K
[3.697s] [01m[K/home/ws/src/quadruped/src/foot_trajectory_generator.cpp:[m[K At global scope:
[3.697s] [01m[K/home/ws/src/quadruped/src/foot_trajectory_generator.cpp:75:1:[m[K [01;31m[Kerror: [m[K‘[01m[KCallbackReturn[m[K’ does not name a type
[3.697s]    75 | [01;31m[KCallbackReturn[m[K FootTrajectoryGenerator::on_activate(const rclcpp_lifecycle::State & /*previous_state*/)
[3.697s]       | [01;31m[K^~~~~~~~~~~~~~[m[K
[3.700s] [01m[K/home/ws/src/quadruped/src/foot_trajectory_generator.cpp:81:1:[m[K [01;31m[Kerror: [m[K‘[01m[KCallbackReturn[m[K’ does not name a type
[3.700s]    81 | [01;31m[KCallbackReturn[m[K FootTrajectoryGenerator::on_deactivate(const rclcpp_lifecycle::State & /*previous_state*/)
[3.700s]       | [01;31m[K^~~~~~~~~~~~~~[m[K
[3.700s] [01m[K/home/ws/src/quadruped/src/foot_trajectory_generator.cpp:87:35:[m[K [01;31m[Kerror: [m[K‘[01m[KFootTrajectoryGenerator[m[K’ has not been declared
[3.700s]    87 | controller_interface::return_type [01;31m[KFootTrajectoryGenerator[m[K::update(
[3.700s]       |                                   [01;31m[K^~~~~~~~~~~~~~~~~~~~~~~[m[K
[3.707s] [01m[K/home/ws/src/quadruped/src/foot_trajectory_generator.cpp:[m[K In function ‘[01m[Kcontroller_interface::return_type foot_trajectory_generator::[01;32m[Kupdate[m[K(const rclcpp::Time&, const rclcpp::Duration&)[m[K’:
[3.707s] [01m[K/home/ws/src/quadruped/src/foot_trajectory_generator.cpp:93:19:[m[K [01;31m[Kerror: [m[K‘[01m[Krt_command_ptr_[m[K’ was not declared in this scope
[3.707s]    93 |   auto commands = [01;31m[Krt_command_ptr_[m[K.readFromRT();
[3.707s]       |                   [01;31m[K^~~~~~~~~~~~~~~[m[K
[3.718s] [01m[K/home/ws/src/quadruped/src/foot_trajectory_generator.cpp:100:26:[m[K [01;31m[Kerror: [m[K‘[01m[Kjoint_command_interfaces_[m[K’ was not declared in this scope
[3.718s]   100 |   for (size_t i = 0; i < [01;31m[Kjoint_command_interfaces_[m[K.size(); ++i) {
[3.718s]       |                          [01;31m[K^~~~~~~~~~~~~~~~~~~~~~~~~[m[K
[3.737s] [01m[K/home/ws/src/quadruped/src/balance_controller.cpp:7:1:[m[K [01;31m[Kerror: [m[K‘[01m[KCallbackReturn[m[K’ does not name a type
[3.737s]     7 | [01;31m[KCallbackReturn[m[K BalanceController::on_init()
[3.738s]       | [01;31m[K^~~~~~~~~~~~~~[m[K
[3.740s] [01m[K/home/ws/src/quadruped/src/balance_controller.cpp:23:1:[m[K [01;31m[Kerror: [m[K‘[01m[KCallbackReturn[m[K’ does not name a type
[3.741s]    23 | [01;31m[KCallbackReturn[m[K BalanceController::on_configure(const rclcpp_lifecycle::State & /*previous_state*/)
[3.741s]       | [01;31m[K^~~~~~~~~~~~~~[m[K
[3.746s] [01m[K/home/ws/src/quadruped/src/balance_controller.cpp:75:1:[m[K [01;31m[Kerror: [m[K‘[01m[KCallbackReturn[m[K’ does not name a type
[3.746s]    75 | [01;31m[KCallbackReturn[m[K BalanceController::on_activate(const rclcpp_lifecycle::State & /*previous_state*/)
[3.746s]       | [01;31m[K^~~~~~~~~~~~~~[m[K
[3.748s] In file included from [01m[K/opt/ros/jazzy/include/class_loader/class_loader/class_loader.hpp:56[m[K,
[3.748s]                  from [01m[K/opt/ros/jazzy/include/pluginlib/pluginlib/class_list_macros.hpp:40[m[K,
[3.748s]                  from [01m[K/home/ws/src/quadruped/src/foot_trajectory_generator.cpp:109[m[K:
[3.748s] [01m[K/home/ws/src/quadruped/src/foot_trajectory_generator.cpp:[m[K At global scope:
[3.748s] [01m[K/home/ws/src/quadruped/src/foot_trajectory_generator.cpp:110:51:[m[K [01;31m[Kerror: [m[K‘[01m[KFootTrajectoryGenerator[m[K’ in namespace ‘[01m[Kfoot_trajectory_generator[m[K’ does not name a type; did you mean ‘[01m[KFootTrajectoryController[m[K’?
[3.748s]   110 | PLUGINLIB_EXPORT_CLASS(foot_trajectory_generator::[01;31m[KFootTrajectoryGenerator[m[K, controller_interface::ControllerInterface)
[3.748s]       |                                                   [01;31m[K^~~~~~~~~~~~~~~~~~~~~~~[m[K
[3.749s] [01m[K/home/ws/src/quadruped/src/balance_controller.cpp:81:1:[m[K [01;31m[Kerror: [m[K‘[01m[KCallbackReturn[m[K’ does not name a type
[3.749s]    81 | [01;31m[KCallbackReturn[m[K BalanceController::on_deactivate(const rclcpp_lifecycle::State & /*previous_state*/)
[3.749s]       | [01;31m[K^~~~~~~~~~~~~~[m[K
[3.759s] [01m[K/home/ws/src/quadruped/src/foot_trajectory_generator.cpp:[m[K In constructor ‘[01m[K{anonymous}::ProxyExec0::[01;32m[KProxyExec0[m[K()[m[K’:
[3.759s] [01m[K/home/ws/src/quadruped/src/foot_trajectory_generator.cpp:110:1:[m[K [01;31m[Kerror: [m[K‘[01m[K_derived[m[K’ was not declared in this scope
[3.759s]   110 | [01;31m[KPLUGINLIB_EXPORT_CLASS[m[K(foot_trajectory_generator::FootTrajectoryGenerator, controller_interface::ControllerInterface)
[3.759s]       | [01;31m[K^~~~~~~~~~~~~~~~~~~~~~[m[K
[3.759s] [01m[K/home/ws/src/quadruped/src/foot_trajectory_generator.cpp:110:1:[m[K [01;31m[Kerror: [m[Kno matching function for call to ‘[01m[KregisterPlugin<<expression error>, {anonymous}::ProxyExec0::_base>(const char [51], const char [42])[m[K’
[3.759s]   110 | [01;31m[KPLUGINLIB_EXPORT_CLASS[m[K(foot_trajectory_generator::FootTrajectoryGenerator, controller_interface::ControllerInterface)
[3.759s]       | [01;31m[K^~~~~~~~~~~~~~~~~~~~~~[m[K
[3.759s] In file included from [01m[K/opt/ros/jazzy/include/class_loader/class_loader/class_loader.hpp:55[m[K:
[3.759s] [01m[K/opt/ros/jazzy/include/class_loader/class_loader/class_loader_core.hpp:241:1:[m[K [01;36m[Knote: [m[Kcandidate: ‘[01m[Ktemplate<class Derived, class Base> class_loader::impl::UniquePtr<class_loader::impl::AbstractMetaObjectBase> class_loader::impl::[01;32m[KregisterPlugin[m[K(const std::string&, const std::string&)[m[K’
[3.759s]   241 | [01;36m[KregisterPlugin[m[K(const std::string & class_name, const std::string & base_class_name)
[3.759s]       | [01;36m[K^~~~~~~~~~~~~~[m[K
[3.760s] [01m[K/opt/ros/jazzy/include/class_loader/class_loader/class_loader_core.hpp:241:1:[m[K [01;36m[Knote: [m[K  template argument deduction/substitution failed:
[3.760s] [01m[K/home/ws/src/quadruped/src/foot_trajectory_generator.cpp:110:1:[m[K [01;31m[Kerror: [m[Ktemplate argument 1 is invalid
[3.760s]   110 | [01;31m[KPLUGINLIB_EXPORT_CLASS[m[K(foot_trajectory_generator::FootTrajectoryGenerator, controller_interface::ControllerInterface)
[3.760s]       | [01;31m[K^~~~~~~~~~~~~~~~~~~~~~[m[K
[4.525s] gmake[2]: *** [CMakeFiles/quadruped_lib.dir/build.make:104: CMakeFiles/quadruped_lib.dir/src/leg_controller.cpp.o] Error 1
[4.525s] gmake[2]: *** Waiting for unfinished jobs....
[4.568s] gmake[2]: *** [CMakeFiles/quadruped_lib.dir/build.make:118: CMakeFiles/quadruped_lib.dir/src/state_estimator.cpp.o] Error 1
[4.643s] gmake[2]: *** [CMakeFiles/quadruped_lib.dir/build.make:90: CMakeFiles/quadruped_lib.dir/src/foot_trajectory_generator.cpp.o] Error 1
[4.711s] gmake[2]: *** [CMakeFiles/quadruped_lib.dir/build.make:76: CMakeFiles/quadruped_lib.dir/src/balance_controller.cpp.o] Error 1
[4.711s] gmake[1]: *** [CMakeFiles/Makefile2:623: CMakeFiles/quadruped_lib.dir/all] Error 2
[4.711s] gmake: *** [Makefile:146: all] Error 2
[4.715s] Invoked command in '/home/ws/build/quadruped' returned '2': CMAKE_PREFIX_PATH=${CMAKE_PREFIX_PATH}:/opt/ros/jazzy /usr/bin/cmake --build /home/ws/build/quadruped -- -j20 -l20
