[0.128s] DEBUG:colcon:Command line arguments: ['/usr/bin/colcon', 'build', '--packages-skip', 'quadruped', '--symlink-install']
[0.128s] DEBUG:colcon:Parsed command line arguments: Namespace(log_base=None, log_level=None, verb_name='build', build_base='build', install_base='install', merge_install=False, symlink_install=True, test_result_base=None, continue_on_error=False, executor='parallel', parallel_workers=20, event_handlers=None, ignore_user_meta=False, metas=['./colcon.meta'], base_paths=['.'], packages_ignore=None, packages_ignore_regex=None, paths=None, packages_up_to=None, packages_up_to_regex=None, packages_above=None, packages_above_and_dependencies=None, packages_above_depth=None, packages_select_by_dep=None, packages_skip_by_dep=None, packages_skip_up_to=None, packages_select_build_failed=False, packages_skip_build_finished=False, packages_select_test_failures=False, packages_skip_test_passed=False, packages_select=None, packages_skip=['quadruped'], packages_select_regex=None, packages_skip_regex=None, packages_start=None, packages_end=None, cmake_args=None, cmake_target=None, cmake_target_skip_unavailable=False, cmake_clean_cache=False, cmake_clean_first=False, cmake_force_configure=False, ament_cmake_args=None, catkin_cmake_args=None, catkin_skip_building_tests=False, mixin_files=None, mixin=None, verb_parser=<colcon_mixin.mixin.mixin_argument.MixinArgumentDecorator object at 0x7a5db383fe90>, verb_extension=<colcon_core.verb.build.BuildVerb object at 0x7a5db383fb90>, main=<bound method BuildVerb.main of <colcon_core.verb.build.BuildVerb object at 0x7a5db383fb90>>, mixin_verb=('build',))
[0.184s] Level 1:colcon.colcon_core.package_discovery:discover_packages(colcon_meta) check parameters
[0.185s] Level 1:colcon.colcon_core.package_discovery:discover_packages(recursive) check parameters
[0.185s] Level 1:colcon.colcon_core.package_discovery:discover_packages(ignore) check parameters
[0.185s] Level 1:colcon.colcon_core.package_discovery:discover_packages(path) check parameters
[0.185s] Level 1:colcon.colcon_core.package_discovery:discover_packages(colcon_meta) discover
[0.185s] Level 1:colcon.colcon_core.package_discovery:discover_packages(recursive) discover
[0.185s] INFO:colcon.colcon_core.package_discovery:Crawling recursively for packages in '/home/ws'
[0.185s] Level 1:colcon.colcon_core.package_identification:_identify(.) by extensions ['ignore', 'ignore_ament_install']
[0.185s] Level 1:colcon.colcon_core.package_identification:_identify(.) by extension 'ignore'
[0.185s] Level 1:colcon.colcon_core.package_identification:_identify(.) by extension 'ignore_ament_install'
[0.185s] Level 1:colcon.colcon_core.package_identification:_identify(.) by extensions ['colcon_pkg']
[0.185s] Level 1:colcon.colcon_core.package_identification:_identify(.) by extension 'colcon_pkg'
[0.185s] Level 1:colcon.colcon_core.package_identification:_identify(.) by extensions ['colcon_meta']
[0.185s] Level 1:colcon.colcon_core.package_identification:_identify(.) by extension 'colcon_meta'
[0.185s] Level 1:colcon.colcon_core.package_identification:_identify(.) by extensions ['ros']
[0.185s] Level 1:colcon.colcon_core.package_identification:_identify(.) by extension 'ros'
[0.221s] Level 1:colcon.colcon_core.package_identification:_identify(.) by extensions ['cmake', 'python']
[0.221s] Level 1:colcon.colcon_core.package_identification:_identify(.) by extension 'cmake'
[0.221s] Level 1:colcon.colcon_core.package_identification:_identify(.) by extension 'python'
[0.221s] Level 1:colcon.colcon_core.package_identification:_identify(.) by extensions ['python_setup_py']
[0.221s] Level 1:colcon.colcon_core.package_identification:_identify(.) by extension 'python_setup_py'
[0.221s] Level 1:colcon.colcon_core.package_identification:_identify(build) by extensions ['ignore', 'ignore_ament_install']
[0.221s] Level 1:colcon.colcon_core.package_identification:_identify(build) by extension 'ignore'
[0.222s] Level 1:colcon.colcon_core.package_identification:_identify(build) ignored
[0.222s] Level 1:colcon.colcon_core.package_identification:_identify(install) by extensions ['ignore', 'ignore_ament_install']
[0.222s] Level 1:colcon.colcon_core.package_identification:_identify(install) by extension 'ignore'
[0.222s] Level 1:colcon.colcon_core.package_identification:_identify(install) ignored
[0.222s] Level 1:colcon.colcon_core.package_identification:_identify(log) by extensions ['ignore', 'ignore_ament_install']
[0.222s] Level 1:colcon.colcon_core.package_identification:_identify(log) by extension 'ignore'
[0.222s] Level 1:colcon.colcon_core.package_identification:_identify(log) ignored
[0.222s] Level 1:colcon.colcon_core.package_identification:_identify(src) by extensions ['ignore', 'ignore_ament_install']
[0.222s] Level 1:colcon.colcon_core.package_identification:_identify(src) by extension 'ignore'
[0.222s] Level 1:colcon.colcon_core.package_identification:_identify(src) by extension 'ignore_ament_install'
[0.222s] Level 1:colcon.colcon_core.package_identification:_identify(src) by extensions ['colcon_pkg']
[0.222s] Level 1:colcon.colcon_core.package_identification:_identify(src) by extension 'colcon_pkg'
[0.222s] Level 1:colcon.colcon_core.package_identification:_identify(src) by extensions ['colcon_meta']
[0.223s] Level 1:colcon.colcon_core.package_identification:_identify(src) by extension 'colcon_meta'
[0.223s] Level 1:colcon.colcon_core.package_identification:_identify(src) by extensions ['ros']
[0.223s] Level 1:colcon.colcon_core.package_identification:_identify(src) by extension 'ros'
[0.223s] Level 1:colcon.colcon_core.package_identification:_identify(src) by extensions ['cmake', 'python']
[0.223s] Level 1:colcon.colcon_core.package_identification:_identify(src) by extension 'cmake'
[0.223s] Level 1:colcon.colcon_core.package_identification:_identify(src) by extension 'python'
[0.223s] Level 1:colcon.colcon_core.package_identification:_identify(src) by extensions ['python_setup_py']
[0.223s] Level 1:colcon.colcon_core.package_identification:_identify(src) by extension 'python_setup_py'
[0.223s] Level 1:colcon.colcon_core.package_identification:_identify(src/quadruped) by extensions ['ignore', 'ignore_ament_install']
[0.223s] Level 1:colcon.colcon_core.package_identification:_identify(src/quadruped) by extension 'ignore'
[0.223s] Level 1:colcon.colcon_core.package_identification:_identify(src/quadruped) by extension 'ignore_ament_install'
[0.223s] Level 1:colcon.colcon_core.package_identification:_identify(src/quadruped) by extensions ['colcon_pkg']
[0.223s] Level 1:colcon.colcon_core.package_identification:_identify(src/quadruped) by extension 'colcon_pkg'
[0.223s] Level 1:colcon.colcon_core.package_identification:_identify(src/quadruped) by extensions ['colcon_meta']
[0.223s] Level 1:colcon.colcon_core.package_identification:_identify(src/quadruped) by extension 'colcon_meta'
[0.223s] Level 1:colcon.colcon_core.package_identification:_identify(src/quadruped) by extensions ['ros']
[0.223s] Level 1:colcon.colcon_core.package_identification:_identify(src/quadruped) by extension 'ros'
[0.227s] DEBUG:colcon.colcon_core.package_identification:Package 'src/quadruped' with type 'ros.ament_cmake' and name 'quadruped'
[0.227s] Level 1:colcon.colcon_core.package_identification:_identify(src/quadruped_bringup) by extensions ['ignore', 'ignore_ament_install']
[0.228s] Level 1:colcon.colcon_core.package_identification:_identify(src/quadruped_bringup) by extension 'ignore'
[0.228s] Level 1:colcon.colcon_core.package_identification:_identify(src/quadruped_bringup) by extension 'ignore_ament_install'
[0.228s] Level 1:colcon.colcon_core.package_identification:_identify(src/quadruped_bringup) by extensions ['colcon_pkg']
[0.228s] Level 1:colcon.colcon_core.package_identification:_identify(src/quadruped_bringup) by extension 'colcon_pkg'
[0.228s] Level 1:colcon.colcon_core.package_identification:_identify(src/quadruped_bringup) by extensions ['colcon_meta']
[0.228s] Level 1:colcon.colcon_core.package_identification:_identify(src/quadruped_bringup) by extension 'colcon_meta'
[0.228s] Level 1:colcon.colcon_core.package_identification:_identify(src/quadruped_bringup) by extensions ['ros']
[0.228s] Level 1:colcon.colcon_core.package_identification:_identify(src/quadruped_bringup) by extension 'ros'
[0.228s] DEBUG:colcon.colcon_core.package_identification:Package 'src/quadruped_bringup' with type 'ros.ament_cmake' and name 'quadruped_bringup'
[0.229s] Level 1:colcon.colcon_core.package_identification:_identify(src/quadruped_hardware) by extensions ['ignore', 'ignore_ament_install']
[0.229s] Level 1:colcon.colcon_core.package_identification:_identify(src/quadruped_hardware) by extension 'ignore'
[0.229s] Level 1:colcon.colcon_core.package_identification:_identify(src/quadruped_hardware) by extension 'ignore_ament_install'
[0.229s] Level 1:colcon.colcon_core.package_identification:_identify(src/quadruped_hardware) by extensions ['colcon_pkg']
[0.229s] Level 1:colcon.colcon_core.package_identification:_identify(src/quadruped_hardware) by extension 'colcon_pkg'
[0.229s] Level 1:colcon.colcon_core.package_identification:_identify(src/quadruped_hardware) by extensions ['colcon_meta']
[0.229s] Level 1:colcon.colcon_core.package_identification:_identify(src/quadruped_hardware) by extension 'colcon_meta'
[0.229s] Level 1:colcon.colcon_core.package_identification:_identify(src/quadruped_hardware) by extensions ['ros']
[0.229s] Level 1:colcon.colcon_core.package_identification:_identify(src/quadruped_hardware) by extension 'ros'
[0.229s] DEBUG:colcon.colcon_core.package_identification:Package 'src/quadruped_hardware' with type 'ros.ament_cmake' and name 'quadruped_hardware'
[0.229s] Level 1:colcon.colcon_core.package_identification:_identify(src/quadruped_mpc) by extensions ['ignore', 'ignore_ament_install']
[0.229s] Level 1:colcon.colcon_core.package_identification:_identify(src/quadruped_mpc) by extension 'ignore'
[0.230s] Level 1:colcon.colcon_core.package_identification:_identify(src/quadruped_mpc) by extension 'ignore_ament_install'
[0.230s] Level 1:colcon.colcon_core.package_identification:_identify(src/quadruped_mpc) by extensions ['colcon_pkg']
[0.230s] Level 1:colcon.colcon_core.package_identification:_identify(src/quadruped_mpc) by extension 'colcon_pkg'
[0.230s] Level 1:colcon.colcon_core.package_identification:_identify(src/quadruped_mpc) by extensions ['colcon_meta']
[0.230s] Level 1:colcon.colcon_core.package_identification:_identify(src/quadruped_mpc) by extension 'colcon_meta'
[0.230s] Level 1:colcon.colcon_core.package_identification:_identify(src/quadruped_mpc) by extensions ['ros']
[0.230s] Level 1:colcon.colcon_core.package_identification:_identify(src/quadruped_mpc) by extension 'ros'
[0.230s] DEBUG:colcon.colcon_core.package_identification:Package 'src/quadruped_mpc' with type 'ros.ament_cmake' and name 'quadruped_mpc'
[0.230s] Level 1:colcon.colcon_core.package_identification:_identify(src/quadruped_sim) by extensions ['ignore', 'ignore_ament_install']
[0.230s] Level 1:colcon.colcon_core.package_identification:_identify(src/quadruped_sim) by extension 'ignore'
[0.231s] Level 1:colcon.colcon_core.package_identification:_identify(src/quadruped_sim) by extension 'ignore_ament_install'
[0.231s] Level 1:colcon.colcon_core.package_identification:_identify(src/quadruped_sim) by extensions ['colcon_pkg']
[0.231s] Level 1:colcon.colcon_core.package_identification:_identify(src/quadruped_sim) by extension 'colcon_pkg'
[0.231s] Level 1:colcon.colcon_core.package_identification:_identify(src/quadruped_sim) by extensions ['colcon_meta']
[0.231s] Level 1:colcon.colcon_core.package_identification:_identify(src/quadruped_sim) by extension 'colcon_meta'
[0.231s] Level 1:colcon.colcon_core.package_identification:_identify(src/quadruped_sim) by extensions ['ros']
[0.231s] Level 1:colcon.colcon_core.package_identification:_identify(src/quadruped_sim) by extension 'ros'
[0.231s] DEBUG:colcon.colcon_core.package_identification:Package 'src/quadruped_sim' with type 'ros.ament_cmake' and name 'quadruped_sim'
[0.231s] Level 1:colcon.colcon_core.package_identification:_identify(src/quadruped_urdf) by extensions ['ignore', 'ignore_ament_install']
[0.231s] Level 1:colcon.colcon_core.package_identification:_identify(src/quadruped_urdf) by extension 'ignore'
[0.231s] Level 1:colcon.colcon_core.package_identification:_identify(src/quadruped_urdf) by extension 'ignore_ament_install'
[0.232s] Level 1:colcon.colcon_core.package_identification:_identify(src/quadruped_urdf) by extensions ['colcon_pkg']
[0.232s] Level 1:colcon.colcon_core.package_identification:_identify(src/quadruped_urdf) by extension 'colcon_pkg'
[0.232s] Level 1:colcon.colcon_core.package_identification:_identify(src/quadruped_urdf) by extensions ['colcon_meta']
[0.232s] Level 1:colcon.colcon_core.package_identification:_identify(src/quadruped_urdf) by extension 'colcon_meta'
[0.232s] Level 1:colcon.colcon_core.package_identification:_identify(src/quadruped_urdf) by extensions ['ros']
[0.232s] Level 1:colcon.colcon_core.package_identification:_identify(src/quadruped_urdf) by extension 'ros'
[0.232s] DEBUG:colcon.colcon_core.package_identification:Package 'src/quadruped_urdf' with type 'ros.ament_cmake' and name 'quadruped_urdf'
[0.232s] Level 1:colcon.colcon_core.package_discovery:discover_packages(recursive) using defaults
[0.232s] Level 1:colcon.colcon_core.package_discovery:discover_packages(ignore) discover
[0.232s] Level 1:colcon.colcon_core.package_discovery:discover_packages(ignore) using defaults
[0.232s] Level 1:colcon.colcon_core.package_discovery:discover_packages(path) discover
[0.232s] Level 1:colcon.colcon_core.package_discovery:discover_packages(path) using defaults
[0.256s] INFO:colcon.colcon_core.package_selection:Skipping package 'quadruped' in 'src/quadruped'
[0.257s] Level 5:colcon.colcon_core.verb:set package 'quadruped_bringup' build argument 'cmake_args' from command line to 'None'
[0.257s] Level 5:colcon.colcon_core.verb:set package 'quadruped_bringup' build argument 'cmake_target' from command line to 'None'
[0.257s] Level 5:colcon.colcon_core.verb:set package 'quadruped_bringup' build argument 'cmake_target_skip_unavailable' from command line to 'False'
[0.257s] Level 5:colcon.colcon_core.verb:set package 'quadruped_bringup' build argument 'cmake_clean_cache' from command line to 'False'
[0.257s] Level 5:colcon.colcon_core.verb:set package 'quadruped_bringup' build argument 'cmake_clean_first' from command line to 'False'
[0.257s] Level 5:colcon.colcon_core.verb:set package 'quadruped_bringup' build argument 'cmake_force_configure' from command line to 'False'
[0.257s] Level 5:colcon.colcon_core.verb:set package 'quadruped_bringup' build argument 'ament_cmake_args' from command line to 'None'
[0.257s] Level 5:colcon.colcon_core.verb:set package 'quadruped_bringup' build argument 'catkin_cmake_args' from command line to 'None'
[0.257s] Level 5:colcon.colcon_core.verb:set package 'quadruped_bringup' build argument 'catkin_skip_building_tests' from command line to 'False'
[0.257s] DEBUG:colcon.colcon_core.verb:Building package 'quadruped_bringup' with the following arguments: {'ament_cmake_args': None, 'build_base': '/home/ws/build/quadruped_bringup', 'catkin_cmake_args': None, 'catkin_skip_building_tests': False, 'cmake_args': None, 'cmake_clean_cache': False, 'cmake_clean_first': False, 'cmake_force_configure': False, 'cmake_target': None, 'cmake_target_skip_unavailable': False, 'install_base': '/home/ws/install/quadruped_bringup', 'merge_install': False, 'path': '/home/ws/src/quadruped_bringup', 'symlink_install': True, 'test_result_base': None}
[0.257s] Level 5:colcon.colcon_core.verb:set package 'quadruped_hardware' build argument 'cmake_args' from command line to 'None'
[0.257s] Level 5:colcon.colcon_core.verb:set package 'quadruped_hardware' build argument 'cmake_target' from command line to 'None'
[0.257s] Level 5:colcon.colcon_core.verb:set package 'quadruped_hardware' build argument 'cmake_target_skip_unavailable' from command line to 'False'
[0.257s] Level 5:colcon.colcon_core.verb:set package 'quadruped_hardware' build argument 'cmake_clean_cache' from command line to 'False'
[0.257s] Level 5:colcon.colcon_core.verb:set package 'quadruped_hardware' build argument 'cmake_clean_first' from command line to 'False'
[0.257s] Level 5:colcon.colcon_core.verb:set package 'quadruped_hardware' build argument 'cmake_force_configure' from command line to 'False'
[0.257s] Level 5:colcon.colcon_core.verb:set package 'quadruped_hardware' build argument 'ament_cmake_args' from command line to 'None'
[0.257s] Level 5:colcon.colcon_core.verb:set package 'quadruped_hardware' build argument 'catkin_cmake_args' from command line to 'None'
[0.257s] Level 5:colcon.colcon_core.verb:set package 'quadruped_hardware' build argument 'catkin_skip_building_tests' from command line to 'False'
[0.257s] DEBUG:colcon.colcon_core.verb:Building package 'quadruped_hardware' with the following arguments: {'ament_cmake_args': None, 'build_base': '/home/ws/build/quadruped_hardware', 'catkin_cmake_args': None, 'catkin_skip_building_tests': False, 'cmake_args': None, 'cmake_clean_cache': False, 'cmake_clean_first': False, 'cmake_force_configure': False, 'cmake_target': None, 'cmake_target_skip_unavailable': False, 'install_base': '/home/ws/install/quadruped_hardware', 'merge_install': False, 'path': '/home/ws/src/quadruped_hardware', 'symlink_install': True, 'test_result_base': None}
[0.258s] Level 5:colcon.colcon_core.verb:set package 'quadruped_mpc' build argument 'cmake_args' from command line to 'None'
[0.258s] Level 5:colcon.colcon_core.verb:set package 'quadruped_mpc' build argument 'cmake_target' from command line to 'None'
[0.258s] Level 5:colcon.colcon_core.verb:set package 'quadruped_mpc' build argument 'cmake_target_skip_unavailable' from command line to 'False'
[0.258s] Level 5:colcon.colcon_core.verb:set package 'quadruped_mpc' build argument 'cmake_clean_cache' from command line to 'False'
[0.258s] Level 5:colcon.colcon_core.verb:set package 'quadruped_mpc' build argument 'cmake_clean_first' from command line to 'False'
[0.258s] Level 5:colcon.colcon_core.verb:set package 'quadruped_mpc' build argument 'cmake_force_configure' from command line to 'False'
[0.258s] Level 5:colcon.colcon_core.verb:set package 'quadruped_mpc' build argument 'ament_cmake_args' from command line to 'None'
[0.258s] Level 5:colcon.colcon_core.verb:set package 'quadruped_mpc' build argument 'catkin_cmake_args' from command line to 'None'
[0.258s] Level 5:colcon.colcon_core.verb:set package 'quadruped_mpc' build argument 'catkin_skip_building_tests' from command line to 'False'
[0.258s] DEBUG:colcon.colcon_core.verb:Building package 'quadruped_mpc' with the following arguments: {'ament_cmake_args': None, 'build_base': '/home/ws/build/quadruped_mpc', 'catkin_cmake_args': None, 'catkin_skip_building_tests': False, 'cmake_args': None, 'cmake_clean_cache': False, 'cmake_clean_first': False, 'cmake_force_configure': False, 'cmake_target': None, 'cmake_target_skip_unavailable': False, 'install_base': '/home/ws/install/quadruped_mpc', 'merge_install': False, 'path': '/home/ws/src/quadruped_mpc', 'symlink_install': True, 'test_result_base': None}
[0.258s] Level 5:colcon.colcon_core.verb:set package 'quadruped_sim' build argument 'cmake_args' from command line to 'None'
[0.258s] Level 5:colcon.colcon_core.verb:set package 'quadruped_sim' build argument 'cmake_target' from command line to 'None'
[0.258s] Level 5:colcon.colcon_core.verb:set package 'quadruped_sim' build argument 'cmake_target_skip_unavailable' from command line to 'False'
[0.258s] Level 5:colcon.colcon_core.verb:set package 'quadruped_sim' build argument 'cmake_clean_cache' from command line to 'False'
[0.258s] Level 5:colcon.colcon_core.verb:set package 'quadruped_sim' build argument 'cmake_clean_first' from command line to 'False'
[0.258s] Level 5:colcon.colcon_core.verb:set package 'quadruped_sim' build argument 'cmake_force_configure' from command line to 'False'
[0.258s] Level 5:colcon.colcon_core.verb:set package 'quadruped_sim' build argument 'ament_cmake_args' from command line to 'None'
[0.258s] Level 5:colcon.colcon_core.verb:set package 'quadruped_sim' build argument 'catkin_cmake_args' from command line to 'None'
[0.258s] Level 5:colcon.colcon_core.verb:set package 'quadruped_sim' build argument 'catkin_skip_building_tests' from command line to 'False'
[0.258s] DEBUG:colcon.colcon_core.verb:Building package 'quadruped_sim' with the following arguments: {'ament_cmake_args': None, 'build_base': '/home/ws/build/quadruped_sim', 'catkin_cmake_args': None, 'catkin_skip_building_tests': False, 'cmake_args': None, 'cmake_clean_cache': False, 'cmake_clean_first': False, 'cmake_force_configure': False, 'cmake_target': None, 'cmake_target_skip_unavailable': False, 'install_base': '/home/ws/install/quadruped_sim', 'merge_install': False, 'path': '/home/ws/src/quadruped_sim', 'symlink_install': True, 'test_result_base': None}
[0.259s] Level 5:colcon.colcon_core.verb:set package 'quadruped_urdf' build argument 'cmake_args' from command line to 'None'
[0.259s] Level 5:colcon.colcon_core.verb:set package 'quadruped_urdf' build argument 'cmake_target' from command line to 'None'
[0.259s] Level 5:colcon.colcon_core.verb:set package 'quadruped_urdf' build argument 'cmake_target_skip_unavailable' from command line to 'False'
[0.259s] Level 5:colcon.colcon_core.verb:set package 'quadruped_urdf' build argument 'cmake_clean_cache' from command line to 'False'
[0.259s] Level 5:colcon.colcon_core.verb:set package 'quadruped_urdf' build argument 'cmake_clean_first' from command line to 'False'
[0.259s] Level 5:colcon.colcon_core.verb:set package 'quadruped_urdf' build argument 'cmake_force_configure' from command line to 'False'
[0.259s] Level 5:colcon.colcon_core.verb:set package 'quadruped_urdf' build argument 'ament_cmake_args' from command line to 'None'
[0.259s] Level 5:colcon.colcon_core.verb:set package 'quadruped_urdf' build argument 'catkin_cmake_args' from command line to 'None'
[0.259s] Level 5:colcon.colcon_core.verb:set package 'quadruped_urdf' build argument 'catkin_skip_building_tests' from command line to 'False'
[0.259s] DEBUG:colcon.colcon_core.verb:Building package 'quadruped_urdf' with the following arguments: {'ament_cmake_args': None, 'build_base': '/home/ws/build/quadruped_urdf', 'catkin_cmake_args': None, 'catkin_skip_building_tests': False, 'cmake_args': None, 'cmake_clean_cache': False, 'cmake_clean_first': False, 'cmake_force_configure': False, 'cmake_target': None, 'cmake_target_skip_unavailable': False, 'install_base': '/home/ws/install/quadruped_urdf', 'merge_install': False, 'path': '/home/ws/src/quadruped_urdf', 'symlink_install': True, 'test_result_base': None}
[0.259s] INFO:colcon.colcon_core.executor:Executing jobs using 'parallel' executor
[0.261s] DEBUG:colcon.colcon_parallel_executor.executor.parallel:run_until_complete
[0.261s] INFO:colcon.colcon_ros.task.ament_cmake.build:Building ROS package in '/home/ws/src/quadruped_bringup' with build type 'ament_cmake'
[0.262s] INFO:colcon.colcon_cmake.task.cmake.build:Building CMake package in '/home/ws/src/quadruped_bringup'
[0.265s] INFO:colcon.colcon_core.plugin_system:Skipping extension 'colcon_core.shell.bat': Not used on non-Windows systems
[0.265s] INFO:colcon.colcon_core.shell:Skip shell extension 'powershell' for command environment: Not usable outside of PowerShell
[0.265s] DEBUG:colcon.colcon_core.shell:Skip shell extension 'dsv' for command environment
[0.266s] WARNING:colcon.colcon_ros.prefix_path.ament:The path '/home/ws/install/quadruped_simulation' in the environment variable AMENT_PREFIX_PATH doesn't exist
[0.266s] WARNING:colcon.colcon_ros.prefix_path.ament:The path '/home/ws/install/quadruped_controllers' in the environment variable AMENT_PREFIX_PATH doesn't exist
[0.272s] INFO:colcon.colcon_ros.task.ament_cmake.build:Building ROS package in '/home/ws/src/quadruped_hardware' with build type 'ament_cmake'
[0.272s] INFO:colcon.colcon_cmake.task.cmake.build:Building CMake package in '/home/ws/src/quadruped_hardware'
[0.272s] INFO:colcon.colcon_core.shell:Skip shell extension 'powershell' for command environment: Not usable outside of PowerShell
[0.272s] DEBUG:colcon.colcon_core.shell:Skip shell extension 'dsv' for command environment
[0.277s] INFO:colcon.colcon_ros.task.ament_cmake.build:Building ROS package in '/home/ws/src/quadruped_mpc' with build type 'ament_cmake'
[0.277s] INFO:colcon.colcon_cmake.task.cmake.build:Building CMake package in '/home/ws/src/quadruped_mpc'
[0.277s] INFO:colcon.colcon_core.shell:Skip shell extension 'powershell' for command environment: Not usable outside of PowerShell
[0.277s] DEBUG:colcon.colcon_core.shell:Skip shell extension 'dsv' for command environment
[0.282s] INFO:colcon.colcon_ros.task.ament_cmake.build:Building ROS package in '/home/ws/src/quadruped_sim' with build type 'ament_cmake'
[0.282s] INFO:colcon.colcon_cmake.task.cmake.build:Building CMake package in '/home/ws/src/quadruped_sim'
[0.282s] INFO:colcon.colcon_core.shell:Skip shell extension 'powershell' for command environment: Not usable outside of PowerShell
[0.282s] DEBUG:colcon.colcon_core.shell:Skip shell extension 'dsv' for command environment
[0.288s] INFO:colcon.colcon_ros.task.ament_cmake.build:Building ROS package in '/home/ws/src/quadruped_urdf' with build type 'ament_cmake'
[0.288s] INFO:colcon.colcon_cmake.task.cmake.build:Building CMake package in '/home/ws/src/quadruped_urdf'
[0.288s] INFO:colcon.colcon_core.shell:Skip shell extension 'powershell' for command environment: Not usable outside of PowerShell
[0.289s] DEBUG:colcon.colcon_core.shell:Skip shell extension 'dsv' for command environment
[0.303s] DEBUG:colcon.colcon_core.event_handler.log_command:Invoking command in '/home/ws/build/quadruped_bringup': CMAKE_PREFIX_PATH=${CMAKE_PREFIX_PATH}:/home/ws/install/quadruped_simulation:/home/ws/install/quadruped_controllers:/opt/ros/jazzy /usr/bin/cmake --build /home/ws/build/quadruped_bringup -- -j20 -l20
[0.309s] DEBUG:colcon.colcon_core.event_handler.log_command:Invoking command in '/home/ws/build/quadruped_hardware': CMAKE_PREFIX_PATH=${CMAKE_PREFIX_PATH}:/home/ws/install/quadruped_simulation:/home/ws/install/quadruped_controllers:/opt/ros/jazzy /usr/bin/cmake --build /home/ws/build/quadruped_hardware -- -j20 -l20
[0.314s] DEBUG:colcon.colcon_core.event_handler.log_command:Invoking command in '/home/ws/build/quadruped_mpc': CMAKE_PREFIX_PATH=${CMAKE_PREFIX_PATH}:/home/ws/install/quadruped_simulation:/home/ws/install/quadruped_controllers:/opt/ros/jazzy /usr/bin/cmake --build /home/ws/build/quadruped_mpc -- -j20 -l20
[0.324s] DEBUG:colcon.colcon_core.event_handler.log_command:Invoking command in '/home/ws/build/quadruped_sim': CMAKE_PREFIX_PATH=${CMAKE_PREFIX_PATH}:/home/ws/install/quadruped_simulation:/home/ws/install/quadruped_controllers:/opt/ros/jazzy /usr/bin/cmake --build /home/ws/build/quadruped_sim -- -j20 -l20
[0.336s] DEBUG:colcon.colcon_core.event_handler.log_command:Invoking command in '/home/ws/build/quadruped_urdf': CMAKE_PREFIX_PATH=${CMAKE_PREFIX_PATH}:/home/ws/install/quadruped_simulation:/home/ws/install/quadruped_controllers:/opt/ros/jazzy /usr/bin/cmake --build /home/ws/build/quadruped_urdf -- -j20 -l20
[0.442s] DEBUG:colcon.colcon_core.event_handler.log_command:Invoked command in '/home/ws/build/quadruped_bringup' returned '0': CMAKE_PREFIX_PATH=${CMAKE_PREFIX_PATH}:/home/ws/install/quadruped_simulation:/home/ws/install/quadruped_controllers:/opt/ros/jazzy /usr/bin/cmake --build /home/ws/build/quadruped_bringup -- -j20 -l20
[0.447s] DEBUG:colcon.colcon_core.event_handler.log_command:Invoked command in '/home/ws/build/quadruped_hardware' returned '0': CMAKE_PREFIX_PATH=${CMAKE_PREFIX_PATH}:/home/ws/install/quadruped_simulation:/home/ws/install/quadruped_controllers:/opt/ros/jazzy /usr/bin/cmake --build /home/ws/build/quadruped_hardware -- -j20 -l20
[0.471s] DEBUG:colcon.colcon_core.event_handler.log_command:Invoked command in '/home/ws/build/quadruped_sim' returned '0': CMAKE_PREFIX_PATH=${CMAKE_PREFIX_PATH}:/home/ws/install/quadruped_simulation:/home/ws/install/quadruped_controllers:/opt/ros/jazzy /usr/bin/cmake --build /home/ws/build/quadruped_sim -- -j20 -l20
[0.483s] DEBUG:colcon.colcon_core.event_handler.log_command:Invoked command in '/home/ws/build/quadruped_urdf' returned '0': CMAKE_PREFIX_PATH=${CMAKE_PREFIX_PATH}:/home/ws/install/quadruped_simulation:/home/ws/install/quadruped_controllers:/opt/ros/jazzy /usr/bin/cmake --build /home/ws/build/quadruped_urdf -- -j20 -l20
[0.560s] DEBUG:colcon.colcon_core.event_handler.log_command:Invoking command in '/home/ws/build/quadruped_hardware': CMAKE_PREFIX_PATH=${CMAKE_PREFIX_PATH}:/home/ws/install/quadruped_simulation:/home/ws/install/quadruped_controllers:/opt/ros/jazzy /usr/bin/cmake --install /home/ws/build/quadruped_hardware
[0.565s] DEBUG:colcon.colcon_core.event_handler.log_command:Invoking command in '/home/ws/build/quadruped_bringup': CMAKE_PREFIX_PATH=${CMAKE_PREFIX_PATH}:/home/ws/install/quadruped_simulation:/home/ws/install/quadruped_controllers:/opt/ros/jazzy /usr/bin/cmake --install /home/ws/build/quadruped_bringup
[0.566s] DEBUG:colcon.colcon_core.event_handler.log_command:Invoking command in '/home/ws/build/quadruped_sim': CMAKE_PREFIX_PATH=${CMAKE_PREFIX_PATH}:/home/ws/install/quadruped_simulation:/home/ws/install/quadruped_controllers:/opt/ros/jazzy /usr/bin/cmake --install /home/ws/build/quadruped_sim
[0.569s] DEBUG:colcon.colcon_core.event_handler.log_command:Invoking command in '/home/ws/build/quadruped_urdf': CMAKE_PREFIX_PATH=${CMAKE_PREFIX_PATH}:/home/ws/install/quadruped_simulation:/home/ws/install/quadruped_controllers:/opt/ros/jazzy /usr/bin/cmake --install /home/ws/build/quadruped_urdf
[0.632s] Level 1:colcon.colcon_core.environment:create_environment_scripts_only(quadruped_hardware)
[0.635s] DEBUG:colcon.colcon_core.event_handler.log_command:Invoked command in '/home/ws/build/quadruped_hardware' returned '0': CMAKE_PREFIX_PATH=${CMAKE_PREFIX_PATH}:/home/ws/install/quadruped_simulation:/home/ws/install/quadruped_controllers:/opt/ros/jazzy /usr/bin/cmake --install /home/ws/build/quadruped_hardware
[0.640s] Level 1:colcon.colcon_core.environment:checking '/home/ws/install/quadruped_hardware' for CMake module files
[0.643s] Level 1:colcon.colcon_core.environment:checking '/home/ws/install/quadruped_hardware' for CMake config files
[0.644s] Level 1:colcon.colcon_core.shell:create_environment_hook('quadruped_hardware', 'cmake_prefix_path')
[0.644s] INFO:colcon.colcon_core.shell:Creating environment hook '/home/ws/install/quadruped_hardware/share/quadruped_hardware/hook/cmake_prefix_path.ps1'
[0.645s] INFO:colcon.colcon_core.shell:Creating environment descriptor '/home/ws/install/quadruped_hardware/share/quadruped_hardware/hook/cmake_prefix_path.dsv'
[0.645s] INFO:colcon.colcon_core.shell:Creating environment hook '/home/ws/install/quadruped_hardware/share/quadruped_hardware/hook/cmake_prefix_path.sh'
[0.646s] Level 1:colcon.colcon_core.environment:checking '/home/ws/install/quadruped_hardware/bin'
[0.647s] Level 1:colcon.colcon_core.environment:checking '/home/ws/install/quadruped_hardware/lib/pkgconfig/quadruped_hardware.pc'
[0.649s] Level 1:colcon.colcon_core.environment:checking '/home/ws/install/quadruped_hardware/lib/python3.12/site-packages'
[0.649s] Level 1:colcon.colcon_core.environment:checking '/home/ws/install/quadruped_hardware/bin'
[0.650s] INFO:colcon.colcon_core.shell:Creating package script '/home/ws/install/quadruped_hardware/share/quadruped_hardware/package.ps1'
[0.651s] INFO:colcon.colcon_core.shell:Creating package descriptor '/home/ws/install/quadruped_hardware/share/quadruped_hardware/package.dsv'
[0.652s] INFO:colcon.colcon_core.shell:Creating package script '/home/ws/install/quadruped_hardware/share/quadruped_hardware/package.sh'
[0.653s] INFO:colcon.colcon_core.shell:Creating package script '/home/ws/install/quadruped_hardware/share/quadruped_hardware/package.bash'
[0.654s] INFO:colcon.colcon_core.shell:Creating package script '/home/ws/install/quadruped_hardware/share/quadruped_hardware/package.zsh'
[0.654s] Level 1:colcon.colcon_core.environment:create_file_with_runtime_dependencies(/home/ws/install/quadruped_hardware/share/colcon-core/packages/quadruped_hardware)
[0.656s] Level 1:colcon.colcon_core.environment:create_environment_scripts_only(quadruped_bringup)
[0.656s] Level 1:colcon.colcon_core.environment:checking '/home/ws/install/quadruped_bringup' for CMake module files
[0.657s] DEBUG:colcon.colcon_core.event_handler.log_command:Invoked command in '/home/ws/build/quadruped_bringup' returned '0': CMAKE_PREFIX_PATH=${CMAKE_PREFIX_PATH}:/home/ws/install/quadruped_simulation:/home/ws/install/quadruped_controllers:/opt/ros/jazzy /usr/bin/cmake --install /home/ws/build/quadruped_bringup
[0.658s] Level 1:colcon.colcon_core.environment:checking '/home/ws/install/quadruped_bringup' for CMake config files
[0.659s] Level 1:colcon.colcon_core.shell:create_environment_hook('quadruped_bringup', 'cmake_prefix_path')
[0.659s] INFO:colcon.colcon_core.shell:Creating environment hook '/home/ws/install/quadruped_bringup/share/quadruped_bringup/hook/cmake_prefix_path.ps1'
[0.660s] INFO:colcon.colcon_core.shell:Creating environment descriptor '/home/ws/install/quadruped_bringup/share/quadruped_bringup/hook/cmake_prefix_path.dsv'
[0.662s] INFO:colcon.colcon_core.shell:Creating environment hook '/home/ws/install/quadruped_bringup/share/quadruped_bringup/hook/cmake_prefix_path.sh'
[0.663s] Level 1:colcon.colcon_core.environment:checking '/home/ws/install/quadruped_bringup/bin'
[0.663s] Level 1:colcon.colcon_core.environment:checking '/home/ws/install/quadruped_bringup/lib/pkgconfig/quadruped_bringup.pc'
[0.664s] Level 1:colcon.colcon_core.environment:checking '/home/ws/install/quadruped_bringup/lib/python3.12/site-packages'
[0.664s] Level 1:colcon.colcon_core.environment:checking '/home/ws/install/quadruped_bringup/bin'
[0.665s] INFO:colcon.colcon_core.shell:Creating package script '/home/ws/install/quadruped_bringup/share/quadruped_bringup/package.ps1'
[0.666s] INFO:colcon.colcon_core.shell:Creating package descriptor '/home/ws/install/quadruped_bringup/share/quadruped_bringup/package.dsv'
[0.666s] INFO:colcon.colcon_core.shell:Creating package script '/home/ws/install/quadruped_bringup/share/quadruped_bringup/package.sh'
[0.667s] INFO:colcon.colcon_core.shell:Creating package script '/home/ws/install/quadruped_bringup/share/quadruped_bringup/package.bash'
[0.668s] INFO:colcon.colcon_core.shell:Creating package script '/home/ws/install/quadruped_bringup/share/quadruped_bringup/package.zsh'
[0.669s] Level 1:colcon.colcon_core.environment:create_file_with_runtime_dependencies(/home/ws/install/quadruped_bringup/share/colcon-core/packages/quadruped_bringup)
[0.671s] Level 1:colcon.colcon_core.environment:create_environment_scripts_only(quadruped_sim)
[0.671s] Level 1:colcon.colcon_core.environment:checking '/home/ws/install/quadruped_sim' for CMake module files
[0.673s] DEBUG:colcon.colcon_core.event_handler.log_command:Invoked command in '/home/ws/build/quadruped_sim' returned '0': CMAKE_PREFIX_PATH=${CMAKE_PREFIX_PATH}:/home/ws/install/quadruped_simulation:/home/ws/install/quadruped_controllers:/opt/ros/jazzy /usr/bin/cmake --install /home/ws/build/quadruped_sim
[0.674s] Level 1:colcon.colcon_core.environment:checking '/home/ws/install/quadruped_sim' for CMake config files
[0.675s] Level 1:colcon.colcon_core.shell:create_environment_hook('quadruped_sim', 'cmake_prefix_path')
[0.675s] INFO:colcon.colcon_core.shell:Creating environment hook '/home/ws/install/quadruped_sim/share/quadruped_sim/hook/cmake_prefix_path.ps1'
[0.676s] INFO:colcon.colcon_core.shell:Creating environment descriptor '/home/ws/install/quadruped_sim/share/quadruped_sim/hook/cmake_prefix_path.dsv'
[0.677s] INFO:colcon.colcon_core.shell:Creating environment hook '/home/ws/install/quadruped_sim/share/quadruped_sim/hook/cmake_prefix_path.sh'
[0.678s] Level 1:colcon.colcon_core.environment:checking '/home/ws/install/quadruped_sim/bin'
[0.678s] Level 1:colcon.colcon_core.environment:checking '/home/ws/install/quadruped_sim/lib/pkgconfig/quadruped_sim.pc'
[0.679s] Level 1:colcon.colcon_core.environment:checking '/home/ws/install/quadruped_sim/lib/python3.12/site-packages'
[0.679s] Level 1:colcon.colcon_core.environment:checking '/home/ws/install/quadruped_sim/bin'
[0.680s] INFO:colcon.colcon_core.shell:Creating package script '/home/ws/install/quadruped_sim/share/quadruped_sim/package.ps1'
[0.681s] INFO:colcon.colcon_core.shell:Creating package descriptor '/home/ws/install/quadruped_sim/share/quadruped_sim/package.dsv'
[0.682s] INFO:colcon.colcon_core.shell:Creating package script '/home/ws/install/quadruped_sim/share/quadruped_sim/package.sh'
[0.683s] INFO:colcon.colcon_core.shell:Creating package script '/home/ws/install/quadruped_sim/share/quadruped_sim/package.bash'
[0.684s] INFO:colcon.colcon_core.shell:Creating package script '/home/ws/install/quadruped_sim/share/quadruped_sim/package.zsh'
[0.685s] Level 1:colcon.colcon_core.environment:create_file_with_runtime_dependencies(/home/ws/install/quadruped_sim/share/colcon-core/packages/quadruped_sim)
[0.689s] Level 1:colcon.colcon_core.environment:create_environment_scripts_only(quadruped_urdf)
[0.690s] Level 1:colcon.colcon_core.environment:checking '/home/ws/install/quadruped_urdf' for CMake module files
[0.692s] DEBUG:colcon.colcon_core.event_handler.log_command:Invoked command in '/home/ws/build/quadruped_urdf' returned '0': CMAKE_PREFIX_PATH=${CMAKE_PREFIX_PATH}:/home/ws/install/quadruped_simulation:/home/ws/install/quadruped_controllers:/opt/ros/jazzy /usr/bin/cmake --install /home/ws/build/quadruped_urdf
[0.693s] Level 1:colcon.colcon_core.environment:checking '/home/ws/install/quadruped_urdf' for CMake config files
[0.695s] Level 1:colcon.colcon_core.shell:create_environment_hook('quadruped_urdf', 'cmake_prefix_path')
[0.696s] INFO:colcon.colcon_core.shell:Creating environment hook '/home/ws/install/quadruped_urdf/share/quadruped_urdf/hook/cmake_prefix_path.ps1'
[0.698s] INFO:colcon.colcon_core.shell:Creating environment descriptor '/home/ws/install/quadruped_urdf/share/quadruped_urdf/hook/cmake_prefix_path.dsv'
[0.699s] INFO:colcon.colcon_core.shell:Creating environment hook '/home/ws/install/quadruped_urdf/share/quadruped_urdf/hook/cmake_prefix_path.sh'
[0.701s] Level 1:colcon.colcon_core.environment:checking '/home/ws/install/quadruped_urdf/bin'
[0.702s] Level 1:colcon.colcon_core.environment:checking '/home/ws/install/quadruped_urdf/lib/pkgconfig/quadruped_urdf.pc'
[0.703s] Level 1:colcon.colcon_core.environment:checking '/home/ws/install/quadruped_urdf/lib/python3.12/site-packages'
[0.704s] Level 1:colcon.colcon_core.environment:checking '/home/ws/install/quadruped_urdf/bin'
[0.704s] INFO:colcon.colcon_core.shell:Creating package script '/home/ws/install/quadruped_urdf/share/quadruped_urdf/package.ps1'
[0.706s] INFO:colcon.colcon_core.shell:Creating package descriptor '/home/ws/install/quadruped_urdf/share/quadruped_urdf/package.dsv'
[0.706s] INFO:colcon.colcon_core.shell:Creating package script '/home/ws/install/quadruped_urdf/share/quadruped_urdf/package.sh'
[0.707s] INFO:colcon.colcon_core.shell:Creating package script '/home/ws/install/quadruped_urdf/share/quadruped_urdf/package.bash'
[0.707s] INFO:colcon.colcon_core.shell:Creating package script '/home/ws/install/quadruped_urdf/share/quadruped_urdf/package.zsh'
[0.708s] Level 1:colcon.colcon_core.environment:create_file_with_runtime_dependencies(/home/ws/install/quadruped_urdf/share/colcon-core/packages/quadruped_urdf)
[0.733s] Level 1:colcon.colcon_core.environment:create_environment_scripts_only(quadruped_hardware)
[0.734s] Level 1:colcon.colcon_core.environment:checking '/home/ws/install/quadruped_hardware' for CMake module files
[0.736s] Level 1:colcon.colcon_core.environment:checking '/home/ws/install/quadruped_hardware' for CMake config files
[0.736s] Level 1:colcon.colcon_core.shell:create_environment_hook('quadruped_hardware', 'cmake_prefix_path')
[0.737s] INFO:colcon.colcon_core.shell:Creating environment hook '/home/ws/install/quadruped_hardware/share/quadruped_hardware/hook/cmake_prefix_path.ps1'
[0.738s] INFO:colcon.colcon_core.shell:Creating environment descriptor '/home/ws/install/quadruped_hardware/share/quadruped_hardware/hook/cmake_prefix_path.dsv'
[0.739s] INFO:colcon.colcon_core.shell:Creating environment hook '/home/ws/install/quadruped_hardware/share/quadruped_hardware/hook/cmake_prefix_path.sh'
[0.741s] Level 1:colcon.colcon_core.environment:checking '/home/ws/install/quadruped_hardware/bin'
[0.741s] Level 1:colcon.colcon_core.environment:checking '/home/ws/install/quadruped_hardware/lib/pkgconfig/quadruped_hardware.pc'
[0.742s] Level 1:colcon.colcon_core.environment:checking '/home/ws/install/quadruped_hardware/lib/python3.12/site-packages'
[0.742s] Level 1:colcon.colcon_core.environment:checking '/home/ws/install/quadruped_hardware/bin'
[0.743s] INFO:colcon.colcon_core.shell:Creating package script '/home/ws/install/quadruped_hardware/share/quadruped_hardware/package.ps1'
[0.745s] INFO:colcon.colcon_core.shell:Creating package descriptor '/home/ws/install/quadruped_hardware/share/quadruped_hardware/package.dsv'
[0.747s] INFO:colcon.colcon_core.shell:Creating package script '/home/ws/install/quadruped_hardware/share/quadruped_hardware/package.sh'
[0.748s] INFO:colcon.colcon_core.shell:Creating package script '/home/ws/install/quadruped_hardware/share/quadruped_hardware/package.bash'
[0.749s] INFO:colcon.colcon_core.shell:Creating package script '/home/ws/install/quadruped_hardware/share/quadruped_hardware/package.zsh'
[0.749s] Level 1:colcon.colcon_core.environment:create_file_with_runtime_dependencies(/home/ws/install/quadruped_hardware/share/colcon-core/packages/quadruped_hardware)
[0.753s] Level 1:colcon.colcon_core.environment:create_environment_scripts_only(quadruped_bringup)
[0.753s] Level 1:colcon.colcon_core.environment:checking '/home/ws/install/quadruped_bringup' for CMake module files
[0.755s] Level 1:colcon.colcon_core.environment:checking '/home/ws/install/quadruped_bringup' for CMake config files
[0.755s] Level 1:colcon.colcon_core.shell:create_environment_hook('quadruped_bringup', 'cmake_prefix_path')
[0.755s] INFO:colcon.colcon_core.shell:Creating environment hook '/home/ws/install/quadruped_bringup/share/quadruped_bringup/hook/cmake_prefix_path.ps1'
[0.756s] INFO:colcon.colcon_core.shell:Creating environment descriptor '/home/ws/install/quadruped_bringup/share/quadruped_bringup/hook/cmake_prefix_path.dsv'
[0.756s] INFO:colcon.colcon_core.shell:Creating environment hook '/home/ws/install/quadruped_bringup/share/quadruped_bringup/hook/cmake_prefix_path.sh'
[0.757s] Level 1:colcon.colcon_core.environment:checking '/home/ws/install/quadruped_bringup/bin'
[0.757s] Level 1:colcon.colcon_core.environment:checking '/home/ws/install/quadruped_bringup/lib/pkgconfig/quadruped_bringup.pc'
[0.758s] Level 1:colcon.colcon_core.environment:checking '/home/ws/install/quadruped_bringup/lib/python3.12/site-packages'
[0.758s] Level 1:colcon.colcon_core.environment:checking '/home/ws/install/quadruped_bringup/bin'
[0.758s] INFO:colcon.colcon_core.shell:Creating package script '/home/ws/install/quadruped_bringup/share/quadruped_bringup/package.ps1'
[0.760s] INFO:colcon.colcon_core.shell:Creating package descriptor '/home/ws/install/quadruped_bringup/share/quadruped_bringup/package.dsv'
[0.761s] INFO:colcon.colcon_core.shell:Creating package script '/home/ws/install/quadruped_bringup/share/quadruped_bringup/package.sh'
[0.762s] INFO:colcon.colcon_core.shell:Creating package script '/home/ws/install/quadruped_bringup/share/quadruped_bringup/package.bash'
[0.762s] INFO:colcon.colcon_core.shell:Creating package script '/home/ws/install/quadruped_bringup/share/quadruped_bringup/package.zsh'
[0.762s] Level 1:colcon.colcon_core.environment:create_file_with_runtime_dependencies(/home/ws/install/quadruped_bringup/share/colcon-core/packages/quadruped_bringup)
[0.763s] Level 1:colcon.colcon_core.environment:create_environment_scripts_only(quadruped_sim)
[0.763s] Level 1:colcon.colcon_core.environment:checking '/home/ws/install/quadruped_sim' for CMake module files
[0.764s] Level 1:colcon.colcon_core.environment:checking '/home/ws/install/quadruped_sim' for CMake config files
[0.764s] Level 1:colcon.colcon_core.shell:create_environment_hook('quadruped_sim', 'cmake_prefix_path')
[0.765s] INFO:colcon.colcon_core.shell:Creating environment hook '/home/ws/install/quadruped_sim/share/quadruped_sim/hook/cmake_prefix_path.ps1'
[0.765s] INFO:colcon.colcon_core.shell:Creating environment descriptor '/home/ws/install/quadruped_sim/share/quadruped_sim/hook/cmake_prefix_path.dsv'
[0.765s] INFO:colcon.colcon_core.shell:Creating environment hook '/home/ws/install/quadruped_sim/share/quadruped_sim/hook/cmake_prefix_path.sh'
[0.766s] Level 1:colcon.colcon_core.environment:checking '/home/ws/install/quadruped_sim/bin'
[0.766s] Level 1:colcon.colcon_core.environment:checking '/home/ws/install/quadruped_sim/lib/pkgconfig/quadruped_sim.pc'
[0.767s] Level 1:colcon.colcon_core.environment:checking '/home/ws/install/quadruped_sim/lib/python3.12/site-packages'
[0.767s] Level 1:colcon.colcon_core.environment:checking '/home/ws/install/quadruped_sim/bin'
[0.767s] INFO:colcon.colcon_core.shell:Creating package script '/home/ws/install/quadruped_sim/share/quadruped_sim/package.ps1'
[0.768s] INFO:colcon.colcon_core.shell:Creating package descriptor '/home/ws/install/quadruped_sim/share/quadruped_sim/package.dsv'
[0.768s] INFO:colcon.colcon_core.shell:Creating package script '/home/ws/install/quadruped_sim/share/quadruped_sim/package.sh'
[0.769s] INFO:colcon.colcon_core.shell:Creating package script '/home/ws/install/quadruped_sim/share/quadruped_sim/package.bash'
[0.770s] INFO:colcon.colcon_core.shell:Creating package script '/home/ws/install/quadruped_sim/share/quadruped_sim/package.zsh'
[0.770s] Level 1:colcon.colcon_core.environment:create_file_with_runtime_dependencies(/home/ws/install/quadruped_sim/share/colcon-core/packages/quadruped_sim)
[0.782s] Level 1:colcon.colcon_core.environment:create_environment_scripts_only(quadruped_urdf)
[0.782s] Level 1:colcon.colcon_core.environment:checking '/home/ws/install/quadruped_urdf' for CMake module files
[0.784s] Level 1:colcon.colcon_core.environment:checking '/home/ws/install/quadruped_urdf' for CMake config files
[0.785s] Level 1:colcon.colcon_core.shell:create_environment_hook('quadruped_urdf', 'cmake_prefix_path')
[0.786s] INFO:colcon.colcon_core.shell:Creating environment hook '/home/ws/install/quadruped_urdf/share/quadruped_urdf/hook/cmake_prefix_path.ps1'
[0.787s] INFO:colcon.colcon_core.shell:Creating environment descriptor '/home/ws/install/quadruped_urdf/share/quadruped_urdf/hook/cmake_prefix_path.dsv'
[0.787s] INFO:colcon.colcon_core.shell:Creating environment hook '/home/ws/install/quadruped_urdf/share/quadruped_urdf/hook/cmake_prefix_path.sh'
[0.789s] Level 1:colcon.colcon_core.environment:checking '/home/ws/install/quadruped_urdf/bin'
[0.789s] Level 1:colcon.colcon_core.environment:checking '/home/ws/install/quadruped_urdf/lib/pkgconfig/quadruped_urdf.pc'
[0.789s] Level 1:colcon.colcon_core.environment:checking '/home/ws/install/quadruped_urdf/lib/python3.12/site-packages'
[0.790s] Level 1:colcon.colcon_core.environment:checking '/home/ws/install/quadruped_urdf/bin'
[0.790s] INFO:colcon.colcon_core.shell:Creating package script '/home/ws/install/quadruped_urdf/share/quadruped_urdf/package.ps1'
[0.792s] INFO:colcon.colcon_core.shell:Creating package descriptor '/home/ws/install/quadruped_urdf/share/quadruped_urdf/package.dsv'
[0.793s] INFO:colcon.colcon_core.shell:Creating package script '/home/ws/install/quadruped_urdf/share/quadruped_urdf/package.sh'
[0.794s] INFO:colcon.colcon_core.shell:Creating package script '/home/ws/install/quadruped_urdf/share/quadruped_urdf/package.bash'
[0.795s] INFO:colcon.colcon_core.shell:Creating package script '/home/ws/install/quadruped_urdf/share/quadruped_urdf/package.zsh'
[0.795s] Level 1:colcon.colcon_core.environment:create_file_with_runtime_dependencies(/home/ws/install/quadruped_urdf/share/colcon-core/packages/quadruped_urdf)
[29.044s] DEBUG:colcon.colcon_core.event_handler.log_command:Invoked command in '/home/ws/build/quadruped_mpc' returned '0': CMAKE_PREFIX_PATH=${CMAKE_PREFIX_PATH}:/home/ws/install/quadruped_simulation:/home/ws/install/quadruped_controllers:/opt/ros/jazzy /usr/bin/cmake --build /home/ws/build/quadruped_mpc -- -j20 -l20
[29.169s] DEBUG:colcon.colcon_core.event_handler.log_command:Invoking command in '/home/ws/build/quadruped_mpc': CMAKE_PREFIX_PATH=${CMAKE_PREFIX_PATH}:/home/ws/install/quadruped_simulation:/home/ws/install/quadruped_controllers:/opt/ros/jazzy /usr/bin/cmake --install /home/ws/build/quadruped_mpc
[29.395s] DEBUG:colcon.colcon_core.event_handler.log_command:Invoked command in '/home/ws/build/quadruped_mpc' returned '1': CMAKE_PREFIX_PATH=${CMAKE_PREFIX_PATH}:/home/ws/install/quadruped_simulation:/home/ws/install/quadruped_controllers:/opt/ros/jazzy /usr/bin/cmake --install /home/ws/build/quadruped_mpc
[29.515s] Level 1:colcon.colcon_core.environment:create_environment_scripts_only(quadruped_mpc)
[29.516s] Level 1:colcon.colcon_core.environment:checking '/home/ws/install/quadruped_mpc' for CMake module files
[29.517s] Level 1:colcon.colcon_core.environment:checking '/home/ws/install/quadruped_mpc' for CMake config files
[29.518s] Level 1:colcon.colcon_core.environment:checking '/home/ws/install/quadruped_mpc/bin'
[29.518s] Level 1:colcon.colcon_core.environment:checking '/home/ws/install/quadruped_mpc/lib/pkgconfig/quadruped_mpc.pc'
[29.519s] Level 1:colcon.colcon_core.environment:checking '/home/ws/install/quadruped_mpc/lib/python3.12/site-packages'
[29.519s] Level 1:colcon.colcon_core.environment:checking '/home/ws/install/quadruped_mpc/bin'
[29.520s] INFO:colcon.colcon_core.shell:Creating package script '/home/ws/install/quadruped_mpc/share/quadruped_mpc/package.ps1'
[29.521s] INFO:colcon.colcon_core.shell:Creating package descriptor '/home/ws/install/quadruped_mpc/share/quadruped_mpc/package.dsv'
[29.522s] INFO:colcon.colcon_core.shell:Creating package script '/home/ws/install/quadruped_mpc/share/quadruped_mpc/package.sh'
[29.523s] INFO:colcon.colcon_core.shell:Creating package script '/home/ws/install/quadruped_mpc/share/quadruped_mpc/package.bash'
[29.524s] INFO:colcon.colcon_core.shell:Creating package script '/home/ws/install/quadruped_mpc/share/quadruped_mpc/package.zsh'
[29.525s] Level 1:colcon.colcon_core.environment:create_file_with_runtime_dependencies(/home/ws/install/quadruped_mpc/share/colcon-core/packages/quadruped_mpc)
[29.536s] DEBUG:colcon.colcon_parallel_executor.executor.parallel:closing loop
[29.536s] DEBUG:colcon.colcon_parallel_executor.executor.parallel:loop closed
[29.537s] DEBUG:colcon.colcon_parallel_executor.executor.parallel:run_until_complete finished with '1'
[29.537s] DEBUG:colcon.colcon_core.event_reactor:joining thread
[29.556s] INFO:colcon.colcon_core.plugin_system:Skipping extension 'colcon_notification.desktop_notification.notify_send': Could not find 'notify-send'
[29.556s] INFO:colcon.colcon_core.plugin_system:Skipping extension 'colcon_notification.desktop_notification.terminal_notifier': Not used on non-Darwin systems
[29.556s] INFO:colcon.colcon_core.plugin_system:Skipping extension 'colcon_notification.desktop_notification.win32': Not used on non-Windows systems
[29.556s] INFO:colcon.colcon_notification.desktop_notification:Sending desktop notification using 'notify2'
[29.562s] DEBUG:colcon.colcon_notification.desktop_notification.notify2:Failed to initialize notify2: org.freedesktop.DBus.Error.Spawn.ExecFailed: /usr/bin/dbus-launch terminated abnormally without any error message
[29.563s] DEBUG:colcon.colcon_core.event_reactor:joined thread
[29.565s] INFO:colcon.colcon_core.shell:Creating prefix script '/home/ws/install/local_setup.ps1'
[29.568s] INFO:colcon.colcon_core.shell:Creating prefix util module '/home/ws/install/_local_setup_util_ps1.py'
[29.570s] INFO:colcon.colcon_core.shell:Creating prefix chain script '/home/ws/install/setup.ps1'
[29.575s] INFO:colcon.colcon_core.shell:Creating prefix script '/home/ws/install/local_setup.sh'
[29.577s] INFO:colcon.colcon_core.shell:Creating prefix util module '/home/ws/install/_local_setup_util_sh.py'
[29.579s] INFO:colcon.colcon_core.shell:Creating prefix chain script '/home/ws/install/setup.sh'
[29.584s] INFO:colcon.colcon_core.shell:Creating prefix script '/home/ws/install/local_setup.bash'
[29.587s] INFO:colcon.colcon_core.shell:Creating prefix chain script '/home/ws/install/setup.bash'
[29.592s] INFO:colcon.colcon_core.shell:Creating prefix script '/home/ws/install/local_setup.zsh'
[29.594s] INFO:colcon.colcon_core.shell:Creating prefix chain script '/home/ws/install/setup.zsh'
