[0.015s] Invoking command in '/home/ws/src/quadruped/build/quadruped': CMAKE_PREFIX_PATH=${CMAKE_PREFIX_PATH}:/opt/ros/jazzy /usr/bin/cmake --build /home/ws/src/quadruped/build/quadruped -- -j20 -l20
[0.066s] -- Found ament_cmake: 2.5.2 (/opt/ros/jazzy/share/ament_cmake/cmake)
[0.420s] -- Override CMake install command with custom implementation using symlinks instead of copying resources
[0.430s] -- Found ament_lint_auto: 0.17.1 (/opt/ros/jazzy/share/ament_lint_auto/cmake)
[0.586s] -- Found rclpy: 7.1.2 (/opt/ros/jazzy/share/rclpy/cmake)
[0.602s] -- Added test 'cppcheck' to perform static code analysis on C / C++ code
[0.603s] -- Configured cppcheck include dirs: 
[0.603s] -- Configured cppcheck exclude dirs and/or files: 
[0.605s] -- Added test 'flake8' to check Python code syntax and style conventions
[0.605s] -- Configured 'flake8' exclude dirs and/or files: 
[0.608s] -- Added test 'lint_cmake' to check CMake code style
[0.610s] -- Added test 'pep257' to check Python code against some of the docstring style conventions in PEP 257
[0.623s] -- Added test 'uncrustify' to check C / C++ code style
[0.624s] -- Configured uncrustify additional arguments: 
[0.626s] -- Added test 'xmllint' to check XML markup files
[0.628s] -- Configuring done (0.6s)
[0.633s] -- Generating done (0.0s)
[0.634s] -- Build files have been written to: /home/ws/src/quadruped/build/quadruped
[0.694s] Invoked command in '/home/ws/src/quadruped/build/quadruped' returned '0': CMAKE_PREFIX_PATH=${CMAKE_PREFIX_PATH}:/opt/ros/jazzy /usr/bin/cmake --build /home/ws/src/quadruped/build/quadruped -- -j20 -l20
[0.783s] Invoking command in '/home/ws/src/quadruped/build/quadruped': CMAKE_PREFIX_PATH=${CMAKE_PREFIX_PATH}:/opt/ros/jazzy /usr/bin/cmake --install /home/ws/src/quadruped/build/quadruped
[0.797s] -- Install configuration: ""
[0.798s] -- Execute custom install script
[0.799s] -- Up-to-date symlink: /home/ws/src/quadruped/install/quadruped/lib/quadruped/template_node.py
[0.799s] -- Symlinking: /home/ws/src/quadruped/install/quadruped/lib/quadruped/src
[0.816s] -- Up-to-date symlink: /home/ws/src/quadruped/install/quadruped/share/ament_index/resource_index/package_run_dependencies/quadruped
[0.816s] -- Up-to-date symlink: /home/ws/src/quadruped/install/quadruped/share/ament_index/resource_index/parent_prefix_path/quadruped
[0.817s] -- Up-to-date symlink: /home/ws/src/quadruped/install/quadruped/share/quadruped/environment/ament_prefix_path.sh
[0.817s] -- Up-to-date symlink: /home/ws/src/quadruped/install/quadruped/share/quadruped/environment/ament_prefix_path.dsv
[0.817s] -- Up-to-date symlink: /home/ws/src/quadruped/install/quadruped/share/quadruped/environment/path.sh
[0.818s] -- Up-to-date symlink: /home/ws/src/quadruped/install/quadruped/share/quadruped/environment/path.dsv
[0.818s] -- Up-to-date symlink: /home/ws/src/quadruped/install/quadruped/share/quadruped/local_setup.bash
[0.818s] -- Up-to-date symlink: /home/ws/src/quadruped/install/quadruped/share/quadruped/local_setup.sh
[0.818s] -- Up-to-date symlink: /home/ws/src/quadruped/install/quadruped/share/quadruped/local_setup.zsh
[0.818s] -- Up-to-date symlink: /home/ws/src/quadruped/install/quadruped/share/quadruped/local_setup.dsv
[0.818s] -- Symlinking: /home/ws/src/quadruped/install/quadruped/share/quadruped/package.dsv
[0.843s] -- Up-to-date symlink: /home/ws/src/quadruped/install/quadruped/share/ament_index/resource_index/packages/quadruped
[0.843s] -- Up-to-date symlink: /home/ws/src/quadruped/install/quadruped/share/quadruped/cmake/quadrupedConfig.cmake
[0.845s] -- Up-to-date symlink: /home/ws/src/quadruped/install/quadruped/share/quadruped/cmake/quadrupedConfig-version.cmake
[0.845s] -- Up-to-date symlink: /home/ws/src/quadruped/install/quadruped/share/quadruped/package.xml
[0.848s] Invoked command in '/home/ws/src/quadruped/build/quadruped' returned '0': CMAKE_PREFIX_PATH=${CMAKE_PREFIX_PATH}:/opt/ros/jazzy /usr/bin/cmake --install /home/ws/src/quadruped/build/quadruped
