[0.016s] Invoking command in '/home/ws/build/quadruped': CMAKE_PREFIX_PATH=${CMAKE_PREFIX_PATH}:/opt/ros/jazzy /usr/bin/cmake --build /home/ws/build/quadruped -- -j20 -l20
[0.082s] -- Found ament_cmake: 2.5.2 (/opt/ros/jazzy/share/ament_cmake/cmake)
[0.122s] -- Found Python3: /usr/bin/python3 (found version "3.12.3") found components: Interpreter 
[0.278s] -- Override CMake install command with custom implementation using symlinks instead of copying resources
[0.293s] -- Found rclcpp: 28.1.5 (/opt/ros/jazzy/share/rclcpp/cmake)
[0.346s] -- Found rosidl_generator_c: 4.6.4 (/opt/ros/jazzy/share/rosidl_generator_c/cmake)
[0.359s] -- Found rosidl_generator_cpp: 4.6.4 (/opt/ros/jazzy/share/rosidl_generator_cpp/cmake)
[0.374s] -- Using all available rosidl_typesupport_c: rosidl_typesupport_fastrtps_c;rosidl_typesupport_introspection_c
[0.390s] -- Using all available rosidl_typesupport_cpp: rosidl_typesupport_fastrtps_cpp;rosidl_typesupport_introspection_cpp
[0.472s] -- Found rmw_implementation_cmake: 7.3.1 (/opt/ros/jazzy/share/rmw_implementation_cmake/cmake)
[0.474s] -- Found rmw_fastrtps_cpp: 8.4.1 (/opt/ros/jazzy/share/rmw_fastrtps_cpp/cmake)
[0.572s] -- Using RMW implementation 'rmw_fastrtps_cpp' as default
[0.657s] -- Found hardware_interface: 4.18.0 (/opt/ros/jazzy/share/hardware_interface/cmake)
[0.938s] -- Found controller_manager: 4.18.0 (/opt/ros/jazzy/share/controller_manager/cmake)
[1.023s] -- Found ros2_control: 4.18.0 (/opt/ros/jazzy/share/ros2_control/cmake)
[1.024s] -- Found ros_gz_sim: 1.0.5 (/opt/ros/jazzy/share/ros_gz_sim/cmake)
[1.028s] -- Looking for gz-sim8 -- found version 8.6.0
[1.035s] -- Searching for dependencies of gz-sim8
[1.036s] -- Looking for sdformat14 -- found version 14.5.0
[1.036s] -- Searching for dependencies of sdformat14
[1.047s] -- Checking for module 'tinyxml2'
[1.078s] --   Found tinyxml2, version 10.0.0
[1.153s] -- Looking for gz-math7 -- found version 7.5.0
[1.153s] -- Searching for dependencies of gz-math7
[1.154s] -- Looking for gz-utils2 -- found version 2.2.0
[1.154s] -- Searching for dependencies of gz-utils2
[1.157s] -- Looking for gz-utils2 -- found version 2.2.0
[1.157s] -- Searching for dependencies of gz-utils2
[1.158s] -- Searching for <gz-utils2> component [cli]
[1.158s] -- Looking for gz-utils2-cli -- found version 2.2.0
[1.159s] -- Searching for dependencies of gz-utils2-cli
[1.161s] -- Looking for gz-plugin2 -- found version 2.0.3
[1.161s] -- Searching for dependencies of gz-plugin2
[1.162s] -- Looking for gz-utils2 -- found version 2.2.0
[1.163s] -- Searching for <gz-plugin2> component [loader]
[1.164s] -- Looking for gz-plugin2-loader -- found version 2.0.3
[1.164s] -- Searching for dependencies of gz-plugin2-loader
[1.165s] -- Searching for <gz-plugin2> component [register]
[1.166s] -- Looking for gz-plugin2-register -- found version 2.0.3
[1.166s] -- Searching for dependencies of gz-plugin2-register
[1.167s] -- Looking for gz-transport13 -- found version 13.4.0
[1.168s] -- Searching for dependencies of gz-transport13
[1.230s] -- Config-file not installed for ZeroMQ -- checking for pkg-config
[1.243s] -- Checking for module 'libzmq >= 4'
[1.276s] --   Found libzmq, version 4.3.5
[1.382s] -- Checking for module 'uuid'
[1.409s] --   Found uuid, version 2.39.3
[1.491s] -- Looking for gz-utils2 -- found version 2.2.0
[1.492s] -- Looking for gz-msgs10 -- found version 10.3.0
[1.493s] -- Searching for dependencies of gz-msgs10
[1.535s] -- Looking for gz-utils2 -- found version 2.2.0
[1.536s] -- Looking for gz-math7 -- found version 7.5.0
[1.607s] -- Searching for <gz-transport13> component [log]
[1.608s] -- Looking for gz-transport13-log -- found version 13.4.0
[1.608s] -- Searching for dependencies of gz-transport13-log
[1.609s] -- Searching for <gz-transport13> component [parameters]
[1.610s] -- Looking for gz-transport13-parameters -- found version 13.4.0
[1.610s] -- Searching for dependencies of gz-transport13-parameters
[1.612s] -- Looking for gz-msgs10 -- found version 10.3.0
[1.613s] -- Looking for gz-common5 -- found version 5.6.0
[1.613s] -- Searching for dependencies of gz-common5
[1.613s] -- Looking for gz-utils2 -- found version 2.2.0
[1.614s] -- Looking for dlfcn.h - found
[1.614s] -- Looking for libdl - found
[1.634s] -- Searching for <gz-common5> component [av]
[1.636s] -- Looking for gz-common5-av -- found version 5.6.0
[1.636s] -- Searching for dependencies of gz-common5-av
[1.652s] -- Checking for module 'libswscale'
[1.687s] --   Found libswscale, version 7.5.100
[1.783s] -- Checking for module 'libavdevice >= 56.4.100'
[1.810s] --   Found libavdevice, version 60.3.100
[1.928s] -- Checking for module 'libavformat'
[1.964s] --   Found libavformat, version 60.16.100
[2.053s] -- Checking for module 'libavcodec'
[2.084s] --   Found libavcodec, version 60.31.102
[2.174s] -- Checking for module 'libavutil'
[2.203s] --   Found libavutil, version 58.29.100
[2.280s] -- Searching for <gz-common5> component [events]
[2.281s] -- Looking for gz-common5-events -- found version 5.6.0
[2.281s] -- Searching for dependencies of gz-common5-events
[2.282s] -- Looking for gz-math7 -- found version 7.5.0
[2.283s] -- Searching for <gz-common5> component [graphics]
[2.284s] -- Looking for gz-common5-graphics -- found version 5.6.0
[2.284s] -- Searching for dependencies of gz-common5-graphics
[2.284s] -- Looking for gz-math7 -- found version 7.5.0
[2.289s] -- Searching for <gz-common5> component [io]
[2.290s] -- Looking for gz-common5-io -- found version 5.6.0
[2.290s] -- Searching for dependencies of gz-common5-io
[2.291s] -- Searching for <gz-common5> component [profiler]
[2.292s] -- Looking for gz-common5-profiler -- found version 5.6.0
[2.292s] -- Searching for dependencies of gz-common5-profiler
[2.293s] -- Looking for gz-fuel_tools9 -- found version 9.1.0
[2.294s] -- Searching for dependencies of gz-fuel_tools9
[2.383s] -- Checking for module 'jsoncpp'
[2.411s] --   Found jsoncpp, version 1.9.5
[2.532s] -- Checking for module 'yaml-0.1'
[2.568s] --   Found yaml-0.1, version 0.2.5
[2.654s] -- Checking for module 'libzip'
[2.684s] --   Found libzip, version 1.7.3
[2.765s] -- Looking for gz-utils2 -- found version 2.2.0
[2.766s] -- Looking for gz-common5 -- found version 5.6.0
[2.766s] -- Searching for dependencies of gz-common5
[2.766s] -- Looking for gz-utils2 -- found version 2.2.0
[2.767s] -- Looking for dlfcn.h - found
[2.767s] -- Looking for libdl - found
[2.783s] -- Searching for <gz-common5> component [testing]
[2.784s] -- Looking for gz-common5-testing -- found version 5.6.0
[2.784s] -- Searching for dependencies of gz-common5-testing
[2.785s] -- Looking for gz-math7 -- found version 7.5.0
[2.786s] -- Looking for gz-msgs10 -- found version 10.3.0
[2.788s] -- Looking for gz-gui8 -- found version 8.3.0
[2.789s] -- Searching for dependencies of gz-gui8
[2.840s] -- Looking for gz-utils2 -- found version 2.2.0
[2.841s] -- Looking for gz-math7 -- found version 7.5.0
[2.842s] -- Looking for gz-common5 -- found version 5.6.0
[2.842s] -- Looking for gz-plugin2 -- found version 2.0.3
[2.843s] -- Looking for gz-transport13 -- found version 13.4.0
[2.844s] -- Looking for gz-rendering8 -- found version 8.2.0
[2.845s] -- Searching for dependencies of gz-rendering8
[2.845s] -- Looking for gz-math7 -- found version 7.5.0
[2.845s] -- Searching for dependencies of gz-math7
[2.846s] -- Looking for gz-utils2 -- found version 2.2.0
[2.847s] -- Searching for <gz-math7> component [eigen3]
[2.848s] -- Looking for gz-math7-eigen3 -- found version 7.5.0
[2.848s] -- Searching for dependencies of gz-math7-eigen3
[2.851s] -- Looking for gz-common5 -- found version 5.6.0
[2.852s] -- Searching for dependencies of gz-common5
[2.852s] -- Looking for gz-utils2 -- found version 2.2.0
[2.853s] -- Looking for dlfcn.h - found
[2.853s] -- Looking for libdl - found
[2.867s] -- Searching for <gz-common5> component [graphics]
[2.867s] -- Searching for <gz-common5> component [events]
[2.867s] -- Searching for <gz-common5> component [geospatial]
[2.867s] -- Looking for gz-common5-geospatial -- found version 5.6.0
[2.868s] -- Searching for dependencies of gz-common5-geospatial
[2.869s] -- Looking for gz-math7 -- found version 7.5.0
[2.869s] -- Looking for gz-common5 -- found version 5.6.0
[2.871s] -- Looking for gz-plugin2 -- found version 2.0.3
[2.872s] -- Searching for dependencies of gz-plugin2
[2.872s] -- Looking for gz-utils2 -- found version 2.2.0
[2.872s] -- Searching for <gz-plugin2> component [all]
[2.873s] -- Looking for all libraries of gz-plugin2 -- found version 2.0.3
[2.874s] -- Looking for gz-plugin2 -- found version 2.0.3
[2.875s] -- Looking for gz-utils2 -- found version 2.2.0
[2.881s] -- Looking for gz-msgs10 -- found version 10.3.0
[2.904s] -- Looking for gz-physics7 -- found version 7.3.0
[2.904s] -- Searching for dependencies of gz-physics7
[2.905s] -- Looking for gz-common5 -- found version 5.6.0
[2.905s] -- Looking for gz-math7 -- found version 7.5.0
[2.906s] -- Looking for gz-plugin2 -- found version 2.0.3
[2.906s] -- Looking for gz-utils2 -- found version 2.2.0
[2.908s] -- Searching for <gz-physics7> component [heightmap]
[2.909s] -- Looking for gz-physics7-heightmap -- found version 7.3.0
[2.909s] -- Searching for dependencies of gz-physics7-heightmap
[2.910s] -- Looking for gz-common5 -- found version 5.6.0
[2.910s] -- Searching for <gz-physics7> component [mesh]
[2.911s] -- Looking for gz-physics7-mesh -- found version 7.3.0
[2.911s] -- Searching for dependencies of gz-physics7-mesh
[2.912s] -- Looking for gz-common5 -- found version 5.6.0
[2.912s] -- Searching for <gz-physics7> component [sdf]
[2.913s] -- Looking for gz-physics7-sdf -- found version 7.3.0
[2.913s] -- Searching for dependencies of gz-physics7-sdf
[2.914s] -- Looking for sdformat14 -- found version 14.5.0
[2.915s] -- Looking for gz-sensors8 -- found version 8.2.0
[2.915s] -- Searching for dependencies of gz-sensors8
[2.946s] -- Looking for gz-math7 -- found version 7.5.0
[2.947s] -- Looking for gz-common5 -- found version 5.6.0
[2.947s] -- Looking for gz-transport13 -- found version 13.4.0
[2.948s] -- Looking for gz-rendering8 -- found version 8.2.0
[2.948s] -- Looking for gz-msgs10 -- found version 10.3.0
[2.949s] -- Looking for sdformat14 -- found version 14.5.0
[2.949s] -- Searching for <gz-sensors8> component [air_pressure]
[2.950s] -- Looking for gz-sensors8-air_pressure -- found version 8.2.0
[2.950s] -- Searching for dependencies of gz-sensors8-air_pressure
[2.951s] -- Searching for <gz-sensors8> component [air_speed]
[2.952s] -- Looking for gz-sensors8-air_speed -- found version 8.2.0
[2.952s] -- Searching for dependencies of gz-sensors8-air_speed
[2.953s] -- Searching for <gz-sensors8> component [altimeter]
[2.953s] -- Looking for gz-sensors8-altimeter -- found version 8.2.0
[2.954s] -- Searching for dependencies of gz-sensors8-altimeter
[2.954s] -- Searching for <gz-sensors8> component [imu]
[2.955s] -- Looking for gz-sensors8-imu -- found version 8.2.0
[2.955s] -- Searching for dependencies of gz-sensors8-imu
[2.956s] -- Searching for <gz-sensors8> component [force_torque]
[2.957s] -- Looking for gz-sensors8-force_torque -- found version 8.2.0
[2.957s] -- Searching for dependencies of gz-sensors8-force_torque
[2.958s] -- Searching for <gz-sensors8> component [logical_camera]
[2.959s] -- Looking for gz-sensors8-logical_camera -- found version 8.2.0
[2.959s] -- Searching for dependencies of gz-sensors8-logical_camera
[2.960s] -- Searching for <gz-sensors8> component [magnetometer]
[2.960s] -- Looking for gz-sensors8-magnetometer -- found version 8.2.0
[2.961s] -- Searching for dependencies of gz-sensors8-magnetometer
[2.961s] -- Searching for <gz-sensors8> component [navsat]
[2.962s] -- Looking for gz-sensors8-navsat -- found version 8.2.0
[2.962s] -- Searching for dependencies of gz-sensors8-navsat
[2.963s] -- Searching for <gz-sensors8> component [dvl]
[2.964s] -- Looking for gz-sensors8-dvl -- found version 8.2.0
[2.964s] -- Searching for dependencies of gz-sensors8-dvl
[2.965s] -- Looking for gz-sensors8 -- found version 8.2.0
[2.965s] -- Searching for dependencies of gz-sensors8
[3.002s] -- Looking for gz-math7 -- found version 7.5.0
[3.002s] -- Looking for gz-common5 -- found version 5.6.0
[3.003s] -- Looking for gz-transport13 -- found version 13.4.0
[3.004s] -- Looking for gz-rendering8 -- found version 8.2.0
[3.004s] -- Looking for gz-msgs10 -- found version 10.3.0
[3.005s] -- Looking for sdformat14 -- found version 14.5.0
[3.005s] -- Searching for <gz-sensors8> component [rendering]
[3.006s] -- Looking for gz-sensors8-rendering -- found version 8.2.0
[3.006s] -- Searching for dependencies of gz-sensors8-rendering
[3.008s] -- Searching for <gz-sensors8> component [rendering]
[3.008s] -- Searching for <gz-sensors8> component [lidar]
[3.011s] -- Looking for gz-sensors8-lidar -- found version 8.2.0
[3.011s] -- Searching for dependencies of gz-sensors8-lidar
[3.011s] -- Looking for gz-sensors8 -- found version 8.2.0
[3.012s] -- Searching for <gz-sensors8> component [gpu_lidar]
[3.013s] -- Looking for gz-sensors8-gpu_lidar -- found version 8.2.0
[3.013s] -- Searching for dependencies of gz-sensors8-gpu_lidar
[3.014s] -- Looking for gz-sensors8 -- found version 8.2.0
[3.015s] -- Searching for <gz-sensors8> component [camera]
[3.015s] -- Looking for gz-sensors8-camera -- found version 8.2.0
[3.016s] -- Searching for dependencies of gz-sensors8-camera
[3.016s] -- Looking for gz-sensors8 -- found version 8.2.0
[3.017s] -- Searching for <gz-sensors8> component [boundingbox_camera]
[3.018s] -- Looking for gz-sensors8-boundingbox_camera -- found version 8.2.0
[3.018s] -- Searching for dependencies of gz-sensors8-boundingbox_camera
[3.019s] -- Searching for <gz-sensors8> component [segmentation_camera]
[3.020s] -- Looking for gz-sensors8-segmentation_camera -- found version 8.2.0
[3.020s] -- Searching for dependencies of gz-sensors8-segmentation_camera
[3.021s] -- Searching for <gz-sensors8> component [depth_camera]
[3.022s] -- Looking for gz-sensors8-depth_camera -- found version 8.2.0
[3.022s] -- Searching for dependencies of gz-sensors8-depth_camera
[3.023s] -- Looking for gz-sensors8 -- found version 8.2.0
[3.024s] -- Searching for <gz-sensors8> component [rgbd_camera]
[3.025s] -- Looking for gz-sensors8-rgbd_camera -- found version 8.2.0
[3.025s] -- Searching for dependencies of gz-sensors8-rgbd_camera
[3.026s] -- Looking for gz-sensors8 -- found version 8.2.0
[3.028s] -- Searching for <gz-sensors8> component [thermal_camera]
[3.028s] -- Looking for gz-sensors8-thermal_camera -- found version 8.2.0
[3.029s] -- Searching for dependencies of gz-sensors8-thermal_camera
[3.030s] -- Looking for gz-sensors8 -- found version 8.2.0
[3.031s] -- Searching for <gz-sensors8> component [wide_angle_camera]
[3.032s] -- Looking for gz-sensors8-wide_angle_camera -- found version 8.2.0
[3.033s] -- Searching for dependencies of gz-sensors8-wide_angle_camera
[3.035s] -- Looking for gz-rendering8 -- found version 8.2.0
[3.036s] -- Looking for gz-math7 -- found version 7.5.0
[3.036s] -- Looking for gz-utils2 -- found version 2.2.0
[3.073s] -- Looking for gz-plugin2 -- found version 2.0.3
[3.073s] -- Found rosidl_default_generators: 1.6.0 (/opt/ros/jazzy/share/rosidl_default_generators/cmake)
[3.090s] -- Found rosidl_adapter: 4.6.4 (/opt/ros/jazzy/share/rosidl_adapter/cmake)
[3.092s] -- Found rclcpp_components: 28.1.5 (/opt/ros/jazzy/share/rclcpp_components/cmake)
[3.129s] -- pinocchio FOUND. pinocchio at /opt/ros/jazzy/lib/x86_64-linux-gnu/libpinocchio.so
[3.130s] -- boost_filesystem FOUND. boost_filesystem at /lib/x86_64-linux-gnu/libboost_filesystem.so
[3.131s] -- boost_serialization FOUND. boost_serialization at /lib/x86_64-linux-gnu/libboost_serialization.so
[3.131s] -- boost_system FOUND. boost_system at /lib/x86_64-linux-gnu/libboost_system.so
[3.141s] -- Found Boost: /usr/include (found version "1.83.0") found components: filesystem serialization system 
[3.143s] -- eigenpy FOUND. eigenpy at /opt/ros/jazzy/lib/x86_64-linux-gnu/libeigenpy.so
[3.180s] -- Checking for NumPy
[3.471s] --   NUMPY_INCLUDE_DIRS=/usr/lib/python3/dist-packages/numpy/core/include
[3.636s] --   NUMPY_VERSION=1.26.4
[3.975s] -- Found Python3: /usr/bin/python3 (found version "3.12.3") found components: Interpreter Development.Module NumPy 
[3.977s] -- PythonLibraryDirs: 
[3.977s] -- PythonLibVersionString: 3.12.3
[4.022s] -- Python site lib: lib/python3.12/dist-packages
[4.022s] -- Python include dirs: /usr/include/python3.12
[4.093s] -- Checking for NumPy
[4.240s] --   NUMPY_INCLUDE_DIRS=/usr/lib/python3/dist-packages/numpy/core/include
[4.381s] --   NUMPY_VERSION=1.26.4
[4.381s] -- NumPy include dir: /usr/lib/python3/dist-packages/numpy/core/include
[4.388s] -- Found Boost: /usr/include (found version "1.83.0") found components: python312 
[4.388s] -- Boost_PYTHON_LIBRARY: /usr/lib/x86_64-linux-gnu/libboost_python312.so
[4.881s] -- Default C++ standard: 201703
[4.882s] -- C++ standard sufficient: Minimal required 14, currently defined: 17
[4.882s] -- CMAKE_CXX_STANDARD was not set: automatically set to currently defined standard 17
[4.884s] -- C++ standard sufficient: Minimal required 14, currently defined: 17
[4.921s] -- Found Python3: /usr/bin/python3 (found version "3.12.3") found components: Interpreter 
[5.250s] -- Found ament_cmake_ros: 0.12.0 (/opt/ros/jazzy/share/ament_cmake_ros/cmake)
[5.491s] -- Using all available rosidl_typesupport_c: rosidl_typesupport_fastrtps_c;rosidl_typesupport_introspection_c
[5.592s] -- Using all available rosidl_typesupport_cpp: rosidl_typesupport_fastrtps_cpp;rosidl_typesupport_introspection_cpp
[5.594s] -- Found python_cmake_module: 0.11.1 (/opt/ros/jazzy/share/python_cmake_module/cmake)
[6.138s] -- Found Python3: /usr/bin/python3 (found version "3.12.3") found components: Interpreter Development NumPy Development.Module Development.Embed 
[6.171s] -- Configuring done (6.1s)
[6.259s] -- Generating done (0.1s)
[6.264s] -- Build files have been written to: /home/ws/build/quadruped
[6.329s] [  2%] Built target quadruped__rosidl_generator_type_description
[6.357s] [  2%] Built target ament_cmake_python_symlink_quadruped
[6.369s] [  5%] [32mBuilding CXX object CMakeFiles/quadruped_lib.dir/src/balance_controller.cpp.o[0m
[6.390s] [  7%] Built target quadruped__cpp
[6.393s] [ 20%] Built target quadruped__rosidl_generator_c
[6.469s] [ 28%] Built target quadruped__rosidl_typesupport_c
[6.469s] [ 35%] Built target quadruped__rosidl_typesupport_introspection_c
[6.476s] [ 43%] Built target quadruped__rosidl_typesupport_fastrtps_c
[6.480s] [ 51%] Built target quadruped__rosidl_typesupport_cpp
[6.482s] [ 58%] Built target quadruped__rosidl_typesupport_introspection_cpp
[6.487s] [ 66%] Built target quadruped__rosidl_typesupport_fastrtps_cpp
[6.520s] [ 66%] Built target quadruped
[6.562s] [ 69%] Built target quadruped__py
[6.605s] [ 74%] Built target quadruped__rosidl_generator_py
[6.646s] [ 79%] Built target quadruped_s__rosidl_typesupport_introspection_c
[6.657s] running egg_info
[6.659s] [ 84%] Built target quadruped_s__rosidl_typesupport_c
[6.662s] [ 89%] Built target quadruped_s__rosidl_typesupport_fastrtps_c
[6.673s] writing quadruped.egg-info/PKG-INFO
[6.673s] writing dependency_links to quadruped.egg-info/dependency_links.txt
[6.674s] writing top-level names to quadruped.egg-info/top_level.txt
[6.718s] reading manifest file 'quadruped.egg-info/SOURCES.txt'
[6.718s] writing manifest file 'quadruped.egg-info/SOURCES.txt'
[6.757s] [ 89%] Built target ament_cmake_python_build_quadruped_egg
[14.485s] [01m[K/home/ws/src/quadruped/src/balance_controller.cpp:[m[K In member function ‘[01m[Kvirtual CallbackReturn balance_controller::BalanceController::[01;32m[Kon_configure[m[K(const rclcpp_lifecycle::State&)[m[K’:
[14.485s] [01m[K/home/ws/src/quadruped/src/balance_controller.cpp:39:29:[m[K [01;31m[Kerror: [m[Kvariable ‘[01m[Kpinocchio::Data data[m[K’ has initializer but incomplete type
[14.485s]    39 |   pinocchio::Data data(model[01;31m[K)[m[K;
[14.485s]       |                             [01;31m[K^[m[K
[19.430s] gmake[2]: *** [CMakeFiles/quadruped_lib.dir/build.make:76: CMakeFiles/quadruped_lib.dir/src/balance_controller.cpp.o] Error 1
[19.431s] gmake[1]: *** [CMakeFiles/Makefile2:623: CMakeFiles/quadruped_lib.dir/all] Error 2
[19.431s] gmake: *** [Makefile:146: all] Error 2
[19.434s] Invoked command in '/home/ws/build/quadruped' returned '2': CMAKE_PREFIX_PATH=${CMAKE_PREFIX_PATH}:/opt/ros/jazzy /usr/bin/cmake --build /home/ws/build/quadruped -- -j20 -l20
