[0.063s] Invoking command in '/home/ws/build/quadruped_bringup': CMAKE_PREFIX_PATH=${CMAKE_PREFIX_PATH}:/home/ws/install/quadruped_simulation:/home/ws/install/quadruped_controllers:/opt/ros/jazzy /usr/bin/cmake --build /home/ws/build/quadruped_bringup -- -j20 -l20
[0.222s] Invoked command in '/home/ws/build/quadruped_bringup' returned '0': CMAKE_PREFIX_PATH=${CMAKE_PREFIX_PATH}:/home/ws/install/quadruped_simulation:/home/ws/install/quadruped_controllers:/opt/ros/jazzy /usr/bin/cmake --build /home/ws/build/quadruped_bringup -- -j20 -l20
[0.330s] Invoking command in '/home/ws/build/quadruped_bringup': CMAKE_PREFIX_PATH=${CMAKE_PREFIX_PATH}:/home/ws/install/quadruped_simulation:/home/ws/install/quadruped_controllers:/opt/ros/jazzy /usr/bin/cmake --install /home/ws/build/quadruped_bringup
[0.358s] -- Install configuration: ""
[0.360s] -- Execute custom install script
[0.361s] -- Up-to-date symlink: /home/ws/install/quadruped_bringup/share/quadruped_bringup/launch/sim.launch.py
[0.362s] -- Up-to-date symlink: /home/ws/install/quadruped_bringup/share/ament_index/resource_index/package_run_dependencies/quadruped_bringup
[0.363s] -- Up-to-date symlink: /home/ws/install/quadruped_bringup/share/ament_index/resource_index/parent_prefix_path/quadruped_bringup
[0.364s] -- Up-to-date symlink: /home/ws/install/quadruped_bringup/share/quadruped_bringup/environment/ament_prefix_path.sh
[0.364s] -- Up-to-date symlink: /home/ws/install/quadruped_bringup/share/quadruped_bringup/environment/ament_prefix_path.dsv
[0.365s] -- Up-to-date symlink: /home/ws/install/quadruped_bringup/share/quadruped_bringup/environment/path.sh
[0.366s] -- Up-to-date symlink: /home/ws/install/quadruped_bringup/share/quadruped_bringup/environment/path.dsv
[0.366s] -- Up-to-date symlink: /home/ws/install/quadruped_bringup/share/quadruped_bringup/local_setup.bash
[0.368s] -- Up-to-date symlink: /home/ws/install/quadruped_bringup/share/quadruped_bringup/local_setup.sh
[0.368s] -- Up-to-date symlink: /home/ws/install/quadruped_bringup/share/quadruped_bringup/local_setup.zsh
[0.369s] -- Up-to-date symlink: /home/ws/install/quadruped_bringup/share/quadruped_bringup/local_setup.dsv
[0.370s] -- Symlinking: /home/ws/install/quadruped_bringup/share/quadruped_bringup/package.dsv
[0.392s] -- Up-to-date symlink: /home/ws/install/quadruped_bringup/share/ament_index/resource_index/packages/quadruped_bringup
[0.392s] -- Up-to-date symlink: /home/ws/install/quadruped_bringup/share/quadruped_bringup/cmake/quadruped_bringupConfig.cmake
[0.392s] -- Up-to-date symlink: /home/ws/install/quadruped_bringup/share/quadruped_bringup/cmake/quadruped_bringupConfig-version.cmake
[0.393s] -- Up-to-date symlink: /home/ws/install/quadruped_bringup/share/quadruped_bringup/package.xml
[0.396s] Invoked command in '/home/ws/build/quadruped_bringup' returned '0': CMAKE_PREFIX_PATH=${CMAKE_PREFIX_PATH}:/home/ws/install/quadruped_simulation:/home/ws/install/quadruped_controllers:/opt/ros/jazzy /usr/bin/cmake --install /home/ws/build/quadruped_bringup
