[1.339s] Invoking command in '/home/ws/build/quadruped_controllers': PYTHONPATH=/home/ws/build/quadruped_controllers/prefix_override:/usr/lib/python3/dist-packages/colcon_core/task/python/colcon_distutils_commands:/home/ws/install/quadruped_controllers/lib/python3.12/site-packages:${PYTHONPATH} /usr/bin/python3 -W ignore:setup.py install is deprecated setup.py develop --editable --build-directory /home/ws/build/quadruped_controllers/build --no-deps symlink_data
[1.683s] running develop
[1.683s] /usr/lib/python3/dist-packages/setuptools/command/develop.py:40: EasyInstallDeprecationWarning: easy_install command is deprecated.
[1.683s] !!
[1.683s] 
[1.683s]         ********************************************************************************
[1.683s]         Please avoid running ``setup.py`` and ``easy_install``.
[1.683s]         Instead, use pypa/build, pypa/installer or other
[1.684s]         standards-based tools.
[1.684s] 
[1.684s]         See https://github.com/pypa/setuptools/issues/917 for details.
[1.684s]         ********************************************************************************
[1.684s] 
[1.684s] !!
[1.684s]   easy_install.initialize_options(self)
[1.864s] running egg_info
[1.880s] writing quadruped_controllers.egg-info/PKG-INFO
[1.880s] writing dependency_links to quadruped_controllers.egg-info/dependency_links.txt
[1.880s] writing requirements to quadruped_controllers.egg-info/requires.txt
[1.881s] writing top-level names to quadruped_controllers.egg-info/top_level.txt
[1.912s] reading manifest file 'quadruped_controllers.egg-info/SOURCES.txt'
[1.912s] writing manifest file 'quadruped_controllers.egg-info/SOURCES.txt'
[1.933s] running build_ext
[1.933s] Creating /home/ws/install/quadruped_controllers/lib/python3.12/site-packages/quadruped-controllers.egg-link (link to .)
[1.934s] 
[1.934s] Installed /home/ws/build/quadruped_controllers
[1.934s] running symlink_data
[1.973s] Invoked command in '/home/ws/build/quadruped_controllers' returned '0': PYTHONPATH=/home/ws/build/quadruped_controllers/prefix_override:/usr/lib/python3/dist-packages/colcon_core/task/python/colcon_distutils_commands:/home/ws/install/quadruped_controllers/lib/python3.12/site-packages:${PYTHONPATH} /usr/bin/python3 -W ignore:setup.py install is deprecated setup.py develop --editable --build-directory /home/ws/build/quadruped_controllers/build --no-deps symlink_data
