[0.010s] Invoking command in '/home/ws/build/quadruped_hardware': CMAKE_PREFIX_PATH=${CMAKE_PREFIX_PATH}:/home/ws/install/quadruped_simulation:/home/ws/install/quadruped_controllers:/opt/ros/jazzy /usr/bin/cmake /home/ws/src/quadruped_hardware -DAMENT_CMAKE_SYMLINK_INSTALL=1 -DCMAKE_INSTALL_PREFIX=/home/ws/install/quadruped_hardware
[0.188s] -- The C compiler identification is GNU 13.2.0
[0.251s] -- The CXX compiler identification is GNU 13.2.0
[0.272s] -- Detecting C compiler ABI info
[0.365s] -- Detecting C compiler ABI info - done
[0.373s] -- Check for working C compiler: /usr/bin/cc - skipped
[0.374s] -- Detecting C compile features
[0.374s] -- Detecting C compile features - done
[0.386s] -- Detecting CXX compiler ABI info
[0.493s] -- Detecting CXX compiler ABI info - done
[0.500s] -- Check for working CXX compiler: /usr/bin/c++ - skipped
[0.500s] -- Detecting CXX compile features
[0.500s] -- Detecting CXX compile features - done
[0.514s] -- Found ament_cmake: 2.5.2 (/opt/ros/jazzy/share/ament_cmake/cmake)
[0.721s] -- Found Python3: /usr/bin/python3 (found version "3.12.3") found components: Interpreter 
[0.781s] -- Override CMake install command with custom implementation using symlinks instead of copying resources
[0.838s] -- Found ament_lint_auto: 0.17.1 (/opt/ros/jazzy/share/ament_lint_auto/cmake)
[0.930s] -- Added test 'lint_cmake' to check CMake code style
[0.932s] -- Added test 'xmllint' to check XML markup files
[0.933s] -- Configuring done (0.9s)
[0.935s] -- Generating done (0.0s)
[0.936s] -- Build files have been written to: /home/ws/build/quadruped_hardware
[0.940s] Invoked command in '/home/ws/build/quadruped_hardware' returned '0': CMAKE_PREFIX_PATH=${CMAKE_PREFIX_PATH}:/home/ws/install/quadruped_simulation:/home/ws/install/quadruped_controllers:/opt/ros/jazzy /usr/bin/cmake /home/ws/src/quadruped_hardware -DAMENT_CMAKE_SYMLINK_INSTALL=1 -DCMAKE_INSTALL_PREFIX=/home/ws/install/quadruped_hardware
[0.941s] Invoking command in '/home/ws/build/quadruped_hardware': CMAKE_PREFIX_PATH=${CMAKE_PREFIX_PATH}:/home/ws/install/quadruped_simulation:/home/ws/install/quadruped_controllers:/opt/ros/jazzy /usr/bin/cmake --build /home/ws/build/quadruped_hardware -- -j20 -l20
[0.983s] Invoked command in '/home/ws/build/quadruped_hardware' returned '0': CMAKE_PREFIX_PATH=${CMAKE_PREFIX_PATH}:/home/ws/install/quadruped_simulation:/home/ws/install/quadruped_controllers:/opt/ros/jazzy /usr/bin/cmake --build /home/ws/build/quadruped_hardware -- -j20 -l20
[1.014s] Invoking command in '/home/ws/build/quadruped_hardware': CMAKE_PREFIX_PATH=${CMAKE_PREFIX_PATH}:/home/ws/install/quadruped_simulation:/home/ws/install/quadruped_controllers:/opt/ros/jazzy /usr/bin/cmake --install /home/ws/build/quadruped_hardware
[1.024s] -- Install configuration: ""
[1.024s] -- Execute custom install script
[1.024s] -- Symlinking: /home/ws/install/quadruped_hardware/share/ament_index/resource_index/package_run_dependencies/quadruped_hardware
[1.033s] -- Symlinking: /home/ws/install/quadruped_hardware/share/ament_index/resource_index/parent_prefix_path/quadruped_hardware
[1.040s] -- Symlinking: /home/ws/install/quadruped_hardware/share/quadruped_hardware/environment/ament_prefix_path.sh
[1.053s] -- Symlinking: /home/ws/install/quadruped_hardware/share/quadruped_hardware/environment/ament_prefix_path.dsv
[1.064s] -- Symlinking: /home/ws/install/quadruped_hardware/share/quadruped_hardware/environment/path.sh
[1.076s] -- Symlinking: /home/ws/install/quadruped_hardware/share/quadruped_hardware/environment/path.dsv
[1.086s] -- Symlinking: /home/ws/install/quadruped_hardware/share/quadruped_hardware/local_setup.bash
[1.096s] -- Symlinking: /home/ws/install/quadruped_hardware/share/quadruped_hardware/local_setup.sh
[1.105s] -- Symlinking: /home/ws/install/quadruped_hardware/share/quadruped_hardware/local_setup.zsh
[1.114s] -- Symlinking: /home/ws/install/quadruped_hardware/share/quadruped_hardware/local_setup.dsv
[1.124s] -- Symlinking: /home/ws/install/quadruped_hardware/share/quadruped_hardware/package.dsv
[1.136s] -- Symlinking: /home/ws/install/quadruped_hardware/share/ament_index/resource_index/packages/quadruped_hardware
[1.145s] -- Symlinking: /home/ws/install/quadruped_hardware/share/quadruped_hardware/cmake/quadruped_hardwareConfig.cmake
[1.154s] -- Symlinking: /home/ws/install/quadruped_hardware/share/quadruped_hardware/cmake/quadruped_hardwareConfig-version.cmake
[1.164s] -- Symlinking: /home/ws/install/quadruped_hardware/share/quadruped_hardware/package.xml
[1.175s] Invoked command in '/home/ws/build/quadruped_hardware' returned '0': CMAKE_PREFIX_PATH=${CMAKE_PREFIX_PATH}:/home/ws/install/quadruped_simulation:/home/ws/install/quadruped_controllers:/opt/ros/jazzy /usr/bin/cmake --install /home/ws/build/quadruped_hardware
