-- Found ament_cmake: 2.5.2 (/opt/ros/jazzy/share/ament_cmake/cmake)
-- Found Python3: /usr/bin/python3 (found version "3.12.3") found components: Interpreter 
-- Override CMake install command with custom implementation using symlinks instead of copying resources
-- Found rclcpp: 28.1.5 (/opt/ros/jazzy/share/rclcpp/cmake)
-- Found rosidl_generator_c: 4.6.4 (/opt/ros/jazzy/share/rosidl_generator_c/cmake)
-- Found rosidl_generator_cpp: 4.6.4 (/opt/ros/jazzy/share/rosidl_generator_cpp/cmake)
-- Using all available rosidl_typesupport_c: rosidl_typesupport_fastrtps_c;rosidl_typesupport_introspection_c
-- Using all available rosidl_typesupport_cpp: rosidl_typesupport_fastrtps_cpp;rosidl_typesupport_introspection_cpp
-- Found rmw_implementation_cmake: 7.3.1 (/opt/ros/jazzy/share/rmw_implementation_cmake/cmake)
-- Found rmw_fastrtps_cpp: 8.4.1 (/opt/ros/jazzy/share/rmw_fastrtps_cpp/cmake)
-- Found OpenSSL: /usr/lib/x86_64-linux-gnu/libcrypto.so (found version "3.0.13")  
-- Found FastRTPS: /opt/ros/jazzy/include (Required is at least version "2.13") 
-- Using RMW implementation 'rmw_fastrtps_cpp' as default
-- Found hardware_interface: 4.17.0 (/opt/ros/jazzy/share/hardware_interface/cmake)
-- Found controller_manager: 4.17.0 (/opt/ros/jazzy/share/controller_manager/cmake)
-- Found ros2_control: 4.17.0 (/opt/ros/jazzy/share/ros2_control/cmake)
-- Found ros_gz_sim: 1.0.4 (/opt/ros/jazzy/share/ros_gz_sim/cmake)
-- Looking for gz-sim8 -- found version 8.6.0
-- Searching for dependencies of gz-sim8
-- Looking for sdformat14 -- found version 14.5.0
-- Searching for dependencies of sdformat14
-- Checking for module 'tinyxml2'
--   Found tinyxml2, version 10.0.0
-- Looking for gz-math7 -- found version 7.5.0
-- Searching for dependencies of gz-math7
-- Looking for gz-utils2 -- found version 2.2.0
-- Searching for dependencies of gz-utils2
-- Looking for gz-utils2 -- found version 2.2.0
-- Searching for dependencies of gz-utils2
-- Searching for <gz-utils2> component [cli]
-- Looking for gz-utils2-cli -- found version 2.2.0
-- Searching for dependencies of gz-utils2-cli
-- Looking for gz-plugin2 -- found version 2.0.3
-- Searching for dependencies of gz-plugin2
-- Looking for gz-utils2 -- found version 2.2.0
-- Searching for <gz-plugin2> component [loader]
-- Looking for gz-plugin2-loader -- found version 2.0.3
-- Searching for dependencies of gz-plugin2-loader
-- Searching for <gz-plugin2> component [register]
-- Looking for gz-plugin2-register -- found version 2.0.3
-- Searching for dependencies of gz-plugin2-register
-- Looking for gz-transport13 -- found version 13.4.0
-- Searching for dependencies of gz-transport13
-- Found Protobuf: /usr/lib/x86_64-linux-gnu/libprotobuf.so (found version "3.21.12") 
-- Config-file not installed for ZeroMQ -- checking for pkg-config
-- Checking for module 'libzmq >= 4'
--   Found libzmq, version 4.3.5
-- Found ZeroMQ: TRUE (Required is at least version "4") 
-- Checking for module 'uuid'
--   Found uuid, version 2.39.3
-- Found UUID: TRUE  
-- Looking for gz-utils2 -- found version 2.2.0
-- Looking for gz-msgs10 -- found version 10.3.0
-- Searching for dependencies of gz-msgs10
-- Looking for gz-utils2 -- found version 2.2.0
-- Looking for gz-math7 -- found version 7.5.0
-- Searching for <gz-transport13> component [log]
-- Looking for gz-transport13-log -- found version 13.4.0
-- Searching for dependencies of gz-transport13-log
-- Searching for <gz-transport13> component [parameters]
-- Looking for gz-transport13-parameters -- found version 13.4.0
-- Searching for dependencies of gz-transport13-parameters
-- Looking for gz-msgs10 -- found version 10.3.0
-- Looking for gz-common5 -- found version 5.6.0
-- Searching for dependencies of gz-common5
-- Looking for gz-utils2 -- found version 2.2.0
-- Looking for dlfcn.h - found
-- Looking for libdl - found
-- Found DL: TRUE  
-- Searching for <gz-common5> component [av]
-- Looking for gz-common5-av -- found version 5.6.0
-- Searching for dependencies of gz-common5-av
-- Checking for module 'libswscale'
--   Found libswscale, version 7.5.100
-- Found SWSCALE: TRUE  
-- Checking for module 'libavdevice >= 56.4.100'
--   Found libavdevice, version 60.3.100
-- Found AVDEVICE: TRUE (Required is at least version "56.4.100") 
-- Checking for module 'libavformat'
--   Found libavformat, version 60.16.100
-- Found AVFORMAT: TRUE  
-- Checking for module 'libavcodec'
--   Found libavcodec, version 60.31.102
-- Found AVCODEC: TRUE  
-- Checking for module 'libavutil'
--   Found libavutil, version 58.29.100
-- Found AVUTIL: TRUE  
-- Searching for <gz-common5> component [events]
-- Looking for gz-common5-events -- found version 5.6.0
-- Searching for dependencies of gz-common5-events
-- Looking for gz-math7 -- found version 7.5.0
-- Searching for <gz-common5> component [graphics]
-- Looking for gz-common5-graphics -- found version 5.6.0
-- Searching for dependencies of gz-common5-graphics
-- Looking for gz-math7 -- found version 7.5.0
-- Found GzAssimp: TRUE (found version "5.3.0") 
-- Searching for <gz-common5> component [io]
-- Looking for gz-common5-io -- found version 5.6.0
-- Searching for dependencies of gz-common5-io
-- Searching for <gz-common5> component [profiler]
-- Looking for gz-common5-profiler -- found version 5.6.0
-- Searching for dependencies of gz-common5-profiler
-- Looking for gz-fuel_tools9 -- found version 9.1.0
-- Searching for dependencies of gz-fuel_tools9
-- Found CURL: /usr/lib/x86_64-linux-gnu/libcurl.so (found version "8.5.0")  
-- Checking for module 'jsoncpp'
--   Found jsoncpp, version 1.9.5
-- Found JSONCPP: TRUE  
-- Checking for module 'yaml-0.1'
--   Found yaml-0.1, version 0.2.5
-- Found YAML: TRUE  
-- Checking for module 'libzip'
--   Found libzip, version 1.7.3
-- Found ZIP: TRUE  
-- Looking for gz-utils2 -- found version 2.2.0
-- Looking for gz-common5 -- found version 5.6.0
-- Searching for dependencies of gz-common5
-- Looking for gz-utils2 -- found version 2.2.0
-- Looking for dlfcn.h - found
-- Looking for libdl - found
-- Searching for <gz-common5> component [testing]
-- Looking for gz-common5-testing -- found version 5.6.0
-- Searching for dependencies of gz-common5-testing
-- Looking for gz-math7 -- found version 7.5.0
-- Looking for gz-msgs10 -- found version 10.3.0
-- Looking for gz-gui8 -- found version 8.3.0
-- Searching for dependencies of gz-gui8
-- Looking for gz-utils2 -- found version 2.2.0
-- Looking for gz-math7 -- found version 7.5.0
-- Looking for gz-common5 -- found version 5.6.0
-- Looking for gz-plugin2 -- found version 2.0.3
-- Looking for gz-transport13 -- found version 13.4.0
-- Looking for gz-rendering8 -- found version 8.2.0
-- Searching for dependencies of gz-rendering8
-- Looking for gz-math7 -- found version 7.5.0
-- Searching for dependencies of gz-math7
-- Looking for gz-utils2 -- found version 2.2.0
-- Searching for <gz-math7> component [eigen3]
-- Looking for gz-math7-eigen3 -- found version 7.5.0
-- Searching for dependencies of gz-math7-eigen3
-- Looking for gz-common5 -- found version 5.6.0
-- Searching for dependencies of gz-common5
-- Looking for gz-utils2 -- found version 2.2.0
-- Looking for dlfcn.h - found
-- Looking for libdl - found
-- Searching for <gz-common5> component [graphics]
-- Searching for <gz-common5> component [events]
-- Searching for <gz-common5> component [geospatial]
-- Looking for gz-common5-geospatial -- found version 5.6.0
-- Searching for dependencies of gz-common5-geospatial
-- Looking for gz-math7 -- found version 7.5.0
-- Looking for gz-common5 -- found version 5.6.0
-- Looking for gz-plugin2 -- found version 2.0.3
-- Searching for dependencies of gz-plugin2
-- Looking for gz-utils2 -- found version 2.2.0
-- Searching for <gz-plugin2> component [all]
-- Looking for all libraries of gz-plugin2 -- found version 2.0.3
-- Looking for gz-plugin2 -- found version 2.0.3
-- Looking for gz-utils2 -- found version 2.2.0
-- Found OpenGL: /usr/lib/x86_64-linux-gnu/libOpenGL.so  found components: OpenGL 
-- Looking for gz-msgs10 -- found version 10.3.0
-- Looking for gz-physics7 -- found version 7.3.0
-- Searching for dependencies of gz-physics7
-- Looking for gz-common5 -- found version 5.6.0
-- Looking for gz-math7 -- found version 7.5.0
-- Looking for gz-plugin2 -- found version 2.0.3
-- Looking for gz-utils2 -- found version 2.2.0
-- Searching for <gz-physics7> component [heightmap]
-- Looking for gz-physics7-heightmap -- found version 7.3.0
-- Searching for dependencies of gz-physics7-heightmap
-- Looking for gz-common5 -- found version 5.6.0
-- Searching for <gz-physics7> component [mesh]
-- Looking for gz-physics7-mesh -- found version 7.3.0
-- Searching for dependencies of gz-physics7-mesh
-- Looking for gz-common5 -- found version 5.6.0
-- Searching for <gz-physics7> component [sdf]
-- Looking for gz-physics7-sdf -- found version 7.3.0
-- Searching for dependencies of gz-physics7-sdf
-- Looking for sdformat14 -- found version 14.5.0
-- Looking for gz-sensors8 -- found version 8.2.0
-- Searching for dependencies of gz-sensors8
-- Looking for gz-math7 -- found version 7.5.0
-- Looking for gz-common5 -- found version 5.6.0
-- Looking for gz-transport13 -- found version 13.4.0
-- Looking for gz-rendering8 -- found version 8.2.0
-- Looking for gz-msgs10 -- found version 10.3.0
-- Looking for sdformat14 -- found version 14.5.0
-- Searching for <gz-sensors8> component [air_pressure]
-- Looking for gz-sensors8-air_pressure -- found version 8.2.0
-- Searching for dependencies of gz-sensors8-air_pressure
-- Searching for <gz-sensors8> component [air_speed]
-- Looking for gz-sensors8-air_speed -- found version 8.2.0
-- Searching for dependencies of gz-sensors8-air_speed
-- Searching for <gz-sensors8> component [altimeter]
-- Looking for gz-sensors8-altimeter -- found version 8.2.0
-- Searching for dependencies of gz-sensors8-altimeter
-- Searching for <gz-sensors8> component [imu]
-- Looking for gz-sensors8-imu -- found version 8.2.0
-- Searching for dependencies of gz-sensors8-imu
-- Searching for <gz-sensors8> component [force_torque]
-- Looking for gz-sensors8-force_torque -- found version 8.2.0
-- Searching for dependencies of gz-sensors8-force_torque
-- Searching for <gz-sensors8> component [logical_camera]
-- Looking for gz-sensors8-logical_camera -- found version 8.2.0
-- Searching for dependencies of gz-sensors8-logical_camera
-- Searching for <gz-sensors8> component [magnetometer]
-- Looking for gz-sensors8-magnetometer -- found version 8.2.0
-- Searching for dependencies of gz-sensors8-magnetometer
-- Searching for <gz-sensors8> component [navsat]
-- Looking for gz-sensors8-navsat -- found version 8.2.0
-- Searching for dependencies of gz-sensors8-navsat
-- Searching for <gz-sensors8> component [dvl]
-- Looking for gz-sensors8-dvl -- found version 8.2.0
-- Searching for dependencies of gz-sensors8-dvl
-- Looking for gz-sensors8 -- found version 8.2.0
-- Searching for dependencies of gz-sensors8
-- Looking for gz-math7 -- found version 7.5.0
-- Looking for gz-common5 -- found version 5.6.0
-- Looking for gz-transport13 -- found version 13.4.0
-- Looking for gz-rendering8 -- found version 8.2.0
-- Looking for gz-msgs10 -- found version 10.3.0
-- Looking for sdformat14 -- found version 14.5.0
-- Searching for <gz-sensors8> component [rendering]
-- Looking for gz-sensors8-rendering -- found version 8.2.0
-- Searching for dependencies of gz-sensors8-rendering
-- Searching for <gz-sensors8> component [rendering]
-- Searching for <gz-sensors8> component [lidar]
-- Looking for gz-sensors8-lidar -- found version 8.2.0
-- Searching for dependencies of gz-sensors8-lidar
-- Looking for gz-sensors8 -- found version 8.2.0
-- Searching for <gz-sensors8> component [gpu_lidar]
-- Looking for gz-sensors8-gpu_lidar -- found version 8.2.0
-- Searching for dependencies of gz-sensors8-gpu_lidar
-- Looking for gz-sensors8 -- found version 8.2.0
-- Searching for <gz-sensors8> component [camera]
-- Looking for gz-sensors8-camera -- found version 8.2.0
-- Searching for dependencies of gz-sensors8-camera
-- Looking for gz-sensors8 -- found version 8.2.0
-- Searching for <gz-sensors8> component [boundingbox_camera]
-- Looking for gz-sensors8-boundingbox_camera -- found version 8.2.0
-- Searching for dependencies of gz-sensors8-boundingbox_camera
-- Searching for <gz-sensors8> component [segmentation_camera]
-- Looking for gz-sensors8-segmentation_camera -- found version 8.2.0
-- Searching for dependencies of gz-sensors8-segmentation_camera
-- Searching for <gz-sensors8> component [depth_camera]
-- Looking for gz-sensors8-depth_camera -- found version 8.2.0
-- Searching for dependencies of gz-sensors8-depth_camera
-- Looking for gz-sensors8 -- found version 8.2.0
-- Searching for <gz-sensors8> component [rgbd_camera]
-- Looking for gz-sensors8-rgbd_camera -- found version 8.2.0
-- Searching for dependencies of gz-sensors8-rgbd_camera
-- Looking for gz-sensors8 -- found version 8.2.0
-- Searching for <gz-sensors8> component [thermal_camera]
-- Looking for gz-sensors8-thermal_camera -- found version 8.2.0
-- Searching for dependencies of gz-sensors8-thermal_camera
-- Looking for gz-sensors8 -- found version 8.2.0
-- Searching for <gz-sensors8> component [wide_angle_camera]
-- Looking for gz-sensors8-wide_angle_camera -- found version 8.2.0
-- Searching for dependencies of gz-sensors8-wide_angle_camera
-- Looking for gz-rendering8 -- found version 8.2.0
-- Looking for gz-math7 -- found version 7.5.0
-- Looking for gz-utils2 -- found version 2.2.0
-- Looking for gz-plugin2 -- found version 2.0.3
-- Found rosidl_default_generators: 1.6.0 (/opt/ros/jazzy/share/rosidl_default_generators/cmake)
-- Found rosidl_adapter: 4.6.4 (/opt/ros/jazzy/share/rosidl_adapter/cmake)
-- Found ament_cmake_ros: 0.12.0 (/opt/ros/jazzy/share/ament_cmake_ros/cmake)
-- Using all available rosidl_typesupport_c: rosidl_typesupport_fastrtps_c;rosidl_typesupport_introspection_c
-- Using all available rosidl_typesupport_cpp: rosidl_typesupport_fastrtps_cpp;rosidl_typesupport_introspection_cpp
-- Found python_cmake_module: 0.11.1 (/opt/ros/jazzy/share/python_cmake_module/cmake)
-- Found PythonExtra: /usr/bin/python3  
-- Found Python3: /usr/bin/python3 (found version "3.12.3") found components: Interpreter Development NumPy Development.Module Development.Embed 
-- Configuring done (5.3s)
-- Generating done (0.0s)
-- Build files have been written to: /home/ws/build/quadruped
[  2%] [34m[1mGenerating type hashes for ROS interfaces[0m
[  2%] Built target ament_cmake_python_symlink_quadruped
running egg_info
creating quadruped.egg-info
writing quadruped.egg-info/PKG-INFO
writing dependency_links to quadruped.egg-info/dependency_links.txt
writing top-level names to quadruped.egg-info/top_level.txt
writing manifest file 'quadruped.egg-info/SOURCES.txt'
reading manifest file 'quadruped.egg-info/SOURCES.txt'
writing manifest file 'quadruped.egg-info/SOURCES.txt'
[  2%] Built target quadruped__rosidl_generator_type_description
[  5%] [34m[1mGenerating C code for ROS interfaces[0m
[  5%] Built target ament_cmake_python_build_quadruped_egg
[  8%] [34m[1mGenerating C++ code for ROS interfaces[0m
[  8%] Built target quadruped__cpp
[ 11%] [32mBuilding C object CMakeFiles/quadruped__rosidl_generator_c.dir/rosidl_generator_c/quadruped/msg/detail/leg_command__functions.c.o[0m
[ 14%] [32mBuilding C object CMakeFiles/quadruped__rosidl_generator_c.dir/rosidl_generator_c/quadruped/msg/detail/leg_command__description.c.o[0m
[ 17%] [32mBuilding C object CMakeFiles/quadruped__rosidl_generator_c.dir/rosidl_generator_c/quadruped/msg/detail/leg_command__type_support.c.o[0m
[ 20%] [32m[1mLinking C shared library libquadruped__rosidl_generator_c.so[0m
[ 20%] Built target quadruped__rosidl_generator_c
[ 29%] [34m[1mGenerating C++ introspection for ROS interfaces[0m
[ 29%] [34m[1mGenerating C type support for eProsima Fast-RTPS[0m
[ 29%] [34m[1mGenerating C++ type support for eProsima Fast-RTPS[0m
[ 32%] [34m[1mGenerating C introspection for ROS interfaces[0m
[ 35%] [34m[1mGenerating C++ type support dispatch for ROS interfaces[0m
[ 38%] [34m[1mGenerating C type support dispatch for ROS interfaces[0m
[ 41%] [32mBuilding CXX object CMakeFiles/quadruped__rosidl_typesupport_cpp.dir/rosidl_typesupport_cpp/quadruped/msg/leg_command__type_support.cpp.o[0m
[ 44%] [32mBuilding CXX object CMakeFiles/quadruped__rosidl_typesupport_c.dir/rosidl_typesupport_c/quadruped/msg/leg_command__type_support.cpp.o[0m
[ 47%] [32mBuilding CXX object CMakeFiles/quadruped__rosidl_typesupport_introspection_cpp.dir/rosidl_typesupport_introspection_cpp/quadruped/msg/detail/leg_command__type_support.cpp.o[0m
[ 50%] [32mBuilding C object CMakeFiles/quadruped__rosidl_typesupport_introspection_c.dir/rosidl_typesupport_introspection_c/quadruped/msg/detail/leg_command__type_support.c.o[0m
[ 52%] [32mBuilding CXX object CMakeFiles/quadruped__rosidl_typesupport_fastrtps_c.dir/rosidl_typesupport_fastrtps_c/quadruped/msg/detail/leg_command__type_support_c.cpp.o[0m
[ 55%] [32mBuilding CXX object CMakeFiles/quadruped__rosidl_typesupport_fastrtps_cpp.dir/rosidl_typesupport_fastrtps_cpp/quadruped/msg/detail/dds_fastrtps/leg_command__type_support.cpp.o[0m
[ 58%] [32m[1mLinking CXX shared library libquadruped__rosidl_typesupport_c.so[0m
[ 61%] [32m[1mLinking C shared library libquadruped__rosidl_typesupport_introspection_c.so[0m
[ 61%] Built target quadruped__rosidl_typesupport_c
[ 61%] Built target quadruped__rosidl_typesupport_introspection_c
[ 64%] [32m[1mLinking CXX shared library libquadruped__rosidl_typesupport_cpp.so[0m
[ 67%] [32m[1mLinking CXX shared library libquadruped__rosidl_typesupport_introspection_cpp.so[0m
[ 67%] Built target quadruped__rosidl_typesupport_cpp
[ 67%] Built target quadruped__rosidl_typesupport_introspection_cpp
[ 70%] [32m[1mLinking CXX shared library libquadruped__rosidl_typesupport_fastrtps_c.so[0m
[ 73%] [32m[1mLinking CXX shared library libquadruped__rosidl_typesupport_fastrtps_cpp.so[0m
[ 73%] Built target quadruped__rosidl_typesupport_fastrtps_c
[ 73%] Built target quadruped__rosidl_typesupport_fastrtps_cpp
[ 73%] Built target quadruped
[ 76%] [34m[1mGenerating Python code for ROS interfaces[0m
[ 76%] Built target quadruped__py
[ 79%] [32mBuilding C object CMakeFiles/quadruped__rosidl_generator_py.dir/rosidl_generator_py/quadruped/msg/_leg_command_s.c.o[0m
[ 82%] [32m[1mLinking C shared library libquadruped__rosidl_generator_py.so[0m
[ 82%] Built target quadruped__rosidl_generator_py
[ 85%] [32mBuilding C object CMakeFiles/quadruped_s__rosidl_typesupport_c.dir/rosidl_generator_py/quadruped/_quadruped_s.ep.rosidl_typesupport_c.c.o[0m
[ 88%] [32mBuilding C object CMakeFiles/quadruped_s__rosidl_typesupport_introspection_c.dir/rosidl_generator_py/quadruped/_quadruped_s.ep.rosidl_typesupport_introspection_c.c.o[0m
[ 91%] [32mBuilding C object CMakeFiles/quadruped_s__rosidl_typesupport_fastrtps_c.dir/rosidl_generator_py/quadruped/_quadruped_s.ep.rosidl_typesupport_fastrtps_c.c.o[0m
[ 94%] [32m[1mLinking C shared module rosidl_generator_py/quadruped/quadruped_s__rosidl_typesupport_c.so[0m
[100%] [32m[1mLinking C shared module rosidl_generator_py/quadruped/quadruped_s__rosidl_typesupport_introspection_c.so[0m
[100%] [32m[1mLinking C shared module rosidl_generator_py/quadruped/quadruped_s__rosidl_typesupport_fastrtps_c.so[0m
[100%] Built target quadruped_s__rosidl_typesupport_introspection_c
[100%] Built target quadruped_s__rosidl_typesupport_c
[100%] Built target quadruped_s__rosidl_typesupport_fastrtps_c
-- Install configuration: ""
-- Execute custom install script
-- Symlinking: /home/ws/install/quadruped/share/ament_index/resource_index/rosidl_interfaces/quadruped
-- Symlinking: /home/ws/install/quadruped/share/quadruped/msg/LegCommand.json
-- Symlinking: /home/ws/install/quadruped/include/quadruped/quadruped/msg/detail/leg_command__functions.h
-- Symlinking: /home/ws/install/quadruped/include/quadruped/quadruped/msg/detail/leg_command__struct.h
-- Symlinking: /home/ws/install/quadruped/include/quadruped/quadruped/msg/detail/leg_command__type_support.h
-- Symlinking: /home/ws/install/quadruped/include/quadruped/quadruped/msg/leg_command.h
-- Symlinking: /home/ws/install/quadruped/include/quadruped/quadruped/msg/rosidl_generator_c__visibility_control.h
-- Symlinking: /home/ws/install/quadruped/share/quadruped/environment/library_path.sh
-- Symlinking: /home/ws/install/quadruped/share/quadruped/environment/library_path.dsv
-- Symlinking: /home/ws/install/quadruped/include/quadruped/quadruped/msg/detail/leg_command__rosidl_typesupport_fastrtps_c.h
-- Symlinking: /home/ws/install/quadruped/include/quadruped/quadruped/msg/rosidl_typesupport_fastrtps_c__visibility_control.h
-- Symlinking: /home/ws/install/quadruped/include/quadruped/quadruped/msg/detail/leg_command__builder.hpp
-- Symlinking: /home/ws/install/quadruped/include/quadruped/quadruped/msg/detail/leg_command__struct.hpp
-- Symlinking: /home/ws/install/quadruped/include/quadruped/quadruped/msg/detail/leg_command__traits.hpp
-- Symlinking: /home/ws/install/quadruped/include/quadruped/quadruped/msg/detail/leg_command__type_support.hpp
-- Symlinking: /home/ws/install/quadruped/include/quadruped/quadruped/msg/leg_command.hpp
-- Symlinking: /home/ws/install/quadruped/include/quadruped/quadruped/msg/rosidl_generator_cpp__visibility_control.hpp
-- Symlinking: /home/ws/install/quadruped/include/quadruped/quadruped/msg/detail/leg_command__rosidl_typesupport_fastrtps_cpp.hpp
-- Symlinking: /home/ws/install/quadruped/include/quadruped/quadruped/msg/rosidl_typesupport_fastrtps_cpp__visibility_control.h
-- Symlinking: /home/ws/install/quadruped/include/quadruped/quadruped/msg/detail/leg_command__rosidl_typesupport_introspection_c.h
-- Symlinking: /home/ws/install/quadruped/include/quadruped/quadruped/msg/rosidl_typesupport_introspection_c__visibility_control.h
-- Symlinking: /home/ws/install/quadruped/include/quadruped/quadruped/msg/detail/leg_command__rosidl_typesupport_introspection_cpp.hpp
-- Symlinking: /home/ws/install/quadruped/share/quadruped/environment/pythonpath.sh
-- Symlinking: /home/ws/install/quadruped/share/quadruped/environment/pythonpath.dsv
-- Symlinking: /home/ws/install/quadruped/lib/python3.12/site-packages/quadruped-0.0.0-py3.12.egg-info/PKG-INFO
-- Symlinking: /home/ws/install/quadruped/lib/python3.12/site-packages/quadruped-0.0.0-py3.12.egg-info/SOURCES.txt
-- Symlinking: /home/ws/install/quadruped/lib/python3.12/site-packages/quadruped-0.0.0-py3.12.egg-info/dependency_links.txt
-- Symlinking: /home/ws/install/quadruped/lib/python3.12/site-packages/quadruped-0.0.0-py3.12.egg-info/top_level.txt
-- Symlinking: /home/ws/install/quadruped/lib/python3.12/site-packages/quadruped/__init__.py
-- Symlinking: /home/ws/install/quadruped/lib/python3.12/site-packages/quadruped/_quadruped_s.ep.rosidl_typesupport_c.c
-- Symlinking: /home/ws/install/quadruped/lib/python3.12/site-packages/quadruped/_quadruped_s.ep.rosidl_typesupport_fastrtps_c.c
-- Symlinking: /home/ws/install/quadruped/lib/python3.12/site-packages/quadruped/_quadruped_s.ep.rosidl_typesupport_introspection_c.c
-- Symlinking: /home/ws/install/quadruped/lib/python3.12/site-packages/quadruped/msg/__init__.py
-- Symlinking: /home/ws/install/quadruped/lib/python3.12/site-packages/quadruped/msg/_leg_command.py
-- Symlinking: /home/ws/install/quadruped/lib/python3.12/site-packages/quadruped/msg/_leg_command_s.c
-- Symlinking: /home/ws/install/quadruped/lib/python3.12/site-packages/quadruped/quadruped_s__rosidl_typesupport_c.so
-- Symlinking: /home/ws/install/quadruped/lib/python3.12/site-packages/quadruped/quadruped_s__rosidl_typesupport_fastrtps_c.so
-- Symlinking: /home/ws/install/quadruped/lib/python3.12/site-packages/quadruped/quadruped_s__rosidl_typesupport_introspection_c.so
-- Up-to-date symlink: /home/ws/install/quadruped/lib/python3.12/site-packages/quadruped/quadruped_s__rosidl_typesupport_fastrtps_c.so
-- Up-to-date symlink: /home/ws/install/quadruped/lib/python3.12/site-packages/quadruped/quadruped_s__rosidl_typesupport_introspection_c.so
-- Up-to-date symlink: /home/ws/install/quadruped/lib/python3.12/site-packages/quadruped/quadruped_s__rosidl_typesupport_c.so
-- Symlinking: /home/ws/install/quadruped/share/quadruped/msg/LegCommand.idl
-- Symlinking: /home/ws/install/quadruped/share/quadruped/messages/LegCommand.msg
-- Symlinking: /home/ws/install/quadruped/lib/quadruped/template_node.py
-- Symlinking: /home/ws/install/quadruped/lib/quadruped/test_node.py
-- Symlinking: /home/ws/install/quadruped/lib/quadruped/LegController.py
-- Symlinking: /home/ws/install/quadruped/share/quadruped/launch/controllers.launch.py
-- Symlinking: /home/ws/install/quadruped/share/quadruped/launch/gazebo_sim.launch.py
-- Symlinking: /home/ws/install/quadruped/share/quadruped/config/bridge.yaml
-- Symlinking: /home/ws/install/quadruped/share/quadruped/config/initial_joint_positions.yaml
-- Symlinking: /home/ws/install/quadruped/share/quadruped/config/quadruped.rviz
-- Symlinking: /home/ws/install/quadruped/share/quadruped/config/quadruped_controllers.yaml
-- Symlinking: /home/ws/install/quadruped/share/quadruped/urdf/Quadruped MJB.mjb
-- Symlinking: /home/ws/install/quadruped/share/quadruped/urdf/QuadrupedURDF.urdf.xacro
-- Symlinking: /home/ws/install/quadruped/share/quadruped/urdf/meshes/Body.STL
-- Symlinking: /home/ws/install/quadruped/share/quadruped/urdf/meshes/Body_bin.STL
-- Symlinking: /home/ws/install/quadruped/share/quadruped/urdf/meshes/Front Left Shin.STL
-- Symlinking: /home/ws/install/quadruped/share/quadruped/urdf/meshes/Front Left Thigh.STL
-- Symlinking: /home/ws/install/quadruped/share/quadruped/urdf/meshes/Front Right Shin.STL
-- Symlinking: /home/ws/install/quadruped/share/quadruped/urdf/meshes/Front Right Thigh.STL
-- Symlinking: /home/ws/install/quadruped/share/quadruped/urdf/meshes/Rear Left Shin.STL
-- Symlinking: /home/ws/install/quadruped/share/quadruped/urdf/meshes/Rear Left Thigh.STL
-- Symlinking: /home/ws/install/quadruped/share/quadruped/urdf/meshes/Rear Right Shin.STL
-- Symlinking: /home/ws/install/quadruped/share/quadruped/urdf/meshes/Rear Right Thigh.STL
-- Symlinking: /home/ws/install/quadruped/share/quadruped/urdf/mjb_maker.py
-- Up-to-date symlink: /home/ws/install/quadruped/share/quadruped/messages/LegCommand.msg
-- Symlinking: /home/ws/install/quadruped/share/ament_index/resource_index/package_run_dependencies/quadruped
-- Symlinking: /home/ws/install/quadruped/share/ament_index/resource_index/parent_prefix_path/quadruped
-- Symlinking: /home/ws/install/quadruped/share/quadruped/environment/ament_prefix_path.sh
-- Symlinking: /home/ws/install/quadruped/share/quadruped/environment/ament_prefix_path.dsv
-- Symlinking: /home/ws/install/quadruped/share/quadruped/environment/path.sh
-- Symlinking: /home/ws/install/quadruped/share/quadruped/environment/path.dsv
-- Symlinking: /home/ws/install/quadruped/share/quadruped/local_setup.bash
-- Symlinking: /home/ws/install/quadruped/share/quadruped/local_setup.sh
-- Symlinking: /home/ws/install/quadruped/share/quadruped/local_setup.zsh
-- Symlinking: /home/ws/install/quadruped/share/quadruped/local_setup.dsv
-- Symlinking: /home/ws/install/quadruped/share/quadruped/package.dsv
-- Symlinking: /home/ws/install/quadruped/share/ament_index/resource_index/packages/quadruped
-- Symlinking: /home/ws/install/quadruped/share/quadruped/cmake/rosidl_cmake-extras.cmake
-- Symlinking: /home/ws/install/quadruped/share/quadruped/cmake/ament_cmake_export_include_directories-extras.cmake
-- Symlinking: /home/ws/install/quadruped/share/quadruped/cmake/ament_cmake_export_libraries-extras.cmake
-- Symlinking: /home/ws/install/quadruped/share/quadruped/cmake/ament_cmake_export_targets-extras.cmake
-- Symlinking: /home/ws/install/quadruped/share/quadruped/cmake/rosidl_cmake_export_typesupport_targets-extras.cmake
-- Symlinking: /home/ws/install/quadruped/share/quadruped/cmake/ament_cmake_export_dependencies-extras.cmake
-- Symlinking: /home/ws/install/quadruped/share/quadruped/cmake/rosidl_cmake_export_typesupport_libraries-extras.cmake
-- Symlinking: /home/ws/install/quadruped/share/quadruped/cmake/quadrupedConfig.cmake
-- Symlinking: /home/ws/install/quadruped/share/quadruped/cmake/quadrupedConfig-version.cmake
-- Symlinking: /home/ws/install/quadruped/share/quadruped/package.xml
-- Installing: /home/ws/install/quadruped/lib/libquadruped__rosidl_generator_c.so
-- Set non-toolchain portion of runtime path of "/home/ws/install/quadruped/lib/libquadruped__rosidl_generator_c.so" to ""
-- Installing: /home/ws/install/quadruped/lib/libquadruped__rosidl_typesupport_fastrtps_c.so
-- Set non-toolchain portion of runtime path of "/home/ws/install/quadruped/lib/libquadruped__rosidl_typesupport_fastrtps_c.so" to ""
-- Installing: /home/ws/install/quadruped/lib/libquadruped__rosidl_typesupport_fastrtps_cpp.so
-- Set non-toolchain portion of runtime path of "/home/ws/install/quadruped/lib/libquadruped__rosidl_typesupport_fastrtps_cpp.so" to ""
-- Installing: /home/ws/install/quadruped/lib/libquadruped__rosidl_typesupport_introspection_c.so
-- Set non-toolchain portion of runtime path of "/home/ws/install/quadruped/lib/libquadruped__rosidl_typesupport_introspection_c.so" to ""
-- Installing: /home/ws/install/quadruped/lib/libquadruped__rosidl_typesupport_c.so
-- Set non-toolchain portion of runtime path of "/home/ws/install/quadruped/lib/libquadruped__rosidl_typesupport_c.so" to ""
-- Installing: /home/ws/install/quadruped/lib/libquadruped__rosidl_typesupport_introspection_cpp.so
-- Set non-toolchain portion of runtime path of "/home/ws/install/quadruped/lib/libquadruped__rosidl_typesupport_introspection_cpp.so" to ""
-- Installing: /home/ws/install/quadruped/lib/libquadruped__rosidl_typesupport_cpp.so
-- Set non-toolchain portion of runtime path of "/home/ws/install/quadruped/lib/libquadruped__rosidl_typesupport_cpp.so" to ""
Listing '/home/ws/install/quadruped/lib/python3.12/site-packages/quadruped'...
Compiling '/home/ws/install/quadruped/lib/python3.12/site-packages/quadruped/__init__.py'...
Listing '/home/ws/install/quadruped/lib/python3.12/site-packages/quadruped/msg'...
Compiling '/home/ws/install/quadruped/lib/python3.12/site-packages/quadruped/msg/__init__.py'...
Compiling '/home/ws/install/quadruped/lib/python3.12/site-packages/quadruped/msg/_leg_command.py'...
-- Installing: /home/ws/install/quadruped/lib/libquadruped__rosidl_generator_py.so
-- Set non-toolchain portion of runtime path of "/home/ws/install/quadruped/lib/libquadruped__rosidl_generator_py.so" to ""
-- Installing: /home/ws/install/quadruped/share/quadruped/cmake/export_quadruped__rosidl_generator_cExport.cmake
-- Installing: /home/ws/install/quadruped/share/quadruped/cmake/export_quadruped__rosidl_generator_cExport-noconfig.cmake
-- Installing: /home/ws/install/quadruped/share/quadruped/cmake/export_quadruped__rosidl_typesupport_fastrtps_cExport.cmake
-- Installing: /home/ws/install/quadruped/share/quadruped/cmake/export_quadruped__rosidl_typesupport_fastrtps_cExport-noconfig.cmake
-- Installing: /home/ws/install/quadruped/share/quadruped/cmake/export_quadruped__rosidl_generator_cppExport.cmake
-- Installing: /home/ws/install/quadruped/share/quadruped/cmake/export_quadruped__rosidl_typesupport_fastrtps_cppExport.cmake
-- Installing: /home/ws/install/quadruped/share/quadruped/cmake/export_quadruped__rosidl_typesupport_fastrtps_cppExport-noconfig.cmake
-- Installing: /home/ws/install/quadruped/share/quadruped/cmake/quadruped__rosidl_typesupport_introspection_cExport.cmake
-- Installing: /home/ws/install/quadruped/share/quadruped/cmake/quadruped__rosidl_typesupport_introspection_cExport-noconfig.cmake
-- Installing: /home/ws/install/quadruped/share/quadruped/cmake/quadruped__rosidl_typesupport_cExport.cmake
-- Installing: /home/ws/install/quadruped/share/quadruped/cmake/quadruped__rosidl_typesupport_cExport-noconfig.cmake
-- Installing: /home/ws/install/quadruped/share/quadruped/cmake/quadruped__rosidl_typesupport_introspection_cppExport.cmake
-- Installing: /home/ws/install/quadruped/share/quadruped/cmake/quadruped__rosidl_typesupport_introspection_cppExport-noconfig.cmake
-- Installing: /home/ws/install/quadruped/share/quadruped/cmake/quadruped__rosidl_typesupport_cppExport.cmake
-- Installing: /home/ws/install/quadruped/share/quadruped/cmake/quadruped__rosidl_typesupport_cppExport-noconfig.cmake
-- Installing: /home/ws/install/quadruped/share/quadruped/cmake/export_quadruped__rosidl_generator_pyExport.cmake
-- Installing: /home/ws/install/quadruped/share/quadruped/cmake/export_quadruped__rosidl_generator_pyExport-noconfig.cmake
