[0.011s] Invoking command in '/home/ws/build/quadruped': CMAKE_PREFIX_PATH=${CMAKE_PREFIX_PATH}:/opt/ros/jazzy /usr/bin/cmake /home/ws/src/quadruped -DAMENT_CMAKE_SYMLINK_INSTALL=1 -DCMAKE_INSTALL_PREFIX=/home/ws/install/quadruped
[0.034s] -- Found ament_cmake: 2.5.2 (/opt/ros/jazzy/share/ament_cmake/cmake)
[0.211s] -- Found Python3: /usr/bin/python3 (found version "3.12.3") found components: Interpreter 
[0.284s] -- Override CMake install command with custom implementation using symlinks instead of copying resources
[0.331s] -- Found rclcpp: 28.1.5 (/opt/ros/jazzy/share/rclcpp/cmake)
[0.395s] -- Found rosidl_generator_c: 4.6.4 (/opt/ros/jazzy/share/rosidl_generator_c/cmake)
[0.410s] -- Found rosidl_generator_cpp: 4.6.4 (/opt/ros/jazzy/share/rosidl_generator_cpp/cmake)
[0.431s] -- Using all available rosidl_typesupport_c: rosidl_typesupport_fastrtps_c;rosidl_typesupport_introspection_c
[0.463s] -- Using all available rosidl_typesupport_cpp: rosidl_typesupport_fastrtps_cpp;rosidl_typesupport_introspection_cpp
[0.549s] -- Found rmw_implementation_cmake: 7.3.1 (/opt/ros/jazzy/share/rmw_implementation_cmake/cmake)
[0.554s] -- Found rmw_fastrtps_cpp: 8.4.1 (/opt/ros/jazzy/share/rmw_fastrtps_cpp/cmake)
[0.682s] -- Found OpenSSL: /usr/lib/x86_64-linux-gnu/libcrypto.so (found version "3.0.13")  
[0.709s] -- Found FastRTPS: /opt/ros/jazzy/include (Required is at least version "2.13") 
[0.749s] -- Using RMW implementation 'rmw_fastrtps_cpp' as default
[0.838s] -- Found hardware_interface: 4.17.0 (/opt/ros/jazzy/share/hardware_interface/cmake)
[1.211s] -- Found controller_manager: 4.17.0 (/opt/ros/jazzy/share/controller_manager/cmake)
[1.289s] -- Found ros2_control: 4.17.0 (/opt/ros/jazzy/share/ros2_control/cmake)
[1.292s] -- Found ros_gz_sim: 1.0.4 (/opt/ros/jazzy/share/ros_gz_sim/cmake)
[1.296s] -- Looking for gz-sim8 -- found version 8.6.0
[1.304s] -- Searching for dependencies of gz-sim8
[1.305s] -- Looking for sdformat14 -- found version 14.5.0
[1.305s] -- Searching for dependencies of sdformat14
[1.312s] -- Checking for module 'tinyxml2'
[1.339s] --   Found tinyxml2, version 10.0.0
[1.396s] -- Looking for gz-math7 -- found version 7.5.0
[1.396s] -- Searching for dependencies of gz-math7
[1.400s] -- Looking for gz-utils2 -- found version 2.2.0
[1.400s] -- Searching for dependencies of gz-utils2
[1.404s] -- Looking for gz-utils2 -- found version 2.2.0
[1.404s] -- Searching for dependencies of gz-utils2
[1.404s] -- Searching for <gz-utils2> component [cli]
[1.407s] -- Looking for gz-utils2-cli -- found version 2.2.0
[1.407s] -- Searching for dependencies of gz-utils2-cli
[1.410s] -- Looking for gz-plugin2 -- found version 2.0.3
[1.411s] -- Searching for dependencies of gz-plugin2
[1.411s] -- Looking for gz-utils2 -- found version 2.2.0
[1.411s] -- Searching for <gz-plugin2> component [loader]
[1.413s] -- Looking for gz-plugin2-loader -- found version 2.0.3
[1.413s] -- Searching for dependencies of gz-plugin2-loader
[1.414s] -- Searching for <gz-plugin2> component [register]
[1.417s] -- Looking for gz-plugin2-register -- found version 2.0.3
[1.417s] -- Searching for dependencies of gz-plugin2-register
[1.421s] -- Looking for gz-transport13 -- found version 13.4.0
[1.421s] -- Searching for dependencies of gz-transport13
[1.461s] -- Found Protobuf: /usr/lib/x86_64-linux-gnu/libprotobuf.so (found version "3.21.12") 
[1.473s] -- Config-file not installed for ZeroMQ -- checking for pkg-config
[1.476s] -- Checking for module 'libzmq >= 4'
[1.494s] --   Found libzmq, version 4.3.5
[1.570s] -- Found ZeroMQ: TRUE (Required is at least version "4") 
[1.582s] -- Checking for module 'uuid'
[1.602s] --   Found uuid, version 2.39.3
[1.635s] -- Found UUID: TRUE  
[1.636s] -- Looking for gz-utils2 -- found version 2.2.0
[1.637s] -- Looking for gz-msgs10 -- found version 10.3.0
[1.638s] -- Searching for dependencies of gz-msgs10
[1.656s] -- Looking for gz-utils2 -- found version 2.2.0
[1.656s] -- Looking for gz-math7 -- found version 7.5.0
[1.788s] -- Searching for <gz-transport13> component [log]
[1.789s] -- Looking for gz-transport13-log -- found version 13.4.0
[1.789s] -- Searching for dependencies of gz-transport13-log
[1.790s] -- Searching for <gz-transport13> component [parameters]
[1.791s] -- Looking for gz-transport13-parameters -- found version 13.4.0
[1.791s] -- Searching for dependencies of gz-transport13-parameters
[1.792s] -- Looking for gz-msgs10 -- found version 10.3.0
[1.794s] -- Looking for gz-common5 -- found version 5.6.0
[1.794s] -- Searching for dependencies of gz-common5
[1.794s] -- Looking for gz-utils2 -- found version 2.2.0
[1.795s] -- Looking for dlfcn.h - found
[1.795s] -- Looking for libdl - found
[1.796s] -- Found DL: TRUE  
[1.804s] -- Searching for <gz-common5> component [av]
[1.807s] -- Looking for gz-common5-av -- found version 5.6.0
[1.807s] -- Searching for dependencies of gz-common5-av
[1.814s] -- Checking for module 'libswscale'
[1.840s] --   Found libswscale, version 7.5.100
[1.897s] -- Found SWSCALE: TRUE  
[1.908s] -- Checking for module 'libavdevice >= 56.4.100'
[1.943s] --   Found libavdevice, version 60.3.100
[2.020s] -- Found AVDEVICE: TRUE (Required is at least version "56.4.100") 
[2.033s] -- Checking for module 'libavformat'
[2.061s] --   Found libavformat, version 60.16.100
[2.123s] -- Found AVFORMAT: TRUE  
[2.137s] -- Checking for module 'libavcodec'
[2.163s] --   Found libavcodec, version 60.31.102
[2.221s] -- Found AVCODEC: TRUE  
[2.236s] -- Checking for module 'libavutil'
[2.259s] --   Found libavutil, version 58.29.100
[2.313s] -- Found AVUTIL: TRUE  
[2.315s] -- Searching for <gz-common5> component [events]
[2.318s] -- Looking for gz-common5-events -- found version 5.6.0
[2.318s] -- Searching for dependencies of gz-common5-events
[2.319s] -- Looking for gz-math7 -- found version 7.5.0
[2.320s] -- Searching for <gz-common5> component [graphics]
[2.324s] -- Looking for gz-common5-graphics -- found version 5.6.0
[2.325s] -- Searching for dependencies of gz-common5-graphics
[2.325s] -- Looking for gz-math7 -- found version 7.5.0
[2.335s] -- Found GzAssimp: TRUE (found version "5.3.0") 
[2.335s] -- Searching for <gz-common5> component [io]
[2.337s] -- Looking for gz-common5-io -- found version 5.6.0
[2.337s] -- Searching for dependencies of gz-common5-io
[2.337s] -- Searching for <gz-common5> component [profiler]
[2.339s] -- Looking for gz-common5-profiler -- found version 5.6.0
[2.339s] -- Searching for dependencies of gz-common5-profiler
[2.341s] -- Looking for gz-fuel_tools9 -- found version 9.1.0
[2.341s] -- Searching for dependencies of gz-fuel_tools9
[2.484s] -- Found CURL: /usr/lib/x86_64-linux-gnu/libcurl.so (found version "8.5.0")  
[2.494s] -- Checking for module 'jsoncpp'
[2.509s] --   Found jsoncpp, version 1.9.5
[2.554s] -- Found JSONCPP: TRUE  
[2.584s] -- Checking for module 'yaml-0.1'
[2.608s] --   Found yaml-0.1, version 0.2.5
[2.669s] -- Found YAML: TRUE  
[2.679s] -- Checking for module 'libzip'
[2.702s] --   Found libzip, version 1.7.3
[2.768s] -- Found ZIP: TRUE  
[2.768s] -- Looking for gz-utils2 -- found version 2.2.0
[2.769s] -- Looking for gz-common5 -- found version 5.6.0
[2.769s] -- Searching for dependencies of gz-common5
[2.770s] -- Looking for gz-utils2 -- found version 2.2.0
[2.770s] -- Looking for dlfcn.h - found
[2.770s] -- Looking for libdl - found
[2.782s] -- Searching for <gz-common5> component [testing]
[2.785s] -- Looking for gz-common5-testing -- found version 5.6.0
[2.785s] -- Searching for dependencies of gz-common5-testing
[2.787s] -- Looking for gz-math7 -- found version 7.5.0
[2.787s] -- Looking for gz-msgs10 -- found version 10.3.0
[2.790s] -- Looking for gz-gui8 -- found version 8.3.0
[2.790s] -- Searching for dependencies of gz-gui8
[2.813s] -- Looking for gz-utils2 -- found version 2.2.0
[2.813s] -- Looking for gz-math7 -- found version 7.5.0
[2.813s] -- Looking for gz-common5 -- found version 5.6.0
[2.813s] -- Looking for gz-plugin2 -- found version 2.0.3
[2.814s] -- Looking for gz-transport13 -- found version 13.4.0
[2.815s] -- Looking for gz-rendering8 -- found version 8.2.0
[2.815s] -- Searching for dependencies of gz-rendering8
[2.816s] -- Looking for gz-math7 -- found version 7.5.0
[2.816s] -- Searching for dependencies of gz-math7
[2.816s] -- Looking for gz-utils2 -- found version 2.2.0
[2.816s] -- Searching for <gz-math7> component [eigen3]
[2.818s] -- Looking for gz-math7-eigen3 -- found version 7.5.0
[2.818s] -- Searching for dependencies of gz-math7-eigen3
[2.826s] -- Looking for gz-common5 -- found version 5.6.0
[2.826s] -- Searching for dependencies of gz-common5
[2.827s] -- Looking for gz-utils2 -- found version 2.2.0
[2.827s] -- Looking for dlfcn.h - found
[2.827s] -- Looking for libdl - found
[2.834s] -- Searching for <gz-common5> component [graphics]
[2.834s] -- Searching for <gz-common5> component [events]
[2.834s] -- Searching for <gz-common5> component [geospatial]
[2.836s] -- Looking for gz-common5-geospatial -- found version 5.6.0
[2.836s] -- Searching for dependencies of gz-common5-geospatial
[2.836s] -- Looking for gz-math7 -- found version 7.5.0
[2.837s] -- Looking for gz-common5 -- found version 5.6.0
[2.838s] -- Looking for gz-plugin2 -- found version 2.0.3
[2.838s] -- Searching for dependencies of gz-plugin2
[2.838s] -- Looking for gz-utils2 -- found version 2.2.0
[2.838s] -- Searching for <gz-plugin2> component [all]
[2.840s] -- Looking for all libraries of gz-plugin2 -- found version 2.0.3
[2.840s] -- Looking for gz-plugin2 -- found version 2.0.3
[2.841s] -- Looking for gz-utils2 -- found version 2.2.0
[2.853s] -- Found OpenGL: /usr/lib/x86_64-linux-gnu/libOpenGL.so  found components: OpenGL 
[2.856s] -- Looking for gz-msgs10 -- found version 10.3.0
[2.881s] -- Looking for gz-physics7 -- found version 7.3.0
[2.881s] -- Searching for dependencies of gz-physics7
[2.881s] -- Looking for gz-common5 -- found version 5.6.0
[2.882s] -- Looking for gz-math7 -- found version 7.5.0
[2.882s] -- Looking for gz-plugin2 -- found version 2.0.3
[2.882s] -- Looking for gz-utils2 -- found version 2.2.0
[2.883s] -- Searching for <gz-physics7> component [heightmap]
[2.884s] -- Looking for gz-physics7-heightmap -- found version 7.3.0
[2.884s] -- Searching for dependencies of gz-physics7-heightmap
[2.884s] -- Looking for gz-common5 -- found version 5.6.0
[2.885s] -- Searching for <gz-physics7> component [mesh]
[2.886s] -- Looking for gz-physics7-mesh -- found version 7.3.0
[2.886s] -- Searching for dependencies of gz-physics7-mesh
[2.886s] -- Looking for gz-common5 -- found version 5.6.0
[2.887s] -- Searching for <gz-physics7> component [sdf]
[2.887s] -- Looking for gz-physics7-sdf -- found version 7.3.0
[2.887s] -- Searching for dependencies of gz-physics7-sdf
[2.888s] -- Looking for sdformat14 -- found version 14.5.0
[2.889s] -- Looking for gz-sensors8 -- found version 8.2.0
[2.889s] -- Searching for dependencies of gz-sensors8
[2.906s] -- Looking for gz-math7 -- found version 7.5.0
[2.907s] -- Looking for gz-common5 -- found version 5.6.0
[2.907s] -- Looking for gz-transport13 -- found version 13.4.0
[2.907s] -- Looking for gz-rendering8 -- found version 8.2.0
[2.907s] -- Looking for gz-msgs10 -- found version 10.3.0
[2.908s] -- Looking for sdformat14 -- found version 14.5.0
[2.908s] -- Searching for <gz-sensors8> component [air_pressure]
[2.909s] -- Looking for gz-sensors8-air_pressure -- found version 8.2.0
[2.909s] -- Searching for dependencies of gz-sensors8-air_pressure
[2.910s] -- Searching for <gz-sensors8> component [air_speed]
[2.911s] -- Looking for gz-sensors8-air_speed -- found version 8.2.0
[2.911s] -- Searching for dependencies of gz-sensors8-air_speed
[2.912s] -- Searching for <gz-sensors8> component [altimeter]
[2.915s] -- Looking for gz-sensors8-altimeter -- found version 8.2.0
[2.915s] -- Searching for dependencies of gz-sensors8-altimeter
[2.916s] -- Searching for <gz-sensors8> component [imu]
[2.918s] -- Looking for gz-sensors8-imu -- found version 8.2.0
[2.918s] -- Searching for dependencies of gz-sensors8-imu
[2.919s] -- Searching for <gz-sensors8> component [force_torque]
[2.920s] -- Looking for gz-sensors8-force_torque -- found version 8.2.0
[2.920s] -- Searching for dependencies of gz-sensors8-force_torque
[2.921s] -- Searching for <gz-sensors8> component [logical_camera]
[2.922s] -- Looking for gz-sensors8-logical_camera -- found version 8.2.0
[2.922s] -- Searching for dependencies of gz-sensors8-logical_camera
[2.923s] -- Searching for <gz-sensors8> component [magnetometer]
[2.924s] -- Looking for gz-sensors8-magnetometer -- found version 8.2.0
[2.924s] -- Searching for dependencies of gz-sensors8-magnetometer
[2.924s] -- Searching for <gz-sensors8> component [navsat]
[2.925s] -- Looking for gz-sensors8-navsat -- found version 8.2.0
[2.925s] -- Searching for dependencies of gz-sensors8-navsat
[2.926s] -- Searching for <gz-sensors8> component [dvl]
[2.927s] -- Looking for gz-sensors8-dvl -- found version 8.2.0
[2.927s] -- Searching for dependencies of gz-sensors8-dvl
[2.927s] -- Looking for gz-sensors8 -- found version 8.2.0
[2.928s] -- Searching for dependencies of gz-sensors8
[2.952s] -- Looking for gz-math7 -- found version 7.5.0
[2.952s] -- Looking for gz-common5 -- found version 5.6.0
[2.953s] -- Looking for gz-transport13 -- found version 13.4.0
[2.954s] -- Looking for gz-rendering8 -- found version 8.2.0
[2.954s] -- Looking for gz-msgs10 -- found version 10.3.0
[2.955s] -- Looking for sdformat14 -- found version 14.5.0
[2.955s] -- Searching for <gz-sensors8> component [rendering]
[2.956s] -- Looking for gz-sensors8-rendering -- found version 8.2.0
[2.957s] -- Searching for dependencies of gz-sensors8-rendering
[2.959s] -- Searching for <gz-sensors8> component [rendering]
[2.959s] -- Searching for <gz-sensors8> component [lidar]
[2.961s] -- Looking for gz-sensors8-lidar -- found version 8.2.0
[2.961s] -- Searching for dependencies of gz-sensors8-lidar
[2.962s] -- Looking for gz-sensors8 -- found version 8.2.0
[2.964s] -- Searching for <gz-sensors8> component [gpu_lidar]
[2.966s] -- Looking for gz-sensors8-gpu_lidar -- found version 8.2.0
[2.967s] -- Searching for dependencies of gz-sensors8-gpu_lidar
[2.967s] -- Looking for gz-sensors8 -- found version 8.2.0
[2.991s] -- Searching for <gz-sensors8> component [camera]
[2.994s] -- Looking for gz-sensors8-camera -- found version 8.2.0
[2.994s] -- Searching for dependencies of gz-sensors8-camera
[2.995s] -- Looking for gz-sensors8 -- found version 8.2.0
[2.996s] -- Searching for <gz-sensors8> component [boundingbox_camera]
[2.998s] -- Looking for gz-sensors8-boundingbox_camera -- found version 8.2.0
[2.999s] -- Searching for dependencies of gz-sensors8-boundingbox_camera
[3.000s] -- Searching for <gz-sensors8> component [segmentation_camera]
[3.002s] -- Looking for gz-sensors8-segmentation_camera -- found version 8.2.0
[3.002s] -- Searching for dependencies of gz-sensors8-segmentation_camera
[3.003s] -- Searching for <gz-sensors8> component [depth_camera]
[3.005s] -- Looking for gz-sensors8-depth_camera -- found version 8.2.0
[3.005s] -- Searching for dependencies of gz-sensors8-depth_camera
[3.006s] -- Looking for gz-sensors8 -- found version 8.2.0
[3.006s] -- Searching for <gz-sensors8> component [rgbd_camera]
[3.008s] -- Looking for gz-sensors8-rgbd_camera -- found version 8.2.0
[3.008s] -- Searching for dependencies of gz-sensors8-rgbd_camera
[3.009s] -- Looking for gz-sensors8 -- found version 8.2.0
[3.009s] -- Searching for <gz-sensors8> component [thermal_camera]
[3.010s] -- Looking for gz-sensors8-thermal_camera -- found version 8.2.0
[3.010s] -- Searching for dependencies of gz-sensors8-thermal_camera
[3.011s] -- Looking for gz-sensors8 -- found version 8.2.0
[3.012s] -- Searching for <gz-sensors8> component [wide_angle_camera]
[3.012s] -- Looking for gz-sensors8-wide_angle_camera -- found version 8.2.0
[3.013s] -- Searching for dependencies of gz-sensors8-wide_angle_camera
[3.013s] -- Looking for gz-rendering8 -- found version 8.2.0
[3.014s] -- Looking for gz-math7 -- found version 7.5.0
[3.014s] -- Looking for gz-utils2 -- found version 2.2.0
[3.036s] -- Looking for gz-plugin2 -- found version 2.0.3
[3.039s] -- Found rosidl_default_generators: 1.6.0 (/opt/ros/jazzy/share/rosidl_default_generators/cmake)
[3.057s] -- Found rosidl_adapter: 4.6.4 (/opt/ros/jazzy/share/rosidl_adapter/cmake)
[3.630s] -- Found ament_cmake_ros: 0.12.0 (/opt/ros/jazzy/share/ament_cmake_ros/cmake)
[4.350s] -- Using all available rosidl_typesupport_c: rosidl_typesupport_fastrtps_c;rosidl_typesupport_introspection_c
[4.652s] -- Using all available rosidl_typesupport_cpp: rosidl_typesupport_fastrtps_cpp;rosidl_typesupport_introspection_cpp
[4.659s] -- Found python_cmake_module: 0.11.1 (/opt/ros/jazzy/share/python_cmake_module/cmake)
[4.807s] -- Found PythonExtra: /usr/bin/python3  
[5.313s] -- Found Python3: /usr/bin/python3 (found version "3.12.3") found components: Interpreter Development NumPy Development.Module Development.Embed 
[5.360s] -- Configuring done (5.3s)
[5.382s] -- Generating done (0.0s)
[5.385s] -- Build files have been written to: /home/ws/build/quadruped
[5.395s] Invoked command in '/home/ws/build/quadruped' returned '0': CMAKE_PREFIX_PATH=${CMAKE_PREFIX_PATH}:/opt/ros/jazzy /usr/bin/cmake /home/ws/src/quadruped -DAMENT_CMAKE_SYMLINK_INSTALL=1 -DCMAKE_INSTALL_PREFIX=/home/ws/install/quadruped
[5.396s] Invoking command in '/home/ws/build/quadruped': CMAKE_PREFIX_PATH=${CMAKE_PREFIX_PATH}:/opt/ros/jazzy /usr/bin/cmake --build /home/ws/build/quadruped -- -j20 -l20
[5.486s] [  2%] [34m[1mGenerating type hashes for ROS interfaces[0m
[5.497s] [  2%] Built target ament_cmake_python_symlink_quadruped
[5.636s] running egg_info
[5.637s] creating quadruped.egg-info
[5.646s] writing quadruped.egg-info/PKG-INFO
[5.646s] writing dependency_links to quadruped.egg-info/dependency_links.txt
[5.646s] writing top-level names to quadruped.egg-info/top_level.txt
[5.646s] writing manifest file 'quadruped.egg-info/SOURCES.txt'
[5.673s] reading manifest file 'quadruped.egg-info/SOURCES.txt'
[5.673s] writing manifest file 'quadruped.egg-info/SOURCES.txt'
[5.676s] [  2%] Built target quadruped__rosidl_generator_type_description
[5.687s] [  5%] [34m[1mGenerating C code for ROS interfaces[0m
[5.695s] [  5%] Built target ament_cmake_python_build_quadruped_egg
[5.702s] [  8%] [34m[1mGenerating C++ code for ROS interfaces[0m
[5.912s] [  8%] Built target quadruped__cpp
[5.925s] [ 11%] [32mBuilding C object CMakeFiles/quadruped__rosidl_generator_c.dir/rosidl_generator_c/quadruped/msg/detail/leg_command__functions.c.o[0m
[5.925s] [ 14%] [32mBuilding C object CMakeFiles/quadruped__rosidl_generator_c.dir/rosidl_generator_c/quadruped/msg/detail/leg_command__description.c.o[0m
[5.926s] [ 17%] [32mBuilding C object CMakeFiles/quadruped__rosidl_generator_c.dir/rosidl_generator_c/quadruped/msg/detail/leg_command__type_support.c.o[0m
[5.975s] [ 20%] [32m[1mLinking C shared library libquadruped__rosidl_generator_c.so[0m
[6.035s] [ 20%] Built target quadruped__rosidl_generator_c
[6.060s] [ 29%] [34m[1mGenerating C++ introspection for ROS interfaces[0m
[6.060s] [ 29%] [34m[1mGenerating C type support for eProsima Fast-RTPS[0m
[6.060s] [ 29%] [34m[1mGenerating C++ type support for eProsima Fast-RTPS[0m
[6.061s] [ 32%] [34m[1mGenerating C introspection for ROS interfaces[0m
[6.066s] [ 35%] [34m[1mGenerating C++ type support dispatch for ROS interfaces[0m
[6.066s] [ 38%] [34m[1mGenerating C type support dispatch for ROS interfaces[0m
[6.277s] [ 41%] [32mBuilding CXX object CMakeFiles/quadruped__rosidl_typesupport_cpp.dir/rosidl_typesupport_cpp/quadruped/msg/leg_command__type_support.cpp.o[0m
[6.283s] [ 44%] [32mBuilding CXX object CMakeFiles/quadruped__rosidl_typesupport_c.dir/rosidl_typesupport_c/quadruped/msg/leg_command__type_support.cpp.o[0m
[6.293s] [ 47%] [32mBuilding CXX object CMakeFiles/quadruped__rosidl_typesupport_introspection_cpp.dir/rosidl_typesupport_introspection_cpp/quadruped/msg/detail/leg_command__type_support.cpp.o[0m
[6.297s] [ 50%] [32mBuilding C object CMakeFiles/quadruped__rosidl_typesupport_introspection_c.dir/rosidl_typesupport_introspection_c/quadruped/msg/detail/leg_command__type_support.c.o[0m
[6.298s] [ 52%] [32mBuilding CXX object CMakeFiles/quadruped__rosidl_typesupport_fastrtps_c.dir/rosidl_typesupport_fastrtps_c/quadruped/msg/detail/leg_command__type_support_c.cpp.o[0m
[6.308s] [ 55%] [32mBuilding CXX object CMakeFiles/quadruped__rosidl_typesupport_fastrtps_cpp.dir/rosidl_typesupport_fastrtps_cpp/quadruped/msg/detail/dds_fastrtps/leg_command__type_support.cpp.o[0m
[6.325s] [ 58%] [32m[1mLinking CXX shared library libquadruped__rosidl_typesupport_c.so[0m
[6.341s] [ 61%] [32m[1mLinking C shared library libquadruped__rosidl_typesupport_introspection_c.so[0m
[6.363s] [ 61%] Built target quadruped__rosidl_typesupport_c
[6.382s] [ 61%] Built target quadruped__rosidl_typesupport_introspection_c
[6.526s] [ 64%] [32m[1mLinking CXX shared library libquadruped__rosidl_typesupport_cpp.so[0m
[6.541s] [ 67%] [32m[1mLinking CXX shared library libquadruped__rosidl_typesupport_introspection_cpp.so[0m
[6.574s] [ 67%] Built target quadruped__rosidl_typesupport_cpp
[6.599s] [ 67%] Built target quadruped__rosidl_typesupport_introspection_cpp
[6.660s] [ 70%] [32m[1mLinking CXX shared library libquadruped__rosidl_typesupport_fastrtps_c.so[0m
[6.661s] [ 73%] [32m[1mLinking CXX shared library libquadruped__rosidl_typesupport_fastrtps_cpp.so[0m
[6.726s] [ 73%] Built target quadruped__rosidl_typesupport_fastrtps_c
[6.730s] [ 73%] Built target quadruped__rosidl_typesupport_fastrtps_cpp
[6.762s] [ 73%] Built target quadruped
[6.796s] [ 76%] [34m[1mGenerating Python code for ROS interfaces[0m
[7.091s] [ 76%] Built target quadruped__py
[7.120s] [ 79%] [32mBuilding C object CMakeFiles/quadruped__rosidl_generator_py.dir/rosidl_generator_py/quadruped/msg/_leg_command_s.c.o[0m
[7.243s] [ 82%] [32m[1mLinking C shared library libquadruped__rosidl_generator_py.so[0m
[7.301s] [ 82%] Built target quadruped__rosidl_generator_py
[7.331s] [ 85%] [32mBuilding C object CMakeFiles/quadruped_s__rosidl_typesupport_c.dir/rosidl_generator_py/quadruped/_quadruped_s.ep.rosidl_typesupport_c.c.o[0m
[7.331s] [ 88%] [32mBuilding C object CMakeFiles/quadruped_s__rosidl_typesupport_introspection_c.dir/rosidl_generator_py/quadruped/_quadruped_s.ep.rosidl_typesupport_introspection_c.c.o[0m
[7.332s] [ 91%] [32mBuilding C object CMakeFiles/quadruped_s__rosidl_typesupport_fastrtps_c.dir/rosidl_generator_py/quadruped/_quadruped_s.ep.rosidl_typesupport_fastrtps_c.c.o[0m
[7.415s] [ 94%] [32m[1mLinking C shared module rosidl_generator_py/quadruped/quadruped_s__rosidl_typesupport_c.so[0m
[7.417s] [100%] [32m[1mLinking C shared module rosidl_generator_py/quadruped/quadruped_s__rosidl_typesupport_introspection_c.so[0m
[7.417s] [100%] [32m[1mLinking C shared module rosidl_generator_py/quadruped/quadruped_s__rosidl_typesupport_fastrtps_c.so[0m
[7.447s] [100%] Built target quadruped_s__rosidl_typesupport_introspection_c
[7.449s] [100%] Built target quadruped_s__rosidl_typesupport_c
[7.449s] [100%] Built target quadruped_s__rosidl_typesupport_fastrtps_c
[7.462s] Invoked command in '/home/ws/build/quadruped' returned '0': CMAKE_PREFIX_PATH=${CMAKE_PREFIX_PATH}:/opt/ros/jazzy /usr/bin/cmake --build /home/ws/build/quadruped -- -j20 -l20
[7.616s] Invoking command in '/home/ws/build/quadruped': CMAKE_PREFIX_PATH=${CMAKE_PREFIX_PATH}:/opt/ros/jazzy /usr/bin/cmake --install /home/ws/build/quadruped
[7.629s] -- Install configuration: ""
[7.629s] -- Execute custom install script
[7.630s] -- Symlinking: /home/ws/install/quadruped/share/ament_index/resource_index/rosidl_interfaces/quadruped
[7.651s] -- Symlinking: /home/ws/install/quadruped/share/quadruped/msg/LegCommand.json
[7.668s] -- Symlinking: /home/ws/install/quadruped/include/quadruped/quadruped/msg/detail/leg_command__functions.h
[7.683s] -- Symlinking: /home/ws/install/quadruped/include/quadruped/quadruped/msg/detail/leg_command__struct.h
[7.695s] -- Symlinking: /home/ws/install/quadruped/include/quadruped/quadruped/msg/detail/leg_command__type_support.h
[7.703s] -- Symlinking: /home/ws/install/quadruped/include/quadruped/quadruped/msg/leg_command.h
[7.711s] -- Symlinking: /home/ws/install/quadruped/include/quadruped/quadruped/msg/rosidl_generator_c__visibility_control.h
[7.717s] -- Symlinking: /home/ws/install/quadruped/share/quadruped/environment/library_path.sh
[7.724s] -- Symlinking: /home/ws/install/quadruped/share/quadruped/environment/library_path.dsv
[7.735s] -- Symlinking: /home/ws/install/quadruped/include/quadruped/quadruped/msg/detail/leg_command__rosidl_typesupport_fastrtps_c.h
[7.747s] -- Symlinking: /home/ws/install/quadruped/include/quadruped/quadruped/msg/rosidl_typesupport_fastrtps_c__visibility_control.h
[7.762s] -- Symlinking: /home/ws/install/quadruped/include/quadruped/quadruped/msg/detail/leg_command__builder.hpp
[7.773s] -- Symlinking: /home/ws/install/quadruped/include/quadruped/quadruped/msg/detail/leg_command__struct.hpp
[7.784s] -- Symlinking: /home/ws/install/quadruped/include/quadruped/quadruped/msg/detail/leg_command__traits.hpp
[7.799s] -- Symlinking: /home/ws/install/quadruped/include/quadruped/quadruped/msg/detail/leg_command__type_support.hpp
[7.813s] -- Symlinking: /home/ws/install/quadruped/include/quadruped/quadruped/msg/leg_command.hpp
[7.823s] -- Symlinking: /home/ws/install/quadruped/include/quadruped/quadruped/msg/rosidl_generator_cpp__visibility_control.hpp
[7.837s] -- Symlinking: /home/ws/install/quadruped/include/quadruped/quadruped/msg/detail/leg_command__rosidl_typesupport_fastrtps_cpp.hpp
[7.852s] -- Symlinking: /home/ws/install/quadruped/include/quadruped/quadruped/msg/rosidl_typesupport_fastrtps_cpp__visibility_control.h
[7.869s] -- Symlinking: /home/ws/install/quadruped/include/quadruped/quadruped/msg/detail/leg_command__rosidl_typesupport_introspection_c.h
[7.883s] -- Symlinking: /home/ws/install/quadruped/include/quadruped/quadruped/msg/rosidl_typesupport_introspection_c__visibility_control.h
[7.894s] -- Symlinking: /home/ws/install/quadruped/include/quadruped/quadruped/msg/detail/leg_command__rosidl_typesupport_introspection_cpp.hpp
[7.909s] -- Symlinking: /home/ws/install/quadruped/share/quadruped/environment/pythonpath.sh
[7.925s] -- Symlinking: /home/ws/install/quadruped/share/quadruped/environment/pythonpath.dsv
[7.944s] -- Symlinking: /home/ws/install/quadruped/lib/python3.12/site-packages/quadruped-0.0.0-py3.12.egg-info/PKG-INFO
[7.963s] -- Symlinking: /home/ws/install/quadruped/lib/python3.12/site-packages/quadruped-0.0.0-py3.12.egg-info/SOURCES.txt
[7.978s] -- Symlinking: /home/ws/install/quadruped/lib/python3.12/site-packages/quadruped-0.0.0-py3.12.egg-info/dependency_links.txt
[7.993s] -- Symlinking: /home/ws/install/quadruped/lib/python3.12/site-packages/quadruped-0.0.0-py3.12.egg-info/top_level.txt
[8.006s] -- Symlinking: /home/ws/install/quadruped/lib/python3.12/site-packages/quadruped/__init__.py
[8.022s] -- Symlinking: /home/ws/install/quadruped/lib/python3.12/site-packages/quadruped/_quadruped_s.ep.rosidl_typesupport_c.c
[8.039s] -- Symlinking: /home/ws/install/quadruped/lib/python3.12/site-packages/quadruped/_quadruped_s.ep.rosidl_typesupport_fastrtps_c.c
[8.054s] -- Symlinking: /home/ws/install/quadruped/lib/python3.12/site-packages/quadruped/_quadruped_s.ep.rosidl_typesupport_introspection_c.c
[8.068s] -- Symlinking: /home/ws/install/quadruped/lib/python3.12/site-packages/quadruped/msg/__init__.py
[8.079s] -- Symlinking: /home/ws/install/quadruped/lib/python3.12/site-packages/quadruped/msg/_leg_command.py
[8.092s] -- Symlinking: /home/ws/install/quadruped/lib/python3.12/site-packages/quadruped/msg/_leg_command_s.c
[8.105s] -- Symlinking: /home/ws/install/quadruped/lib/python3.12/site-packages/quadruped/quadruped_s__rosidl_typesupport_c.so
[8.118s] -- Symlinking: /home/ws/install/quadruped/lib/python3.12/site-packages/quadruped/quadruped_s__rosidl_typesupport_fastrtps_c.so
[8.126s] -- Symlinking: /home/ws/install/quadruped/lib/python3.12/site-packages/quadruped/quadruped_s__rosidl_typesupport_introspection_c.so
[8.142s] -- Up-to-date symlink: /home/ws/install/quadruped/lib/python3.12/site-packages/quadruped/quadruped_s__rosidl_typesupport_fastrtps_c.so
[8.143s] -- Up-to-date symlink: /home/ws/install/quadruped/lib/python3.12/site-packages/quadruped/quadruped_s__rosidl_typesupport_introspection_c.so
[8.143s] -- Up-to-date symlink: /home/ws/install/quadruped/lib/python3.12/site-packages/quadruped/quadruped_s__rosidl_typesupport_c.so
[8.144s] -- Symlinking: /home/ws/install/quadruped/share/quadruped/msg/LegCommand.idl
[8.160s] -- Symlinking: /home/ws/install/quadruped/share/quadruped/messages/LegCommand.msg
[8.174s] -- Symlinking: /home/ws/install/quadruped/lib/quadruped/template_node.py
[8.182s] -- Symlinking: /home/ws/install/quadruped/lib/quadruped/test_node.py
[8.189s] -- Symlinking: /home/ws/install/quadruped/lib/quadruped/LegController.py
[8.195s] -- Symlinking: /home/ws/install/quadruped/share/quadruped/launch/controllers.launch.py
[8.205s] -- Symlinking: /home/ws/install/quadruped/share/quadruped/launch/gazebo_sim.launch.py
[8.217s] -- Symlinking: /home/ws/install/quadruped/share/quadruped/config/bridge.yaml
[8.230s] -- Symlinking: /home/ws/install/quadruped/share/quadruped/config/initial_joint_positions.yaml
[8.248s] -- Symlinking: /home/ws/install/quadruped/share/quadruped/config/quadruped.rviz
[8.264s] -- Symlinking: /home/ws/install/quadruped/share/quadruped/config/quadruped_controllers.yaml
[8.279s] -- Symlinking: /home/ws/install/quadruped/share/quadruped/urdf/Quadruped MJB.mjb
[8.293s] -- Symlinking: /home/ws/install/quadruped/share/quadruped/urdf/QuadrupedURDF.urdf.xacro
[8.308s] -- Symlinking: /home/ws/install/quadruped/share/quadruped/urdf/meshes/Body.STL
[8.321s] -- Symlinking: /home/ws/install/quadruped/share/quadruped/urdf/meshes/Body_bin.STL
[8.338s] -- Symlinking: /home/ws/install/quadruped/share/quadruped/urdf/meshes/Front Left Shin.STL
[8.358s] -- Symlinking: /home/ws/install/quadruped/share/quadruped/urdf/meshes/Front Left Thigh.STL
[8.372s] -- Symlinking: /home/ws/install/quadruped/share/quadruped/urdf/meshes/Front Right Shin.STL
[8.386s] -- Symlinking: /home/ws/install/quadruped/share/quadruped/urdf/meshes/Front Right Thigh.STL
[8.402s] -- Symlinking: /home/ws/install/quadruped/share/quadruped/urdf/meshes/Rear Left Shin.STL
[8.420s] -- Symlinking: /home/ws/install/quadruped/share/quadruped/urdf/meshes/Rear Left Thigh.STL
[8.433s] -- Symlinking: /home/ws/install/quadruped/share/quadruped/urdf/meshes/Rear Right Shin.STL
[8.449s] -- Symlinking: /home/ws/install/quadruped/share/quadruped/urdf/meshes/Rear Right Thigh.STL
[8.465s] -- Symlinking: /home/ws/install/quadruped/share/quadruped/urdf/mjb_maker.py
[8.477s] -- Up-to-date symlink: /home/ws/install/quadruped/share/quadruped/messages/LegCommand.msg
[8.477s] -- Symlinking: /home/ws/install/quadruped/share/ament_index/resource_index/package_run_dependencies/quadruped
[8.494s] -- Symlinking: /home/ws/install/quadruped/share/ament_index/resource_index/parent_prefix_path/quadruped
[8.508s] -- Symlinking: /home/ws/install/quadruped/share/quadruped/environment/ament_prefix_path.sh
[8.521s] -- Symlinking: /home/ws/install/quadruped/share/quadruped/environment/ament_prefix_path.dsv
[8.536s] -- Symlinking: /home/ws/install/quadruped/share/quadruped/environment/path.sh
[8.556s] -- Symlinking: /home/ws/install/quadruped/share/quadruped/environment/path.dsv
[8.566s] -- Symlinking: /home/ws/install/quadruped/share/quadruped/local_setup.bash
[8.574s] -- Symlinking: /home/ws/install/quadruped/share/quadruped/local_setup.sh
[8.587s] -- Symlinking: /home/ws/install/quadruped/share/quadruped/local_setup.zsh
[8.603s] -- Symlinking: /home/ws/install/quadruped/share/quadruped/local_setup.dsv
[8.619s] -- Symlinking: /home/ws/install/quadruped/share/quadruped/package.dsv
[8.634s] -- Symlinking: /home/ws/install/quadruped/share/ament_index/resource_index/packages/quadruped
[8.653s] -- Symlinking: /home/ws/install/quadruped/share/quadruped/cmake/rosidl_cmake-extras.cmake
[8.670s] -- Symlinking: /home/ws/install/quadruped/share/quadruped/cmake/ament_cmake_export_include_directories-extras.cmake
[8.686s] -- Symlinking: /home/ws/install/quadruped/share/quadruped/cmake/ament_cmake_export_libraries-extras.cmake
[8.702s] -- Symlinking: /home/ws/install/quadruped/share/quadruped/cmake/ament_cmake_export_targets-extras.cmake
[8.716s] -- Symlinking: /home/ws/install/quadruped/share/quadruped/cmake/rosidl_cmake_export_typesupport_targets-extras.cmake
[8.730s] -- Symlinking: /home/ws/install/quadruped/share/quadruped/cmake/ament_cmake_export_dependencies-extras.cmake
[8.753s] -- Symlinking: /home/ws/install/quadruped/share/quadruped/cmake/rosidl_cmake_export_typesupport_libraries-extras.cmake
[8.770s] -- Symlinking: /home/ws/install/quadruped/share/quadruped/cmake/quadrupedConfig.cmake
[8.786s] -- Symlinking: /home/ws/install/quadruped/share/quadruped/cmake/quadrupedConfig-version.cmake
[8.800s] -- Symlinking: /home/ws/install/quadruped/share/quadruped/package.xml
[8.813s] -- Installing: /home/ws/install/quadruped/lib/libquadruped__rosidl_generator_c.so
[8.813s] -- Set non-toolchain portion of runtime path of "/home/ws/install/quadruped/lib/libquadruped__rosidl_generator_c.so" to ""
[8.813s] -- Installing: /home/ws/install/quadruped/lib/libquadruped__rosidl_typesupport_fastrtps_c.so
[8.814s] -- Set non-toolchain portion of runtime path of "/home/ws/install/quadruped/lib/libquadruped__rosidl_typesupport_fastrtps_c.so" to ""
[8.814s] -- Installing: /home/ws/install/quadruped/lib/libquadruped__rosidl_typesupport_fastrtps_cpp.so
[8.814s] -- Set non-toolchain portion of runtime path of "/home/ws/install/quadruped/lib/libquadruped__rosidl_typesupport_fastrtps_cpp.so" to ""
[8.814s] -- Installing: /home/ws/install/quadruped/lib/libquadruped__rosidl_typesupport_introspection_c.so
[8.814s] -- Set non-toolchain portion of runtime path of "/home/ws/install/quadruped/lib/libquadruped__rosidl_typesupport_introspection_c.so" to ""
[8.814s] -- Installing: /home/ws/install/quadruped/lib/libquadruped__rosidl_typesupport_c.so
[8.815s] -- Set non-toolchain portion of runtime path of "/home/ws/install/quadruped/lib/libquadruped__rosidl_typesupport_c.so" to ""
[8.815s] -- Installing: /home/ws/install/quadruped/lib/libquadruped__rosidl_typesupport_introspection_cpp.so
[8.815s] -- Set non-toolchain portion of runtime path of "/home/ws/install/quadruped/lib/libquadruped__rosidl_typesupport_introspection_cpp.so" to ""
[8.815s] -- Installing: /home/ws/install/quadruped/lib/libquadruped__rosidl_typesupport_cpp.so
[8.815s] -- Set non-toolchain portion of runtime path of "/home/ws/install/quadruped/lib/libquadruped__rosidl_typesupport_cpp.so" to ""
[8.857s] Listing '/home/ws/install/quadruped/lib/python3.12/site-packages/quadruped'...
[8.857s] Compiling '/home/ws/install/quadruped/lib/python3.12/site-packages/quadruped/__init__.py'...
[8.857s] Listing '/home/ws/install/quadruped/lib/python3.12/site-packages/quadruped/msg'...
[8.857s] Compiling '/home/ws/install/quadruped/lib/python3.12/site-packages/quadruped/msg/__init__.py'...
[8.857s] Compiling '/home/ws/install/quadruped/lib/python3.12/site-packages/quadruped/msg/_leg_command.py'...
[8.861s] -- Installing: /home/ws/install/quadruped/lib/libquadruped__rosidl_generator_py.so
[8.861s] -- Set non-toolchain portion of runtime path of "/home/ws/install/quadruped/lib/libquadruped__rosidl_generator_py.so" to ""
[8.861s] -- Installing: /home/ws/install/quadruped/share/quadruped/cmake/export_quadruped__rosidl_generator_cExport.cmake
[8.861s] -- Installing: /home/ws/install/quadruped/share/quadruped/cmake/export_quadruped__rosidl_generator_cExport-noconfig.cmake
[8.861s] -- Installing: /home/ws/install/quadruped/share/quadruped/cmake/export_quadruped__rosidl_typesupport_fastrtps_cExport.cmake
[8.861s] -- Installing: /home/ws/install/quadruped/share/quadruped/cmake/export_quadruped__rosidl_typesupport_fastrtps_cExport-noconfig.cmake
[8.861s] -- Installing: /home/ws/install/quadruped/share/quadruped/cmake/export_quadruped__rosidl_generator_cppExport.cmake
[8.861s] -- Installing: /home/ws/install/quadruped/share/quadruped/cmake/export_quadruped__rosidl_typesupport_fastrtps_cppExport.cmake
[8.861s] -- Installing: /home/ws/install/quadruped/share/quadruped/cmake/export_quadruped__rosidl_typesupport_fastrtps_cppExport-noconfig.cmake
[8.861s] -- Installing: /home/ws/install/quadruped/share/quadruped/cmake/quadruped__rosidl_typesupport_introspection_cExport.cmake
[8.861s] -- Installing: /home/ws/install/quadruped/share/quadruped/cmake/quadruped__rosidl_typesupport_introspection_cExport-noconfig.cmake
[8.861s] -- Installing: /home/ws/install/quadruped/share/quadruped/cmake/quadruped__rosidl_typesupport_cExport.cmake
[8.861s] -- Installing: /home/ws/install/quadruped/share/quadruped/cmake/quadruped__rosidl_typesupport_cExport-noconfig.cmake
[8.861s] -- Installing: /home/ws/install/quadruped/share/quadruped/cmake/quadruped__rosidl_typesupport_introspection_cppExport.cmake
[8.861s] -- Installing: /home/ws/install/quadruped/share/quadruped/cmake/quadruped__rosidl_typesupport_introspection_cppExport-noconfig.cmake
[8.862s] -- Installing: /home/ws/install/quadruped/share/quadruped/cmake/quadruped__rosidl_typesupport_cppExport.cmake
[8.862s] -- Installing: /home/ws/install/quadruped/share/quadruped/cmake/quadruped__rosidl_typesupport_cppExport-noconfig.cmake
[8.862s] -- Installing: /home/ws/install/quadruped/share/quadruped/cmake/export_quadruped__rosidl_generator_pyExport.cmake
[8.862s] -- Installing: /home/ws/install/quadruped/share/quadruped/cmake/export_quadruped__rosidl_generator_pyExport-noconfig.cmake
[8.864s] Invoked command in '/home/ws/build/quadruped' returned '0': CMAKE_PREFIX_PATH=${CMAKE_PREFIX_PATH}:/opt/ros/jazzy /usr/bin/cmake --install /home/ws/build/quadruped
