[0.017s] Invoking command in '/home/ws/src/quadruped/build/quadruped': CMAKE_PREFIX_PATH=${CMAKE_PREFIX_PATH}:/opt/ros/jazzy /usr/bin/cmake --build /home/ws/src/quadruped/build/quadruped -- -j20 -l20
[0.069s] -- Found ament_cmake: 2.5.2 (/opt/ros/jazzy/share/ament_cmake/cmake)
[0.636s] -- Override CMake install command with custom implementation using symlinks instead of copying resources
[0.645s] -- Found rclpy: 7.1.2 (/opt/ros/jazzy/share/rclpy/cmake)
[0.645s] -- Found rclcpp: 28.1.5 (/opt/ros/jazzy/share/rclcpp/cmake)
[0.692s] -- Found rosidl_generator_c: 4.6.4 (/opt/ros/jazzy/share/rosidl_generator_c/cmake)
[0.703s] -- Found rosidl_generator_cpp: 4.6.4 (/opt/ros/jazzy/share/rosidl_generator_cpp/cmake)
[0.718s] -- Using all available rosidl_typesupport_c: rosidl_typesupport_fastrtps_c;rosidl_typesupport_introspection_c
[0.735s] -- Using all available rosidl_typesupport_cpp: rosidl_typesupport_fastrtps_cpp;rosidl_typesupport_introspection_cpp
[0.815s] -- Found rmw_implementation_cmake: 7.3.1 (/opt/ros/jazzy/share/rmw_implementation_cmake/cmake)
[0.817s] -- Found rmw_fastrtps_cpp: 8.4.1 (/opt/ros/jazzy/share/rmw_fastrtps_cpp/cmake)
[0.943s] -- Using RMW implementation 'rmw_fastrtps_cpp' as default
[1.073s] -- Found hardware_interface: 4.17.0 (/opt/ros/jazzy/share/hardware_interface/cmake)
[1.352s] -- Found controller_manager: 4.17.0 (/opt/ros/jazzy/share/controller_manager/cmake)
[1.436s] -- Found ros2_control: 4.17.0 (/opt/ros/jazzy/share/ros2_control/cmake)
[1.437s] -- Found rviz2: 14.1.5 (/opt/ros/jazzy/share/rviz2/cmake)
[1.450s] [31mCMake Error at /opt/ros/jazzy/share/pluginlib/cmake/pluginlib_export_plugin_description_file.cmake:84 (message):
[1.450s]   Given plugin description file
[1.450s]   '/home/ws/src/quadruped/QuadrupedHardwareInterface.xml' does not exist
[1.450s] Call Stack (most recent call first):
[1.451s]   CMakeLists.txt:98 (pluginlib_export_plugin_description_file)
[1.451s] 
[1.451s] [0m
[1.451s] -- Configuring incomplete, errors occurred!
[1.458s] gmake: *** [Makefile:267: cmake_check_build_system] Error 1
[1.461s] Invoked command in '/home/ws/src/quadruped/build/quadruped' returned '2': CMAKE_PREFIX_PATH=${CMAKE_PREFIX_PATH}:/opt/ros/jazzy /usr/bin/cmake --build /home/ws/src/quadruped/build/quadruped -- -j20 -l20
