[1.543s] Invoking command in '/home/ws/build/quadruped_controllers': PYTHONPATH=/home/ws/build/quadruped_controllers/prefix_override:/usr/lib/python3/dist-packages/colcon_core/task/python/colcon_distutils_commands:/home/ws/install/quadruped_controllers/lib/python3.12/site-packages:${PYTHONPATH} /usr/bin/python3 -W ignore:setup.py install is deprecated setup.py develop --editable --build-directory /home/ws/build/quadruped_controllers/build --no-deps symlink_data
[1.924s] running develop
[1.925s] /usr/lib/python3/dist-packages/setuptools/command/develop.py:40: EasyInstallDeprecationWarning: easy_install command is deprecated.
[1.925s] !!
[1.925s] 
[1.925s]         ********************************************************************************
[1.926s]         Please avoid running ``setup.py`` and ``easy_install``.
[1.926s]         Instead, use pypa/build, pypa/installer or other
[1.926s]         standards-based tools.
[1.926s] 
[1.926s]         See https://github.com/pypa/setuptools/issues/917 for details.
[1.927s]         ********************************************************************************
[1.927s] 
[1.927s] !!
[1.927s]   easy_install.initialize_options(self)
[2.094s] running egg_info
[2.110s] writing quadruped_controllers.egg-info/PKG-INFO
[2.111s] writing dependency_links to quadruped_controllers.egg-info/dependency_links.txt
[2.111s] writing requirements to quadruped_controllers.egg-info/requires.txt
[2.111s] writing top-level names to quadruped_controllers.egg-info/top_level.txt
[2.145s] reading manifest file 'quadruped_controllers.egg-info/SOURCES.txt'
[2.146s] writing manifest file 'quadruped_controllers.egg-info/SOURCES.txt'
[2.163s] running build_ext
[2.164s] Creating /home/ws/install/quadruped_controllers/lib/python3.12/site-packages/quadruped-controllers.egg-link (link to .)
[2.164s] 
[2.164s] Installed /home/ws/build/quadruped_controllers
[2.164s] running symlink_data
[2.224s] Invoked command in '/home/ws/build/quadruped_controllers' returned '0': PYTHONPATH=/home/ws/build/quadruped_controllers/prefix_override:/usr/lib/python3/dist-packages/colcon_core/task/python/colcon_distutils_commands:/home/ws/install/quadruped_controllers/lib/python3.12/site-packages:${PYTHONPATH} /usr/bin/python3 -W ignore:setup.py install is deprecated setup.py develop --editable --build-directory /home/ws/build/quadruped_controllers/build --no-deps symlink_data
