[0.009s] Invoking command in '/home/ws/build/quadruped': CMAKE_PREFIX_PATH=${CMAKE_PREFIX_PATH}:/opt/ros/jazzy /usr/bin/cmake --build /home/ws/build/quadruped -- -j20 -l20
[0.053s] -- Found ament_cmake: 2.5.2 (/opt/ros/jazzy/share/ament_cmake/cmake)
[0.072s] -- Found Python3: /usr/bin/python3 (found version "3.12.3") found components: Interpreter 
[0.127s] -- Override CMake install command with custom implementation using symlinks instead of copying resources
[0.133s] -- Found rclcpp: 28.1.5 (/opt/ros/jazzy/share/rclcpp/cmake)
[0.152s] -- Found rosidl_generator_c: 4.6.4 (/opt/ros/jazzy/share/rosidl_generator_c/cmake)
[0.158s] -- Found rosidl_generator_cpp: 4.6.4 (/opt/ros/jazzy/share/rosidl_generator_cpp/cmake)
[0.166s] -- Using all available rosidl_typesupport_c: rosidl_typesupport_fastrtps_c;rosidl_typesupport_introspection_c
[0.176s] -- Using all available rosidl_typesupport_cpp: rosidl_typesupport_fastrtps_cpp;rosidl_typesupport_introspection_cpp
[0.221s] -- Found rmw_implementation_cmake: 7.3.1 (/opt/ros/jazzy/share/rmw_implementation_cmake/cmake)
[0.222s] -- Found rmw_fastrtps_cpp: 8.4.1 (/opt/ros/jazzy/share/rmw_fastrtps_cpp/cmake)
[0.287s] -- Using RMW implementation 'rmw_fastrtps_cpp' as default
[0.336s] -- Found hardware_interface: 4.18.0 (/opt/ros/jazzy/share/hardware_interface/cmake)
[0.490s] -- Found controller_manager: 4.18.0 (/opt/ros/jazzy/share/controller_manager/cmake)
[0.538s] -- Found ros2_control: 4.18.0 (/opt/ros/jazzy/share/ros2_control/cmake)
[0.538s] -- Found ros_gz_sim: 1.0.5 (/opt/ros/jazzy/share/ros_gz_sim/cmake)
[0.539s] -- Looking for gz-sim8 -- found version 8.6.0
[0.543s] -- Searching for dependencies of gz-sim8
[0.543s] -- Looking for sdformat14 -- found version 14.5.0
[0.544s] -- Searching for dependencies of sdformat14
[0.549s] -- Checking for module 'tinyxml2'
[0.563s] --   Found tinyxml2, version 10.0.0
[0.609s] -- Looking for gz-math7 -- found version 7.5.0
[0.610s] -- Searching for dependencies of gz-math7
[0.610s] -- Looking for gz-utils2 -- found version 2.2.0
[0.611s] -- Searching for dependencies of gz-utils2
[0.613s] -- Looking for gz-utils2 -- found version 2.2.0
[0.614s] -- Searching for dependencies of gz-utils2
[0.614s] -- Searching for <gz-utils2> component [cli]
[0.615s] -- Looking for gz-utils2-cli -- found version 2.2.0
[0.615s] -- Searching for dependencies of gz-utils2-cli
[0.618s] -- Looking for gz-plugin2 -- found version 2.0.3
[0.618s] -- Searching for dependencies of gz-plugin2
[0.619s] -- Looking for gz-utils2 -- found version 2.2.0
[0.620s] -- Searching for <gz-plugin2> component [loader]
[0.620s] -- Looking for gz-plugin2-loader -- found version 2.0.3
[0.620s] -- Searching for dependencies of gz-plugin2-loader
[0.621s] -- Searching for <gz-plugin2> component [register]
[0.622s] -- Looking for gz-plugin2-register -- found version 2.0.3
[0.622s] -- Searching for dependencies of gz-plugin2-register
[0.624s] -- Looking for gz-transport13 -- found version 13.4.0
[0.624s] -- Searching for dependencies of gz-transport13
[0.673s] -- Config-file not installed for ZeroMQ -- checking for pkg-config
[0.677s] -- Checking for module 'libzmq >= 4'
[0.691s] --   Found libzmq, version 4.3.5
[0.757s] -- Checking for module 'uuid'
[0.797s] --   Found uuid, version 2.39.3
[0.876s] -- Looking for gz-utils2 -- found version 2.2.0
[0.877s] -- Looking for gz-msgs10 -- found version 10.3.0
[0.877s] -- Searching for dependencies of gz-msgs10
[0.897s] -- Looking for gz-utils2 -- found version 2.2.0
[0.897s] -- Looking for gz-math7 -- found version 7.5.0
[0.935s] -- Searching for <gz-transport13> component [log]
[0.935s] -- Looking for gz-transport13-log -- found version 13.4.0
[0.935s] -- Searching for dependencies of gz-transport13-log
[0.936s] -- Searching for <gz-transport13> component [parameters]
[0.936s] -- Looking for gz-transport13-parameters -- found version 13.4.0
[0.936s] -- Searching for dependencies of gz-transport13-parameters
[0.937s] -- Looking for gz-msgs10 -- found version 10.3.0
[0.937s] -- Looking for gz-common5 -- found version 5.6.0
[0.938s] -- Searching for dependencies of gz-common5
[0.938s] -- Looking for gz-utils2 -- found version 2.2.0
[0.938s] -- Looking for dlfcn.h - found
[0.938s] -- Looking for libdl - found
[0.946s] -- Searching for <gz-common5> component [av]
[0.947s] -- Looking for gz-common5-av -- found version 5.6.0
[0.947s] -- Searching for dependencies of gz-common5-av
[0.955s] -- Checking for module 'libswscale'
[0.979s] --   Found libswscale, version 7.5.100
[1.045s] -- Checking for module 'libavdevice >= 56.4.100'
[1.068s] --   Found libavdevice, version 60.3.100
[1.152s] -- Checking for module 'libavformat'
[1.175s] --   Found libavformat, version 60.16.100
[1.248s] -- Checking for module 'libavcodec'
[1.273s] --   Found libavcodec, version 60.31.102
[1.344s] -- Checking for module 'libavutil'
[1.367s] --   Found libavutil, version 58.29.100
[1.417s] -- Searching for <gz-common5> component [events]
[1.418s] -- Looking for gz-common5-events -- found version 5.6.0
[1.418s] -- Searching for dependencies of gz-common5-events
[1.419s] -- Looking for gz-math7 -- found version 7.5.0
[1.420s] -- Searching for <gz-common5> component [graphics]
[1.421s] -- Looking for gz-common5-graphics -- found version 5.6.0
[1.421s] -- Searching for dependencies of gz-common5-graphics
[1.422s] -- Looking for gz-math7 -- found version 7.5.0
[1.427s] -- Searching for <gz-common5> component [io]
[1.427s] -- Looking for gz-common5-io -- found version 5.6.0
[1.428s] -- Searching for dependencies of gz-common5-io
[1.429s] -- Searching for <gz-common5> component [profiler]
[1.429s] -- Looking for gz-common5-profiler -- found version 5.6.0
[1.430s] -- Searching for dependencies of gz-common5-profiler
[1.431s] -- Looking for gz-fuel_tools9 -- found version 9.1.0
[1.431s] -- Searching for dependencies of gz-fuel_tools9
[1.492s] -- Checking for module 'jsoncpp'
[1.511s] --   Found jsoncpp, version 1.9.5
[1.566s] -- Checking for module 'yaml-0.1'
[1.587s] --   Found yaml-0.1, version 0.2.5
[1.654s] -- Checking for module 'libzip'
[1.678s] --   Found libzip, version 1.7.3
[1.735s] -- Looking for gz-utils2 -- found version 2.2.0
[1.736s] -- Looking for gz-common5 -- found version 5.6.0
[1.736s] -- Searching for dependencies of gz-common5
[1.737s] -- Looking for gz-utils2 -- found version 2.2.0
[1.737s] -- Looking for dlfcn.h - found
[1.737s] -- Looking for libdl - found
[1.750s] -- Searching for <gz-common5> component [testing]
[1.751s] -- Looking for gz-common5-testing -- found version 5.6.0
[1.751s] -- Searching for dependencies of gz-common5-testing
[1.752s] -- Looking for gz-math7 -- found version 7.5.0
[1.753s] -- Looking for gz-msgs10 -- found version 10.3.0
[1.755s] -- Looking for gz-gui8 -- found version 8.3.0
[1.755s] -- Searching for dependencies of gz-gui8
[1.784s] -- Looking for gz-utils2 -- found version 2.2.0
[1.784s] -- Looking for gz-math7 -- found version 7.5.0
[1.785s] -- Looking for gz-common5 -- found version 5.6.0
[1.785s] -- Looking for gz-plugin2 -- found version 2.0.3
[1.785s] -- Looking for gz-transport13 -- found version 13.4.0
[1.786s] -- Looking for gz-rendering8 -- found version 8.2.0
[1.786s] -- Searching for dependencies of gz-rendering8
[1.786s] -- Looking for gz-math7 -- found version 7.5.0
[1.786s] -- Searching for dependencies of gz-math7
[1.787s] -- Looking for gz-utils2 -- found version 2.2.0
[1.787s] -- Searching for <gz-math7> component [eigen3]
[1.787s] -- Looking for gz-math7-eigen3 -- found version 7.5.0
[1.787s] -- Searching for dependencies of gz-math7-eigen3
[1.788s] -- Looking for gz-common5 -- found version 5.6.0
[1.788s] -- Searching for dependencies of gz-common5
[1.789s] -- Looking for gz-utils2 -- found version 2.2.0
[1.789s] -- Looking for dlfcn.h - found
[1.789s] -- Looking for libdl - found
[1.796s] -- Searching for <gz-common5> component [graphics]
[1.796s] -- Searching for <gz-common5> component [events]
[1.796s] -- Searching for <gz-common5> component [geospatial]
[1.797s] -- Looking for gz-common5-geospatial -- found version 5.6.0
[1.797s] -- Searching for dependencies of gz-common5-geospatial
[1.797s] -- Looking for gz-math7 -- found version 7.5.0
[1.797s] -- Looking for gz-common5 -- found version 5.6.0
[1.798s] -- Looking for gz-plugin2 -- found version 2.0.3
[1.798s] -- Searching for dependencies of gz-plugin2
[1.799s] -- Looking for gz-utils2 -- found version 2.2.0
[1.799s] -- Searching for <gz-plugin2> component [all]
[1.799s] -- Looking for all libraries of gz-plugin2 -- found version 2.0.3
[1.800s] -- Looking for gz-plugin2 -- found version 2.0.3
[1.801s] -- Looking for gz-utils2 -- found version 2.2.0
[1.805s] -- Looking for gz-msgs10 -- found version 10.3.0
[1.820s] -- Looking for gz-physics7 -- found version 7.3.0
[1.820s] -- Searching for dependencies of gz-physics7
[1.820s] -- Looking for gz-common5 -- found version 5.6.0
[1.821s] -- Looking for gz-math7 -- found version 7.5.0
[1.821s] -- Looking for gz-plugin2 -- found version 2.0.3
[1.821s] -- Looking for gz-utils2 -- found version 2.2.0
[1.822s] -- Searching for <gz-physics7> component [heightmap]
[1.822s] -- Looking for gz-physics7-heightmap -- found version 7.3.0
[1.823s] -- Searching for dependencies of gz-physics7-heightmap
[1.823s] -- Looking for gz-common5 -- found version 5.6.0
[1.823s] -- Searching for <gz-physics7> component [mesh]
[1.823s] -- Looking for gz-physics7-mesh -- found version 7.3.0
[1.824s] -- Searching for dependencies of gz-physics7-mesh
[1.824s] -- Looking for gz-common5 -- found version 5.6.0
[1.824s] -- Searching for <gz-physics7> component [sdf]
[1.824s] -- Looking for gz-physics7-sdf -- found version 7.3.0
[1.825s] -- Searching for dependencies of gz-physics7-sdf
[1.825s] -- Looking for sdformat14 -- found version 14.5.0
[1.826s] -- Looking for gz-sensors8 -- found version 8.2.0
[1.826s] -- Searching for dependencies of gz-sensors8
[1.842s] -- Looking for gz-math7 -- found version 7.5.0
[1.842s] -- Looking for gz-common5 -- found version 5.6.0
[1.843s] -- Looking for gz-transport13 -- found version 13.4.0
[1.843s] -- Looking for gz-rendering8 -- found version 8.2.0
[1.843s] -- Looking for gz-msgs10 -- found version 10.3.0
[1.843s] -- Looking for sdformat14 -- found version 14.5.0
[1.844s] -- Searching for <gz-sensors8> component [air_pressure]
[1.844s] -- Looking for gz-sensors8-air_pressure -- found version 8.2.0
[1.844s] -- Searching for dependencies of gz-sensors8-air_pressure
[1.844s] -- Searching for <gz-sensors8> component [air_speed]
[1.845s] -- Looking for gz-sensors8-air_speed -- found version 8.2.0
[1.845s] -- Searching for dependencies of gz-sensors8-air_speed
[1.845s] -- Searching for <gz-sensors8> component [altimeter]
[1.845s] -- Looking for gz-sensors8-altimeter -- found version 8.2.0
[1.846s] -- Searching for dependencies of gz-sensors8-altimeter
[1.846s] -- Searching for <gz-sensors8> component [imu]
[1.846s] -- Looking for gz-sensors8-imu -- found version 8.2.0
[1.846s] -- Searching for dependencies of gz-sensors8-imu
[1.847s] -- Searching for <gz-sensors8> component [force_torque]
[1.847s] -- Looking for gz-sensors8-force_torque -- found version 8.2.0
[1.847s] -- Searching for dependencies of gz-sensors8-force_torque
[1.847s] -- Searching for <gz-sensors8> component [logical_camera]
[1.848s] -- Looking for gz-sensors8-logical_camera -- found version 8.2.0
[1.848s] -- Searching for dependencies of gz-sensors8-logical_camera
[1.848s] -- Searching for <gz-sensors8> component [magnetometer]
[1.848s] -- Looking for gz-sensors8-magnetometer -- found version 8.2.0
[1.848s] -- Searching for dependencies of gz-sensors8-magnetometer
[1.849s] -- Searching for <gz-sensors8> component [navsat]
[1.849s] -- Looking for gz-sensors8-navsat -- found version 8.2.0
[1.849s] -- Searching for dependencies of gz-sensors8-navsat
[1.849s] -- Searching for <gz-sensors8> component [dvl]
[1.850s] -- Looking for gz-sensors8-dvl -- found version 8.2.0
[1.850s] -- Searching for dependencies of gz-sensors8-dvl
[1.850s] -- Looking for gz-sensors8 -- found version 8.2.0
[1.850s] -- Searching for dependencies of gz-sensors8
[1.868s] -- Looking for gz-math7 -- found version 7.5.0
[1.868s] -- Looking for gz-common5 -- found version 5.6.0
[1.868s] -- Looking for gz-transport13 -- found version 13.4.0
[1.868s] -- Looking for gz-rendering8 -- found version 8.2.0
[1.869s] -- Looking for gz-msgs10 -- found version 10.3.0
[1.870s] -- Looking for sdformat14 -- found version 14.5.0
[1.870s] -- Searching for <gz-sensors8> component [rendering]
[1.870s] -- Looking for gz-sensors8-rendering -- found version 8.2.0
[1.871s] -- Searching for dependencies of gz-sensors8-rendering
[1.872s] -- Searching for <gz-sensors8> component [rendering]
[1.873s] -- Searching for <gz-sensors8> component [lidar]
[1.875s] -- Looking for gz-sensors8-lidar -- found version 8.2.0
[1.875s] -- Searching for dependencies of gz-sensors8-lidar
[1.876s] -- Looking for gz-sensors8 -- found version 8.2.0
[1.876s] -- Searching for <gz-sensors8> component [gpu_lidar]
[1.877s] -- Looking for gz-sensors8-gpu_lidar -- found version 8.2.0
[1.877s] -- Searching for dependencies of gz-sensors8-gpu_lidar
[1.878s] -- Looking for gz-sensors8 -- found version 8.2.0
[1.878s] -- Searching for <gz-sensors8> component [camera]
[1.879s] -- Looking for gz-sensors8-camera -- found version 8.2.0
[1.879s] -- Searching for dependencies of gz-sensors8-camera
[1.880s] -- Looking for gz-sensors8 -- found version 8.2.0
[1.880s] -- Searching for <gz-sensors8> component [boundingbox_camera]
[1.881s] -- Looking for gz-sensors8-boundingbox_camera -- found version 8.2.0
[1.881s] -- Searching for dependencies of gz-sensors8-boundingbox_camera
[1.882s] -- Searching for <gz-sensors8> component [segmentation_camera]
[1.882s] -- Looking for gz-sensors8-segmentation_camera -- found version 8.2.0
[1.882s] -- Searching for dependencies of gz-sensors8-segmentation_camera
[1.883s] -- Searching for <gz-sensors8> component [depth_camera]
[1.884s] -- Looking for gz-sensors8-depth_camera -- found version 8.2.0
[1.884s] -- Searching for dependencies of gz-sensors8-depth_camera
[1.884s] -- Looking for gz-sensors8 -- found version 8.2.0
[1.885s] -- Searching for <gz-sensors8> component [rgbd_camera]
[1.886s] -- Looking for gz-sensors8-rgbd_camera -- found version 8.2.0
[1.886s] -- Searching for dependencies of gz-sensors8-rgbd_camera
[1.886s] -- Looking for gz-sensors8 -- found version 8.2.0
[1.887s] -- Searching for <gz-sensors8> component [thermal_camera]
[1.887s] -- Looking for gz-sensors8-thermal_camera -- found version 8.2.0
[1.888s] -- Searching for dependencies of gz-sensors8-thermal_camera
[1.888s] -- Looking for gz-sensors8 -- found version 8.2.0
[1.889s] -- Searching for <gz-sensors8> component [wide_angle_camera]
[1.889s] -- Looking for gz-sensors8-wide_angle_camera -- found version 8.2.0
[1.890s] -- Searching for dependencies of gz-sensors8-wide_angle_camera
[1.891s] -- Looking for gz-rendering8 -- found version 8.2.0
[1.891s] -- Looking for gz-math7 -- found version 7.5.0
[1.892s] -- Looking for gz-utils2 -- found version 2.2.0
[1.916s] -- Looking for gz-plugin2 -- found version 2.0.3
[1.917s] -- Found rosidl_default_generators: 1.6.0 (/opt/ros/jazzy/share/rosidl_default_generators/cmake)
[1.928s] -- Found rosidl_adapter: 4.6.4 (/opt/ros/jazzy/share/rosidl_adapter/cmake)
[2.127s] -- Found ament_cmake_ros: 0.12.0 (/opt/ros/jazzy/share/ament_cmake_ros/cmake)
[2.275s] -- Using all available rosidl_typesupport_c: rosidl_typesupport_fastrtps_c;rosidl_typesupport_introspection_c
[2.328s] -- Using all available rosidl_typesupport_cpp: rosidl_typesupport_fastrtps_cpp;rosidl_typesupport_introspection_cpp
[2.330s] -- Found python_cmake_module: 0.11.1 (/opt/ros/jazzy/share/python_cmake_module/cmake)
[2.552s] -- Found Python3: /usr/bin/python3 (found version "3.12.3") found components: Interpreter Development NumPy Development.Module Development.Embed 
[2.567s] -- Configuring done (2.5s)
[2.588s] -- Generating done (0.0s)
[2.591s] -- Build files have been written to: /home/ws/build/quadruped
[2.639s] [  2%] Built target quadruped__rosidl_generator_type_description
[2.643s] [  2%] Built target ament_cmake_python_symlink_quadruped
[2.671s] [  5%] Built target quadruped__cpp
[2.672s] [ 20%] Built target quadruped__rosidl_generator_c
[2.698s] [ 29%] Built target quadruped__rosidl_typesupport_introspection_c
[2.700s] [ 38%] Built target quadruped__rosidl_typesupport_fastrtps_cpp
[2.701s] [ 47%] Built target quadruped__rosidl_typesupport_c
[2.702s] [ 55%] Built target quadruped__rosidl_typesupport_introspection_cpp
[2.704s] [ 64%] Built target quadruped__rosidl_typesupport_cpp
[2.708s] [ 73%] Built target quadruped__rosidl_typesupport_fastrtps_c
[2.731s] [ 73%] Built target quadruped
[2.750s] [ 76%] Built target quadruped__py
[2.770s] [ 82%] Built target quadruped__rosidl_generator_py
[2.790s] [ 88%] Built target quadruped_s__rosidl_typesupport_introspection_c
[2.793s] [ 94%] Built target quadruped_s__rosidl_typesupport_fastrtps_c
[2.795s] running egg_info
[2.798s] [100%] Built target quadruped_s__rosidl_typesupport_c
[2.804s] writing quadruped.egg-info/PKG-INFO
[2.804s] writing dependency_links to quadruped.egg-info/dependency_links.txt
[2.804s] writing top-level names to quadruped.egg-info/top_level.txt
[2.832s] reading manifest file 'quadruped.egg-info/SOURCES.txt'
[2.832s] writing manifest file 'quadruped.egg-info/SOURCES.txt'
[2.856s] [100%] Built target ament_cmake_python_build_quadruped_egg
[2.865s] Invoked command in '/home/ws/build/quadruped' returned '0': CMAKE_PREFIX_PATH=${CMAKE_PREFIX_PATH}:/opt/ros/jazzy /usr/bin/cmake --build /home/ws/build/quadruped -- -j20 -l20
[2.977s] Invoking command in '/home/ws/build/quadruped': CMAKE_PREFIX_PATH=${CMAKE_PREFIX_PATH}:/opt/ros/jazzy /usr/bin/cmake --install /home/ws/build/quadruped
[2.991s] -- Install configuration: ""
[2.991s] -- Execute custom install script
[2.991s] -- Up-to-date symlink: /home/ws/install/quadruped/share/ament_index/resource_index/rosidl_interfaces/quadruped
[2.991s] -- Up-to-date symlink: /home/ws/install/quadruped/share/quadruped/msg/LegCommand.json
[2.992s] -- Up-to-date symlink: /home/ws/install/quadruped/include/quadruped/quadruped/msg/detail/leg_command__functions.h
[2.992s] -- Up-to-date symlink: /home/ws/install/quadruped/include/quadruped/quadruped/msg/detail/leg_command__struct.h
[2.992s] -- Up-to-date symlink: /home/ws/install/quadruped/include/quadruped/quadruped/msg/detail/leg_command__type_support.h
[2.992s] -- Up-to-date symlink: /home/ws/install/quadruped/include/quadruped/quadruped/msg/leg_command.h
[2.992s] -- Up-to-date symlink: /home/ws/install/quadruped/include/quadruped/quadruped/msg/rosidl_generator_c__visibility_control.h
[2.992s] -- Up-to-date symlink: /home/ws/install/quadruped/share/quadruped/environment/library_path.sh
[2.992s] -- Up-to-date symlink: /home/ws/install/quadruped/share/quadruped/environment/library_path.dsv
[2.992s] -- Up-to-date symlink: /home/ws/install/quadruped/include/quadruped/quadruped/msg/detail/leg_command__rosidl_typesupport_fastrtps_c.h
[2.993s] -- Up-to-date symlink: /home/ws/install/quadruped/include/quadruped/quadruped/msg/rosidl_typesupport_fastrtps_c__visibility_control.h
[2.993s] -- Up-to-date symlink: /home/ws/install/quadruped/include/quadruped/quadruped/msg/detail/leg_command__builder.hpp
[2.993s] -- Up-to-date symlink: /home/ws/install/quadruped/include/quadruped/quadruped/msg/detail/leg_command__struct.hpp
[2.993s] -- Up-to-date symlink: /home/ws/install/quadruped/include/quadruped/quadruped/msg/detail/leg_command__traits.hpp
[2.993s] -- Up-to-date symlink: /home/ws/install/quadruped/include/quadruped/quadruped/msg/detail/leg_command__type_support.hpp
[2.993s] -- Up-to-date symlink: /home/ws/install/quadruped/include/quadruped/quadruped/msg/leg_command.hpp
[2.993s] -- Up-to-date symlink: /home/ws/install/quadruped/include/quadruped/quadruped/msg/rosidl_generator_cpp__visibility_control.hpp
[2.993s] -- Up-to-date symlink: /home/ws/install/quadruped/include/quadruped/quadruped/msg/detail/leg_command__rosidl_typesupport_fastrtps_cpp.hpp
[2.994s] -- Up-to-date symlink: /home/ws/install/quadruped/include/quadruped/quadruped/msg/rosidl_typesupport_fastrtps_cpp__visibility_control.h
[2.994s] -- Up-to-date symlink: /home/ws/install/quadruped/include/quadruped/quadruped/msg/detail/leg_command__rosidl_typesupport_introspection_c.h
[2.994s] -- Up-to-date symlink: /home/ws/install/quadruped/include/quadruped/quadruped/msg/rosidl_typesupport_introspection_c__visibility_control.h
[2.994s] -- Up-to-date symlink: /home/ws/install/quadruped/include/quadruped/quadruped/msg/detail/leg_command__rosidl_typesupport_introspection_cpp.hpp
[2.994s] -- Up-to-date symlink: /home/ws/install/quadruped/share/quadruped/environment/pythonpath.sh
[2.994s] -- Up-to-date symlink: /home/ws/install/quadruped/share/quadruped/environment/pythonpath.dsv
[2.995s] -- Up-to-date symlink: /home/ws/install/quadruped/lib/python3.12/site-packages/quadruped-0.0.0-py3.12.egg-info/PKG-INFO
[2.995s] -- Up-to-date symlink: /home/ws/install/quadruped/lib/python3.12/site-packages/quadruped-0.0.0-py3.12.egg-info/SOURCES.txt
[2.995s] -- Up-to-date symlink: /home/ws/install/quadruped/lib/python3.12/site-packages/quadruped-0.0.0-py3.12.egg-info/dependency_links.txt
[2.995s] -- Up-to-date symlink: /home/ws/install/quadruped/lib/python3.12/site-packages/quadruped-0.0.0-py3.12.egg-info/top_level.txt
[2.995s] -- Up-to-date symlink: /home/ws/install/quadruped/lib/python3.12/site-packages/quadruped/__init__.py
[2.996s] -- Up-to-date symlink: /home/ws/install/quadruped/lib/python3.12/site-packages/quadruped/_quadruped_s.ep.rosidl_typesupport_c.c
[2.996s] -- Up-to-date symlink: /home/ws/install/quadruped/lib/python3.12/site-packages/quadruped/_quadruped_s.ep.rosidl_typesupport_fastrtps_c.c
[2.996s] -- Up-to-date symlink: /home/ws/install/quadruped/lib/python3.12/site-packages/quadruped/_quadruped_s.ep.rosidl_typesupport_introspection_c.c
[2.996s] -- Up-to-date symlink: /home/ws/install/quadruped/lib/python3.12/site-packages/quadruped/msg/__init__.py
[2.996s] -- Up-to-date symlink: /home/ws/install/quadruped/lib/python3.12/site-packages/quadruped/msg/_leg_command.py
[2.996s] -- Up-to-date symlink: /home/ws/install/quadruped/lib/python3.12/site-packages/quadruped/msg/_leg_command_s.c
[2.996s] -- Up-to-date symlink: /home/ws/install/quadruped/lib/python3.12/site-packages/quadruped/quadruped_s__rosidl_typesupport_c.so
[2.996s] -- Up-to-date symlink: /home/ws/install/quadruped/lib/python3.12/site-packages/quadruped/quadruped_s__rosidl_typesupport_fastrtps_c.so
[2.996s] -- Up-to-date symlink: /home/ws/install/quadruped/lib/python3.12/site-packages/quadruped/quadruped_s__rosidl_typesupport_introspection_c.so
[2.996s] -- Up-to-date symlink: /home/ws/install/quadruped/lib/python3.12/site-packages/quadruped/quadruped_s__rosidl_typesupport_fastrtps_c.so
[2.997s] -- Up-to-date symlink: /home/ws/install/quadruped/lib/python3.12/site-packages/quadruped/quadruped_s__rosidl_typesupport_introspection_c.so
[2.997s] -- Up-to-date symlink: /home/ws/install/quadruped/lib/python3.12/site-packages/quadruped/quadruped_s__rosidl_typesupport_c.so
[2.997s] -- Up-to-date symlink: /home/ws/install/quadruped/share/quadruped/msg/LegCommand.idl
[2.997s] -- Up-to-date symlink: /home/ws/install/quadruped/share/quadruped/messages/LegCommand.msg
[2.997s] -- Up-to-date symlink: /home/ws/install/quadruped/lib/quadruped/LegController.py
[2.998s] -- Up-to-date symlink: /home/ws/install/quadruped/lib/quadruped/GaitPatternGenerator.py
[2.998s] -- Up-to-date symlink: /home/ws/install/quadruped/share/quadruped/launch/controllers.launch.py
[2.998s] -- Up-to-date symlink: /home/ws/install/quadruped/share/quadruped/launch/gazebo_sim.launch.py
[2.998s] -- Up-to-date symlink: /home/ws/install/quadruped/share/quadruped/config/bridge.yaml
[2.998s] -- Up-to-date symlink: /home/ws/install/quadruped/share/quadruped/config/initial_joint_positions.yaml
[2.998s] -- Up-to-date symlink: /home/ws/install/quadruped/share/quadruped/config/quadruped.rviz
[2.998s] -- Up-to-date symlink: /home/ws/install/quadruped/share/quadruped/config/quadruped_controllers.yaml
[2.999s] -- Up-to-date symlink: /home/ws/install/quadruped/share/quadruped/urdf/Quadruped MJB.mjb
[2.999s] -- Up-to-date symlink: /home/ws/install/quadruped/share/quadruped/urdf/QuadrupedURDF.urdf.xacro
[2.999s] -- Up-to-date symlink: /home/ws/install/quadruped/share/quadruped/urdf/meshes/Body.STL
[2.999s] -- Up-to-date symlink: /home/ws/install/quadruped/share/quadruped/urdf/meshes/Body_bin.STL
[2.999s] -- Up-to-date symlink: /home/ws/install/quadruped/share/quadruped/urdf/meshes/Front Left Shin.STL
[2.999s] -- Up-to-date symlink: /home/ws/install/quadruped/share/quadruped/urdf/meshes/Front Left Thigh.STL
[2.999s] -- Up-to-date symlink: /home/ws/install/quadruped/share/quadruped/urdf/meshes/Front Right Shin.STL
[2.999s] -- Up-to-date symlink: /home/ws/install/quadruped/share/quadruped/urdf/meshes/Front Right Thigh.STL
[2.999s] -- Up-to-date symlink: /home/ws/install/quadruped/share/quadruped/urdf/meshes/Rear Left Shin.STL
[2.999s] -- Up-to-date symlink: /home/ws/install/quadruped/share/quadruped/urdf/meshes/Rear Left Thigh.STL
[2.999s] -- Up-to-date symlink: /home/ws/install/quadruped/share/quadruped/urdf/meshes/Rear Right Shin.STL
[2.999s] -- Up-to-date symlink: /home/ws/install/quadruped/share/quadruped/urdf/meshes/Rear Right Thigh.STL
[2.999s] -- Up-to-date symlink: /home/ws/install/quadruped/share/quadruped/urdf/mjb_maker.py
[2.999s] -- Up-to-date symlink: /home/ws/install/quadruped/share/quadruped/messages/LegCommand.msg
[2.999s] -- Up-to-date symlink: /home/ws/install/quadruped/share/ament_index/resource_index/package_run_dependencies/quadruped
[3.000s] -- Up-to-date symlink: /home/ws/install/quadruped/share/ament_index/resource_index/parent_prefix_path/quadruped
[3.000s] -- Up-to-date symlink: /home/ws/install/quadruped/share/quadruped/environment/ament_prefix_path.sh
[3.000s] -- Up-to-date symlink: /home/ws/install/quadruped/share/quadruped/environment/ament_prefix_path.dsv
[3.000s] -- Up-to-date symlink: /home/ws/install/quadruped/share/quadruped/environment/path.sh
[3.000s] -- Up-to-date symlink: /home/ws/install/quadruped/share/quadruped/environment/path.dsv
[3.000s] -- Up-to-date symlink: /home/ws/install/quadruped/share/quadruped/local_setup.bash
[3.000s] -- Up-to-date symlink: /home/ws/install/quadruped/share/quadruped/local_setup.sh
[3.000s] -- Up-to-date symlink: /home/ws/install/quadruped/share/quadruped/local_setup.zsh
[3.000s] -- Up-to-date symlink: /home/ws/install/quadruped/share/quadruped/local_setup.dsv
[3.000s] -- Symlinking: /home/ws/install/quadruped/share/quadruped/package.dsv
[3.008s] -- Up-to-date symlink: /home/ws/install/quadruped/share/ament_index/resource_index/packages/quadruped
[3.008s] -- Up-to-date symlink: /home/ws/install/quadruped/share/quadruped/cmake/rosidl_cmake-extras.cmake
[3.008s] -- Up-to-date symlink: /home/ws/install/quadruped/share/quadruped/cmake/ament_cmake_export_include_directories-extras.cmake
[3.008s] -- Up-to-date symlink: /home/ws/install/quadruped/share/quadruped/cmake/ament_cmake_export_libraries-extras.cmake
[3.008s] -- Up-to-date symlink: /home/ws/install/quadruped/share/quadruped/cmake/ament_cmake_export_targets-extras.cmake
[3.009s] -- Up-to-date symlink: /home/ws/install/quadruped/share/quadruped/cmake/rosidl_cmake_export_typesupport_targets-extras.cmake
[3.009s] -- Up-to-date symlink: /home/ws/install/quadruped/share/quadruped/cmake/ament_cmake_export_dependencies-extras.cmake
[3.009s] -- Up-to-date symlink: /home/ws/install/quadruped/share/quadruped/cmake/rosidl_cmake_export_typesupport_libraries-extras.cmake
[3.009s] -- Up-to-date symlink: /home/ws/install/quadruped/share/quadruped/cmake/quadrupedConfig.cmake
[3.009s] -- Up-to-date symlink: /home/ws/install/quadruped/share/quadruped/cmake/quadrupedConfig-version.cmake
[3.009s] -- Up-to-date symlink: /home/ws/install/quadruped/share/quadruped/package.xml
[3.009s] -- Installing: /home/ws/install/quadruped/lib/libquadruped__rosidl_generator_c.so
[3.009s] -- Set non-toolchain portion of runtime path of "/home/ws/install/quadruped/lib/libquadruped__rosidl_generator_c.so" to ""
[3.009s] -- Installing: /home/ws/install/quadruped/lib/libquadruped__rosidl_typesupport_fastrtps_c.so
[3.009s] -- Set non-toolchain portion of runtime path of "/home/ws/install/quadruped/lib/libquadruped__rosidl_typesupport_fastrtps_c.so" to ""
[3.012s] -- Installing: /home/ws/install/quadruped/lib/libquadruped__rosidl_typesupport_fastrtps_cpp.so
[3.012s] -- Set non-toolchain portion of runtime path of "/home/ws/install/quadruped/lib/libquadruped__rosidl_typesupport_fastrtps_cpp.so" to ""
[3.012s] -- Installing: /home/ws/install/quadruped/lib/libquadruped__rosidl_typesupport_introspection_c.so
[3.013s] -- Set non-toolchain portion of runtime path of "/home/ws/install/quadruped/lib/libquadruped__rosidl_typesupport_introspection_c.so" to ""
[3.013s] -- Installing: /home/ws/install/quadruped/lib/libquadruped__rosidl_typesupport_c.so
[3.013s] -- Set non-toolchain portion of runtime path of "/home/ws/install/quadruped/lib/libquadruped__rosidl_typesupport_c.so" to ""
[3.013s] -- Installing: /home/ws/install/quadruped/lib/libquadruped__rosidl_typesupport_introspection_cpp.so
[3.013s] -- Set non-toolchain portion of runtime path of "/home/ws/install/quadruped/lib/libquadruped__rosidl_typesupport_introspection_cpp.so" to ""
[3.013s] -- Installing: /home/ws/install/quadruped/lib/libquadruped__rosidl_typesupport_cpp.so
[3.014s] -- Set non-toolchain portion of runtime path of "/home/ws/install/quadruped/lib/libquadruped__rosidl_typesupport_cpp.so" to ""
[3.050s] Listing '/home/ws/install/quadruped/lib/python3.12/site-packages/quadruped'...
[3.050s] Compiling '/home/ws/install/quadruped/lib/python3.12/site-packages/quadruped/__init__.py'...
[3.050s] Listing '/home/ws/install/quadruped/lib/python3.12/site-packages/quadruped/msg'...
[3.050s] Compiling '/home/ws/install/quadruped/lib/python3.12/site-packages/quadruped/msg/__init__.py'...
[3.050s] Compiling '/home/ws/install/quadruped/lib/python3.12/site-packages/quadruped/msg/_leg_command.py'...
[3.054s] -- Installing: /home/ws/install/quadruped/lib/libquadruped__rosidl_generator_py.so
[3.054s] -- Set non-toolchain portion of runtime path of "/home/ws/install/quadruped/lib/libquadruped__rosidl_generator_py.so" to ""
[3.054s] -- Up-to-date: /home/ws/install/quadruped/share/quadruped/cmake/export_quadruped__rosidl_generator_cExport.cmake
[3.054s] -- Up-to-date: /home/ws/install/quadruped/share/quadruped/cmake/export_quadruped__rosidl_generator_cExport-noconfig.cmake
[3.054s] -- Up-to-date: /home/ws/install/quadruped/share/quadruped/cmake/export_quadruped__rosidl_typesupport_fastrtps_cExport.cmake
[3.054s] -- Up-to-date: /home/ws/install/quadruped/share/quadruped/cmake/export_quadruped__rosidl_typesupport_fastrtps_cExport-noconfig.cmake
[3.054s] -- Up-to-date: /home/ws/install/quadruped/share/quadruped/cmake/export_quadruped__rosidl_generator_cppExport.cmake
[3.054s] -- Up-to-date: /home/ws/install/quadruped/share/quadruped/cmake/export_quadruped__rosidl_typesupport_fastrtps_cppExport.cmake
[3.055s] -- Up-to-date: /home/ws/install/quadruped/share/quadruped/cmake/export_quadruped__rosidl_typesupport_fastrtps_cppExport-noconfig.cmake
[3.055s] -- Up-to-date: /home/ws/install/quadruped/share/quadruped/cmake/quadruped__rosidl_typesupport_introspection_cExport.cmake
[3.055s] -- Up-to-date: /home/ws/install/quadruped/share/quadruped/cmake/quadruped__rosidl_typesupport_introspection_cExport-noconfig.cmake
[3.055s] -- Up-to-date: /home/ws/install/quadruped/share/quadruped/cmake/quadruped__rosidl_typesupport_cExport.cmake
[3.055s] -- Up-to-date: /home/ws/install/quadruped/share/quadruped/cmake/quadruped__rosidl_typesupport_cExport-noconfig.cmake
[3.055s] -- Up-to-date: /home/ws/install/quadruped/share/quadruped/cmake/quadruped__rosidl_typesupport_introspection_cppExport.cmake
[3.055s] -- Up-to-date: /home/ws/install/quadruped/share/quadruped/cmake/quadruped__rosidl_typesupport_introspection_cppExport-noconfig.cmake
[3.055s] -- Up-to-date: /home/ws/install/quadruped/share/quadruped/cmake/quadruped__rosidl_typesupport_cppExport.cmake
[3.055s] -- Up-to-date: /home/ws/install/quadruped/share/quadruped/cmake/quadruped__rosidl_typesupport_cppExport-noconfig.cmake
[3.055s] -- Up-to-date: /home/ws/install/quadruped/share/quadruped/cmake/export_quadruped__rosidl_generator_pyExport.cmake
[3.055s] -- Up-to-date: /home/ws/install/quadruped/share/quadruped/cmake/export_quadruped__rosidl_generator_pyExport-noconfig.cmake
[3.057s] Invoked command in '/home/ws/build/quadruped' returned '0': CMAKE_PREFIX_PATH=${CMAKE_PREFIX_PATH}:/opt/ros/jazzy /usr/bin/cmake --install /home/ws/build/quadruped
