[0.022s] Invoking command in '/home/ws/build/quadruped': CMAKE_PREFIX_PATH=${CMAKE_PREFIX_PATH}:/home/ws/install/quadruped_simulation:/home/ws/install/quadruped_controllers:/opt/ros/jazzy /usr/bin/cmake --build /home/ws/build/quadruped -- -j20 -l20
[0.134s] [  2%] Built target quadruped__rosidl_generator_type_description
[0.161s] [  2%] Built target ament_cmake_python_symlink_quadruped
[0.171s] [  5%] Built target quadruped__cpp
[0.174s] [ 17%] Built target quadruped__rosidl_generator_c
[0.197s] [ 20%] [32mBuilding CXX object CMakeFiles/quadruped_lib.dir/src/balance_controller.cpp.o[0m
[0.210s] [ 33%] Built target quadruped__rosidl_typesupport_introspection_cpp
[0.211s] [ 35%] Built target quadruped__rosidl_typesupport_fastrtps_cpp
[0.214s] [ 43%] Built target quadruped__rosidl_typesupport_cpp
[0.219s] [ 51%] Built target quadruped__rosidl_typesupport_introspection_c
[0.222s] [ 58%] Built target quadruped__rosidl_typesupport_c
[0.223s] [ 66%] Built target quadruped__rosidl_typesupport_fastrtps_c
[0.260s] [ 66%] Built target quadruped
[0.299s] [ 69%] Built target quadruped__py
[0.349s] [ 74%] Built target quadruped__rosidl_generator_py
[0.390s] [ 79%] Built target quadruped_s__rosidl_typesupport_fastrtps_c
[0.394s] [ 84%] Built target quadruped_s__rosidl_typesupport_c
[0.399s] [ 89%] Built target quadruped_s__rosidl_typesupport_introspection_c
[0.470s] running egg_info
[0.488s] writing quadruped.egg-info/PKG-INFO
[0.489s] writing dependency_links to quadruped.egg-info/dependency_links.txt
[0.489s] writing top-level names to quadruped.egg-info/top_level.txt
[0.536s] reading manifest file 'quadruped.egg-info/SOURCES.txt'
[0.537s] writing manifest file 'quadruped.egg-info/SOURCES.txt'
[0.591s] [ 89%] Built target ament_cmake_python_build_quadruped_egg
[28.731s] [ 92%] [32m[1mLinking CXX shared library libquadruped_lib.so[0m
[30.224s] [100%] Built target quadruped_lib
[30.263s] Invoked command in '/home/ws/build/quadruped' returned '0': CMAKE_PREFIX_PATH=${CMAKE_PREFIX_PATH}:/home/ws/install/quadruped_simulation:/home/ws/install/quadruped_controllers:/opt/ros/jazzy /usr/bin/cmake --build /home/ws/build/quadruped -- -j20 -l20
[30.597s] Invoking command in '/home/ws/build/quadruped': CMAKE_PREFIX_PATH=${CMAKE_PREFIX_PATH}:/home/ws/install/quadruped_simulation:/home/ws/install/quadruped_controllers:/opt/ros/jazzy /usr/bin/cmake --install /home/ws/build/quadruped
[30.615s] -- Install configuration: ""
[30.616s] -- Execute custom install script
[30.617s] -- Up-to-date symlink: /home/ws/install/quadruped/share/ament_index/resource_index/rosidl_interfaces/quadruped
[30.617s] -- Up-to-date symlink: /home/ws/install/quadruped/share/quadruped/msg/LegCommand.json
[30.618s] -- Up-to-date symlink: /home/ws/install/quadruped/include/quadruped/quadruped/msg/detail/leg_command__functions.h
[30.618s] -- Up-to-date symlink: /home/ws/install/quadruped/include/quadruped/quadruped/msg/detail/leg_command__struct.h
[30.618s] -- Up-to-date symlink: /home/ws/install/quadruped/include/quadruped/quadruped/msg/detail/leg_command__type_support.h
[30.619s] -- Up-to-date symlink: /home/ws/install/quadruped/include/quadruped/quadruped/msg/leg_command.h
[30.619s] -- Up-to-date symlink: /home/ws/install/quadruped/include/quadruped/quadruped/msg/rosidl_generator_c__visibility_control.h
[30.619s] -- Up-to-date symlink: /home/ws/install/quadruped/share/quadruped/environment/library_path.sh
[30.619s] -- Up-to-date symlink: /home/ws/install/quadruped/share/quadruped/environment/library_path.dsv
[30.620s] -- Up-to-date symlink: /home/ws/install/quadruped/include/quadruped/quadruped/msg/detail/leg_command__rosidl_typesupport_fastrtps_c.h
[30.620s] -- Up-to-date symlink: /home/ws/install/quadruped/include/quadruped/quadruped/msg/rosidl_typesupport_fastrtps_c__visibility_control.h
[30.620s] -- Up-to-date symlink: /home/ws/install/quadruped/include/quadruped/quadruped/msg/detail/leg_command__builder.hpp
[30.620s] -- Up-to-date symlink: /home/ws/install/quadruped/include/quadruped/quadruped/msg/detail/leg_command__struct.hpp
[30.621s] -- Up-to-date symlink: /home/ws/install/quadruped/include/quadruped/quadruped/msg/detail/leg_command__traits.hpp
[30.621s] -- Up-to-date symlink: /home/ws/install/quadruped/include/quadruped/quadruped/msg/detail/leg_command__type_support.hpp
[30.621s] -- Up-to-date symlink: /home/ws/install/quadruped/include/quadruped/quadruped/msg/leg_command.hpp
[30.621s] -- Up-to-date symlink: /home/ws/install/quadruped/include/quadruped/quadruped/msg/rosidl_generator_cpp__visibility_control.hpp
[30.622s] -- Up-to-date symlink: /home/ws/install/quadruped/include/quadruped/quadruped/msg/detail/leg_command__rosidl_typesupport_fastrtps_cpp.hpp
[30.622s] -- Up-to-date symlink: /home/ws/install/quadruped/include/quadruped/quadruped/msg/rosidl_typesupport_fastrtps_cpp__visibility_control.h
[30.622s] -- Up-to-date symlink: /home/ws/install/quadruped/include/quadruped/quadruped/msg/detail/leg_command__rosidl_typesupport_introspection_c.h
[30.622s] -- Up-to-date symlink: /home/ws/install/quadruped/include/quadruped/quadruped/msg/rosidl_typesupport_introspection_c__visibility_control.h
[30.623s] -- Up-to-date symlink: /home/ws/install/quadruped/include/quadruped/quadruped/msg/detail/leg_command__rosidl_typesupport_introspection_cpp.hpp
[30.623s] -- Up-to-date symlink: /home/ws/install/quadruped/share/quadruped/environment/pythonpath.sh
[30.623s] -- Up-to-date symlink: /home/ws/install/quadruped/share/quadruped/environment/pythonpath.dsv
[30.623s] -- Up-to-date symlink: /home/ws/install/quadruped/lib/python3.12/site-packages/quadruped-0.0.0-py3.12.egg-info/PKG-INFO
[30.624s] -- Up-to-date symlink: /home/ws/install/quadruped/lib/python3.12/site-packages/quadruped-0.0.0-py3.12.egg-info/SOURCES.txt
[30.624s] -- Up-to-date symlink: /home/ws/install/quadruped/lib/python3.12/site-packages/quadruped-0.0.0-py3.12.egg-info/dependency_links.txt
[30.624s] -- Up-to-date symlink: /home/ws/install/quadruped/lib/python3.12/site-packages/quadruped-0.0.0-py3.12.egg-info/top_level.txt
[30.625s] -- Up-to-date symlink: /home/ws/install/quadruped/lib/python3.12/site-packages/quadruped/__init__.py
[30.625s] -- Up-to-date symlink: /home/ws/install/quadruped/lib/python3.12/site-packages/quadruped/_quadruped_s.ep.rosidl_typesupport_c.c
[30.625s] -- Up-to-date symlink: /home/ws/install/quadruped/lib/python3.12/site-packages/quadruped/_quadruped_s.ep.rosidl_typesupport_fastrtps_c.c
[30.626s] -- Up-to-date symlink: /home/ws/install/quadruped/lib/python3.12/site-packages/quadruped/_quadruped_s.ep.rosidl_typesupport_introspection_c.c
[30.626s] -- Up-to-date symlink: /home/ws/install/quadruped/lib/python3.12/site-packages/quadruped/msg/__init__.py
[30.626s] -- Up-to-date symlink: /home/ws/install/quadruped/lib/python3.12/site-packages/quadruped/msg/_leg_command.py
[30.626s] -- Up-to-date symlink: /home/ws/install/quadruped/lib/python3.12/site-packages/quadruped/msg/_leg_command_s.c
[30.627s] -- Up-to-date symlink: /home/ws/install/quadruped/lib/python3.12/site-packages/quadruped/quadruped_s__rosidl_typesupport_c.so
[30.627s] -- Up-to-date symlink: /home/ws/install/quadruped/lib/python3.12/site-packages/quadruped/quadruped_s__rosidl_typesupport_fastrtps_c.so
[30.627s] -- Up-to-date symlink: /home/ws/install/quadruped/lib/python3.12/site-packages/quadruped/quadruped_s__rosidl_typesupport_introspection_c.so
[30.627s] -- Up-to-date symlink: /home/ws/install/quadruped/lib/python3.12/site-packages/quadruped/quadruped_s__rosidl_typesupport_fastrtps_c.so
[30.627s] -- Up-to-date symlink: /home/ws/install/quadruped/lib/python3.12/site-packages/quadruped/quadruped_s__rosidl_typesupport_introspection_c.so
[30.627s] -- Up-to-date symlink: /home/ws/install/quadruped/lib/python3.12/site-packages/quadruped/quadruped_s__rosidl_typesupport_c.so
[30.627s] -- Up-to-date symlink: /home/ws/install/quadruped/share/quadruped/msg/LegCommand.idl
[30.628s] -- Up-to-date symlink: /home/ws/install/quadruped/share/quadruped/messages/LegCommand.msg
[30.628s] -- Up-to-date symlink: /home/ws/install/quadruped/include/quadruped/balance_controller.hpp
[30.628s] -- Up-to-date symlink: /home/ws/install/quadruped/include/quadruped/foot_trajectory_generator.hpp
[30.628s] -- Up-to-date symlink: /home/ws/install/quadruped/include/quadruped/leg_controller.hpp
[30.628s] -- Up-to-date symlink: /home/ws/install/quadruped/include/quadruped/state_estimator.hpp
[30.629s] -- Up-to-date symlink: /home/ws/install/quadruped/lib/quadruped/LegController.py
[30.629s] -- Up-to-date symlink: /home/ws/install/quadruped/lib/quadruped/GaitPatternGenerator.py
[30.629s] -- Up-to-date symlink: /home/ws/install/quadruped/lib/quadruped/leg_class.py
[30.629s] -- Up-to-date symlink: /home/ws/install/quadruped/lib/quadruped/gait_pattern_class.py
[30.630s] -- Up-to-date symlink: /home/ws/install/quadruped/share/quadruped/launch/controllers.launch.py
[30.630s] -- Up-to-date symlink: /home/ws/install/quadruped/share/quadruped/launch/gazebo_sim.launch.py
[30.630s] -- Up-to-date symlink: /home/ws/install/quadruped/share/quadruped/config/initial_joint_positions.yaml
[30.630s] -- Up-to-date symlink: /home/ws/install/quadruped/share/quadruped/config/quadruped.rviz
[30.630s] -- Up-to-date symlink: /home/ws/install/quadruped/share/quadruped/config/quadruped_controllers.yaml
[30.631s] -- Up-to-date symlink: /home/ws/install/quadruped/share/quadruped/urdf/Quadruped MJB.mjb
[30.631s] -- Up-to-date symlink: /home/ws/install/quadruped/share/quadruped/urdf/QuadrupedURDF.urdf.xacro
[30.632s] -- Up-to-date symlink: /home/ws/install/quadruped/share/quadruped/urdf/meshes/Body.STL
[30.632s] -- Up-to-date symlink: /home/ws/install/quadruped/share/quadruped/urdf/meshes/Body_bin.STL
[30.632s] -- Up-to-date symlink: /home/ws/install/quadruped/share/quadruped/urdf/meshes/Front Left Shin.STL
[30.632s] -- Up-to-date symlink: /home/ws/install/quadruped/share/quadruped/urdf/meshes/Front Left Thigh.STL
[30.632s] -- Up-to-date symlink: /home/ws/install/quadruped/share/quadruped/urdf/meshes/Front Right Shin.STL
[30.632s] -- Up-to-date symlink: /home/ws/install/quadruped/share/quadruped/urdf/meshes/Front Right Thigh.STL
[30.633s] -- Up-to-date symlink: /home/ws/install/quadruped/share/quadruped/urdf/meshes/Rear Left Shin.STL
[30.633s] -- Up-to-date symlink: /home/ws/install/quadruped/share/quadruped/urdf/meshes/Rear Left Thigh.STL
[30.633s] -- Up-to-date symlink: /home/ws/install/quadruped/share/quadruped/urdf/meshes/Rear Right Shin.STL
[30.633s] -- Up-to-date symlink: /home/ws/install/quadruped/share/quadruped/urdf/meshes/Rear Right Thigh.STL
[30.633s] -- Up-to-date symlink: /home/ws/install/quadruped/share/quadruped/urdf/mjb_maker.py
[30.633s] -- Up-to-date symlink: /home/ws/install/quadruped/share/quadruped/messages/LegCommand.msg
[30.634s] -- Up-to-date symlink: /home/ws/install/quadruped/share/quadruped/messages/RobotState.msg
[30.634s] -- Up-to-date symlink: /home/ws/install/quadruped/share/quadruped//plugin_description.xml
[30.634s] -- Up-to-date symlink: /home/ws/install/quadruped/share/quadruped//plugin_description.xml
[30.634s] -- Up-to-date symlink: /home/ws/install/quadruped/share/ament_index/resource_index/package_run_dependencies/quadruped
[30.634s] -- Up-to-date symlink: /home/ws/install/quadruped/share/ament_index/resource_index/parent_prefix_path/quadruped
[30.635s] -- Up-to-date symlink: /home/ws/install/quadruped/share/quadruped/environment/ament_prefix_path.sh
[30.635s] -- Up-to-date symlink: /home/ws/install/quadruped/share/quadruped/environment/ament_prefix_path.dsv
[30.635s] -- Up-to-date symlink: /home/ws/install/quadruped/share/quadruped/environment/path.sh
[30.635s] -- Up-to-date symlink: /home/ws/install/quadruped/share/quadruped/environment/path.dsv
[30.636s] -- Up-to-date symlink: /home/ws/install/quadruped/share/quadruped/local_setup.bash
[30.636s] -- Up-to-date symlink: /home/ws/install/quadruped/share/quadruped/local_setup.sh
[30.636s] -- Up-to-date symlink: /home/ws/install/quadruped/share/quadruped/local_setup.zsh
[30.636s] -- Up-to-date symlink: /home/ws/install/quadruped/share/quadruped/local_setup.dsv
[30.636s] -- Symlinking: /home/ws/install/quadruped/share/quadruped/package.dsv
[30.665s] -- Up-to-date symlink: /home/ws/install/quadruped/share/ament_index/resource_index/packages/quadruped
[30.666s] -- Up-to-date symlink: /home/ws/install/quadruped/share/ament_index/resource_index/controller_interface__pluginlib__plugin/quadruped
[30.667s] -- Up-to-date symlink: /home/ws/install/quadruped/share/quadruped/cmake/rosidl_cmake-extras.cmake
[30.667s] -- Up-to-date symlink: /home/ws/install/quadruped/share/quadruped/cmake/ament_cmake_export_include_directories-extras.cmake
[30.668s] -- Up-to-date symlink: /home/ws/install/quadruped/share/quadruped/cmake/ament_cmake_export_libraries-extras.cmake
[30.669s] -- Up-to-date symlink: /home/ws/install/quadruped/share/quadruped/cmake/ament_cmake_export_targets-extras.cmake
[30.669s] -- Up-to-date symlink: /home/ws/install/quadruped/share/quadruped/cmake/rosidl_cmake_export_typesupport_targets-extras.cmake
[30.669s] -- Up-to-date symlink: /home/ws/install/quadruped/share/quadruped/cmake/ament_cmake_export_dependencies-extras.cmake
[30.670s] -- Up-to-date symlink: /home/ws/install/quadruped/share/quadruped/cmake/rosidl_cmake_export_typesupport_libraries-extras.cmake
[30.670s] -- Up-to-date symlink: /home/ws/install/quadruped/share/quadruped/cmake/quadrupedConfig.cmake
[30.670s] -- Up-to-date symlink: /home/ws/install/quadruped/share/quadruped/cmake/quadrupedConfig-version.cmake
[30.671s] -- Up-to-date symlink: /home/ws/install/quadruped/share/quadruped/package.xml
[30.671s] -- Up-to-date: /home/ws/install/quadruped/lib/libquadruped__rosidl_generator_c.so
[30.671s] -- Up-to-date: /home/ws/install/quadruped/lib/libquadruped__rosidl_typesupport_fastrtps_c.so
[30.673s] -- Up-to-date: /home/ws/install/quadruped/lib/libquadruped__rosidl_typesupport_fastrtps_cpp.so
[30.673s] -- Up-to-date: /home/ws/install/quadruped/lib/libquadruped__rosidl_typesupport_introspection_c.so
[30.674s] -- Up-to-date: /home/ws/install/quadruped/lib/libquadruped__rosidl_typesupport_c.so
[30.674s] -- Up-to-date: /home/ws/install/quadruped/lib/libquadruped__rosidl_typesupport_introspection_cpp.so
[30.675s] -- Up-to-date: /home/ws/install/quadruped/lib/libquadruped__rosidl_typesupport_cpp.so
[30.767s] Listing '/home/ws/install/quadruped/lib/python3.12/site-packages/quadruped'...
[30.767s] Listing '/home/ws/install/quadruped/lib/python3.12/site-packages/quadruped/msg'...
[30.775s] -- Up-to-date: /home/ws/install/quadruped/lib/libquadruped__rosidl_generator_py.so
[30.775s] -- Installing: /home/ws/install/quadruped/lib/libquadruped_lib.so
[30.789s] -- Set non-toolchain portion of runtime path of "/home/ws/install/quadruped/lib/libquadruped_lib.so" to ""
[30.789s] -- Up-to-date: /home/ws/install/quadruped/share/quadruped/cmake/export_quadruped__rosidl_generator_cExport.cmake
[30.789s] -- Up-to-date: /home/ws/install/quadruped/share/quadruped/cmake/export_quadruped__rosidl_generator_cExport-noconfig.cmake
[30.789s] -- Up-to-date: /home/ws/install/quadruped/share/quadruped/cmake/export_quadruped__rosidl_typesupport_fastrtps_cExport.cmake
[30.789s] -- Up-to-date: /home/ws/install/quadruped/share/quadruped/cmake/export_quadruped__rosidl_typesupport_fastrtps_cExport-noconfig.cmake
[30.789s] -- Up-to-date: /home/ws/install/quadruped/share/quadruped/cmake/export_quadruped__rosidl_generator_cppExport.cmake
[30.789s] -- Up-to-date: /home/ws/install/quadruped/share/quadruped/cmake/export_quadruped__rosidl_typesupport_fastrtps_cppExport.cmake
[30.789s] -- Up-to-date: /home/ws/install/quadruped/share/quadruped/cmake/export_quadruped__rosidl_typesupport_fastrtps_cppExport-noconfig.cmake
[30.789s] -- Up-to-date: /home/ws/install/quadruped/share/quadruped/cmake/quadruped__rosidl_typesupport_introspection_cExport.cmake
[30.790s] -- Up-to-date: /home/ws/install/quadruped/share/quadruped/cmake/quadruped__rosidl_typesupport_introspection_cExport-noconfig.cmake
[30.790s] -- Up-to-date: /home/ws/install/quadruped/share/quadruped/cmake/quadruped__rosidl_typesupport_cExport.cmake
[30.790s] -- Up-to-date: /home/ws/install/quadruped/share/quadruped/cmake/quadruped__rosidl_typesupport_cExport-noconfig.cmake
[30.790s] -- Up-to-date: /home/ws/install/quadruped/share/quadruped/cmake/quadruped__rosidl_typesupport_introspection_cppExport.cmake
[30.790s] -- Up-to-date: /home/ws/install/quadruped/share/quadruped/cmake/quadruped__rosidl_typesupport_introspection_cppExport-noconfig.cmake
[30.790s] -- Up-to-date: /home/ws/install/quadruped/share/quadruped/cmake/quadruped__rosidl_typesupport_cppExport.cmake
[30.790s] -- Up-to-date: /home/ws/install/quadruped/share/quadruped/cmake/quadruped__rosidl_typesupport_cppExport-noconfig.cmake
[30.790s] -- Up-to-date: /home/ws/install/quadruped/share/quadruped/cmake/export_quadruped__rosidl_generator_pyExport.cmake
[30.790s] -- Up-to-date: /home/ws/install/quadruped/share/quadruped/cmake/export_quadruped__rosidl_generator_pyExport-noconfig.cmake
[30.790s] -- Up-to-date: /home/ws/install/quadruped/share/quadruped/cmake/quadruped_targetsExport.cmake
[30.790s] -- Up-to-date: /home/ws/install/quadruped/share/quadruped/cmake/quadruped_targetsExport-noconfig.cmake
[30.792s] Invoked command in '/home/ws/build/quadruped' returned '0': CMAKE_PREFIX_PATH=${CMAKE_PREFIX_PATH}:/home/ws/install/quadruped_simulation:/home/ws/install/quadruped_controllers:/opt/ros/jazzy /usr/bin/cmake --install /home/ws/build/quadruped
