[  2%] Built target quadruped__rosidl_generator_type_description
[  2%] Built target ament_cmake_python_symlink_quadruped
[  5%] Built target quadruped__cpp
[ 17%] Built target quadruped__rosidl_generator_c
[ 20%] [32mBuilding CXX object CMakeFiles/quadruped_lib.dir/src/balance_controller.cpp.o[0m
[ 28%] Built target quadruped__rosidl_typesupport_c
[ 35%] Built target quadruped__rosidl_typesupport_fastrtps_c
[ 43%] Built target quadruped__rosidl_typesupport_introspection_c
[ 51%] Built target quadruped__rosidl_typesupport_introspection_cpp
[ 58%] Built target quadruped__rosidl_typesupport_cpp
[ 66%] Built target quadruped__rosidl_typesupport_fastrtps_cpp
[ 66%] Built target quadruped
[ 69%] Built target quadruped__py
[ 74%] Built target quadruped__rosidl_generator_py
running egg_info
writing quadruped.egg-info/PKG-INFO
[ 89%] Built target quadruped_s__rosidl_typesupport_c
[ 89%] Built target quadruped_s__rosidl_typesupport_fastrtps_c
[ 89%] Built target quadruped_s__rosidl_typesupport_introspection_c
writing dependency_links to quadruped.egg-info/dependency_links.txt
writing top-level names to quadruped.egg-info/top_level.txt
reading manifest file 'quadruped.egg-info/SOURCES.txt'
writing manifest file 'quadruped.egg-info/SOURCES.txt'
[ 89%] Built target ament_cmake_python_build_quadruped_egg
