[0.012s] Invoking command in '/home/ws/build/quadruped': CMAKE_PREFIX_PATH=${CMAKE_PREFIX_PATH}:/opt/ros/jazzy /usr/bin/cmake --build /home/ws/build/quadruped -- -j20 -l20
[0.084s] [  2%] Built target quadruped__rosidl_generator_type_description
[0.097s] [  2%] Built target ament_cmake_python_symlink_quadruped
[0.112s] [  5%] Built target quadruped__cpp
[0.113s] [ 17%] Built target quadruped__rosidl_generator_c
[0.129s] [ 20%] [32mBuilding CXX object CMakeFiles/quadruped_lib.dir/src/balance_controller.cpp.o[0m
[0.157s] [ 28%] Built target quadruped__rosidl_typesupport_c
[0.161s] [ 35%] Built target quadruped__rosidl_typesupport_fastrtps_c
[0.164s] [ 43%] Built target quadruped__rosidl_typesupport_introspection_c
[0.165s] [ 51%] Built target quadruped__rosidl_typesupport_introspection_cpp
[0.170s] [ 58%] Built target quadruped__rosidl_typesupport_cpp
[0.172s] [ 66%] Built target quadruped__rosidl_typesupport_fastrtps_cpp
[0.202s] [ 66%] Built target quadruped
[0.227s] [ 69%] Built target quadruped__py
[0.258s] [ 74%] Built target quadruped__rosidl_generator_py
[0.277s] running egg_info
[0.287s] writing quadruped.egg-info/PKG-INFO
[0.288s] [ 89%] Built target quadruped_s__rosidl_typesupport_c
[0.288s] [ 89%] Built target quadruped_s__rosidl_typesupport_fastrtps_c
[0.288s] [ 89%] Built target quadruped_s__rosidl_typesupport_introspection_c
[0.288s] writing dependency_links to quadruped.egg-info/dependency_links.txt
[0.288s] writing top-level names to quadruped.egg-info/top_level.txt
[0.316s] reading manifest file 'quadruped.egg-info/SOURCES.txt'
[0.316s] writing manifest file 'quadruped.egg-info/SOURCES.txt'
[0.346s] [ 89%] Built target ament_cmake_python_build_quadruped_egg
[2.359s] In file included from [01m[K/home/ws/src/quadruped/src/balance_controller.cpp:1[m[K:
[2.359s] [01m[K/home/ws/src/quadruped/include/quadruped/balance_controller.hpp:15:10:[m[K [01;31m[Kfatal error: [m[Kpinocchio/model.hpp: No such file or directory
[2.359s]    15 | #include [01;31m[K"pinocchio/model.hpp"[m[K
[2.359s]       |          [01;31m[K^~~~~~~~~~~~~~~~~~~~~[m[K
[2.359s] compilation terminated.
[2.373s] gmake[2]: *** [CMakeFiles/quadruped_lib.dir/build.make:76: CMakeFiles/quadruped_lib.dir/src/balance_controller.cpp.o] Error 1
[2.373s] gmake[1]: *** [CMakeFiles/Makefile2:623: CMakeFiles/quadruped_lib.dir/all] Error 2
[2.373s] gmake: *** [Makefile:146: all] Error 2
[2.375s] Invoked command in '/home/ws/build/quadruped' returned '2': CMAKE_PREFIX_PATH=${CMAKE_PREFIX_PATH}:/opt/ros/jazzy /usr/bin/cmake --build /home/ws/build/quadruped -- -j20 -l20
