[0.016s] Invoking command in '/home/ws/src/quadruped/build/quadruped': CMAKE_PREFIX_PATH=${CMAKE_PREFIX_PATH}:/opt/ros/jazzy /usr/bin/cmake --build /home/ws/src/quadruped/build/quadruped -- -j20 -l20
[0.062s] -- Found ament_cmake: 2.5.2 (/opt/ros/jazzy/share/ament_cmake/cmake)
[0.368s] -- Override CMake install command with custom implementation using symlinks instead of copying resources
[0.380s] -- Found ament_lint_auto: 0.17.1 (/opt/ros/jazzy/share/ament_lint_auto/cmake)
[0.545s] -- Found rclpy: 7.1.2 (/opt/ros/jazzy/share/rclpy/cmake)
[0.559s] -- Added test 'cppcheck' to perform static code analysis on C / C++ code
[0.559s] -- Configured cppcheck include dirs: 
[0.559s] -- Configured cppcheck exclude dirs and/or files: 
[0.561s] -- Added test 'flake8' to check Python code syntax and style conventions
[0.561s] -- Configured 'flake8' exclude dirs and/or files: 
[0.564s] -- Added test 'lint_cmake' to check CMake code style
[0.566s] -- Added test 'pep257' to check Python code against some of the docstring style conventions in PEP 257
[0.575s] -- Added test 'uncrustify' to check C / C++ code style
[0.576s] -- Configured uncrustify additional arguments: 
[0.577s] -- Added test 'xmllint' to check XML markup files
[0.578s] -- Configuring done (0.5s)
[0.582s] -- Generating done (0.0s)
[0.583s] -- Build files have been written to: /home/ws/src/quadruped/build/quadruped
[0.622s] Invoked command in '/home/ws/src/quadruped/build/quadruped' returned '0': CMAKE_PREFIX_PATH=${CMAKE_PREFIX_PATH}:/opt/ros/jazzy /usr/bin/cmake --build /home/ws/src/quadruped/build/quadruped -- -j20 -l20
[0.716s] Invoking command in '/home/ws/src/quadruped/build/quadruped': CMAKE_PREFIX_PATH=${CMAKE_PREFIX_PATH}:/opt/ros/jazzy /usr/bin/cmake --install /home/ws/src/quadruped/build/quadruped
[0.733s] -- Install configuration: ""
[0.735s] -- Execute custom install script
[0.735s] -- Up-to-date symlink: /home/ws/src/quadruped/install/quadruped/lib/quadruped/template_node.py
[0.736s] -- Up-to-date symlink: /home/ws/src/quadruped/install/quadruped/lib/quadruped/template_node.py
[0.736s] -- Symlinking: /home/ws/src/quadruped/install/quadruped/lib/quadruped/mujoco_sim_node.py
[0.763s] -- Up-to-date symlink: /home/ws/src/quadruped/install/quadruped/share/ament_index/resource_index/package_run_dependencies/quadruped
[0.763s] -- Up-to-date symlink: /home/ws/src/quadruped/install/quadruped/share/ament_index/resource_index/parent_prefix_path/quadruped
[0.764s] -- Up-to-date symlink: /home/ws/src/quadruped/install/quadruped/share/quadruped/environment/ament_prefix_path.sh
[0.764s] -- Up-to-date symlink: /home/ws/src/quadruped/install/quadruped/share/quadruped/environment/ament_prefix_path.dsv
[0.764s] -- Up-to-date symlink: /home/ws/src/quadruped/install/quadruped/share/quadruped/environment/path.sh
[0.764s] -- Up-to-date symlink: /home/ws/src/quadruped/install/quadruped/share/quadruped/environment/path.dsv
[0.765s] -- Up-to-date symlink: /home/ws/src/quadruped/install/quadruped/share/quadruped/local_setup.bash
[0.765s] -- Up-to-date symlink: /home/ws/src/quadruped/install/quadruped/share/quadruped/local_setup.sh
[0.765s] -- Up-to-date symlink: /home/ws/src/quadruped/install/quadruped/share/quadruped/local_setup.zsh
[0.766s] -- Up-to-date symlink: /home/ws/src/quadruped/install/quadruped/share/quadruped/local_setup.dsv
[0.766s] -- Symlinking: /home/ws/src/quadruped/install/quadruped/share/quadruped/package.dsv
[0.785s] -- Up-to-date symlink: /home/ws/src/quadruped/install/quadruped/share/ament_index/resource_index/packages/quadruped
[0.786s] -- Up-to-date symlink: /home/ws/src/quadruped/install/quadruped/share/quadruped/cmake/quadrupedConfig.cmake
[0.786s] -- Up-to-date symlink: /home/ws/src/quadruped/install/quadruped/share/quadruped/cmake/quadrupedConfig-version.cmake
[0.786s] -- Up-to-date symlink: /home/ws/src/quadruped/install/quadruped/share/quadruped/package.xml
[0.789s] Invoked command in '/home/ws/src/quadruped/build/quadruped' returned '0': CMAKE_PREFIX_PATH=${CMAKE_PREFIX_PATH}:/opt/ros/jazzy /usr/bin/cmake --install /home/ws/src/quadruped/build/quadruped
