[0.116s] DEBUG:colcon:Command line arguments: ['/usr/bin/colcon', 'build', '--symlink-install']
[0.116s] DEBUG:colcon:Parsed command line arguments: Namespace(log_base=None, log_level=None, verb_name='build', build_base='build', install_base='install', merge_install=False, symlink_install=True, test_result_base=None, continue_on_error=False, executor='parallel', parallel_workers=20, event_handlers=None, ignore_user_meta=False, metas=['./colcon.meta'], base_paths=['.'], packages_ignore=None, packages_ignore_regex=None, paths=None, packages_up_to=None, packages_up_to_regex=None, packages_above=None, packages_above_and_dependencies=None, packages_above_depth=None, packages_select_by_dep=None, packages_skip_by_dep=None, packages_skip_up_to=None, packages_select_build_failed=False, packages_skip_build_finished=False, packages_select_test_failures=False, packages_skip_test_passed=False, packages_select=None, packages_skip=None, packages_select_regex=None, packages_skip_regex=None, packages_start=None, packages_end=None, cmake_args=None, cmake_target=None, cmake_target_skip_unavailable=False, cmake_clean_cache=False, cmake_clean_first=False, cmake_force_configure=False, ament_cmake_args=None, catkin_cmake_args=None, catkin_skip_building_tests=False, mixin_files=None, mixin=None, verb_parser=<colcon_mixin.mixin.mixin_argument.MixinArgumentDecorator object at 0x7f88f98552e0>, verb_extension=<colcon_core.verb.build.BuildVerb object at 0x7f88f9854fe0>, main=<bound method BuildVerb.main of <colcon_core.verb.build.BuildVerb object at 0x7f88f9854fe0>>, mixin_verb=('build',))
[0.163s] Level 1:colcon.colcon_core.package_discovery:discover_packages(colcon_meta) check parameters
[0.163s] Level 1:colcon.colcon_core.package_discovery:discover_packages(recursive) check parameters
[0.163s] Level 1:colcon.colcon_core.package_discovery:discover_packages(ignore) check parameters
[0.163s] Level 1:colcon.colcon_core.package_discovery:discover_packages(path) check parameters
[0.163s] Level 1:colcon.colcon_core.package_discovery:discover_packages(colcon_meta) discover
[0.163s] Level 1:colcon.colcon_core.package_discovery:discover_packages(recursive) discover
[0.163s] INFO:colcon.colcon_core.package_discovery:Crawling recursively for packages in '/home/ws/src/quadruped'
[0.163s] Level 1:colcon.colcon_core.package_identification:_identify(.) by extensions ['ignore', 'ignore_ament_install']
[0.164s] Level 1:colcon.colcon_core.package_identification:_identify(.) by extension 'ignore'
[0.164s] Level 1:colcon.colcon_core.package_identification:_identify(.) by extension 'ignore_ament_install'
[0.164s] Level 1:colcon.colcon_core.package_identification:_identify(.) by extensions ['colcon_pkg']
[0.164s] Level 1:colcon.colcon_core.package_identification:_identify(.) by extension 'colcon_pkg'
[0.164s] Level 1:colcon.colcon_core.package_identification:_identify(.) by extensions ['colcon_meta']
[0.164s] Level 1:colcon.colcon_core.package_identification:_identify(.) by extension 'colcon_meta'
[0.164s] Level 1:colcon.colcon_core.package_identification:_identify(.) by extensions ['ros']
[0.164s] Level 1:colcon.colcon_core.package_identification:_identify(.) by extension 'ros'
[0.201s] DEBUG:colcon.colcon_core.package_identification:Package '.' with type 'ros.ament_cmake' and name 'quadruped'
[0.201s] Level 1:colcon.colcon_core.package_discovery:discover_packages(recursive) using defaults
[0.201s] Level 1:colcon.colcon_core.package_discovery:discover_packages(ignore) discover
[0.201s] Level 1:colcon.colcon_core.package_discovery:discover_packages(ignore) using defaults
[0.201s] Level 1:colcon.colcon_core.package_discovery:discover_packages(path) discover
[0.201s] Level 1:colcon.colcon_core.package_discovery:discover_packages(path) using defaults
[0.223s] Level 5:colcon.colcon_core.verb:set package 'quadruped' build argument 'cmake_args' from command line to 'None'
[0.223s] Level 5:colcon.colcon_core.verb:set package 'quadruped' build argument 'cmake_target' from command line to 'None'
[0.223s] Level 5:colcon.colcon_core.verb:set package 'quadruped' build argument 'cmake_target_skip_unavailable' from command line to 'False'
[0.223s] Level 5:colcon.colcon_core.verb:set package 'quadruped' build argument 'cmake_clean_cache' from command line to 'False'
[0.223s] Level 5:colcon.colcon_core.verb:set package 'quadruped' build argument 'cmake_clean_first' from command line to 'False'
[0.223s] Level 5:colcon.colcon_core.verb:set package 'quadruped' build argument 'cmake_force_configure' from command line to 'False'
[0.223s] Level 5:colcon.colcon_core.verb:set package 'quadruped' build argument 'ament_cmake_args' from command line to 'None'
[0.223s] Level 5:colcon.colcon_core.verb:set package 'quadruped' build argument 'catkin_cmake_args' from command line to 'None'
[0.223s] Level 5:colcon.colcon_core.verb:set package 'quadruped' build argument 'catkin_skip_building_tests' from command line to 'False'
[0.223s] DEBUG:colcon.colcon_core.verb:Building package 'quadruped' with the following arguments: {'ament_cmake_args': None, 'build_base': '/home/ws/src/quadruped/build/quadruped', 'catkin_cmake_args': None, 'catkin_skip_building_tests': False, 'cmake_args': None, 'cmake_clean_cache': False, 'cmake_clean_first': False, 'cmake_force_configure': False, 'cmake_target': None, 'cmake_target_skip_unavailable': False, 'install_base': '/home/ws/src/quadruped/install/quadruped', 'merge_install': False, 'path': '/home/ws/src/quadruped', 'symlink_install': True, 'test_result_base': None}
[0.223s] INFO:colcon.colcon_core.executor:Executing jobs using 'parallel' executor
[0.225s] DEBUG:colcon.colcon_parallel_executor.executor.parallel:run_until_complete
[0.225s] INFO:colcon.colcon_ros.task.ament_cmake.build:Building ROS package in '/home/ws/src/quadruped' with build type 'ament_cmake'
[0.225s] INFO:colcon.colcon_cmake.task.cmake.build:Building CMake package in '/home/ws/src/quadruped'
[0.228s] INFO:colcon.colcon_core.plugin_system:Skipping extension 'colcon_core.shell.bat': Not used on non-Windows systems
[0.228s] INFO:colcon.colcon_core.shell:Skip shell extension 'powershell' for command environment: Not usable outside of PowerShell
[0.228s] DEBUG:colcon.colcon_core.shell:Skip shell extension 'dsv' for command environment
[0.240s] DEBUG:colcon.colcon_core.event_handler.log_command:Invoking command in '/home/ws/src/quadruped/build/quadruped': CMAKE_PREFIX_PATH=${CMAKE_PREFIX_PATH}:/opt/ros/jazzy /usr/bin/cmake --build /home/ws/src/quadruped/build/quadruped -- -j20 -l20
[0.906s] DEBUG:colcon.colcon_core.event_handler.log_command:Invoked command in '/home/ws/src/quadruped/build/quadruped' returned '0': CMAKE_PREFIX_PATH=${CMAKE_PREFIX_PATH}:/opt/ros/jazzy /usr/bin/cmake --build /home/ws/src/quadruped/build/quadruped -- -j20 -l20
[0.993s] DEBUG:colcon.colcon_core.event_handler.log_command:Invoking command in '/home/ws/src/quadruped/build/quadruped': CMAKE_PREFIX_PATH=${CMAKE_PREFIX_PATH}:/opt/ros/jazzy /usr/bin/cmake --install /home/ws/src/quadruped/build/quadruped
[1.035s] Level 1:colcon.colcon_core.environment:create_environment_scripts_only(quadruped)
[1.037s] DEBUG:colcon.colcon_core.event_handler.log_command:Invoked command in '/home/ws/src/quadruped/build/quadruped' returned '0': CMAKE_PREFIX_PATH=${CMAKE_PREFIX_PATH}:/opt/ros/jazzy /usr/bin/cmake --install /home/ws/src/quadruped/build/quadruped
[1.041s] Level 1:colcon.colcon_core.environment:checking '/home/ws/src/quadruped/install/quadruped' for CMake module files
[1.042s] Level 1:colcon.colcon_core.environment:checking '/home/ws/src/quadruped/install/quadruped' for CMake config files
[1.043s] Level 1:colcon.colcon_core.shell:create_environment_hook('quadruped', 'cmake_prefix_path')
[1.043s] INFO:colcon.colcon_core.shell:Creating environment hook '/home/ws/src/quadruped/install/quadruped/share/quadruped/hook/cmake_prefix_path.ps1'
[1.044s] INFO:colcon.colcon_core.shell:Creating environment descriptor '/home/ws/src/quadruped/install/quadruped/share/quadruped/hook/cmake_prefix_path.dsv'
[1.045s] INFO:colcon.colcon_core.shell:Creating environment hook '/home/ws/src/quadruped/install/quadruped/share/quadruped/hook/cmake_prefix_path.sh'
[1.047s] Level 1:colcon.colcon_core.environment:checking '/home/ws/src/quadruped/install/quadruped/lib'
[1.047s] Level 1:colcon.colcon_core.environment:checking '/home/ws/src/quadruped/install/quadruped/bin'
[1.047s] Level 1:colcon.colcon_core.environment:checking '/home/ws/src/quadruped/install/quadruped/lib/pkgconfig/quadruped.pc'
[1.050s] Level 1:colcon.colcon_core.environment:checking '/home/ws/src/quadruped/install/quadruped/lib/python3.12/site-packages'
[1.051s] Level 1:colcon.colcon_core.environment:checking '/home/ws/src/quadruped/install/quadruped/bin'
[1.052s] INFO:colcon.colcon_core.shell:Creating package script '/home/ws/src/quadruped/install/quadruped/share/quadruped/package.ps1'
[1.054s] INFO:colcon.colcon_core.shell:Creating package descriptor '/home/ws/src/quadruped/install/quadruped/share/quadruped/package.dsv'
[1.055s] INFO:colcon.colcon_core.shell:Creating package script '/home/ws/src/quadruped/install/quadruped/share/quadruped/package.sh'
[1.057s] INFO:colcon.colcon_core.shell:Creating package script '/home/ws/src/quadruped/install/quadruped/share/quadruped/package.bash'
[1.058s] INFO:colcon.colcon_core.shell:Creating package script '/home/ws/src/quadruped/install/quadruped/share/quadruped/package.zsh'
[1.059s] Level 1:colcon.colcon_core.environment:create_file_with_runtime_dependencies(/home/ws/src/quadruped/install/quadruped/share/colcon-core/packages/quadruped)
[1.104s] Level 1:colcon.colcon_core.environment:create_environment_scripts_only(quadruped)
[1.105s] Level 1:colcon.colcon_core.environment:checking '/home/ws/src/quadruped/install/quadruped' for CMake module files
[1.106s] Level 1:colcon.colcon_core.environment:checking '/home/ws/src/quadruped/install/quadruped' for CMake config files
[1.106s] Level 1:colcon.colcon_core.shell:create_environment_hook('quadruped', 'cmake_prefix_path')
[1.106s] INFO:colcon.colcon_core.shell:Creating environment hook '/home/ws/src/quadruped/install/quadruped/share/quadruped/hook/cmake_prefix_path.ps1'
[1.107s] INFO:colcon.colcon_core.shell:Creating environment descriptor '/home/ws/src/quadruped/install/quadruped/share/quadruped/hook/cmake_prefix_path.dsv'
[1.107s] INFO:colcon.colcon_core.shell:Creating environment hook '/home/ws/src/quadruped/install/quadruped/share/quadruped/hook/cmake_prefix_path.sh'
[1.108s] Level 1:colcon.colcon_core.environment:checking '/home/ws/src/quadruped/install/quadruped/lib'
[1.109s] Level 1:colcon.colcon_core.environment:checking '/home/ws/src/quadruped/install/quadruped/bin'
[1.109s] Level 1:colcon.colcon_core.environment:checking '/home/ws/src/quadruped/install/quadruped/lib/pkgconfig/quadruped.pc'
[1.109s] Level 1:colcon.colcon_core.environment:checking '/home/ws/src/quadruped/install/quadruped/lib/python3.12/site-packages'
[1.109s] Level 1:colcon.colcon_core.environment:checking '/home/ws/src/quadruped/install/quadruped/bin'
[1.110s] INFO:colcon.colcon_core.shell:Creating package script '/home/ws/src/quadruped/install/quadruped/share/quadruped/package.ps1'
[1.110s] INFO:colcon.colcon_core.shell:Creating package descriptor '/home/ws/src/quadruped/install/quadruped/share/quadruped/package.dsv'
[1.111s] INFO:colcon.colcon_core.shell:Creating package script '/home/ws/src/quadruped/install/quadruped/share/quadruped/package.sh'
[1.112s] INFO:colcon.colcon_core.shell:Creating package script '/home/ws/src/quadruped/install/quadruped/share/quadruped/package.bash'
[1.112s] INFO:colcon.colcon_core.shell:Creating package script '/home/ws/src/quadruped/install/quadruped/share/quadruped/package.zsh'
[1.112s] Level 1:colcon.colcon_core.environment:create_file_with_runtime_dependencies(/home/ws/src/quadruped/install/quadruped/share/colcon-core/packages/quadruped)
[1.113s] DEBUG:colcon.colcon_parallel_executor.executor.parallel:closing loop
[1.114s] DEBUG:colcon.colcon_parallel_executor.executor.parallel:loop closed
[1.114s] DEBUG:colcon.colcon_parallel_executor.executor.parallel:run_until_complete finished with '0'
[1.114s] DEBUG:colcon.colcon_core.event_reactor:joining thread
[1.126s] INFO:colcon.colcon_core.plugin_system:Skipping extension 'colcon_notification.desktop_notification.notify_send': Could not find 'notify-send'
[1.127s] INFO:colcon.colcon_core.plugin_system:Skipping extension 'colcon_notification.desktop_notification.terminal_notifier': Not used on non-Darwin systems
[1.127s] INFO:colcon.colcon_core.plugin_system:Skipping extension 'colcon_notification.desktop_notification.win32': Not used on non-Windows systems
[1.127s] INFO:colcon.colcon_notification.desktop_notification:Sending desktop notification using 'notify2'
[1.131s] DEBUG:colcon.colcon_notification.desktop_notification.notify2:Failed to initialize notify2: org.freedesktop.DBus.Error.Spawn.ExecFailed: /usr/bin/dbus-launch terminated abnormally without any error message
[1.132s] DEBUG:colcon.colcon_core.event_reactor:joined thread
[1.133s] INFO:colcon.colcon_core.shell:Creating prefix script '/home/ws/src/quadruped/install/local_setup.ps1'
[1.134s] INFO:colcon.colcon_core.shell:Creating prefix util module '/home/ws/src/quadruped/install/_local_setup_util_ps1.py'
[1.136s] INFO:colcon.colcon_core.shell:Creating prefix chain script '/home/ws/src/quadruped/install/setup.ps1'
[1.138s] INFO:colcon.colcon_core.shell:Creating prefix script '/home/ws/src/quadruped/install/local_setup.sh'
[1.139s] INFO:colcon.colcon_core.shell:Creating prefix util module '/home/ws/src/quadruped/install/_local_setup_util_sh.py'
[1.140s] INFO:colcon.colcon_core.shell:Creating prefix chain script '/home/ws/src/quadruped/install/setup.sh'
[1.142s] INFO:colcon.colcon_core.shell:Creating prefix script '/home/ws/src/quadruped/install/local_setup.bash'
[1.143s] INFO:colcon.colcon_core.shell:Creating prefix chain script '/home/ws/src/quadruped/install/setup.bash'
[1.145s] INFO:colcon.colcon_core.shell:Creating prefix script '/home/ws/src/quadruped/install/local_setup.zsh'
[1.147s] INFO:colcon.colcon_core.shell:Creating prefix chain script '/home/ws/src/quadruped/install/setup.zsh'
