-- Install configuration: ""
-- Execute custom install script
-- Up-to-date symlink: /home/ws/install/quadruped_urdf/share/quadruped_urdf/urdf/Quadruped MJB.mjb
-- Up-to-date symlink: /home/ws/install/quadruped_urdf/share/quadruped_urdf/urdf/QuadrupedURDF_sim.urdf.xacro
-- Up-to-date symlink: /home/ws/install/quadruped_urdf/share/quadruped_urdf/urdf/meshes/Body.STL
-- Up-to-date symlink: /home/ws/install/quadruped_urdf/share/quadruped_urdf/urdf/meshes/Body_bin.STL
-- Up-to-date symlink: /home/ws/install/quadruped_urdf/share/quadruped_urdf/urdf/meshes/Front Left Shin.STL
-- Up-to-date symlink: /home/ws/install/quadruped_urdf/share/quadruped_urdf/urdf/meshes/Front Left Thigh.STL
-- Up-to-date symlink: /home/ws/install/quadruped_urdf/share/quadruped_urdf/urdf/meshes/Front Right Shin.STL
-- Up-to-date symlink: /home/ws/install/quadruped_urdf/share/quadruped_urdf/urdf/meshes/Front Right Thigh.STL
-- Up-to-date symlink: /home/ws/install/quadruped_urdf/share/quadruped_urdf/urdf/meshes/Rear Left Shin.STL
-- Up-to-date symlink: /home/ws/install/quadruped_urdf/share/quadruped_urdf/urdf/meshes/Rear Left Thigh.STL
-- Up-to-date symlink: /home/ws/install/quadruped_urdf/share/quadruped_urdf/urdf/meshes/Rear Right Shin.STL
-- Up-to-date symlink: /home/ws/install/quadruped_urdf/share/quadruped_urdf/urdf/meshes/Rear Right Thigh.STL
-- Up-to-date symlink: /home/ws/install/quadruped_urdf/share/quadruped_urdf/urdf/mjb_maker.py
-- Up-to-date symlink: /home/ws/install/quadruped_urdf/share/quadruped_urdf/config/initial_joint_positions.yaml
-- Up-to-date symlink: /home/ws/install/quadruped_urdf/share/quadruped_urdf/launch/sim_urdf.launch.py
-- Up-to-date symlink: /home/ws/install/quadruped_urdf/share/ament_index/resource_index/package_run_dependencies/quadruped_urdf
-- Up-to-date symlink: /home/ws/install/quadruped_urdf/share/ament_index/resource_index/parent_prefix_path/quadruped_urdf
-- Up-to-date symlink: /home/ws/install/quadruped_urdf/share/quadruped_urdf/environment/ament_prefix_path.sh
-- Up-to-date symlink: /home/ws/install/quadruped_urdf/share/quadruped_urdf/environment/ament_prefix_path.dsv
-- Up-to-date symlink: /home/ws/install/quadruped_urdf/share/quadruped_urdf/environment/path.sh
-- Up-to-date symlink: /home/ws/install/quadruped_urdf/share/quadruped_urdf/environment/path.dsv
-- Up-to-date symlink: /home/ws/install/quadruped_urdf/share/quadruped_urdf/local_setup.bash
-- Up-to-date symlink: /home/ws/install/quadruped_urdf/share/quadruped_urdf/local_setup.sh
-- Up-to-date symlink: /home/ws/install/quadruped_urdf/share/quadruped_urdf/local_setup.zsh
-- Up-to-date symlink: /home/ws/install/quadruped_urdf/share/quadruped_urdf/local_setup.dsv
-- Symlinking: /home/ws/install/quadruped_urdf/share/quadruped_urdf/package.dsv
-- Up-to-date symlink: /home/ws/install/quadruped_urdf/share/ament_index/resource_index/packages/quadruped_urdf
-- Up-to-date symlink: /home/ws/install/quadruped_urdf/share/quadruped_urdf/cmake/quadruped_urdfConfig.cmake
-- Up-to-date symlink: /home/ws/install/quadruped_urdf/share/quadruped_urdf/cmake/quadruped_urdfConfig-version.cmake
-- Up-to-date symlink: /home/ws/install/quadruped_urdf/share/quadruped_urdf/package.xml
