[1.531s] Invoking command in '/home/ws/build/quadruped_simulation': PYTHONPATH=/home/ws/build/quadruped_simulation/prefix_override:/usr/lib/python3/dist-packages/colcon_core/task/python/colcon_distutils_commands:/home/ws/install/quadruped_simulation/lib/python3.12/site-packages:${PYTHONPATH} /usr/bin/python3 -W ignore:setup.py install is deprecated setup.py develop --editable --build-directory /home/ws/build/quadruped_simulation/build --no-deps symlink_data
[1.909s] running develop
[1.912s] /usr/lib/python3/dist-packages/setuptools/command/develop.py:40: EasyInstallDeprecationWarning: easy_install command is deprecated.
[1.912s] !!
[1.912s] 
[1.912s]         ********************************************************************************
[1.912s]         Please avoid running ``setup.py`` and ``easy_install``.
[1.913s]         Instead, use pypa/build, pypa/installer or other
[1.913s]         standards-based tools.
[1.913s] 
[1.913s]         See https://github.com/pypa/setuptools/issues/917 for details.
[1.913s]         ********************************************************************************
[1.913s] 
[1.913s] !!
[1.913s]   easy_install.initialize_options(self)
[2.090s] running egg_info
[2.106s] writing quadruped_simulation.egg-info/PKG-INFO
[2.107s] writing dependency_links to quadruped_simulation.egg-info/dependency_links.txt
[2.107s] writing requirements to quadruped_simulation.egg-info/requires.txt
[2.107s] writing top-level names to quadruped_simulation.egg-info/top_level.txt
[2.140s] reading manifest file 'quadruped_simulation.egg-info/SOURCES.txt'
[2.141s] writing manifest file 'quadruped_simulation.egg-info/SOURCES.txt'
[2.159s] running build_ext
[2.160s] Creating /home/ws/install/quadruped_simulation/lib/python3.12/site-packages/quadruped-simulation.egg-link (link to .)
[2.160s] 
[2.160s] Installed /home/ws/build/quadruped_simulation
[2.160s] running symlink_data
[2.243s] Invoked command in '/home/ws/build/quadruped_simulation' returned '0': PYTHONPATH=/home/ws/build/quadruped_simulation/prefix_override:/usr/lib/python3/dist-packages/colcon_core/task/python/colcon_distutils_commands:/home/ws/install/quadruped_simulation/lib/python3.12/site-packages:${PYTHONPATH} /usr/bin/python3 -W ignore:setup.py install is deprecated setup.py develop --editable --build-directory /home/ws/build/quadruped_simulation/build --no-deps symlink_data
