[0.037s] Invoking command in '/home/ws/build/quadruped_mpc': CMAKE_PREFIX_PATH=${CMAKE_PREFIX_PATH}:/home/ws/install/quadruped_simulation:/home/ws/install/quadruped_controllers:/opt/ros/jazzy /usr/bin/cmake --build /home/ws/build/quadruped_mpc -- -j20 -l20
[0.214s] [ 20%] [32mBuilding CXX object CMakeFiles/quadruped_mpc_lib.dir/src/balance_controller.cpp.o[0m
[7.938s] In file included from [01m[K/home/ws/src/quadruped_mpc/src/balance_controller.cpp:1[m[K:
[7.938s] [01m[K/home/ws/src/quadruped_mpc/include/quadruped_mpc/balance_controller.hpp:46:3:[m[K [01;31m[Kerror: [m[KISO C++ forbids declaration of ‘[01m[Kread_state_interfaces[m[K’ with no type [[01;31m[K]8;;https://gcc.gnu.org/onlinedocs/gcc/Warning-Options.html#index-fpermissive-fpermissive]8;;[m[K]
[7.938s]    46 |   [01;31m[KBalanceController[m[K::read_state_interfaces();
[7.938s]       |   [01;31m[K^~~~~~~~~~~~~~~~~[m[K
[7.938s] [01m[K/home/ws/src/quadruped_mpc/include/quadruped_mpc/balance_controller.hpp:46:3:[m[K [01;31m[Kerror: [m[Kextra qualification ‘[01m[Kbalance_controller::BalanceController::[m[K’ on member ‘[01m[Kread_state_interfaces[m[K’ [[01;31m[K]8;;https://gcc.gnu.org/onlinedocs/gcc/Warning-Options.html#index-fpermissive-fpermissive]8;;[m[K]
[8.431s] [01m[K/home/ws/src/quadruped_mpc/src/balance_controller.cpp:133:6:[m[K [01;31m[Kerror: [m[Kno declaration matches ‘[01m[Kvoid balance_controller::BalanceController::[01;32m[Kread_state_interfaces[m[K()[m[K’
[8.431s]   133 | void [01;31m[KBalanceController[m[K::read_state_interfaces()
[8.431s]       |      [01;31m[K^~~~~~~~~~~~~~~~~[m[K
[8.431s] [01m[K/home/ws/src/quadruped_mpc/include/quadruped_mpc/balance_controller.hpp:46:3:[m[K [01;36m[Knote: [m[Kcandidate is: ‘[01m[Kint balance_controller::BalanceController::[01;32m[Kread_state_interfaces[m[K()[m[K’
[8.432s]    46 |   [01;36m[KBalanceController[m[K::read_state_interfaces();
[8.432s]       |   [01;36m[K^~~~~~~~~~~~~~~~~[m[K
[8.432s] [01m[K/home/ws/src/quadruped_mpc/include/quadruped_mpc/balance_controller.hpp:24:7:[m[K [01;36m[Knote: [m[K‘[01m[Kclass balance_controller::BalanceController[m[K’ defined here
[8.432s]    24 | class [01;36m[KBalanceController[m[K : public controller_interface::ControllerInterface
[8.432s]       |       [01;36m[K^~~~~~~~~~~~~~~~~[m[K
[18.105s] gmake[2]: *** [CMakeFiles/quadruped_mpc_lib.dir/build.make:76: CMakeFiles/quadruped_mpc_lib.dir/src/balance_controller.cpp.o] Error 1
[18.105s] gmake[1]: *** [CMakeFiles/Makefile2:137: CMakeFiles/quadruped_mpc_lib.dir/all] Error 2
[18.105s] gmake: *** [Makefile:146: all] Error 2
[18.109s] Invoked command in '/home/ws/build/quadruped_mpc' returned '2': CMAKE_PREFIX_PATH=${CMAKE_PREFIX_PATH}:/home/ws/install/quadruped_simulation:/home/ws/install/quadruped_controllers:/opt/ros/jazzy /usr/bin/cmake --build /home/ws/build/quadruped_mpc -- -j20 -l20
