[0.010s] Invoking command in '/home/ws/src/quadruped/build/quadruped': CMAKE_PREFIX_PATH=${CMAKE_PREFIX_PATH}:/opt/ros/jazzy /usr/bin/cmake --build /home/ws/src/quadruped/build/quadruped -- -j20 -l20
[0.207s] [100%] Built target quadruped
[0.230s] Invoked command in '/home/ws/src/quadruped/build/quadruped' returned '0': CMAKE_PREFIX_PATH=${CMAKE_PREFIX_PATH}:/opt/ros/jazzy /usr/bin/cmake --build /home/ws/src/quadruped/build/quadruped -- -j20 -l20
[0.306s] Invoking command in '/home/ws/src/quadruped/build/quadruped': CMAKE_PREFIX_PATH=${CMAKE_PREFIX_PATH}:/opt/ros/jazzy /usr/bin/cmake --install /home/ws/src/quadruped/build/quadruped
[0.323s] -- Install configuration: ""
[0.323s] -- Execute custom install script
[0.323s] -- Up-to-date symlink: /home/ws/src/quadruped/install/quadruped/lib//template_node.py
[0.324s] -- Up-to-date symlink: /home/ws/src/quadruped/install/quadruped/share/quadruped/launch/gazebo_sim.launch.py
[0.324s] -- Up-to-date symlink: /home/ws/src/quadruped/install/quadruped/share/quadruped/launch/mujoco_sim.launch.py
[0.325s] -- Up-to-date symlink: /home/ws/src/quadruped/install/quadruped/share/quadruped/config/bridge.yaml
[0.325s] -- Up-to-date symlink: /home/ws/src/quadruped/install/quadruped/share/quadruped/config/quadruped.rviz
[0.325s] -- Up-to-date symlink: /home/ws/src/quadruped/install/quadruped/share/quadruped/config/quadruped_controllers.yaml
[0.326s] -- Up-to-date symlink: /home/ws/src/quadruped/install/quadruped/share/quadruped/urdf/Quadruped MJB.mjb
[0.326s] -- Up-to-date symlink: /home/ws/src/quadruped/install/quadruped/share/quadruped/urdf/QuadrupedURDF.urdf.xacro
[0.326s] -- Up-to-date symlink: /home/ws/src/quadruped/install/quadruped/share/quadruped/urdf/QuadrupedURDF_rviz.urdf.xacro
[0.326s] -- Up-to-date symlink: /home/ws/src/quadruped/install/quadruped/share/quadruped/urdf/QuadrupedURDFmujoco.urdf.xacro
[0.326s] -- Up-to-date symlink: /home/ws/src/quadruped/install/quadruped/share/quadruped/urdf/meshes/Body.STL
[0.326s] -- Up-to-date symlink: /home/ws/src/quadruped/install/quadruped/share/quadruped/urdf/meshes/Body_bin.STL
[0.327s] -- Up-to-date symlink: /home/ws/src/quadruped/install/quadruped/share/quadruped/urdf/meshes/Front Left Shin.STL
[0.327s] -- Up-to-date symlink: /home/ws/src/quadruped/install/quadruped/share/quadruped/urdf/meshes/Front Left Thigh.STL
[0.327s] -- Up-to-date symlink: /home/ws/src/quadruped/install/quadruped/share/quadruped/urdf/meshes/Front Right Shin.STL
[0.327s] -- Up-to-date symlink: /home/ws/src/quadruped/install/quadruped/share/quadruped/urdf/meshes/Front Right Thigh.STL
[0.327s] -- Up-to-date symlink: /home/ws/src/quadruped/install/quadruped/share/quadruped/urdf/meshes/Rear Left Shin.STL
[0.328s] -- Up-to-date symlink: /home/ws/src/quadruped/install/quadruped/share/quadruped/urdf/meshes/Rear Left Thigh.STL
[0.328s] -- Up-to-date symlink: /home/ws/src/quadruped/install/quadruped/share/quadruped/urdf/meshes/Rear Right Shin.STL
[0.328s] -- Up-to-date symlink: /home/ws/src/quadruped/install/quadruped/share/quadruped/urdf/meshes/Rear Right Thigh.STL
[0.328s] -- Up-to-date symlink: /home/ws/src/quadruped/install/quadruped/share/quadruped/urdf/mjb_maker.py
[0.330s] -- Up-to-date symlink: /home/ws/src/quadruped/install/quadruped/lib/libquadruped.so
[0.330s] -- Up-to-date symlink: /home/ws/src/quadruped/install/quadruped/include//quadruped/MujocoHardwareInterface.hpp
[0.331s] -- Up-to-date symlink: /home/ws/src/quadruped/install/quadruped/share/quadruped//MujocoHardwareInterface.xml
[0.331s] -- Up-to-date symlink: /home/ws/src/quadruped/install/quadruped/share/ament_index/resource_index/package_run_dependencies/quadruped
[0.331s] -- Up-to-date symlink: /home/ws/src/quadruped/install/quadruped/share/ament_index/resource_index/parent_prefix_path/quadruped
[0.331s] -- Up-to-date symlink: /home/ws/src/quadruped/install/quadruped/share/quadruped/environment/ament_prefix_path.sh
[0.331s] -- Up-to-date symlink: /home/ws/src/quadruped/install/quadruped/share/quadruped/environment/ament_prefix_path.dsv
[0.332s] -- Up-to-date symlink: /home/ws/src/quadruped/install/quadruped/share/quadruped/environment/path.sh
[0.332s] -- Up-to-date symlink: /home/ws/src/quadruped/install/quadruped/share/quadruped/environment/path.dsv
[0.332s] -- Up-to-date symlink: /home/ws/src/quadruped/install/quadruped/share/quadruped/local_setup.bash
[0.332s] -- Up-to-date symlink: /home/ws/src/quadruped/install/quadruped/share/quadruped/local_setup.sh
[0.332s] -- Up-to-date symlink: /home/ws/src/quadruped/install/quadruped/share/quadruped/local_setup.zsh
[0.332s] -- Up-to-date symlink: /home/ws/src/quadruped/install/quadruped/share/quadruped/local_setup.dsv
[0.333s] -- Symlinking: /home/ws/src/quadruped/install/quadruped/share/quadruped/package.dsv
[0.348s] -- Up-to-date symlink: /home/ws/src/quadruped/install/quadruped/share/ament_index/resource_index/packages/quadruped
[0.348s] -- Up-to-date symlink: /home/ws/src/quadruped/install/quadruped/share/ament_index/resource_index/hardware_interface__pluginlib__plugin/quadruped
[0.349s] -- Up-to-date symlink: /home/ws/src/quadruped/install/quadruped/share/quadruped/cmake/quadrupedConfig.cmake
[0.349s] -- Up-to-date symlink: /home/ws/src/quadruped/install/quadruped/share/quadruped/cmake/quadrupedConfig-version.cmake
[0.349s] -- Up-to-date symlink: /home/ws/src/quadruped/install/quadruped/share/quadruped/package.xml
[0.351s] Invoked command in '/home/ws/src/quadruped/build/quadruped' returned '0': CMAKE_PREFIX_PATH=${CMAKE_PREFIX_PATH}:/opt/ros/jazzy /usr/bin/cmake --install /home/ws/src/quadruped/build/quadruped
