[1.272s] Invoking command in '/home/ws/build/quadruped_controllers': PYTHONPATH=/home/ws/build/quadruped_controllers/prefix_override:/usr/lib/python3/dist-packages/colcon_core/task/python/colcon_distutils_commands:/home/ws/install/quadruped_controllers/lib/python3.12/site-packages:${PYTHONPATH} /usr/bin/python3 -W ignore:setup.py install is deprecated setup.py develop --editable --build-directory /home/ws/build/quadruped_controllers/build --no-deps symlink_data
[1.603s] running develop
[1.603s] /usr/lib/python3/dist-packages/setuptools/command/develop.py:40: EasyInstallDeprecationWarning: easy_install command is deprecated.
[1.604s] !!
[1.604s] 
[1.604s]         ********************************************************************************
[1.604s]         Please avoid running ``setup.py`` and ``easy_install``.
[1.604s]         Instead, use pypa/build, pypa/installer or other
[1.604s]         standards-based tools.
[1.605s] 
[1.605s]         See https://github.com/pypa/setuptools/issues/917 for details.
[1.605s]         ********************************************************************************
[1.605s] 
[1.605s] !!
[1.606s]   easy_install.initialize_options(self)
[1.780s] running egg_info
[1.795s] writing quadruped_controllers.egg-info/PKG-INFO
[1.795s] writing dependency_links to quadruped_controllers.egg-info/dependency_links.txt
[1.796s] writing requirements to quadruped_controllers.egg-info/requires.txt
[1.796s] writing top-level names to quadruped_controllers.egg-info/top_level.txt
[1.830s] reading manifest file 'quadruped_controllers.egg-info/SOURCES.txt'
[1.831s] writing manifest file 'quadruped_controllers.egg-info/SOURCES.txt'
[1.849s] running build_ext
[1.849s] Creating /home/ws/install/quadruped_controllers/lib/python3.12/site-packages/quadruped-controllers.egg-link (link to .)
[1.850s] 
[1.850s] Installed /home/ws/build/quadruped_controllers
[1.850s] running symlink_data
[1.895s] Invoked command in '/home/ws/build/quadruped_controllers' returned '0': PYTHONPATH=/home/ws/build/quadruped_controllers/prefix_override:/usr/lib/python3/dist-packages/colcon_core/task/python/colcon_distutils_commands:/home/ws/install/quadruped_controllers/lib/python3.12/site-packages:${PYTHONPATH} /usr/bin/python3 -W ignore:setup.py install is deprecated setup.py develop --editable --build-directory /home/ws/build/quadruped_controllers/build --no-deps symlink_data
