[0.127s] DEBUG:colcon:Command line arguments: ['/usr/bin/colcon', 'build', '--packages-skip', 'quadruped', '--symlink-install']
[0.127s] DEBUG:colcon:Parsed command line arguments: Namespace(log_base=None, log_level=None, verb_name='build', build_base='build', install_base='install', merge_install=False, symlink_install=True, test_result_base=None, continue_on_error=False, executor='parallel', parallel_workers=20, event_handlers=None, ignore_user_meta=False, metas=['./colcon.meta'], base_paths=['.'], packages_ignore=None, packages_ignore_regex=None, paths=None, packages_up_to=None, packages_up_to_regex=None, packages_above=None, packages_above_and_dependencies=None, packages_above_depth=None, packages_select_by_dep=None, packages_skip_by_dep=None, packages_skip_up_to=None, packages_select_build_failed=False, packages_skip_build_finished=False, packages_select_test_failures=False, packages_skip_test_passed=False, packages_select=None, packages_skip=['quadruped'], packages_select_regex=None, packages_skip_regex=None, packages_start=None, packages_end=None, cmake_args=None, cmake_target=None, cmake_target_skip_unavailable=False, cmake_clean_cache=False, cmake_clean_first=False, cmake_force_configure=False, ament_cmake_args=None, catkin_cmake_args=None, catkin_skip_building_tests=False, mixin_files=None, mixin=None, verb_parser=<colcon_mixin.mixin.mixin_argument.MixinArgumentDecorator object at 0x74c15b027c50>, verb_extension=<colcon_core.verb.build.BuildVerb object at 0x74c15b027a40>, main=<bound method BuildVerb.main of <colcon_core.verb.build.BuildVerb object at 0x74c15b027a40>>, mixin_verb=('build',))
[0.175s] Level 1:colcon.colcon_core.package_discovery:discover_packages(colcon_meta) check parameters
[0.176s] Level 1:colcon.colcon_core.package_discovery:discover_packages(recursive) check parameters
[0.176s] Level 1:colcon.colcon_core.package_discovery:discover_packages(ignore) check parameters
[0.176s] Level 1:colcon.colcon_core.package_discovery:discover_packages(path) check parameters
[0.176s] Level 1:colcon.colcon_core.package_discovery:discover_packages(colcon_meta) discover
[0.176s] Level 1:colcon.colcon_core.package_discovery:discover_packages(recursive) discover
[0.176s] INFO:colcon.colcon_core.package_discovery:Crawling recursively for packages in '/home/ws'
[0.176s] Level 1:colcon.colcon_core.package_identification:_identify(.) by extensions ['ignore', 'ignore_ament_install']
[0.176s] Level 1:colcon.colcon_core.package_identification:_identify(.) by extension 'ignore'
[0.176s] Level 1:colcon.colcon_core.package_identification:_identify(.) by extension 'ignore_ament_install'
[0.176s] Level 1:colcon.colcon_core.package_identification:_identify(.) by extensions ['colcon_pkg']
[0.176s] Level 1:colcon.colcon_core.package_identification:_identify(.) by extension 'colcon_pkg'
[0.176s] Level 1:colcon.colcon_core.package_identification:_identify(.) by extensions ['colcon_meta']
[0.176s] Level 1:colcon.colcon_core.package_identification:_identify(.) by extension 'colcon_meta'
[0.176s] Level 1:colcon.colcon_core.package_identification:_identify(.) by extensions ['ros']
[0.176s] Level 1:colcon.colcon_core.package_identification:_identify(.) by extension 'ros'
[0.210s] Level 1:colcon.colcon_core.package_identification:_identify(.) by extensions ['cmake', 'python']
[0.210s] Level 1:colcon.colcon_core.package_identification:_identify(.) by extension 'cmake'
[0.210s] Level 1:colcon.colcon_core.package_identification:_identify(.) by extension 'python'
[0.210s] Level 1:colcon.colcon_core.package_identification:_identify(.) by extensions ['python_setup_py']
[0.210s] Level 1:colcon.colcon_core.package_identification:_identify(.) by extension 'python_setup_py'
[0.210s] Level 1:colcon.colcon_core.package_identification:_identify(build) by extensions ['ignore', 'ignore_ament_install']
[0.211s] Level 1:colcon.colcon_core.package_identification:_identify(build) by extension 'ignore'
[0.211s] Level 1:colcon.colcon_core.package_identification:_identify(build) ignored
[0.211s] Level 1:colcon.colcon_core.package_identification:_identify(install) by extensions ['ignore', 'ignore_ament_install']
[0.211s] Level 1:colcon.colcon_core.package_identification:_identify(install) by extension 'ignore'
[0.211s] Level 1:colcon.colcon_core.package_identification:_identify(install) ignored
[0.211s] Level 1:colcon.colcon_core.package_identification:_identify(log) by extensions ['ignore', 'ignore_ament_install']
[0.211s] Level 1:colcon.colcon_core.package_identification:_identify(log) by extension 'ignore'
[0.211s] Level 1:colcon.colcon_core.package_identification:_identify(log) ignored
[0.211s] Level 1:colcon.colcon_core.package_identification:_identify(src) by extensions ['ignore', 'ignore_ament_install']
[0.212s] Level 1:colcon.colcon_core.package_identification:_identify(src) by extension 'ignore'
[0.212s] Level 1:colcon.colcon_core.package_identification:_identify(src) by extension 'ignore_ament_install'
[0.212s] Level 1:colcon.colcon_core.package_identification:_identify(src) by extensions ['colcon_pkg']
[0.212s] Level 1:colcon.colcon_core.package_identification:_identify(src) by extension 'colcon_pkg'
[0.212s] Level 1:colcon.colcon_core.package_identification:_identify(src) by extensions ['colcon_meta']
[0.212s] Level 1:colcon.colcon_core.package_identification:_identify(src) by extension 'colcon_meta'
[0.212s] Level 1:colcon.colcon_core.package_identification:_identify(src) by extensions ['ros']
[0.212s] Level 1:colcon.colcon_core.package_identification:_identify(src) by extension 'ros'
[0.212s] Level 1:colcon.colcon_core.package_identification:_identify(src) by extensions ['cmake', 'python']
[0.212s] Level 1:colcon.colcon_core.package_identification:_identify(src) by extension 'cmake'
[0.212s] Level 1:colcon.colcon_core.package_identification:_identify(src) by extension 'python'
[0.212s] Level 1:colcon.colcon_core.package_identification:_identify(src) by extensions ['python_setup_py']
[0.212s] Level 1:colcon.colcon_core.package_identification:_identify(src) by extension 'python_setup_py'
[0.212s] Level 1:colcon.colcon_core.package_identification:_identify(src/quadruped) by extensions ['ignore', 'ignore_ament_install']
[0.212s] Level 1:colcon.colcon_core.package_identification:_identify(src/quadruped) by extension 'ignore'
[0.212s] Level 1:colcon.colcon_core.package_identification:_identify(src/quadruped) by extension 'ignore_ament_install'
[0.212s] Level 1:colcon.colcon_core.package_identification:_identify(src/quadruped) by extensions ['colcon_pkg']
[0.212s] Level 1:colcon.colcon_core.package_identification:_identify(src/quadruped) by extension 'colcon_pkg'
[0.212s] Level 1:colcon.colcon_core.package_identification:_identify(src/quadruped) by extensions ['colcon_meta']
[0.212s] Level 1:colcon.colcon_core.package_identification:_identify(src/quadruped) by extension 'colcon_meta'
[0.212s] Level 1:colcon.colcon_core.package_identification:_identify(src/quadruped) by extensions ['ros']
[0.213s] Level 1:colcon.colcon_core.package_identification:_identify(src/quadruped) by extension 'ros'
[0.217s] DEBUG:colcon.colcon_core.package_identification:Package 'src/quadruped' with type 'ros.ament_cmake' and name 'quadruped'
[0.217s] Level 1:colcon.colcon_core.package_identification:_identify(src/quadruped_bringup) by extensions ['ignore', 'ignore_ament_install']
[0.217s] Level 1:colcon.colcon_core.package_identification:_identify(src/quadruped_bringup) by extension 'ignore'
[0.217s] Level 1:colcon.colcon_core.package_identification:_identify(src/quadruped_bringup) by extension 'ignore_ament_install'
[0.217s] Level 1:colcon.colcon_core.package_identification:_identify(src/quadruped_bringup) by extensions ['colcon_pkg']
[0.217s] Level 1:colcon.colcon_core.package_identification:_identify(src/quadruped_bringup) by extension 'colcon_pkg'
[0.217s] Level 1:colcon.colcon_core.package_identification:_identify(src/quadruped_bringup) by extensions ['colcon_meta']
[0.217s] Level 1:colcon.colcon_core.package_identification:_identify(src/quadruped_bringup) by extension 'colcon_meta'
[0.217s] Level 1:colcon.colcon_core.package_identification:_identify(src/quadruped_bringup) by extensions ['ros']
[0.218s] Level 1:colcon.colcon_core.package_identification:_identify(src/quadruped_bringup) by extension 'ros'
[0.218s] DEBUG:colcon.colcon_core.package_identification:Package 'src/quadruped_bringup' with type 'ros.ament_cmake' and name 'quadruped_bringup'
[0.218s] Level 1:colcon.colcon_core.package_identification:_identify(src/quadruped_hardware) by extensions ['ignore', 'ignore_ament_install']
[0.218s] Level 1:colcon.colcon_core.package_identification:_identify(src/quadruped_hardware) by extension 'ignore'
[0.218s] Level 1:colcon.colcon_core.package_identification:_identify(src/quadruped_hardware) by extension 'ignore_ament_install'
[0.219s] Level 1:colcon.colcon_core.package_identification:_identify(src/quadruped_hardware) by extensions ['colcon_pkg']
[0.219s] Level 1:colcon.colcon_core.package_identification:_identify(src/quadruped_hardware) by extension 'colcon_pkg'
[0.219s] Level 1:colcon.colcon_core.package_identification:_identify(src/quadruped_hardware) by extensions ['colcon_meta']
[0.219s] Level 1:colcon.colcon_core.package_identification:_identify(src/quadruped_hardware) by extension 'colcon_meta'
[0.219s] Level 1:colcon.colcon_core.package_identification:_identify(src/quadruped_hardware) by extensions ['ros']
[0.219s] Level 1:colcon.colcon_core.package_identification:_identify(src/quadruped_hardware) by extension 'ros'
[0.219s] DEBUG:colcon.colcon_core.package_identification:Package 'src/quadruped_hardware' with type 'ros.ament_cmake' and name 'quadruped_hardware'
[0.219s] Level 1:colcon.colcon_core.package_identification:_identify(src/quadruped_mpc) by extensions ['ignore', 'ignore_ament_install']
[0.219s] Level 1:colcon.colcon_core.package_identification:_identify(src/quadruped_mpc) by extension 'ignore'
[0.219s] Level 1:colcon.colcon_core.package_identification:_identify(src/quadruped_mpc) by extension 'ignore_ament_install'
[0.220s] Level 1:colcon.colcon_core.package_identification:_identify(src/quadruped_mpc) by extensions ['colcon_pkg']
[0.220s] Level 1:colcon.colcon_core.package_identification:_identify(src/quadruped_mpc) by extension 'colcon_pkg'
[0.220s] Level 1:colcon.colcon_core.package_identification:_identify(src/quadruped_mpc) by extensions ['colcon_meta']
[0.220s] Level 1:colcon.colcon_core.package_identification:_identify(src/quadruped_mpc) by extension 'colcon_meta'
[0.220s] Level 1:colcon.colcon_core.package_identification:_identify(src/quadruped_mpc) by extensions ['ros']
[0.220s] Level 1:colcon.colcon_core.package_identification:_identify(src/quadruped_mpc) by extension 'ros'
[0.220s] DEBUG:colcon.colcon_core.package_identification:Package 'src/quadruped_mpc' with type 'ros.ament_cmake' and name 'quadruped_mpc'
[0.221s] Level 1:colcon.colcon_core.package_identification:_identify(src/quadruped_sim) by extensions ['ignore', 'ignore_ament_install']
[0.221s] Level 1:colcon.colcon_core.package_identification:_identify(src/quadruped_sim) by extension 'ignore'
[0.221s] Level 1:colcon.colcon_core.package_identification:_identify(src/quadruped_sim) by extension 'ignore_ament_install'
[0.221s] Level 1:colcon.colcon_core.package_identification:_identify(src/quadruped_sim) by extensions ['colcon_pkg']
[0.221s] Level 1:colcon.colcon_core.package_identification:_identify(src/quadruped_sim) by extension 'colcon_pkg'
[0.221s] Level 1:colcon.colcon_core.package_identification:_identify(src/quadruped_sim) by extensions ['colcon_meta']
[0.221s] Level 1:colcon.colcon_core.package_identification:_identify(src/quadruped_sim) by extension 'colcon_meta'
[0.221s] Level 1:colcon.colcon_core.package_identification:_identify(src/quadruped_sim) by extensions ['ros']
[0.221s] Level 1:colcon.colcon_core.package_identification:_identify(src/quadruped_sim) by extension 'ros'
[0.221s] DEBUG:colcon.colcon_core.package_identification:Package 'src/quadruped_sim' with type 'ros.ament_cmake' and name 'quadruped_sim'
[0.221s] Level 1:colcon.colcon_core.package_identification:_identify(src/quadruped_urdf) by extensions ['ignore', 'ignore_ament_install']
[0.222s] Level 1:colcon.colcon_core.package_identification:_identify(src/quadruped_urdf) by extension 'ignore'
[0.222s] Level 1:colcon.colcon_core.package_identification:_identify(src/quadruped_urdf) by extension 'ignore_ament_install'
[0.222s] Level 1:colcon.colcon_core.package_identification:_identify(src/quadruped_urdf) by extensions ['colcon_pkg']
[0.222s] Level 1:colcon.colcon_core.package_identification:_identify(src/quadruped_urdf) by extension 'colcon_pkg'
[0.222s] Level 1:colcon.colcon_core.package_identification:_identify(src/quadruped_urdf) by extensions ['colcon_meta']
[0.222s] Level 1:colcon.colcon_core.package_identification:_identify(src/quadruped_urdf) by extension 'colcon_meta'
[0.222s] Level 1:colcon.colcon_core.package_identification:_identify(src/quadruped_urdf) by extensions ['ros']
[0.222s] Level 1:colcon.colcon_core.package_identification:_identify(src/quadruped_urdf) by extension 'ros'
[0.222s] DEBUG:colcon.colcon_core.package_identification:Package 'src/quadruped_urdf' with type 'ros.ament_cmake' and name 'quadruped_urdf'
[0.222s] Level 1:colcon.colcon_core.package_discovery:discover_packages(recursive) using defaults
[0.222s] Level 1:colcon.colcon_core.package_discovery:discover_packages(ignore) discover
[0.222s] Level 1:colcon.colcon_core.package_discovery:discover_packages(ignore) using defaults
[0.222s] Level 1:colcon.colcon_core.package_discovery:discover_packages(path) discover
[0.222s] Level 1:colcon.colcon_core.package_discovery:discover_packages(path) using defaults
[0.250s] INFO:colcon.colcon_core.package_selection:Skipping package 'quadruped' in 'src/quadruped'
[0.250s] Level 5:colcon.colcon_core.verb:set package 'quadruped_bringup' build argument 'cmake_args' from command line to 'None'
[0.250s] Level 5:colcon.colcon_core.verb:set package 'quadruped_bringup' build argument 'cmake_target' from command line to 'None'
[0.250s] Level 5:colcon.colcon_core.verb:set package 'quadruped_bringup' build argument 'cmake_target_skip_unavailable' from command line to 'False'
[0.251s] Level 5:colcon.colcon_core.verb:set package 'quadruped_bringup' build argument 'cmake_clean_cache' from command line to 'False'
[0.251s] Level 5:colcon.colcon_core.verb:set package 'quadruped_bringup' build argument 'cmake_clean_first' from command line to 'False'
[0.251s] Level 5:colcon.colcon_core.verb:set package 'quadruped_bringup' build argument 'cmake_force_configure' from command line to 'False'
[0.251s] Level 5:colcon.colcon_core.verb:set package 'quadruped_bringup' build argument 'ament_cmake_args' from command line to 'None'
[0.251s] Level 5:colcon.colcon_core.verb:set package 'quadruped_bringup' build argument 'catkin_cmake_args' from command line to 'None'
[0.251s] Level 5:colcon.colcon_core.verb:set package 'quadruped_bringup' build argument 'catkin_skip_building_tests' from command line to 'False'
[0.251s] DEBUG:colcon.colcon_core.verb:Building package 'quadruped_bringup' with the following arguments: {'ament_cmake_args': None, 'build_base': '/home/ws/build/quadruped_bringup', 'catkin_cmake_args': None, 'catkin_skip_building_tests': False, 'cmake_args': None, 'cmake_clean_cache': False, 'cmake_clean_first': False, 'cmake_force_configure': False, 'cmake_target': None, 'cmake_target_skip_unavailable': False, 'install_base': '/home/ws/install/quadruped_bringup', 'merge_install': False, 'path': '/home/ws/src/quadruped_bringup', 'symlink_install': True, 'test_result_base': None}
[0.251s] Level 5:colcon.colcon_core.verb:set package 'quadruped_hardware' build argument 'cmake_args' from command line to 'None'
[0.251s] Level 5:colcon.colcon_core.verb:set package 'quadruped_hardware' build argument 'cmake_target' from command line to 'None'
[0.251s] Level 5:colcon.colcon_core.verb:set package 'quadruped_hardware' build argument 'cmake_target_skip_unavailable' from command line to 'False'
[0.251s] Level 5:colcon.colcon_core.verb:set package 'quadruped_hardware' build argument 'cmake_clean_cache' from command line to 'False'
[0.251s] Level 5:colcon.colcon_core.verb:set package 'quadruped_hardware' build argument 'cmake_clean_first' from command line to 'False'
[0.251s] Level 5:colcon.colcon_core.verb:set package 'quadruped_hardware' build argument 'cmake_force_configure' from command line to 'False'
[0.251s] Level 5:colcon.colcon_core.verb:set package 'quadruped_hardware' build argument 'ament_cmake_args' from command line to 'None'
[0.251s] Level 5:colcon.colcon_core.verb:set package 'quadruped_hardware' build argument 'catkin_cmake_args' from command line to 'None'
[0.251s] Level 5:colcon.colcon_core.verb:set package 'quadruped_hardware' build argument 'catkin_skip_building_tests' from command line to 'False'
[0.251s] DEBUG:colcon.colcon_core.verb:Building package 'quadruped_hardware' with the following arguments: {'ament_cmake_args': None, 'build_base': '/home/ws/build/quadruped_hardware', 'catkin_cmake_args': None, 'catkin_skip_building_tests': False, 'cmake_args': None, 'cmake_clean_cache': False, 'cmake_clean_first': False, 'cmake_force_configure': False, 'cmake_target': None, 'cmake_target_skip_unavailable': False, 'install_base': '/home/ws/install/quadruped_hardware', 'merge_install': False, 'path': '/home/ws/src/quadruped_hardware', 'symlink_install': True, 'test_result_base': None}
[0.252s] Level 5:colcon.colcon_core.verb:set package 'quadruped_mpc' build argument 'cmake_args' from command line to 'None'
[0.252s] Level 5:colcon.colcon_core.verb:set package 'quadruped_mpc' build argument 'cmake_target' from command line to 'None'
[0.252s] Level 5:colcon.colcon_core.verb:set package 'quadruped_mpc' build argument 'cmake_target_skip_unavailable' from command line to 'False'
[0.252s] Level 5:colcon.colcon_core.verb:set package 'quadruped_mpc' build argument 'cmake_clean_cache' from command line to 'False'
[0.252s] Level 5:colcon.colcon_core.verb:set package 'quadruped_mpc' build argument 'cmake_clean_first' from command line to 'False'
[0.252s] Level 5:colcon.colcon_core.verb:set package 'quadruped_mpc' build argument 'cmake_force_configure' from command line to 'False'
[0.252s] Level 5:colcon.colcon_core.verb:set package 'quadruped_mpc' build argument 'ament_cmake_args' from command line to 'None'
[0.252s] Level 5:colcon.colcon_core.verb:set package 'quadruped_mpc' build argument 'catkin_cmake_args' from command line to 'None'
[0.252s] Level 5:colcon.colcon_core.verb:set package 'quadruped_mpc' build argument 'catkin_skip_building_tests' from command line to 'False'
[0.252s] DEBUG:colcon.colcon_core.verb:Building package 'quadruped_mpc' with the following arguments: {'ament_cmake_args': None, 'build_base': '/home/ws/build/quadruped_mpc', 'catkin_cmake_args': None, 'catkin_skip_building_tests': False, 'cmake_args': None, 'cmake_clean_cache': False, 'cmake_clean_first': False, 'cmake_force_configure': False, 'cmake_target': None, 'cmake_target_skip_unavailable': False, 'install_base': '/home/ws/install/quadruped_mpc', 'merge_install': False, 'path': '/home/ws/src/quadruped_mpc', 'symlink_install': True, 'test_result_base': None}
[0.253s] Level 5:colcon.colcon_core.verb:set package 'quadruped_sim' build argument 'cmake_args' from command line to 'None'
[0.253s] Level 5:colcon.colcon_core.verb:set package 'quadruped_sim' build argument 'cmake_target' from command line to 'None'
[0.253s] Level 5:colcon.colcon_core.verb:set package 'quadruped_sim' build argument 'cmake_target_skip_unavailable' from command line to 'False'
[0.253s] Level 5:colcon.colcon_core.verb:set package 'quadruped_sim' build argument 'cmake_clean_cache' from command line to 'False'
[0.253s] Level 5:colcon.colcon_core.verb:set package 'quadruped_sim' build argument 'cmake_clean_first' from command line to 'False'
[0.253s] Level 5:colcon.colcon_core.verb:set package 'quadruped_sim' build argument 'cmake_force_configure' from command line to 'False'
[0.253s] Level 5:colcon.colcon_core.verb:set package 'quadruped_sim' build argument 'ament_cmake_args' from command line to 'None'
[0.253s] Level 5:colcon.colcon_core.verb:set package 'quadruped_sim' build argument 'catkin_cmake_args' from command line to 'None'
[0.253s] Level 5:colcon.colcon_core.verb:set package 'quadruped_sim' build argument 'catkin_skip_building_tests' from command line to 'False'
[0.253s] DEBUG:colcon.colcon_core.verb:Building package 'quadruped_sim' with the following arguments: {'ament_cmake_args': None, 'build_base': '/home/ws/build/quadruped_sim', 'catkin_cmake_args': None, 'catkin_skip_building_tests': False, 'cmake_args': None, 'cmake_clean_cache': False, 'cmake_clean_first': False, 'cmake_force_configure': False, 'cmake_target': None, 'cmake_target_skip_unavailable': False, 'install_base': '/home/ws/install/quadruped_sim', 'merge_install': False, 'path': '/home/ws/src/quadruped_sim', 'symlink_install': True, 'test_result_base': None}
[0.253s] Level 5:colcon.colcon_core.verb:set package 'quadruped_urdf' build argument 'cmake_args' from command line to 'None'
[0.253s] Level 5:colcon.colcon_core.verb:set package 'quadruped_urdf' build argument 'cmake_target' from command line to 'None'
[0.253s] Level 5:colcon.colcon_core.verb:set package 'quadruped_urdf' build argument 'cmake_target_skip_unavailable' from command line to 'False'
[0.253s] Level 5:colcon.colcon_core.verb:set package 'quadruped_urdf' build argument 'cmake_clean_cache' from command line to 'False'
[0.253s] Level 5:colcon.colcon_core.verb:set package 'quadruped_urdf' build argument 'cmake_clean_first' from command line to 'False'
[0.253s] Level 5:colcon.colcon_core.verb:set package 'quadruped_urdf' build argument 'cmake_force_configure' from command line to 'False'
[0.253s] Level 5:colcon.colcon_core.verb:set package 'quadruped_urdf' build argument 'ament_cmake_args' from command line to 'None'
[0.253s] Level 5:colcon.colcon_core.verb:set package 'quadruped_urdf' build argument 'catkin_cmake_args' from command line to 'None'
[0.253s] Level 5:colcon.colcon_core.verb:set package 'quadruped_urdf' build argument 'catkin_skip_building_tests' from command line to 'False'
[0.253s] DEBUG:colcon.colcon_core.verb:Building package 'quadruped_urdf' with the following arguments: {'ament_cmake_args': None, 'build_base': '/home/ws/build/quadruped_urdf', 'catkin_cmake_args': None, 'catkin_skip_building_tests': False, 'cmake_args': None, 'cmake_clean_cache': False, 'cmake_clean_first': False, 'cmake_force_configure': False, 'cmake_target': None, 'cmake_target_skip_unavailable': False, 'install_base': '/home/ws/install/quadruped_urdf', 'merge_install': False, 'path': '/home/ws/src/quadruped_urdf', 'symlink_install': True, 'test_result_base': None}
[0.254s] INFO:colcon.colcon_core.executor:Executing jobs using 'parallel' executor
[0.255s] DEBUG:colcon.colcon_parallel_executor.executor.parallel:run_until_complete
[0.256s] INFO:colcon.colcon_ros.task.ament_cmake.build:Building ROS package in '/home/ws/src/quadruped_bringup' with build type 'ament_cmake'
[0.256s] INFO:colcon.colcon_cmake.task.cmake.build:Building CMake package in '/home/ws/src/quadruped_bringup'
[0.260s] INFO:colcon.colcon_core.plugin_system:Skipping extension 'colcon_core.shell.bat': Not used on non-Windows systems
[0.260s] INFO:colcon.colcon_core.shell:Skip shell extension 'powershell' for command environment: Not usable outside of PowerShell
[0.260s] DEBUG:colcon.colcon_core.shell:Skip shell extension 'dsv' for command environment
[0.262s] WARNING:colcon.colcon_ros.prefix_path.ament:The path '/home/ws/install/quadruped_simulation' in the environment variable AMENT_PREFIX_PATH doesn't exist
[0.262s] WARNING:colcon.colcon_ros.prefix_path.ament:The path '/home/ws/install/quadruped_controllers' in the environment variable AMENT_PREFIX_PATH doesn't exist
[0.269s] INFO:colcon.colcon_ros.task.ament_cmake.build:Building ROS package in '/home/ws/src/quadruped_hardware' with build type 'ament_cmake'
[0.270s] INFO:colcon.colcon_cmake.task.cmake.build:Building CMake package in '/home/ws/src/quadruped_hardware'
[0.270s] INFO:colcon.colcon_core.shell:Skip shell extension 'powershell' for command environment: Not usable outside of PowerShell
[0.270s] DEBUG:colcon.colcon_core.shell:Skip shell extension 'dsv' for command environment
[0.276s] INFO:colcon.colcon_ros.task.ament_cmake.build:Building ROS package in '/home/ws/src/quadruped_mpc' with build type 'ament_cmake'
[0.276s] INFO:colcon.colcon_cmake.task.cmake.build:Building CMake package in '/home/ws/src/quadruped_mpc'
[0.276s] INFO:colcon.colcon_core.shell:Skip shell extension 'powershell' for command environment: Not usable outside of PowerShell
[0.276s] DEBUG:colcon.colcon_core.shell:Skip shell extension 'dsv' for command environment
[0.283s] INFO:colcon.colcon_ros.task.ament_cmake.build:Building ROS package in '/home/ws/src/quadruped_sim' with build type 'ament_cmake'
[0.284s] INFO:colcon.colcon_cmake.task.cmake.build:Building CMake package in '/home/ws/src/quadruped_sim'
[0.284s] INFO:colcon.colcon_core.shell:Skip shell extension 'powershell' for command environment: Not usable outside of PowerShell
[0.284s] DEBUG:colcon.colcon_core.shell:Skip shell extension 'dsv' for command environment
[0.292s] INFO:colcon.colcon_ros.task.ament_cmake.build:Building ROS package in '/home/ws/src/quadruped_urdf' with build type 'ament_cmake'
[0.292s] INFO:colcon.colcon_cmake.task.cmake.build:Building CMake package in '/home/ws/src/quadruped_urdf'
[0.292s] INFO:colcon.colcon_core.shell:Skip shell extension 'powershell' for command environment: Not usable outside of PowerShell
[0.292s] DEBUG:colcon.colcon_core.shell:Skip shell extension 'dsv' for command environment
[0.311s] DEBUG:colcon.colcon_core.event_handler.log_command:Invoking command in '/home/ws/build/quadruped_bringup': CMAKE_PREFIX_PATH=${CMAKE_PREFIX_PATH}:/home/ws/install/quadruped_simulation:/home/ws/install/quadruped_controllers:/opt/ros/jazzy /usr/bin/cmake --build /home/ws/build/quadruped_bringup -- -j20 -l20
[0.323s] DEBUG:colcon.colcon_core.event_handler.log_command:Invoking command in '/home/ws/build/quadruped_hardware': CMAKE_PREFIX_PATH=${CMAKE_PREFIX_PATH}:/home/ws/install/quadruped_simulation:/home/ws/install/quadruped_controllers:/opt/ros/jazzy /usr/bin/cmake --build /home/ws/build/quadruped_hardware -- -j20 -l20
[0.332s] DEBUG:colcon.colcon_core.event_handler.log_command:Invoking command in '/home/ws/build/quadruped_mpc': CMAKE_PREFIX_PATH=${CMAKE_PREFIX_PATH}:/home/ws/install/quadruped_simulation:/home/ws/install/quadruped_controllers:/opt/ros/jazzy /usr/bin/cmake /home/ws/src/quadruped_mpc -DAMENT_CMAKE_SYMLINK_INSTALL=1 -DCMAKE_INSTALL_PREFIX=/home/ws/install/quadruped_mpc
[0.343s] DEBUG:colcon.colcon_core.event_handler.log_command:Invoking command in '/home/ws/build/quadruped_sim': CMAKE_PREFIX_PATH=${CMAKE_PREFIX_PATH}:/home/ws/install/quadruped_simulation:/home/ws/install/quadruped_controllers:/opt/ros/jazzy /usr/bin/cmake --build /home/ws/build/quadruped_sim -- -j20 -l20
[0.368s] DEBUG:colcon.colcon_core.event_handler.log_command:Invoking command in '/home/ws/build/quadruped_urdf': CMAKE_PREFIX_PATH=${CMAKE_PREFIX_PATH}:/home/ws/install/quadruped_simulation:/home/ws/install/quadruped_controllers:/opt/ros/jazzy /usr/bin/cmake --build /home/ws/build/quadruped_urdf -- -j20 -l20
[0.454s] DEBUG:colcon.colcon_core.event_handler.log_command:Invoked command in '/home/ws/build/quadruped_bringup' returned '0': CMAKE_PREFIX_PATH=${CMAKE_PREFIX_PATH}:/home/ws/install/quadruped_simulation:/home/ws/install/quadruped_controllers:/opt/ros/jazzy /usr/bin/cmake --build /home/ws/build/quadruped_bringup -- -j20 -l20
[0.462s] DEBUG:colcon.colcon_core.event_handler.log_command:Invoked command in '/home/ws/build/quadruped_sim' returned '0': CMAKE_PREFIX_PATH=${CMAKE_PREFIX_PATH}:/home/ws/install/quadruped_simulation:/home/ws/install/quadruped_controllers:/opt/ros/jazzy /usr/bin/cmake --build /home/ws/build/quadruped_sim -- -j20 -l20
[0.468s] DEBUG:colcon.colcon_core.event_handler.log_command:Invoked command in '/home/ws/build/quadruped_hardware' returned '0': CMAKE_PREFIX_PATH=${CMAKE_PREFIX_PATH}:/home/ws/install/quadruped_simulation:/home/ws/install/quadruped_controllers:/opt/ros/jazzy /usr/bin/cmake --build /home/ws/build/quadruped_hardware -- -j20 -l20
[0.502s] DEBUG:colcon.colcon_core.event_handler.log_command:Invoked command in '/home/ws/build/quadruped_urdf' returned '0': CMAKE_PREFIX_PATH=${CMAKE_PREFIX_PATH}:/home/ws/install/quadruped_simulation:/home/ws/install/quadruped_controllers:/opt/ros/jazzy /usr/bin/cmake --build /home/ws/build/quadruped_urdf -- -j20 -l20
[0.540s] DEBUG:colcon.colcon_core.event_handler.log_command:Invoking command in '/home/ws/build/quadruped_bringup': CMAKE_PREFIX_PATH=${CMAKE_PREFIX_PATH}:/home/ws/install/quadruped_simulation:/home/ws/install/quadruped_controllers:/opt/ros/jazzy /usr/bin/cmake --install /home/ws/build/quadruped_bringup
[0.544s] DEBUG:colcon.colcon_core.event_handler.log_command:Invoking command in '/home/ws/build/quadruped_sim': CMAKE_PREFIX_PATH=${CMAKE_PREFIX_PATH}:/home/ws/install/quadruped_simulation:/home/ws/install/quadruped_controllers:/opt/ros/jazzy /usr/bin/cmake --install /home/ws/build/quadruped_sim
[0.545s] DEBUG:colcon.colcon_core.event_handler.log_command:Invoking command in '/home/ws/build/quadruped_hardware': CMAKE_PREFIX_PATH=${CMAKE_PREFIX_PATH}:/home/ws/install/quadruped_simulation:/home/ws/install/quadruped_controllers:/opt/ros/jazzy /usr/bin/cmake --install /home/ws/build/quadruped_hardware
[0.575s] DEBUG:colcon.colcon_core.event_handler.log_command:Invoking command in '/home/ws/build/quadruped_urdf': CMAKE_PREFIX_PATH=${CMAKE_PREFIX_PATH}:/home/ws/install/quadruped_simulation:/home/ws/install/quadruped_controllers:/opt/ros/jazzy /usr/bin/cmake --install /home/ws/build/quadruped_urdf
[0.602s] Level 1:colcon.colcon_core.environment:create_environment_scripts_only(quadruped_bringup)
[0.603s] DEBUG:colcon.colcon_core.event_handler.log_command:Invoked command in '/home/ws/build/quadruped_bringup' returned '0': CMAKE_PREFIX_PATH=${CMAKE_PREFIX_PATH}:/home/ws/install/quadruped_simulation:/home/ws/install/quadruped_controllers:/opt/ros/jazzy /usr/bin/cmake --install /home/ws/build/quadruped_bringup
[0.609s] Level 1:colcon.colcon_core.environment:checking '/home/ws/install/quadruped_bringup' for CMake module files
[0.610s] Level 1:colcon.colcon_core.environment:checking '/home/ws/install/quadruped_bringup' for CMake config files
[0.611s] Level 1:colcon.colcon_core.shell:create_environment_hook('quadruped_bringup', 'cmake_prefix_path')
[0.611s] INFO:colcon.colcon_core.shell:Creating environment hook '/home/ws/install/quadruped_bringup/share/quadruped_bringup/hook/cmake_prefix_path.ps1'
[0.612s] INFO:colcon.colcon_core.shell:Creating environment descriptor '/home/ws/install/quadruped_bringup/share/quadruped_bringup/hook/cmake_prefix_path.dsv'
[0.612s] INFO:colcon.colcon_core.shell:Creating environment hook '/home/ws/install/quadruped_bringup/share/quadruped_bringup/hook/cmake_prefix_path.sh'
[0.613s] Level 1:colcon.colcon_core.environment:checking '/home/ws/install/quadruped_bringup/bin'
[0.613s] Level 1:colcon.colcon_core.environment:checking '/home/ws/install/quadruped_bringup/lib/pkgconfig/quadruped_bringup.pc'
[0.616s] Level 1:colcon.colcon_core.environment:checking '/home/ws/install/quadruped_bringup/lib/python3.12/site-packages'
[0.616s] Level 1:colcon.colcon_core.environment:checking '/home/ws/install/quadruped_bringup/bin'
[0.617s] INFO:colcon.colcon_core.shell:Creating package script '/home/ws/install/quadruped_bringup/share/quadruped_bringup/package.ps1'
[0.618s] INFO:colcon.colcon_core.shell:Creating package descriptor '/home/ws/install/quadruped_bringup/share/quadruped_bringup/package.dsv'
[0.619s] INFO:colcon.colcon_core.shell:Creating package script '/home/ws/install/quadruped_bringup/share/quadruped_bringup/package.sh'
[0.620s] INFO:colcon.colcon_core.shell:Creating package script '/home/ws/install/quadruped_bringup/share/quadruped_bringup/package.bash'
[0.621s] INFO:colcon.colcon_core.shell:Creating package script '/home/ws/install/quadruped_bringup/share/quadruped_bringup/package.zsh'
[0.621s] Level 1:colcon.colcon_core.environment:create_file_with_runtime_dependencies(/home/ws/install/quadruped_bringup/share/colcon-core/packages/quadruped_bringup)
[0.624s] Level 1:colcon.colcon_core.environment:create_environment_scripts_only(quadruped_hardware)
[0.624s] Level 1:colcon.colcon_core.environment:checking '/home/ws/install/quadruped_hardware' for CMake module files
[0.625s] DEBUG:colcon.colcon_core.event_handler.log_command:Invoked command in '/home/ws/build/quadruped_hardware' returned '0': CMAKE_PREFIX_PATH=${CMAKE_PREFIX_PATH}:/home/ws/install/quadruped_simulation:/home/ws/install/quadruped_controllers:/opt/ros/jazzy /usr/bin/cmake --install /home/ws/build/quadruped_hardware
[0.626s] Level 1:colcon.colcon_core.environment:checking '/home/ws/install/quadruped_hardware' for CMake config files
[0.626s] Level 1:colcon.colcon_core.shell:create_environment_hook('quadruped_hardware', 'cmake_prefix_path')
[0.627s] INFO:colcon.colcon_core.shell:Creating environment hook '/home/ws/install/quadruped_hardware/share/quadruped_hardware/hook/cmake_prefix_path.ps1'
[0.627s] INFO:colcon.colcon_core.shell:Creating environment descriptor '/home/ws/install/quadruped_hardware/share/quadruped_hardware/hook/cmake_prefix_path.dsv'
[0.628s] INFO:colcon.colcon_core.shell:Creating environment hook '/home/ws/install/quadruped_hardware/share/quadruped_hardware/hook/cmake_prefix_path.sh'
[0.628s] Level 1:colcon.colcon_core.environment:checking '/home/ws/install/quadruped_hardware/bin'
[0.629s] Level 1:colcon.colcon_core.environment:checking '/home/ws/install/quadruped_hardware/lib/pkgconfig/quadruped_hardware.pc'
[0.629s] Level 1:colcon.colcon_core.environment:checking '/home/ws/install/quadruped_hardware/lib/python3.12/site-packages'
[0.629s] Level 1:colcon.colcon_core.environment:checking '/home/ws/install/quadruped_hardware/bin'
[0.630s] INFO:colcon.colcon_core.shell:Creating package script '/home/ws/install/quadruped_hardware/share/quadruped_hardware/package.ps1'
[0.630s] INFO:colcon.colcon_core.shell:Creating package descriptor '/home/ws/install/quadruped_hardware/share/quadruped_hardware/package.dsv'
[0.631s] INFO:colcon.colcon_core.shell:Creating package script '/home/ws/install/quadruped_hardware/share/quadruped_hardware/package.sh'
[0.631s] INFO:colcon.colcon_core.shell:Creating package script '/home/ws/install/quadruped_hardware/share/quadruped_hardware/package.bash'
[0.631s] INFO:colcon.colcon_core.shell:Creating package script '/home/ws/install/quadruped_hardware/share/quadruped_hardware/package.zsh'
[0.632s] Level 1:colcon.colcon_core.environment:create_file_with_runtime_dependencies(/home/ws/install/quadruped_hardware/share/colcon-core/packages/quadruped_hardware)
[0.633s] Level 1:colcon.colcon_core.environment:create_environment_scripts_only(quadruped_urdf)
[0.633s] Level 1:colcon.colcon_core.environment:checking '/home/ws/install/quadruped_urdf' for CMake module files
[0.634s] DEBUG:colcon.colcon_core.event_handler.log_command:Invoked command in '/home/ws/build/quadruped_urdf' returned '0': CMAKE_PREFIX_PATH=${CMAKE_PREFIX_PATH}:/home/ws/install/quadruped_simulation:/home/ws/install/quadruped_controllers:/opt/ros/jazzy /usr/bin/cmake --install /home/ws/build/quadruped_urdf
[0.635s] Level 1:colcon.colcon_core.environment:checking '/home/ws/install/quadruped_urdf' for CMake config files
[0.635s] Level 1:colcon.colcon_core.shell:create_environment_hook('quadruped_urdf', 'cmake_prefix_path')
[0.635s] INFO:colcon.colcon_core.shell:Creating environment hook '/home/ws/install/quadruped_urdf/share/quadruped_urdf/hook/cmake_prefix_path.ps1'
[0.636s] INFO:colcon.colcon_core.shell:Creating environment descriptor '/home/ws/install/quadruped_urdf/share/quadruped_urdf/hook/cmake_prefix_path.dsv'
[0.636s] INFO:colcon.colcon_core.shell:Creating environment hook '/home/ws/install/quadruped_urdf/share/quadruped_urdf/hook/cmake_prefix_path.sh'
[0.637s] Level 1:colcon.colcon_core.environment:checking '/home/ws/install/quadruped_urdf/bin'
[0.637s] Level 1:colcon.colcon_core.environment:checking '/home/ws/install/quadruped_urdf/lib/pkgconfig/quadruped_urdf.pc'
[0.637s] Level 1:colcon.colcon_core.environment:checking '/home/ws/install/quadruped_urdf/lib/python3.12/site-packages'
[0.637s] Level 1:colcon.colcon_core.environment:checking '/home/ws/install/quadruped_urdf/bin'
[0.638s] INFO:colcon.colcon_core.shell:Creating package script '/home/ws/install/quadruped_urdf/share/quadruped_urdf/package.ps1'
[0.639s] INFO:colcon.colcon_core.shell:Creating package descriptor '/home/ws/install/quadruped_urdf/share/quadruped_urdf/package.dsv'
[0.639s] INFO:colcon.colcon_core.shell:Creating package script '/home/ws/install/quadruped_urdf/share/quadruped_urdf/package.sh'
[0.639s] INFO:colcon.colcon_core.shell:Creating package script '/home/ws/install/quadruped_urdf/share/quadruped_urdf/package.bash'
[0.640s] INFO:colcon.colcon_core.shell:Creating package script '/home/ws/install/quadruped_urdf/share/quadruped_urdf/package.zsh'
[0.640s] Level 1:colcon.colcon_core.environment:create_file_with_runtime_dependencies(/home/ws/install/quadruped_urdf/share/colcon-core/packages/quadruped_urdf)
[0.641s] Level 1:colcon.colcon_core.environment:create_environment_scripts_only(quadruped_sim)
[0.641s] Level 1:colcon.colcon_core.environment:checking '/home/ws/install/quadruped_sim' for CMake module files
[0.642s] DEBUG:colcon.colcon_core.event_handler.log_command:Invoked command in '/home/ws/build/quadruped_sim' returned '0': CMAKE_PREFIX_PATH=${CMAKE_PREFIX_PATH}:/home/ws/install/quadruped_simulation:/home/ws/install/quadruped_controllers:/opt/ros/jazzy /usr/bin/cmake --install /home/ws/build/quadruped_sim
[0.642s] Level 1:colcon.colcon_core.environment:checking '/home/ws/install/quadruped_sim' for CMake config files
[0.642s] Level 1:colcon.colcon_core.shell:create_environment_hook('quadruped_sim', 'cmake_prefix_path')
[0.643s] INFO:colcon.colcon_core.shell:Creating environment hook '/home/ws/install/quadruped_sim/share/quadruped_sim/hook/cmake_prefix_path.ps1'
[0.643s] INFO:colcon.colcon_core.shell:Creating environment descriptor '/home/ws/install/quadruped_sim/share/quadruped_sim/hook/cmake_prefix_path.dsv'
[0.644s] INFO:colcon.colcon_core.shell:Creating environment hook '/home/ws/install/quadruped_sim/share/quadruped_sim/hook/cmake_prefix_path.sh'
[0.644s] Level 1:colcon.colcon_core.environment:checking '/home/ws/install/quadruped_sim/bin'
[0.644s] Level 1:colcon.colcon_core.environment:checking '/home/ws/install/quadruped_sim/lib/pkgconfig/quadruped_sim.pc'
[0.645s] Level 1:colcon.colcon_core.environment:checking '/home/ws/install/quadruped_sim/lib/python3.12/site-packages'
[0.645s] Level 1:colcon.colcon_core.environment:checking '/home/ws/install/quadruped_sim/bin'
[0.645s] INFO:colcon.colcon_core.shell:Creating package script '/home/ws/install/quadruped_sim/share/quadruped_sim/package.ps1'
[0.646s] INFO:colcon.colcon_core.shell:Creating package descriptor '/home/ws/install/quadruped_sim/share/quadruped_sim/package.dsv'
[0.646s] INFO:colcon.colcon_core.shell:Creating package script '/home/ws/install/quadruped_sim/share/quadruped_sim/package.sh'
[0.646s] INFO:colcon.colcon_core.shell:Creating package script '/home/ws/install/quadruped_sim/share/quadruped_sim/package.bash'
[0.647s] INFO:colcon.colcon_core.shell:Creating package script '/home/ws/install/quadruped_sim/share/quadruped_sim/package.zsh'
[0.647s] Level 1:colcon.colcon_core.environment:create_file_with_runtime_dependencies(/home/ws/install/quadruped_sim/share/colcon-core/packages/quadruped_sim)
[0.671s] Level 1:colcon.colcon_core.environment:create_environment_scripts_only(quadruped_bringup)
[0.672s] Level 1:colcon.colcon_core.environment:checking '/home/ws/install/quadruped_bringup' for CMake module files
[0.674s] Level 1:colcon.colcon_core.environment:checking '/home/ws/install/quadruped_bringup' for CMake config files
[0.675s] Level 1:colcon.colcon_core.shell:create_environment_hook('quadruped_bringup', 'cmake_prefix_path')
[0.676s] INFO:colcon.colcon_core.shell:Creating environment hook '/home/ws/install/quadruped_bringup/share/quadruped_bringup/hook/cmake_prefix_path.ps1'
[0.678s] INFO:colcon.colcon_core.shell:Creating environment descriptor '/home/ws/install/quadruped_bringup/share/quadruped_bringup/hook/cmake_prefix_path.dsv'
[0.679s] INFO:colcon.colcon_core.shell:Creating environment hook '/home/ws/install/quadruped_bringup/share/quadruped_bringup/hook/cmake_prefix_path.sh'
[0.681s] Level 1:colcon.colcon_core.environment:checking '/home/ws/install/quadruped_bringup/bin'
[0.681s] Level 1:colcon.colcon_core.environment:checking '/home/ws/install/quadruped_bringup/lib/pkgconfig/quadruped_bringup.pc'
[0.682s] Level 1:colcon.colcon_core.environment:checking '/home/ws/install/quadruped_bringup/lib/python3.12/site-packages'
[0.683s] Level 1:colcon.colcon_core.environment:checking '/home/ws/install/quadruped_bringup/bin'
[0.684s] INFO:colcon.colcon_core.shell:Creating package script '/home/ws/install/quadruped_bringup/share/quadruped_bringup/package.ps1'
[0.686s] INFO:colcon.colcon_core.shell:Creating package descriptor '/home/ws/install/quadruped_bringup/share/quadruped_bringup/package.dsv'
[0.688s] INFO:colcon.colcon_core.shell:Creating package script '/home/ws/install/quadruped_bringup/share/quadruped_bringup/package.sh'
[0.691s] INFO:colcon.colcon_core.shell:Creating package script '/home/ws/install/quadruped_bringup/share/quadruped_bringup/package.bash'
[0.693s] INFO:colcon.colcon_core.shell:Creating package script '/home/ws/install/quadruped_bringup/share/quadruped_bringup/package.zsh'
[0.694s] Level 1:colcon.colcon_core.environment:create_file_with_runtime_dependencies(/home/ws/install/quadruped_bringup/share/colcon-core/packages/quadruped_bringup)
[0.699s] Level 1:colcon.colcon_core.environment:create_environment_scripts_only(quadruped_hardware)
[0.700s] Level 1:colcon.colcon_core.environment:checking '/home/ws/install/quadruped_hardware' for CMake module files
[0.701s] Level 1:colcon.colcon_core.environment:checking '/home/ws/install/quadruped_hardware' for CMake config files
[0.702s] Level 1:colcon.colcon_core.shell:create_environment_hook('quadruped_hardware', 'cmake_prefix_path')
[0.702s] INFO:colcon.colcon_core.shell:Creating environment hook '/home/ws/install/quadruped_hardware/share/quadruped_hardware/hook/cmake_prefix_path.ps1'
[0.704s] INFO:colcon.colcon_core.shell:Creating environment descriptor '/home/ws/install/quadruped_hardware/share/quadruped_hardware/hook/cmake_prefix_path.dsv'
[0.705s] INFO:colcon.colcon_core.shell:Creating environment hook '/home/ws/install/quadruped_hardware/share/quadruped_hardware/hook/cmake_prefix_path.sh'
[0.707s] Level 1:colcon.colcon_core.environment:checking '/home/ws/install/quadruped_hardware/bin'
[0.708s] Level 1:colcon.colcon_core.environment:checking '/home/ws/install/quadruped_hardware/lib/pkgconfig/quadruped_hardware.pc'
[0.708s] Level 1:colcon.colcon_core.environment:checking '/home/ws/install/quadruped_hardware/lib/python3.12/site-packages'
[0.709s] Level 1:colcon.colcon_core.environment:checking '/home/ws/install/quadruped_hardware/bin'
[0.709s] INFO:colcon.colcon_core.shell:Creating package script '/home/ws/install/quadruped_hardware/share/quadruped_hardware/package.ps1'
[0.711s] INFO:colcon.colcon_core.shell:Creating package descriptor '/home/ws/install/quadruped_hardware/share/quadruped_hardware/package.dsv'
[0.712s] INFO:colcon.colcon_core.shell:Creating package script '/home/ws/install/quadruped_hardware/share/quadruped_hardware/package.sh'
[0.713s] INFO:colcon.colcon_core.shell:Creating package script '/home/ws/install/quadruped_hardware/share/quadruped_hardware/package.bash'
[0.714s] INFO:colcon.colcon_core.shell:Creating package script '/home/ws/install/quadruped_hardware/share/quadruped_hardware/package.zsh'
[0.715s] Level 1:colcon.colcon_core.environment:create_file_with_runtime_dependencies(/home/ws/install/quadruped_hardware/share/colcon-core/packages/quadruped_hardware)
[0.718s] Level 1:colcon.colcon_core.environment:create_environment_scripts_only(quadruped_sim)
[0.719s] Level 1:colcon.colcon_core.environment:checking '/home/ws/install/quadruped_sim' for CMake module files
[0.721s] Level 1:colcon.colcon_core.environment:checking '/home/ws/install/quadruped_sim' for CMake config files
[0.721s] Level 1:colcon.colcon_core.shell:create_environment_hook('quadruped_sim', 'cmake_prefix_path')
[0.722s] INFO:colcon.colcon_core.shell:Creating environment hook '/home/ws/install/quadruped_sim/share/quadruped_sim/hook/cmake_prefix_path.ps1'
[0.723s] INFO:colcon.colcon_core.shell:Creating environment descriptor '/home/ws/install/quadruped_sim/share/quadruped_sim/hook/cmake_prefix_path.dsv'
[0.723s] INFO:colcon.colcon_core.shell:Creating environment hook '/home/ws/install/quadruped_sim/share/quadruped_sim/hook/cmake_prefix_path.sh'
[0.725s] Level 1:colcon.colcon_core.environment:checking '/home/ws/install/quadruped_sim/bin'
[0.725s] Level 1:colcon.colcon_core.environment:checking '/home/ws/install/quadruped_sim/lib/pkgconfig/quadruped_sim.pc'
[0.726s] Level 1:colcon.colcon_core.environment:checking '/home/ws/install/quadruped_sim/lib/python3.12/site-packages'
[0.727s] Level 1:colcon.colcon_core.environment:checking '/home/ws/install/quadruped_sim/bin'
[0.727s] INFO:colcon.colcon_core.shell:Creating package script '/home/ws/install/quadruped_sim/share/quadruped_sim/package.ps1'
[0.729s] INFO:colcon.colcon_core.shell:Creating package descriptor '/home/ws/install/quadruped_sim/share/quadruped_sim/package.dsv'
[0.730s] INFO:colcon.colcon_core.shell:Creating package script '/home/ws/install/quadruped_sim/share/quadruped_sim/package.sh'
[0.731s] INFO:colcon.colcon_core.shell:Creating package script '/home/ws/install/quadruped_sim/share/quadruped_sim/package.bash'
[0.732s] INFO:colcon.colcon_core.shell:Creating package script '/home/ws/install/quadruped_sim/share/quadruped_sim/package.zsh'
[0.732s] Level 1:colcon.colcon_core.environment:create_file_with_runtime_dependencies(/home/ws/install/quadruped_sim/share/colcon-core/packages/quadruped_sim)
[0.733s] Level 1:colcon.colcon_core.environment:create_environment_scripts_only(quadruped_urdf)
[0.734s] Level 1:colcon.colcon_core.environment:checking '/home/ws/install/quadruped_urdf' for CMake module files
[0.737s] Level 1:colcon.colcon_core.environment:checking '/home/ws/install/quadruped_urdf' for CMake config files
[0.739s] Level 1:colcon.colcon_core.shell:create_environment_hook('quadruped_urdf', 'cmake_prefix_path')
[0.739s] INFO:colcon.colcon_core.shell:Creating environment hook '/home/ws/install/quadruped_urdf/share/quadruped_urdf/hook/cmake_prefix_path.ps1'
[0.740s] INFO:colcon.colcon_core.shell:Creating environment descriptor '/home/ws/install/quadruped_urdf/share/quadruped_urdf/hook/cmake_prefix_path.dsv'
[0.741s] INFO:colcon.colcon_core.shell:Creating environment hook '/home/ws/install/quadruped_urdf/share/quadruped_urdf/hook/cmake_prefix_path.sh'
[0.743s] Level 1:colcon.colcon_core.environment:checking '/home/ws/install/quadruped_urdf/bin'
[0.743s] Level 1:colcon.colcon_core.environment:checking '/home/ws/install/quadruped_urdf/lib/pkgconfig/quadruped_urdf.pc'
[0.744s] Level 1:colcon.colcon_core.environment:checking '/home/ws/install/quadruped_urdf/lib/python3.12/site-packages'
[0.744s] Level 1:colcon.colcon_core.environment:checking '/home/ws/install/quadruped_urdf/bin'
[0.745s] INFO:colcon.colcon_core.shell:Creating package script '/home/ws/install/quadruped_urdf/share/quadruped_urdf/package.ps1'
[0.747s] INFO:colcon.colcon_core.shell:Creating package descriptor '/home/ws/install/quadruped_urdf/share/quadruped_urdf/package.dsv'
[0.748s] INFO:colcon.colcon_core.shell:Creating package script '/home/ws/install/quadruped_urdf/share/quadruped_urdf/package.sh'
[0.749s] INFO:colcon.colcon_core.shell:Creating package script '/home/ws/install/quadruped_urdf/share/quadruped_urdf/package.bash'
[0.750s] INFO:colcon.colcon_core.shell:Creating package script '/home/ws/install/quadruped_urdf/share/quadruped_urdf/package.zsh'
[0.751s] Level 1:colcon.colcon_core.environment:create_file_with_runtime_dependencies(/home/ws/install/quadruped_urdf/share/colcon-core/packages/quadruped_urdf)
[3.646s] DEBUG:colcon.colcon_core.event_handler.log_command:Invoked command in '/home/ws/build/quadruped_mpc' returned '1': CMAKE_PREFIX_PATH=${CMAKE_PREFIX_PATH}:/home/ws/install/quadruped_simulation:/home/ws/install/quadruped_controllers:/opt/ros/jazzy /usr/bin/cmake /home/ws/src/quadruped_mpc -DAMENT_CMAKE_SYMLINK_INSTALL=1 -DCMAKE_INSTALL_PREFIX=/home/ws/install/quadruped_mpc
[3.668s] Level 1:colcon.colcon_core.environment:create_environment_scripts_only(quadruped_mpc)
[3.669s] Level 1:colcon.colcon_core.environment:checking '/home/ws/install/quadruped_mpc' for CMake module files
[3.669s] Level 1:colcon.colcon_core.environment:checking '/home/ws/install/quadruped_mpc' for CMake config files
[3.670s] Level 1:colcon.colcon_core.environment:checking '/home/ws/install/quadruped_mpc/bin'
[3.670s] Level 1:colcon.colcon_core.environment:checking '/home/ws/install/quadruped_mpc/lib/pkgconfig/quadruped_mpc.pc'
[3.671s] Level 1:colcon.colcon_core.environment:checking '/home/ws/install/quadruped_mpc/lib/python3.12/site-packages'
[3.671s] Level 1:colcon.colcon_core.environment:checking '/home/ws/install/quadruped_mpc/bin'
[3.671s] INFO:colcon.colcon_core.shell:Creating package script '/home/ws/install/quadruped_mpc/share/quadruped_mpc/package.ps1'
[3.672s] INFO:colcon.colcon_core.shell:Creating package descriptor '/home/ws/install/quadruped_mpc/share/quadruped_mpc/package.dsv'
[3.672s] INFO:colcon.colcon_core.shell:Creating package script '/home/ws/install/quadruped_mpc/share/quadruped_mpc/package.sh'
[3.673s] INFO:colcon.colcon_core.shell:Creating package script '/home/ws/install/quadruped_mpc/share/quadruped_mpc/package.bash'
[3.673s] INFO:colcon.colcon_core.shell:Creating package script '/home/ws/install/quadruped_mpc/share/quadruped_mpc/package.zsh'
[3.674s] Level 1:colcon.colcon_core.environment:create_file_with_runtime_dependencies(/home/ws/install/quadruped_mpc/share/colcon-core/packages/quadruped_mpc)
[3.684s] DEBUG:colcon.colcon_parallel_executor.executor.parallel:closing loop
[3.685s] DEBUG:colcon.colcon_parallel_executor.executor.parallel:loop closed
[3.685s] DEBUG:colcon.colcon_parallel_executor.executor.parallel:run_until_complete finished with '1'
[3.685s] DEBUG:colcon.colcon_core.event_reactor:joining thread
[3.699s] INFO:colcon.colcon_core.plugin_system:Skipping extension 'colcon_notification.desktop_notification.notify_send': Could not find 'notify-send'
[3.699s] INFO:colcon.colcon_core.plugin_system:Skipping extension 'colcon_notification.desktop_notification.terminal_notifier': Not used on non-Darwin systems
[3.699s] INFO:colcon.colcon_core.plugin_system:Skipping extension 'colcon_notification.desktop_notification.win32': Not used on non-Windows systems
[3.699s] INFO:colcon.colcon_notification.desktop_notification:Sending desktop notification using 'notify2'
[3.706s] DEBUG:colcon.colcon_notification.desktop_notification.notify2:Failed to initialize notify2: org.freedesktop.DBus.Error.Spawn.ExecFailed: /usr/bin/dbus-launch terminated abnormally without any error message
[3.707s] DEBUG:colcon.colcon_core.event_reactor:joined thread
[3.708s] INFO:colcon.colcon_core.shell:Creating prefix script '/home/ws/install/local_setup.ps1'
[3.711s] INFO:colcon.colcon_core.shell:Creating prefix util module '/home/ws/install/_local_setup_util_ps1.py'
[3.713s] INFO:colcon.colcon_core.shell:Creating prefix chain script '/home/ws/install/setup.ps1'
[3.715s] INFO:colcon.colcon_core.shell:Creating prefix script '/home/ws/install/local_setup.sh'
[3.716s] INFO:colcon.colcon_core.shell:Creating prefix util module '/home/ws/install/_local_setup_util_sh.py'
[3.718s] INFO:colcon.colcon_core.shell:Creating prefix chain script '/home/ws/install/setup.sh'
[3.721s] INFO:colcon.colcon_core.shell:Creating prefix script '/home/ws/install/local_setup.bash'
[3.722s] INFO:colcon.colcon_core.shell:Creating prefix chain script '/home/ws/install/setup.bash'
[3.725s] INFO:colcon.colcon_core.shell:Creating prefix script '/home/ws/install/local_setup.zsh'
[3.727s] INFO:colcon.colcon_core.shell:Creating prefix chain script '/home/ws/install/setup.zsh'
