[0.050s] Invoking command in '/home/ws/build/quadruped_urdf': CMAKE_PREFIX_PATH=${CMAKE_PREFIX_PATH}:/home/ws/install/quadruped_simulation:/home/ws/install/quadruped_controllers:/opt/ros/jazzy /usr/bin/cmake --build /home/ws/build/quadruped_urdf -- -j20 -l20
[0.190s] Invoked command in '/home/ws/build/quadruped_urdf' returned '0': CMAKE_PREFIX_PATH=${CMAKE_PREFIX_PATH}:/home/ws/install/quadruped_simulation:/home/ws/install/quadruped_controllers:/opt/ros/jazzy /usr/bin/cmake --build /home/ws/build/quadruped_urdf -- -j20 -l20
[0.297s] Invoking command in '/home/ws/build/quadruped_urdf': CMAKE_PREFIX_PATH=${CMAKE_PREFIX_PATH}:/home/ws/install/quadruped_simulation:/home/ws/install/quadruped_controllers:/opt/ros/jazzy /usr/bin/cmake --install /home/ws/build/quadruped_urdf
[0.327s] -- Install configuration: ""
[0.332s] -- Execute custom install script
[0.338s] -- Up-to-date symlink: /home/ws/install/quadruped_urdf/share/quadruped_urdf/urdf/Quadruped MJB.mjb
[0.339s] -- Up-to-date symlink: /home/ws/install/quadruped_urdf/share/quadruped_urdf/urdf/QuadrupedURDF_sim.urdf.xacro
[0.339s] -- Up-to-date symlink: /home/ws/install/quadruped_urdf/share/quadruped_urdf/urdf/meshes/Body.STL
[0.341s] -- Up-to-date symlink: /home/ws/install/quadruped_urdf/share/quadruped_urdf/urdf/meshes/Body_bin.STL
[0.342s] -- Up-to-date symlink: /home/ws/install/quadruped_urdf/share/quadruped_urdf/urdf/meshes/Front Left Shin.STL
[0.344s] -- Up-to-date symlink: /home/ws/install/quadruped_urdf/share/quadruped_urdf/urdf/meshes/Front Left Thigh.STL
[0.344s] -- Up-to-date symlink: /home/ws/install/quadruped_urdf/share/quadruped_urdf/urdf/meshes/Front Right Shin.STL
[0.344s] -- Up-to-date symlink: /home/ws/install/quadruped_urdf/share/quadruped_urdf/urdf/meshes/Front Right Thigh.STL
[0.344s] -- Up-to-date symlink: /home/ws/install/quadruped_urdf/share/quadruped_urdf/urdf/meshes/Rear Left Shin.STL
[0.345s] -- Up-to-date symlink: /home/ws/install/quadruped_urdf/share/quadruped_urdf/urdf/meshes/Rear Left Thigh.STL
[0.345s] -- Up-to-date symlink: /home/ws/install/quadruped_urdf/share/quadruped_urdf/urdf/meshes/Rear Right Shin.STL
[0.346s] -- Up-to-date symlink: /home/ws/install/quadruped_urdf/share/quadruped_urdf/urdf/meshes/Rear Right Thigh.STL
[0.346s] -- Up-to-date symlink: /home/ws/install/quadruped_urdf/share/quadruped_urdf/urdf/mjb_maker.py
[0.346s] -- Up-to-date symlink: /home/ws/install/quadruped_urdf/share/quadruped_urdf/config/initial_joint_positions.yaml
[0.347s] -- Up-to-date symlink: /home/ws/install/quadruped_urdf/share/quadruped_urdf/launch/sim_urdf.launch.py
[0.347s] -- Up-to-date symlink: /home/ws/install/quadruped_urdf/share/ament_index/resource_index/package_run_dependencies/quadruped_urdf
[0.347s] -- Up-to-date symlink: /home/ws/install/quadruped_urdf/share/ament_index/resource_index/parent_prefix_path/quadruped_urdf
[0.348s] -- Up-to-date symlink: /home/ws/install/quadruped_urdf/share/quadruped_urdf/environment/ament_prefix_path.sh
[0.348s] -- Up-to-date symlink: /home/ws/install/quadruped_urdf/share/quadruped_urdf/environment/ament_prefix_path.dsv
[0.348s] -- Up-to-date symlink: /home/ws/install/quadruped_urdf/share/quadruped_urdf/environment/path.sh
[0.349s] -- Up-to-date symlink: /home/ws/install/quadruped_urdf/share/quadruped_urdf/environment/path.dsv
[0.349s] -- Up-to-date symlink: /home/ws/install/quadruped_urdf/share/quadruped_urdf/local_setup.bash
[0.349s] -- Up-to-date symlink: /home/ws/install/quadruped_urdf/share/quadruped_urdf/local_setup.sh
[0.350s] -- Up-to-date symlink: /home/ws/install/quadruped_urdf/share/quadruped_urdf/local_setup.zsh
[0.351s] -- Up-to-date symlink: /home/ws/install/quadruped_urdf/share/quadruped_urdf/local_setup.dsv
[0.351s] -- Symlinking: /home/ws/install/quadruped_urdf/share/quadruped_urdf/package.dsv
[0.378s] -- Up-to-date symlink: /home/ws/install/quadruped_urdf/share/ament_index/resource_index/packages/quadruped_urdf
[0.379s] -- Up-to-date symlink: /home/ws/install/quadruped_urdf/share/quadruped_urdf/cmake/quadruped_urdfConfig.cmake
[0.379s] -- Up-to-date symlink: /home/ws/install/quadruped_urdf/share/quadruped_urdf/cmake/quadruped_urdfConfig-version.cmake
[0.379s] -- Up-to-date symlink: /home/ws/install/quadruped_urdf/share/quadruped_urdf/package.xml
[0.448s] Invoked command in '/home/ws/build/quadruped_urdf' returned '0': CMAKE_PREFIX_PATH=${CMAKE_PREFIX_PATH}:/home/ws/install/quadruped_simulation:/home/ws/install/quadruped_controllers:/opt/ros/jazzy /usr/bin/cmake --install /home/ws/build/quadruped_urdf
