[0.045s] Invoking command in '/home/ws/build/quadruped_urdf': CMAKE_PREFIX_PATH=${CMAKE_PREFIX_PATH}:/home/ws/install/quadruped_simulation:/home/ws/install/quadruped_controllers:/opt/ros/jazzy /usr/bin/cmake --build /home/ws/build/quadruped_urdf -- -j20 -l20
[0.161s] Invoked command in '/home/ws/build/quadruped_urdf' returned '0': CMAKE_PREFIX_PATH=${CMAKE_PREFIX_PATH}:/home/ws/install/quadruped_simulation:/home/ws/install/quadruped_controllers:/opt/ros/jazzy /usr/bin/cmake --build /home/ws/build/quadruped_urdf -- -j20 -l20
[0.236s] Invoking command in '/home/ws/build/quadruped_urdf': CMAKE_PREFIX_PATH=${CMAKE_PREFIX_PATH}:/home/ws/install/quadruped_simulation:/home/ws/install/quadruped_controllers:/opt/ros/jazzy /usr/bin/cmake --install /home/ws/build/quadruped_urdf
[0.252s] -- Install configuration: ""
[0.255s] -- Execute custom install script
[0.255s] -- Up-to-date symlink: /home/ws/install/quadruped_urdf/share/quadruped_urdf/urdf/Quadruped MJB.mjb
[0.256s] -- Up-to-date symlink: /home/ws/install/quadruped_urdf/share/quadruped_urdf/urdf/QuadrupedURDF_sim.urdf.xacro
[0.256s] -- Up-to-date symlink: /home/ws/install/quadruped_urdf/share/quadruped_urdf/urdf/meshes/Body.STL
[0.256s] -- Up-to-date symlink: /home/ws/install/quadruped_urdf/share/quadruped_urdf/urdf/meshes/Body_bin.STL
[0.256s] -- Up-to-date symlink: /home/ws/install/quadruped_urdf/share/quadruped_urdf/urdf/meshes/Front Left Shin.STL
[0.258s] -- Up-to-date symlink: /home/ws/install/quadruped_urdf/share/quadruped_urdf/urdf/meshes/Front Left Thigh.STL
[0.258s] -- Up-to-date symlink: /home/ws/install/quadruped_urdf/share/quadruped_urdf/urdf/meshes/Front Right Shin.STL
[0.259s] -- Up-to-date symlink: /home/ws/install/quadruped_urdf/share/quadruped_urdf/urdf/meshes/Front Right Thigh.STL
[0.259s] -- Up-to-date symlink: /home/ws/install/quadruped_urdf/share/quadruped_urdf/urdf/meshes/Rear Left Shin.STL
[0.259s] -- Up-to-date symlink: /home/ws/install/quadruped_urdf/share/quadruped_urdf/urdf/meshes/Rear Left Thigh.STL
[0.260s] -- Up-to-date symlink: /home/ws/install/quadruped_urdf/share/quadruped_urdf/urdf/meshes/Rear Right Shin.STL
[0.260s] -- Up-to-date symlink: /home/ws/install/quadruped_urdf/share/quadruped_urdf/urdf/meshes/Rear Right Thigh.STL
[0.262s] -- Up-to-date symlink: /home/ws/install/quadruped_urdf/share/quadruped_urdf/urdf/mjb_maker.py
[0.264s] -- Up-to-date symlink: /home/ws/install/quadruped_urdf/share/quadruped_urdf/config/initial_joint_positions.yaml
[0.264s] -- Up-to-date symlink: /home/ws/install/quadruped_urdf/share/quadruped_urdf/launch/sim_urdf.launch.py
[0.265s] -- Up-to-date symlink: /home/ws/install/quadruped_urdf/share/ament_index/resource_index/package_run_dependencies/quadruped_urdf
[0.265s] -- Up-to-date symlink: /home/ws/install/quadruped_urdf/share/ament_index/resource_index/parent_prefix_path/quadruped_urdf
[0.265s] -- Up-to-date symlink: /home/ws/install/quadruped_urdf/share/quadruped_urdf/environment/ament_prefix_path.sh
[0.266s] -- Up-to-date symlink: /home/ws/install/quadruped_urdf/share/quadruped_urdf/environment/ament_prefix_path.dsv
[0.268s] -- Up-to-date symlink: /home/ws/install/quadruped_urdf/share/quadruped_urdf/environment/path.sh
[0.269s] -- Up-to-date symlink: /home/ws/install/quadruped_urdf/share/quadruped_urdf/environment/path.dsv
[0.269s] -- Up-to-date symlink: /home/ws/install/quadruped_urdf/share/quadruped_urdf/local_setup.bash
[0.269s] -- Up-to-date symlink: /home/ws/install/quadruped_urdf/share/quadruped_urdf/local_setup.sh
[0.269s] -- Up-to-date symlink: /home/ws/install/quadruped_urdf/share/quadruped_urdf/local_setup.zsh
[0.270s] -- Up-to-date symlink: /home/ws/install/quadruped_urdf/share/quadruped_urdf/local_setup.dsv
[0.270s] -- Symlinking: /home/ws/install/quadruped_urdf/share/quadruped_urdf/package.dsv
[0.282s] -- Up-to-date symlink: /home/ws/install/quadruped_urdf/share/ament_index/resource_index/packages/quadruped_urdf
[0.283s] -- Up-to-date symlink: /home/ws/install/quadruped_urdf/share/quadruped_urdf/cmake/quadruped_urdfConfig.cmake
[0.283s] -- Up-to-date symlink: /home/ws/install/quadruped_urdf/share/quadruped_urdf/cmake/quadruped_urdfConfig-version.cmake
[0.284s] -- Up-to-date symlink: /home/ws/install/quadruped_urdf/share/quadruped_urdf/package.xml
[0.321s] Invoked command in '/home/ws/build/quadruped_urdf' returned '0': CMAKE_PREFIX_PATH=${CMAKE_PREFIX_PATH}:/home/ws/install/quadruped_simulation:/home/ws/install/quadruped_controllers:/opt/ros/jazzy /usr/bin/cmake --install /home/ws/build/quadruped_urdf
