[0.020s] Invoking command in '/home/ws/build/quadruped': CMAKE_PREFIX_PATH=${CMAKE_PREFIX_PATH}:/opt/ros/jazzy /usr/bin/cmake --build /home/ws/build/quadruped -- -j20 -l20
[0.169s] -- Found ament_cmake: 2.5.2 (/opt/ros/jazzy/share/ament_cmake/cmake)
[0.237s] -- Found Python3: /usr/bin/python3 (found version "3.12.3") found components: Interpreter 
[0.374s] -- Override CMake install command with custom implementation using symlinks instead of copying resources
[0.391s] -- Found rclcpp: 28.1.5 (/opt/ros/jazzy/share/rclcpp/cmake)
[0.479s] -- Found rosidl_generator_c: 4.6.4 (/opt/ros/jazzy/share/rosidl_generator_c/cmake)
[0.502s] -- Found rosidl_generator_cpp: 4.6.4 (/opt/ros/jazzy/share/rosidl_generator_cpp/cmake)
[0.529s] -- Using all available rosidl_typesupport_c: rosidl_typesupport_fastrtps_c;rosidl_typesupport_introspection_c
[0.565s] -- Using all available rosidl_typesupport_cpp: rosidl_typesupport_fastrtps_cpp;rosidl_typesupport_introspection_cpp
[0.751s] -- Found rmw_implementation_cmake: 7.3.1 (/opt/ros/jazzy/share/rmw_implementation_cmake/cmake)
[0.757s] -- Found rmw_fastrtps_cpp: 8.4.1 (/opt/ros/jazzy/share/rmw_fastrtps_cpp/cmake)
[0.917s] -- Using RMW implementation 'rmw_fastrtps_cpp' as default
[1.112s] -- Found hardware_interface: 4.18.0 (/opt/ros/jazzy/share/hardware_interface/cmake)
[1.553s] -- Found controller_manager: 4.18.0 (/opt/ros/jazzy/share/controller_manager/cmake)
[1.691s] -- Found ros2_control: 4.18.0 (/opt/ros/jazzy/share/ros2_control/cmake)
[1.692s] -- Found ros_gz_sim: 1.0.5 (/opt/ros/jazzy/share/ros_gz_sim/cmake)
[1.698s] -- Looking for gz-sim8 -- found version 8.6.0
[1.717s] -- Searching for dependencies of gz-sim8
[1.718s] -- Looking for sdformat14 -- found version 14.5.0
[1.718s] -- Searching for dependencies of sdformat14
[1.736s] -- Checking for module 'tinyxml2'
[1.777s] --   Found tinyxml2, version 10.0.0
[1.852s] -- Looking for gz-math7 -- found version 7.5.0
[1.852s] -- Searching for dependencies of gz-math7
[1.853s] -- Looking for gz-utils2 -- found version 2.2.0
[1.854s] -- Searching for dependencies of gz-utils2
[1.858s] -- Looking for gz-utils2 -- found version 2.2.0
[1.859s] -- Searching for dependencies of gz-utils2
[1.859s] -- Searching for <gz-utils2> component [cli]
[1.860s] -- Looking for gz-utils2-cli -- found version 2.2.0
[1.861s] -- Searching for dependencies of gz-utils2-cli
[1.866s] -- Looking for gz-plugin2 -- found version 2.0.3
[1.866s] -- Searching for dependencies of gz-plugin2
[1.867s] -- Looking for gz-utils2 -- found version 2.2.0
[1.869s] -- Searching for <gz-plugin2> component [loader]
[1.871s] -- Looking for gz-plugin2-loader -- found version 2.0.3
[1.871s] -- Searching for dependencies of gz-plugin2-loader
[1.873s] -- Searching for <gz-plugin2> component [register]
[1.875s] -- Looking for gz-plugin2-register -- found version 2.0.3
[1.875s] -- Searching for dependencies of gz-plugin2-register
[1.878s] -- Looking for gz-transport13 -- found version 13.4.0
[1.878s] -- Searching for dependencies of gz-transport13
[1.984s] -- Config-file not installed for ZeroMQ -- checking for pkg-config
[1.995s] -- Checking for module 'libzmq >= 4'
[2.028s] --   Found libzmq, version 4.3.5
[2.156s] -- Checking for module 'uuid'
[2.190s] --   Found uuid, version 2.39.3
[2.264s] -- Looking for gz-utils2 -- found version 2.2.0
[2.266s] -- Looking for gz-msgs10 -- found version 10.3.0
[2.266s] -- Searching for dependencies of gz-msgs10
[2.306s] -- Looking for gz-utils2 -- found version 2.2.0
[2.307s] -- Looking for gz-math7 -- found version 7.5.0
[2.391s] -- Searching for <gz-transport13> component [log]
[2.393s] -- Looking for gz-transport13-log -- found version 13.4.0
[2.393s] -- Searching for dependencies of gz-transport13-log
[2.395s] -- Searching for <gz-transport13> component [parameters]
[2.397s] -- Looking for gz-transport13-parameters -- found version 13.4.0
[2.397s] -- Searching for dependencies of gz-transport13-parameters
[2.400s] -- Looking for gz-msgs10 -- found version 10.3.0
[2.401s] -- Looking for gz-common5 -- found version 5.6.0
[2.402s] -- Searching for dependencies of gz-common5
[2.402s] -- Looking for gz-utils2 -- found version 2.2.0
[2.403s] -- Looking for dlfcn.h - found
[2.403s] -- Looking for libdl - found
[2.420s] -- Searching for <gz-common5> component [av]
[2.421s] -- Looking for gz-common5-av -- found version 5.6.0
[2.421s] -- Searching for dependencies of gz-common5-av
[2.438s] -- Checking for module 'libswscale'
[2.476s] --   Found libswscale, version 7.5.100
[2.563s] -- Checking for module 'libavdevice >= 56.4.100'
[2.598s] --   Found libavdevice, version 60.3.100
[2.717s] -- Checking for module 'libavformat'
[2.761s] --   Found libavformat, version 60.16.100
[2.855s] -- Checking for module 'libavcodec'
[2.885s] --   Found libavcodec, version 60.31.102
[2.969s] -- Checking for module 'libavutil'
[2.996s] --   Found libavutil, version 58.29.100
[3.073s] -- Searching for <gz-common5> component [events]
[3.074s] -- Looking for gz-common5-events -- found version 5.6.0
[3.074s] -- Searching for dependencies of gz-common5-events
[3.075s] -- Looking for gz-math7 -- found version 7.5.0
[3.077s] -- Searching for <gz-common5> component [graphics]
[3.078s] -- Looking for gz-common5-graphics -- found version 5.6.0
[3.078s] -- Searching for dependencies of gz-common5-graphics
[3.079s] -- Looking for gz-math7 -- found version 7.5.0
[3.085s] -- Searching for <gz-common5> component [io]
[3.086s] -- Looking for gz-common5-io -- found version 5.6.0
[3.087s] -- Searching for dependencies of gz-common5-io
[3.088s] -- Searching for <gz-common5> component [profiler]
[3.090s] -- Looking for gz-common5-profiler -- found version 5.6.0
[3.090s] -- Searching for dependencies of gz-common5-profiler
[3.093s] -- Looking for gz-fuel_tools9 -- found version 9.1.0
[3.094s] -- Searching for dependencies of gz-fuel_tools9
[3.184s] -- Checking for module 'jsoncpp'
[3.210s] --   Found jsoncpp, version 1.9.5
[3.325s] -- Checking for module 'yaml-0.1'
[3.365s] --   Found yaml-0.1, version 0.2.5
[3.438s] -- Checking for module 'libzip'
[3.470s] --   Found libzip, version 1.7.3
[3.530s] -- Looking for gz-utils2 -- found version 2.2.0
[3.530s] -- Looking for gz-common5 -- found version 5.6.0
[3.531s] -- Searching for dependencies of gz-common5
[3.531s] -- Looking for gz-utils2 -- found version 2.2.0
[3.532s] -- Looking for dlfcn.h - found
[3.532s] -- Looking for libdl - found
[3.554s] -- Searching for <gz-common5> component [testing]
[3.558s] -- Looking for gz-common5-testing -- found version 5.6.0
[3.558s] -- Searching for dependencies of gz-common5-testing
[3.561s] -- Looking for gz-math7 -- found version 7.5.0
[3.562s] -- Looking for gz-msgs10 -- found version 10.3.0
[3.566s] -- Looking for gz-gui8 -- found version 8.3.0
[3.566s] -- Searching for dependencies of gz-gui8
[3.612s] -- Looking for gz-utils2 -- found version 2.2.0
[3.613s] -- Looking for gz-math7 -- found version 7.5.0
[3.613s] -- Looking for gz-common5 -- found version 5.6.0
[3.614s] -- Looking for gz-plugin2 -- found version 2.0.3
[3.614s] -- Looking for gz-transport13 -- found version 13.4.0
[3.616s] -- Looking for gz-rendering8 -- found version 8.2.0
[3.616s] -- Searching for dependencies of gz-rendering8
[3.616s] -- Looking for gz-math7 -- found version 7.5.0
[3.617s] -- Searching for dependencies of gz-math7
[3.617s] -- Looking for gz-utils2 -- found version 2.2.0
[3.618s] -- Searching for <gz-math7> component [eigen3]
[3.619s] -- Looking for gz-math7-eigen3 -- found version 7.5.0
[3.619s] -- Searching for dependencies of gz-math7-eigen3
[3.623s] -- Looking for gz-common5 -- found version 5.6.0
[3.623s] -- Searching for dependencies of gz-common5
[3.625s] -- Looking for gz-utils2 -- found version 2.2.0
[3.625s] -- Looking for dlfcn.h - found
[3.625s] -- Looking for libdl - found
[3.650s] -- Searching for <gz-common5> component [graphics]
[3.650s] -- Searching for <gz-common5> component [events]
[3.650s] -- Searching for <gz-common5> component [geospatial]
[3.652s] -- Looking for gz-common5-geospatial -- found version 5.6.0
[3.653s] -- Searching for dependencies of gz-common5-geospatial
[3.654s] -- Looking for gz-math7 -- found version 7.5.0
[3.655s] -- Looking for gz-common5 -- found version 5.6.0
[3.659s] -- Looking for gz-plugin2 -- found version 2.0.3
[3.659s] -- Searching for dependencies of gz-plugin2
[3.660s] -- Looking for gz-utils2 -- found version 2.2.0
[3.660s] -- Searching for <gz-plugin2> component [all]
[3.661s] -- Looking for all libraries of gz-plugin2 -- found version 2.0.3
[3.663s] -- Looking for gz-plugin2 -- found version 2.0.3
[3.665s] -- Looking for gz-utils2 -- found version 2.2.0
[3.680s] -- Looking for gz-msgs10 -- found version 10.3.0
[3.729s] -- Looking for gz-physics7 -- found version 7.3.0
[3.729s] -- Searching for dependencies of gz-physics7
[3.730s] -- Looking for gz-common5 -- found version 5.6.0
[3.730s] -- Looking for gz-math7 -- found version 7.5.0
[3.731s] -- Looking for gz-plugin2 -- found version 2.0.3
[3.731s] -- Looking for gz-utils2 -- found version 2.2.0
[3.735s] -- Searching for <gz-physics7> component [heightmap]
[3.736s] -- Looking for gz-physics7-heightmap -- found version 7.3.0
[3.736s] -- Searching for dependencies of gz-physics7-heightmap
[3.737s] -- Looking for gz-common5 -- found version 5.6.0
[3.738s] -- Searching for <gz-physics7> component [mesh]
[3.739s] -- Looking for gz-physics7-mesh -- found version 7.3.0
[3.739s] -- Searching for dependencies of gz-physics7-mesh
[3.740s] -- Looking for gz-common5 -- found version 5.6.0
[3.741s] -- Searching for <gz-physics7> component [sdf]
[3.742s] -- Looking for gz-physics7-sdf -- found version 7.3.0
[3.743s] -- Searching for dependencies of gz-physics7-sdf
[3.744s] -- Looking for sdformat14 -- found version 14.5.0
[3.747s] -- Looking for gz-sensors8 -- found version 8.2.0
[3.747s] -- Searching for dependencies of gz-sensors8
[3.776s] -- Looking for gz-math7 -- found version 7.5.0
[3.776s] -- Looking for gz-common5 -- found version 5.6.0
[3.777s] -- Looking for gz-transport13 -- found version 13.4.0
[3.777s] -- Looking for gz-rendering8 -- found version 8.2.0
[3.778s] -- Looking for gz-msgs10 -- found version 10.3.0
[3.778s] -- Looking for sdformat14 -- found version 14.5.0
[3.780s] -- Searching for <gz-sensors8> component [air_pressure]
[3.780s] -- Looking for gz-sensors8-air_pressure -- found version 8.2.0
[3.781s] -- Searching for dependencies of gz-sensors8-air_pressure
[3.782s] -- Searching for <gz-sensors8> component [air_speed]
[3.783s] -- Looking for gz-sensors8-air_speed -- found version 8.2.0
[3.783s] -- Searching for dependencies of gz-sensors8-air_speed
[3.784s] -- Searching for <gz-sensors8> component [altimeter]
[3.786s] -- Looking for gz-sensors8-altimeter -- found version 8.2.0
[3.787s] -- Searching for dependencies of gz-sensors8-altimeter
[3.788s] -- Searching for <gz-sensors8> component [imu]
[3.790s] -- Looking for gz-sensors8-imu -- found version 8.2.0
[3.790s] -- Searching for dependencies of gz-sensors8-imu
[3.793s] -- Searching for <gz-sensors8> component [force_torque]
[3.795s] -- Looking for gz-sensors8-force_torque -- found version 8.2.0
[3.795s] -- Searching for dependencies of gz-sensors8-force_torque
[3.797s] -- Searching for <gz-sensors8> component [logical_camera]
[3.798s] -- Looking for gz-sensors8-logical_camera -- found version 8.2.0
[3.799s] -- Searching for dependencies of gz-sensors8-logical_camera
[3.800s] -- Searching for <gz-sensors8> component [magnetometer]
[3.801s] -- Looking for gz-sensors8-magnetometer -- found version 8.2.0
[3.802s] -- Searching for dependencies of gz-sensors8-magnetometer
[3.803s] -- Searching for <gz-sensors8> component [navsat]
[3.804s] -- Looking for gz-sensors8-navsat -- found version 8.2.0
[3.804s] -- Searching for dependencies of gz-sensors8-navsat
[3.805s] -- Searching for <gz-sensors8> component [dvl]
[3.806s] -- Looking for gz-sensors8-dvl -- found version 8.2.0
[3.807s] -- Searching for dependencies of gz-sensors8-dvl
[3.808s] -- Looking for gz-sensors8 -- found version 8.2.0
[3.808s] -- Searching for dependencies of gz-sensors8
[3.852s] -- Looking for gz-math7 -- found version 7.5.0
[3.853s] -- Looking for gz-common5 -- found version 5.6.0
[3.854s] -- Looking for gz-transport13 -- found version 13.4.0
[3.855s] -- Looking for gz-rendering8 -- found version 8.2.0
[3.855s] -- Looking for gz-msgs10 -- found version 10.3.0
[3.856s] -- Looking for sdformat14 -- found version 14.5.0
[3.856s] -- Searching for <gz-sensors8> component [rendering]
[3.857s] -- Looking for gz-sensors8-rendering -- found version 8.2.0
[3.858s] -- Searching for dependencies of gz-sensors8-rendering
[3.861s] -- Searching for <gz-sensors8> component [rendering]
[3.861s] -- Searching for <gz-sensors8> component [lidar]
[3.865s] -- Looking for gz-sensors8-lidar -- found version 8.2.0
[3.865s] -- Searching for dependencies of gz-sensors8-lidar
[3.866s] -- Looking for gz-sensors8 -- found version 8.2.0
[3.868s] -- Searching for <gz-sensors8> component [gpu_lidar]
[3.869s] -- Looking for gz-sensors8-gpu_lidar -- found version 8.2.0
[3.869s] -- Searching for dependencies of gz-sensors8-gpu_lidar
[3.870s] -- Looking for gz-sensors8 -- found version 8.2.0
[3.872s] -- Searching for <gz-sensors8> component [camera]
[3.874s] -- Looking for gz-sensors8-camera -- found version 8.2.0
[3.874s] -- Searching for dependencies of gz-sensors8-camera
[3.874s] -- Looking for gz-sensors8 -- found version 8.2.0
[3.876s] -- Searching for <gz-sensors8> component [boundingbox_camera]
[3.877s] -- Looking for gz-sensors8-boundingbox_camera -- found version 8.2.0
[3.878s] -- Searching for dependencies of gz-sensors8-boundingbox_camera
[3.879s] -- Searching for <gz-sensors8> component [segmentation_camera]
[3.880s] -- Looking for gz-sensors8-segmentation_camera -- found version 8.2.0
[3.880s] -- Searching for dependencies of gz-sensors8-segmentation_camera
[3.881s] -- Searching for <gz-sensors8> component [depth_camera]
[3.883s] -- Looking for gz-sensors8-depth_camera -- found version 8.2.0
[3.883s] -- Searching for dependencies of gz-sensors8-depth_camera
[3.884s] -- Looking for gz-sensors8 -- found version 8.2.0
[3.886s] -- Searching for <gz-sensors8> component [rgbd_camera]
[3.887s] -- Looking for gz-sensors8-rgbd_camera -- found version 8.2.0
[3.888s] -- Searching for dependencies of gz-sensors8-rgbd_camera
[3.888s] -- Looking for gz-sensors8 -- found version 8.2.0
[3.890s] -- Searching for <gz-sensors8> component [thermal_camera]
[3.891s] -- Looking for gz-sensors8-thermal_camera -- found version 8.2.0
[3.891s] -- Searching for dependencies of gz-sensors8-thermal_camera
[3.892s] -- Looking for gz-sensors8 -- found version 8.2.0
[3.893s] -- Searching for <gz-sensors8> component [wide_angle_camera]
[3.894s] -- Looking for gz-sensors8-wide_angle_camera -- found version 8.2.0
[3.894s] -- Searching for dependencies of gz-sensors8-wide_angle_camera
[3.896s] -- Looking for gz-rendering8 -- found version 8.2.0
[3.897s] -- Looking for gz-math7 -- found version 7.5.0
[3.897s] -- Looking for gz-utils2 -- found version 2.2.0
[3.928s] -- Looking for gz-plugin2 -- found version 2.0.3
[3.928s] -- Found rosidl_default_generators: 1.6.0 (/opt/ros/jazzy/share/rosidl_default_generators/cmake)
[3.952s] -- Found rosidl_adapter: 4.6.4 (/opt/ros/jazzy/share/rosidl_adapter/cmake)
[4.378s] -- Found ament_cmake_ros: 0.12.0 (/opt/ros/jazzy/share/ament_cmake_ros/cmake)
[4.640s] -- Using all available rosidl_typesupport_c: rosidl_typesupport_fastrtps_c;rosidl_typesupport_introspection_c
[4.763s] -- Using all available rosidl_typesupport_cpp: rosidl_typesupport_fastrtps_cpp;rosidl_typesupport_introspection_cpp
[4.766s] -- Found python_cmake_module: 0.11.1 (/opt/ros/jazzy/share/python_cmake_module/cmake)
[5.270s] -- Found Python3: /usr/bin/python3 (found version "3.12.3") found components: Interpreter Development NumPy Development.Module Development.Embed 
[5.313s] -- Configuring done (5.2s)
[5.390s] -- Generating done (0.1s)
[5.396s] -- Build files have been written to: /home/ws/build/quadruped
[5.484s] [  2%] Built target quadruped__rosidl_generator_type_description
[5.504s] [  2%] Built target ament_cmake_python_symlink_quadruped
[5.533s] [  5%] Built target quadruped__cpp
[5.536s] [ 20%] Built target quadruped__rosidl_generator_c
[5.620s] [ 29%] Built target quadruped__rosidl_typesupport_introspection_c
[5.623s] [ 38%] Built target quadruped__rosidl_typesupport_fastrtps_c
[5.627s] [ 47%] Built target quadruped__rosidl_typesupport_fastrtps_cpp
[5.630s] [ 61%] Built target quadruped__rosidl_typesupport_cpp
[5.630s] [ 64%] Built target quadruped__rosidl_typesupport_c
[5.634s] [ 73%] Built target quadruped__rosidl_typesupport_introspection_cpp
[5.698s] [ 73%] Built target quadruped
[5.743s] [ 76%] Built target quadruped__py
[5.778s] [ 82%] Built target quadruped__rosidl_generator_py
[5.818s] [ 88%] Built target quadruped_s__rosidl_typesupport_introspection_c
[5.825s] [ 94%] Built target quadruped_s__rosidl_typesupport_fastrtps_c
[5.825s] [100%] Built target quadruped_s__rosidl_typesupport_c
[5.850s] running egg_info
[5.867s] writing quadruped.egg-info/PKG-INFO
[5.867s] writing dependency_links to quadruped.egg-info/dependency_links.txt
[5.868s] writing top-level names to quadruped.egg-info/top_level.txt
[5.912s] reading manifest file 'quadruped.egg-info/SOURCES.txt'
[5.913s] writing manifest file 'quadruped.egg-info/SOURCES.txt'
[5.949s] [100%] Built target ament_cmake_python_build_quadruped_egg
[5.969s] Invoked command in '/home/ws/build/quadruped' returned '0': CMAKE_PREFIX_PATH=${CMAKE_PREFIX_PATH}:/opt/ros/jazzy /usr/bin/cmake --build /home/ws/build/quadruped -- -j20 -l20
[6.128s] Invoking command in '/home/ws/build/quadruped': CMAKE_PREFIX_PATH=${CMAKE_PREFIX_PATH}:/opt/ros/jazzy /usr/bin/cmake --install /home/ws/build/quadruped
[6.145s] -- Install configuration: ""
[6.145s] -- Execute custom install script
[6.146s] -- Up-to-date symlink: /home/ws/install/quadruped/share/ament_index/resource_index/rosidl_interfaces/quadruped
[6.146s] -- Up-to-date symlink: /home/ws/install/quadruped/share/quadruped/msg/LegCommand.json
[6.147s] -- Up-to-date symlink: /home/ws/install/quadruped/include/quadruped/quadruped/msg/detail/leg_command__functions.h
[6.147s] -- Up-to-date symlink: /home/ws/install/quadruped/include/quadruped/quadruped/msg/detail/leg_command__struct.h
[6.147s] -- Up-to-date symlink: /home/ws/install/quadruped/include/quadruped/quadruped/msg/detail/leg_command__type_support.h
[6.147s] -- Up-to-date symlink: /home/ws/install/quadruped/include/quadruped/quadruped/msg/leg_command.h
[6.147s] -- Up-to-date symlink: /home/ws/install/quadruped/include/quadruped/quadruped/msg/rosidl_generator_c__visibility_control.h
[6.147s] -- Up-to-date symlink: /home/ws/install/quadruped/share/quadruped/environment/library_path.sh
[6.147s] -- Up-to-date symlink: /home/ws/install/quadruped/share/quadruped/environment/library_path.dsv
[6.147s] -- Up-to-date symlink: /home/ws/install/quadruped/include/quadruped/quadruped/msg/detail/leg_command__rosidl_typesupport_fastrtps_c.h
[6.147s] -- Up-to-date symlink: /home/ws/install/quadruped/include/quadruped/quadruped/msg/rosidl_typesupport_fastrtps_c__visibility_control.h
[6.148s] -- Up-to-date symlink: /home/ws/install/quadruped/include/quadruped/quadruped/msg/detail/leg_command__builder.hpp
[6.148s] -- Up-to-date symlink: /home/ws/install/quadruped/include/quadruped/quadruped/msg/detail/leg_command__struct.hpp
[6.149s] -- Up-to-date symlink: /home/ws/install/quadruped/include/quadruped/quadruped/msg/detail/leg_command__traits.hpp
[6.149s] -- Up-to-date symlink: /home/ws/install/quadruped/include/quadruped/quadruped/msg/detail/leg_command__type_support.hpp
[6.149s] -- Up-to-date symlink: /home/ws/install/quadruped/include/quadruped/quadruped/msg/leg_command.hpp
[6.150s] -- Up-to-date symlink: /home/ws/install/quadruped/include/quadruped/quadruped/msg/rosidl_generator_cpp__visibility_control.hpp
[6.150s] -- Up-to-date symlink: /home/ws/install/quadruped/include/quadruped/quadruped/msg/detail/leg_command__rosidl_typesupport_fastrtps_cpp.hpp
[6.150s] -- Up-to-date symlink: /home/ws/install/quadruped/include/quadruped/quadruped/msg/rosidl_typesupport_fastrtps_cpp__visibility_control.h
[6.150s] -- Up-to-date symlink: /home/ws/install/quadruped/include/quadruped/quadruped/msg/detail/leg_command__rosidl_typesupport_introspection_c.h
[6.150s] -- Up-to-date symlink: /home/ws/install/quadruped/include/quadruped/quadruped/msg/rosidl_typesupport_introspection_c__visibility_control.h
[6.150s] -- Up-to-date symlink: /home/ws/install/quadruped/include/quadruped/quadruped/msg/detail/leg_command__rosidl_typesupport_introspection_cpp.hpp
[6.150s] -- Up-to-date symlink: /home/ws/install/quadruped/share/quadruped/environment/pythonpath.sh
[6.150s] -- Up-to-date symlink: /home/ws/install/quadruped/share/quadruped/environment/pythonpath.dsv
[6.150s] -- Up-to-date symlink: /home/ws/install/quadruped/lib/python3.12/site-packages/quadruped-0.0.0-py3.12.egg-info/PKG-INFO
[6.151s] -- Up-to-date symlink: /home/ws/install/quadruped/lib/python3.12/site-packages/quadruped-0.0.0-py3.12.egg-info/SOURCES.txt
[6.151s] -- Up-to-date symlink: /home/ws/install/quadruped/lib/python3.12/site-packages/quadruped-0.0.0-py3.12.egg-info/dependency_links.txt
[6.151s] -- Up-to-date symlink: /home/ws/install/quadruped/lib/python3.12/site-packages/quadruped-0.0.0-py3.12.egg-info/top_level.txt
[6.151s] -- Up-to-date symlink: /home/ws/install/quadruped/lib/python3.12/site-packages/quadruped/__init__.py
[6.151s] -- Up-to-date symlink: /home/ws/install/quadruped/lib/python3.12/site-packages/quadruped/_quadruped_s.ep.rosidl_typesupport_c.c
[6.152s] -- Up-to-date symlink: /home/ws/install/quadruped/lib/python3.12/site-packages/quadruped/_quadruped_s.ep.rosidl_typesupport_fastrtps_c.c
[6.152s] -- Up-to-date symlink: /home/ws/install/quadruped/lib/python3.12/site-packages/quadruped/_quadruped_s.ep.rosidl_typesupport_introspection_c.c
[6.152s] -- Up-to-date symlink: /home/ws/install/quadruped/lib/python3.12/site-packages/quadruped/msg/__init__.py
[6.152s] -- Up-to-date symlink: /home/ws/install/quadruped/lib/python3.12/site-packages/quadruped/msg/_leg_command.py
[6.152s] -- Up-to-date symlink: /home/ws/install/quadruped/lib/python3.12/site-packages/quadruped/msg/_leg_command_s.c
[6.152s] -- Up-to-date symlink: /home/ws/install/quadruped/lib/python3.12/site-packages/quadruped/quadruped_s__rosidl_typesupport_c.so
[6.152s] -- Up-to-date symlink: /home/ws/install/quadruped/lib/python3.12/site-packages/quadruped/quadruped_s__rosidl_typesupport_fastrtps_c.so
[6.153s] -- Up-to-date symlink: /home/ws/install/quadruped/lib/python3.12/site-packages/quadruped/quadruped_s__rosidl_typesupport_introspection_c.so
[6.153s] -- Up-to-date symlink: /home/ws/install/quadruped/lib/python3.12/site-packages/quadruped/quadruped_s__rosidl_typesupport_fastrtps_c.so
[6.154s] -- Up-to-date symlink: /home/ws/install/quadruped/lib/python3.12/site-packages/quadruped/quadruped_s__rosidl_typesupport_introspection_c.so
[6.155s] -- Up-to-date symlink: /home/ws/install/quadruped/lib/python3.12/site-packages/quadruped/quadruped_s__rosidl_typesupport_c.so
[6.155s] -- Up-to-date symlink: /home/ws/install/quadruped/share/quadruped/msg/LegCommand.idl
[6.155s] -- Up-to-date symlink: /home/ws/install/quadruped/share/quadruped/messages/LegCommand.msg
[6.156s] -- Symlinking: /home/ws/install/quadruped/lib/quadruped/LegController.py
[6.175s] -- Symlinking: /home/ws/install/quadruped/lib/quadruped/GaitPatternGenerator.py
[6.193s] -- Symlinking: /home/ws/install/quadruped/lib/quadruped/leg_class.py
[6.213s] -- Symlinking: /home/ws/install/quadruped/lib/quadruped/gait_pattern_class.py
[6.233s] -- Up-to-date symlink: /home/ws/install/quadruped/share/quadruped/launch/controllers.launch.py
[6.233s] -- Up-to-date symlink: /home/ws/install/quadruped/share/quadruped/launch/gazebo_sim.launch.py
[6.234s] -- Up-to-date symlink: /home/ws/install/quadruped/share/quadruped/config/bridge.yaml
[6.234s] -- Up-to-date symlink: /home/ws/install/quadruped/share/quadruped/config/initial_joint_positions.yaml
[6.234s] -- Up-to-date symlink: /home/ws/install/quadruped/share/quadruped/config/quadruped.rviz
[6.234s] -- Up-to-date symlink: /home/ws/install/quadruped/share/quadruped/config/quadruped_controllers.yaml
[6.234s] -- Up-to-date symlink: /home/ws/install/quadruped/share/quadruped/urdf/Quadruped MJB.mjb
[6.235s] -- Up-to-date symlink: /home/ws/install/quadruped/share/quadruped/urdf/QuadrupedURDF.urdf.xacro
[6.235s] -- Up-to-date symlink: /home/ws/install/quadruped/share/quadruped/urdf/meshes/Body.STL
[6.235s] -- Up-to-date symlink: /home/ws/install/quadruped/share/quadruped/urdf/meshes/Body_bin.STL
[6.235s] -- Up-to-date symlink: /home/ws/install/quadruped/share/quadruped/urdf/meshes/Front Left Shin.STL
[6.235s] -- Up-to-date symlink: /home/ws/install/quadruped/share/quadruped/urdf/meshes/Front Left Thigh.STL
[6.235s] -- Up-to-date symlink: /home/ws/install/quadruped/share/quadruped/urdf/meshes/Front Right Shin.STL
[6.235s] -- Up-to-date symlink: /home/ws/install/quadruped/share/quadruped/urdf/meshes/Front Right Thigh.STL
[6.235s] -- Up-to-date symlink: /home/ws/install/quadruped/share/quadruped/urdf/meshes/Rear Left Shin.STL
[6.235s] -- Up-to-date symlink: /home/ws/install/quadruped/share/quadruped/urdf/meshes/Rear Left Thigh.STL
[6.235s] -- Up-to-date symlink: /home/ws/install/quadruped/share/quadruped/urdf/meshes/Rear Right Shin.STL
[6.236s] -- Up-to-date symlink: /home/ws/install/quadruped/share/quadruped/urdf/meshes/Rear Right Thigh.STL
[6.236s] -- Up-to-date symlink: /home/ws/install/quadruped/share/quadruped/urdf/mjb_maker.py
[6.236s] -- Up-to-date symlink: /home/ws/install/quadruped/share/quadruped/messages/LegCommand.msg
[6.236s] -- Up-to-date symlink: /home/ws/install/quadruped/share/quadruped/messages/RobotState.msg
[6.236s] -- Up-to-date symlink: /home/ws/install/quadruped/share/ament_index/resource_index/package_run_dependencies/quadruped
[6.236s] -- Up-to-date symlink: /home/ws/install/quadruped/share/ament_index/resource_index/parent_prefix_path/quadruped
[6.237s] -- Up-to-date symlink: /home/ws/install/quadruped/share/quadruped/environment/ament_prefix_path.sh
[6.237s] -- Up-to-date symlink: /home/ws/install/quadruped/share/quadruped/environment/ament_prefix_path.dsv
[6.237s] -- Up-to-date symlink: /home/ws/install/quadruped/share/quadruped/environment/path.sh
[6.238s] -- Up-to-date symlink: /home/ws/install/quadruped/share/quadruped/environment/path.dsv
[6.238s] -- Up-to-date symlink: /home/ws/install/quadruped/share/quadruped/local_setup.bash
[6.238s] -- Up-to-date symlink: /home/ws/install/quadruped/share/quadruped/local_setup.sh
[6.239s] -- Up-to-date symlink: /home/ws/install/quadruped/share/quadruped/local_setup.zsh
[6.239s] -- Up-to-date symlink: /home/ws/install/quadruped/share/quadruped/local_setup.dsv
[6.239s] -- Symlinking: /home/ws/install/quadruped/share/quadruped/package.dsv
[6.263s] -- Up-to-date symlink: /home/ws/install/quadruped/share/ament_index/resource_index/packages/quadruped
[6.263s] -- Up-to-date symlink: /home/ws/install/quadruped/share/quadruped/cmake/rosidl_cmake-extras.cmake
[6.264s] -- Up-to-date symlink: /home/ws/install/quadruped/share/quadruped/cmake/ament_cmake_export_include_directories-extras.cmake
[6.264s] -- Up-to-date symlink: /home/ws/install/quadruped/share/quadruped/cmake/ament_cmake_export_libraries-extras.cmake
[6.264s] -- Up-to-date symlink: /home/ws/install/quadruped/share/quadruped/cmake/ament_cmake_export_targets-extras.cmake
[6.264s] -- Up-to-date symlink: /home/ws/install/quadruped/share/quadruped/cmake/rosidl_cmake_export_typesupport_targets-extras.cmake
[6.265s] -- Up-to-date symlink: /home/ws/install/quadruped/share/quadruped/cmake/ament_cmake_export_dependencies-extras.cmake
[6.265s] -- Up-to-date symlink: /home/ws/install/quadruped/share/quadruped/cmake/rosidl_cmake_export_typesupport_libraries-extras.cmake
[6.266s] -- Up-to-date symlink: /home/ws/install/quadruped/share/quadruped/cmake/quadrupedConfig.cmake
[6.266s] -- Up-to-date symlink: /home/ws/install/quadruped/share/quadruped/cmake/quadrupedConfig-version.cmake
[6.266s] -- Up-to-date symlink: /home/ws/install/quadruped/share/quadruped/package.xml
[6.270s] -- Up-to-date: /home/ws/install/quadruped/lib/libquadruped__rosidl_generator_c.so
[6.271s] -- Up-to-date: /home/ws/install/quadruped/lib/libquadruped__rosidl_typesupport_fastrtps_c.so
[6.272s] -- Up-to-date: /home/ws/install/quadruped/lib/libquadruped__rosidl_typesupport_fastrtps_cpp.so
[6.273s] -- Up-to-date: /home/ws/install/quadruped/lib/libquadruped__rosidl_typesupport_introspection_c.so
[6.273s] -- Up-to-date: /home/ws/install/quadruped/lib/libquadruped__rosidl_typesupport_c.so
[6.274s] -- Up-to-date: /home/ws/install/quadruped/lib/libquadruped__rosidl_typesupport_introspection_cpp.so
[6.275s] -- Up-to-date: /home/ws/install/quadruped/lib/libquadruped__rosidl_typesupport_cpp.so
[6.338s] Listing '/home/ws/install/quadruped/lib/python3.12/site-packages/quadruped'...
[6.339s] Compiling '/home/ws/install/quadruped/lib/python3.12/site-packages/quadruped/__init__.py'...
[6.339s] Listing '/home/ws/install/quadruped/lib/python3.12/site-packages/quadruped/msg'...
[6.349s] -- Up-to-date: /home/ws/install/quadruped/lib/libquadruped__rosidl_generator_py.so
[6.349s] -- Up-to-date: /home/ws/install/quadruped/share/quadruped/cmake/export_quadruped__rosidl_generator_cExport.cmake
[6.349s] -- Up-to-date: /home/ws/install/quadruped/share/quadruped/cmake/export_quadruped__rosidl_generator_cExport-noconfig.cmake
[6.349s] -- Up-to-date: /home/ws/install/quadruped/share/quadruped/cmake/export_quadruped__rosidl_typesupport_fastrtps_cExport.cmake
[6.350s] -- Up-to-date: /home/ws/install/quadruped/share/quadruped/cmake/export_quadruped__rosidl_typesupport_fastrtps_cExport-noconfig.cmake
[6.350s] -- Up-to-date: /home/ws/install/quadruped/share/quadruped/cmake/export_quadruped__rosidl_generator_cppExport.cmake
[6.350s] -- Up-to-date: /home/ws/install/quadruped/share/quadruped/cmake/export_quadruped__rosidl_typesupport_fastrtps_cppExport.cmake
[6.350s] -- Up-to-date: /home/ws/install/quadruped/share/quadruped/cmake/export_quadruped__rosidl_typesupport_fastrtps_cppExport-noconfig.cmake
[6.350s] -- Up-to-date: /home/ws/install/quadruped/share/quadruped/cmake/quadruped__rosidl_typesupport_introspection_cExport.cmake
[6.351s] -- Up-to-date: /home/ws/install/quadruped/share/quadruped/cmake/quadruped__rosidl_typesupport_introspection_cExport-noconfig.cmake
[6.351s] -- Up-to-date: /home/ws/install/quadruped/share/quadruped/cmake/quadruped__rosidl_typesupport_cExport.cmake
[6.351s] -- Up-to-date: /home/ws/install/quadruped/share/quadruped/cmake/quadruped__rosidl_typesupport_cExport-noconfig.cmake
[6.351s] -- Up-to-date: /home/ws/install/quadruped/share/quadruped/cmake/quadruped__rosidl_typesupport_introspection_cppExport.cmake
[6.352s] -- Up-to-date: /home/ws/install/quadruped/share/quadruped/cmake/quadruped__rosidl_typesupport_introspection_cppExport-noconfig.cmake
[6.352s] -- Up-to-date: /home/ws/install/quadruped/share/quadruped/cmake/quadruped__rosidl_typesupport_cppExport.cmake
[6.352s] -- Up-to-date: /home/ws/install/quadruped/share/quadruped/cmake/quadruped__rosidl_typesupport_cppExport-noconfig.cmake
[6.353s] -- Up-to-date: /home/ws/install/quadruped/share/quadruped/cmake/export_quadruped__rosidl_generator_pyExport.cmake
[6.353s] -- Up-to-date: /home/ws/install/quadruped/share/quadruped/cmake/export_quadruped__rosidl_generator_pyExport-noconfig.cmake
[6.357s] Invoked command in '/home/ws/build/quadruped' returned '0': CMAKE_PREFIX_PATH=${CMAKE_PREFIX_PATH}:/opt/ros/jazzy /usr/bin/cmake --install /home/ws/build/quadruped
