[0.010s] Invoking command in '/home/ws/build/quadruped_urdf': CMAKE_PREFIX_PATH=${CMAKE_PREFIX_PATH}:/home/ws/install/quadruped_simulation:/home/ws/install/quadruped_controllers:/opt/ros/jazzy /usr/bin/cmake /home/ws/src/quadruped_urdf -DAMENT_CMAKE_SYMLINK_INSTALL=1 -DCMAKE_INSTALL_PREFIX=/home/ws/install/quadruped_urdf
[0.187s] -- The C compiler identification is GNU 13.2.0
[0.250s] -- The CXX compiler identification is GNU 13.2.0
[0.270s] -- Detecting C compiler ABI info
[0.367s] -- Detecting C compiler ABI info - done
[0.374s] -- Check for working C compiler: /usr/bin/cc - skipped
[0.374s] -- Detecting C compile features
[0.374s] -- Detecting C compile features - done
[0.384s] -- Detecting CXX compiler ABI info
[0.490s] -- Detecting CXX compiler ABI info - done
[0.498s] -- Check for working CXX compiler: /usr/bin/c++ - skipped
[0.498s] -- Detecting CXX compile features
[0.498s] -- Detecting CXX compile features - done
[0.511s] -- Found ament_cmake: 2.5.2 (/opt/ros/jazzy/share/ament_cmake/cmake)
[0.713s] -- Found Python3: /usr/bin/python3 (found version "3.12.3") found components: Interpreter 
[0.776s] -- Override CMake install command with custom implementation using symlinks instead of copying resources
[0.831s] -- Found ament_lint_auto: 0.17.1 (/opt/ros/jazzy/share/ament_lint_auto/cmake)
[0.927s] -- Added test 'flake8' to check Python code syntax and style conventions
[0.927s] -- Configured 'flake8' exclude dirs and/or files: 
[0.928s] -- Added test 'lint_cmake' to check CMake code style
[0.929s] -- Added test 'pep257' to check Python code against some of the docstring style conventions in PEP 257
[0.930s] -- Added test 'xmllint' to check XML markup files
[0.931s] -- Configuring done (0.9s)
[0.933s] -- Generating done (0.0s)
[0.934s] -- Build files have been written to: /home/ws/build/quadruped_urdf
[0.939s] Invoked command in '/home/ws/build/quadruped_urdf' returned '0': CMAKE_PREFIX_PATH=${CMAKE_PREFIX_PATH}:/home/ws/install/quadruped_simulation:/home/ws/install/quadruped_controllers:/opt/ros/jazzy /usr/bin/cmake /home/ws/src/quadruped_urdf -DAMENT_CMAKE_SYMLINK_INSTALL=1 -DCMAKE_INSTALL_PREFIX=/home/ws/install/quadruped_urdf
[0.940s] Invoking command in '/home/ws/build/quadruped_urdf': CMAKE_PREFIX_PATH=${CMAKE_PREFIX_PATH}:/home/ws/install/quadruped_simulation:/home/ws/install/quadruped_controllers:/opt/ros/jazzy /usr/bin/cmake --build /home/ws/build/quadruped_urdf -- -j20 -l20
[0.985s] Invoked command in '/home/ws/build/quadruped_urdf' returned '0': CMAKE_PREFIX_PATH=${CMAKE_PREFIX_PATH}:/home/ws/install/quadruped_simulation:/home/ws/install/quadruped_controllers:/opt/ros/jazzy /usr/bin/cmake --build /home/ws/build/quadruped_urdf -- -j20 -l20
[1.013s] Invoking command in '/home/ws/build/quadruped_urdf': CMAKE_PREFIX_PATH=${CMAKE_PREFIX_PATH}:/home/ws/install/quadruped_simulation:/home/ws/install/quadruped_controllers:/opt/ros/jazzy /usr/bin/cmake --install /home/ws/build/quadruped_urdf
[1.024s] -- Install configuration: ""
[1.025s] -- Execute custom install script
[1.025s] -- Symlinking: /home/ws/install/quadruped_urdf/share/quadruped_urdf/urdf/Quadruped MJB.mjb
[1.038s] -- Symlinking: /home/ws/install/quadruped_urdf/share/quadruped_urdf/urdf/QuadrupedURDF.urdf.xacro
[1.046s] -- Symlinking: /home/ws/install/quadruped_urdf/share/quadruped_urdf/urdf/meshes/Body.STL
[1.054s] -- Symlinking: /home/ws/install/quadruped_urdf/share/quadruped_urdf/urdf/meshes/Body_bin.STL
[1.062s] -- Symlinking: /home/ws/install/quadruped_urdf/share/quadruped_urdf/urdf/meshes/Front Left Shin.STL
[1.074s] -- Symlinking: /home/ws/install/quadruped_urdf/share/quadruped_urdf/urdf/meshes/Front Left Thigh.STL
[1.084s] -- Symlinking: /home/ws/install/quadruped_urdf/share/quadruped_urdf/urdf/meshes/Front Right Shin.STL
[1.093s] -- Symlinking: /home/ws/install/quadruped_urdf/share/quadruped_urdf/urdf/meshes/Front Right Thigh.STL
[1.103s] -- Symlinking: /home/ws/install/quadruped_urdf/share/quadruped_urdf/urdf/meshes/Rear Left Shin.STL
[1.112s] -- Symlinking: /home/ws/install/quadruped_urdf/share/quadruped_urdf/urdf/meshes/Rear Left Thigh.STL
[1.123s] -- Symlinking: /home/ws/install/quadruped_urdf/share/quadruped_urdf/urdf/meshes/Rear Right Shin.STL
[1.134s] -- Symlinking: /home/ws/install/quadruped_urdf/share/quadruped_urdf/urdf/meshes/Rear Right Thigh.STL
[1.143s] -- Symlinking: /home/ws/install/quadruped_urdf/share/quadruped_urdf/urdf/mjb_maker.py
[1.152s] -- Symlinking: /home/ws/install/quadruped_urdf/share/ament_index/resource_index/package_run_dependencies/quadruped_urdf
[1.165s] -- Symlinking: /home/ws/install/quadruped_urdf/share/ament_index/resource_index/parent_prefix_path/quadruped_urdf
[1.175s] -- Symlinking: /home/ws/install/quadruped_urdf/share/quadruped_urdf/environment/ament_prefix_path.sh
[1.183s] -- Symlinking: /home/ws/install/quadruped_urdf/share/quadruped_urdf/environment/ament_prefix_path.dsv
[1.191s] -- Symlinking: /home/ws/install/quadruped_urdf/share/quadruped_urdf/environment/path.sh
[1.201s] -- Symlinking: /home/ws/install/quadruped_urdf/share/quadruped_urdf/environment/path.dsv
[1.212s] -- Symlinking: /home/ws/install/quadruped_urdf/share/quadruped_urdf/local_setup.bash
[1.221s] -- Symlinking: /home/ws/install/quadruped_urdf/share/quadruped_urdf/local_setup.sh
[1.230s] -- Symlinking: /home/ws/install/quadruped_urdf/share/quadruped_urdf/local_setup.zsh
[1.244s] -- Symlinking: /home/ws/install/quadruped_urdf/share/quadruped_urdf/local_setup.dsv
[1.252s] -- Symlinking: /home/ws/install/quadruped_urdf/share/quadruped_urdf/package.dsv
[1.262s] -- Symlinking: /home/ws/install/quadruped_urdf/share/ament_index/resource_index/packages/quadruped_urdf
[1.270s] -- Symlinking: /home/ws/install/quadruped_urdf/share/quadruped_urdf/cmake/quadruped_urdfConfig.cmake
[1.280s] -- Symlinking: /home/ws/install/quadruped_urdf/share/quadruped_urdf/cmake/quadruped_urdfConfig-version.cmake
[1.290s] -- Symlinking: /home/ws/install/quadruped_urdf/share/quadruped_urdf/package.xml
[1.299s] Invoked command in '/home/ws/build/quadruped_urdf' returned '0': CMAKE_PREFIX_PATH=${CMAKE_PREFIX_PATH}:/home/ws/install/quadruped_simulation:/home/ws/install/quadruped_controllers:/opt/ros/jazzy /usr/bin/cmake --install /home/ws/build/quadruped_urdf
