[0.014s] Invoking command in '/home/ws/src/quadruped/build/quadruped': CMAKE_PREFIX_PATH=/opt/ros/jazzy /usr/bin/cmake /home/ws/src/quadruped -DAMENT_CMAKE_SYMLINK_INSTALL=1 -DCMAKE_INSTALL_PREFIX=/home/ws/src/quadruped/install/quadruped
[0.130s] -- The C compiler identification is GNU 13.2.0
[0.250s] -- The CXX compiler identification is GNU 13.2.0
[0.278s] -- Detecting C compiler ABI info
[0.472s] -- Detecting C compiler ABI info - done
[0.491s] -- Check for working C compiler: /usr/bin/cc - skipped
[0.492s] -- Detecting C compile features
[0.493s] -- Detecting C compile features - done
[0.512s] -- Detecting CXX compiler ABI info
[0.731s] -- Detecting CXX compiler ABI info - done
[0.747s] -- Check for working CXX compiler: /usr/bin/c++ - skipped
[0.748s] -- Detecting CXX compile features
[0.749s] -- Detecting CXX compile features - done
[0.757s] -- Found ament_cmake: 2.5.2 (/opt/ros/jazzy/share/ament_cmake/cmake)
[0.990s] -- Found Python3: /usr/bin/python3 (found version "3.12.3") found components: Interpreter 
[1.109s] -- Override CMake install command with custom implementation using symlinks instead of copying resources
[1.165s] -- Found ament_lint_auto: 0.17.1 (/opt/ros/jazzy/share/ament_lint_auto/cmake)
[1.321s] -- Added test 'cppcheck' to perform static code analysis on C / C++ code
[1.322s] -- Configured cppcheck include dirs: 
[1.322s] -- Configured cppcheck exclude dirs and/or files: 
[1.324s] -- Added test 'flake8' to check Python code syntax and style conventions
[1.324s] -- Configured 'flake8' exclude dirs and/or files: 
[1.327s] -- Added test 'lint_cmake' to check CMake code style
[1.329s] -- Added test 'pep257' to check Python code against some of the docstring style conventions in PEP 257
[1.342s] -- Added test 'uncrustify' to check C / C++ code style
[1.342s] -- Configured uncrustify additional arguments: 
[1.344s] -- Added test 'xmllint' to check XML markup files
[1.346s] -- Configuring done (1.3s)
[1.351s] -- Generating done (0.0s)
[1.353s] -- Build files have been written to: /home/ws/src/quadruped/build/quadruped
[1.365s] Invoked command in '/home/ws/src/quadruped/build/quadruped' returned '0': CMAKE_PREFIX_PATH=/opt/ros/jazzy /usr/bin/cmake /home/ws/src/quadruped -DAMENT_CMAKE_SYMLINK_INSTALL=1 -DCMAKE_INSTALL_PREFIX=/home/ws/src/quadruped/install/quadruped
[1.366s] Invoking command in '/home/ws/src/quadruped/build/quadruped': CMAKE_PREFIX_PATH=/opt/ros/jazzy /usr/bin/cmake --build /home/ws/src/quadruped/build/quadruped -- -j20 -l20
[1.444s] Invoked command in '/home/ws/src/quadruped/build/quadruped' returned '0': CMAKE_PREFIX_PATH=/opt/ros/jazzy /usr/bin/cmake --build /home/ws/src/quadruped/build/quadruped -- -j20 -l20
[1.505s] Invoking command in '/home/ws/src/quadruped/build/quadruped': CMAKE_PREFIX_PATH=/opt/ros/jazzy /usr/bin/cmake --install /home/ws/src/quadruped/build/quadruped
[1.518s] -- Install configuration: ""
[1.519s] -- Execute custom install script
[1.519s] -- Symlinking: /home/ws/src/quadruped/install/quadruped/share/ament_index/resource_index/package_run_dependencies/quadruped
[1.534s] -- Symlinking: /home/ws/src/quadruped/install/quadruped/share/ament_index/resource_index/parent_prefix_path/quadruped
[1.557s] -- Symlinking: /home/ws/src/quadruped/install/quadruped/share/quadruped/environment/ament_prefix_path.sh
[1.573s] -- Symlinking: /home/ws/src/quadruped/install/quadruped/share/quadruped/environment/ament_prefix_path.dsv
[1.587s] -- Symlinking: /home/ws/src/quadruped/install/quadruped/share/quadruped/environment/path.sh
[1.603s] -- Symlinking: /home/ws/src/quadruped/install/quadruped/share/quadruped/environment/path.dsv
[1.617s] -- Symlinking: /home/ws/src/quadruped/install/quadruped/share/quadruped/local_setup.bash
[1.639s] -- Symlinking: /home/ws/src/quadruped/install/quadruped/share/quadruped/local_setup.sh
[1.656s] -- Symlinking: /home/ws/src/quadruped/install/quadruped/share/quadruped/local_setup.zsh
[1.672s] -- Symlinking: /home/ws/src/quadruped/install/quadruped/share/quadruped/local_setup.dsv
[1.687s] -- Symlinking: /home/ws/src/quadruped/install/quadruped/share/quadruped/package.dsv
[1.699s] -- Symlinking: /home/ws/src/quadruped/install/quadruped/share/ament_index/resource_index/packages/quadruped
[1.713s] -- Symlinking: /home/ws/src/quadruped/install/quadruped/share/quadruped/cmake/quadrupedConfig.cmake
[1.731s] -- Symlinking: /home/ws/src/quadruped/install/quadruped/share/quadruped/cmake/quadrupedConfig-version.cmake
[1.752s] -- Symlinking: /home/ws/src/quadruped/install/quadruped/share/quadruped/package.xml
[1.772s] Invoked command in '/home/ws/src/quadruped/build/quadruped' returned '0': CMAKE_PREFIX_PATH=/opt/ros/jazzy /usr/bin/cmake --install /home/ws/src/quadruped/build/quadruped
