[1.232s] Invoking command in '/home/ws/build/quadruped_simulation': PYTHONPATH=/home/ws/build/quadruped_simulation/prefix_override:/usr/lib/python3/dist-packages/colcon_core/task/python/colcon_distutils_commands:/home/ws/install/quadruped_simulation/lib/python3.12/site-packages:${PYTHONPATH} /usr/bin/python3 -W ignore:setup.py install is deprecated setup.py develop --editable --build-directory /home/ws/build/quadruped_simulation/build --no-deps symlink_data
[1.575s] running develop
[1.575s] /usr/lib/python3/dist-packages/setuptools/command/develop.py:40: EasyInstallDeprecationWarning: easy_install command is deprecated.
[1.575s] !!
[1.576s] 
[1.576s]         ********************************************************************************
[1.576s]         Please avoid running ``setup.py`` and ``easy_install``.
[1.576s]         Instead, use pypa/build, pypa/installer or other
[1.576s]         standards-based tools.
[1.577s] 
[1.577s]         See https://github.com/pypa/setuptools/issues/917 for details.
[1.577s]         ********************************************************************************
[1.577s] 
[1.577s] !!
[1.578s]   easy_install.initialize_options(self)
[1.760s] running egg_info
[1.775s] writing quadruped_simulation.egg-info/PKG-INFO
[1.775s] writing dependency_links to quadruped_simulation.egg-info/dependency_links.txt
[1.775s] writing requirements to quadruped_simulation.egg-info/requires.txt
[1.775s] writing top-level names to quadruped_simulation.egg-info/top_level.txt
[1.808s] reading manifest file 'quadruped_simulation.egg-info/SOURCES.txt'
[1.809s] writing manifest file 'quadruped_simulation.egg-info/SOURCES.txt'
[1.827s] running build_ext
[1.827s] Creating /home/ws/install/quadruped_simulation/lib/python3.12/site-packages/quadruped-simulation.egg-link (link to .)
[1.827s] 
[1.827s] Installed /home/ws/build/quadruped_simulation
[1.827s] running symlink_data
[1.868s] Invoked command in '/home/ws/build/quadruped_simulation' returned '0': PYTHONPATH=/home/ws/build/quadruped_simulation/prefix_override:/usr/lib/python3/dist-packages/colcon_core/task/python/colcon_distutils_commands:/home/ws/install/quadruped_simulation/lib/python3.12/site-packages:${PYTHONPATH} /usr/bin/python3 -W ignore:setup.py install is deprecated setup.py develop --editable --build-directory /home/ws/build/quadruped_simulation/build --no-deps symlink_data
