[0.009s] Invoking command in '/home/ws/build/quadruped': CMAKE_PREFIX_PATH=${CMAKE_PREFIX_PATH}:/opt/ros/jazzy /usr/bin/cmake /home/ws/src/quadruped -DAMENT_CMAKE_SYMLINK_INSTALL=1 -DCMAKE_INSTALL_PREFIX=/home/ws/install/quadruped
[0.019s] -- Found ament_cmake: 2.5.2 (/opt/ros/jazzy/share/ament_cmake/cmake)
[0.099s] -- Override CMake install command with custom implementation using symlinks instead of copying resources
[0.104s] -- Found rclcpp: 28.1.5 (/opt/ros/jazzy/share/rclcpp/cmake)
[0.124s] -- Found rosidl_generator_c: 4.6.4 (/opt/ros/jazzy/share/rosidl_generator_c/cmake)
[0.131s] -- Found rosidl_generator_cpp: 4.6.4 (/opt/ros/jazzy/share/rosidl_generator_cpp/cmake)
[0.139s] -- Using all available rosidl_typesupport_c: rosidl_typesupport_fastrtps_c;rosidl_typesupport_introspection_c
[0.148s] -- Using all available rosidl_typesupport_cpp: rosidl_typesupport_fastrtps_cpp;rosidl_typesupport_introspection_cpp
[0.193s] -- Found rmw_implementation_cmake: 7.3.1 (/opt/ros/jazzy/share/rmw_implementation_cmake/cmake)
[0.194s] -- Found rmw_fastrtps_cpp: 8.4.1 (/opt/ros/jazzy/share/rmw_fastrtps_cpp/cmake)
[0.247s] -- Using RMW implementation 'rmw_fastrtps_cpp' as default
[0.294s] -- Found hardware_interface: 4.18.0 (/opt/ros/jazzy/share/hardware_interface/cmake)
[0.454s] -- Found controller_manager: 4.18.0 (/opt/ros/jazzy/share/controller_manager/cmake)
[0.502s] -- Found ros2_control: 4.18.0 (/opt/ros/jazzy/share/ros2_control/cmake)
[0.502s] -- Found ros_gz_sim: 1.0.5 (/opt/ros/jazzy/share/ros_gz_sim/cmake)
[0.504s] -- Looking for gz-sim8 -- found version 8.6.0
[0.507s] -- Searching for dependencies of gz-sim8
[0.508s] -- Looking for sdformat14 -- found version 14.5.0
[0.508s] -- Searching for dependencies of sdformat14
[0.514s] -- Checking for module 'tinyxml2'
[0.536s] --   Found tinyxml2, version 10.0.0
[0.583s] -- Looking for gz-math7 -- found version 7.5.0
[0.583s] -- Searching for dependencies of gz-math7
[0.583s] -- Looking for gz-utils2 -- found version 2.2.0
[0.584s] -- Searching for dependencies of gz-utils2
[0.585s] -- Looking for gz-utils2 -- found version 2.2.0
[0.586s] -- Searching for dependencies of gz-utils2
[0.586s] -- Searching for <gz-utils2> component [cli]
[0.586s] -- Looking for gz-utils2-cli -- found version 2.2.0
[0.586s] -- Searching for dependencies of gz-utils2-cli
[0.588s] -- Looking for gz-plugin2 -- found version 2.0.3
[0.589s] -- Searching for dependencies of gz-plugin2
[0.589s] -- Looking for gz-utils2 -- found version 2.2.0
[0.590s] -- Searching for <gz-plugin2> component [loader]
[0.590s] -- Looking for gz-plugin2-loader -- found version 2.0.3
[0.591s] -- Searching for dependencies of gz-plugin2-loader
[0.592s] -- Searching for <gz-plugin2> component [register]
[0.592s] -- Looking for gz-plugin2-register -- found version 2.0.3
[0.593s] -- Searching for dependencies of gz-plugin2-register
[0.594s] -- Looking for gz-transport13 -- found version 13.4.0
[0.594s] -- Searching for dependencies of gz-transport13
[0.632s] -- Config-file not installed for ZeroMQ -- checking for pkg-config
[0.637s] -- Checking for module 'libzmq >= 4'
[0.669s] --   Found libzmq, version 4.3.5
[0.768s] -- Checking for module 'uuid'
[0.788s] --   Found uuid, version 2.39.3
[0.831s] -- Looking for gz-utils2 -- found version 2.2.0
[0.831s] -- Looking for gz-msgs10 -- found version 10.3.0
[0.831s] -- Searching for dependencies of gz-msgs10
[0.865s] -- Looking for gz-utils2 -- found version 2.2.0
[0.866s] -- Looking for gz-math7 -- found version 7.5.0
[0.912s] -- Searching for <gz-transport13> component [log]
[0.912s] -- Looking for gz-transport13-log -- found version 13.4.0
[0.912s] -- Searching for dependencies of gz-transport13-log
[0.914s] -- Searching for <gz-transport13> component [parameters]
[0.914s] -- Looking for gz-transport13-parameters -- found version 13.4.0
[0.914s] -- Searching for dependencies of gz-transport13-parameters
[0.916s] -- Looking for gz-msgs10 -- found version 10.3.0
[0.917s] -- Looking for gz-common5 -- found version 5.6.0
[0.917s] -- Searching for dependencies of gz-common5
[0.918s] -- Looking for gz-utils2 -- found version 2.2.0
[0.918s] -- Looking for dlfcn.h - found
[0.918s] -- Looking for libdl - found
[0.936s] -- Searching for <gz-common5> component [av]
[0.937s] -- Looking for gz-common5-av -- found version 5.6.0
[0.938s] -- Searching for dependencies of gz-common5-av
[0.947s] -- Checking for module 'libswscale'
[0.974s] --   Found libswscale, version 7.5.100
[1.045s] -- Checking for module 'libavdevice >= 56.4.100'
[1.067s] --   Found libavdevice, version 60.3.100
[1.173s] -- Checking for module 'libavformat'
[1.198s] --   Found libavformat, version 60.16.100
[1.282s] -- Checking for module 'libavcodec'
[1.305s] --   Found libavcodec, version 60.31.102
[1.388s] -- Checking for module 'libavutil'
[1.416s] --   Found libavutil, version 58.29.100
[1.488s] -- Searching for <gz-common5> component [events]
[1.489s] -- Looking for gz-common5-events -- found version 5.6.0
[1.489s] -- Searching for dependencies of gz-common5-events
[1.490s] -- Looking for gz-math7 -- found version 7.5.0
[1.491s] -- Searching for <gz-common5> component [graphics]
[1.491s] -- Looking for gz-common5-graphics -- found version 5.6.0
[1.491s] -- Searching for dependencies of gz-common5-graphics
[1.492s] -- Looking for gz-math7 -- found version 7.5.0
[1.495s] -- Searching for <gz-common5> component [io]
[1.496s] -- Looking for gz-common5-io -- found version 5.6.0
[1.496s] -- Searching for dependencies of gz-common5-io
[1.497s] -- Searching for <gz-common5> component [profiler]
[1.498s] -- Looking for gz-common5-profiler -- found version 5.6.0
[1.498s] -- Searching for dependencies of gz-common5-profiler
[1.499s] -- Looking for gz-fuel_tools9 -- found version 9.1.0
[1.499s] -- Searching for dependencies of gz-fuel_tools9
[1.559s] -- Checking for module 'jsoncpp'
[1.582s] --   Found jsoncpp, version 1.9.5
[1.668s] -- Checking for module 'yaml-0.1'
[1.690s] --   Found yaml-0.1, version 0.2.5
[1.740s] -- Checking for module 'libzip'
[1.763s] --   Found libzip, version 1.7.3
[1.807s] -- Looking for gz-utils2 -- found version 2.2.0
[1.808s] -- Looking for gz-common5 -- found version 5.6.0
[1.808s] -- Searching for dependencies of gz-common5
[1.809s] -- Looking for gz-utils2 -- found version 2.2.0
[1.809s] -- Looking for dlfcn.h - found
[1.809s] -- Looking for libdl - found
[1.820s] -- Searching for <gz-common5> component [testing]
[1.821s] -- Looking for gz-common5-testing -- found version 5.6.0
[1.821s] -- Searching for dependencies of gz-common5-testing
[1.822s] -- Looking for gz-math7 -- found version 7.5.0
[1.823s] -- Looking for gz-msgs10 -- found version 10.3.0
[1.824s] -- Looking for gz-gui8 -- found version 8.3.0
[1.824s] -- Searching for dependencies of gz-gui8
[1.860s] -- Looking for gz-utils2 -- found version 2.2.0
[1.861s] -- Looking for gz-math7 -- found version 7.5.0
[1.861s] -- Looking for gz-common5 -- found version 5.6.0
[1.862s] -- Looking for gz-plugin2 -- found version 2.0.3
[1.863s] -- Looking for gz-transport13 -- found version 13.4.0
[1.863s] -- Looking for gz-rendering8 -- found version 8.2.0
[1.863s] -- Searching for dependencies of gz-rendering8
[1.864s] -- Looking for gz-math7 -- found version 7.5.0
[1.864s] -- Searching for dependencies of gz-math7
[1.865s] -- Looking for gz-utils2 -- found version 2.2.0
[1.865s] -- Searching for <gz-math7> component [eigen3]
[1.866s] -- Looking for gz-math7-eigen3 -- found version 7.5.0
[1.866s] -- Searching for dependencies of gz-math7-eigen3
[1.869s] -- Looking for gz-common5 -- found version 5.6.0
[1.869s] -- Searching for dependencies of gz-common5
[1.870s] -- Looking for gz-utils2 -- found version 2.2.0
[1.870s] -- Looking for dlfcn.h - found
[1.870s] -- Looking for libdl - found
[1.880s] -- Searching for <gz-common5> component [graphics]
[1.880s] -- Searching for <gz-common5> component [events]
[1.881s] -- Searching for <gz-common5> component [geospatial]
[1.881s] -- Looking for gz-common5-geospatial -- found version 5.6.0
[1.881s] -- Searching for dependencies of gz-common5-geospatial
[1.881s] -- Looking for gz-math7 -- found version 7.5.0
[1.882s] -- Looking for gz-common5 -- found version 5.6.0
[1.883s] -- Looking for gz-plugin2 -- found version 2.0.3
[1.883s] -- Searching for dependencies of gz-plugin2
[1.883s] -- Looking for gz-utils2 -- found version 2.2.0
[1.883s] -- Searching for <gz-plugin2> component [all]
[1.883s] -- Looking for all libraries of gz-plugin2 -- found version 2.0.3
[1.884s] -- Looking for gz-plugin2 -- found version 2.0.3
[1.885s] -- Looking for gz-utils2 -- found version 2.2.0
[1.887s] -- Looking for gz-msgs10 -- found version 10.3.0
[1.898s] -- Looking for gz-physics7 -- found version 7.3.0
[1.898s] -- Searching for dependencies of gz-physics7
[1.898s] -- Looking for gz-common5 -- found version 5.6.0
[1.898s] -- Looking for gz-math7 -- found version 7.5.0
[1.898s] -- Looking for gz-plugin2 -- found version 2.0.3
[1.899s] -- Looking for gz-utils2 -- found version 2.2.0
[1.900s] -- Searching for <gz-physics7> component [heightmap]
[1.900s] -- Looking for gz-physics7-heightmap -- found version 7.3.0
[1.900s] -- Searching for dependencies of gz-physics7-heightmap
[1.900s] -- Looking for gz-common5 -- found version 5.6.0
[1.901s] -- Searching for <gz-physics7> component [mesh]
[1.901s] -- Looking for gz-physics7-mesh -- found version 7.3.0
[1.901s] -- Searching for dependencies of gz-physics7-mesh
[1.901s] -- Looking for gz-common5 -- found version 5.6.0
[1.901s] -- Searching for <gz-physics7> component [sdf]
[1.902s] -- Looking for gz-physics7-sdf -- found version 7.3.0
[1.902s] -- Searching for dependencies of gz-physics7-sdf
[1.902s] -- Looking for sdformat14 -- found version 14.5.0
[1.903s] -- Looking for gz-sensors8 -- found version 8.2.0
[1.903s] -- Searching for dependencies of gz-sensors8
[1.921s] -- Looking for gz-math7 -- found version 7.5.0
[1.922s] -- Looking for gz-common5 -- found version 5.6.0
[1.922s] -- Looking for gz-transport13 -- found version 13.4.0
[1.922s] -- Looking for gz-rendering8 -- found version 8.2.0
[1.923s] -- Looking for gz-msgs10 -- found version 10.3.0
[1.923s] -- Looking for sdformat14 -- found version 14.5.0
[1.924s] -- Searching for <gz-sensors8> component [air_pressure]
[1.924s] -- Looking for gz-sensors8-air_pressure -- found version 8.2.0
[1.924s] -- Searching for dependencies of gz-sensors8-air_pressure
[1.924s] -- Searching for <gz-sensors8> component [air_speed]
[1.925s] -- Looking for gz-sensors8-air_speed -- found version 8.2.0
[1.925s] -- Searching for dependencies of gz-sensors8-air_speed
[1.925s] -- Searching for <gz-sensors8> component [altimeter]
[1.926s] -- Looking for gz-sensors8-altimeter -- found version 8.2.0
[1.926s] -- Searching for dependencies of gz-sensors8-altimeter
[1.926s] -- Searching for <gz-sensors8> component [imu]
[1.926s] -- Looking for gz-sensors8-imu -- found version 8.2.0
[1.927s] -- Searching for dependencies of gz-sensors8-imu
[1.927s] -- Searching for <gz-sensors8> component [force_torque]
[1.927s] -- Looking for gz-sensors8-force_torque -- found version 8.2.0
[1.927s] -- Searching for dependencies of gz-sensors8-force_torque
[1.928s] -- Searching for <gz-sensors8> component [logical_camera]
[1.928s] -- Looking for gz-sensors8-logical_camera -- found version 8.2.0
[1.928s] -- Searching for dependencies of gz-sensors8-logical_camera
[1.928s] -- Searching for <gz-sensors8> component [magnetometer]
[1.929s] -- Looking for gz-sensors8-magnetometer -- found version 8.2.0
[1.929s] -- Searching for dependencies of gz-sensors8-magnetometer
[1.929s] -- Searching for <gz-sensors8> component [navsat]
[1.930s] -- Looking for gz-sensors8-navsat -- found version 8.2.0
[1.930s] -- Searching for dependencies of gz-sensors8-navsat
[1.930s] -- Searching for <gz-sensors8> component [dvl]
[1.930s] -- Looking for gz-sensors8-dvl -- found version 8.2.0
[1.931s] -- Searching for dependencies of gz-sensors8-dvl
[1.931s] -- Looking for gz-sensors8 -- found version 8.2.0
[1.931s] -- Searching for dependencies of gz-sensors8
[1.949s] -- Looking for gz-math7 -- found version 7.5.0
[1.950s] -- Looking for gz-common5 -- found version 5.6.0
[1.950s] -- Looking for gz-transport13 -- found version 13.4.0
[1.951s] -- Looking for gz-rendering8 -- found version 8.2.0
[1.951s] -- Looking for gz-msgs10 -- found version 10.3.0
[1.951s] -- Looking for sdformat14 -- found version 14.5.0
[1.951s] -- Searching for <gz-sensors8> component [rendering]
[1.952s] -- Looking for gz-sensors8-rendering -- found version 8.2.0
[1.952s] -- Searching for dependencies of gz-sensors8-rendering
[1.953s] -- Searching for <gz-sensors8> component [rendering]
[1.953s] -- Searching for <gz-sensors8> component [lidar]
[1.954s] -- Looking for gz-sensors8-lidar -- found version 8.2.0
[1.955s] -- Searching for dependencies of gz-sensors8-lidar
[1.955s] -- Looking for gz-sensors8 -- found version 8.2.0
[1.955s] -- Searching for <gz-sensors8> component [gpu_lidar]
[1.956s] -- Looking for gz-sensors8-gpu_lidar -- found version 8.2.0
[1.956s] -- Searching for dependencies of gz-sensors8-gpu_lidar
[1.956s] -- Looking for gz-sensors8 -- found version 8.2.0
[1.957s] -- Searching for <gz-sensors8> component [camera]
[1.957s] -- Looking for gz-sensors8-camera -- found version 8.2.0
[1.957s] -- Searching for dependencies of gz-sensors8-camera
[1.957s] -- Looking for gz-sensors8 -- found version 8.2.0
[1.958s] -- Searching for <gz-sensors8> component [boundingbox_camera]
[1.958s] -- Looking for gz-sensors8-boundingbox_camera -- found version 8.2.0
[1.959s] -- Searching for dependencies of gz-sensors8-boundingbox_camera
[1.959s] -- Searching for <gz-sensors8> component [segmentation_camera]
[1.959s] -- Looking for gz-sensors8-segmentation_camera -- found version 8.2.0
[1.959s] -- Searching for dependencies of gz-sensors8-segmentation_camera
[1.960s] -- Searching for <gz-sensors8> component [depth_camera]
[1.960s] -- Looking for gz-sensors8-depth_camera -- found version 8.2.0
[1.961s] -- Searching for dependencies of gz-sensors8-depth_camera
[1.961s] -- Looking for gz-sensors8 -- found version 8.2.0
[1.961s] -- Searching for <gz-sensors8> component [rgbd_camera]
[1.962s] -- Looking for gz-sensors8-rgbd_camera -- found version 8.2.0
[1.962s] -- Searching for dependencies of gz-sensors8-rgbd_camera
[1.962s] -- Looking for gz-sensors8 -- found version 8.2.0
[1.963s] -- Searching for <gz-sensors8> component [thermal_camera]
[1.963s] -- Looking for gz-sensors8-thermal_camera -- found version 8.2.0
[1.963s] -- Searching for dependencies of gz-sensors8-thermal_camera
[1.963s] -- Looking for gz-sensors8 -- found version 8.2.0
[1.964s] -- Searching for <gz-sensors8> component [wide_angle_camera]
[1.964s] -- Looking for gz-sensors8-wide_angle_camera -- found version 8.2.0
[1.964s] -- Searching for dependencies of gz-sensors8-wide_angle_camera
[1.965s] -- Looking for gz-rendering8 -- found version 8.2.0
[1.965s] -- Looking for gz-math7 -- found version 7.5.0
[1.965s] -- Looking for gz-utils2 -- found version 2.2.0
[1.982s] -- Looking for gz-plugin2 -- found version 2.0.3
[1.982s] -- Found rosidl_default_generators: 1.6.0 (/opt/ros/jazzy/share/rosidl_default_generators/cmake)
[1.988s] -- Found rosidl_adapter: 4.6.4 (/opt/ros/jazzy/share/rosidl_adapter/cmake)
[1.989s] -- Found rclcpp_components: 28.1.5 (/opt/ros/jazzy/share/rclcpp_components/cmake)
[2.008s] -- pinocchio FOUND. pinocchio at /opt/ros/jazzy/lib/x86_64-linux-gnu/libpinocchio.so
[2.009s] -- boost_filesystem FOUND. boost_filesystem at /lib/x86_64-linux-gnu/libboost_filesystem.so
[2.009s] -- boost_serialization FOUND. boost_serialization at /lib/x86_64-linux-gnu/libboost_serialization.so
[2.009s] -- boost_system FOUND. boost_system at /lib/x86_64-linux-gnu/libboost_system.so
[2.015s] -- Found Boost: /usr/include (found version "1.83.0") found components: filesystem serialization system 
[2.016s] -- eigenpy FOUND. eigenpy at /opt/ros/jazzy/lib/x86_64-linux-gnu/libeigenpy.so
[2.041s] -- Checking for NumPy
[2.214s] --   NUMPY_INCLUDE_DIRS=/usr/lib/python3/dist-packages/numpy/core/include
[2.295s] --   NUMPY_VERSION=1.26.4
[2.495s] -- Found Python3: /usr/bin/python3 (found version "3.12.3") found components: Interpreter Development.Module NumPy 
[2.496s] -- PythonLibraryDirs: 
[2.496s] -- PythonLibVersionString: 3.12.3
[2.526s] -- Python site lib: lib/python3.12/dist-packages
[2.526s] -- Python include dirs: /usr/include/python3.12
[2.580s] -- Checking for NumPy
[2.665s] --   NUMPY_INCLUDE_DIRS=/usr/lib/python3/dist-packages/numpy/core/include
[2.744s] --   NUMPY_VERSION=1.26.4
[2.744s] -- NumPy include dir: /usr/lib/python3/dist-packages/numpy/core/include
[2.749s] -- Found Boost: /usr/include (found version "1.83.0") found components: python312 
[2.749s] -- Boost_PYTHON_LIBRARY: /usr/lib/x86_64-linux-gnu/libboost_python312.so
[3.051s] -- Default C++ standard: 201703
[3.051s] -- C++ standard sufficient: Minimal required 14, currently defined: 17
[3.051s] -- CMAKE_CXX_STANDARD was not set: automatically set to currently defined standard 17
[3.052s] -- C++ standard sufficient: Minimal required 14, currently defined: 17
[3.074s] -- Found Python3: /usr/bin/python3 (found version "3.12.3") found components: Interpreter 
[3.251s] -- Found ament_cmake_ros: 0.12.0 (/opt/ros/jazzy/share/ament_cmake_ros/cmake)
[3.416s] -- Using all available rosidl_typesupport_c: rosidl_typesupport_fastrtps_c;rosidl_typesupport_introspection_c
[3.478s] -- Using all available rosidl_typesupport_cpp: rosidl_typesupport_fastrtps_cpp;rosidl_typesupport_introspection_cpp
[3.479s] -- Found python_cmake_module: 0.11.1 (/opt/ros/jazzy/share/python_cmake_module/cmake)
[3.764s] -- Found Python3: /usr/bin/python3 (found version "3.12.3") found components: Interpreter Development NumPy Development.Module Development.Embed 
[3.781s] -- Configuring done (3.8s)
[3.820s] -- Generating done (0.0s)
[3.823s] -- Build files have been written to: /home/ws/build/quadruped
[3.841s] Invoked command in '/home/ws/build/quadruped' returned '0': CMAKE_PREFIX_PATH=${CMAKE_PREFIX_PATH}:/opt/ros/jazzy /usr/bin/cmake /home/ws/src/quadruped -DAMENT_CMAKE_SYMLINK_INSTALL=1 -DCMAKE_INSTALL_PREFIX=/home/ws/install/quadruped
[3.843s] Invoking command in '/home/ws/build/quadruped': CMAKE_PREFIX_PATH=${CMAKE_PREFIX_PATH}:/opt/ros/jazzy /usr/bin/cmake --build /home/ws/build/quadruped -- -j20 -l20
[3.917s] [  2%] Built target quadruped__rosidl_generator_type_description
[3.929s] [  2%] Built target ament_cmake_python_symlink_quadruped
[3.940s] [  5%] Built target quadruped__cpp
[3.944s] [ 17%] Built target quadruped__rosidl_generator_c
[3.963s] [ 30%] Built target quadruped_lib
[3.991s] [ 38%] Built target quadruped__rosidl_typesupport_cpp
[3.994s] [ 46%] Built target quadruped__rosidl_typesupport_introspection_cpp
[3.995s] [ 53%] Built target quadruped__rosidl_typesupport_fastrtps_cpp
[3.995s] [ 61%] Built target quadruped__rosidl_typesupport_introspection_c
[3.997s] [ 69%] Built target quadruped__rosidl_typesupport_c
[4.000s] [ 76%] Built target quadruped__rosidl_typesupport_fastrtps_c
[4.020s] [ 76%] Built target quadruped
[4.049s] [ 79%] Built target quadruped__py
[4.073s] [ 84%] Built target quadruped__rosidl_generator_py
[4.098s] running egg_info
[4.103s] [ 89%] Built target quadruped_s__rosidl_typesupport_fastrtps_c
[4.104s] [100%] Built target quadruped_s__rosidl_typesupport_c
[4.104s] [100%] Built target quadruped_s__rosidl_typesupport_introspection_c
[4.112s] writing quadruped.egg-info/PKG-INFO
[4.112s] writing dependency_links to quadruped.egg-info/dependency_links.txt
[4.112s] writing top-level names to quadruped.egg-info/top_level.txt
[4.140s] reading manifest file 'quadruped.egg-info/SOURCES.txt'
[4.141s] writing manifest file 'quadruped.egg-info/SOURCES.txt'
[4.167s] [100%] Built target ament_cmake_python_build_quadruped_egg
[4.176s] Invoked command in '/home/ws/build/quadruped' returned '0': CMAKE_PREFIX_PATH=${CMAKE_PREFIX_PATH}:/opt/ros/jazzy /usr/bin/cmake --build /home/ws/build/quadruped -- -j20 -l20
[4.373s] Invoking command in '/home/ws/build/quadruped': CMAKE_PREFIX_PATH=${CMAKE_PREFIX_PATH}:/opt/ros/jazzy /usr/bin/cmake --install /home/ws/build/quadruped
[4.387s] -- Install configuration: ""
[4.387s] -- Execute custom install script
[4.388s] -- Up-to-date symlink: /home/ws/install/quadruped/share/ament_index/resource_index/rosidl_interfaces/quadruped
[4.388s] -- Up-to-date symlink: /home/ws/install/quadruped/share/quadruped/msg/LegCommand.json
[4.388s] -- Up-to-date symlink: /home/ws/install/quadruped/include/quadruped/quadruped/msg/detail/leg_command__functions.h
[4.388s] -- Up-to-date symlink: /home/ws/install/quadruped/include/quadruped/quadruped/msg/detail/leg_command__struct.h
[4.388s] -- Up-to-date symlink: /home/ws/install/quadruped/include/quadruped/quadruped/msg/detail/leg_command__type_support.h
[4.389s] -- Up-to-date symlink: /home/ws/install/quadruped/include/quadruped/quadruped/msg/leg_command.h
[4.389s] -- Up-to-date symlink: /home/ws/install/quadruped/include/quadruped/quadruped/msg/rosidl_generator_c__visibility_control.h
[4.389s] -- Up-to-date symlink: /home/ws/install/quadruped/share/quadruped/environment/library_path.sh
[4.389s] -- Up-to-date symlink: /home/ws/install/quadruped/share/quadruped/environment/library_path.dsv
[4.389s] -- Up-to-date symlink: /home/ws/install/quadruped/include/quadruped/quadruped/msg/detail/leg_command__rosidl_typesupport_fastrtps_c.h
[4.389s] -- Up-to-date symlink: /home/ws/install/quadruped/include/quadruped/quadruped/msg/rosidl_typesupport_fastrtps_c__visibility_control.h
[4.389s] -- Up-to-date symlink: /home/ws/install/quadruped/include/quadruped/quadruped/msg/detail/leg_command__builder.hpp
[4.390s] -- Up-to-date symlink: /home/ws/install/quadruped/include/quadruped/quadruped/msg/detail/leg_command__struct.hpp
[4.390s] -- Up-to-date symlink: /home/ws/install/quadruped/include/quadruped/quadruped/msg/detail/leg_command__traits.hpp
[4.390s] -- Up-to-date symlink: /home/ws/install/quadruped/include/quadruped/quadruped/msg/detail/leg_command__type_support.hpp
[4.390s] -- Up-to-date symlink: /home/ws/install/quadruped/include/quadruped/quadruped/msg/leg_command.hpp
[4.390s] -- Up-to-date symlink: /home/ws/install/quadruped/include/quadruped/quadruped/msg/rosidl_generator_cpp__visibility_control.hpp
[4.391s] -- Up-to-date symlink: /home/ws/install/quadruped/include/quadruped/quadruped/msg/detail/leg_command__rosidl_typesupport_fastrtps_cpp.hpp
[4.391s] -- Up-to-date symlink: /home/ws/install/quadruped/include/quadruped/quadruped/msg/rosidl_typesupport_fastrtps_cpp__visibility_control.h
[4.391s] -- Up-to-date symlink: /home/ws/install/quadruped/include/quadruped/quadruped/msg/detail/leg_command__rosidl_typesupport_introspection_c.h
[4.391s] -- Up-to-date symlink: /home/ws/install/quadruped/include/quadruped/quadruped/msg/rosidl_typesupport_introspection_c__visibility_control.h
[4.391s] -- Up-to-date symlink: /home/ws/install/quadruped/include/quadruped/quadruped/msg/detail/leg_command__rosidl_typesupport_introspection_cpp.hpp
[4.391s] -- Up-to-date symlink: /home/ws/install/quadruped/share/quadruped/environment/pythonpath.sh
[4.391s] -- Up-to-date symlink: /home/ws/install/quadruped/share/quadruped/environment/pythonpath.dsv
[4.392s] -- Up-to-date symlink: /home/ws/install/quadruped/lib/python3.12/site-packages/quadruped-0.0.0-py3.12.egg-info/PKG-INFO
[4.392s] -- Up-to-date symlink: /home/ws/install/quadruped/lib/python3.12/site-packages/quadruped-0.0.0-py3.12.egg-info/SOURCES.txt
[4.392s] -- Up-to-date symlink: /home/ws/install/quadruped/lib/python3.12/site-packages/quadruped-0.0.0-py3.12.egg-info/dependency_links.txt
[4.392s] -- Up-to-date symlink: /home/ws/install/quadruped/lib/python3.12/site-packages/quadruped-0.0.0-py3.12.egg-info/top_level.txt
[4.392s] -- Up-to-date symlink: /home/ws/install/quadruped/lib/python3.12/site-packages/quadruped/__init__.py
[4.392s] -- Up-to-date symlink: /home/ws/install/quadruped/lib/python3.12/site-packages/quadruped/_quadruped_s.ep.rosidl_typesupport_c.c
[4.392s] -- Up-to-date symlink: /home/ws/install/quadruped/lib/python3.12/site-packages/quadruped/_quadruped_s.ep.rosidl_typesupport_fastrtps_c.c
[4.392s] -- Up-to-date symlink: /home/ws/install/quadruped/lib/python3.12/site-packages/quadruped/_quadruped_s.ep.rosidl_typesupport_introspection_c.c
[4.393s] -- Up-to-date symlink: /home/ws/install/quadruped/lib/python3.12/site-packages/quadruped/msg/__init__.py
[4.393s] -- Up-to-date symlink: /home/ws/install/quadruped/lib/python3.12/site-packages/quadruped/msg/_leg_command.py
[4.393s] -- Up-to-date symlink: /home/ws/install/quadruped/lib/python3.12/site-packages/quadruped/msg/_leg_command_s.c
[4.393s] -- Up-to-date symlink: /home/ws/install/quadruped/lib/python3.12/site-packages/quadruped/quadruped_s__rosidl_typesupport_c.so
[4.393s] -- Up-to-date symlink: /home/ws/install/quadruped/lib/python3.12/site-packages/quadruped/quadruped_s__rosidl_typesupport_fastrtps_c.so
[4.393s] -- Up-to-date symlink: /home/ws/install/quadruped/lib/python3.12/site-packages/quadruped/quadruped_s__rosidl_typesupport_introspection_c.so
[4.393s] -- Up-to-date symlink: /home/ws/install/quadruped/lib/python3.12/site-packages/quadruped/quadruped_s__rosidl_typesupport_fastrtps_c.so
[4.393s] -- Up-to-date symlink: /home/ws/install/quadruped/lib/python3.12/site-packages/quadruped/quadruped_s__rosidl_typesupport_introspection_c.so
[4.393s] -- Up-to-date symlink: /home/ws/install/quadruped/lib/python3.12/site-packages/quadruped/quadruped_s__rosidl_typesupport_c.so
[4.394s] -- Up-to-date symlink: /home/ws/install/quadruped/share/quadruped/msg/LegCommand.idl
[4.394s] -- Up-to-date symlink: /home/ws/install/quadruped/share/quadruped/messages/LegCommand.msg
[4.394s] -- Up-to-date symlink: /home/ws/install/quadruped/include/quadruped/balance_controller.hpp
[4.394s] -- Up-to-date symlink: /home/ws/install/quadruped/include/quadruped/foot_trajectory_generator.hpp
[4.394s] -- Up-to-date symlink: /home/ws/install/quadruped/include/quadruped/leg_controller.hpp
[4.394s] -- Up-to-date symlink: /home/ws/install/quadruped/include/quadruped/state_estimator.hpp
[4.394s] -- Up-to-date symlink: /home/ws/install/quadruped/lib/quadruped/LegController.py
[4.394s] -- Up-to-date symlink: /home/ws/install/quadruped/lib/quadruped/GaitPatternGenerator.py
[4.395s] -- Up-to-date symlink: /home/ws/install/quadruped/lib/quadruped/leg_class.py
[4.395s] -- Up-to-date symlink: /home/ws/install/quadruped/lib/quadruped/gait_pattern_class.py
[4.395s] -- Up-to-date symlink: /home/ws/install/quadruped/share/quadruped/launch/controllers.launch.py
[4.395s] -- Up-to-date symlink: /home/ws/install/quadruped/share/quadruped/launch/gazebo_sim.launch.py
[4.395s] -- Up-to-date symlink: /home/ws/install/quadruped/share/quadruped/config/initial_joint_positions.yaml
[4.395s] -- Up-to-date symlink: /home/ws/install/quadruped/share/quadruped/config/quadruped.rviz
[4.395s] -- Up-to-date symlink: /home/ws/install/quadruped/share/quadruped/config/quadruped_controllers.yaml
[4.395s] -- Up-to-date symlink: /home/ws/install/quadruped/share/quadruped/urdf/Quadruped MJB.mjb
[4.395s] -- Up-to-date symlink: /home/ws/install/quadruped/share/quadruped/urdf/QuadrupedURDF.urdf.xacro
[4.395s] -- Up-to-date symlink: /home/ws/install/quadruped/share/quadruped/urdf/meshes/Body.STL
[4.395s] -- Up-to-date symlink: /home/ws/install/quadruped/share/quadruped/urdf/meshes/Body_bin.STL
[4.395s] -- Up-to-date symlink: /home/ws/install/quadruped/share/quadruped/urdf/meshes/Front Left Shin.STL
[4.395s] -- Up-to-date symlink: /home/ws/install/quadruped/share/quadruped/urdf/meshes/Front Left Thigh.STL
[4.395s] -- Up-to-date symlink: /home/ws/install/quadruped/share/quadruped/urdf/meshes/Front Right Shin.STL
[4.395s] -- Up-to-date symlink: /home/ws/install/quadruped/share/quadruped/urdf/meshes/Front Right Thigh.STL
[4.395s] -- Up-to-date symlink: /home/ws/install/quadruped/share/quadruped/urdf/meshes/Rear Left Shin.STL
[4.395s] -- Up-to-date symlink: /home/ws/install/quadruped/share/quadruped/urdf/meshes/Rear Left Thigh.STL
[4.396s] -- Up-to-date symlink: /home/ws/install/quadruped/share/quadruped/urdf/meshes/Rear Right Shin.STL
[4.396s] -- Up-to-date symlink: /home/ws/install/quadruped/share/quadruped/urdf/meshes/Rear Right Thigh.STL
[4.396s] -- Up-to-date symlink: /home/ws/install/quadruped/share/quadruped/urdf/mjb_maker.py
[4.396s] -- Up-to-date symlink: /home/ws/install/quadruped/share/quadruped/messages/LegCommand.msg
[4.396s] -- Up-to-date symlink: /home/ws/install/quadruped/share/quadruped/messages/RobotState.msg
[4.396s] -- Up-to-date symlink: /home/ws/install/quadruped/share/quadruped//plugin_description.xml
[4.396s] -- Up-to-date symlink: /home/ws/install/quadruped/share/ament_index/resource_index/package_run_dependencies/quadruped
[4.396s] -- Up-to-date symlink: /home/ws/install/quadruped/share/ament_index/resource_index/parent_prefix_path/quadruped
[4.396s] -- Up-to-date symlink: /home/ws/install/quadruped/share/quadruped/environment/ament_prefix_path.sh
[4.396s] -- Up-to-date symlink: /home/ws/install/quadruped/share/quadruped/environment/ament_prefix_path.dsv
[4.396s] -- Up-to-date symlink: /home/ws/install/quadruped/share/quadruped/environment/path.sh
[4.396s] -- Up-to-date symlink: /home/ws/install/quadruped/share/quadruped/environment/path.dsv
[4.396s] -- Up-to-date symlink: /home/ws/install/quadruped/share/quadruped/local_setup.bash
[4.396s] -- Up-to-date symlink: /home/ws/install/quadruped/share/quadruped/local_setup.sh
[4.396s] -- Up-to-date symlink: /home/ws/install/quadruped/share/quadruped/local_setup.zsh
[4.396s] -- Up-to-date symlink: /home/ws/install/quadruped/share/quadruped/local_setup.dsv
[4.396s] -- Symlinking: /home/ws/install/quadruped/share/quadruped/package.dsv
[4.402s] -- Up-to-date symlink: /home/ws/install/quadruped/share/ament_index/resource_index/packages/quadruped
[4.402s] -- Up-to-date symlink: /home/ws/install/quadruped/share/quadruped/cmake/rosidl_cmake-extras.cmake
[4.403s] -- Up-to-date symlink: /home/ws/install/quadruped/share/quadruped/cmake/ament_cmake_export_include_directories-extras.cmake
[4.403s] -- Up-to-date symlink: /home/ws/install/quadruped/share/quadruped/cmake/ament_cmake_export_libraries-extras.cmake
[4.403s] -- Up-to-date symlink: /home/ws/install/quadruped/share/quadruped/cmake/ament_cmake_export_targets-extras.cmake
[4.403s] -- Up-to-date symlink: /home/ws/install/quadruped/share/quadruped/cmake/rosidl_cmake_export_typesupport_targets-extras.cmake
[4.403s] -- Up-to-date symlink: /home/ws/install/quadruped/share/quadruped/cmake/ament_cmake_export_dependencies-extras.cmake
[4.403s] -- Up-to-date symlink: /home/ws/install/quadruped/share/quadruped/cmake/rosidl_cmake_export_typesupport_libraries-extras.cmake
[4.403s] -- Up-to-date symlink: /home/ws/install/quadruped/share/quadruped/cmake/quadrupedConfig.cmake
[4.403s] -- Up-to-date symlink: /home/ws/install/quadruped/share/quadruped/cmake/quadrupedConfig-version.cmake
[4.403s] -- Up-to-date symlink: /home/ws/install/quadruped/share/quadruped/package.xml
[4.403s] -- Up-to-date: /home/ws/install/quadruped/lib/libquadruped__rosidl_generator_c.so
[4.403s] -- Up-to-date: /home/ws/install/quadruped/lib/libquadruped__rosidl_typesupport_fastrtps_c.so
[4.403s] -- Up-to-date: /home/ws/install/quadruped/lib/libquadruped__rosidl_typesupport_fastrtps_cpp.so
[4.403s] -- Up-to-date: /home/ws/install/quadruped/lib/libquadruped__rosidl_typesupport_introspection_c.so
[4.404s] -- Up-to-date: /home/ws/install/quadruped/lib/libquadruped__rosidl_typesupport_c.so
[4.404s] -- Up-to-date: /home/ws/install/quadruped/lib/libquadruped__rosidl_typesupport_introspection_cpp.so
[4.404s] -- Up-to-date: /home/ws/install/quadruped/lib/libquadruped__rosidl_typesupport_cpp.so
[4.436s] Listing '/home/ws/install/quadruped/lib/python3.12/site-packages/quadruped'...
[4.436s] Compiling '/home/ws/install/quadruped/lib/python3.12/site-packages/quadruped/__init__.py'...
[4.436s] Listing '/home/ws/install/quadruped/lib/python3.12/site-packages/quadruped/msg'...
[4.442s] -- Up-to-date: /home/ws/install/quadruped/lib/libquadruped__rosidl_generator_py.so
[4.442s] -- Up-to-date: /home/ws/install/quadruped/lib/libquadruped_lib.so
[4.442s] -- Up-to-date: /home/ws/install/quadruped/share/quadruped/cmake/export_quadruped__rosidl_generator_cExport.cmake
[4.442s] -- Up-to-date: /home/ws/install/quadruped/share/quadruped/cmake/export_quadruped__rosidl_generator_cExport-noconfig.cmake
[4.442s] -- Up-to-date: /home/ws/install/quadruped/share/quadruped/cmake/export_quadruped__rosidl_typesupport_fastrtps_cExport.cmake
[4.442s] -- Up-to-date: /home/ws/install/quadruped/share/quadruped/cmake/export_quadruped__rosidl_typesupport_fastrtps_cExport-noconfig.cmake
[4.442s] -- Up-to-date: /home/ws/install/quadruped/share/quadruped/cmake/export_quadruped__rosidl_generator_cppExport.cmake
[4.442s] -- Up-to-date: /home/ws/install/quadruped/share/quadruped/cmake/export_quadruped__rosidl_typesupport_fastrtps_cppExport.cmake
[4.442s] -- Up-to-date: /home/ws/install/quadruped/share/quadruped/cmake/export_quadruped__rosidl_typesupport_fastrtps_cppExport-noconfig.cmake
[4.442s] -- Up-to-date: /home/ws/install/quadruped/share/quadruped/cmake/quadruped__rosidl_typesupport_introspection_cExport.cmake
[4.442s] -- Up-to-date: /home/ws/install/quadruped/share/quadruped/cmake/quadruped__rosidl_typesupport_introspection_cExport-noconfig.cmake
[4.442s] -- Up-to-date: /home/ws/install/quadruped/share/quadruped/cmake/quadruped__rosidl_typesupport_cExport.cmake
[4.442s] -- Up-to-date: /home/ws/install/quadruped/share/quadruped/cmake/quadruped__rosidl_typesupport_cExport-noconfig.cmake
[4.442s] -- Up-to-date: /home/ws/install/quadruped/share/quadruped/cmake/quadruped__rosidl_typesupport_introspection_cppExport.cmake
[4.443s] -- Up-to-date: /home/ws/install/quadruped/share/quadruped/cmake/quadruped__rosidl_typesupport_introspection_cppExport-noconfig.cmake
[4.443s] -- Up-to-date: /home/ws/install/quadruped/share/quadruped/cmake/quadruped__rosidl_typesupport_cppExport.cmake
[4.443s] -- Up-to-date: /home/ws/install/quadruped/share/quadruped/cmake/quadruped__rosidl_typesupport_cppExport-noconfig.cmake
[4.443s] -- Up-to-date: /home/ws/install/quadruped/share/quadruped/cmake/export_quadruped__rosidl_generator_pyExport.cmake
[4.443s] -- Up-to-date: /home/ws/install/quadruped/share/quadruped/cmake/export_quadruped__rosidl_generator_pyExport-noconfig.cmake
[4.443s] -- Up-to-date: /home/ws/install/quadruped/share/quadruped/cmake/quadruped_targetsExport.cmake
[4.443s] -- Up-to-date: /home/ws/install/quadruped/share/quadruped/cmake/quadruped_targetsExport-noconfig.cmake
[4.444s] Invoked command in '/home/ws/build/quadruped' returned '0': CMAKE_PREFIX_PATH=${CMAKE_PREFIX_PATH}:/opt/ros/jazzy /usr/bin/cmake --install /home/ws/build/quadruped
