[0.006s] Invoking command in '/home/ws/build/quadruped': /usr/bin/cmake /home/ws/src/quadruped -DAMENT_CMAKE_SYMLINK_INSTALL=1 -DCMAKE_INSTALL_PREFIX=/home/ws/install/quadruped
[0.098s] -- The C compiler identification is GNU 13.2.0
[0.189s] -- The CXX compiler identification is GNU 13.2.0
[0.208s] -- Detecting C compiler ABI info
[0.341s] -- Detecting C compiler ABI info - done
[0.357s] -- Check for working C compiler: /usr/bin/cc - skipped
[0.357s] -- Detecting C compile features
[0.358s] -- Detecting C compile features - done
[0.369s] -- Detecting CXX compiler ABI info
[0.497s] -- Detecting CXX compiler ABI info - done
[0.506s] -- Check for working CXX compiler: /usr/bin/c++ - skipped
[0.506s] -- Detecting CXX compile features
[0.506s] -- Detecting CXX compile features - done
[0.516s] [31mCMake Error at CMakeLists.txt:9 (find_package):
[0.516s]   By not providing "Findament_cmake.cmake" in CMAKE_MODULE_PATH this project
[0.516s]   has asked CMake to find a package configuration file provided by
[0.516s]   "ament_cmake", but CMake did not find one.
[0.516s] 
[0.516s]   Could not find a package configuration file provided by "ament_cmake" with
[0.516s]   any of the following names:
[0.516s] 
[0.516s]     ament_cmakeConfig.cmake
[0.516s]     ament_cmake-config.cmake
[0.516s] 
[0.516s]   Add the installation prefix of "ament_cmake" to CMAKE_PREFIX_PATH or set
[0.516s]   "ament_cmake_DIR" to a directory containing one of the above files.  If
[0.516s]   "ament_cmake" provides a separate development package or SDK, be sure it
[0.516s]   has been installed.
[0.516s] 
[0.516s] [0m
[0.516s] -- Configuring incomplete, errors occurred!
[0.519s] Invoked command in '/home/ws/build/quadruped' returned '1': /usr/bin/cmake /home/ws/src/quadruped -DAMENT_CMAKE_SYMLINK_INSTALL=1 -DCMAKE_INSTALL_PREFIX=/home/ws/install/quadruped
