[0.009s] Invoking command in '/home/ws/build/quadruped': CMAKE_PREFIX_PATH=${CMAKE_PREFIX_PATH}:/opt/ros/jazzy /usr/bin/cmake --build /home/ws/build/quadruped -- -j20 -l20
[0.049s] -- Found ament_cmake: 2.5.2 (/opt/ros/jazzy/share/ament_cmake/cmake)
[0.070s] -- Found Python3: /usr/bin/python3 (found version "3.12.3") found components: Interpreter 
[0.130s] -- Override CMake install command with custom implementation using symlinks instead of copying resources
[0.135s] -- Found rclcpp: 28.1.5 (/opt/ros/jazzy/share/rclcpp/cmake)
[0.154s] -- Found rosidl_generator_c: 4.6.4 (/opt/ros/jazzy/share/rosidl_generator_c/cmake)
[0.160s] -- Found rosidl_generator_cpp: 4.6.4 (/opt/ros/jazzy/share/rosidl_generator_cpp/cmake)
[0.168s] -- Using all available rosidl_typesupport_c: rosidl_typesupport_fastrtps_c;rosidl_typesupport_introspection_c
[0.177s] -- Using all available rosidl_typesupport_cpp: rosidl_typesupport_fastrtps_cpp;rosidl_typesupport_introspection_cpp
[0.223s] -- Found rmw_implementation_cmake: 7.3.1 (/opt/ros/jazzy/share/rmw_implementation_cmake/cmake)
[0.224s] -- Found rmw_fastrtps_cpp: 8.4.1 (/opt/ros/jazzy/share/rmw_fastrtps_cpp/cmake)
[0.279s] -- Using RMW implementation 'rmw_fastrtps_cpp' as default
[0.326s] -- Found hardware_interface: 4.18.0 (/opt/ros/jazzy/share/hardware_interface/cmake)
[0.482s] -- Found controller_interface: 4.18.0 (/opt/ros/jazzy/share/controller_interface/cmake)
[0.483s] -- Found controller_manager: 4.18.0 (/opt/ros/jazzy/share/controller_manager/cmake)
[0.530s] -- Found ros2_control: 4.18.0 (/opt/ros/jazzy/share/ros2_control/cmake)
[0.530s] -- Found ros_gz_sim: 1.0.5 (/opt/ros/jazzy/share/ros_gz_sim/cmake)
[0.532s] -- Looking for gz-sim8 -- found version 8.6.0
[0.536s] -- Searching for dependencies of gz-sim8
[0.536s] -- Looking for sdformat14 -- found version 14.5.0
[0.536s] -- Searching for dependencies of sdformat14
[0.541s] -- Checking for module 'tinyxml2'
[0.555s] --   Found tinyxml2, version 10.0.0
[0.599s] -- Looking for gz-math7 -- found version 7.5.0
[0.599s] -- Searching for dependencies of gz-math7
[0.599s] -- Looking for gz-utils2 -- found version 2.2.0
[0.600s] -- Searching for dependencies of gz-utils2
[0.601s] -- Looking for gz-utils2 -- found version 2.2.0
[0.601s] -- Searching for dependencies of gz-utils2
[0.601s] -- Searching for <gz-utils2> component [cli]
[0.602s] -- Looking for gz-utils2-cli -- found version 2.2.0
[0.602s] -- Searching for dependencies of gz-utils2-cli
[0.604s] -- Looking for gz-plugin2 -- found version 2.0.3
[0.604s] -- Searching for dependencies of gz-plugin2
[0.604s] -- Looking for gz-utils2 -- found version 2.2.0
[0.605s] -- Searching for <gz-plugin2> component [loader]
[0.605s] -- Looking for gz-plugin2-loader -- found version 2.0.3
[0.605s] -- Searching for dependencies of gz-plugin2-loader
[0.606s] -- Searching for <gz-plugin2> component [register]
[0.607s] -- Looking for gz-plugin2-register -- found version 2.0.3
[0.607s] -- Searching for dependencies of gz-plugin2-register
[0.608s] -- Looking for gz-transport13 -- found version 13.4.0
[0.608s] -- Searching for dependencies of gz-transport13
[0.654s] -- Config-file not installed for ZeroMQ -- checking for pkg-config
[0.659s] -- Checking for module 'libzmq >= 4'
[0.678s] --   Found libzmq, version 4.3.5
[0.760s] -- Checking for module 'uuid'
[0.783s] --   Found uuid, version 2.39.3
[0.846s] -- Looking for gz-utils2 -- found version 2.2.0
[0.847s] -- Looking for gz-msgs10 -- found version 10.3.0
[0.847s] -- Searching for dependencies of gz-msgs10
[0.868s] -- Looking for gz-utils2 -- found version 2.2.0
[0.868s] -- Looking for gz-math7 -- found version 7.5.0
[0.910s] -- Searching for <gz-transport13> component [log]
[0.910s] -- Looking for gz-transport13-log -- found version 13.4.0
[0.910s] -- Searching for dependencies of gz-transport13-log
[0.911s] -- Searching for <gz-transport13> component [parameters]
[0.911s] -- Looking for gz-transport13-parameters -- found version 13.4.0
[0.911s] -- Searching for dependencies of gz-transport13-parameters
[0.912s] -- Looking for gz-msgs10 -- found version 10.3.0
[0.912s] -- Looking for gz-common5 -- found version 5.6.0
[0.912s] -- Searching for dependencies of gz-common5
[0.912s] -- Looking for gz-utils2 -- found version 2.2.0
[0.913s] -- Looking for dlfcn.h - found
[0.913s] -- Looking for libdl - found
[0.921s] -- Searching for <gz-common5> component [av]
[0.922s] -- Looking for gz-common5-av -- found version 5.6.0
[0.922s] -- Searching for dependencies of gz-common5-av
[0.928s] -- Checking for module 'libswscale'
[0.951s] --   Found libswscale, version 7.5.100
[1.012s] -- Checking for module 'libavdevice >= 56.4.100'
[1.041s] --   Found libavdevice, version 60.3.100
[1.125s] -- Checking for module 'libavformat'
[1.157s] --   Found libavformat, version 60.16.100
[1.227s] -- Checking for module 'libavcodec'
[1.255s] --   Found libavcodec, version 60.31.102
[1.320s] -- Checking for module 'libavutil'
[1.350s] --   Found libavutil, version 58.29.100
[1.407s] -- Searching for <gz-common5> component [events]
[1.407s] -- Looking for gz-common5-events -- found version 5.6.0
[1.407s] -- Searching for dependencies of gz-common5-events
[1.408s] -- Looking for gz-math7 -- found version 7.5.0
[1.409s] -- Searching for <gz-common5> component [graphics]
[1.409s] -- Looking for gz-common5-graphics -- found version 5.6.0
[1.410s] -- Searching for dependencies of gz-common5-graphics
[1.410s] -- Looking for gz-math7 -- found version 7.5.0
[1.414s] -- Searching for <gz-common5> component [io]
[1.415s] -- Looking for gz-common5-io -- found version 5.6.0
[1.415s] -- Searching for dependencies of gz-common5-io
[1.416s] -- Searching for <gz-common5> component [profiler]
[1.417s] -- Looking for gz-common5-profiler -- found version 5.6.0
[1.417s] -- Searching for dependencies of gz-common5-profiler
[1.418s] -- Looking for gz-fuel_tools9 -- found version 9.1.0
[1.419s] -- Searching for dependencies of gz-fuel_tools9
[1.463s] -- Checking for module 'jsoncpp'
[1.487s] --   Found jsoncpp, version 1.9.5
[1.568s] -- Checking for module 'yaml-0.1'
[1.583s] --   Found yaml-0.1, version 0.2.5
[1.654s] -- Checking for module 'libzip'
[1.680s] --   Found libzip, version 1.7.3
[1.743s] -- Looking for gz-utils2 -- found version 2.2.0
[1.744s] -- Looking for gz-common5 -- found version 5.6.0
[1.744s] -- Searching for dependencies of gz-common5
[1.745s] -- Looking for gz-utils2 -- found version 2.2.0
[1.745s] -- Looking for dlfcn.h - found
[1.746s] -- Looking for libdl - found
[1.758s] -- Searching for <gz-common5> component [testing]
[1.759s] -- Looking for gz-common5-testing -- found version 5.6.0
[1.759s] -- Searching for dependencies of gz-common5-testing
[1.761s] -- Looking for gz-math7 -- found version 7.5.0
[1.761s] -- Looking for gz-msgs10 -- found version 10.3.0
[1.762s] -- Looking for gz-gui8 -- found version 8.3.0
[1.762s] -- Searching for dependencies of gz-gui8
[1.784s] -- Looking for gz-utils2 -- found version 2.2.0
[1.784s] -- Looking for gz-math7 -- found version 7.5.0
[1.785s] -- Looking for gz-common5 -- found version 5.6.0
[1.785s] -- Looking for gz-plugin2 -- found version 2.0.3
[1.785s] -- Looking for gz-transport13 -- found version 13.4.0
[1.786s] -- Looking for gz-rendering8 -- found version 8.2.0
[1.786s] -- Searching for dependencies of gz-rendering8
[1.786s] -- Looking for gz-math7 -- found version 7.5.0
[1.786s] -- Searching for dependencies of gz-math7
[1.786s] -- Looking for gz-utils2 -- found version 2.2.0
[1.786s] -- Searching for <gz-math7> component [eigen3]
[1.787s] -- Looking for gz-math7-eigen3 -- found version 7.5.0
[1.787s] -- Searching for dependencies of gz-math7-eigen3
[1.788s] -- Looking for gz-common5 -- found version 5.6.0
[1.788s] -- Searching for dependencies of gz-common5
[1.788s] -- Looking for gz-utils2 -- found version 2.2.0
[1.789s] -- Looking for dlfcn.h - found
[1.789s] -- Looking for libdl - found
[1.798s] -- Searching for <gz-common5> component [graphics]
[1.798s] -- Searching for <gz-common5> component [events]
[1.798s] -- Searching for <gz-common5> component [geospatial]
[1.798s] -- Looking for gz-common5-geospatial -- found version 5.6.0
[1.799s] -- Searching for dependencies of gz-common5-geospatial
[1.799s] -- Looking for gz-math7 -- found version 7.5.0
[1.800s] -- Looking for gz-common5 -- found version 5.6.0
[1.801s] -- Looking for gz-plugin2 -- found version 2.0.3
[1.801s] -- Searching for dependencies of gz-plugin2
[1.801s] -- Looking for gz-utils2 -- found version 2.2.0
[1.801s] -- Searching for <gz-plugin2> component [all]
[1.802s] -- Looking for all libraries of gz-plugin2 -- found version 2.0.3
[1.802s] -- Looking for gz-plugin2 -- found version 2.0.3
[1.803s] -- Looking for gz-utils2 -- found version 2.2.0
[1.805s] -- Looking for gz-msgs10 -- found version 10.3.0
[1.817s] -- Looking for gz-physics7 -- found version 7.3.0
[1.817s] -- Searching for dependencies of gz-physics7
[1.817s] -- Looking for gz-common5 -- found version 5.6.0
[1.817s] -- Looking for gz-math7 -- found version 7.5.0
[1.818s] -- Looking for gz-plugin2 -- found version 2.0.3
[1.818s] -- Looking for gz-utils2 -- found version 2.2.0
[1.819s] -- Searching for <gz-physics7> component [heightmap]
[1.819s] -- Looking for gz-physics7-heightmap -- found version 7.3.0
[1.819s] -- Searching for dependencies of gz-physics7-heightmap
[1.820s] -- Looking for gz-common5 -- found version 5.6.0
[1.820s] -- Searching for <gz-physics7> component [mesh]
[1.820s] -- Looking for gz-physics7-mesh -- found version 7.3.0
[1.821s] -- Searching for dependencies of gz-physics7-mesh
[1.821s] -- Looking for gz-common5 -- found version 5.6.0
[1.821s] -- Searching for <gz-physics7> component [sdf]
[1.822s] -- Looking for gz-physics7-sdf -- found version 7.3.0
[1.822s] -- Searching for dependencies of gz-physics7-sdf
[1.822s] -- Looking for sdformat14 -- found version 14.5.0
[1.823s] -- Looking for gz-sensors8 -- found version 8.2.0
[1.823s] -- Searching for dependencies of gz-sensors8
[1.841s] -- Looking for gz-math7 -- found version 7.5.0
[1.842s] -- Looking for gz-common5 -- found version 5.6.0
[1.842s] -- Looking for gz-transport13 -- found version 13.4.0
[1.842s] -- Looking for gz-rendering8 -- found version 8.2.0
[1.843s] -- Looking for gz-msgs10 -- found version 10.3.0
[1.843s] -- Looking for sdformat14 -- found version 14.5.0
[1.843s] -- Searching for <gz-sensors8> component [air_pressure]
[1.844s] -- Looking for gz-sensors8-air_pressure -- found version 8.2.0
[1.844s] -- Searching for dependencies of gz-sensors8-air_pressure
[1.844s] -- Searching for <gz-sensors8> component [air_speed]
[1.845s] -- Looking for gz-sensors8-air_speed -- found version 8.2.0
[1.845s] -- Searching for dependencies of gz-sensors8-air_speed
[1.845s] -- Searching for <gz-sensors8> component [altimeter]
[1.845s] -- Looking for gz-sensors8-altimeter -- found version 8.2.0
[1.845s] -- Searching for dependencies of gz-sensors8-altimeter
[1.846s] -- Searching for <gz-sensors8> component [imu]
[1.846s] -- Looking for gz-sensors8-imu -- found version 8.2.0
[1.846s] -- Searching for dependencies of gz-sensors8-imu
[1.847s] -- Searching for <gz-sensors8> component [force_torque]
[1.847s] -- Looking for gz-sensors8-force_torque -- found version 8.2.0
[1.847s] -- Searching for dependencies of gz-sensors8-force_torque
[1.847s] -- Searching for <gz-sensors8> component [logical_camera]
[1.848s] -- Looking for gz-sensors8-logical_camera -- found version 8.2.0
[1.848s] -- Searching for dependencies of gz-sensors8-logical_camera
[1.848s] -- Searching for <gz-sensors8> component [magnetometer]
[1.848s] -- Looking for gz-sensors8-magnetometer -- found version 8.2.0
[1.848s] -- Searching for dependencies of gz-sensors8-magnetometer
[1.849s] -- Searching for <gz-sensors8> component [navsat]
[1.849s] -- Looking for gz-sensors8-navsat -- found version 8.2.0
[1.849s] -- Searching for dependencies of gz-sensors8-navsat
[1.850s] -- Searching for <gz-sensors8> component [dvl]
[1.850s] -- Looking for gz-sensors8-dvl -- found version 8.2.0
[1.850s] -- Searching for dependencies of gz-sensors8-dvl
[1.850s] -- Looking for gz-sensors8 -- found version 8.2.0
[1.850s] -- Searching for dependencies of gz-sensors8
[1.867s] -- Looking for gz-math7 -- found version 7.5.0
[1.868s] -- Looking for gz-common5 -- found version 5.6.0
[1.868s] -- Looking for gz-transport13 -- found version 13.4.0
[1.868s] -- Looking for gz-rendering8 -- found version 8.2.0
[1.869s] -- Looking for gz-msgs10 -- found version 10.3.0
[1.869s] -- Looking for sdformat14 -- found version 14.5.0
[1.869s] -- Searching for <gz-sensors8> component [rendering]
[1.870s] -- Looking for gz-sensors8-rendering -- found version 8.2.0
[1.870s] -- Searching for dependencies of gz-sensors8-rendering
[1.871s] -- Searching for <gz-sensors8> component [rendering]
[1.871s] -- Searching for <gz-sensors8> component [lidar]
[1.872s] -- Looking for gz-sensors8-lidar -- found version 8.2.0
[1.872s] -- Searching for dependencies of gz-sensors8-lidar
[1.872s] -- Looking for gz-sensors8 -- found version 8.2.0
[1.873s] -- Searching for <gz-sensors8> component [gpu_lidar]
[1.873s] -- Looking for gz-sensors8-gpu_lidar -- found version 8.2.0
[1.873s] -- Searching for dependencies of gz-sensors8-gpu_lidar
[1.874s] -- Looking for gz-sensors8 -- found version 8.2.0
[1.874s] -- Searching for <gz-sensors8> component [camera]
[1.874s] -- Looking for gz-sensors8-camera -- found version 8.2.0
[1.874s] -- Searching for dependencies of gz-sensors8-camera
[1.875s] -- Looking for gz-sensors8 -- found version 8.2.0
[1.875s] -- Searching for <gz-sensors8> component [boundingbox_camera]
[1.875s] -- Looking for gz-sensors8-boundingbox_camera -- found version 8.2.0
[1.875s] -- Searching for dependencies of gz-sensors8-boundingbox_camera
[1.876s] -- Searching for <gz-sensors8> component [segmentation_camera]
[1.876s] -- Looking for gz-sensors8-segmentation_camera -- found version 8.2.0
[1.876s] -- Searching for dependencies of gz-sensors8-segmentation_camera
[1.877s] -- Searching for <gz-sensors8> component [depth_camera]
[1.877s] -- Looking for gz-sensors8-depth_camera -- found version 8.2.0
[1.877s] -- Searching for dependencies of gz-sensors8-depth_camera
[1.877s] -- Looking for gz-sensors8 -- found version 8.2.0
[1.878s] -- Searching for <gz-sensors8> component [rgbd_camera]
[1.878s] -- Looking for gz-sensors8-rgbd_camera -- found version 8.2.0
[1.878s] -- Searching for dependencies of gz-sensors8-rgbd_camera
[1.878s] -- Looking for gz-sensors8 -- found version 8.2.0
[1.879s] -- Searching for <gz-sensors8> component [thermal_camera]
[1.879s] -- Looking for gz-sensors8-thermal_camera -- found version 8.2.0
[1.879s] -- Searching for dependencies of gz-sensors8-thermal_camera
[1.879s] -- Looking for gz-sensors8 -- found version 8.2.0
[1.880s] -- Searching for <gz-sensors8> component [wide_angle_camera]
[1.880s] -- Looking for gz-sensors8-wide_angle_camera -- found version 8.2.0
[1.880s] -- Searching for dependencies of gz-sensors8-wide_angle_camera
[1.881s] -- Looking for gz-rendering8 -- found version 8.2.0
[1.881s] -- Looking for gz-math7 -- found version 7.5.0
[1.882s] -- Looking for gz-utils2 -- found version 2.2.0
[1.898s] -- Looking for gz-plugin2 -- found version 2.0.3
[1.898s] -- Found rosidl_default_generators: 1.6.0 (/opt/ros/jazzy/share/rosidl_default_generators/cmake)
[1.904s] -- Found rosidl_adapter: 4.6.4 (/opt/ros/jazzy/share/rosidl_adapter/cmake)
[1.906s] -- Found rclcpp_components: 28.1.5 (/opt/ros/jazzy/share/rclcpp_components/cmake)
[1.926s] -- pinocchio FOUND. pinocchio at /opt/ros/jazzy/lib/x86_64-linux-gnu/libpinocchio.so
[1.926s] -- boost_filesystem FOUND. boost_filesystem at /lib/x86_64-linux-gnu/libboost_filesystem.so
[1.927s] -- boost_serialization FOUND. boost_serialization at /lib/x86_64-linux-gnu/libboost_serialization.so
[1.927s] -- boost_system FOUND. boost_system at /lib/x86_64-linux-gnu/libboost_system.so
[1.933s] -- Found Boost: /usr/include (found version "1.83.0") found components: filesystem serialization system 
[1.934s] -- eigenpy FOUND. eigenpy at /opt/ros/jazzy/lib/x86_64-linux-gnu/libeigenpy.so
[1.961s] -- Checking for NumPy
[2.131s] --   NUMPY_INCLUDE_DIRS=/usr/lib/python3/dist-packages/numpy/core/include
[2.207s] --   NUMPY_VERSION=1.26.4
[2.388s] -- Found Python3: /usr/bin/python3 (found version "3.12.3") found components: Interpreter Development.Module NumPy 
[2.388s] -- PythonLibraryDirs: 
[2.388s] -- PythonLibVersionString: 3.12.3
[2.412s] -- Python site lib: lib/python3.12/dist-packages
[2.412s] -- Python include dirs: /usr/include/python3.12
[2.464s] -- Checking for NumPy
[2.541s] --   NUMPY_INCLUDE_DIRS=/usr/lib/python3/dist-packages/numpy/core/include
[2.623s] --   NUMPY_VERSION=1.26.4
[2.623s] -- NumPy include dir: /usr/lib/python3/dist-packages/numpy/core/include
[2.628s] -- Found Boost: /usr/include (found version "1.83.0") found components: python312 
[2.628s] -- Boost_PYTHON_LIBRARY: /usr/lib/x86_64-linux-gnu/libboost_python312.so
[2.930s] -- Default C++ standard: 201703
[2.930s] -- C++ standard sufficient: Minimal required 14, currently defined: 17
[2.930s] -- CMAKE_CXX_STANDARD was not set: automatically set to currently defined standard 17
[2.931s] -- C++ standard sufficient: Minimal required 14, currently defined: 17
[2.961s] -- Found Python3: /usr/bin/python3 (found version "3.12.3") found components: Interpreter 
[3.165s] -- Found ament_cmake_ros: 0.12.0 (/opt/ros/jazzy/share/ament_cmake_ros/cmake)
[3.336s] -- Using all available rosidl_typesupport_c: rosidl_typesupport_fastrtps_c;rosidl_typesupport_introspection_c
[3.411s] -- Using all available rosidl_typesupport_cpp: rosidl_typesupport_fastrtps_cpp;rosidl_typesupport_introspection_cpp
[3.413s] -- Found python_cmake_module: 0.11.1 (/opt/ros/jazzy/share/python_cmake_module/cmake)
[3.680s] -- Found Python3: /usr/bin/python3 (found version "3.12.3") found components: Interpreter Development NumPy Development.Module Development.Embed 
[3.696s] -- Configuring done (3.6s)
[3.734s] -- Generating done (0.0s)
[3.737s] -- Build files have been written to: /home/ws/build/quadruped
[3.781s] [  2%] Built target quadruped__rosidl_generator_type_description
[3.793s] [  2%] Built target ament_cmake_python_symlink_quadruped
[3.800s] [  5%] Built target quadruped__cpp
[3.804s] [ 17%] Built target quadruped__rosidl_generator_c
[3.811s] [ 20%] [32mBuilding CXX object CMakeFiles/quadruped_lib.dir/src/leg_controller.cpp.o[0m
[3.816s] [ 25%] [32mBuilding CXX object CMakeFiles/quadruped_lib.dir/src/foot_trajectory_generator.cpp.o[0m
[3.817s] [ 25%] [32mBuilding CXX object CMakeFiles/quadruped_lib.dir/src/balance_controller.cpp.o[0m
[3.819s] [ 28%] [32mBuilding CXX object CMakeFiles/quadruped_lib.dir/src/state_estimator.cpp.o[0m
[3.825s] [ 41%] Built target quadruped__rosidl_typesupport_fastrtps_c
[3.826s] [ 43%] Built target quadruped__rosidl_typesupport_cpp
[3.826s] [ 51%] Built target quadruped__rosidl_typesupport_c
[3.834s] [ 58%] Built target quadruped__rosidl_typesupport_fastrtps_cpp
[3.839s] [ 74%] Built target quadruped__rosidl_typesupport_introspection_c
[3.839s] [ 74%] Built target quadruped__rosidl_typesupport_introspection_cpp
[3.871s] [ 74%] Built target quadruped
[3.898s] [ 76%] Built target quadruped__py
[3.921s] [ 82%] Built target quadruped__rosidl_generator_py
[3.939s] running egg_info
[3.944s] [ 87%] Built target quadruped_s__rosidl_typesupport_introspection_c
[3.949s] writing quadruped.egg-info/PKG-INFO
[3.949s] [ 92%] Built target quadruped_s__rosidl_typesupport_fastrtps_c
[3.949s] writing dependency_links to quadruped.egg-info/dependency_links.txt
[3.949s] writing top-level names to quadruped.egg-info/top_level.txt
[3.949s] [ 97%] Built target quadruped_s__rosidl_typesupport_c
[3.975s] reading manifest file 'quadruped.egg-info/SOURCES.txt'
[3.976s] writing manifest file 'quadruped.egg-info/SOURCES.txt'
[4.001s] [ 97%] Built target ament_cmake_python_build_quadruped_egg
[18.796s] [100%] [32m[1mLinking CXX shared library libquadruped_lib.so[0m
[19.375s] [100%] Built target quadruped_lib
[19.395s] Invoked command in '/home/ws/build/quadruped' returned '0': CMAKE_PREFIX_PATH=${CMAKE_PREFIX_PATH}:/opt/ros/jazzy /usr/bin/cmake --build /home/ws/build/quadruped -- -j20 -l20
[19.560s] Invoking command in '/home/ws/build/quadruped': CMAKE_PREFIX_PATH=${CMAKE_PREFIX_PATH}:/opt/ros/jazzy /usr/bin/cmake --install /home/ws/build/quadruped
[19.575s] -- Install configuration: ""
[19.575s] -- Execute custom install script
[19.575s] -- Up-to-date symlink: /home/ws/install/quadruped/share/ament_index/resource_index/rosidl_interfaces/quadruped
[19.575s] -- Up-to-date symlink: /home/ws/install/quadruped/share/quadruped/msg/LegCommand.json
[19.576s] -- Up-to-date symlink: /home/ws/install/quadruped/include/quadruped/quadruped/msg/detail/leg_command__functions.h
[19.576s] -- Up-to-date symlink: /home/ws/install/quadruped/include/quadruped/quadruped/msg/detail/leg_command__struct.h
[19.576s] -- Up-to-date symlink: /home/ws/install/quadruped/include/quadruped/quadruped/msg/detail/leg_command__type_support.h
[19.576s] -- Up-to-date symlink: /home/ws/install/quadruped/include/quadruped/quadruped/msg/leg_command.h
[19.576s] -- Up-to-date symlink: /home/ws/install/quadruped/include/quadruped/quadruped/msg/rosidl_generator_c__visibility_control.h
[19.577s] -- Up-to-date symlink: /home/ws/install/quadruped/share/quadruped/environment/library_path.sh
[19.577s] -- Up-to-date symlink: /home/ws/install/quadruped/share/quadruped/environment/library_path.dsv
[19.577s] -- Up-to-date symlink: /home/ws/install/quadruped/include/quadruped/quadruped/msg/detail/leg_command__rosidl_typesupport_fastrtps_c.h
[19.577s] -- Up-to-date symlink: /home/ws/install/quadruped/include/quadruped/quadruped/msg/rosidl_typesupport_fastrtps_c__visibility_control.h
[19.577s] -- Up-to-date symlink: /home/ws/install/quadruped/include/quadruped/quadruped/msg/detail/leg_command__builder.hpp
[19.577s] -- Up-to-date symlink: /home/ws/install/quadruped/include/quadruped/quadruped/msg/detail/leg_command__struct.hpp
[19.577s] -- Up-to-date symlink: /home/ws/install/quadruped/include/quadruped/quadruped/msg/detail/leg_command__traits.hpp
[19.577s] -- Up-to-date symlink: /home/ws/install/quadruped/include/quadruped/quadruped/msg/detail/leg_command__type_support.hpp
[19.578s] -- Up-to-date symlink: /home/ws/install/quadruped/include/quadruped/quadruped/msg/leg_command.hpp
[19.578s] -- Up-to-date symlink: /home/ws/install/quadruped/include/quadruped/quadruped/msg/rosidl_generator_cpp__visibility_control.hpp
[19.578s] -- Up-to-date symlink: /home/ws/install/quadruped/include/quadruped/quadruped/msg/detail/leg_command__rosidl_typesupport_fastrtps_cpp.hpp
[19.578s] -- Up-to-date symlink: /home/ws/install/quadruped/include/quadruped/quadruped/msg/rosidl_typesupport_fastrtps_cpp__visibility_control.h
[19.578s] -- Up-to-date symlink: /home/ws/install/quadruped/include/quadruped/quadruped/msg/detail/leg_command__rosidl_typesupport_introspection_c.h
[19.578s] -- Up-to-date symlink: /home/ws/install/quadruped/include/quadruped/quadruped/msg/rosidl_typesupport_introspection_c__visibility_control.h
[19.578s] -- Up-to-date symlink: /home/ws/install/quadruped/include/quadruped/quadruped/msg/detail/leg_command__rosidl_typesupport_introspection_cpp.hpp
[19.579s] -- Up-to-date symlink: /home/ws/install/quadruped/share/quadruped/environment/pythonpath.sh
[19.579s] -- Up-to-date symlink: /home/ws/install/quadruped/share/quadruped/environment/pythonpath.dsv
[19.579s] -- Up-to-date symlink: /home/ws/install/quadruped/lib/python3.12/site-packages/quadruped-0.0.0-py3.12.egg-info/PKG-INFO
[19.579s] -- Up-to-date symlink: /home/ws/install/quadruped/lib/python3.12/site-packages/quadruped-0.0.0-py3.12.egg-info/SOURCES.txt
[19.579s] -- Up-to-date symlink: /home/ws/install/quadruped/lib/python3.12/site-packages/quadruped-0.0.0-py3.12.egg-info/dependency_links.txt
[19.579s] -- Up-to-date symlink: /home/ws/install/quadruped/lib/python3.12/site-packages/quadruped-0.0.0-py3.12.egg-info/top_level.txt
[19.580s] -- Up-to-date symlink: /home/ws/install/quadruped/lib/python3.12/site-packages/quadruped/__init__.py
[19.580s] -- Up-to-date symlink: /home/ws/install/quadruped/lib/python3.12/site-packages/quadruped/_quadruped_s.ep.rosidl_typesupport_c.c
[19.580s] -- Up-to-date symlink: /home/ws/install/quadruped/lib/python3.12/site-packages/quadruped/_quadruped_s.ep.rosidl_typesupport_fastrtps_c.c
[19.580s] -- Up-to-date symlink: /home/ws/install/quadruped/lib/python3.12/site-packages/quadruped/_quadruped_s.ep.rosidl_typesupport_introspection_c.c
[19.580s] -- Up-to-date symlink: /home/ws/install/quadruped/lib/python3.12/site-packages/quadruped/msg/__init__.py
[19.580s] -- Up-to-date symlink: /home/ws/install/quadruped/lib/python3.12/site-packages/quadruped/msg/_leg_command.py
[19.580s] -- Up-to-date symlink: /home/ws/install/quadruped/lib/python3.12/site-packages/quadruped/msg/_leg_command_s.c
[19.580s] -- Up-to-date symlink: /home/ws/install/quadruped/lib/python3.12/site-packages/quadruped/quadruped_s__rosidl_typesupport_c.so
[19.580s] -- Up-to-date symlink: /home/ws/install/quadruped/lib/python3.12/site-packages/quadruped/quadruped_s__rosidl_typesupport_fastrtps_c.so
[19.580s] -- Up-to-date symlink: /home/ws/install/quadruped/lib/python3.12/site-packages/quadruped/quadruped_s__rosidl_typesupport_introspection_c.so
[19.580s] -- Up-to-date symlink: /home/ws/install/quadruped/lib/python3.12/site-packages/quadruped/quadruped_s__rosidl_typesupport_fastrtps_c.so
[19.580s] -- Up-to-date symlink: /home/ws/install/quadruped/lib/python3.12/site-packages/quadruped/quadruped_s__rosidl_typesupport_introspection_c.so
[19.580s] -- Up-to-date symlink: /home/ws/install/quadruped/lib/python3.12/site-packages/quadruped/quadruped_s__rosidl_typesupport_c.so
[19.581s] -- Up-to-date symlink: /home/ws/install/quadruped/share/quadruped/msg/LegCommand.idl
[19.581s] -- Up-to-date symlink: /home/ws/install/quadruped/share/quadruped/messages/LegCommand.msg
[19.581s] -- Up-to-date symlink: /home/ws/install/quadruped/include/quadruped/balance_controller.hpp
[19.581s] -- Up-to-date symlink: /home/ws/install/quadruped/include/quadruped/foot_trajectory_generator.hpp
[19.581s] -- Up-to-date symlink: /home/ws/install/quadruped/include/quadruped/leg_controller.hpp
[19.581s] -- Up-to-date symlink: /home/ws/install/quadruped/include/quadruped/state_estimator.hpp
[19.581s] -- Up-to-date symlink: /home/ws/install/quadruped/lib/quadruped/LegController.py
[19.581s] -- Up-to-date symlink: /home/ws/install/quadruped/lib/quadruped/GaitPatternGenerator.py
[19.581s] -- Up-to-date symlink: /home/ws/install/quadruped/lib/quadruped/leg_class.py
[19.581s] -- Up-to-date symlink: /home/ws/install/quadruped/lib/quadruped/gait_pattern_class.py
[19.581s] -- Up-to-date symlink: /home/ws/install/quadruped/share/quadruped/launch/controllers.launch.py
[19.581s] -- Up-to-date symlink: /home/ws/install/quadruped/share/quadruped/launch/gazebo_sim.launch.py
[19.582s] -- Up-to-date symlink: /home/ws/install/quadruped/share/quadruped/config/initial_joint_positions.yaml
[19.582s] -- Up-to-date symlink: /home/ws/install/quadruped/share/quadruped/config/quadruped.rviz
[19.582s] -- Up-to-date symlink: /home/ws/install/quadruped/share/quadruped/config/quadruped_controllers.yaml
[19.582s] -- Up-to-date symlink: /home/ws/install/quadruped/share/quadruped/urdf/Quadruped MJB.mjb
[19.582s] -- Up-to-date symlink: /home/ws/install/quadruped/share/quadruped/urdf/QuadrupedURDF.urdf.xacro
[19.582s] -- Up-to-date symlink: /home/ws/install/quadruped/share/quadruped/urdf/meshes/Body.STL
[19.582s] -- Up-to-date symlink: /home/ws/install/quadruped/share/quadruped/urdf/meshes/Body_bin.STL
[19.582s] -- Up-to-date symlink: /home/ws/install/quadruped/share/quadruped/urdf/meshes/Front Left Shin.STL
[19.582s] -- Up-to-date symlink: /home/ws/install/quadruped/share/quadruped/urdf/meshes/Front Left Thigh.STL
[19.582s] -- Up-to-date symlink: /home/ws/install/quadruped/share/quadruped/urdf/meshes/Front Right Shin.STL
[19.582s] -- Up-to-date symlink: /home/ws/install/quadruped/share/quadruped/urdf/meshes/Front Right Thigh.STL
[19.582s] -- Up-to-date symlink: /home/ws/install/quadruped/share/quadruped/urdf/meshes/Rear Left Shin.STL
[19.583s] -- Up-to-date symlink: /home/ws/install/quadruped/share/quadruped/urdf/meshes/Rear Left Thigh.STL
[19.583s] -- Up-to-date symlink: /home/ws/install/quadruped/share/quadruped/urdf/meshes/Rear Right Shin.STL
[19.583s] -- Up-to-date symlink: /home/ws/install/quadruped/share/quadruped/urdf/meshes/Rear Right Thigh.STL
[19.583s] -- Up-to-date symlink: /home/ws/install/quadruped/share/quadruped/urdf/mjb_maker.py
[19.583s] -- Up-to-date symlink: /home/ws/install/quadruped/share/quadruped/messages/LegCommand.msg
[19.583s] -- Up-to-date symlink: /home/ws/install/quadruped/share/quadruped/messages/RobotState.msg
[19.583s] -- Up-to-date symlink: /home/ws/install/quadruped/share/quadruped//plugin_description.xml
[19.583s] -- Up-to-date symlink: /home/ws/install/quadruped/share/ament_index/resource_index/package_run_dependencies/quadruped
[19.583s] -- Up-to-date symlink: /home/ws/install/quadruped/share/ament_index/resource_index/parent_prefix_path/quadruped
[19.583s] -- Up-to-date symlink: /home/ws/install/quadruped/share/quadruped/environment/ament_prefix_path.sh
[19.583s] -- Up-to-date symlink: /home/ws/install/quadruped/share/quadruped/environment/ament_prefix_path.dsv
[19.583s] -- Up-to-date symlink: /home/ws/install/quadruped/share/quadruped/environment/path.sh
[19.583s] -- Up-to-date symlink: /home/ws/install/quadruped/share/quadruped/environment/path.dsv
[19.583s] -- Up-to-date symlink: /home/ws/install/quadruped/share/quadruped/local_setup.bash
[19.583s] -- Up-to-date symlink: /home/ws/install/quadruped/share/quadruped/local_setup.sh
[19.584s] -- Up-to-date symlink: /home/ws/install/quadruped/share/quadruped/local_setup.zsh
[19.584s] -- Up-to-date symlink: /home/ws/install/quadruped/share/quadruped/local_setup.dsv
[19.584s] -- Symlinking: /home/ws/install/quadruped/share/quadruped/package.dsv
[19.593s] -- Up-to-date symlink: /home/ws/install/quadruped/share/ament_index/resource_index/packages/quadruped
[19.593s] -- Up-to-date symlink: /home/ws/install/quadruped/share/quadruped/cmake/rosidl_cmake-extras.cmake
[19.593s] -- Up-to-date symlink: /home/ws/install/quadruped/share/quadruped/cmake/ament_cmake_export_include_directories-extras.cmake
[19.593s] -- Up-to-date symlink: /home/ws/install/quadruped/share/quadruped/cmake/ament_cmake_export_libraries-extras.cmake
[19.593s] -- Up-to-date symlink: /home/ws/install/quadruped/share/quadruped/cmake/ament_cmake_export_targets-extras.cmake
[19.593s] -- Up-to-date symlink: /home/ws/install/quadruped/share/quadruped/cmake/rosidl_cmake_export_typesupport_targets-extras.cmake
[19.593s] -- Up-to-date symlink: /home/ws/install/quadruped/share/quadruped/cmake/ament_cmake_export_dependencies-extras.cmake
[19.593s] -- Up-to-date symlink: /home/ws/install/quadruped/share/quadruped/cmake/rosidl_cmake_export_typesupport_libraries-extras.cmake
[19.594s] -- Up-to-date symlink: /home/ws/install/quadruped/share/quadruped/cmake/quadrupedConfig.cmake
[19.594s] -- Up-to-date symlink: /home/ws/install/quadruped/share/quadruped/cmake/quadrupedConfig-version.cmake
[19.594s] -- Up-to-date symlink: /home/ws/install/quadruped/share/quadruped/package.xml
[19.594s] -- Up-to-date: /home/ws/install/quadruped/lib/libquadruped__rosidl_generator_c.so
[19.594s] -- Up-to-date: /home/ws/install/quadruped/lib/libquadruped__rosidl_typesupport_fastrtps_c.so
[19.594s] -- Up-to-date: /home/ws/install/quadruped/lib/libquadruped__rosidl_typesupport_fastrtps_cpp.so
[19.595s] -- Up-to-date: /home/ws/install/quadruped/lib/libquadruped__rosidl_typesupport_introspection_c.so
[19.595s] -- Up-to-date: /home/ws/install/quadruped/lib/libquadruped__rosidl_typesupport_c.so
[19.595s] -- Up-to-date: /home/ws/install/quadruped/lib/libquadruped__rosidl_typesupport_introspection_cpp.so
[19.595s] -- Up-to-date: /home/ws/install/quadruped/lib/libquadruped__rosidl_typesupport_cpp.so
[19.631s] Listing '/home/ws/install/quadruped/lib/python3.12/site-packages/quadruped'...
[19.631s] Compiling '/home/ws/install/quadruped/lib/python3.12/site-packages/quadruped/__init__.py'...
[19.631s] Listing '/home/ws/install/quadruped/lib/python3.12/site-packages/quadruped/msg'...
[19.635s] -- Up-to-date: /home/ws/install/quadruped/lib/libquadruped__rosidl_generator_py.so
[19.635s] -- Installing: /home/ws/install/quadruped/lib/libquadruped_lib.so
[19.641s] -- Set non-toolchain portion of runtime path of "/home/ws/install/quadruped/lib/libquadruped_lib.so" to ""
[19.641s] -- Up-to-date: /home/ws/install/quadruped/share/quadruped/cmake/export_quadruped__rosidl_generator_cExport.cmake
[19.641s] -- Up-to-date: /home/ws/install/quadruped/share/quadruped/cmake/export_quadruped__rosidl_generator_cExport-noconfig.cmake
[19.641s] -- Up-to-date: /home/ws/install/quadruped/share/quadruped/cmake/export_quadruped__rosidl_typesupport_fastrtps_cExport.cmake
[19.641s] -- Up-to-date: /home/ws/install/quadruped/share/quadruped/cmake/export_quadruped__rosidl_typesupport_fastrtps_cExport-noconfig.cmake
[19.642s] -- Up-to-date: /home/ws/install/quadruped/share/quadruped/cmake/export_quadruped__rosidl_generator_cppExport.cmake
[19.642s] -- Up-to-date: /home/ws/install/quadruped/share/quadruped/cmake/export_quadruped__rosidl_typesupport_fastrtps_cppExport.cmake
[19.642s] -- Up-to-date: /home/ws/install/quadruped/share/quadruped/cmake/export_quadruped__rosidl_typesupport_fastrtps_cppExport-noconfig.cmake
[19.642s] -- Up-to-date: /home/ws/install/quadruped/share/quadruped/cmake/quadruped__rosidl_typesupport_introspection_cExport.cmake
[19.642s] -- Up-to-date: /home/ws/install/quadruped/share/quadruped/cmake/quadruped__rosidl_typesupport_introspection_cExport-noconfig.cmake
[19.642s] -- Up-to-date: /home/ws/install/quadruped/share/quadruped/cmake/quadruped__rosidl_typesupport_cExport.cmake
[19.642s] -- Up-to-date: /home/ws/install/quadruped/share/quadruped/cmake/quadruped__rosidl_typesupport_cExport-noconfig.cmake
[19.642s] -- Up-to-date: /home/ws/install/quadruped/share/quadruped/cmake/quadruped__rosidl_typesupport_introspection_cppExport.cmake
[19.642s] -- Up-to-date: /home/ws/install/quadruped/share/quadruped/cmake/quadruped__rosidl_typesupport_introspection_cppExport-noconfig.cmake
[19.642s] -- Up-to-date: /home/ws/install/quadruped/share/quadruped/cmake/quadruped__rosidl_typesupport_cppExport.cmake
[19.642s] -- Up-to-date: /home/ws/install/quadruped/share/quadruped/cmake/quadruped__rosidl_typesupport_cppExport-noconfig.cmake
[19.642s] -- Up-to-date: /home/ws/install/quadruped/share/quadruped/cmake/export_quadruped__rosidl_generator_pyExport.cmake
[19.642s] -- Up-to-date: /home/ws/install/quadruped/share/quadruped/cmake/export_quadruped__rosidl_generator_pyExport-noconfig.cmake
[19.642s] -- Old export file "/home/ws/install/quadruped/share/quadruped/cmake/quadruped_targetsExport.cmake" will be replaced.  Removing files [/home/ws/install/quadruped/share/quadruped/cmake/quadruped_targetsExport-noconfig.cmake].
[19.642s] -- Installing: /home/ws/install/quadruped/share/quadruped/cmake/quadruped_targetsExport.cmake
[19.642s] -- Installing: /home/ws/install/quadruped/share/quadruped/cmake/quadruped_targetsExport-noconfig.cmake
[19.644s] Invoked command in '/home/ws/build/quadruped' returned '0': CMAKE_PREFIX_PATH=${CMAKE_PREFIX_PATH}:/opt/ros/jazzy /usr/bin/cmake --install /home/ws/build/quadruped
