[0.046s] Invoking command in '/home/ws/build/quadruped_mpc': CMAKE_PREFIX_PATH=${CMAKE_PREFIX_PATH}:/home/ws/install/quadruped_simulation:/home/ws/install/quadruped_controllers:/opt/ros/jazzy /usr/bin/cmake --build /home/ws/build/quadruped_mpc -- -j20 -l20
[0.352s] [100%] Built target quadruped_mpc_lib
[0.447s] Invoked command in '/home/ws/build/quadruped_mpc' returned '0': CMAKE_PREFIX_PATH=${CMAKE_PREFIX_PATH}:/home/ws/install/quadruped_simulation:/home/ws/install/quadruped_controllers:/opt/ros/jazzy /usr/bin/cmake --build /home/ws/build/quadruped_mpc -- -j20 -l20
[0.568s] Invoking command in '/home/ws/build/quadruped_mpc': CMAKE_PREFIX_PATH=${CMAKE_PREFIX_PATH}:/home/ws/install/quadruped_simulation:/home/ws/install/quadruped_controllers:/opt/ros/jazzy /usr/bin/cmake --install /home/ws/build/quadruped_mpc
[0.593s] -- Install configuration: ""
[0.594s] -- Execute custom install script
[0.596s] -- Up-to-date symlink: /home/ws/install/quadruped_mpc/include/quadruped_mpc/balance_controller.hpp
[0.597s] -- Up-to-date symlink: /home/ws/install/quadruped_mpc/include/quadruped_mpc/foot_trajectory_generator.hpp
[0.597s] -- Up-to-date symlink: /home/ws/install/quadruped_mpc/include/quadruped_mpc/leg_controller.hpp
[0.598s] -- Up-to-date symlink: /home/ws/install/quadruped_mpc/include/quadruped_mpc/state_estimator.hpp
[0.598s] -- Up-to-date symlink: /home/ws/install/quadruped_mpc/share/quadruped_mpc//plugin_description.xml
[0.599s] -- Up-to-date symlink: /home/ws/install/quadruped_mpc/share/quadruped_mpc/config/quadruped_controllers.yaml
[0.600s] -- Symlinking: /home/ws/install/quadruped_mpc/share/quadruped_mpc/launch/mpc.launch.py
[0.630s] -- Symlinking: /home/ws/install/quadruped_mpc/share/quadruped_mpc/environment/library_path.sh
[0.666s] -- Symlinking: /home/ws/install/quadruped_mpc/share/quadruped_mpc/environment/library_path.dsv
[0.699s] -- Up-to-date symlink: /home/ws/install/quadruped_mpc/share/quadruped_mpc//plugin_description.xml
[0.699s] -- Symlinking: /home/ws/install/quadruped_mpc/share/ament_index/resource_index/package_run_dependencies/quadruped_mpc
[0.725s] -- Symlinking: /home/ws/install/quadruped_mpc/share/ament_index/resource_index/parent_prefix_path/quadruped_mpc
[0.759s] -- Symlinking: /home/ws/install/quadruped_mpc/share/quadruped_mpc/environment/ament_prefix_path.sh
[0.799s] -- Symlinking: /home/ws/install/quadruped_mpc/share/quadruped_mpc/environment/ament_prefix_path.dsv
[0.833s] -- Symlinking: /home/ws/install/quadruped_mpc/share/quadruped_mpc/environment/path.sh
[0.865s] -- Symlinking: /home/ws/install/quadruped_mpc/share/quadruped_mpc/environment/path.dsv
[0.886s] -- Symlinking: /home/ws/install/quadruped_mpc/share/quadruped_mpc/local_setup.bash
[0.903s] -- Symlinking: /home/ws/install/quadruped_mpc/share/quadruped_mpc/local_setup.sh
[0.932s] -- Symlinking: /home/ws/install/quadruped_mpc/share/quadruped_mpc/local_setup.zsh
[0.952s] -- Symlinking: /home/ws/install/quadruped_mpc/share/quadruped_mpc/local_setup.dsv
[0.972s] -- Symlinking: /home/ws/install/quadruped_mpc/share/quadruped_mpc/package.dsv
[0.988s] -- Symlinking: /home/ws/install/quadruped_mpc/share/ament_index/resource_index/packages/quadruped_mpc
[1.006s] -- Symlinking: /home/ws/install/quadruped_mpc/share/ament_index/resource_index/controller_interface__pluginlib__plugin/quadruped_mpc
[1.038s] -- Symlinking: /home/ws/install/quadruped_mpc/share/quadruped_mpc/cmake/ament_cmake_export_targets-extras.cmake
[1.059s] -- Symlinking: /home/ws/install/quadruped_mpc/share/quadruped_mpc/cmake/ament_cmake_export_dependencies-extras.cmake
[1.077s] -- Symlinking: /home/ws/install/quadruped_mpc/share/quadruped_mpc/cmake/quadruped_mpcConfig.cmake
[1.093s] -- Symlinking: /home/ws/install/quadruped_mpc/share/quadruped_mpc/cmake/quadruped_mpcConfig-version.cmake
[1.111s] -- Symlinking: /home/ws/install/quadruped_mpc/share/quadruped_mpc/package.xml
[1.139s] -- Installing: /home/ws/install/quadruped_mpc/lib/libquadruped_mpc_lib.a
[1.198s] -- Installing: /home/ws/install/quadruped_mpc/share/quadruped_mpc/cmake/quadruped_mpc_targetsExport.cmake
[1.201s] -- Installing: /home/ws/install/quadruped_mpc/share/quadruped_mpc/cmake/quadruped_mpc_targetsExport-noconfig.cmake
[1.207s] Invoked command in '/home/ws/build/quadruped_mpc' returned '0': CMAKE_PREFIX_PATH=${CMAKE_PREFIX_PATH}:/home/ws/install/quadruped_simulation:/home/ws/install/quadruped_controllers:/opt/ros/jazzy /usr/bin/cmake --install /home/ws/build/quadruped_mpc
