[1.361s] Invoking command in '/home/ws/build/quadruped_simulation': PYTHONPATH=/home/ws/build/quadruped_simulation/prefix_override:/usr/lib/python3/dist-packages/colcon_core/task/python/colcon_distutils_commands:/home/ws/install/quadruped_simulation/lib/python3.12/site-packages:${PYTHONPATH} /usr/bin/python3 -W ignore:setup.py install is deprecated setup.py develop --editable --build-directory /home/ws/build/quadruped_simulation/build --no-deps symlink_data
[1.723s] running develop
[1.724s] /usr/lib/python3/dist-packages/setuptools/command/develop.py:40: EasyInstallDeprecationWarning: easy_install command is deprecated.
[1.724s] !!
[1.724s] 
[1.724s]         ********************************************************************************
[1.724s]         Please avoid running ``setup.py`` and ``easy_install``.
[1.724s]         Instead, use pypa/build, pypa/installer or other
[1.724s]         standards-based tools.
[1.724s] 
[1.724s]         See https://github.com/pypa/setuptools/issues/917 for details.
[1.724s]         ********************************************************************************
[1.724s] 
[1.724s] !!
[1.725s]   easy_install.initialize_options(self)
[1.892s] running egg_info
[1.909s] writing quadruped_simulation.egg-info/PKG-INFO
[1.911s] writing dependency_links to quadruped_simulation.egg-info/dependency_links.txt
[1.911s] writing requirements to quadruped_simulation.egg-info/requires.txt
[1.912s] writing top-level names to quadruped_simulation.egg-info/top_level.txt
[1.944s] reading manifest file 'quadruped_simulation.egg-info/SOURCES.txt'
[1.945s] writing manifest file 'quadruped_simulation.egg-info/SOURCES.txt'
[1.964s] running build_ext
[1.964s] Creating /home/ws/install/quadruped_simulation/lib/python3.12/site-packages/quadruped-simulation.egg-link (link to .)
[1.965s] 
[1.965s] Installed /home/ws/build/quadruped_simulation
[1.965s] running symlink_data
[2.013s] Invoked command in '/home/ws/build/quadruped_simulation' returned '0': PYTHONPATH=/home/ws/build/quadruped_simulation/prefix_override:/usr/lib/python3/dist-packages/colcon_core/task/python/colcon_distutils_commands:/home/ws/install/quadruped_simulation/lib/python3.12/site-packages:${PYTHONPATH} /usr/bin/python3 -W ignore:setup.py install is deprecated setup.py develop --editable --build-directory /home/ws/build/quadruped_simulation/build --no-deps symlink_data
