[0.011s] Invoking command in '/home/ws/build/quadruped': CMAKE_PREFIX_PATH=${CMAKE_PREFIX_PATH}:/opt/ros/jazzy /usr/bin/cmake --build /home/ws/build/quadruped -- -j20 -l20
[0.051s] -- Found ament_cmake: 2.5.2 (/opt/ros/jazzy/share/ament_cmake/cmake)
[0.074s] -- Found Python3: /usr/bin/python3 (found version "3.12.3") found components: Interpreter 
[0.137s] -- Override CMake install command with custom implementation using symlinks instead of copying resources
[0.142s] -- Found rclcpp: 28.1.5 (/opt/ros/jazzy/share/rclcpp/cmake)
[0.163s] -- Found rosidl_generator_c: 4.6.4 (/opt/ros/jazzy/share/rosidl_generator_c/cmake)
[0.169s] -- Found rosidl_generator_cpp: 4.6.4 (/opt/ros/jazzy/share/rosidl_generator_cpp/cmake)
[0.177s] -- Using all available rosidl_typesupport_c: rosidl_typesupport_fastrtps_c;rosidl_typesupport_introspection_c
[0.186s] -- Using all available rosidl_typesupport_cpp: rosidl_typesupport_fastrtps_cpp;rosidl_typesupport_introspection_cpp
[0.232s] -- Found rmw_implementation_cmake: 7.3.1 (/opt/ros/jazzy/share/rmw_implementation_cmake/cmake)
[0.232s] -- Found rmw_fastrtps_cpp: 8.4.1 (/opt/ros/jazzy/share/rmw_fastrtps_cpp/cmake)
[0.299s] -- Using RMW implementation 'rmw_fastrtps_cpp' as default
[0.355s] -- Found hardware_interface: 4.18.0 (/opt/ros/jazzy/share/hardware_interface/cmake)
[0.512s] -- Found controller_interface: 4.18.0 (/opt/ros/jazzy/share/controller_interface/cmake)
[0.513s] -- Found controller_manager: 4.18.0 (/opt/ros/jazzy/share/controller_manager/cmake)
[0.561s] -- Found ros2_control: 4.18.0 (/opt/ros/jazzy/share/ros2_control/cmake)
[0.561s] -- Found ros_gz_sim: 1.0.5 (/opt/ros/jazzy/share/ros_gz_sim/cmake)
[0.563s] -- Looking for gz-sim8 -- found version 8.6.0
[0.568s] -- Searching for dependencies of gz-sim8
[0.568s] -- Looking for sdformat14 -- found version 14.5.0
[0.568s] -- Searching for dependencies of sdformat14
[0.573s] -- Checking for module 'tinyxml2'
[0.591s] --   Found tinyxml2, version 10.0.0
[0.660s] -- Looking for gz-math7 -- found version 7.5.0
[0.660s] -- Searching for dependencies of gz-math7
[0.660s] -- Looking for gz-utils2 -- found version 2.2.0
[0.661s] -- Searching for dependencies of gz-utils2
[0.664s] -- Looking for gz-utils2 -- found version 2.2.0
[0.664s] -- Searching for dependencies of gz-utils2
[0.664s] -- Searching for <gz-utils2> component [cli]
[0.665s] -- Looking for gz-utils2-cli -- found version 2.2.0
[0.665s] -- Searching for dependencies of gz-utils2-cli
[0.667s] -- Looking for gz-plugin2 -- found version 2.0.3
[0.667s] -- Searching for dependencies of gz-plugin2
[0.668s] -- Looking for gz-utils2 -- found version 2.2.0
[0.669s] -- Searching for <gz-plugin2> component [loader]
[0.670s] -- Looking for gz-plugin2-loader -- found version 2.0.3
[0.670s] -- Searching for dependencies of gz-plugin2-loader
[0.671s] -- Searching for <gz-plugin2> component [register]
[0.672s] -- Looking for gz-plugin2-register -- found version 2.0.3
[0.672s] -- Searching for dependencies of gz-plugin2-register
[0.673s] -- Looking for gz-transport13 -- found version 13.4.0
[0.673s] -- Searching for dependencies of gz-transport13
[0.717s] -- Config-file not installed for ZeroMQ -- checking for pkg-config
[0.722s] -- Checking for module 'libzmq >= 4'
[0.746s] --   Found libzmq, version 4.3.5
[0.814s] -- Checking for module 'uuid'
[0.833s] --   Found uuid, version 2.39.3
[0.887s] -- Looking for gz-utils2 -- found version 2.2.0
[0.888s] -- Looking for gz-msgs10 -- found version 10.3.0
[0.888s] -- Searching for dependencies of gz-msgs10
[0.913s] -- Looking for gz-utils2 -- found version 2.2.0
[0.913s] -- Looking for gz-math7 -- found version 7.5.0
[0.971s] -- Searching for <gz-transport13> component [log]
[0.972s] -- Looking for gz-transport13-log -- found version 13.4.0
[0.972s] -- Searching for dependencies of gz-transport13-log
[0.972s] -- Searching for <gz-transport13> component [parameters]
[0.973s] -- Looking for gz-transport13-parameters -- found version 13.4.0
[0.973s] -- Searching for dependencies of gz-transport13-parameters
[0.974s] -- Looking for gz-msgs10 -- found version 10.3.0
[0.974s] -- Looking for gz-common5 -- found version 5.6.0
[0.975s] -- Searching for dependencies of gz-common5
[0.975s] -- Looking for gz-utils2 -- found version 2.2.0
[0.975s] -- Looking for dlfcn.h - found
[0.975s] -- Looking for libdl - found
[0.987s] -- Searching for <gz-common5> component [av]
[0.988s] -- Looking for gz-common5-av -- found version 5.6.0
[0.988s] -- Searching for dependencies of gz-common5-av
[0.993s] -- Checking for module 'libswscale'
[1.011s] --   Found libswscale, version 7.5.100
[1.085s] -- Checking for module 'libavdevice >= 56.4.100'
[1.107s] --   Found libavdevice, version 60.3.100
[1.192s] -- Checking for module 'libavformat'
[1.218s] --   Found libavformat, version 60.16.100
[1.297s] -- Checking for module 'libavcodec'
[1.322s] --   Found libavcodec, version 60.31.102
[1.396s] -- Checking for module 'libavutil'
[1.418s] --   Found libavutil, version 58.29.100
[1.486s] -- Searching for <gz-common5> component [events]
[1.486s] -- Looking for gz-common5-events -- found version 5.6.0
[1.487s] -- Searching for dependencies of gz-common5-events
[1.487s] -- Looking for gz-math7 -- found version 7.5.0
[1.488s] -- Searching for <gz-common5> component [graphics]
[1.488s] -- Looking for gz-common5-graphics -- found version 5.6.0
[1.489s] -- Searching for dependencies of gz-common5-graphics
[1.489s] -- Looking for gz-math7 -- found version 7.5.0
[1.493s] -- Searching for <gz-common5> component [io]
[1.494s] -- Looking for gz-common5-io -- found version 5.6.0
[1.494s] -- Searching for dependencies of gz-common5-io
[1.495s] -- Searching for <gz-common5> component [profiler]
[1.495s] -- Looking for gz-common5-profiler -- found version 5.6.0
[1.496s] -- Searching for dependencies of gz-common5-profiler
[1.497s] -- Looking for gz-fuel_tools9 -- found version 9.1.0
[1.497s] -- Searching for dependencies of gz-fuel_tools9
[1.544s] -- Checking for module 'jsoncpp'
[1.570s] --   Found jsoncpp, version 1.9.5
[1.649s] -- Checking for module 'yaml-0.1'
[1.669s] --   Found yaml-0.1, version 0.2.5
[1.736s] -- Checking for module 'libzip'
[1.763s] --   Found libzip, version 1.7.3
[1.815s] -- Looking for gz-utils2 -- found version 2.2.0
[1.815s] -- Looking for gz-common5 -- found version 5.6.0
[1.815s] -- Searching for dependencies of gz-common5
[1.816s] -- Looking for gz-utils2 -- found version 2.2.0
[1.816s] -- Looking for dlfcn.h - found
[1.816s] -- Looking for libdl - found
[1.833s] -- Searching for <gz-common5> component [testing]
[1.833s] -- Looking for gz-common5-testing -- found version 5.6.0
[1.834s] -- Searching for dependencies of gz-common5-testing
[1.836s] -- Looking for gz-math7 -- found version 7.5.0
[1.837s] -- Looking for gz-msgs10 -- found version 10.3.0
[1.842s] -- Looking for gz-gui8 -- found version 8.3.0
[1.842s] -- Searching for dependencies of gz-gui8
[1.878s] -- Looking for gz-utils2 -- found version 2.2.0
[1.878s] -- Looking for gz-math7 -- found version 7.5.0
[1.879s] -- Looking for gz-common5 -- found version 5.6.0
[1.879s] -- Looking for gz-plugin2 -- found version 2.0.3
[1.880s] -- Looking for gz-transport13 -- found version 13.4.0
[1.881s] -- Looking for gz-rendering8 -- found version 8.2.0
[1.881s] -- Searching for dependencies of gz-rendering8
[1.881s] -- Looking for gz-math7 -- found version 7.5.0
[1.882s] -- Searching for dependencies of gz-math7
[1.882s] -- Looking for gz-utils2 -- found version 2.2.0
[1.882s] -- Searching for <gz-math7> component [eigen3]
[1.883s] -- Looking for gz-math7-eigen3 -- found version 7.5.0
[1.883s] -- Searching for dependencies of gz-math7-eigen3
[1.886s] -- Looking for gz-common5 -- found version 5.6.0
[1.886s] -- Searching for dependencies of gz-common5
[1.886s] -- Looking for gz-utils2 -- found version 2.2.0
[1.886s] -- Looking for dlfcn.h - found
[1.886s] -- Looking for libdl - found
[1.894s] -- Searching for <gz-common5> component [graphics]
[1.894s] -- Searching for <gz-common5> component [events]
[1.894s] -- Searching for <gz-common5> component [geospatial]
[1.894s] -- Looking for gz-common5-geospatial -- found version 5.6.0
[1.895s] -- Searching for dependencies of gz-common5-geospatial
[1.895s] -- Looking for gz-math7 -- found version 7.5.0
[1.895s] -- Looking for gz-common5 -- found version 5.6.0
[1.896s] -- Looking for gz-plugin2 -- found version 2.0.3
[1.896s] -- Searching for dependencies of gz-plugin2
[1.896s] -- Looking for gz-utils2 -- found version 2.2.0
[1.896s] -- Searching for <gz-plugin2> component [all]
[1.896s] -- Looking for all libraries of gz-plugin2 -- found version 2.0.3
[1.897s] -- Looking for gz-plugin2 -- found version 2.0.3
[1.898s] -- Looking for gz-utils2 -- found version 2.2.0
[1.900s] -- Looking for gz-msgs10 -- found version 10.3.0
[1.912s] -- Looking for gz-physics7 -- found version 7.3.0
[1.912s] -- Searching for dependencies of gz-physics7
[1.912s] -- Looking for gz-common5 -- found version 5.6.0
[1.912s] -- Looking for gz-math7 -- found version 7.5.0
[1.913s] -- Looking for gz-plugin2 -- found version 2.0.3
[1.913s] -- Looking for gz-utils2 -- found version 2.2.0
[1.914s] -- Searching for <gz-physics7> component [heightmap]
[1.914s] -- Looking for gz-physics7-heightmap -- found version 7.3.0
[1.914s] -- Searching for dependencies of gz-physics7-heightmap
[1.915s] -- Looking for gz-common5 -- found version 5.6.0
[1.915s] -- Searching for <gz-physics7> component [mesh]
[1.915s] -- Looking for gz-physics7-mesh -- found version 7.3.0
[1.916s] -- Searching for dependencies of gz-physics7-mesh
[1.916s] -- Looking for gz-common5 -- found version 5.6.0
[1.916s] -- Searching for <gz-physics7> component [sdf]
[1.916s] -- Looking for gz-physics7-sdf -- found version 7.3.0
[1.917s] -- Searching for dependencies of gz-physics7-sdf
[1.917s] -- Looking for sdformat14 -- found version 14.5.0
[1.918s] -- Looking for gz-sensors8 -- found version 8.2.0
[1.918s] -- Searching for dependencies of gz-sensors8
[1.938s] -- Looking for gz-math7 -- found version 7.5.0
[1.939s] -- Looking for gz-common5 -- found version 5.6.0
[1.939s] -- Looking for gz-transport13 -- found version 13.4.0
[1.940s] -- Looking for gz-rendering8 -- found version 8.2.0
[1.941s] -- Looking for gz-msgs10 -- found version 10.3.0
[1.941s] -- Looking for sdformat14 -- found version 14.5.0
[1.942s] -- Searching for <gz-sensors8> component [air_pressure]
[1.942s] -- Looking for gz-sensors8-air_pressure -- found version 8.2.0
[1.943s] -- Searching for dependencies of gz-sensors8-air_pressure
[1.943s] -- Searching for <gz-sensors8> component [air_speed]
[1.944s] -- Looking for gz-sensors8-air_speed -- found version 8.2.0
[1.944s] -- Searching for dependencies of gz-sensors8-air_speed
[1.944s] -- Searching for <gz-sensors8> component [altimeter]
[1.945s] -- Looking for gz-sensors8-altimeter -- found version 8.2.0
[1.945s] -- Searching for dependencies of gz-sensors8-altimeter
[1.945s] -- Searching for <gz-sensors8> component [imu]
[1.946s] -- Looking for gz-sensors8-imu -- found version 8.2.0
[1.946s] -- Searching for dependencies of gz-sensors8-imu
[1.946s] -- Searching for <gz-sensors8> component [force_torque]
[1.947s] -- Looking for gz-sensors8-force_torque -- found version 8.2.0
[1.947s] -- Searching for dependencies of gz-sensors8-force_torque
[1.947s] -- Searching for <gz-sensors8> component [logical_camera]
[1.948s] -- Looking for gz-sensors8-logical_camera -- found version 8.2.0
[1.948s] -- Searching for dependencies of gz-sensors8-logical_camera
[1.948s] -- Searching for <gz-sensors8> component [magnetometer]
[1.948s] -- Looking for gz-sensors8-magnetometer -- found version 8.2.0
[1.949s] -- Searching for dependencies of gz-sensors8-magnetometer
[1.949s] -- Searching for <gz-sensors8> component [navsat]
[1.949s] -- Looking for gz-sensors8-navsat -- found version 8.2.0
[1.949s] -- Searching for dependencies of gz-sensors8-navsat
[1.950s] -- Searching for <gz-sensors8> component [dvl]
[1.950s] -- Looking for gz-sensors8-dvl -- found version 8.2.0
[1.950s] -- Searching for dependencies of gz-sensors8-dvl
[1.950s] -- Looking for gz-sensors8 -- found version 8.2.0
[1.951s] -- Searching for dependencies of gz-sensors8
[1.968s] -- Looking for gz-math7 -- found version 7.5.0
[1.968s] -- Looking for gz-common5 -- found version 5.6.0
[1.968s] -- Looking for gz-transport13 -- found version 13.4.0
[1.969s] -- Looking for gz-rendering8 -- found version 8.2.0
[1.969s] -- Looking for gz-msgs10 -- found version 10.3.0
[1.969s] -- Looking for sdformat14 -- found version 14.5.0
[1.969s] -- Searching for <gz-sensors8> component [rendering]
[1.970s] -- Looking for gz-sensors8-rendering -- found version 8.2.0
[1.970s] -- Searching for dependencies of gz-sensors8-rendering
[1.971s] -- Searching for <gz-sensors8> component [rendering]
[1.971s] -- Searching for <gz-sensors8> component [lidar]
[1.972s] -- Looking for gz-sensors8-lidar -- found version 8.2.0
[1.972s] -- Searching for dependencies of gz-sensors8-lidar
[1.972s] -- Looking for gz-sensors8 -- found version 8.2.0
[1.973s] -- Searching for <gz-sensors8> component [gpu_lidar]
[1.973s] -- Looking for gz-sensors8-gpu_lidar -- found version 8.2.0
[1.973s] -- Searching for dependencies of gz-sensors8-gpu_lidar
[1.973s] -- Looking for gz-sensors8 -- found version 8.2.0
[1.974s] -- Searching for <gz-sensors8> component [camera]
[1.974s] -- Looking for gz-sensors8-camera -- found version 8.2.0
[1.974s] -- Searching for dependencies of gz-sensors8-camera
[1.974s] -- Looking for gz-sensors8 -- found version 8.2.0
[1.975s] -- Searching for <gz-sensors8> component [boundingbox_camera]
[1.975s] -- Looking for gz-sensors8-boundingbox_camera -- found version 8.2.0
[1.975s] -- Searching for dependencies of gz-sensors8-boundingbox_camera
[1.976s] -- Searching for <gz-sensors8> component [segmentation_camera]
[1.976s] -- Looking for gz-sensors8-segmentation_camera -- found version 8.2.0
[1.976s] -- Searching for dependencies of gz-sensors8-segmentation_camera
[1.976s] -- Searching for <gz-sensors8> component [depth_camera]
[1.977s] -- Looking for gz-sensors8-depth_camera -- found version 8.2.0
[1.977s] -- Searching for dependencies of gz-sensors8-depth_camera
[1.977s] -- Looking for gz-sensors8 -- found version 8.2.0
[1.978s] -- Searching for <gz-sensors8> component [rgbd_camera]
[1.978s] -- Looking for gz-sensors8-rgbd_camera -- found version 8.2.0
[1.978s] -- Searching for dependencies of gz-sensors8-rgbd_camera
[1.978s] -- Looking for gz-sensors8 -- found version 8.2.0
[1.980s] -- Searching for <gz-sensors8> component [thermal_camera]
[1.980s] -- Looking for gz-sensors8-thermal_camera -- found version 8.2.0
[1.980s] -- Searching for dependencies of gz-sensors8-thermal_camera
[1.981s] -- Looking for gz-sensors8 -- found version 8.2.0
[1.981s] -- Searching for <gz-sensors8> component [wide_angle_camera]
[1.981s] -- Looking for gz-sensors8-wide_angle_camera -- found version 8.2.0
[1.981s] -- Searching for dependencies of gz-sensors8-wide_angle_camera
[1.982s] -- Looking for gz-rendering8 -- found version 8.2.0
[1.982s] -- Looking for gz-math7 -- found version 7.5.0
[1.983s] -- Looking for gz-utils2 -- found version 2.2.0
[2.002s] -- Looking for gz-plugin2 -- found version 2.0.3
[2.002s] -- Found rosidl_default_generators: 1.6.0 (/opt/ros/jazzy/share/rosidl_default_generators/cmake)
[2.009s] -- Found rosidl_adapter: 4.6.4 (/opt/ros/jazzy/share/rosidl_adapter/cmake)
[2.010s] -- Found rclcpp_components: 28.1.5 (/opt/ros/jazzy/share/rclcpp_components/cmake)
[2.031s] -- pinocchio FOUND. pinocchio at /opt/ros/jazzy/lib/x86_64-linux-gnu/libpinocchio.so
[2.031s] -- boost_filesystem FOUND. boost_filesystem at /lib/x86_64-linux-gnu/libboost_filesystem.so
[2.032s] -- boost_serialization FOUND. boost_serialization at /lib/x86_64-linux-gnu/libboost_serialization.so
[2.032s] -- boost_system FOUND. boost_system at /lib/x86_64-linux-gnu/libboost_system.so
[2.038s] -- Found Boost: /usr/include (found version "1.83.0") found components: filesystem serialization system 
[2.039s] -- eigenpy FOUND. eigenpy at /opt/ros/jazzy/lib/x86_64-linux-gnu/libeigenpy.so
[2.061s] -- Checking for NumPy
[2.257s] --   NUMPY_INCLUDE_DIRS=/usr/lib/python3/dist-packages/numpy/core/include
[2.353s] --   NUMPY_VERSION=1.26.4
[2.546s] -- Found Python3: /usr/bin/python3 (found version "3.12.3") found components: Interpreter Development.Module NumPy 
[2.546s] -- PythonLibraryDirs: 
[2.547s] -- PythonLibVersionString: 3.12.3
[2.573s] -- Python site lib: lib/python3.12/dist-packages
[2.573s] -- Python include dirs: /usr/include/python3.12
[2.602s] -- Checking for NumPy
[2.684s] --   NUMPY_INCLUDE_DIRS=/usr/lib/python3/dist-packages/numpy/core/include
[2.768s] --   NUMPY_VERSION=1.26.4
[2.768s] -- NumPy include dir: /usr/lib/python3/dist-packages/numpy/core/include
[2.773s] -- Found Boost: /usr/include (found version "1.83.0") found components: python312 
[2.773s] -- Boost_PYTHON_LIBRARY: /usr/lib/x86_64-linux-gnu/libboost_python312.so
[3.074s] -- Default C++ standard: 201703
[3.074s] -- C++ standard sufficient: Minimal required 14, currently defined: 17
[3.074s] -- CMAKE_CXX_STANDARD was not set: automatically set to currently defined standard 17
[3.075s] -- C++ standard sufficient: Minimal required 14, currently defined: 17
[3.097s] -- Found Python3: /usr/bin/python3 (found version "3.12.3") found components: Interpreter 
[3.290s] -- Found ament_cmake_ros: 0.12.0 (/opt/ros/jazzy/share/ament_cmake_ros/cmake)
[3.456s] -- Using all available rosidl_typesupport_c: rosidl_typesupport_fastrtps_c;rosidl_typesupport_introspection_c
[3.505s] -- Using all available rosidl_typesupport_cpp: rosidl_typesupport_fastrtps_cpp;rosidl_typesupport_introspection_cpp
[3.506s] -- Found python_cmake_module: 0.11.1 (/opt/ros/jazzy/share/python_cmake_module/cmake)
[3.790s] -- Found Python3: /usr/bin/python3 (found version "3.12.3") found components: Interpreter Development NumPy Development.Module Development.Embed 
[3.806s] -- Configuring done (3.8s)
[3.849s] -- Generating done (0.0s)
[3.852s] -- Build files have been written to: /home/ws/build/quadruped
[3.901s] [  2%] Built target quadruped__rosidl_generator_type_description
[3.910s] [  2%] Built target ament_cmake_python_symlink_quadruped
[3.924s] [  5%] Built target quadruped__cpp
[3.926s] [ 17%] Built target quadruped__rosidl_generator_c
[3.940s] [ 30%] Built target quadruped_lib
[3.990s] [ 38%] Built target quadruped__rosidl_typesupport_fastrtps_cpp
[3.992s] [ 51%] Built target quadruped__rosidl_typesupport_introspection_c
[3.993s] [ 53%] Built target quadruped__rosidl_typesupport_fastrtps_c
[3.993s] [ 61%] Built target quadruped__rosidl_typesupport_cpp
[3.995s] [ 69%] Built target quadruped__rosidl_typesupport_c
[3.996s] [ 76%] Built target quadruped__rosidl_typesupport_introspection_cpp
[4.017s] [ 76%] Built target quadruped
[4.043s] [ 79%] Built target quadruped__py
[4.071s] [ 84%] Built target quadruped__rosidl_generator_py
[4.095s] [ 89%] Built target quadruped_s__rosidl_typesupport_fastrtps_c
[4.099s] [ 94%] Built target quadruped_s__rosidl_typesupport_introspection_c
[4.099s] [100%] Built target quadruped_s__rosidl_typesupport_c
[4.101s] running egg_info
[4.110s] writing quadruped.egg-info/PKG-INFO
[4.111s] writing dependency_links to quadruped.egg-info/dependency_links.txt
[4.111s] writing top-level names to quadruped.egg-info/top_level.txt
[4.138s] reading manifest file 'quadruped.egg-info/SOURCES.txt'
[4.138s] writing manifest file 'quadruped.egg-info/SOURCES.txt'
[4.160s] [100%] Built target ament_cmake_python_build_quadruped_egg
[4.175s] Invoked command in '/home/ws/build/quadruped' returned '0': CMAKE_PREFIX_PATH=${CMAKE_PREFIX_PATH}:/opt/ros/jazzy /usr/bin/cmake --build /home/ws/build/quadruped -- -j20 -l20
[4.289s] Invoking command in '/home/ws/build/quadruped': CMAKE_PREFIX_PATH=${CMAKE_PREFIX_PATH}:/opt/ros/jazzy /usr/bin/cmake --install /home/ws/build/quadruped
[4.302s] -- Install configuration: ""
[4.303s] -- Execute custom install script
[4.303s] -- Up-to-date symlink: /home/ws/install/quadruped/share/ament_index/resource_index/rosidl_interfaces/quadruped
[4.303s] -- Up-to-date symlink: /home/ws/install/quadruped/share/quadruped/msg/LegCommand.json
[4.303s] -- Up-to-date symlink: /home/ws/install/quadruped/include/quadruped/quadruped/msg/detail/leg_command__functions.h
[4.304s] -- Up-to-date symlink: /home/ws/install/quadruped/include/quadruped/quadruped/msg/detail/leg_command__struct.h
[4.304s] -- Up-to-date symlink: /home/ws/install/quadruped/include/quadruped/quadruped/msg/detail/leg_command__type_support.h
[4.304s] -- Up-to-date symlink: /home/ws/install/quadruped/include/quadruped/quadruped/msg/leg_command.h
[4.304s] -- Up-to-date symlink: /home/ws/install/quadruped/include/quadruped/quadruped/msg/rosidl_generator_c__visibility_control.h
[4.304s] -- Up-to-date symlink: /home/ws/install/quadruped/share/quadruped/environment/library_path.sh
[4.304s] -- Up-to-date symlink: /home/ws/install/quadruped/share/quadruped/environment/library_path.dsv
[4.304s] -- Up-to-date symlink: /home/ws/install/quadruped/include/quadruped/quadruped/msg/detail/leg_command__rosidl_typesupport_fastrtps_c.h
[4.304s] -- Up-to-date symlink: /home/ws/install/quadruped/include/quadruped/quadruped/msg/rosidl_typesupport_fastrtps_c__visibility_control.h
[4.305s] -- Up-to-date symlink: /home/ws/install/quadruped/include/quadruped/quadruped/msg/detail/leg_command__builder.hpp
[4.305s] -- Up-to-date symlink: /home/ws/install/quadruped/include/quadruped/quadruped/msg/detail/leg_command__struct.hpp
[4.305s] -- Up-to-date symlink: /home/ws/install/quadruped/include/quadruped/quadruped/msg/detail/leg_command__traits.hpp
[4.305s] -- Up-to-date symlink: /home/ws/install/quadruped/include/quadruped/quadruped/msg/detail/leg_command__type_support.hpp
[4.305s] -- Up-to-date symlink: /home/ws/install/quadruped/include/quadruped/quadruped/msg/leg_command.hpp
[4.305s] -- Up-to-date symlink: /home/ws/install/quadruped/include/quadruped/quadruped/msg/rosidl_generator_cpp__visibility_control.hpp
[4.305s] -- Up-to-date symlink: /home/ws/install/quadruped/include/quadruped/quadruped/msg/detail/leg_command__rosidl_typesupport_fastrtps_cpp.hpp
[4.305s] -- Up-to-date symlink: /home/ws/install/quadruped/include/quadruped/quadruped/msg/rosidl_typesupport_fastrtps_cpp__visibility_control.h
[4.305s] -- Up-to-date symlink: /home/ws/install/quadruped/include/quadruped/quadruped/msg/detail/leg_command__rosidl_typesupport_introspection_c.h
[4.306s] -- Up-to-date symlink: /home/ws/install/quadruped/include/quadruped/quadruped/msg/rosidl_typesupport_introspection_c__visibility_control.h
[4.306s] -- Up-to-date symlink: /home/ws/install/quadruped/include/quadruped/quadruped/msg/detail/leg_command__rosidl_typesupport_introspection_cpp.hpp
[4.306s] -- Up-to-date symlink: /home/ws/install/quadruped/share/quadruped/environment/pythonpath.sh
[4.306s] -- Up-to-date symlink: /home/ws/install/quadruped/share/quadruped/environment/pythonpath.dsv
[4.306s] -- Up-to-date symlink: /home/ws/install/quadruped/lib/python3.12/site-packages/quadruped-0.0.0-py3.12.egg-info/PKG-INFO
[4.306s] -- Up-to-date symlink: /home/ws/install/quadruped/lib/python3.12/site-packages/quadruped-0.0.0-py3.12.egg-info/SOURCES.txt
[4.306s] -- Up-to-date symlink: /home/ws/install/quadruped/lib/python3.12/site-packages/quadruped-0.0.0-py3.12.egg-info/dependency_links.txt
[4.307s] -- Up-to-date symlink: /home/ws/install/quadruped/lib/python3.12/site-packages/quadruped-0.0.0-py3.12.egg-info/top_level.txt
[4.307s] -- Up-to-date symlink: /home/ws/install/quadruped/lib/python3.12/site-packages/quadruped/__init__.py
[4.307s] -- Up-to-date symlink: /home/ws/install/quadruped/lib/python3.12/site-packages/quadruped/_quadruped_s.ep.rosidl_typesupport_c.c
[4.307s] -- Up-to-date symlink: /home/ws/install/quadruped/lib/python3.12/site-packages/quadruped/_quadruped_s.ep.rosidl_typesupport_fastrtps_c.c
[4.307s] -- Up-to-date symlink: /home/ws/install/quadruped/lib/python3.12/site-packages/quadruped/_quadruped_s.ep.rosidl_typesupport_introspection_c.c
[4.307s] -- Up-to-date symlink: /home/ws/install/quadruped/lib/python3.12/site-packages/quadruped/msg/__init__.py
[4.307s] -- Up-to-date symlink: /home/ws/install/quadruped/lib/python3.12/site-packages/quadruped/msg/_leg_command.py
[4.307s] -- Up-to-date symlink: /home/ws/install/quadruped/lib/python3.12/site-packages/quadruped/msg/_leg_command_s.c
[4.308s] -- Up-to-date symlink: /home/ws/install/quadruped/lib/python3.12/site-packages/quadruped/quadruped_s__rosidl_typesupport_c.so
[4.308s] -- Up-to-date symlink: /home/ws/install/quadruped/lib/python3.12/site-packages/quadruped/quadruped_s__rosidl_typesupport_fastrtps_c.so
[4.308s] -- Up-to-date symlink: /home/ws/install/quadruped/lib/python3.12/site-packages/quadruped/quadruped_s__rosidl_typesupport_introspection_c.so
[4.308s] -- Up-to-date symlink: /home/ws/install/quadruped/lib/python3.12/site-packages/quadruped/quadruped_s__rosidl_typesupport_fastrtps_c.so
[4.308s] -- Up-to-date symlink: /home/ws/install/quadruped/lib/python3.12/site-packages/quadruped/quadruped_s__rosidl_typesupport_introspection_c.so
[4.308s] -- Up-to-date symlink: /home/ws/install/quadruped/lib/python3.12/site-packages/quadruped/quadruped_s__rosidl_typesupport_c.so
[4.308s] -- Up-to-date symlink: /home/ws/install/quadruped/share/quadruped/msg/LegCommand.idl
[4.308s] -- Up-to-date symlink: /home/ws/install/quadruped/share/quadruped/messages/LegCommand.msg
[4.308s] -- Up-to-date symlink: /home/ws/install/quadruped/include/quadruped/balance_controller.hpp
[4.309s] -- Up-to-date symlink: /home/ws/install/quadruped/include/quadruped/foot_trajectory_generator.hpp
[4.309s] -- Up-to-date symlink: /home/ws/install/quadruped/include/quadruped/leg_controller.hpp
[4.309s] -- Up-to-date symlink: /home/ws/install/quadruped/include/quadruped/state_estimator.hpp
[4.309s] -- Up-to-date symlink: /home/ws/install/quadruped/lib/quadruped/LegController.py
[4.309s] -- Up-to-date symlink: /home/ws/install/quadruped/lib/quadruped/GaitPatternGenerator.py
[4.309s] -- Up-to-date symlink: /home/ws/install/quadruped/lib/quadruped/leg_class.py
[4.309s] -- Up-to-date symlink: /home/ws/install/quadruped/lib/quadruped/gait_pattern_class.py
[4.309s] -- Up-to-date symlink: /home/ws/install/quadruped/share/quadruped/launch/controllers.launch.py
[4.310s] -- Up-to-date symlink: /home/ws/install/quadruped/share/quadruped/launch/gazebo_sim.launch.py
[4.310s] -- Up-to-date symlink: /home/ws/install/quadruped/share/quadruped/config/initial_joint_positions.yaml
[4.310s] -- Up-to-date symlink: /home/ws/install/quadruped/share/quadruped/config/quadruped.rviz
[4.310s] -- Up-to-date symlink: /home/ws/install/quadruped/share/quadruped/config/quadruped_controllers.yaml
[4.310s] -- Up-to-date symlink: /home/ws/install/quadruped/share/quadruped/urdf/Quadruped MJB.mjb
[4.310s] -- Up-to-date symlink: /home/ws/install/quadruped/share/quadruped/urdf/QuadrupedURDF.urdf.xacro
[4.310s] -- Up-to-date symlink: /home/ws/install/quadruped/share/quadruped/urdf/meshes/Body.STL
[4.310s] -- Up-to-date symlink: /home/ws/install/quadruped/share/quadruped/urdf/meshes/Body_bin.STL
[4.310s] -- Up-to-date symlink: /home/ws/install/quadruped/share/quadruped/urdf/meshes/Front Left Shin.STL
[4.310s] -- Up-to-date symlink: /home/ws/install/quadruped/share/quadruped/urdf/meshes/Front Left Thigh.STL
[4.310s] -- Up-to-date symlink: /home/ws/install/quadruped/share/quadruped/urdf/meshes/Front Right Shin.STL
[4.310s] -- Up-to-date symlink: /home/ws/install/quadruped/share/quadruped/urdf/meshes/Front Right Thigh.STL
[4.311s] -- Up-to-date symlink: /home/ws/install/quadruped/share/quadruped/urdf/meshes/Rear Left Shin.STL
[4.311s] -- Up-to-date symlink: /home/ws/install/quadruped/share/quadruped/urdf/meshes/Rear Left Thigh.STL
[4.311s] -- Up-to-date symlink: /home/ws/install/quadruped/share/quadruped/urdf/meshes/Rear Right Shin.STL
[4.311s] -- Up-to-date symlink: /home/ws/install/quadruped/share/quadruped/urdf/meshes/Rear Right Thigh.STL
[4.311s] -- Up-to-date symlink: /home/ws/install/quadruped/share/quadruped/urdf/mjb_maker.py
[4.311s] -- Up-to-date symlink: /home/ws/install/quadruped/share/quadruped/messages/LegCommand.msg
[4.311s] -- Up-to-date symlink: /home/ws/install/quadruped/share/quadruped/messages/RobotState.msg
[4.311s] -- Up-to-date symlink: /home/ws/install/quadruped/share/quadruped//plugin_description.xml
[4.311s] -- Up-to-date symlink: /home/ws/install/quadruped/share/ament_index/resource_index/package_run_dependencies/quadruped
[4.311s] -- Up-to-date symlink: /home/ws/install/quadruped/share/ament_index/resource_index/parent_prefix_path/quadruped
[4.311s] -- Up-to-date symlink: /home/ws/install/quadruped/share/quadruped/environment/ament_prefix_path.sh
[4.311s] -- Up-to-date symlink: /home/ws/install/quadruped/share/quadruped/environment/ament_prefix_path.dsv
[4.311s] -- Up-to-date symlink: /home/ws/install/quadruped/share/quadruped/environment/path.sh
[4.311s] -- Up-to-date symlink: /home/ws/install/quadruped/share/quadruped/environment/path.dsv
[4.311s] -- Up-to-date symlink: /home/ws/install/quadruped/share/quadruped/local_setup.bash
[4.311s] -- Up-to-date symlink: /home/ws/install/quadruped/share/quadruped/local_setup.sh
[4.311s] -- Up-to-date symlink: /home/ws/install/quadruped/share/quadruped/local_setup.zsh
[4.311s] -- Up-to-date symlink: /home/ws/install/quadruped/share/quadruped/local_setup.dsv
[4.311s] -- Symlinking: /home/ws/install/quadruped/share/quadruped/package.dsv
[4.324s] -- Up-to-date symlink: /home/ws/install/quadruped/share/ament_index/resource_index/packages/quadruped
[4.324s] -- Up-to-date symlink: /home/ws/install/quadruped/share/quadruped/cmake/rosidl_cmake-extras.cmake
[4.324s] -- Up-to-date symlink: /home/ws/install/quadruped/share/quadruped/cmake/ament_cmake_export_include_directories-extras.cmake
[4.324s] -- Up-to-date symlink: /home/ws/install/quadruped/share/quadruped/cmake/ament_cmake_export_libraries-extras.cmake
[4.324s] -- Up-to-date symlink: /home/ws/install/quadruped/share/quadruped/cmake/ament_cmake_export_targets-extras.cmake
[4.325s] -- Up-to-date symlink: /home/ws/install/quadruped/share/quadruped/cmake/rosidl_cmake_export_typesupport_targets-extras.cmake
[4.325s] -- Up-to-date symlink: /home/ws/install/quadruped/share/quadruped/cmake/ament_cmake_export_dependencies-extras.cmake
[4.325s] -- Up-to-date symlink: /home/ws/install/quadruped/share/quadruped/cmake/rosidl_cmake_export_typesupport_libraries-extras.cmake
[4.325s] -- Up-to-date symlink: /home/ws/install/quadruped/share/quadruped/cmake/quadrupedConfig.cmake
[4.325s] -- Up-to-date symlink: /home/ws/install/quadruped/share/quadruped/cmake/quadrupedConfig-version.cmake
[4.325s] -- Up-to-date symlink: /home/ws/install/quadruped/share/quadruped/package.xml
[4.325s] -- Up-to-date: /home/ws/install/quadruped/lib/libquadruped__rosidl_generator_c.so
[4.326s] -- Up-to-date: /home/ws/install/quadruped/lib/libquadruped__rosidl_typesupport_fastrtps_c.so
[4.326s] -- Up-to-date: /home/ws/install/quadruped/lib/libquadruped__rosidl_typesupport_fastrtps_cpp.so
[4.326s] -- Up-to-date: /home/ws/install/quadruped/lib/libquadruped__rosidl_typesupport_introspection_c.so
[4.326s] -- Up-to-date: /home/ws/install/quadruped/lib/libquadruped__rosidl_typesupport_c.so
[4.327s] -- Up-to-date: /home/ws/install/quadruped/lib/libquadruped__rosidl_typesupport_introspection_cpp.so
[4.327s] -- Up-to-date: /home/ws/install/quadruped/lib/libquadruped__rosidl_typesupport_cpp.so
[4.360s] Listing '/home/ws/install/quadruped/lib/python3.12/site-packages/quadruped'...
[4.360s] Compiling '/home/ws/install/quadruped/lib/python3.12/site-packages/quadruped/__init__.py'...
[4.360s] Listing '/home/ws/install/quadruped/lib/python3.12/site-packages/quadruped/msg'...
[4.364s] -- Up-to-date: /home/ws/install/quadruped/lib/libquadruped__rosidl_generator_py.so
[4.364s] -- Up-to-date: /home/ws/install/quadruped/lib/libquadruped_lib.so
[4.364s] -- Up-to-date: /home/ws/install/quadruped/share/quadruped/cmake/export_quadruped__rosidl_generator_cExport.cmake
[4.364s] -- Up-to-date: /home/ws/install/quadruped/share/quadruped/cmake/export_quadruped__rosidl_generator_cExport-noconfig.cmake
[4.364s] -- Up-to-date: /home/ws/install/quadruped/share/quadruped/cmake/export_quadruped__rosidl_typesupport_fastrtps_cExport.cmake
[4.364s] -- Up-to-date: /home/ws/install/quadruped/share/quadruped/cmake/export_quadruped__rosidl_typesupport_fastrtps_cExport-noconfig.cmake
[4.364s] -- Up-to-date: /home/ws/install/quadruped/share/quadruped/cmake/export_quadruped__rosidl_generator_cppExport.cmake
[4.364s] -- Up-to-date: /home/ws/install/quadruped/share/quadruped/cmake/export_quadruped__rosidl_typesupport_fastrtps_cppExport.cmake
[4.364s] -- Up-to-date: /home/ws/install/quadruped/share/quadruped/cmake/export_quadruped__rosidl_typesupport_fastrtps_cppExport-noconfig.cmake
[4.364s] -- Up-to-date: /home/ws/install/quadruped/share/quadruped/cmake/quadruped__rosidl_typesupport_introspection_cExport.cmake
[4.365s] -- Up-to-date: /home/ws/install/quadruped/share/quadruped/cmake/quadruped__rosidl_typesupport_introspection_cExport-noconfig.cmake
[4.365s] -- Up-to-date: /home/ws/install/quadruped/share/quadruped/cmake/quadruped__rosidl_typesupport_cExport.cmake
[4.365s] -- Up-to-date: /home/ws/install/quadruped/share/quadruped/cmake/quadruped__rosidl_typesupport_cExport-noconfig.cmake
[4.365s] -- Up-to-date: /home/ws/install/quadruped/share/quadruped/cmake/quadruped__rosidl_typesupport_introspection_cppExport.cmake
[4.365s] -- Up-to-date: /home/ws/install/quadruped/share/quadruped/cmake/quadruped__rosidl_typesupport_introspection_cppExport-noconfig.cmake
[4.365s] -- Up-to-date: /home/ws/install/quadruped/share/quadruped/cmake/quadruped__rosidl_typesupport_cppExport.cmake
[4.365s] -- Up-to-date: /home/ws/install/quadruped/share/quadruped/cmake/quadruped__rosidl_typesupport_cppExport-noconfig.cmake
[4.365s] -- Up-to-date: /home/ws/install/quadruped/share/quadruped/cmake/export_quadruped__rosidl_generator_pyExport.cmake
[4.365s] -- Up-to-date: /home/ws/install/quadruped/share/quadruped/cmake/export_quadruped__rosidl_generator_pyExport-noconfig.cmake
[4.365s] -- Up-to-date: /home/ws/install/quadruped/share/quadruped/cmake/quadruped_targetsExport.cmake
[4.365s] -- Up-to-date: /home/ws/install/quadruped/share/quadruped/cmake/quadruped_targetsExport-noconfig.cmake
[4.366s] Invoked command in '/home/ws/build/quadruped' returned '0': CMAKE_PREFIX_PATH=${CMAKE_PREFIX_PATH}:/opt/ros/jazzy /usr/bin/cmake --install /home/ws/build/quadruped
