[0.010s] Invoking command in '/home/ws/build/quadruped': CMAKE_PREFIX_PATH=${CMAKE_PREFIX_PATH}:/opt/ros/jazzy /usr/bin/cmake --build /home/ws/build/quadruped -- -j20 -l20
[0.074s] [  2%] Built target quadruped__rosidl_generator_type_description
[0.085s] [  2%] Built target ament_cmake_python_symlink_quadruped
[0.095s] [  5%] Built target quadruped__cpp
[0.100s] [ 17%] Built target quadruped__rosidl_generator_c
[0.110s] [ 20%] [32mBuilding CXX object CMakeFiles/quadruped_lib.dir/src/balance_controller.cpp.o[0m
[0.125s] [ 33%] Built target quadruped__rosidl_typesupport_fastrtps_cpp
[0.125s] [ 35%] Built target quadruped__rosidl_typesupport_introspection_c
[0.125s] [ 43%] Built target quadruped__rosidl_typesupport_c
[0.130s] [ 51%] Built target quadruped__rosidl_typesupport_fastrtps_c
[0.133s] [ 58%] Built target quadruped__rosidl_typesupport_introspection_cpp
[0.134s] [ 66%] Built target quadruped__rosidl_typesupport_cpp
[0.160s] [ 66%] Built target quadruped
[0.194s] [ 69%] Built target quadruped__py
[0.225s] [ 74%] Built target quadruped__rosidl_generator_py
[0.250s] running egg_info
[0.256s] [ 84%] Built target quadruped_s__rosidl_typesupport_fastrtps_c
[0.256s] [ 84%] Built target quadruped_s__rosidl_typesupport_c
[0.257s] [ 89%] Built target quadruped_s__rosidl_typesupport_introspection_c
[0.261s] writing quadruped.egg-info/PKG-INFO
[0.261s] writing dependency_links to quadruped.egg-info/dependency_links.txt
[0.261s] writing top-level names to quadruped.egg-info/top_level.txt
[0.290s] reading manifest file 'quadruped.egg-info/SOURCES.txt'
[0.290s] writing manifest file 'quadruped.egg-info/SOURCES.txt'
[0.315s] [ 89%] Built target ament_cmake_python_build_quadruped_egg
[5.205s] [01m[K/home/ws/src/quadruped/src/balance_controller.cpp:[m[K In member function ‘[01m[Kvirtual CallbackReturn balance_controller::BalanceController::[01;32m[Kon_configure[m[K(const rclcpp_lifecycle::State&)[m[K’:
[5.205s] [01m[K/home/ws/src/quadruped/src/balance_controller.cpp:39:29:[m[K [01;31m[Kerror: [m[Kvariable ‘[01m[Kpinocchio::Data data[m[K’ has initializer but incomplete type
[5.205s]    39 |   pinocchio::Data data(model[01;31m[K)[m[K;
[5.205s]       |                             [01;31m[K^[m[K
[8.246s] gmake[2]: *** [CMakeFiles/quadruped_lib.dir/build.make:76: CMakeFiles/quadruped_lib.dir/src/balance_controller.cpp.o] Error 1
[8.247s] gmake[1]: *** [CMakeFiles/Makefile2:623: CMakeFiles/quadruped_lib.dir/all] Error 2
[8.247s] gmake: *** [Makefile:146: all] Error 2
[8.250s] Invoked command in '/home/ws/build/quadruped' returned '2': CMAKE_PREFIX_PATH=${CMAKE_PREFIX_PATH}:/opt/ros/jazzy /usr/bin/cmake --build /home/ws/build/quadruped -- -j20 -l20
