[0.065s] Invoking command in '/home/ws/build/quadruped': CMAKE_PREFIX_PATH=${CMAKE_PREFIX_PATH}:/home/ws/install/quadruped_simulation:/home/ws/install/quadruped_controllers:/opt/ros/jazzy /usr/bin/cmake --build /home/ws/build/quadruped -- -j20 -l20
[0.375s] [  2%] Built target quadruped__rosidl_generator_type_description
[0.375s] [  2%] Built target ament_cmake_python_symlink_quadruped
[0.375s] [  5%] Built target quadruped__cpp
[0.375s] [ 17%] Built target quadruped__rosidl_generator_c
[0.376s] [ 20%] [32mBuilding CXX object CMakeFiles/quadruped_lib.dir/src/balance_controller.cpp.o[0m
[0.376s] [ 30%] Built target quadruped__rosidl_typesupport_c
[0.376s] [ 35%] Built target quadruped__rosidl_typesupport_introspection_cpp
[0.376s] [ 43%] Built target quadruped__rosidl_typesupport_cpp
[0.376s] [ 51%] Built target quadruped__rosidl_typesupport_introspection_c
[0.376s] [ 58%] Built target quadruped__rosidl_typesupport_fastrtps_c
[0.376s] [ 66%] Built target quadruped__rosidl_typesupport_fastrtps_cpp
[0.402s] [ 66%] Built target quadruped
[0.452s] [ 69%] Built target quadruped__py
[0.508s] [ 74%] Built target quadruped__rosidl_generator_py
[0.523s] running egg_info
[0.542s] writing quadruped.egg-info/PKG-INFO
[0.542s] writing dependency_links to quadruped.egg-info/dependency_links.txt
[0.543s] writing top-level names to quadruped.egg-info/top_level.txt
[0.549s] [ 79%] Built target quadruped_s__rosidl_typesupport_fastrtps_c
[0.552s] [ 84%] Built target quadruped_s__rosidl_typesupport_introspection_c
[0.559s] [ 89%] Built target quadruped_s__rosidl_typesupport_c
[0.593s] reading manifest file 'quadruped.egg-info/SOURCES.txt'
[0.593s] writing manifest file 'quadruped.egg-info/SOURCES.txt'
[0.639s] [ 89%] Built target ament_cmake_python_build_quadruped_egg
[27.967s] [ 92%] [32m[1mLinking CXX shared library libquadruped_lib.so[0m
[28.175s] gmake[2]: *** Deleting file 'libquadruped_lib.so'
[28.176s] gmake[2]: *** [CMakeFiles/quadruped_lib.dir/build.make:366: libquadruped_lib.so] Interrupt
[28.177s] gmake[1]: *** [CMakeFiles/Makefile2:623: CMakeFiles/quadruped_lib.dir/all] Interrupt
[28.177s] gmake: *** [Makefile:146: all] Interrupt
[28.179s] Invoked command in '/home/ws/build/quadruped' returned '-2': CMAKE_PREFIX_PATH=${CMAKE_PREFIX_PATH}:/home/ws/install/quadruped_simulation:/home/ws/install/quadruped_controllers:/opt/ros/jazzy /usr/bin/cmake --build /home/ws/build/quadruped -- -j20 -l20
