[0.006s] Invoking command in '/home/ws/build/quadruped': /usr/bin/cmake /home/ws/src/quadruped -DAMENT_CMAKE_SYMLINK_INSTALL=1 -DCMAKE_INSTALL_PREFIX=/home/ws/install/quadruped
[0.024s] [31mCMake Error at CMakeLists.txt:9 (find_package):
[0.024s]   By not providing "Findament_cmake.cmake" in CMAKE_MODULE_PATH this project
[0.024s]   has asked CMake to find a package configuration file provided by
[0.024s]   "ament_cmake", but CMake did not find one.
[0.024s] 
[0.024s]   Could not find a package configuration file provided by "ament_cmake" with
[0.024s]   any of the following names:
[0.024s] 
[0.024s]     ament_cmakeConfig.cmake
[0.025s]     ament_cmake-config.cmake
[0.025s] 
[0.025s]   Add the installation prefix of "ament_cmake" to CMAKE_PREFIX_PATH or set
[0.025s]   "ament_cmake_DIR" to a directory containing one of the above files.  If
[0.025s]   "ament_cmake" provides a separate development package or SDK, be sure it
[0.025s]   has been installed.
[0.025s] 
[0.025s] [0m
[0.025s] -- Configuring incomplete, errors occurred!
[0.026s] Invoked command in '/home/ws/build/quadruped' returned '1': /usr/bin/cmake /home/ws/src/quadruped -DAMENT_CMAKE_SYMLINK_INSTALL=1 -DCMAKE_INSTALL_PREFIX=/home/ws/install/quadruped
