[1.247s] Invoking command in '/home/ws/build/quadruped_controllers': PYTHONPATH=/home/ws/build/quadruped_controllers/prefix_override:/usr/lib/python3/dist-packages/colcon_core/task/python/colcon_distutils_commands:/home/ws/install/quadruped_controllers/lib/python3.12/site-packages:${PYTHONPATH} /usr/bin/python3 -W ignore:setup.py install is deprecated setup.py develop --editable --build-directory /home/ws/build/quadruped_controllers/build --no-deps symlink_data
[1.643s] running develop
[1.644s] /usr/lib/python3/dist-packages/setuptools/command/develop.py:40: EasyInstallDeprecationWarning: easy_install command is deprecated.
[1.644s] !!
[1.644s] 
[1.644s]         ********************************************************************************
[1.644s]         Please avoid running ``setup.py`` and ``easy_install``.
[1.645s]         Instead, use pypa/build, pypa/installer or other
[1.645s]         standards-based tools.
[1.645s] 
[1.645s]         See https://github.com/pypa/setuptools/issues/917 for details.
[1.645s]         ********************************************************************************
[1.645s] 
[1.646s] !!
[1.646s]   easy_install.initialize_options(self)
[1.810s] running egg_info
[1.828s] writing quadruped_controllers.egg-info/PKG-INFO
[1.829s] writing dependency_links to quadruped_controllers.egg-info/dependency_links.txt
[1.829s] writing requirements to quadruped_controllers.egg-info/requires.txt
[1.829s] writing top-level names to quadruped_controllers.egg-info/top_level.txt
[1.862s] reading manifest file 'quadruped_controllers.egg-info/SOURCES.txt'
[1.862s] writing manifest file 'quadruped_controllers.egg-info/SOURCES.txt'
[1.881s] running build_ext
[1.881s] Creating /home/ws/install/quadruped_controllers/lib/python3.12/site-packages/quadruped-controllers.egg-link (link to .)
[1.882s] 
[1.882s] Installed /home/ws/build/quadruped_controllers
[1.882s] running symlink_data
[1.971s] Invoked command in '/home/ws/build/quadruped_controllers' returned '0': PYTHONPATH=/home/ws/build/quadruped_controllers/prefix_override:/usr/lib/python3/dist-packages/colcon_core/task/python/colcon_distutils_commands:/home/ws/install/quadruped_controllers/lib/python3.12/site-packages:${PYTHONPATH} /usr/bin/python3 -W ignore:setup.py install is deprecated setup.py develop --editable --build-directory /home/ws/build/quadruped_controllers/build --no-deps symlink_data
