[0.040s] Invoking command in '/home/ws/build/quadruped_mpc': CMAKE_PREFIX_PATH=${CMAKE_PREFIX_PATH}:/home/ws/install/quadruped_simulation:/home/ws/install/quadruped_controllers:/opt/ros/jazzy /usr/bin/cmake --build /home/ws/build/quadruped_mpc -- -j20 -l20
[0.227s] [ 20%] [32mBuilding CXX object CMakeFiles/quadruped_mpc_lib.dir/src/leg_controller.cpp.o[0m
[0.234s] [ 40%] [32mBuilding CXX object CMakeFiles/quadruped_mpc_lib.dir/src/state_estimator.cpp.o[0m
[0.236s] [ 60%] [32mBuilding CXX object CMakeFiles/quadruped_mpc_lib.dir/src/foot_trajectory_generator.cpp.o[0m
[0.240s] [ 80%] [32mBuilding CXX object CMakeFiles/quadruped_mpc_lib.dir/src/balance_controller.cpp.o[0m
[0.263s] [01m[K/home/ws/src/quadruped_mpc/src/leg_controller.cpp:1:10:[m[K [01;31m[Kfatal error: [m[Kquadruped/leg_controller.hpp: No such file or directory
[0.264s]     1 | #include [01;31m[K"quadruped/leg_controller.hpp"[m[K
[0.266s]       |          [01;31m[K^~~~~~~~~~~~~~~~~~~~~~~~~~~~~~[m[K
[0.266s] compilation terminated.
[0.268s] gmake[2]: *** [CMakeFiles/quadruped_mpc_lib.dir/build.make:104: CMakeFiles/quadruped_mpc_lib.dir/src/leg_controller.cpp.o] Error 1
[0.271s] gmake[2]: *** Waiting for unfinished jobs....
[0.273s] [01m[K/home/ws/src/quadruped_mpc/src/state_estimator.cpp:1:10:[m[K [01;31m[Kfatal error: [m[Kquadruped/state_estimator.hpp: No such file or directory
[0.273s]     1 | #include [01;31m[K"quadruped/state_estimator.hpp"[m[K
[0.273s]       |          [01;31m[K^~~~~~~~~~~~~~~~~~~~~~~~~~~~~~~[m[K
[0.273s] compilation terminated.
[0.274s] gmake[2]: *** [CMakeFiles/quadruped_mpc_lib.dir/build.make:118: CMakeFiles/quadruped_mpc_lib.dir/src/state_estimator.cpp.o] Error 1
[0.274s] [01m[K/home/ws/src/quadruped_mpc/src/foot_trajectory_generator.cpp:1:10:[m[K [01;31m[Kfatal error: [m[Kquadruped/foot_trajectory_generator.hpp: No such file or directory
[0.274s]     1 | #include [01;31m[K"quadruped/foot_trajectory_generator.hpp"[m[K
[0.274s]       |          [01;31m[K^~~~~~~~~~~~~~~~~~~~~~~~~~~~~~~~~~~~~~~~~[m[K
[0.274s] compilation terminated.
[0.275s] gmake[2]: *** [CMakeFiles/quadruped_mpc_lib.dir/build.make:90: CMakeFiles/quadruped_mpc_lib.dir/src/foot_trajectory_generator.cpp.o] Error 1
[0.282s] [01m[K/home/ws/src/quadruped_mpc/src/balance_controller.cpp:1:10:[m[K [01;31m[Kfatal error: [m[Kquadruped/balance_controller.hpp: No such file or directory
[0.282s]     1 | #include [01;31m[K"quadruped/balance_controller.hpp"[m[K
[0.283s]       |          [01;31m[K^~~~~~~~~~~~~~~~~~~~~~~~~~~~~~~~~~[m[K
[0.283s] compilation terminated.
[0.286s] gmake[2]: *** [CMakeFiles/quadruped_mpc_lib.dir/build.make:76: CMakeFiles/quadruped_mpc_lib.dir/src/balance_controller.cpp.o] Error 1
[0.287s] gmake[1]: *** [CMakeFiles/Makefile2:137: CMakeFiles/quadruped_mpc_lib.dir/all] Error 2
[0.288s] gmake: *** [Makefile:146: all] Error 2
[0.305s] Invoked command in '/home/ws/build/quadruped_mpc' returned '2': CMAKE_PREFIX_PATH=${CMAKE_PREFIX_PATH}:/home/ws/install/quadruped_simulation:/home/ws/install/quadruped_controllers:/opt/ros/jazzy /usr/bin/cmake --build /home/ws/build/quadruped_mpc -- -j20 -l20
