[0.009s] Invoking command in '/home/ws/build/quadruped': /usr/bin/cmake /home/ws/src/quadruped -DCMAKE_INSTALL_PREFIX=/home/ws/install/quadruped
[0.028s] -- Found ament_cmake: 2.5.2 (/opt/ros/jazzy/share/ament_cmake/cmake)
[0.068s] -- Found Python3: /usr/bin/python3 (found version "3.12.3") found components: Interpreter 
[0.139s] -- Override CMake install command with custom implementation using symlinks instead of copying resources
[0.144s] -- Found rclcpp: 28.1.5 (/opt/ros/jazzy/share/rclcpp/cmake)
[0.164s] -- Found rosidl_generator_c: 4.6.4 (/opt/ros/jazzy/share/rosidl_generator_c/cmake)
[0.170s] -- Found rosidl_generator_cpp: 4.6.4 (/opt/ros/jazzy/share/rosidl_generator_cpp/cmake)
[0.178s] -- Using all available rosidl_typesupport_c: rosidl_typesupport_fastrtps_c;rosidl_typesupport_introspection_c
[0.188s] -- Using all available rosidl_typesupport_cpp: rosidl_typesupport_fastrtps_cpp;rosidl_typesupport_introspection_cpp
[0.234s] -- Found rmw_implementation_cmake: 7.3.1 (/opt/ros/jazzy/share/rmw_implementation_cmake/cmake)
[0.235s] -- Found rmw_fastrtps_cpp: 8.4.1 (/opt/ros/jazzy/share/rmw_fastrtps_cpp/cmake)
[0.295s] -- Using RMW implementation 'rmw_fastrtps_cpp' as default
[0.351s] -- Found hardware_interface: 4.18.0 (/opt/ros/jazzy/share/hardware_interface/cmake)
[0.507s] -- Found controller_manager: 4.18.0 (/opt/ros/jazzy/share/controller_manager/cmake)
[0.555s] -- Found ros2_control: 4.18.0 (/opt/ros/jazzy/share/ros2_control/cmake)
[0.555s] -- Found ros_gz_sim: 1.0.5 (/opt/ros/jazzy/share/ros_gz_sim/cmake)
[0.557s] -- Looking for gz-sim8 -- found version 8.6.0
[0.561s] -- Searching for dependencies of gz-sim8
[0.562s] -- Looking for sdformat14 -- found version 14.5.0
[0.562s] -- Searching for dependencies of sdformat14
[0.567s] -- Checking for module 'tinyxml2'
[0.585s] --   Found tinyxml2, version 10.0.0
[0.676s] -- Looking for gz-math7 -- found version 7.5.0
[0.677s] -- Searching for dependencies of gz-math7
[0.678s] -- Looking for gz-utils2 -- found version 2.2.0
[0.678s] -- Searching for dependencies of gz-utils2
[0.683s] -- Looking for gz-utils2 -- found version 2.2.0
[0.684s] -- Searching for dependencies of gz-utils2
[0.684s] -- Searching for <gz-utils2> component [cli]
[0.686s] -- Looking for gz-utils2-cli -- found version 2.2.0
[0.686s] -- Searching for dependencies of gz-utils2-cli
[0.688s] -- Looking for gz-plugin2 -- found version 2.0.3
[0.689s] -- Searching for dependencies of gz-plugin2
[0.689s] -- Looking for gz-utils2 -- found version 2.2.0
[0.690s] -- Searching for <gz-plugin2> component [loader]
[0.690s] -- Looking for gz-plugin2-loader -- found version 2.0.3
[0.691s] -- Searching for dependencies of gz-plugin2-loader
[0.691s] -- Searching for <gz-plugin2> component [register]
[0.692s] -- Looking for gz-plugin2-register -- found version 2.0.3
[0.692s] -- Searching for dependencies of gz-plugin2-register
[0.693s] -- Looking for gz-transport13 -- found version 13.4.0
[0.694s] -- Searching for dependencies of gz-transport13
[0.735s] -- Config-file not installed for ZeroMQ -- checking for pkg-config
[0.739s] -- Checking for module 'libzmq >= 4'
[0.762s] --   Found libzmq, version 4.3.5
[0.845s] -- Checking for module 'uuid'
[0.873s] --   Found uuid, version 2.39.3
[0.932s] -- Looking for gz-utils2 -- found version 2.2.0
[0.932s] -- Looking for gz-msgs10 -- found version 10.3.0
[0.933s] -- Searching for dependencies of gz-msgs10
[0.957s] -- Looking for gz-utils2 -- found version 2.2.0
[0.957s] -- Looking for gz-math7 -- found version 7.5.0
[0.997s] -- Searching for <gz-transport13> component [log]
[0.997s] -- Looking for gz-transport13-log -- found version 13.4.0
[0.998s] -- Searching for dependencies of gz-transport13-log
[0.998s] -- Searching for <gz-transport13> component [parameters]
[0.999s] -- Looking for gz-transport13-parameters -- found version 13.4.0
[0.999s] -- Searching for dependencies of gz-transport13-parameters
[1.001s] -- Looking for gz-msgs10 -- found version 10.3.0
[1.001s] -- Looking for gz-common5 -- found version 5.6.0
[1.001s] -- Searching for dependencies of gz-common5
[1.002s] -- Looking for gz-utils2 -- found version 2.2.0
[1.002s] -- Looking for dlfcn.h - found
[1.002s] -- Looking for libdl - found
[1.014s] -- Searching for <gz-common5> component [av]
[1.014s] -- Looking for gz-common5-av -- found version 5.6.0
[1.015s] -- Searching for dependencies of gz-common5-av
[1.022s] -- Checking for module 'libswscale'
[1.051s] --   Found libswscale, version 7.5.100
[1.114s] -- Checking for module 'libavdevice >= 56.4.100'
[1.146s] --   Found libavdevice, version 60.3.100
[1.227s] -- Checking for module 'libavformat'
[1.254s] --   Found libavformat, version 60.16.100
[1.323s] -- Checking for module 'libavcodec'
[1.355s] --   Found libavcodec, version 60.31.102
[1.420s] -- Checking for module 'libavutil'
[1.449s] --   Found libavutil, version 58.29.100
[1.503s] -- Searching for <gz-common5> component [events]
[1.504s] -- Looking for gz-common5-events -- found version 5.6.0
[1.504s] -- Searching for dependencies of gz-common5-events
[1.505s] -- Looking for gz-math7 -- found version 7.5.0
[1.506s] -- Searching for <gz-common5> component [graphics]
[1.506s] -- Looking for gz-common5-graphics -- found version 5.6.0
[1.506s] -- Searching for dependencies of gz-common5-graphics
[1.507s] -- Looking for gz-math7 -- found version 7.5.0
[1.509s] -- Searching for <gz-common5> component [io]
[1.510s] -- Looking for gz-common5-io -- found version 5.6.0
[1.510s] -- Searching for dependencies of gz-common5-io
[1.511s] -- Searching for <gz-common5> component [profiler]
[1.511s] -- Looking for gz-common5-profiler -- found version 5.6.0
[1.512s] -- Searching for dependencies of gz-common5-profiler
[1.513s] -- Looking for gz-fuel_tools9 -- found version 9.1.0
[1.513s] -- Searching for dependencies of gz-fuel_tools9
[1.575s] -- Checking for module 'jsoncpp'
[1.598s] --   Found jsoncpp, version 1.9.5
[1.684s] -- Checking for module 'yaml-0.1'
[1.706s] --   Found yaml-0.1, version 0.2.5
[1.779s] -- Checking for module 'libzip'
[1.801s] --   Found libzip, version 1.7.3
[1.863s] -- Looking for gz-utils2 -- found version 2.2.0
[1.863s] -- Looking for gz-common5 -- found version 5.6.0
[1.864s] -- Searching for dependencies of gz-common5
[1.864s] -- Looking for gz-utils2 -- found version 2.2.0
[1.864s] -- Looking for dlfcn.h - found
[1.865s] -- Looking for libdl - found
[1.876s] -- Searching for <gz-common5> component [testing]
[1.877s] -- Looking for gz-common5-testing -- found version 5.6.0
[1.877s] -- Searching for dependencies of gz-common5-testing
[1.879s] -- Looking for gz-math7 -- found version 7.5.0
[1.880s] -- Looking for gz-msgs10 -- found version 10.3.0
[1.881s] -- Looking for gz-gui8 -- found version 8.3.0
[1.882s] -- Searching for dependencies of gz-gui8
[1.910s] -- Looking for gz-utils2 -- found version 2.2.0
[1.910s] -- Looking for gz-math7 -- found version 7.5.0
[1.910s] -- Looking for gz-common5 -- found version 5.6.0
[1.911s] -- Looking for gz-plugin2 -- found version 2.0.3
[1.911s] -- Looking for gz-transport13 -- found version 13.4.0
[1.911s] -- Looking for gz-rendering8 -- found version 8.2.0
[1.912s] -- Searching for dependencies of gz-rendering8
[1.912s] -- Looking for gz-math7 -- found version 7.5.0
[1.912s] -- Searching for dependencies of gz-math7
[1.912s] -- Looking for gz-utils2 -- found version 2.2.0
[1.913s] -- Searching for <gz-math7> component [eigen3]
[1.913s] -- Looking for gz-math7-eigen3 -- found version 7.5.0
[1.913s] -- Searching for dependencies of gz-math7-eigen3
[1.915s] -- Looking for gz-common5 -- found version 5.6.0
[1.915s] -- Searching for dependencies of gz-common5
[1.916s] -- Looking for gz-utils2 -- found version 2.2.0
[1.916s] -- Looking for dlfcn.h - found
[1.916s] -- Looking for libdl - found
[1.930s] -- Searching for <gz-common5> component [graphics]
[1.930s] -- Searching for <gz-common5> component [events]
[1.931s] -- Searching for <gz-common5> component [geospatial]
[1.931s] -- Looking for gz-common5-geospatial -- found version 5.6.0
[1.931s] -- Searching for dependencies of gz-common5-geospatial
[1.932s] -- Looking for gz-math7 -- found version 7.5.0
[1.933s] -- Looking for gz-common5 -- found version 5.6.0
[1.935s] -- Looking for gz-plugin2 -- found version 2.0.3
[1.935s] -- Searching for dependencies of gz-plugin2
[1.936s] -- Looking for gz-utils2 -- found version 2.2.0
[1.936s] -- Searching for <gz-plugin2> component [all]
[1.937s] -- Looking for all libraries of gz-plugin2 -- found version 2.0.3
[1.938s] -- Looking for gz-plugin2 -- found version 2.0.3
[1.940s] -- Looking for gz-utils2 -- found version 2.2.0
[1.947s] -- Looking for gz-msgs10 -- found version 10.3.0
[1.961s] -- Looking for gz-physics7 -- found version 7.3.0
[1.961s] -- Searching for dependencies of gz-physics7
[1.961s] -- Looking for gz-common5 -- found version 5.6.0
[1.962s] -- Looking for gz-math7 -- found version 7.5.0
[1.962s] -- Looking for gz-plugin2 -- found version 2.0.3
[1.962s] -- Looking for gz-utils2 -- found version 2.2.0
[1.963s] -- Searching for <gz-physics7> component [heightmap]
[1.963s] -- Looking for gz-physics7-heightmap -- found version 7.3.0
[1.963s] -- Searching for dependencies of gz-physics7-heightmap
[1.964s] -- Looking for gz-common5 -- found version 5.6.0
[1.964s] -- Searching for <gz-physics7> component [mesh]
[1.964s] -- Looking for gz-physics7-mesh -- found version 7.3.0
[1.964s] -- Searching for dependencies of gz-physics7-mesh
[1.965s] -- Looking for gz-common5 -- found version 5.6.0
[1.965s] -- Searching for <gz-physics7> component [sdf]
[1.965s] -- Looking for gz-physics7-sdf -- found version 7.3.0
[1.965s] -- Searching for dependencies of gz-physics7-sdf
[1.966s] -- Looking for sdformat14 -- found version 14.5.0
[1.967s] -- Looking for gz-sensors8 -- found version 8.2.0
[1.967s] -- Searching for dependencies of gz-sensors8
[1.986s] -- Looking for gz-math7 -- found version 7.5.0
[1.986s] -- Looking for gz-common5 -- found version 5.6.0
[1.986s] -- Looking for gz-transport13 -- found version 13.4.0
[1.987s] -- Looking for gz-rendering8 -- found version 8.2.0
[1.987s] -- Looking for gz-msgs10 -- found version 10.3.0
[1.987s] -- Looking for sdformat14 -- found version 14.5.0
[1.988s] -- Searching for <gz-sensors8> component [air_pressure]
[1.988s] -- Looking for gz-sensors8-air_pressure -- found version 8.2.0
[1.988s] -- Searching for dependencies of gz-sensors8-air_pressure
[1.988s] -- Searching for <gz-sensors8> component [air_speed]
[1.989s] -- Looking for gz-sensors8-air_speed -- found version 8.2.0
[1.989s] -- Searching for dependencies of gz-sensors8-air_speed
[1.989s] -- Searching for <gz-sensors8> component [altimeter]
[1.989s] -- Looking for gz-sensors8-altimeter -- found version 8.2.0
[1.990s] -- Searching for dependencies of gz-sensors8-altimeter
[1.990s] -- Searching for <gz-sensors8> component [imu]
[1.990s] -- Looking for gz-sensors8-imu -- found version 8.2.0
[1.990s] -- Searching for dependencies of gz-sensors8-imu
[1.991s] -- Searching for <gz-sensors8> component [force_torque]
[1.991s] -- Looking for gz-sensors8-force_torque -- found version 8.2.0
[1.991s] -- Searching for dependencies of gz-sensors8-force_torque
[1.991s] -- Searching for <gz-sensors8> component [logical_camera]
[1.992s] -- Looking for gz-sensors8-logical_camera -- found version 8.2.0
[1.992s] -- Searching for dependencies of gz-sensors8-logical_camera
[1.992s] -- Searching for <gz-sensors8> component [magnetometer]
[1.992s] -- Looking for gz-sensors8-magnetometer -- found version 8.2.0
[1.993s] -- Searching for dependencies of gz-sensors8-magnetometer
[1.993s] -- Searching for <gz-sensors8> component [navsat]
[1.993s] -- Looking for gz-sensors8-navsat -- found version 8.2.0
[1.994s] -- Searching for dependencies of gz-sensors8-navsat
[1.994s] -- Searching for <gz-sensors8> component [dvl]
[1.994s] -- Looking for gz-sensors8-dvl -- found version 8.2.0
[1.994s] -- Searching for dependencies of gz-sensors8-dvl
[1.995s] -- Looking for gz-sensors8 -- found version 8.2.0
[1.995s] -- Searching for dependencies of gz-sensors8
[2.013s] -- Looking for gz-math7 -- found version 7.5.0
[2.013s] -- Looking for gz-common5 -- found version 5.6.0
[2.013s] -- Looking for gz-transport13 -- found version 13.4.0
[2.013s] -- Looking for gz-rendering8 -- found version 8.2.0
[2.014s] -- Looking for gz-msgs10 -- found version 10.3.0
[2.014s] -- Looking for sdformat14 -- found version 14.5.0
[2.014s] -- Searching for <gz-sensors8> component [rendering]
[2.015s] -- Looking for gz-sensors8-rendering -- found version 8.2.0
[2.015s] -- Searching for dependencies of gz-sensors8-rendering
[2.016s] -- Searching for <gz-sensors8> component [rendering]
[2.016s] -- Searching for <gz-sensors8> component [lidar]
[2.017s] -- Looking for gz-sensors8-lidar -- found version 8.2.0
[2.017s] -- Searching for dependencies of gz-sensors8-lidar
[2.018s] -- Looking for gz-sensors8 -- found version 8.2.0
[2.018s] -- Searching for <gz-sensors8> component [gpu_lidar]
[2.018s] -- Looking for gz-sensors8-gpu_lidar -- found version 8.2.0
[2.019s] -- Searching for dependencies of gz-sensors8-gpu_lidar
[2.019s] -- Looking for gz-sensors8 -- found version 8.2.0
[2.019s] -- Searching for <gz-sensors8> component [camera]
[2.020s] -- Looking for gz-sensors8-camera -- found version 8.2.0
[2.020s] -- Searching for dependencies of gz-sensors8-camera
[2.020s] -- Looking for gz-sensors8 -- found version 8.2.0
[2.021s] -- Searching for <gz-sensors8> component [boundingbox_camera]
[2.021s] -- Looking for gz-sensors8-boundingbox_camera -- found version 8.2.0
[2.021s] -- Searching for dependencies of gz-sensors8-boundingbox_camera
[2.022s] -- Searching for <gz-sensors8> component [segmentation_camera]
[2.022s] -- Looking for gz-sensors8-segmentation_camera -- found version 8.2.0
[2.022s] -- Searching for dependencies of gz-sensors8-segmentation_camera
[2.023s] -- Searching for <gz-sensors8> component [depth_camera]
[2.023s] -- Looking for gz-sensors8-depth_camera -- found version 8.2.0
[2.023s] -- Searching for dependencies of gz-sensors8-depth_camera
[2.024s] -- Looking for gz-sensors8 -- found version 8.2.0
[2.024s] -- Searching for <gz-sensors8> component [rgbd_camera]
[2.024s] -- Looking for gz-sensors8-rgbd_camera -- found version 8.2.0
[2.024s] -- Searching for dependencies of gz-sensors8-rgbd_camera
[2.025s] -- Looking for gz-sensors8 -- found version 8.2.0
[2.025s] -- Searching for <gz-sensors8> component [thermal_camera]
[2.025s] -- Looking for gz-sensors8-thermal_camera -- found version 8.2.0
[2.025s] -- Searching for dependencies of gz-sensors8-thermal_camera
[2.026s] -- Looking for gz-sensors8 -- found version 8.2.0
[2.026s] -- Searching for <gz-sensors8> component [wide_angle_camera]
[2.026s] -- Looking for gz-sensors8-wide_angle_camera -- found version 8.2.0
[2.027s] -- Searching for dependencies of gz-sensors8-wide_angle_camera
[2.027s] -- Looking for gz-rendering8 -- found version 8.2.0
[2.028s] -- Looking for gz-math7 -- found version 7.5.0
[2.028s] -- Looking for gz-utils2 -- found version 2.2.0
[2.046s] -- Looking for gz-plugin2 -- found version 2.0.3
[2.046s] -- Found rosidl_default_generators: 1.6.0 (/opt/ros/jazzy/share/rosidl_default_generators/cmake)
[2.052s] -- Found rosidl_adapter: 4.6.4 (/opt/ros/jazzy/share/rosidl_adapter/cmake)
[2.053s] -- Found rclcpp_components: 28.1.5 (/opt/ros/jazzy/share/rclcpp_components/cmake)
[2.073s] -- pinocchio not FOUND.
[2.074s] -- boost_filesystem FOUND. boost_filesystem at /lib/x86_64-linux-gnu/libboost_filesystem.so
[2.074s] -- boost_serialization FOUND. boost_serialization at /lib/x86_64-linux-gnu/libboost_serialization.so
[2.074s] -- boost_system FOUND. boost_system at /lib/x86_64-linux-gnu/libboost_system.so
[2.080s] -- Found Boost: /usr/include (found version "1.83.0") found components: filesystem serialization system 
[2.081s] -- eigenpy not FOUND.
[2.102s] -- Checking for NumPy
[2.320s] --   NUMPY_INCLUDE_DIRS=/usr/lib/python3/dist-packages/numpy/core/include
[2.423s] --   NUMPY_VERSION=1.26.4
[2.693s] -- Found Python3: /usr/bin/python3 (found version "3.12.3") found components: Interpreter Development.Module NumPy 
[2.694s] -- PythonLibraryDirs: 
[2.694s] -- PythonLibVersionString: 3.12.3
[2.741s] -- Python site lib: lib/python3.12/dist-packages
[2.741s] -- Python include dirs: /usr/include/python3.12
[2.790s] -- Checking for NumPy
[2.899s] --   NUMPY_INCLUDE_DIRS=/usr/lib/python3/dist-packages/numpy/core/include
[2.995s] --   NUMPY_VERSION=1.26.4
[2.995s] -- NumPy include dir: /usr/lib/python3/dist-packages/numpy/core/include
[3.000s] -- Found Boost: /usr/include (found version "1.83.0") found components: python312 
[3.000s] -- Boost_PYTHON_LIBRARY: /usr/lib/x86_64-linux-gnu/libboost_python312.so
[3.337s] -- Default C++ standard: 201703
[3.337s] -- C++ standard sufficient: Minimal required 14, currently defined: 17
[3.338s] -- CMAKE_CXX_STANDARD was not set: automatically set to currently defined standard 17
[3.338s] -- C++ standard sufficient: Minimal required 14, currently defined: 17
[3.361s] -- Found Python3: /usr/bin/python3 (found version "3.12.3") found components: Interpreter 
[3.481s] Error parsing '/home/ws/src/quadruped/package.xml':
[3.481s] Traceback (most recent call last):
[3.481s]   File "/opt/ros/jazzy/share/ament_cmake_core/cmake/core/package_xml_2_cmake.py", line 150, in <module>
[3.481s]     main()
[3.481s]   File "/opt/ros/jazzy/share/ament_cmake_core/cmake/core/package_xml_2_cmake.py", line 53, in main
[3.481s]     raise e
[3.481s]   File "/opt/ros/jazzy/share/ament_cmake_core/cmake/core/package_xml_2_cmake.py", line 49, in main
[3.481s]     package = parse_package_string(
[3.481s]               ^^^^^^^^^^^^^^^^^^^^^
[3.481s]   File "/usr/lib/python3/dist-packages/catkin_pkg/package.py", line 719, in parse_package_string
[3.482s]     export_node = _get_optional_node(root, 'export', filename)
[3.482s]                   ^^^^^^^^^^^^^^^^^^^^^^^^^^^^^^^^^^^^^^^^^^^^
[3.482s]   File "/usr/lib/python3/dist-packages/catkin_pkg/package.py", line 807, in _get_optional_node
[3.482s]     raise InvalidPackage('The manifest must not contain more than one "%s" tags' % tagname, filename)
[3.482s] catkin_pkg.package.InvalidPackage: Error(s) in package '/home/ws/src/quadruped/package.xml':
[3.482s] The manifest must not contain more than one "export" tags
[3.492s] [31mCMake Error at /opt/ros/jazzy/share/ament_cmake_core/cmake/core/ament_package_xml.cmake:95 (message):
[3.493s]   execute_process(/usr/bin/python3
[3.493s]   /opt/ros/jazzy/share/ament_cmake_core/cmake/core/package_xml_2_cmake.py
[3.493s]   /home/ws/src/quadruped/package.xml
[3.493s]   /home/ws/build/quadruped/ament_cmake_core/package.cmake) returned error
[3.493s]   code 1
[3.493s] Call Stack (most recent call first):
[3.493s]   /opt/ros/jazzy/share/ament_cmake_core/cmake/core/ament_package_xml.cmake:49 (_ament_package_xml)
[3.493s]   /opt/ros/jazzy/share/rosidl_cmake/cmake/rosidl_generate_interfaces.cmake:220 (ament_package_xml)
[3.493s]   CMakeLists.txt:24 (rosidl_generate_interfaces)
[3.493s] 
[3.493s] [0m
[3.493s] -- Configuring incomplete, errors occurred!
[3.510s] Invoked command in '/home/ws/build/quadruped' returned '1': /usr/bin/cmake /home/ws/src/quadruped -DCMAKE_INSTALL_PREFIX=/home/ws/install/quadruped
