[  2%] Built target quadruped__rosidl_generator_type_description
[  2%] Built target ament_cmake_python_symlink_quadruped
[  5%] Built target quadruped__cpp
[ 17%] Built target quadruped__rosidl_generator_c
[ 20%] [32mBuilding CXX object CMakeFiles/quadruped_lib.dir/src/balance_controller.cpp.o[0m
[ 28%] Built target quadruped__rosidl_typesupport_cpp
[ 35%] Built target quadruped__rosidl_typesupport_introspection_cpp
[ 43%] Built target quadruped__rosidl_typesupport_c
[ 56%] Built target quadruped__rosidl_typesupport_introspection_c
[ 58%] Built target quadruped__rosidl_typesupport_fastrtps_cpp
[ 66%] Built target quadruped__rosidl_typesupport_fastrtps_c
[ 66%] Built target quadruped
[ 69%] Built target quadruped__py
[ 74%] Built target quadruped__rosidl_generator_py
[ 79%] Built target quadruped_s__rosidl_typesupport_fastrtps_c
[ 84%] Built target quadruped_s__rosidl_typesupport_c
[ 89%] Built target quadruped_s__rosidl_typesupport_introspection_c
running egg_info
writing quadruped.egg-info/PKG-INFO
writing dependency_links to quadruped.egg-info/dependency_links.txt
writing top-level names to quadruped.egg-info/top_level.txt
reading manifest file 'quadruped.egg-info/SOURCES.txt'
writing manifest file 'quadruped.egg-info/SOURCES.txt'
[ 89%] Built target ament_cmake_python_build_quadruped_egg
[01m[K/home/ws/src/quadruped/src/balance_controller.cpp:133:6:[m[K [01;31m[Kerror: [m[Kno declaration matches ‘[01m[Kvoid balance_controller::BalanceController::[01;32m[Kread_state_interfaces[m[K()[m[K’
  133 | void [01;31m[KBalanceController[m[K::read_state_interfaces()
      |      [01;31m[K^~~~~~~~~~~~~~~~~[m[K
[01m[K/home/ws/src/quadruped/src/balance_controller.cpp:133:6:[m[K [01;36m[Knote: [m[Kno functions named ‘[01m[Kvoid balance_controller::BalanceController::[01;32m[Kread_state_interfaces[m[K()[m[K’
In file included from [01m[K/home/ws/src/quadruped/src/balance_controller.cpp:1[m[K:
[01m[K/home/ws/src/quadruped/include/quadruped/balance_controller.hpp:24:7:[m[K [01;36m[Knote: [m[K‘[01m[Kclass balance_controller::BalanceController[m[K’ defined here
   24 | class [01;36m[KBalanceController[m[K : public controller_interface::ControllerInterface
      |       [01;36m[K^~~~~~~~~~~~~~~~~[m[K
gmake[2]: *** [CMakeFiles/quadruped_lib.dir/build.make:76: CMakeFiles/quadruped_lib.dir/src/balance_controller.cpp.o] Error 1
gmake[1]: *** [CMakeFiles/Makefile2:623: CMakeFiles/quadruped_lib.dir/all] Error 2
gmake: *** [Makefile:146: all] Error 2
