[0.014s] Invoking command in '/home/ws/build/quadruped': CMAKE_PREFIX_PATH=${CMAKE_PREFIX_PATH}:/home/ws/install/quadruped_simulation:/home/ws/install/quadruped_controllers:/opt/ros/jazzy /usr/bin/cmake --build /home/ws/build/quadruped -- -j20 -l20
[0.099s] [  2%] Built target quadruped__rosidl_generator_type_description
[0.119s] [  2%] Built target ament_cmake_python_symlink_quadruped
[0.136s] [  5%] Built target quadruped__cpp
[0.137s] [ 17%] Built target quadruped__rosidl_generator_c
[0.188s] [ 20%] [32mBuilding CXX object CMakeFiles/quadruped_lib.dir/src/balance_controller.cpp.o[0m
[0.189s] [ 28%] Built target quadruped__rosidl_typesupport_cpp
[0.190s] [ 35%] Built target quadruped__rosidl_typesupport_introspection_cpp
[0.192s] [ 43%] Built target quadruped__rosidl_typesupport_c
[0.195s] [ 56%] Built target quadruped__rosidl_typesupport_introspection_c
[0.195s] [ 58%] Built target quadruped__rosidl_typesupport_fastrtps_cpp
[0.196s] [ 66%] Built target quadruped__rosidl_typesupport_fastrtps_c
[0.219s] [ 66%] Built target quadruped
[0.242s] [ 69%] Built target quadruped__py
[0.271s] [ 74%] Built target quadruped__rosidl_generator_py
[0.291s] [ 79%] Built target quadruped_s__rosidl_typesupport_fastrtps_c
[0.292s] [ 84%] Built target quadruped_s__rosidl_typesupport_c
[0.295s] [ 89%] Built target quadruped_s__rosidl_typesupport_introspection_c
[0.309s] running egg_info
[0.320s] writing quadruped.egg-info/PKG-INFO
[0.320s] writing dependency_links to quadruped.egg-info/dependency_links.txt
[0.320s] writing top-level names to quadruped.egg-info/top_level.txt
[0.347s] reading manifest file 'quadruped.egg-info/SOURCES.txt'
[0.347s] writing manifest file 'quadruped.egg-info/SOURCES.txt'
[0.373s] [ 89%] Built target ament_cmake_python_build_quadruped_egg
[5.645s] [01m[K/home/ws/src/quadruped/src/balance_controller.cpp:133:6:[m[K [01;31m[Kerror: [m[Kno declaration matches ‘[01m[Kvoid balance_controller::BalanceController::[01;32m[Kread_state_interfaces[m[K()[m[K’
[5.645s]   133 | void [01;31m[KBalanceController[m[K::read_state_interfaces()
[5.646s]       |      [01;31m[K^~~~~~~~~~~~~~~~~[m[K
[5.646s] [01m[K/home/ws/src/quadruped/src/balance_controller.cpp:133:6:[m[K [01;36m[Knote: [m[Kno functions named ‘[01m[Kvoid balance_controller::BalanceController::[01;32m[Kread_state_interfaces[m[K()[m[K’
[5.646s] In file included from [01m[K/home/ws/src/quadruped/src/balance_controller.cpp:1[m[K:
[5.646s] [01m[K/home/ws/src/quadruped/include/quadruped/balance_controller.hpp:24:7:[m[K [01;36m[Knote: [m[K‘[01m[Kclass balance_controller::BalanceController[m[K’ defined here
[5.646s]    24 | class [01;36m[KBalanceController[m[K : public controller_interface::ControllerInterface
[5.646s]       |       [01;36m[K^~~~~~~~~~~~~~~~~[m[K
[10.707s] gmake[2]: *** [CMakeFiles/quadruped_lib.dir/build.make:76: CMakeFiles/quadruped_lib.dir/src/balance_controller.cpp.o] Error 1
[10.707s] gmake[1]: *** [CMakeFiles/Makefile2:623: CMakeFiles/quadruped_lib.dir/all] Error 2
[10.707s] gmake: *** [Makefile:146: all] Error 2
[10.709s] Invoked command in '/home/ws/build/quadruped' returned '2': CMAKE_PREFIX_PATH=${CMAKE_PREFIX_PATH}:/home/ws/install/quadruped_simulation:/home/ws/install/quadruped_controllers:/opt/ros/jazzy /usr/bin/cmake --build /home/ws/build/quadruped -- -j20 -l20
