[0.010s] Invoking command in '/home/ws/build/quadruped': CMAKE_PREFIX_PATH=${CMAKE_PREFIX_PATH}:/opt/ros/jazzy /usr/bin/cmake --build /home/ws/build/quadruped -- -j20 -l20
[0.047s] -- Found ament_cmake: 2.5.2 (/opt/ros/jazzy/share/ament_cmake/cmake)
[0.077s] -- Found Python3: /usr/bin/python3 (found version "3.12.3") found components: Interpreter 
[0.142s] -- Override CMake install command with custom implementation using symlinks instead of copying resources
[0.147s] -- Found rclcpp: 28.1.5 (/opt/ros/jazzy/share/rclcpp/cmake)
[0.166s] -- Found rosidl_generator_c: 4.6.4 (/opt/ros/jazzy/share/rosidl_generator_c/cmake)
[0.172s] -- Found rosidl_generator_cpp: 4.6.4 (/opt/ros/jazzy/share/rosidl_generator_cpp/cmake)
[0.181s] -- Using all available rosidl_typesupport_c: rosidl_typesupport_fastrtps_c;rosidl_typesupport_introspection_c
[0.190s] -- Using all available rosidl_typesupport_cpp: rosidl_typesupport_fastrtps_cpp;rosidl_typesupport_introspection_cpp
[0.241s] -- Found rmw_implementation_cmake: 7.3.1 (/opt/ros/jazzy/share/rmw_implementation_cmake/cmake)
[0.242s] -- Found rmw_fastrtps_cpp: 8.4.1 (/opt/ros/jazzy/share/rmw_fastrtps_cpp/cmake)
[0.301s] -- Using RMW implementation 'rmw_fastrtps_cpp' as default
[0.350s] -- Found hardware_interface: 4.18.0 (/opt/ros/jazzy/share/hardware_interface/cmake)
[0.508s] -- Found controller_interface: 4.18.0 (/opt/ros/jazzy/share/controller_interface/cmake)
[0.509s] -- Found controller_manager: 4.18.0 (/opt/ros/jazzy/share/controller_manager/cmake)
[0.557s] -- Found ros2_control: 4.18.0 (/opt/ros/jazzy/share/ros2_control/cmake)
[0.557s] -- Found ros_gz_sim: 1.0.5 (/opt/ros/jazzy/share/ros_gz_sim/cmake)
[0.559s] -- Looking for gz-sim8 -- found version 8.6.0
[0.563s] -- Searching for dependencies of gz-sim8
[0.564s] -- Looking for sdformat14 -- found version 14.5.0
[0.564s] -- Searching for dependencies of sdformat14
[0.569s] -- Checking for module 'tinyxml2'
[0.586s] --   Found tinyxml2, version 10.0.0
[0.662s] -- Looking for gz-math7 -- found version 7.5.0
[0.662s] -- Searching for dependencies of gz-math7
[0.663s] -- Looking for gz-utils2 -- found version 2.2.0
[0.663s] -- Searching for dependencies of gz-utils2
[0.666s] -- Looking for gz-utils2 -- found version 2.2.0
[0.667s] -- Searching for dependencies of gz-utils2
[0.667s] -- Searching for <gz-utils2> component [cli]
[0.668s] -- Looking for gz-utils2-cli -- found version 2.2.0
[0.669s] -- Searching for dependencies of gz-utils2-cli
[0.673s] -- Looking for gz-plugin2 -- found version 2.0.3
[0.673s] -- Searching for dependencies of gz-plugin2
[0.673s] -- Looking for gz-utils2 -- found version 2.2.0
[0.674s] -- Searching for <gz-plugin2> component [loader]
[0.675s] -- Looking for gz-plugin2-loader -- found version 2.0.3
[0.675s] -- Searching for dependencies of gz-plugin2-loader
[0.676s] -- Searching for <gz-plugin2> component [register]
[0.677s] -- Looking for gz-plugin2-register -- found version 2.0.3
[0.677s] -- Searching for dependencies of gz-plugin2-register
[0.678s] -- Looking for gz-transport13 -- found version 13.4.0
[0.678s] -- Searching for dependencies of gz-transport13
[0.711s] -- Config-file not installed for ZeroMQ -- checking for pkg-config
[0.718s] -- Checking for module 'libzmq >= 4'
[0.754s] --   Found libzmq, version 4.3.5
[0.827s] -- Checking for module 'uuid'
[0.853s] --   Found uuid, version 2.39.3
[0.907s] -- Looking for gz-utils2 -- found version 2.2.0
[0.908s] -- Looking for gz-msgs10 -- found version 10.3.0
[0.908s] -- Searching for dependencies of gz-msgs10
[0.944s] -- Looking for gz-utils2 -- found version 2.2.0
[0.945s] -- Looking for gz-math7 -- found version 7.5.0
[0.983s] -- Searching for <gz-transport13> component [log]
[0.983s] -- Looking for gz-transport13-log -- found version 13.4.0
[0.984s] -- Searching for dependencies of gz-transport13-log
[0.985s] -- Searching for <gz-transport13> component [parameters]
[0.985s] -- Looking for gz-transport13-parameters -- found version 13.4.0
[0.985s] -- Searching for dependencies of gz-transport13-parameters
[0.987s] -- Looking for gz-msgs10 -- found version 10.3.0
[0.987s] -- Looking for gz-common5 -- found version 5.6.0
[0.987s] -- Searching for dependencies of gz-common5
[0.988s] -- Looking for gz-utils2 -- found version 2.2.0
[0.988s] -- Looking for dlfcn.h - found
[0.988s] -- Looking for libdl - found
[1.001s] -- Searching for <gz-common5> component [av]
[1.002s] -- Looking for gz-common5-av -- found version 5.6.0
[1.002s] -- Searching for dependencies of gz-common5-av
[1.010s] -- Checking for module 'libswscale'
[1.030s] --   Found libswscale, version 7.5.100
[1.082s] -- Checking for module 'libavdevice >= 56.4.100'
[1.108s] --   Found libavdevice, version 60.3.100
[1.189s] -- Checking for module 'libavformat'
[1.216s] --   Found libavformat, version 60.16.100
[1.295s] -- Checking for module 'libavcodec'
[1.320s] --   Found libavcodec, version 60.31.102
[1.391s] -- Checking for module 'libavutil'
[1.424s] --   Found libavutil, version 58.29.100
[1.488s] -- Searching for <gz-common5> component [events]
[1.489s] -- Looking for gz-common5-events -- found version 5.6.0
[1.489s] -- Searching for dependencies of gz-common5-events
[1.490s] -- Looking for gz-math7 -- found version 7.5.0
[1.491s] -- Searching for <gz-common5> component [graphics]
[1.491s] -- Looking for gz-common5-graphics -- found version 5.6.0
[1.492s] -- Searching for dependencies of gz-common5-graphics
[1.492s] -- Looking for gz-math7 -- found version 7.5.0
[1.496s] -- Searching for <gz-common5> component [io]
[1.497s] -- Looking for gz-common5-io -- found version 5.6.0
[1.497s] -- Searching for dependencies of gz-common5-io
[1.498s] -- Searching for <gz-common5> component [profiler]
[1.499s] -- Looking for gz-common5-profiler -- found version 5.6.0
[1.499s] -- Searching for dependencies of gz-common5-profiler
[1.500s] -- Looking for gz-fuel_tools9 -- found version 9.1.0
[1.501s] -- Searching for dependencies of gz-fuel_tools9
[1.550s] -- Checking for module 'jsoncpp'
[1.580s] --   Found jsoncpp, version 1.9.5
[1.662s] -- Checking for module 'yaml-0.1'
[1.692s] --   Found yaml-0.1, version 0.2.5
[1.787s] -- Checking for module 'libzip'
[1.821s] --   Found libzip, version 1.7.3
[1.909s] -- Looking for gz-utils2 -- found version 2.2.0
[1.910s] -- Looking for gz-common5 -- found version 5.6.0
[1.911s] -- Searching for dependencies of gz-common5
[1.911s] -- Looking for gz-utils2 -- found version 2.2.0
[1.912s] -- Looking for dlfcn.h - found
[1.912s] -- Looking for libdl - found
[1.927s] -- Searching for <gz-common5> component [testing]
[1.928s] -- Looking for gz-common5-testing -- found version 5.6.0
[1.928s] -- Searching for dependencies of gz-common5-testing
[1.930s] -- Looking for gz-math7 -- found version 7.5.0
[1.930s] -- Looking for gz-msgs10 -- found version 10.3.0
[1.932s] -- Looking for gz-gui8 -- found version 8.3.0
[1.932s] -- Searching for dependencies of gz-gui8
[1.965s] -- Looking for gz-utils2 -- found version 2.2.0
[1.965s] -- Looking for gz-math7 -- found version 7.5.0
[1.965s] -- Looking for gz-common5 -- found version 5.6.0
[1.966s] -- Looking for gz-plugin2 -- found version 2.0.3
[1.966s] -- Looking for gz-transport13 -- found version 13.4.0
[1.966s] -- Looking for gz-rendering8 -- found version 8.2.0
[1.966s] -- Searching for dependencies of gz-rendering8
[1.967s] -- Looking for gz-math7 -- found version 7.5.0
[1.967s] -- Searching for dependencies of gz-math7
[1.967s] -- Looking for gz-utils2 -- found version 2.2.0
[1.967s] -- Searching for <gz-math7> component [eigen3]
[1.968s] -- Looking for gz-math7-eigen3 -- found version 7.5.0
[1.968s] -- Searching for dependencies of gz-math7-eigen3
[1.970s] -- Looking for gz-common5 -- found version 5.6.0
[1.971s] -- Searching for dependencies of gz-common5
[1.971s] -- Looking for gz-utils2 -- found version 2.2.0
[1.971s] -- Looking for dlfcn.h - found
[1.971s] -- Looking for libdl - found
[1.987s] -- Searching for <gz-common5> component [graphics]
[1.987s] -- Searching for <gz-common5> component [events]
[1.987s] -- Searching for <gz-common5> component [geospatial]
[1.988s] -- Looking for gz-common5-geospatial -- found version 5.6.0
[1.988s] -- Searching for dependencies of gz-common5-geospatial
[1.989s] -- Looking for gz-math7 -- found version 7.5.0
[1.990s] -- Looking for gz-common5 -- found version 5.6.0
[1.993s] -- Looking for gz-plugin2 -- found version 2.0.3
[1.994s] -- Searching for dependencies of gz-plugin2
[1.995s] -- Looking for gz-utils2 -- found version 2.2.0
[1.995s] -- Searching for <gz-plugin2> component [all]
[1.996s] -- Looking for all libraries of gz-plugin2 -- found version 2.0.3
[1.997s] -- Looking for gz-plugin2 -- found version 2.0.3
[1.999s] -- Looking for gz-utils2 -- found version 2.2.0
[2.005s] -- Looking for gz-msgs10 -- found version 10.3.0
[2.027s] -- Looking for gz-physics7 -- found version 7.3.0
[2.027s] -- Searching for dependencies of gz-physics7
[2.027s] -- Looking for gz-common5 -- found version 5.6.0
[2.028s] -- Looking for gz-math7 -- found version 7.5.0
[2.028s] -- Looking for gz-plugin2 -- found version 2.0.3
[2.028s] -- Looking for gz-utils2 -- found version 2.2.0
[2.030s] -- Searching for <gz-physics7> component [heightmap]
[2.030s] -- Looking for gz-physics7-heightmap -- found version 7.3.0
[2.030s] -- Searching for dependencies of gz-physics7-heightmap
[2.030s] -- Looking for gz-common5 -- found version 5.6.0
[2.031s] -- Searching for <gz-physics7> component [mesh]
[2.031s] -- Looking for gz-physics7-mesh -- found version 7.3.0
[2.031s] -- Searching for dependencies of gz-physics7-mesh
[2.031s] -- Looking for gz-common5 -- found version 5.6.0
[2.032s] -- Searching for <gz-physics7> component [sdf]
[2.032s] -- Looking for gz-physics7-sdf -- found version 7.3.0
[2.032s] -- Searching for dependencies of gz-physics7-sdf
[2.032s] -- Looking for sdformat14 -- found version 14.5.0
[2.033s] -- Looking for gz-sensors8 -- found version 8.2.0
[2.033s] -- Searching for dependencies of gz-sensors8
[2.053s] -- Looking for gz-math7 -- found version 7.5.0
[2.053s] -- Looking for gz-common5 -- found version 5.6.0
[2.053s] -- Looking for gz-transport13 -- found version 13.4.0
[2.054s] -- Looking for gz-rendering8 -- found version 8.2.0
[2.054s] -- Looking for gz-msgs10 -- found version 10.3.0
[2.054s] -- Looking for sdformat14 -- found version 14.5.0
[2.055s] -- Searching for <gz-sensors8> component [air_pressure]
[2.056s] -- Looking for gz-sensors8-air_pressure -- found version 8.2.0
[2.056s] -- Searching for dependencies of gz-sensors8-air_pressure
[2.056s] -- Searching for <gz-sensors8> component [air_speed]
[2.057s] -- Looking for gz-sensors8-air_speed -- found version 8.2.0
[2.057s] -- Searching for dependencies of gz-sensors8-air_speed
[2.058s] -- Searching for <gz-sensors8> component [altimeter]
[2.058s] -- Looking for gz-sensors8-altimeter -- found version 8.2.0
[2.059s] -- Searching for dependencies of gz-sensors8-altimeter
[2.059s] -- Searching for <gz-sensors8> component [imu]
[2.060s] -- Looking for gz-sensors8-imu -- found version 8.2.0
[2.060s] -- Searching for dependencies of gz-sensors8-imu
[2.061s] -- Searching for <gz-sensors8> component [force_torque]
[2.062s] -- Looking for gz-sensors8-force_torque -- found version 8.2.0
[2.062s] -- Searching for dependencies of gz-sensors8-force_torque
[2.063s] -- Searching for <gz-sensors8> component [logical_camera]
[2.063s] -- Looking for gz-sensors8-logical_camera -- found version 8.2.0
[2.063s] -- Searching for dependencies of gz-sensors8-logical_camera
[2.064s] -- Searching for <gz-sensors8> component [magnetometer]
[2.065s] -- Looking for gz-sensors8-magnetometer -- found version 8.2.0
[2.065s] -- Searching for dependencies of gz-sensors8-magnetometer
[2.066s] -- Searching for <gz-sensors8> component [navsat]
[2.067s] -- Looking for gz-sensors8-navsat -- found version 8.2.0
[2.067s] -- Searching for dependencies of gz-sensors8-navsat
[2.067s] -- Searching for <gz-sensors8> component [dvl]
[2.067s] -- Looking for gz-sensors8-dvl -- found version 8.2.0
[2.067s] -- Searching for dependencies of gz-sensors8-dvl
[2.068s] -- Looking for gz-sensors8 -- found version 8.2.0
[2.068s] -- Searching for dependencies of gz-sensors8
[2.093s] -- Looking for gz-math7 -- found version 7.5.0
[2.093s] -- Looking for gz-common5 -- found version 5.6.0
[2.093s] -- Looking for gz-transport13 -- found version 13.4.0
[2.094s] -- Looking for gz-rendering8 -- found version 8.2.0
[2.094s] -- Looking for gz-msgs10 -- found version 10.3.0
[2.095s] -- Looking for sdformat14 -- found version 14.5.0
[2.095s] -- Searching for <gz-sensors8> component [rendering]
[2.095s] -- Looking for gz-sensors8-rendering -- found version 8.2.0
[2.095s] -- Searching for dependencies of gz-sensors8-rendering
[2.097s] -- Searching for <gz-sensors8> component [rendering]
[2.097s] -- Searching for <gz-sensors8> component [lidar]
[2.098s] -- Looking for gz-sensors8-lidar -- found version 8.2.0
[2.098s] -- Searching for dependencies of gz-sensors8-lidar
[2.098s] -- Looking for gz-sensors8 -- found version 8.2.0
[2.099s] -- Searching for <gz-sensors8> component [gpu_lidar]
[2.099s] -- Looking for gz-sensors8-gpu_lidar -- found version 8.2.0
[2.099s] -- Searching for dependencies of gz-sensors8-gpu_lidar
[2.099s] -- Looking for gz-sensors8 -- found version 8.2.0
[2.100s] -- Searching for <gz-sensors8> component [camera]
[2.100s] -- Looking for gz-sensors8-camera -- found version 8.2.0
[2.100s] -- Searching for dependencies of gz-sensors8-camera
[2.101s] -- Looking for gz-sensors8 -- found version 8.2.0
[2.101s] -- Searching for <gz-sensors8> component [boundingbox_camera]
[2.101s] -- Looking for gz-sensors8-boundingbox_camera -- found version 8.2.0
[2.101s] -- Searching for dependencies of gz-sensors8-boundingbox_camera
[2.102s] -- Searching for <gz-sensors8> component [segmentation_camera]
[2.102s] -- Looking for gz-sensors8-segmentation_camera -- found version 8.2.0
[2.102s] -- Searching for dependencies of gz-sensors8-segmentation_camera
[2.103s] -- Searching for <gz-sensors8> component [depth_camera]
[2.103s] -- Looking for gz-sensors8-depth_camera -- found version 8.2.0
[2.103s] -- Searching for dependencies of gz-sensors8-depth_camera
[2.103s] -- Looking for gz-sensors8 -- found version 8.2.0
[2.104s] -- Searching for <gz-sensors8> component [rgbd_camera]
[2.104s] -- Looking for gz-sensors8-rgbd_camera -- found version 8.2.0
[2.104s] -- Searching for dependencies of gz-sensors8-rgbd_camera
[2.105s] -- Looking for gz-sensors8 -- found version 8.2.0
[2.105s] -- Searching for <gz-sensors8> component [thermal_camera]
[2.105s] -- Looking for gz-sensors8-thermal_camera -- found version 8.2.0
[2.105s] -- Searching for dependencies of gz-sensors8-thermal_camera
[2.106s] -- Looking for gz-sensors8 -- found version 8.2.0
[2.106s] -- Searching for <gz-sensors8> component [wide_angle_camera]
[2.106s] -- Looking for gz-sensors8-wide_angle_camera -- found version 8.2.0
[2.106s] -- Searching for dependencies of gz-sensors8-wide_angle_camera
[2.107s] -- Looking for gz-rendering8 -- found version 8.2.0
[2.108s] -- Looking for gz-math7 -- found version 7.5.0
[2.108s] -- Looking for gz-utils2 -- found version 2.2.0
[2.131s] -- Looking for gz-plugin2 -- found version 2.0.3
[2.131s] -- Found rosidl_default_generators: 1.6.0 (/opt/ros/jazzy/share/rosidl_default_generators/cmake)
[2.140s] -- Found rosidl_adapter: 4.6.4 (/opt/ros/jazzy/share/rosidl_adapter/cmake)
[2.143s] -- Found rclcpp_components: 28.1.5 (/opt/ros/jazzy/share/rclcpp_components/cmake)
[2.171s] -- pinocchio FOUND. pinocchio at /opt/ros/jazzy/lib/x86_64-linux-gnu/libpinocchio.so
[2.171s] -- boost_filesystem FOUND. boost_filesystem at /lib/x86_64-linux-gnu/libboost_filesystem.so
[2.172s] -- boost_serialization FOUND. boost_serialization at /lib/x86_64-linux-gnu/libboost_serialization.so
[2.172s] -- boost_system FOUND. boost_system at /lib/x86_64-linux-gnu/libboost_system.so
[2.179s] -- Found Boost: /usr/include (found version "1.83.0") found components: filesystem serialization system 
[2.180s] -- eigenpy FOUND. eigenpy at /opt/ros/jazzy/lib/x86_64-linux-gnu/libeigenpy.so
[2.204s] -- Checking for NumPy
[2.426s] --   NUMPY_INCLUDE_DIRS=/usr/lib/python3/dist-packages/numpy/core/include
[2.510s] --   NUMPY_VERSION=1.26.4
[2.697s] -- Found Python3: /usr/bin/python3 (found version "3.12.3") found components: Interpreter Development.Module NumPy 
[2.697s] -- PythonLibraryDirs: 
[2.697s] -- PythonLibVersionString: 3.12.3
[2.733s] -- Python site lib: lib/python3.12/dist-packages
[2.733s] -- Python include dirs: /usr/include/python3.12
[2.780s] -- Checking for NumPy
[2.857s] --   NUMPY_INCLUDE_DIRS=/usr/lib/python3/dist-packages/numpy/core/include
[2.940s] --   NUMPY_VERSION=1.26.4
[2.941s] -- NumPy include dir: /usr/lib/python3/dist-packages/numpy/core/include
[2.946s] -- Found Boost: /usr/include (found version "1.83.0") found components: python312 
[2.946s] -- Boost_PYTHON_LIBRARY: /usr/lib/x86_64-linux-gnu/libboost_python312.so
[3.249s] -- Default C++ standard: 201703
[3.249s] -- C++ standard sufficient: Minimal required 14, currently defined: 17
[3.249s] -- CMAKE_CXX_STANDARD was not set: automatically set to currently defined standard 17
[3.250s] -- C++ standard sufficient: Minimal required 14, currently defined: 17
[3.273s] -- Found Python3: /usr/bin/python3 (found version "3.12.3") found components: Interpreter 
[3.461s] -- Found ament_cmake_ros: 0.12.0 (/opt/ros/jazzy/share/ament_cmake_ros/cmake)
[3.644s] -- Using all available rosidl_typesupport_c: rosidl_typesupport_fastrtps_c;rosidl_typesupport_introspection_c
[3.699s] -- Using all available rosidl_typesupport_cpp: rosidl_typesupport_fastrtps_cpp;rosidl_typesupport_introspection_cpp
[3.700s] -- Found python_cmake_module: 0.11.1 (/opt/ros/jazzy/share/python_cmake_module/cmake)
[3.979s] -- Found Python3: /usr/bin/python3 (found version "3.12.3") found components: Interpreter Development NumPy Development.Module Development.Embed 
[3.996s] -- Configuring done (4.0s)
[4.036s] -- Generating done (0.0s)
[4.039s] -- Build files have been written to: /home/ws/build/quadruped
[4.085s] [  2%] Built target quadruped__rosidl_generator_type_description
[4.095s] [  2%] Built target ament_cmake_python_symlink_quadruped
[4.109s] [  5%] Built target quadruped__cpp
[4.110s] [ 17%] Built target quadruped__rosidl_generator_c
[4.111s] [ 30%] Built target quadruped_lib
[4.158s] [ 38%] Built target quadruped__rosidl_typesupport_c
[4.160s] [ 46%] Built target quadruped__rosidl_typesupport_cpp
[4.160s] [ 53%] Built target quadruped__rosidl_typesupport_fastrtps_cpp
[4.164s] [ 61%] Built target quadruped__rosidl_typesupport_introspection_cpp
[4.165s] [ 69%] Built target quadruped__rosidl_typesupport_introspection_c
[4.166s] [ 76%] Built target quadruped__rosidl_typesupport_fastrtps_c
[4.184s] [ 76%] Built target quadruped
[4.212s] [ 79%] Built target quadruped__py
[4.244s] [ 84%] Built target quadruped__rosidl_generator_py
[4.270s] running egg_info
[4.271s] [ 89%] Built target quadruped_s__rosidl_typesupport_introspection_c
[4.272s] [ 94%] Built target quadruped_s__rosidl_typesupport_c
[4.274s] [100%] Built target quadruped_s__rosidl_typesupport_fastrtps_c
[4.279s] writing quadruped.egg-info/PKG-INFO
[4.279s] writing dependency_links to quadruped.egg-info/dependency_links.txt
[4.280s] writing top-level names to quadruped.egg-info/top_level.txt
[4.305s] reading manifest file 'quadruped.egg-info/SOURCES.txt'
[4.305s] writing manifest file 'quadruped.egg-info/SOURCES.txt'
[4.327s] [100%] Built target ament_cmake_python_build_quadruped_egg
[4.343s] Invoked command in '/home/ws/build/quadruped' returned '0': CMAKE_PREFIX_PATH=${CMAKE_PREFIX_PATH}:/opt/ros/jazzy /usr/bin/cmake --build /home/ws/build/quadruped -- -j20 -l20
[4.518s] Invoking command in '/home/ws/build/quadruped': CMAKE_PREFIX_PATH=${CMAKE_PREFIX_PATH}:/opt/ros/jazzy /usr/bin/cmake --install /home/ws/build/quadruped
[4.536s] -- Install configuration: ""
[4.536s] -- Execute custom install script
[4.536s] -- Up-to-date symlink: /home/ws/install/quadruped/share/ament_index/resource_index/rosidl_interfaces/quadruped
[4.537s] -- Up-to-date symlink: /home/ws/install/quadruped/share/quadruped/msg/LegCommand.json
[4.538s] -- Up-to-date symlink: /home/ws/install/quadruped/include/quadruped/quadruped/msg/detail/leg_command__functions.h
[4.539s] -- Up-to-date symlink: /home/ws/install/quadruped/include/quadruped/quadruped/msg/detail/leg_command__struct.h
[4.539s] -- Up-to-date symlink: /home/ws/install/quadruped/include/quadruped/quadruped/msg/detail/leg_command__type_support.h
[4.540s] -- Up-to-date symlink: /home/ws/install/quadruped/include/quadruped/quadruped/msg/leg_command.h
[4.540s] -- Up-to-date symlink: /home/ws/install/quadruped/include/quadruped/quadruped/msg/rosidl_generator_c__visibility_control.h
[4.540s] -- Up-to-date symlink: /home/ws/install/quadruped/share/quadruped/environment/library_path.sh
[4.540s] -- Up-to-date symlink: /home/ws/install/quadruped/share/quadruped/environment/library_path.dsv
[4.540s] -- Up-to-date symlink: /home/ws/install/quadruped/include/quadruped/quadruped/msg/detail/leg_command__rosidl_typesupport_fastrtps_c.h
[4.540s] -- Up-to-date symlink: /home/ws/install/quadruped/include/quadruped/quadruped/msg/rosidl_typesupport_fastrtps_c__visibility_control.h
[4.541s] -- Up-to-date symlink: /home/ws/install/quadruped/include/quadruped/quadruped/msg/detail/leg_command__builder.hpp
[4.541s] -- Up-to-date symlink: /home/ws/install/quadruped/include/quadruped/quadruped/msg/detail/leg_command__struct.hpp
[4.541s] -- Up-to-date symlink: /home/ws/install/quadruped/include/quadruped/quadruped/msg/detail/leg_command__traits.hpp
[4.541s] -- Up-to-date symlink: /home/ws/install/quadruped/include/quadruped/quadruped/msg/detail/leg_command__type_support.hpp
[4.541s] -- Up-to-date symlink: /home/ws/install/quadruped/include/quadruped/quadruped/msg/leg_command.hpp
[4.541s] -- Up-to-date symlink: /home/ws/install/quadruped/include/quadruped/quadruped/msg/rosidl_generator_cpp__visibility_control.hpp
[4.541s] -- Up-to-date symlink: /home/ws/install/quadruped/include/quadruped/quadruped/msg/detail/leg_command__rosidl_typesupport_fastrtps_cpp.hpp
[4.542s] -- Up-to-date symlink: /home/ws/install/quadruped/include/quadruped/quadruped/msg/rosidl_typesupport_fastrtps_cpp__visibility_control.h
[4.542s] -- Up-to-date symlink: /home/ws/install/quadruped/include/quadruped/quadruped/msg/detail/leg_command__rosidl_typesupport_introspection_c.h
[4.542s] -- Up-to-date symlink: /home/ws/install/quadruped/include/quadruped/quadruped/msg/rosidl_typesupport_introspection_c__visibility_control.h
[4.543s] -- Up-to-date symlink: /home/ws/install/quadruped/include/quadruped/quadruped/msg/detail/leg_command__rosidl_typesupport_introspection_cpp.hpp
[4.543s] -- Up-to-date symlink: /home/ws/install/quadruped/share/quadruped/environment/pythonpath.sh
[4.543s] -- Up-to-date symlink: /home/ws/install/quadruped/share/quadruped/environment/pythonpath.dsv
[4.543s] -- Up-to-date symlink: /home/ws/install/quadruped/lib/python3.12/site-packages/quadruped-0.0.0-py3.12.egg-info/PKG-INFO
[4.544s] -- Up-to-date symlink: /home/ws/install/quadruped/lib/python3.12/site-packages/quadruped-0.0.0-py3.12.egg-info/SOURCES.txt
[4.544s] -- Up-to-date symlink: /home/ws/install/quadruped/lib/python3.12/site-packages/quadruped-0.0.0-py3.12.egg-info/dependency_links.txt
[4.544s] -- Up-to-date symlink: /home/ws/install/quadruped/lib/python3.12/site-packages/quadruped-0.0.0-py3.12.egg-info/top_level.txt
[4.544s] -- Up-to-date symlink: /home/ws/install/quadruped/lib/python3.12/site-packages/quadruped/__init__.py
[4.545s] -- Up-to-date symlink: /home/ws/install/quadruped/lib/python3.12/site-packages/quadruped/_quadruped_s.ep.rosidl_typesupport_c.c
[4.545s] -- Up-to-date symlink: /home/ws/install/quadruped/lib/python3.12/site-packages/quadruped/_quadruped_s.ep.rosidl_typesupport_fastrtps_c.c
[4.545s] -- Up-to-date symlink: /home/ws/install/quadruped/lib/python3.12/site-packages/quadruped/_quadruped_s.ep.rosidl_typesupport_introspection_c.c
[4.545s] -- Up-to-date symlink: /home/ws/install/quadruped/lib/python3.12/site-packages/quadruped/msg/__init__.py
[4.545s] -- Up-to-date symlink: /home/ws/install/quadruped/lib/python3.12/site-packages/quadruped/msg/_leg_command.py
[4.545s] -- Up-to-date symlink: /home/ws/install/quadruped/lib/python3.12/site-packages/quadruped/msg/_leg_command_s.c
[4.545s] -- Up-to-date symlink: /home/ws/install/quadruped/lib/python3.12/site-packages/quadruped/quadruped_s__rosidl_typesupport_c.so
[4.546s] -- Up-to-date symlink: /home/ws/install/quadruped/lib/python3.12/site-packages/quadruped/quadruped_s__rosidl_typesupport_fastrtps_c.so
[4.546s] -- Up-to-date symlink: /home/ws/install/quadruped/lib/python3.12/site-packages/quadruped/quadruped_s__rosidl_typesupport_introspection_c.so
[4.546s] -- Up-to-date symlink: /home/ws/install/quadruped/lib/python3.12/site-packages/quadruped/quadruped_s__rosidl_typesupport_fastrtps_c.so
[4.546s] -- Up-to-date symlink: /home/ws/install/quadruped/lib/python3.12/site-packages/quadruped/quadruped_s__rosidl_typesupport_introspection_c.so
[4.547s] -- Up-to-date symlink: /home/ws/install/quadruped/lib/python3.12/site-packages/quadruped/quadruped_s__rosidl_typesupport_c.so
[4.547s] -- Up-to-date symlink: /home/ws/install/quadruped/share/quadruped/msg/LegCommand.idl
[4.547s] -- Up-to-date symlink: /home/ws/install/quadruped/share/quadruped/messages/LegCommand.msg
[4.547s] -- Up-to-date symlink: /home/ws/install/quadruped/include/quadruped/balance_controller.hpp
[4.548s] -- Up-to-date symlink: /home/ws/install/quadruped/include/quadruped/foot_trajectory_generator.hpp
[4.548s] -- Up-to-date symlink: /home/ws/install/quadruped/include/quadruped/leg_controller.hpp
[4.548s] -- Up-to-date symlink: /home/ws/install/quadruped/include/quadruped/state_estimator.hpp
[4.548s] -- Up-to-date symlink: /home/ws/install/quadruped/lib/quadruped/LegController.py
[4.548s] -- Up-to-date symlink: /home/ws/install/quadruped/lib/quadruped/GaitPatternGenerator.py
[4.548s] -- Up-to-date symlink: /home/ws/install/quadruped/lib/quadruped/leg_class.py
[4.548s] -- Up-to-date symlink: /home/ws/install/quadruped/lib/quadruped/gait_pattern_class.py
[4.548s] -- Up-to-date symlink: /home/ws/install/quadruped/share/quadruped/launch/controllers.launch.py
[4.549s] -- Up-to-date symlink: /home/ws/install/quadruped/share/quadruped/launch/gazebo_sim.launch.py
[4.549s] -- Up-to-date symlink: /home/ws/install/quadruped/share/quadruped/config/initial_joint_positions.yaml
[4.549s] -- Up-to-date symlink: /home/ws/install/quadruped/share/quadruped/config/quadruped.rviz
[4.549s] -- Up-to-date symlink: /home/ws/install/quadruped/share/quadruped/config/quadruped_controllers.yaml
[4.549s] -- Up-to-date symlink: /home/ws/install/quadruped/share/quadruped/urdf/Quadruped MJB.mjb
[4.550s] -- Up-to-date symlink: /home/ws/install/quadruped/share/quadruped/urdf/QuadrupedURDF.urdf.xacro
[4.550s] -- Up-to-date symlink: /home/ws/install/quadruped/share/quadruped/urdf/meshes/Body.STL
[4.550s] -- Up-to-date symlink: /home/ws/install/quadruped/share/quadruped/urdf/meshes/Body_bin.STL
[4.550s] -- Up-to-date symlink: /home/ws/install/quadruped/share/quadruped/urdf/meshes/Front Left Shin.STL
[4.550s] -- Up-to-date symlink: /home/ws/install/quadruped/share/quadruped/urdf/meshes/Front Left Thigh.STL
[4.550s] -- Up-to-date symlink: /home/ws/install/quadruped/share/quadruped/urdf/meshes/Front Right Shin.STL
[4.550s] -- Up-to-date symlink: /home/ws/install/quadruped/share/quadruped/urdf/meshes/Front Right Thigh.STL
[4.550s] -- Up-to-date symlink: /home/ws/install/quadruped/share/quadruped/urdf/meshes/Rear Left Shin.STL
[4.550s] -- Up-to-date symlink: /home/ws/install/quadruped/share/quadruped/urdf/meshes/Rear Left Thigh.STL
[4.550s] -- Up-to-date symlink: /home/ws/install/quadruped/share/quadruped/urdf/meshes/Rear Right Shin.STL
[4.550s] -- Up-to-date symlink: /home/ws/install/quadruped/share/quadruped/urdf/meshes/Rear Right Thigh.STL
[4.550s] -- Up-to-date symlink: /home/ws/install/quadruped/share/quadruped/urdf/mjb_maker.py
[4.550s] -- Up-to-date symlink: /home/ws/install/quadruped/share/quadruped/messages/LegCommand.msg
[4.551s] -- Up-to-date symlink: /home/ws/install/quadruped/share/quadruped/messages/RobotState.msg
[4.551s] -- Up-to-date symlink: /home/ws/install/quadruped/share/quadruped//plugin_description.xml
[4.551s] -- Up-to-date symlink: /home/ws/install/quadruped/share/ament_index/resource_index/package_run_dependencies/quadruped
[4.551s] -- Up-to-date symlink: /home/ws/install/quadruped/share/ament_index/resource_index/parent_prefix_path/quadruped
[4.551s] -- Up-to-date symlink: /home/ws/install/quadruped/share/quadruped/environment/ament_prefix_path.sh
[4.551s] -- Up-to-date symlink: /home/ws/install/quadruped/share/quadruped/environment/ament_prefix_path.dsv
[4.551s] -- Up-to-date symlink: /home/ws/install/quadruped/share/quadruped/environment/path.sh
[4.551s] -- Up-to-date symlink: /home/ws/install/quadruped/share/quadruped/environment/path.dsv
[4.551s] -- Up-to-date symlink: /home/ws/install/quadruped/share/quadruped/local_setup.bash
[4.552s] -- Up-to-date symlink: /home/ws/install/quadruped/share/quadruped/local_setup.sh
[4.552s] -- Up-to-date symlink: /home/ws/install/quadruped/share/quadruped/local_setup.zsh
[4.552s] -- Up-to-date symlink: /home/ws/install/quadruped/share/quadruped/local_setup.dsv
[4.552s] -- Symlinking: /home/ws/install/quadruped/share/quadruped/package.dsv
[4.560s] -- Up-to-date symlink: /home/ws/install/quadruped/share/ament_index/resource_index/packages/quadruped
[4.560s] -- Up-to-date symlink: /home/ws/install/quadruped/share/quadruped/cmake/rosidl_cmake-extras.cmake
[4.560s] -- Up-to-date symlink: /home/ws/install/quadruped/share/quadruped/cmake/ament_cmake_export_include_directories-extras.cmake
[4.560s] -- Up-to-date symlink: /home/ws/install/quadruped/share/quadruped/cmake/ament_cmake_export_libraries-extras.cmake
[4.561s] -- Up-to-date symlink: /home/ws/install/quadruped/share/quadruped/cmake/ament_cmake_export_targets-extras.cmake
[4.561s] -- Up-to-date symlink: /home/ws/install/quadruped/share/quadruped/cmake/rosidl_cmake_export_typesupport_targets-extras.cmake
[4.561s] -- Up-to-date symlink: /home/ws/install/quadruped/share/quadruped/cmake/ament_cmake_export_dependencies-extras.cmake
[4.561s] -- Up-to-date symlink: /home/ws/install/quadruped/share/quadruped/cmake/rosidl_cmake_export_typesupport_libraries-extras.cmake
[4.561s] -- Up-to-date symlink: /home/ws/install/quadruped/share/quadruped/cmake/quadrupedConfig.cmake
[4.561s] -- Up-to-date symlink: /home/ws/install/quadruped/share/quadruped/cmake/quadrupedConfig-version.cmake
[4.561s] -- Up-to-date symlink: /home/ws/install/quadruped/share/quadruped/package.xml
[4.561s] -- Up-to-date: /home/ws/install/quadruped/lib/libquadruped__rosidl_generator_c.so
[4.562s] -- Up-to-date: /home/ws/install/quadruped/lib/libquadruped__rosidl_typesupport_fastrtps_c.so
[4.562s] -- Up-to-date: /home/ws/install/quadruped/lib/libquadruped__rosidl_typesupport_fastrtps_cpp.so
[4.562s] -- Up-to-date: /home/ws/install/quadruped/lib/libquadruped__rosidl_typesupport_introspection_c.so
[4.562s] -- Up-to-date: /home/ws/install/quadruped/lib/libquadruped__rosidl_typesupport_c.so
[4.562s] -- Up-to-date: /home/ws/install/quadruped/lib/libquadruped__rosidl_typesupport_introspection_cpp.so
[4.562s] -- Up-to-date: /home/ws/install/quadruped/lib/libquadruped__rosidl_typesupport_cpp.so
[4.602s] Listing '/home/ws/install/quadruped/lib/python3.12/site-packages/quadruped'...
[4.602s] Compiling '/home/ws/install/quadruped/lib/python3.12/site-packages/quadruped/__init__.py'...
[4.602s] Listing '/home/ws/install/quadruped/lib/python3.12/site-packages/quadruped/msg'...
[4.606s] -- Up-to-date: /home/ws/install/quadruped/lib/libquadruped__rosidl_generator_py.so
[4.606s] -- Up-to-date: /home/ws/install/quadruped/lib/libquadruped_lib.so
[4.607s] -- Up-to-date: /home/ws/install/quadruped/share/quadruped/cmake/export_quadruped__rosidl_generator_cExport.cmake
[4.607s] -- Up-to-date: /home/ws/install/quadruped/share/quadruped/cmake/export_quadruped__rosidl_generator_cExport-noconfig.cmake
[4.607s] -- Up-to-date: /home/ws/install/quadruped/share/quadruped/cmake/export_quadruped__rosidl_typesupport_fastrtps_cExport.cmake
[4.607s] -- Up-to-date: /home/ws/install/quadruped/share/quadruped/cmake/export_quadruped__rosidl_typesupport_fastrtps_cExport-noconfig.cmake
[4.607s] -- Up-to-date: /home/ws/install/quadruped/share/quadruped/cmake/export_quadruped__rosidl_generator_cppExport.cmake
[4.607s] -- Up-to-date: /home/ws/install/quadruped/share/quadruped/cmake/export_quadruped__rosidl_typesupport_fastrtps_cppExport.cmake
[4.607s] -- Up-to-date: /home/ws/install/quadruped/share/quadruped/cmake/export_quadruped__rosidl_typesupport_fastrtps_cppExport-noconfig.cmake
[4.607s] -- Up-to-date: /home/ws/install/quadruped/share/quadruped/cmake/quadruped__rosidl_typesupport_introspection_cExport.cmake
[4.608s] -- Up-to-date: /home/ws/install/quadruped/share/quadruped/cmake/quadruped__rosidl_typesupport_introspection_cExport-noconfig.cmake
[4.608s] -- Up-to-date: /home/ws/install/quadruped/share/quadruped/cmake/quadruped__rosidl_typesupport_cExport.cmake
[4.608s] -- Up-to-date: /home/ws/install/quadruped/share/quadruped/cmake/quadruped__rosidl_typesupport_cExport-noconfig.cmake
[4.608s] -- Up-to-date: /home/ws/install/quadruped/share/quadruped/cmake/quadruped__rosidl_typesupport_introspection_cppExport.cmake
[4.609s] -- Up-to-date: /home/ws/install/quadruped/share/quadruped/cmake/quadruped__rosidl_typesupport_introspection_cppExport-noconfig.cmake
[4.609s] -- Up-to-date: /home/ws/install/quadruped/share/quadruped/cmake/quadruped__rosidl_typesupport_cppExport.cmake
[4.609s] -- Up-to-date: /home/ws/install/quadruped/share/quadruped/cmake/quadruped__rosidl_typesupport_cppExport-noconfig.cmake
[4.609s] -- Up-to-date: /home/ws/install/quadruped/share/quadruped/cmake/export_quadruped__rosidl_generator_pyExport.cmake
[4.609s] -- Up-to-date: /home/ws/install/quadruped/share/quadruped/cmake/export_quadruped__rosidl_generator_pyExport-noconfig.cmake
[4.609s] -- Up-to-date: /home/ws/install/quadruped/share/quadruped/cmake/quadruped_targetsExport.cmake
[4.609s] -- Up-to-date: /home/ws/install/quadruped/share/quadruped/cmake/quadruped_targetsExport-noconfig.cmake
[4.609s] Invoked command in '/home/ws/build/quadruped' returned '0': CMAKE_PREFIX_PATH=${CMAKE_PREFIX_PATH}:/opt/ros/jazzy /usr/bin/cmake --install /home/ws/build/quadruped
