[  2%] Built target quadruped__rosidl_generator_type_description
[  2%] Built target ament_cmake_python_symlink_quadruped
[  5%] Built target quadruped__cpp
[ 17%] Built target quadruped__rosidl_generator_c
[ 20%] [32mBuilding CXX object CMakeFiles/quadruped_lib.dir/src/foot_trajectory_generator.cpp.o[0m
[ 28%] Built target quadruped__rosidl_typesupport_cpp
[ 35%] Built target quadruped__rosidl_typesupport_c
[ 43%] Built target quadruped__rosidl_typesupport_introspection_c
[ 51%] Built target quadruped__rosidl_typesupport_fastrtps_c
[ 58%] Built target quadruped__rosidl_typesupport_fastrtps_cpp
[ 66%] Built target quadruped__rosidl_typesupport_introspection_cpp
[ 66%] Built target quadruped
[ 69%] Built target quadruped__py
[ 74%] Built target quadruped__rosidl_generator_py
[ 84%] Built target quadruped_s__rosidl_typesupport_c
[ 84%] Built target quadruped_s__rosidl_typesupport_fastrtps_c
[ 89%] Built target quadruped_s__rosidl_typesupport_introspection_c
running egg_info
writing quadruped.egg-info/PKG-INFO
writing dependency_links to quadruped.egg-info/dependency_links.txt
writing top-level names to quadruped.egg-info/top_level.txt
reading manifest file 'quadruped.egg-info/SOURCES.txt'
writing manifest file 'quadruped.egg-info/SOURCES.txt'
[ 89%] Built target ament_cmake_python_build_quadruped_egg
[ 92%] [32m[1mLinking CXX shared library libquadruped_lib.so[0m
[100%] Built target quadruped_lib
-- Install configuration: ""
-- Execute custom install script
-- Up-to-date symlink: /home/ws/install/quadruped/share/ament_index/resource_index/rosidl_interfaces/quadruped
-- Up-to-date symlink: /home/ws/install/quadruped/share/quadruped/msg/LegCommand.json
-- Up-to-date symlink: /home/ws/install/quadruped/include/quadruped/quadruped/msg/detail/leg_command__functions.h
-- Up-to-date symlink: /home/ws/install/quadruped/include/quadruped/quadruped/msg/detail/leg_command__struct.h
-- Up-to-date symlink: /home/ws/install/quadruped/include/quadruped/quadruped/msg/detail/leg_command__type_support.h
-- Up-to-date symlink: /home/ws/install/quadruped/include/quadruped/quadruped/msg/leg_command.h
-- Up-to-date symlink: /home/ws/install/quadruped/include/quadruped/quadruped/msg/rosidl_generator_c__visibility_control.h
-- Up-to-date symlink: /home/ws/install/quadruped/share/quadruped/environment/library_path.sh
-- Up-to-date symlink: /home/ws/install/quadruped/share/quadruped/environment/library_path.dsv
-- Up-to-date symlink: /home/ws/install/quadruped/include/quadruped/quadruped/msg/detail/leg_command__rosidl_typesupport_fastrtps_c.h
-- Up-to-date symlink: /home/ws/install/quadruped/include/quadruped/quadruped/msg/rosidl_typesupport_fastrtps_c__visibility_control.h
-- Up-to-date symlink: /home/ws/install/quadruped/include/quadruped/quadruped/msg/detail/leg_command__builder.hpp
-- Up-to-date symlink: /home/ws/install/quadruped/include/quadruped/quadruped/msg/detail/leg_command__struct.hpp
-- Up-to-date symlink: /home/ws/install/quadruped/include/quadruped/quadruped/msg/detail/leg_command__traits.hpp
-- Up-to-date symlink: /home/ws/install/quadruped/include/quadruped/quadruped/msg/detail/leg_command__type_support.hpp
-- Up-to-date symlink: /home/ws/install/quadruped/include/quadruped/quadruped/msg/leg_command.hpp
-- Up-to-date symlink: /home/ws/install/quadruped/include/quadruped/quadruped/msg/rosidl_generator_cpp__visibility_control.hpp
-- Up-to-date symlink: /home/ws/install/quadruped/include/quadruped/quadruped/msg/detail/leg_command__rosidl_typesupport_fastrtps_cpp.hpp
-- Up-to-date symlink: /home/ws/install/quadruped/include/quadruped/quadruped/msg/rosidl_typesupport_fastrtps_cpp__visibility_control.h
-- Up-to-date symlink: /home/ws/install/quadruped/include/quadruped/quadruped/msg/detail/leg_command__rosidl_typesupport_introspection_c.h
-- Up-to-date symlink: /home/ws/install/quadruped/include/quadruped/quadruped/msg/rosidl_typesupport_introspection_c__visibility_control.h
-- Up-to-date symlink: /home/ws/install/quadruped/include/quadruped/quadruped/msg/detail/leg_command__rosidl_typesupport_introspection_cpp.hpp
-- Up-to-date symlink: /home/ws/install/quadruped/share/quadruped/environment/pythonpath.sh
-- Up-to-date symlink: /home/ws/install/quadruped/share/quadruped/environment/pythonpath.dsv
-- Up-to-date symlink: /home/ws/install/quadruped/lib/python3.12/site-packages/quadruped-0.0.0-py3.12.egg-info/PKG-INFO
-- Up-to-date symlink: /home/ws/install/quadruped/lib/python3.12/site-packages/quadruped-0.0.0-py3.12.egg-info/SOURCES.txt
-- Up-to-date symlink: /home/ws/install/quadruped/lib/python3.12/site-packages/quadruped-0.0.0-py3.12.egg-info/dependency_links.txt
-- Up-to-date symlink: /home/ws/install/quadruped/lib/python3.12/site-packages/quadruped-0.0.0-py3.12.egg-info/top_level.txt
-- Up-to-date symlink: /home/ws/install/quadruped/lib/python3.12/site-packages/quadruped/__init__.py
-- Up-to-date symlink: /home/ws/install/quadruped/lib/python3.12/site-packages/quadruped/_quadruped_s.ep.rosidl_typesupport_c.c
-- Up-to-date symlink: /home/ws/install/quadruped/lib/python3.12/site-packages/quadruped/_quadruped_s.ep.rosidl_typesupport_fastrtps_c.c
-- Up-to-date symlink: /home/ws/install/quadruped/lib/python3.12/site-packages/quadruped/_quadruped_s.ep.rosidl_typesupport_introspection_c.c
-- Up-to-date symlink: /home/ws/install/quadruped/lib/python3.12/site-packages/quadruped/msg/__init__.py
-- Up-to-date symlink: /home/ws/install/quadruped/lib/python3.12/site-packages/quadruped/msg/_leg_command.py
-- Up-to-date symlink: /home/ws/install/quadruped/lib/python3.12/site-packages/quadruped/msg/_leg_command_s.c
-- Up-to-date symlink: /home/ws/install/quadruped/lib/python3.12/site-packages/quadruped/quadruped_s__rosidl_typesupport_c.so
-- Up-to-date symlink: /home/ws/install/quadruped/lib/python3.12/site-packages/quadruped/quadruped_s__rosidl_typesupport_fastrtps_c.so
-- Up-to-date symlink: /home/ws/install/quadruped/lib/python3.12/site-packages/quadruped/quadruped_s__rosidl_typesupport_introspection_c.so
-- Up-to-date symlink: /home/ws/install/quadruped/lib/python3.12/site-packages/quadruped/quadruped_s__rosidl_typesupport_fastrtps_c.so
-- Up-to-date symlink: /home/ws/install/quadruped/lib/python3.12/site-packages/quadruped/quadruped_s__rosidl_typesupport_introspection_c.so
-- Up-to-date symlink: /home/ws/install/quadruped/lib/python3.12/site-packages/quadruped/quadruped_s__rosidl_typesupport_c.so
-- Up-to-date symlink: /home/ws/install/quadruped/share/quadruped/msg/LegCommand.idl
-- Up-to-date symlink: /home/ws/install/quadruped/share/quadruped/messages/LegCommand.msg
-- Symlinking: /home/ws/install/quadruped/include/quadruped/balance_controller.hpp
-- Symlinking: /home/ws/install/quadruped/include/quadruped/foot_trajectory_generator.hpp
-- Symlinking: /home/ws/install/quadruped/include/quadruped/leg_controller.hpp
-- Symlinking: /home/ws/install/quadruped/include/quadruped/state_estimator.hpp
-- Up-to-date symlink: /home/ws/install/quadruped/lib/quadruped/LegController.py
-- Up-to-date symlink: /home/ws/install/quadruped/lib/quadruped/GaitPatternGenerator.py
-- Up-to-date symlink: /home/ws/install/quadruped/lib/quadruped/leg_class.py
-- Up-to-date symlink: /home/ws/install/quadruped/lib/quadruped/gait_pattern_class.py
-- Up-to-date symlink: /home/ws/install/quadruped/share/quadruped/launch/controllers.launch.py
-- Up-to-date symlink: /home/ws/install/quadruped/share/quadruped/launch/gazebo_sim.launch.py
-- Up-to-date symlink: /home/ws/install/quadruped/share/quadruped/config/bridge.yaml
-- Up-to-date symlink: /home/ws/install/quadruped/share/quadruped/config/initial_joint_positions.yaml
-- Up-to-date symlink: /home/ws/install/quadruped/share/quadruped/config/quadruped.rviz
-- Up-to-date symlink: /home/ws/install/quadruped/share/quadruped/config/quadruped_controllers.yaml
-- Up-to-date symlink: /home/ws/install/quadruped/share/quadruped/urdf/Quadruped MJB.mjb
-- Up-to-date symlink: /home/ws/install/quadruped/share/quadruped/urdf/QuadrupedURDF.urdf.xacro
-- Up-to-date symlink: /home/ws/install/quadruped/share/quadruped/urdf/meshes/Body.STL
-- Up-to-date symlink: /home/ws/install/quadruped/share/quadruped/urdf/meshes/Body_bin.STL
-- Up-to-date symlink: /home/ws/install/quadruped/share/quadruped/urdf/meshes/Front Left Shin.STL
-- Up-to-date symlink: /home/ws/install/quadruped/share/quadruped/urdf/meshes/Front Left Thigh.STL
-- Up-to-date symlink: /home/ws/install/quadruped/share/quadruped/urdf/meshes/Front Right Shin.STL
-- Up-to-date symlink: /home/ws/install/quadruped/share/quadruped/urdf/meshes/Front Right Thigh.STL
-- Up-to-date symlink: /home/ws/install/quadruped/share/quadruped/urdf/meshes/Rear Left Shin.STL
-- Up-to-date symlink: /home/ws/install/quadruped/share/quadruped/urdf/meshes/Rear Left Thigh.STL
-- Up-to-date symlink: /home/ws/install/quadruped/share/quadruped/urdf/meshes/Rear Right Shin.STL
-- Up-to-date symlink: /home/ws/install/quadruped/share/quadruped/urdf/meshes/Rear Right Thigh.STL
-- Up-to-date symlink: /home/ws/install/quadruped/share/quadruped/urdf/mjb_maker.py
-- Up-to-date symlink: /home/ws/install/quadruped/share/quadruped/messages/LegCommand.msg
-- Up-to-date symlink: /home/ws/install/quadruped/share/quadruped/messages/RobotState.msg
