[0.125s] DEBUG:colcon:Command line arguments: ['/usr/bin/colcon', 'build', '--packages-skip', 'quadruped', 'quadruped_mpc', '--symlink-install']
[0.125s] DEBUG:colcon:Parsed command line arguments: Namespace(log_base=None, log_level=None, verb_name='build', build_base='build', install_base='install', merge_install=False, symlink_install=True, test_result_base=None, continue_on_error=False, executor='parallel', parallel_workers=20, event_handlers=None, ignore_user_meta=False, metas=['./colcon.meta'], base_paths=['.'], packages_ignore=None, packages_ignore_regex=None, paths=None, packages_up_to=None, packages_up_to_regex=None, packages_above=None, packages_above_and_dependencies=None, packages_above_depth=None, packages_select_by_dep=None, packages_skip_by_dep=None, packages_skip_up_to=None, packages_select_build_failed=False, packages_skip_build_finished=False, packages_select_test_failures=False, packages_skip_test_passed=False, packages_select=None, packages_skip=['quadruped', 'quadruped_mpc'], packages_select_regex=None, packages_skip_regex=None, packages_start=None, packages_end=None, cmake_args=None, cmake_target=None, cmake_target_skip_unavailable=False, cmake_clean_cache=False, cmake_clean_first=False, cmake_force_configure=False, ament_cmake_args=None, catkin_cmake_args=None, catkin_skip_building_tests=False, mixin_files=None, mixin=None, verb_parser=<colcon_mixin.mixin.mixin_argument.MixinArgumentDecorator object at 0x7a6e66e8f8c0>, verb_extension=<colcon_core.verb.build.BuildVerb object at 0x7a6e66e8fa70>, main=<bound method BuildVerb.main of <colcon_core.verb.build.BuildVerb object at 0x7a6e66e8fa70>>, mixin_verb=('build',))
[0.173s] Level 1:colcon.colcon_core.package_discovery:discover_packages(colcon_meta) check parameters
[0.173s] Level 1:colcon.colcon_core.package_discovery:discover_packages(recursive) check parameters
[0.173s] Level 1:colcon.colcon_core.package_discovery:discover_packages(ignore) check parameters
[0.173s] Level 1:colcon.colcon_core.package_discovery:discover_packages(path) check parameters
[0.173s] Level 1:colcon.colcon_core.package_discovery:discover_packages(colcon_meta) discover
[0.173s] Level 1:colcon.colcon_core.package_discovery:discover_packages(recursive) discover
[0.173s] INFO:colcon.colcon_core.package_discovery:Crawling recursively for packages in '/home/ws'
[0.173s] Level 1:colcon.colcon_core.package_identification:_identify(.) by extensions ['ignore', 'ignore_ament_install']
[0.173s] Level 1:colcon.colcon_core.package_identification:_identify(.) by extension 'ignore'
[0.174s] Level 1:colcon.colcon_core.package_identification:_identify(.) by extension 'ignore_ament_install'
[0.174s] Level 1:colcon.colcon_core.package_identification:_identify(.) by extensions ['colcon_pkg']
[0.174s] Level 1:colcon.colcon_core.package_identification:_identify(.) by extension 'colcon_pkg'
[0.174s] Level 1:colcon.colcon_core.package_identification:_identify(.) by extensions ['colcon_meta']
[0.174s] Level 1:colcon.colcon_core.package_identification:_identify(.) by extension 'colcon_meta'
[0.174s] Level 1:colcon.colcon_core.package_identification:_identify(.) by extensions ['ros']
[0.174s] Level 1:colcon.colcon_core.package_identification:_identify(.) by extension 'ros'
[0.207s] Level 1:colcon.colcon_core.package_identification:_identify(.) by extensions ['cmake', 'python']
[0.207s] Level 1:colcon.colcon_core.package_identification:_identify(.) by extension 'cmake'
[0.207s] Level 1:colcon.colcon_core.package_identification:_identify(.) by extension 'python'
[0.207s] Level 1:colcon.colcon_core.package_identification:_identify(.) by extensions ['python_setup_py']
[0.207s] Level 1:colcon.colcon_core.package_identification:_identify(.) by extension 'python_setup_py'
[0.207s] Level 1:colcon.colcon_core.package_identification:_identify(build) by extensions ['ignore', 'ignore_ament_install']
[0.207s] Level 1:colcon.colcon_core.package_identification:_identify(build) by extension 'ignore'
[0.208s] Level 1:colcon.colcon_core.package_identification:_identify(build) ignored
[0.208s] Level 1:colcon.colcon_core.package_identification:_identify(install) by extensions ['ignore', 'ignore_ament_install']
[0.208s] Level 1:colcon.colcon_core.package_identification:_identify(install) by extension 'ignore'
[0.208s] Level 1:colcon.colcon_core.package_identification:_identify(install) ignored
[0.208s] Level 1:colcon.colcon_core.package_identification:_identify(log) by extensions ['ignore', 'ignore_ament_install']
[0.208s] Level 1:colcon.colcon_core.package_identification:_identify(log) by extension 'ignore'
[0.208s] Level 1:colcon.colcon_core.package_identification:_identify(log) ignored
[0.208s] Level 1:colcon.colcon_core.package_identification:_identify(src) by extensions ['ignore', 'ignore_ament_install']
[0.208s] Level 1:colcon.colcon_core.package_identification:_identify(src) by extension 'ignore'
[0.208s] Level 1:colcon.colcon_core.package_identification:_identify(src) by extension 'ignore_ament_install'
[0.208s] Level 1:colcon.colcon_core.package_identification:_identify(src) by extensions ['colcon_pkg']
[0.208s] Level 1:colcon.colcon_core.package_identification:_identify(src) by extension 'colcon_pkg'
[0.208s] Level 1:colcon.colcon_core.package_identification:_identify(src) by extensions ['colcon_meta']
[0.208s] Level 1:colcon.colcon_core.package_identification:_identify(src) by extension 'colcon_meta'
[0.209s] Level 1:colcon.colcon_core.package_identification:_identify(src) by extensions ['ros']
[0.209s] Level 1:colcon.colcon_core.package_identification:_identify(src) by extension 'ros'
[0.209s] Level 1:colcon.colcon_core.package_identification:_identify(src) by extensions ['cmake', 'python']
[0.209s] Level 1:colcon.colcon_core.package_identification:_identify(src) by extension 'cmake'
[0.209s] Level 1:colcon.colcon_core.package_identification:_identify(src) by extension 'python'
[0.209s] Level 1:colcon.colcon_core.package_identification:_identify(src) by extensions ['python_setup_py']
[0.209s] Level 1:colcon.colcon_core.package_identification:_identify(src) by extension 'python_setup_py'
[0.209s] Level 1:colcon.colcon_core.package_identification:_identify(src/quadruped) by extensions ['ignore', 'ignore_ament_install']
[0.209s] Level 1:colcon.colcon_core.package_identification:_identify(src/quadruped) by extension 'ignore'
[0.209s] Level 1:colcon.colcon_core.package_identification:_identify(src/quadruped) by extension 'ignore_ament_install'
[0.209s] Level 1:colcon.colcon_core.package_identification:_identify(src/quadruped) by extensions ['colcon_pkg']
[0.209s] Level 1:colcon.colcon_core.package_identification:_identify(src/quadruped) by extension 'colcon_pkg'
[0.209s] Level 1:colcon.colcon_core.package_identification:_identify(src/quadruped) by extensions ['colcon_meta']
[0.209s] Level 1:colcon.colcon_core.package_identification:_identify(src/quadruped) by extension 'colcon_meta'
[0.209s] Level 1:colcon.colcon_core.package_identification:_identify(src/quadruped) by extensions ['ros']
[0.209s] Level 1:colcon.colcon_core.package_identification:_identify(src/quadruped) by extension 'ros'
[0.213s] DEBUG:colcon.colcon_core.package_identification:Package 'src/quadruped' with type 'ros.ament_cmake' and name 'quadruped'
[0.213s] Level 1:colcon.colcon_core.package_identification:_identify(src/quadruped_bringup) by extensions ['ignore', 'ignore_ament_install']
[0.213s] Level 1:colcon.colcon_core.package_identification:_identify(src/quadruped_bringup) by extension 'ignore'
[0.213s] Level 1:colcon.colcon_core.package_identification:_identify(src/quadruped_bringup) by extension 'ignore_ament_install'
[0.213s] Level 1:colcon.colcon_core.package_identification:_identify(src/quadruped_bringup) by extensions ['colcon_pkg']
[0.213s] Level 1:colcon.colcon_core.package_identification:_identify(src/quadruped_bringup) by extension 'colcon_pkg'
[0.213s] Level 1:colcon.colcon_core.package_identification:_identify(src/quadruped_bringup) by extensions ['colcon_meta']
[0.213s] Level 1:colcon.colcon_core.package_identification:_identify(src/quadruped_bringup) by extension 'colcon_meta'
[0.213s] Level 1:colcon.colcon_core.package_identification:_identify(src/quadruped_bringup) by extensions ['ros']
[0.213s] Level 1:colcon.colcon_core.package_identification:_identify(src/quadruped_bringup) by extension 'ros'
[0.214s] DEBUG:colcon.colcon_core.package_identification:Package 'src/quadruped_bringup' with type 'ros.ament_cmake' and name 'quadruped_bringup'
[0.214s] Level 1:colcon.colcon_core.package_identification:_identify(src/quadruped_hardware) by extensions ['ignore', 'ignore_ament_install']
[0.214s] Level 1:colcon.colcon_core.package_identification:_identify(src/quadruped_hardware) by extension 'ignore'
[0.214s] Level 1:colcon.colcon_core.package_identification:_identify(src/quadruped_hardware) by extension 'ignore_ament_install'
[0.214s] Level 1:colcon.colcon_core.package_identification:_identify(src/quadruped_hardware) by extensions ['colcon_pkg']
[0.214s] Level 1:colcon.colcon_core.package_identification:_identify(src/quadruped_hardware) by extension 'colcon_pkg'
[0.214s] Level 1:colcon.colcon_core.package_identification:_identify(src/quadruped_hardware) by extensions ['colcon_meta']
[0.214s] Level 1:colcon.colcon_core.package_identification:_identify(src/quadruped_hardware) by extension 'colcon_meta'
[0.214s] Level 1:colcon.colcon_core.package_identification:_identify(src/quadruped_hardware) by extensions ['ros']
[0.214s] Level 1:colcon.colcon_core.package_identification:_identify(src/quadruped_hardware) by extension 'ros'
[0.215s] DEBUG:colcon.colcon_core.package_identification:Package 'src/quadruped_hardware' with type 'ros.ament_cmake' and name 'quadruped_hardware'
[0.215s] Level 1:colcon.colcon_core.package_identification:_identify(src/quadruped_mpc) by extensions ['ignore', 'ignore_ament_install']
[0.215s] Level 1:colcon.colcon_core.package_identification:_identify(src/quadruped_mpc) by extension 'ignore'
[0.215s] Level 1:colcon.colcon_core.package_identification:_identify(src/quadruped_mpc) by extension 'ignore_ament_install'
[0.215s] Level 1:colcon.colcon_core.package_identification:_identify(src/quadruped_mpc) by extensions ['colcon_pkg']
[0.215s] Level 1:colcon.colcon_core.package_identification:_identify(src/quadruped_mpc) by extension 'colcon_pkg'
[0.215s] Level 1:colcon.colcon_core.package_identification:_identify(src/quadruped_mpc) by extensions ['colcon_meta']
[0.215s] Level 1:colcon.colcon_core.package_identification:_identify(src/quadruped_mpc) by extension 'colcon_meta'
[0.215s] Level 1:colcon.colcon_core.package_identification:_identify(src/quadruped_mpc) by extensions ['ros']
[0.215s] Level 1:colcon.colcon_core.package_identification:_identify(src/quadruped_mpc) by extension 'ros'
[0.216s] DEBUG:colcon.colcon_core.package_identification:Package 'src/quadruped_mpc' with type 'ros.ament_cmake' and name 'quadruped_mpc'
[0.216s] Level 1:colcon.colcon_core.package_identification:_identify(src/quadruped_sim) by extensions ['ignore', 'ignore_ament_install']
[0.216s] Level 1:colcon.colcon_core.package_identification:_identify(src/quadruped_sim) by extension 'ignore'
[0.216s] Level 1:colcon.colcon_core.package_identification:_identify(src/quadruped_sim) by extension 'ignore_ament_install'
[0.216s] Level 1:colcon.colcon_core.package_identification:_identify(src/quadruped_sim) by extensions ['colcon_pkg']
[0.216s] Level 1:colcon.colcon_core.package_identification:_identify(src/quadruped_sim) by extension 'colcon_pkg'
[0.216s] Level 1:colcon.colcon_core.package_identification:_identify(src/quadruped_sim) by extensions ['colcon_meta']
[0.216s] Level 1:colcon.colcon_core.package_identification:_identify(src/quadruped_sim) by extension 'colcon_meta'
[0.216s] Level 1:colcon.colcon_core.package_identification:_identify(src/quadruped_sim) by extensions ['ros']
[0.216s] Level 1:colcon.colcon_core.package_identification:_identify(src/quadruped_sim) by extension 'ros'
[0.217s] DEBUG:colcon.colcon_core.package_identification:Package 'src/quadruped_sim' with type 'ros.ament_cmake' and name 'quadruped_sim'
[0.217s] Level 1:colcon.colcon_core.package_identification:_identify(src/quadruped_urdf) by extensions ['ignore', 'ignore_ament_install']
[0.217s] Level 1:colcon.colcon_core.package_identification:_identify(src/quadruped_urdf) by extension 'ignore'
[0.217s] Level 1:colcon.colcon_core.package_identification:_identify(src/quadruped_urdf) by extension 'ignore_ament_install'
[0.217s] Level 1:colcon.colcon_core.package_identification:_identify(src/quadruped_urdf) by extensions ['colcon_pkg']
[0.217s] Level 1:colcon.colcon_core.package_identification:_identify(src/quadruped_urdf) by extension 'colcon_pkg'
[0.217s] Level 1:colcon.colcon_core.package_identification:_identify(src/quadruped_urdf) by extensions ['colcon_meta']
[0.217s] Level 1:colcon.colcon_core.package_identification:_identify(src/quadruped_urdf) by extension 'colcon_meta'
[0.217s] Level 1:colcon.colcon_core.package_identification:_identify(src/quadruped_urdf) by extensions ['ros']
[0.217s] Level 1:colcon.colcon_core.package_identification:_identify(src/quadruped_urdf) by extension 'ros'
[0.218s] DEBUG:colcon.colcon_core.package_identification:Package 'src/quadruped_urdf' with type 'ros.ament_cmake' and name 'quadruped_urdf'
[0.218s] Level 1:colcon.colcon_core.package_discovery:discover_packages(recursive) using defaults
[0.218s] Level 1:colcon.colcon_core.package_discovery:discover_packages(ignore) discover
[0.218s] Level 1:colcon.colcon_core.package_discovery:discover_packages(ignore) using defaults
[0.218s] Level 1:colcon.colcon_core.package_discovery:discover_packages(path) discover
[0.218s] Level 1:colcon.colcon_core.package_discovery:discover_packages(path) using defaults
[0.250s] INFO:colcon.colcon_core.package_selection:Skipping package 'quadruped' in 'src/quadruped'
[0.250s] INFO:colcon.colcon_core.package_selection:Skipping package 'quadruped_mpc' in 'src/quadruped_mpc'
[0.251s] Level 5:colcon.colcon_core.verb:set package 'quadruped_bringup' build argument 'cmake_args' from command line to 'None'
[0.251s] Level 5:colcon.colcon_core.verb:set package 'quadruped_bringup' build argument 'cmake_target' from command line to 'None'
[0.251s] Level 5:colcon.colcon_core.verb:set package 'quadruped_bringup' build argument 'cmake_target_skip_unavailable' from command line to 'False'
[0.251s] Level 5:colcon.colcon_core.verb:set package 'quadruped_bringup' build argument 'cmake_clean_cache' from command line to 'False'
[0.251s] Level 5:colcon.colcon_core.verb:set package 'quadruped_bringup' build argument 'cmake_clean_first' from command line to 'False'
[0.251s] Level 5:colcon.colcon_core.verb:set package 'quadruped_bringup' build argument 'cmake_force_configure' from command line to 'False'
[0.251s] Level 5:colcon.colcon_core.verb:set package 'quadruped_bringup' build argument 'ament_cmake_args' from command line to 'None'
[0.251s] Level 5:colcon.colcon_core.verb:set package 'quadruped_bringup' build argument 'catkin_cmake_args' from command line to 'None'
[0.251s] Level 5:colcon.colcon_core.verb:set package 'quadruped_bringup' build argument 'catkin_skip_building_tests' from command line to 'False'
[0.251s] DEBUG:colcon.colcon_core.verb:Building package 'quadruped_bringup' with the following arguments: {'ament_cmake_args': None, 'build_base': '/home/ws/build/quadruped_bringup', 'catkin_cmake_args': None, 'catkin_skip_building_tests': False, 'cmake_args': None, 'cmake_clean_cache': False, 'cmake_clean_first': False, 'cmake_force_configure': False, 'cmake_target': None, 'cmake_target_skip_unavailable': False, 'install_base': '/home/ws/install/quadruped_bringup', 'merge_install': False, 'path': '/home/ws/src/quadruped_bringup', 'symlink_install': True, 'test_result_base': None}
[0.252s] Level 5:colcon.colcon_core.verb:set package 'quadruped_hardware' build argument 'cmake_args' from command line to 'None'
[0.252s] Level 5:colcon.colcon_core.verb:set package 'quadruped_hardware' build argument 'cmake_target' from command line to 'None'
[0.252s] Level 5:colcon.colcon_core.verb:set package 'quadruped_hardware' build argument 'cmake_target_skip_unavailable' from command line to 'False'
[0.252s] Level 5:colcon.colcon_core.verb:set package 'quadruped_hardware' build argument 'cmake_clean_cache' from command line to 'False'
[0.252s] Level 5:colcon.colcon_core.verb:set package 'quadruped_hardware' build argument 'cmake_clean_first' from command line to 'False'
[0.252s] Level 5:colcon.colcon_core.verb:set package 'quadruped_hardware' build argument 'cmake_force_configure' from command line to 'False'
[0.252s] Level 5:colcon.colcon_core.verb:set package 'quadruped_hardware' build argument 'ament_cmake_args' from command line to 'None'
[0.252s] Level 5:colcon.colcon_core.verb:set package 'quadruped_hardware' build argument 'catkin_cmake_args' from command line to 'None'
[0.252s] Level 5:colcon.colcon_core.verb:set package 'quadruped_hardware' build argument 'catkin_skip_building_tests' from command line to 'False'
[0.253s] DEBUG:colcon.colcon_core.verb:Building package 'quadruped_hardware' with the following arguments: {'ament_cmake_args': None, 'build_base': '/home/ws/build/quadruped_hardware', 'catkin_cmake_args': None, 'catkin_skip_building_tests': False, 'cmake_args': None, 'cmake_clean_cache': False, 'cmake_clean_first': False, 'cmake_force_configure': False, 'cmake_target': None, 'cmake_target_skip_unavailable': False, 'install_base': '/home/ws/install/quadruped_hardware', 'merge_install': False, 'path': '/home/ws/src/quadruped_hardware', 'symlink_install': True, 'test_result_base': None}
[0.253s] Level 5:colcon.colcon_core.verb:set package 'quadruped_sim' build argument 'cmake_args' from command line to 'None'
[0.253s] Level 5:colcon.colcon_core.verb:set package 'quadruped_sim' build argument 'cmake_target' from command line to 'None'
[0.253s] Level 5:colcon.colcon_core.verb:set package 'quadruped_sim' build argument 'cmake_target_skip_unavailable' from command line to 'False'
[0.253s] Level 5:colcon.colcon_core.verb:set package 'quadruped_sim' build argument 'cmake_clean_cache' from command line to 'False'
[0.253s] Level 5:colcon.colcon_core.verb:set package 'quadruped_sim' build argument 'cmake_clean_first' from command line to 'False'
[0.253s] Level 5:colcon.colcon_core.verb:set package 'quadruped_sim' build argument 'cmake_force_configure' from command line to 'False'
[0.253s] Level 5:colcon.colcon_core.verb:set package 'quadruped_sim' build argument 'ament_cmake_args' from command line to 'None'
[0.253s] Level 5:colcon.colcon_core.verb:set package 'quadruped_sim' build argument 'catkin_cmake_args' from command line to 'None'
[0.253s] Level 5:colcon.colcon_core.verb:set package 'quadruped_sim' build argument 'catkin_skip_building_tests' from command line to 'False'
[0.254s] DEBUG:colcon.colcon_core.verb:Building package 'quadruped_sim' with the following arguments: {'ament_cmake_args': None, 'build_base': '/home/ws/build/quadruped_sim', 'catkin_cmake_args': None, 'catkin_skip_building_tests': False, 'cmake_args': None, 'cmake_clean_cache': False, 'cmake_clean_first': False, 'cmake_force_configure': False, 'cmake_target': None, 'cmake_target_skip_unavailable': False, 'install_base': '/home/ws/install/quadruped_sim', 'merge_install': False, 'path': '/home/ws/src/quadruped_sim', 'symlink_install': True, 'test_result_base': None}
[0.254s] Level 5:colcon.colcon_core.verb:set package 'quadruped_urdf' build argument 'cmake_args' from command line to 'None'
[0.254s] Level 5:colcon.colcon_core.verb:set package 'quadruped_urdf' build argument 'cmake_target' from command line to 'None'
[0.254s] Level 5:colcon.colcon_core.verb:set package 'quadruped_urdf' build argument 'cmake_target_skip_unavailable' from command line to 'False'
[0.255s] Level 5:colcon.colcon_core.verb:set package 'quadruped_urdf' build argument 'cmake_clean_cache' from command line to 'False'
[0.255s] Level 5:colcon.colcon_core.verb:set package 'quadruped_urdf' build argument 'cmake_clean_first' from command line to 'False'
[0.255s] Level 5:colcon.colcon_core.verb:set package 'quadruped_urdf' build argument 'cmake_force_configure' from command line to 'False'
[0.255s] Level 5:colcon.colcon_core.verb:set package 'quadruped_urdf' build argument 'ament_cmake_args' from command line to 'None'
[0.255s] Level 5:colcon.colcon_core.verb:set package 'quadruped_urdf' build argument 'catkin_cmake_args' from command line to 'None'
[0.255s] Level 5:colcon.colcon_core.verb:set package 'quadruped_urdf' build argument 'catkin_skip_building_tests' from command line to 'False'
[0.255s] DEBUG:colcon.colcon_core.verb:Building package 'quadruped_urdf' with the following arguments: {'ament_cmake_args': None, 'build_base': '/home/ws/build/quadruped_urdf', 'catkin_cmake_args': None, 'catkin_skip_building_tests': False, 'cmake_args': None, 'cmake_clean_cache': False, 'cmake_clean_first': False, 'cmake_force_configure': False, 'cmake_target': None, 'cmake_target_skip_unavailable': False, 'install_base': '/home/ws/install/quadruped_urdf', 'merge_install': False, 'path': '/home/ws/src/quadruped_urdf', 'symlink_install': True, 'test_result_base': None}
[0.255s] INFO:colcon.colcon_core.executor:Executing jobs using 'parallel' executor
[0.258s] DEBUG:colcon.colcon_parallel_executor.executor.parallel:run_until_complete
[0.259s] INFO:colcon.colcon_ros.task.ament_cmake.build:Building ROS package in '/home/ws/src/quadruped_bringup' with build type 'ament_cmake'
[0.260s] INFO:colcon.colcon_cmake.task.cmake.build:Building CMake package in '/home/ws/src/quadruped_bringup'
[0.267s] INFO:colcon.colcon_core.plugin_system:Skipping extension 'colcon_core.shell.bat': Not used on non-Windows systems
[0.268s] INFO:colcon.colcon_core.shell:Skip shell extension 'powershell' for command environment: Not usable outside of PowerShell
[0.268s] DEBUG:colcon.colcon_core.shell:Skip shell extension 'dsv' for command environment
[0.270s] WARNING:colcon.colcon_ros.prefix_path.ament:The path '/home/ws/install/quadruped_simulation' in the environment variable AMENT_PREFIX_PATH doesn't exist
[0.270s] WARNING:colcon.colcon_ros.prefix_path.ament:The path '/home/ws/install/quadruped_controllers' in the environment variable AMENT_PREFIX_PATH doesn't exist
[0.279s] INFO:colcon.colcon_ros.task.ament_cmake.build:Building ROS package in '/home/ws/src/quadruped_hardware' with build type 'ament_cmake'
[0.279s] INFO:colcon.colcon_cmake.task.cmake.build:Building CMake package in '/home/ws/src/quadruped_hardware'
[0.279s] INFO:colcon.colcon_core.shell:Skip shell extension 'powershell' for command environment: Not usable outside of PowerShell
[0.279s] DEBUG:colcon.colcon_core.shell:Skip shell extension 'dsv' for command environment
[0.286s] INFO:colcon.colcon_ros.task.ament_cmake.build:Building ROS package in '/home/ws/src/quadruped_sim' with build type 'ament_cmake'
[0.287s] INFO:colcon.colcon_cmake.task.cmake.build:Building CMake package in '/home/ws/src/quadruped_sim'
[0.287s] INFO:colcon.colcon_core.shell:Skip shell extension 'powershell' for command environment: Not usable outside of PowerShell
[0.288s] DEBUG:colcon.colcon_core.shell:Skip shell extension 'dsv' for command environment
[0.295s] INFO:colcon.colcon_ros.task.ament_cmake.build:Building ROS package in '/home/ws/src/quadruped_urdf' with build type 'ament_cmake'
[0.295s] INFO:colcon.colcon_cmake.task.cmake.build:Building CMake package in '/home/ws/src/quadruped_urdf'
[0.296s] INFO:colcon.colcon_core.shell:Skip shell extension 'powershell' for command environment: Not usable outside of PowerShell
[0.296s] DEBUG:colcon.colcon_core.shell:Skip shell extension 'dsv' for command environment
[0.316s] DEBUG:colcon.colcon_core.event_handler.log_command:Invoking command in '/home/ws/build/quadruped_bringup': CMAKE_PREFIX_PATH=${CMAKE_PREFIX_PATH}:/home/ws/install/quadruped_simulation:/home/ws/install/quadruped_controllers:/opt/ros/jazzy /usr/bin/cmake --build /home/ws/build/quadruped_bringup -- -j20 -l20
[0.332s] DEBUG:colcon.colcon_core.event_handler.log_command:Invoking command in '/home/ws/build/quadruped_hardware': CMAKE_PREFIX_PATH=${CMAKE_PREFIX_PATH}:/home/ws/install/quadruped_simulation:/home/ws/install/quadruped_controllers:/opt/ros/jazzy /usr/bin/cmake --build /home/ws/build/quadruped_hardware -- -j20 -l20
[0.340s] DEBUG:colcon.colcon_core.event_handler.log_command:Invoking command in '/home/ws/build/quadruped_sim': CMAKE_PREFIX_PATH=${CMAKE_PREFIX_PATH}:/home/ws/install/quadruped_simulation:/home/ws/install/quadruped_controllers:/opt/ros/jazzy /usr/bin/cmake --build /home/ws/build/quadruped_sim -- -j20 -l20
[0.355s] DEBUG:colcon.colcon_core.event_handler.log_command:Invoking command in '/home/ws/build/quadruped_urdf': CMAKE_PREFIX_PATH=${CMAKE_PREFIX_PATH}:/home/ws/install/quadruped_simulation:/home/ws/install/quadruped_controllers:/opt/ros/jazzy /usr/bin/cmake --build /home/ws/build/quadruped_urdf -- -j20 -l20
[0.458s] DEBUG:colcon.colcon_core.event_handler.log_command:Invoked command in '/home/ws/build/quadruped_hardware' returned '0': CMAKE_PREFIX_PATH=${CMAKE_PREFIX_PATH}:/home/ws/install/quadruped_simulation:/home/ws/install/quadruped_controllers:/opt/ros/jazzy /usr/bin/cmake --build /home/ws/build/quadruped_hardware -- -j20 -l20
[0.461s] DEBUG:colcon.colcon_core.event_handler.log_command:Invoked command in '/home/ws/build/quadruped_bringup' returned '0': CMAKE_PREFIX_PATH=${CMAKE_PREFIX_PATH}:/home/ws/install/quadruped_simulation:/home/ws/install/quadruped_controllers:/opt/ros/jazzy /usr/bin/cmake --build /home/ws/build/quadruped_bringup -- -j20 -l20
[0.463s] DEBUG:colcon.colcon_core.event_handler.log_command:Invoked command in '/home/ws/build/quadruped_sim' returned '0': CMAKE_PREFIX_PATH=${CMAKE_PREFIX_PATH}:/home/ws/install/quadruped_simulation:/home/ws/install/quadruped_controllers:/opt/ros/jazzy /usr/bin/cmake --build /home/ws/build/quadruped_sim -- -j20 -l20
[0.474s] DEBUG:colcon.colcon_core.event_handler.log_command:Invoked command in '/home/ws/build/quadruped_urdf' returned '0': CMAKE_PREFIX_PATH=${CMAKE_PREFIX_PATH}:/home/ws/install/quadruped_simulation:/home/ws/install/quadruped_controllers:/opt/ros/jazzy /usr/bin/cmake --build /home/ws/build/quadruped_urdf -- -j20 -l20
[0.563s] DEBUG:colcon.colcon_core.event_handler.log_command:Invoking command in '/home/ws/build/quadruped_hardware': CMAKE_PREFIX_PATH=${CMAKE_PREFIX_PATH}:/home/ws/install/quadruped_simulation:/home/ws/install/quadruped_controllers:/opt/ros/jazzy /usr/bin/cmake --install /home/ws/build/quadruped_hardware
[0.569s] DEBUG:colcon.colcon_core.event_handler.log_command:Invoking command in '/home/ws/build/quadruped_sim': CMAKE_PREFIX_PATH=${CMAKE_PREFIX_PATH}:/home/ws/install/quadruped_simulation:/home/ws/install/quadruped_controllers:/opt/ros/jazzy /usr/bin/cmake --install /home/ws/build/quadruped_sim
[0.572s] DEBUG:colcon.colcon_core.event_handler.log_command:Invoking command in '/home/ws/build/quadruped_urdf': CMAKE_PREFIX_PATH=${CMAKE_PREFIX_PATH}:/home/ws/install/quadruped_simulation:/home/ws/install/quadruped_controllers:/opt/ros/jazzy /usr/bin/cmake --install /home/ws/build/quadruped_urdf
[0.576s] DEBUG:colcon.colcon_core.event_handler.log_command:Invoking command in '/home/ws/build/quadruped_bringup': CMAKE_PREFIX_PATH=${CMAKE_PREFIX_PATH}:/home/ws/install/quadruped_simulation:/home/ws/install/quadruped_controllers:/opt/ros/jazzy /usr/bin/cmake --install /home/ws/build/quadruped_bringup
[0.629s] Level 1:colcon.colcon_core.environment:create_environment_scripts_only(quadruped_hardware)
[0.630s] DEBUG:colcon.colcon_core.event_handler.log_command:Invoked command in '/home/ws/build/quadruped_hardware' returned '0': CMAKE_PREFIX_PATH=${CMAKE_PREFIX_PATH}:/home/ws/install/quadruped_simulation:/home/ws/install/quadruped_controllers:/opt/ros/jazzy /usr/bin/cmake --install /home/ws/build/quadruped_hardware
[0.635s] Level 1:colcon.colcon_core.environment:checking '/home/ws/install/quadruped_hardware' for CMake module files
[0.636s] Level 1:colcon.colcon_core.environment:checking '/home/ws/install/quadruped_hardware' for CMake config files
[0.637s] Level 1:colcon.colcon_core.shell:create_environment_hook('quadruped_hardware', 'cmake_prefix_path')
[0.637s] INFO:colcon.colcon_core.shell:Creating environment hook '/home/ws/install/quadruped_hardware/share/quadruped_hardware/hook/cmake_prefix_path.ps1'
[0.638s] INFO:colcon.colcon_core.shell:Creating environment descriptor '/home/ws/install/quadruped_hardware/share/quadruped_hardware/hook/cmake_prefix_path.dsv'
[0.638s] INFO:colcon.colcon_core.shell:Creating environment hook '/home/ws/install/quadruped_hardware/share/quadruped_hardware/hook/cmake_prefix_path.sh'
[0.640s] Level 1:colcon.colcon_core.environment:checking '/home/ws/install/quadruped_hardware/bin'
[0.640s] Level 1:colcon.colcon_core.environment:checking '/home/ws/install/quadruped_hardware/lib/pkgconfig/quadruped_hardware.pc'
[0.645s] Level 1:colcon.colcon_core.environment:checking '/home/ws/install/quadruped_hardware/lib/python3.12/site-packages'
[0.645s] Level 1:colcon.colcon_core.environment:checking '/home/ws/install/quadruped_hardware/bin'
[0.646s] INFO:colcon.colcon_core.shell:Creating package script '/home/ws/install/quadruped_hardware/share/quadruped_hardware/package.ps1'
[0.647s] INFO:colcon.colcon_core.shell:Creating package descriptor '/home/ws/install/quadruped_hardware/share/quadruped_hardware/package.dsv'
[0.648s] INFO:colcon.colcon_core.shell:Creating package script '/home/ws/install/quadruped_hardware/share/quadruped_hardware/package.sh'
[0.649s] INFO:colcon.colcon_core.shell:Creating package script '/home/ws/install/quadruped_hardware/share/quadruped_hardware/package.bash'
[0.650s] INFO:colcon.colcon_core.shell:Creating package script '/home/ws/install/quadruped_hardware/share/quadruped_hardware/package.zsh'
[0.653s] Level 1:colcon.colcon_core.environment:create_file_with_runtime_dependencies(/home/ws/install/quadruped_hardware/share/colcon-core/packages/quadruped_hardware)
[0.656s] Level 1:colcon.colcon_core.environment:create_environment_scripts_only(quadruped_sim)
[0.657s] Level 1:colcon.colcon_core.environment:checking '/home/ws/install/quadruped_sim' for CMake module files
[0.657s] DEBUG:colcon.colcon_core.event_handler.log_command:Invoked command in '/home/ws/build/quadruped_sim' returned '0': CMAKE_PREFIX_PATH=${CMAKE_PREFIX_PATH}:/home/ws/install/quadruped_simulation:/home/ws/install/quadruped_controllers:/opt/ros/jazzy /usr/bin/cmake --install /home/ws/build/quadruped_sim
[0.658s] Level 1:colcon.colcon_core.environment:checking '/home/ws/install/quadruped_sim' for CMake config files
[0.659s] Level 1:colcon.colcon_core.shell:create_environment_hook('quadruped_sim', 'cmake_prefix_path')
[0.659s] INFO:colcon.colcon_core.shell:Creating environment hook '/home/ws/install/quadruped_sim/share/quadruped_sim/hook/cmake_prefix_path.ps1'
[0.660s] INFO:colcon.colcon_core.shell:Creating environment descriptor '/home/ws/install/quadruped_sim/share/quadruped_sim/hook/cmake_prefix_path.dsv'
[0.660s] INFO:colcon.colcon_core.shell:Creating environment hook '/home/ws/install/quadruped_sim/share/quadruped_sim/hook/cmake_prefix_path.sh'
[0.661s] Level 1:colcon.colcon_core.environment:checking '/home/ws/install/quadruped_sim/bin'
[0.661s] Level 1:colcon.colcon_core.environment:checking '/home/ws/install/quadruped_sim/lib/pkgconfig/quadruped_sim.pc'
[0.661s] Level 1:colcon.colcon_core.environment:checking '/home/ws/install/quadruped_sim/lib/python3.12/site-packages'
[0.662s] Level 1:colcon.colcon_core.environment:checking '/home/ws/install/quadruped_sim/bin'
[0.662s] INFO:colcon.colcon_core.shell:Creating package script '/home/ws/install/quadruped_sim/share/quadruped_sim/package.ps1'
[0.663s] INFO:colcon.colcon_core.shell:Creating package descriptor '/home/ws/install/quadruped_sim/share/quadruped_sim/package.dsv'
[0.663s] INFO:colcon.colcon_core.shell:Creating package script '/home/ws/install/quadruped_sim/share/quadruped_sim/package.sh'
[0.664s] INFO:colcon.colcon_core.shell:Creating package script '/home/ws/install/quadruped_sim/share/quadruped_sim/package.bash'
[0.664s] INFO:colcon.colcon_core.shell:Creating package script '/home/ws/install/quadruped_sim/share/quadruped_sim/package.zsh'
[0.665s] Level 1:colcon.colcon_core.environment:create_file_with_runtime_dependencies(/home/ws/install/quadruped_sim/share/colcon-core/packages/quadruped_sim)
[0.666s] Level 1:colcon.colcon_core.environment:create_environment_scripts_only(quadruped_urdf)
[0.666s] Level 1:colcon.colcon_core.environment:checking '/home/ws/install/quadruped_urdf' for CMake module files
[0.667s] DEBUG:colcon.colcon_core.event_handler.log_command:Invoked command in '/home/ws/build/quadruped_urdf' returned '0': CMAKE_PREFIX_PATH=${CMAKE_PREFIX_PATH}:/home/ws/install/quadruped_simulation:/home/ws/install/quadruped_controllers:/opt/ros/jazzy /usr/bin/cmake --install /home/ws/build/quadruped_urdf
[0.668s] Level 1:colcon.colcon_core.environment:checking '/home/ws/install/quadruped_urdf' for CMake config files
[0.669s] Level 1:colcon.colcon_core.shell:create_environment_hook('quadruped_urdf', 'cmake_prefix_path')
[0.669s] INFO:colcon.colcon_core.shell:Creating environment hook '/home/ws/install/quadruped_urdf/share/quadruped_urdf/hook/cmake_prefix_path.ps1'
[0.669s] INFO:colcon.colcon_core.shell:Creating environment descriptor '/home/ws/install/quadruped_urdf/share/quadruped_urdf/hook/cmake_prefix_path.dsv'
[0.670s] INFO:colcon.colcon_core.shell:Creating environment hook '/home/ws/install/quadruped_urdf/share/quadruped_urdf/hook/cmake_prefix_path.sh'
[0.671s] Level 1:colcon.colcon_core.environment:checking '/home/ws/install/quadruped_urdf/bin'
[0.672s] Level 1:colcon.colcon_core.environment:checking '/home/ws/install/quadruped_urdf/lib/pkgconfig/quadruped_urdf.pc'
[0.672s] Level 1:colcon.colcon_core.environment:checking '/home/ws/install/quadruped_urdf/lib/python3.12/site-packages'
[0.672s] Level 1:colcon.colcon_core.environment:checking '/home/ws/install/quadruped_urdf/bin'
[0.673s] INFO:colcon.colcon_core.shell:Creating package script '/home/ws/install/quadruped_urdf/share/quadruped_urdf/package.ps1'
[0.674s] INFO:colcon.colcon_core.shell:Creating package descriptor '/home/ws/install/quadruped_urdf/share/quadruped_urdf/package.dsv'
[0.675s] INFO:colcon.colcon_core.shell:Creating package script '/home/ws/install/quadruped_urdf/share/quadruped_urdf/package.sh'
[0.675s] INFO:colcon.colcon_core.shell:Creating package script '/home/ws/install/quadruped_urdf/share/quadruped_urdf/package.bash'
[0.676s] INFO:colcon.colcon_core.shell:Creating package script '/home/ws/install/quadruped_urdf/share/quadruped_urdf/package.zsh'
[0.676s] Level 1:colcon.colcon_core.environment:create_file_with_runtime_dependencies(/home/ws/install/quadruped_urdf/share/colcon-core/packages/quadruped_urdf)
[0.678s] Level 1:colcon.colcon_core.environment:create_environment_scripts_only(quadruped_bringup)
[0.679s] Level 1:colcon.colcon_core.environment:checking '/home/ws/install/quadruped_bringup' for CMake module files
[0.680s] DEBUG:colcon.colcon_core.event_handler.log_command:Invoked command in '/home/ws/build/quadruped_bringup' returned '0': CMAKE_PREFIX_PATH=${CMAKE_PREFIX_PATH}:/home/ws/install/quadruped_simulation:/home/ws/install/quadruped_controllers:/opt/ros/jazzy /usr/bin/cmake --install /home/ws/build/quadruped_bringup
[0.681s] Level 1:colcon.colcon_core.environment:checking '/home/ws/install/quadruped_bringup' for CMake config files
[0.682s] Level 1:colcon.colcon_core.shell:create_environment_hook('quadruped_bringup', 'cmake_prefix_path')
[0.683s] INFO:colcon.colcon_core.shell:Creating environment hook '/home/ws/install/quadruped_bringup/share/quadruped_bringup/hook/cmake_prefix_path.ps1'
[0.684s] INFO:colcon.colcon_core.shell:Creating environment descriptor '/home/ws/install/quadruped_bringup/share/quadruped_bringup/hook/cmake_prefix_path.dsv'
[0.685s] INFO:colcon.colcon_core.shell:Creating environment hook '/home/ws/install/quadruped_bringup/share/quadruped_bringup/hook/cmake_prefix_path.sh'
[0.686s] Level 1:colcon.colcon_core.environment:checking '/home/ws/install/quadruped_bringup/bin'
[0.687s] Level 1:colcon.colcon_core.environment:checking '/home/ws/install/quadruped_bringup/lib/pkgconfig/quadruped_bringup.pc'
[0.687s] Level 1:colcon.colcon_core.environment:checking '/home/ws/install/quadruped_bringup/lib/python3.12/site-packages'
[0.688s] Level 1:colcon.colcon_core.environment:checking '/home/ws/install/quadruped_bringup/bin'
[0.689s] INFO:colcon.colcon_core.shell:Creating package script '/home/ws/install/quadruped_bringup/share/quadruped_bringup/package.ps1'
[0.691s] INFO:colcon.colcon_core.shell:Creating package descriptor '/home/ws/install/quadruped_bringup/share/quadruped_bringup/package.dsv'
[0.692s] INFO:colcon.colcon_core.shell:Creating package script '/home/ws/install/quadruped_bringup/share/quadruped_bringup/package.sh'
[0.693s] INFO:colcon.colcon_core.shell:Creating package script '/home/ws/install/quadruped_bringup/share/quadruped_bringup/package.bash'
[0.694s] INFO:colcon.colcon_core.shell:Creating package script '/home/ws/install/quadruped_bringup/share/quadruped_bringup/package.zsh'
[0.694s] Level 1:colcon.colcon_core.environment:create_file_with_runtime_dependencies(/home/ws/install/quadruped_bringup/share/colcon-core/packages/quadruped_bringup)
[0.721s] Level 1:colcon.colcon_core.environment:create_environment_scripts_only(quadruped_hardware)
[0.721s] Level 1:colcon.colcon_core.environment:checking '/home/ws/install/quadruped_hardware' for CMake module files
[0.722s] Level 1:colcon.colcon_core.environment:checking '/home/ws/install/quadruped_hardware' for CMake config files
[0.723s] Level 1:colcon.colcon_core.shell:create_environment_hook('quadruped_hardware', 'cmake_prefix_path')
[0.723s] INFO:colcon.colcon_core.shell:Creating environment hook '/home/ws/install/quadruped_hardware/share/quadruped_hardware/hook/cmake_prefix_path.ps1'
[0.725s] INFO:colcon.colcon_core.shell:Creating environment descriptor '/home/ws/install/quadruped_hardware/share/quadruped_hardware/hook/cmake_prefix_path.dsv'
[0.725s] INFO:colcon.colcon_core.shell:Creating environment hook '/home/ws/install/quadruped_hardware/share/quadruped_hardware/hook/cmake_prefix_path.sh'
[0.727s] Level 1:colcon.colcon_core.environment:checking '/home/ws/install/quadruped_hardware/bin'
[0.727s] Level 1:colcon.colcon_core.environment:checking '/home/ws/install/quadruped_hardware/lib/pkgconfig/quadruped_hardware.pc'
[0.728s] Level 1:colcon.colcon_core.environment:checking '/home/ws/install/quadruped_hardware/lib/python3.12/site-packages'
[0.728s] Level 1:colcon.colcon_core.environment:checking '/home/ws/install/quadruped_hardware/bin'
[0.729s] INFO:colcon.colcon_core.shell:Creating package script '/home/ws/install/quadruped_hardware/share/quadruped_hardware/package.ps1'
[0.730s] INFO:colcon.colcon_core.shell:Creating package descriptor '/home/ws/install/quadruped_hardware/share/quadruped_hardware/package.dsv'
[0.731s] INFO:colcon.colcon_core.shell:Creating package script '/home/ws/install/quadruped_hardware/share/quadruped_hardware/package.sh'
[0.732s] INFO:colcon.colcon_core.shell:Creating package script '/home/ws/install/quadruped_hardware/share/quadruped_hardware/package.bash'
[0.733s] INFO:colcon.colcon_core.shell:Creating package script '/home/ws/install/quadruped_hardware/share/quadruped_hardware/package.zsh'
[0.734s] Level 1:colcon.colcon_core.environment:create_file_with_runtime_dependencies(/home/ws/install/quadruped_hardware/share/colcon-core/packages/quadruped_hardware)
[0.738s] Level 1:colcon.colcon_core.environment:create_environment_scripts_only(quadruped_sim)
[0.739s] Level 1:colcon.colcon_core.environment:checking '/home/ws/install/quadruped_sim' for CMake module files
[0.741s] Level 1:colcon.colcon_core.environment:checking '/home/ws/install/quadruped_sim' for CMake config files
[0.742s] Level 1:colcon.colcon_core.shell:create_environment_hook('quadruped_sim', 'cmake_prefix_path')
[0.743s] INFO:colcon.colcon_core.shell:Creating environment hook '/home/ws/install/quadruped_sim/share/quadruped_sim/hook/cmake_prefix_path.ps1'
[0.745s] INFO:colcon.colcon_core.shell:Creating environment descriptor '/home/ws/install/quadruped_sim/share/quadruped_sim/hook/cmake_prefix_path.dsv'
[0.746s] INFO:colcon.colcon_core.shell:Creating environment hook '/home/ws/install/quadruped_sim/share/quadruped_sim/hook/cmake_prefix_path.sh'
[0.748s] Level 1:colcon.colcon_core.environment:checking '/home/ws/install/quadruped_sim/bin'
[0.749s] Level 1:colcon.colcon_core.environment:checking '/home/ws/install/quadruped_sim/lib/pkgconfig/quadruped_sim.pc'
[0.750s] Level 1:colcon.colcon_core.environment:checking '/home/ws/install/quadruped_sim/lib/python3.12/site-packages'
[0.751s] Level 1:colcon.colcon_core.environment:checking '/home/ws/install/quadruped_sim/bin'
[0.751s] INFO:colcon.colcon_core.shell:Creating package script '/home/ws/install/quadruped_sim/share/quadruped_sim/package.ps1'
[0.754s] INFO:colcon.colcon_core.shell:Creating package descriptor '/home/ws/install/quadruped_sim/share/quadruped_sim/package.dsv'
[0.755s] INFO:colcon.colcon_core.shell:Creating package script '/home/ws/install/quadruped_sim/share/quadruped_sim/package.sh'
[0.756s] INFO:colcon.colcon_core.shell:Creating package script '/home/ws/install/quadruped_sim/share/quadruped_sim/package.bash'
[0.757s] INFO:colcon.colcon_core.shell:Creating package script '/home/ws/install/quadruped_sim/share/quadruped_sim/package.zsh'
[0.757s] Level 1:colcon.colcon_core.environment:create_file_with_runtime_dependencies(/home/ws/install/quadruped_sim/share/colcon-core/packages/quadruped_sim)
[0.761s] Level 1:colcon.colcon_core.environment:create_environment_scripts_only(quadruped_urdf)
[0.761s] Level 1:colcon.colcon_core.environment:checking '/home/ws/install/quadruped_urdf' for CMake module files
[0.762s] Level 1:colcon.colcon_core.environment:checking '/home/ws/install/quadruped_urdf' for CMake config files
[0.763s] Level 1:colcon.colcon_core.shell:create_environment_hook('quadruped_urdf', 'cmake_prefix_path')
[0.764s] INFO:colcon.colcon_core.shell:Creating environment hook '/home/ws/install/quadruped_urdf/share/quadruped_urdf/hook/cmake_prefix_path.ps1'
[0.765s] INFO:colcon.colcon_core.shell:Creating environment descriptor '/home/ws/install/quadruped_urdf/share/quadruped_urdf/hook/cmake_prefix_path.dsv'
[0.766s] INFO:colcon.colcon_core.shell:Creating environment hook '/home/ws/install/quadruped_urdf/share/quadruped_urdf/hook/cmake_prefix_path.sh'
[0.767s] Level 1:colcon.colcon_core.environment:checking '/home/ws/install/quadruped_urdf/bin'
[0.767s] Level 1:colcon.colcon_core.environment:checking '/home/ws/install/quadruped_urdf/lib/pkgconfig/quadruped_urdf.pc'
[0.768s] Level 1:colcon.colcon_core.environment:checking '/home/ws/install/quadruped_urdf/lib/python3.12/site-packages'
[0.768s] Level 1:colcon.colcon_core.environment:checking '/home/ws/install/quadruped_urdf/bin'
[0.769s] INFO:colcon.colcon_core.shell:Creating package script '/home/ws/install/quadruped_urdf/share/quadruped_urdf/package.ps1'
[0.770s] INFO:colcon.colcon_core.shell:Creating package descriptor '/home/ws/install/quadruped_urdf/share/quadruped_urdf/package.dsv'
[0.771s] INFO:colcon.colcon_core.shell:Creating package script '/home/ws/install/quadruped_urdf/share/quadruped_urdf/package.sh'
[0.772s] INFO:colcon.colcon_core.shell:Creating package script '/home/ws/install/quadruped_urdf/share/quadruped_urdf/package.bash'
[0.773s] INFO:colcon.colcon_core.shell:Creating package script '/home/ws/install/quadruped_urdf/share/quadruped_urdf/package.zsh'
[0.774s] Level 1:colcon.colcon_core.environment:create_file_with_runtime_dependencies(/home/ws/install/quadruped_urdf/share/colcon-core/packages/quadruped_urdf)
[0.785s] Level 1:colcon.colcon_core.environment:create_environment_scripts_only(quadruped_bringup)
[0.786s] Level 1:colcon.colcon_core.environment:checking '/home/ws/install/quadruped_bringup' for CMake module files
[0.787s] Level 1:colcon.colcon_core.environment:checking '/home/ws/install/quadruped_bringup' for CMake config files
[0.788s] Level 1:colcon.colcon_core.shell:create_environment_hook('quadruped_bringup', 'cmake_prefix_path')
[0.788s] INFO:colcon.colcon_core.shell:Creating environment hook '/home/ws/install/quadruped_bringup/share/quadruped_bringup/hook/cmake_prefix_path.ps1'
[0.789s] INFO:colcon.colcon_core.shell:Creating environment descriptor '/home/ws/install/quadruped_bringup/share/quadruped_bringup/hook/cmake_prefix_path.dsv'
[0.790s] INFO:colcon.colcon_core.shell:Creating environment hook '/home/ws/install/quadruped_bringup/share/quadruped_bringup/hook/cmake_prefix_path.sh'
[0.792s] Level 1:colcon.colcon_core.environment:checking '/home/ws/install/quadruped_bringup/bin'
[0.792s] Level 1:colcon.colcon_core.environment:checking '/home/ws/install/quadruped_bringup/lib/pkgconfig/quadruped_bringup.pc'
[0.793s] Level 1:colcon.colcon_core.environment:checking '/home/ws/install/quadruped_bringup/lib/python3.12/site-packages'
[0.793s] Level 1:colcon.colcon_core.environment:checking '/home/ws/install/quadruped_bringup/bin'
[0.794s] INFO:colcon.colcon_core.shell:Creating package script '/home/ws/install/quadruped_bringup/share/quadruped_bringup/package.ps1'
[0.795s] INFO:colcon.colcon_core.shell:Creating package descriptor '/home/ws/install/quadruped_bringup/share/quadruped_bringup/package.dsv'
[0.797s] INFO:colcon.colcon_core.shell:Creating package script '/home/ws/install/quadruped_bringup/share/quadruped_bringup/package.sh'
[0.798s] INFO:colcon.colcon_core.shell:Creating package script '/home/ws/install/quadruped_bringup/share/quadruped_bringup/package.bash'
[0.799s] INFO:colcon.colcon_core.shell:Creating package script '/home/ws/install/quadruped_bringup/share/quadruped_bringup/package.zsh'
[0.799s] Level 1:colcon.colcon_core.environment:create_file_with_runtime_dependencies(/home/ws/install/quadruped_bringup/share/colcon-core/packages/quadruped_bringup)
[0.800s] DEBUG:colcon.colcon_parallel_executor.executor.parallel:closing loop
[0.800s] DEBUG:colcon.colcon_parallel_executor.executor.parallel:loop closed
[0.800s] DEBUG:colcon.colcon_parallel_executor.executor.parallel:run_until_complete finished with '0'
[0.801s] DEBUG:colcon.colcon_core.event_reactor:joining thread
[0.819s] INFO:colcon.colcon_core.plugin_system:Skipping extension 'colcon_notification.desktop_notification.notify_send': Could not find 'notify-send'
[0.820s] INFO:colcon.colcon_core.plugin_system:Skipping extension 'colcon_notification.desktop_notification.terminal_notifier': Not used on non-Darwin systems
[0.820s] INFO:colcon.colcon_core.plugin_system:Skipping extension 'colcon_notification.desktop_notification.win32': Not used on non-Windows systems
[0.820s] INFO:colcon.colcon_notification.desktop_notification:Sending desktop notification using 'notify2'
[0.827s] DEBUG:colcon.colcon_notification.desktop_notification.notify2:Failed to initialize notify2: org.freedesktop.DBus.Error.Spawn.ExecFailed: /usr/bin/dbus-launch terminated abnormally without any error message
[0.828s] DEBUG:colcon.colcon_core.event_reactor:joined thread
[0.829s] INFO:colcon.colcon_core.shell:Creating prefix script '/home/ws/install/local_setup.ps1'
[0.832s] INFO:colcon.colcon_core.shell:Creating prefix util module '/home/ws/install/_local_setup_util_ps1.py'
[0.834s] INFO:colcon.colcon_core.shell:Creating prefix chain script '/home/ws/install/setup.ps1'
[0.839s] INFO:colcon.colcon_core.shell:Creating prefix script '/home/ws/install/local_setup.sh'
[0.840s] INFO:colcon.colcon_core.shell:Creating prefix util module '/home/ws/install/_local_setup_util_sh.py'
[0.842s] INFO:colcon.colcon_core.shell:Creating prefix chain script '/home/ws/install/setup.sh'
[0.845s] INFO:colcon.colcon_core.shell:Creating prefix script '/home/ws/install/local_setup.bash'
[0.846s] INFO:colcon.colcon_core.shell:Creating prefix chain script '/home/ws/install/setup.bash'
[0.849s] INFO:colcon.colcon_core.shell:Creating prefix script '/home/ws/install/local_setup.zsh'
[0.850s] INFO:colcon.colcon_core.shell:Creating prefix chain script '/home/ws/install/setup.zsh'
