[0.033s] Invoking command in '/home/ws/build/quadruped': CMAKE_PREFIX_PATH=${CMAKE_PREFIX_PATH}:/home/ws/install/quadruped_simulation:/home/ws/install/quadruped_controllers:/opt/ros/jazzy /usr/bin/cmake --build /home/ws/build/quadruped -- -j20 -l20
[0.352s] -- Found ament_cmake: 2.5.2 (/opt/ros/jazzy/share/ament_cmake/cmake)
[0.352s] -- Found Python3: /usr/bin/python3 (found version "3.12.3") found components: Interpreter 
[0.352s] -- Override CMake install command with custom implementation using symlinks instead of copying resources
[0.352s] -- Found rclcpp: 28.1.5 (/opt/ros/jazzy/share/rclcpp/cmake)
[0.353s] -- Found rosidl_generator_c: 4.6.4 (/opt/ros/jazzy/share/rosidl_generator_c/cmake)
[0.353s] -- Found rosidl_generator_cpp: 4.6.4 (/opt/ros/jazzy/share/rosidl_generator_cpp/cmake)
[0.353s] -- Using all available rosidl_typesupport_c: rosidl_typesupport_fastrtps_c;rosidl_typesupport_introspection_c
[0.369s] -- Using all available rosidl_typesupport_cpp: rosidl_typesupport_fastrtps_cpp;rosidl_typesupport_introspection_cpp
[0.461s] -- Found rmw_implementation_cmake: 7.3.1 (/opt/ros/jazzy/share/rmw_implementation_cmake/cmake)
[0.463s] -- Found rmw_fastrtps_cpp: 8.4.1 (/opt/ros/jazzy/share/rmw_fastrtps_cpp/cmake)
[0.577s] -- Using RMW implementation 'rmw_fastrtps_cpp' as default
[0.739s] -- Found hardware_interface: 4.18.0 (/opt/ros/jazzy/share/hardware_interface/cmake)
[1.031s] -- Found controller_interface: 4.18.0 (/opt/ros/jazzy/share/controller_interface/cmake)
[1.033s] -- Found controller_manager: 4.18.0 (/opt/ros/jazzy/share/controller_manager/cmake)
[1.114s] -- Found ros2_control: 4.18.0 (/opt/ros/jazzy/share/ros2_control/cmake)
[1.114s] -- Found ros_gz_sim: 1.0.5 (/opt/ros/jazzy/share/ros_gz_sim/cmake)
[1.117s] -- Looking for gz-sim8 -- found version 8.6.0
[1.124s] -- Searching for dependencies of gz-sim8
[1.125s] -- Looking for sdformat14 -- found version 14.5.0
[1.125s] -- Searching for dependencies of sdformat14
[1.134s] -- Checking for module 'tinyxml2'
[1.162s] --   Found tinyxml2, version 10.0.0
[1.225s] -- Looking for gz-math7 -- found version 7.5.0
[1.226s] -- Searching for dependencies of gz-math7
[1.226s] -- Looking for gz-utils2 -- found version 2.2.0
[1.226s] -- Searching for dependencies of gz-utils2
[1.229s] -- Looking for gz-utils2 -- found version 2.2.0
[1.229s] -- Searching for dependencies of gz-utils2
[1.229s] -- Searching for <gz-utils2> component [cli]
[1.230s] -- Looking for gz-utils2-cli -- found version 2.2.0
[1.230s] -- Searching for dependencies of gz-utils2-cli
[1.231s] -- Looking for gz-plugin2 -- found version 2.0.3
[1.232s] -- Searching for dependencies of gz-plugin2
[1.232s] -- Looking for gz-utils2 -- found version 2.2.0
[1.232s] -- Searching for <gz-plugin2> component [loader]
[1.233s] -- Looking for gz-plugin2-loader -- found version 2.0.3
[1.233s] -- Searching for dependencies of gz-plugin2-loader
[1.234s] -- Searching for <gz-plugin2> component [register]
[1.234s] -- Looking for gz-plugin2-register -- found version 2.0.3
[1.235s] -- Searching for dependencies of gz-plugin2-register
[1.236s] -- Looking for gz-transport13 -- found version 13.4.0
[1.236s] -- Searching for dependencies of gz-transport13
[1.304s] -- Config-file not installed for ZeroMQ -- checking for pkg-config
[1.317s] -- Checking for module 'libzmq >= 4'
[1.348s] --   Found libzmq, version 4.3.5
[1.443s] -- Checking for module 'uuid'
[1.469s] --   Found uuid, version 2.39.3
[1.542s] -- Looking for gz-utils2 -- found version 2.2.0
[1.543s] -- Looking for gz-msgs10 -- found version 10.3.0
[1.543s] -- Searching for dependencies of gz-msgs10
[1.582s] -- Looking for gz-utils2 -- found version 2.2.0
[1.583s] -- Looking for gz-math7 -- found version 7.5.0
[1.638s] -- Searching for <gz-transport13> component [log]
[1.639s] -- Looking for gz-transport13-log -- found version 13.4.0
[1.640s] -- Searching for dependencies of gz-transport13-log
[1.640s] -- Searching for <gz-transport13> component [parameters]
[1.640s] -- Looking for gz-transport13-parameters -- found version 13.4.0
[1.641s] -- Searching for dependencies of gz-transport13-parameters
[1.642s] -- Looking for gz-msgs10 -- found version 10.3.0
[1.643s] -- Looking for gz-common5 -- found version 5.6.0
[1.643s] -- Searching for dependencies of gz-common5
[1.643s] -- Looking for gz-utils2 -- found version 2.2.0
[1.644s] -- Looking for dlfcn.h - found
[1.644s] -- Looking for libdl - found
[1.661s] -- Searching for <gz-common5> component [av]
[1.663s] -- Looking for gz-common5-av -- found version 5.6.0
[1.663s] -- Searching for dependencies of gz-common5-av
[1.673s] -- Checking for module 'libswscale'
[1.705s] --   Found libswscale, version 7.5.100
[1.787s] -- Checking for module 'libavdevice >= 56.4.100'
[1.813s] --   Found libavdevice, version 60.3.100
[1.923s] -- Checking for module 'libavformat'
[1.959s] --   Found libavformat, version 60.16.100
[2.076s] -- Checking for module 'libavcodec'
[2.112s] --   Found libavcodec, version 60.31.102
[2.214s] -- Checking for module 'libavutil'
[2.261s] --   Found libavutil, version 58.29.100
[2.337s] -- Searching for <gz-common5> component [events]
[2.339s] -- Looking for gz-common5-events -- found version 5.6.0
[2.340s] -- Searching for dependencies of gz-common5-events
[2.340s] -- Looking for gz-math7 -- found version 7.5.0
[2.342s] -- Searching for <gz-common5> component [graphics]
[2.343s] -- Looking for gz-common5-graphics -- found version 5.6.0
[2.343s] -- Searching for dependencies of gz-common5-graphics
[2.344s] -- Looking for gz-math7 -- found version 7.5.0
[2.350s] -- Searching for <gz-common5> component [io]
[2.350s] -- Looking for gz-common5-io -- found version 5.6.0
[2.351s] -- Searching for dependencies of gz-common5-io
[2.352s] -- Searching for <gz-common5> component [profiler]
[2.352s] -- Looking for gz-common5-profiler -- found version 5.6.0
[2.353s] -- Searching for dependencies of gz-common5-profiler
[2.356s] -- Looking for gz-fuel_tools9 -- found version 9.1.0
[2.356s] -- Searching for dependencies of gz-fuel_tools9
[2.452s] -- Checking for module 'jsoncpp'
[2.489s] --   Found jsoncpp, version 1.9.5
[2.604s] -- Checking for module 'yaml-0.1'
[2.637s] --   Found yaml-0.1, version 0.2.5
[2.736s] -- Checking for module 'libzip'
[2.778s] --   Found libzip, version 1.7.3
[2.853s] -- Looking for gz-utils2 -- found version 2.2.0
[2.853s] -- Looking for gz-common5 -- found version 5.6.0
[2.854s] -- Searching for dependencies of gz-common5
[2.854s] -- Looking for gz-utils2 -- found version 2.2.0
[2.854s] -- Looking for dlfcn.h - found
[2.855s] -- Looking for libdl - found
[2.868s] -- Searching for <gz-common5> component [testing]
[2.869s] -- Looking for gz-common5-testing -- found version 5.6.0
[2.869s] -- Searching for dependencies of gz-common5-testing
[2.871s] -- Looking for gz-math7 -- found version 7.5.0
[2.872s] -- Looking for gz-msgs10 -- found version 10.3.0
[2.874s] -- Looking for gz-gui8 -- found version 8.3.0
[2.874s] -- Searching for dependencies of gz-gui8
[2.918s] -- Looking for gz-utils2 -- found version 2.2.0
[2.919s] -- Looking for gz-math7 -- found version 7.5.0
[2.920s] -- Looking for gz-common5 -- found version 5.6.0
[2.921s] -- Looking for gz-plugin2 -- found version 2.0.3
[2.922s] -- Looking for gz-transport13 -- found version 13.4.0
[2.923s] -- Looking for gz-rendering8 -- found version 8.2.0
[2.923s] -- Searching for dependencies of gz-rendering8
[2.924s] -- Looking for gz-math7 -- found version 7.5.0
[2.924s] -- Searching for dependencies of gz-math7
[2.926s] -- Looking for gz-utils2 -- found version 2.2.0
[2.926s] -- Searching for <gz-math7> component [eigen3]
[2.928s] -- Looking for gz-math7-eigen3 -- found version 7.5.0
[2.928s] -- Searching for dependencies of gz-math7-eigen3
[2.934s] -- Looking for gz-common5 -- found version 5.6.0
[2.934s] -- Searching for dependencies of gz-common5
[2.935s] -- Looking for gz-utils2 -- found version 2.2.0
[2.935s] -- Looking for dlfcn.h - found
[2.936s] -- Looking for libdl - found
[2.952s] -- Searching for <gz-common5> component [graphics]
[2.952s] -- Searching for <gz-common5> component [events]
[2.952s] -- Searching for <gz-common5> component [geospatial]
[2.953s] -- Looking for gz-common5-geospatial -- found version 5.6.0
[2.953s] -- Searching for dependencies of gz-common5-geospatial
[2.954s] -- Looking for gz-math7 -- found version 7.5.0
[2.955s] -- Looking for gz-common5 -- found version 5.6.0
[2.957s] -- Looking for gz-plugin2 -- found version 2.0.3
[2.958s] -- Searching for dependencies of gz-plugin2
[2.958s] -- Looking for gz-utils2 -- found version 2.2.0
[2.959s] -- Searching for <gz-plugin2> component [all]
[2.960s] -- Looking for all libraries of gz-plugin2 -- found version 2.0.3
[2.961s] -- Looking for gz-plugin2 -- found version 2.0.3
[2.963s] -- Looking for gz-utils2 -- found version 2.2.0
[2.970s] -- Looking for gz-msgs10 -- found version 10.3.0
[2.989s] -- Looking for gz-physics7 -- found version 7.3.0
[2.989s] -- Searching for dependencies of gz-physics7
[2.990s] -- Looking for gz-common5 -- found version 5.6.0
[2.991s] -- Looking for gz-math7 -- found version 7.5.0
[2.991s] -- Looking for gz-plugin2 -- found version 2.0.3
[2.992s] -- Looking for gz-utils2 -- found version 2.2.0
[2.993s] -- Searching for <gz-physics7> component [heightmap]
[2.993s] -- Looking for gz-physics7-heightmap -- found version 7.3.0
[2.994s] -- Searching for dependencies of gz-physics7-heightmap
[2.994s] -- Looking for gz-common5 -- found version 5.6.0
[2.995s] -- Searching for <gz-physics7> component [mesh]
[2.995s] -- Looking for gz-physics7-mesh -- found version 7.3.0
[2.995s] -- Searching for dependencies of gz-physics7-mesh
[2.996s] -- Looking for gz-common5 -- found version 5.6.0
[2.997s] -- Searching for <gz-physics7> component [sdf]
[2.997s] -- Looking for gz-physics7-sdf -- found version 7.3.0
[2.997s] -- Searching for dependencies of gz-physics7-sdf
[2.998s] -- Looking for sdformat14 -- found version 14.5.0
[2.999s] -- Looking for gz-sensors8 -- found version 8.2.0
[2.999s] -- Searching for dependencies of gz-sensors8
[3.031s] -- Looking for gz-math7 -- found version 7.5.0
[3.032s] -- Looking for gz-common5 -- found version 5.6.0
[3.032s] -- Looking for gz-transport13 -- found version 13.4.0
[3.033s] -- Looking for gz-rendering8 -- found version 8.2.0
[3.034s] -- Looking for gz-msgs10 -- found version 10.3.0
[3.035s] -- Looking for sdformat14 -- found version 14.5.0
[3.036s] -- Searching for <gz-sensors8> component [air_pressure]
[3.037s] -- Looking for gz-sensors8-air_pressure -- found version 8.2.0
[3.037s] -- Searching for dependencies of gz-sensors8-air_pressure
[3.038s] -- Searching for <gz-sensors8> component [air_speed]
[3.039s] -- Looking for gz-sensors8-air_speed -- found version 8.2.0
[3.040s] -- Searching for dependencies of gz-sensors8-air_speed
[3.041s] -- Searching for <gz-sensors8> component [altimeter]
[3.042s] -- Looking for gz-sensors8-altimeter -- found version 8.2.0
[3.042s] -- Searching for dependencies of gz-sensors8-altimeter
[3.043s] -- Searching for <gz-sensors8> component [imu]
[3.045s] -- Looking for gz-sensors8-imu -- found version 8.2.0
[3.045s] -- Searching for dependencies of gz-sensors8-imu
[3.046s] -- Searching for <gz-sensors8> component [force_torque]
[3.048s] -- Looking for gz-sensors8-force_torque -- found version 8.2.0
[3.048s] -- Searching for dependencies of gz-sensors8-force_torque
[3.049s] -- Searching for <gz-sensors8> component [logical_camera]
[3.050s] -- Looking for gz-sensors8-logical_camera -- found version 8.2.0
[3.051s] -- Searching for dependencies of gz-sensors8-logical_camera
[3.052s] -- Searching for <gz-sensors8> component [magnetometer]
[3.053s] -- Looking for gz-sensors8-magnetometer -- found version 8.2.0
[3.053s] -- Searching for dependencies of gz-sensors8-magnetometer
[3.054s] -- Searching for <gz-sensors8> component [navsat]
[3.055s] -- Looking for gz-sensors8-navsat -- found version 8.2.0
[3.055s] -- Searching for dependencies of gz-sensors8-navsat
[3.056s] -- Searching for <gz-sensors8> component [dvl]
[3.057s] -- Looking for gz-sensors8-dvl -- found version 8.2.0
[3.057s] -- Searching for dependencies of gz-sensors8-dvl
[3.058s] -- Looking for gz-sensors8 -- found version 8.2.0
[3.058s] -- Searching for dependencies of gz-sensors8
[3.097s] -- Looking for gz-math7 -- found version 7.5.0
[3.098s] -- Looking for gz-common5 -- found version 5.6.0
[3.098s] -- Looking for gz-transport13 -- found version 13.4.0
[3.099s] -- Looking for gz-rendering8 -- found version 8.2.0
[3.100s] -- Looking for gz-msgs10 -- found version 10.3.0
[3.100s] -- Looking for sdformat14 -- found version 14.5.0
[3.100s] -- Searching for <gz-sensors8> component [rendering]
[3.101s] -- Looking for gz-sensors8-rendering -- found version 8.2.0
[3.102s] -- Searching for dependencies of gz-sensors8-rendering
[3.103s] -- Searching for <gz-sensors8> component [rendering]
[3.104s] -- Searching for <gz-sensors8> component [lidar]
[3.106s] -- Looking for gz-sensors8-lidar -- found version 8.2.0
[3.106s] -- Searching for dependencies of gz-sensors8-lidar
[3.107s] -- Looking for gz-sensors8 -- found version 8.2.0
[3.108s] -- Searching for <gz-sensors8> component [gpu_lidar]
[3.108s] -- Looking for gz-sensors8-gpu_lidar -- found version 8.2.0
[3.109s] -- Searching for dependencies of gz-sensors8-gpu_lidar
[3.109s] -- Looking for gz-sensors8 -- found version 8.2.0
[3.110s] -- Searching for <gz-sensors8> component [camera]
[3.111s] -- Looking for gz-sensors8-camera -- found version 8.2.0
[3.111s] -- Searching for dependencies of gz-sensors8-camera
[3.112s] -- Looking for gz-sensors8 -- found version 8.2.0
[3.112s] -- Searching for <gz-sensors8> component [boundingbox_camera]
[3.113s] -- Looking for gz-sensors8-boundingbox_camera -- found version 8.2.0
[3.113s] -- Searching for dependencies of gz-sensors8-boundingbox_camera
[3.114s] -- Searching for <gz-sensors8> component [segmentation_camera]
[3.115s] -- Looking for gz-sensors8-segmentation_camera -- found version 8.2.0
[3.115s] -- Searching for dependencies of gz-sensors8-segmentation_camera
[3.116s] -- Searching for <gz-sensors8> component [depth_camera]
[3.116s] -- Looking for gz-sensors8-depth_camera -- found version 8.2.0
[3.117s] -- Searching for dependencies of gz-sensors8-depth_camera
[3.117s] -- Looking for gz-sensors8 -- found version 8.2.0
[3.118s] -- Searching for <gz-sensors8> component [rgbd_camera]
[3.119s] -- Looking for gz-sensors8-rgbd_camera -- found version 8.2.0
[3.119s] -- Searching for dependencies of gz-sensors8-rgbd_camera
[3.120s] -- Looking for gz-sensors8 -- found version 8.2.0
[3.121s] -- Searching for <gz-sensors8> component [thermal_camera]
[3.122s] -- Looking for gz-sensors8-thermal_camera -- found version 8.2.0
[3.122s] -- Searching for dependencies of gz-sensors8-thermal_camera
[3.123s] -- Looking for gz-sensors8 -- found version 8.2.0
[3.124s] -- Searching for <gz-sensors8> component [wide_angle_camera]
[3.125s] -- Looking for gz-sensors8-wide_angle_camera -- found version 8.2.0
[3.125s] -- Searching for dependencies of gz-sensors8-wide_angle_camera
[3.127s] -- Looking for gz-rendering8 -- found version 8.2.0
[3.128s] -- Looking for gz-math7 -- found version 7.5.0
[3.129s] -- Looking for gz-utils2 -- found version 2.2.0
[3.166s] -- Looking for gz-plugin2 -- found version 2.0.3
[3.167s] -- Found rosidl_default_generators: 1.6.0 (/opt/ros/jazzy/share/rosidl_default_generators/cmake)
[3.181s] -- Found rosidl_adapter: 4.6.4 (/opt/ros/jazzy/share/rosidl_adapter/cmake)
[3.184s] -- Found rclcpp_components: 28.1.5 (/opt/ros/jazzy/share/rclcpp_components/cmake)
[3.222s] -- pinocchio FOUND. pinocchio at /opt/ros/jazzy/lib/x86_64-linux-gnu/libpinocchio.so
[3.223s] -- boost_filesystem FOUND. boost_filesystem at /lib/x86_64-linux-gnu/libboost_filesystem.so
[3.224s] -- boost_serialization FOUND. boost_serialization at /lib/x86_64-linux-gnu/libboost_serialization.so
[3.225s] -- boost_system FOUND. boost_system at /lib/x86_64-linux-gnu/libboost_system.so
[3.235s] -- Found Boost: /usr/include (found version "1.83.0") found components: filesystem serialization system 
[3.237s] -- eigenpy FOUND. eigenpy at /opt/ros/jazzy/lib/x86_64-linux-gnu/libeigenpy.so
[3.277s] -- Checking for NumPy
[3.563s] --   NUMPY_INCLUDE_DIRS=/usr/lib/python3/dist-packages/numpy/core/include
[3.703s] --   NUMPY_VERSION=1.26.4
[4.056s] -- Found Python3: /usr/bin/python3 (found version "3.12.3") found components: Interpreter Development.Module NumPy 
[4.057s] -- PythonLibraryDirs: 
[4.057s] -- PythonLibVersionString: 3.12.3
[4.108s] -- Python site lib: lib/python3.12/dist-packages
[4.108s] -- Python include dirs: /usr/include/python3.12
[4.186s] -- Checking for NumPy
[4.331s] --   NUMPY_INCLUDE_DIRS=/usr/lib/python3/dist-packages/numpy/core/include
[4.530s] --   NUMPY_VERSION=1.26.4
[4.531s] -- NumPy include dir: /usr/lib/python3/dist-packages/numpy/core/include
[4.538s] -- Found Boost: /usr/include (found version "1.83.0") found components: python312 
[4.539s] -- Boost_PYTHON_LIBRARY: /usr/lib/x86_64-linux-gnu/libboost_python312.so
[5.076s] -- Default C++ standard: 201703
[5.076s] -- C++ standard sufficient: Minimal required 14, currently defined: 17
[5.077s] -- CMAKE_CXX_STANDARD was not set: automatically set to currently defined standard 17
[5.078s] -- C++ standard sufficient: Minimal required 14, currently defined: 17
[5.127s] -- Found Python3: /usr/bin/python3 (found version "3.12.3") found components: Interpreter 
[5.474s] -- Found ament_cmake_ros: 0.12.0 (/opt/ros/jazzy/share/ament_cmake_ros/cmake)
[5.741s] -- Using all available rosidl_typesupport_c: rosidl_typesupport_fastrtps_c;rosidl_typesupport_introspection_c
[5.852s] -- Using all available rosidl_typesupport_cpp: rosidl_typesupport_fastrtps_cpp;rosidl_typesupport_introspection_cpp
[5.855s] -- Found python_cmake_module: 0.11.1 (/opt/ros/jazzy/share/python_cmake_module/cmake)
[6.404s] -- Found Python3: /usr/bin/python3 (found version "3.12.3") found components: Interpreter Development NumPy Development.Module Development.Embed 
[6.439s] -- Configuring done (6.3s)
[6.526s] -- Generating done (0.1s)
[6.530s] -- Build files have been written to: /home/ws/build/quadruped
[6.617s] [  2%] Built target quadruped__rosidl_generator_type_description
[6.637s] [  2%] Built target ament_cmake_python_symlink_quadruped
[6.674s] [  5%] Built target quadruped__cpp
[6.678s] [ 17%] Built target quadruped__rosidl_generator_c
[6.707s] [ 30%] Built target quadruped_lib
[6.748s] [ 38%] Built target quadruped__rosidl_typesupport_cpp
[6.752s] [ 46%] Built target quadruped__rosidl_typesupport_fastrtps_cpp
[6.753s] [ 53%] Built target quadruped__rosidl_typesupport_c
[6.756s] [ 61%] Built target quadruped__rosidl_typesupport_fastrtps_c
[6.757s] [ 69%] Built target quadruped__rosidl_typesupport_introspection_cpp
[6.757s] [ 76%] Built target quadruped__rosidl_typesupport_introspection_c
[6.794s] [ 76%] Built target quadruped
[6.834s] [ 79%] Built target quadruped__py
[6.879s] [ 84%] Built target quadruped__rosidl_generator_py
[6.915s] [ 89%] Built target quadruped_s__rosidl_typesupport_introspection_c
[6.918s] [ 94%] Built target quadruped_s__rosidl_typesupport_fastrtps_c
[6.919s] [100%] Built target quadruped_s__rosidl_typesupport_c
[6.947s] running egg_info
[6.964s] writing quadruped.egg-info/PKG-INFO
[6.965s] writing dependency_links to quadruped.egg-info/dependency_links.txt
[6.965s] writing top-level names to quadruped.egg-info/top_level.txt
[7.009s] reading manifest file 'quadruped.egg-info/SOURCES.txt'
[7.010s] writing manifest file 'quadruped.egg-info/SOURCES.txt'
[7.045s] [100%] Built target ament_cmake_python_build_quadruped_egg
[7.062s] Invoked command in '/home/ws/build/quadruped' returned '0': CMAKE_PREFIX_PATH=${CMAKE_PREFIX_PATH}:/home/ws/install/quadruped_simulation:/home/ws/install/quadruped_controllers:/opt/ros/jazzy /usr/bin/cmake --build /home/ws/build/quadruped -- -j20 -l20
[7.254s] Invoking command in '/home/ws/build/quadruped': CMAKE_PREFIX_PATH=${CMAKE_PREFIX_PATH}:/home/ws/install/quadruped_simulation:/home/ws/install/quadruped_controllers:/opt/ros/jazzy /usr/bin/cmake --install /home/ws/build/quadruped
[7.273s] -- Install configuration: ""
[7.274s] -- Execute custom install script
[7.275s] -- Up-to-date symlink: /home/ws/install/quadruped/share/ament_index/resource_index/rosidl_interfaces/quadruped
[7.275s] -- Up-to-date symlink: /home/ws/install/quadruped/share/quadruped/msg/LegCommand.json
[7.275s] -- Up-to-date symlink: /home/ws/install/quadruped/include/quadruped/quadruped/msg/detail/leg_command__functions.h
[7.276s] -- Up-to-date symlink: /home/ws/install/quadruped/include/quadruped/quadruped/msg/detail/leg_command__struct.h
[7.276s] -- Up-to-date symlink: /home/ws/install/quadruped/include/quadruped/quadruped/msg/detail/leg_command__type_support.h
[7.276s] -- Up-to-date symlink: /home/ws/install/quadruped/include/quadruped/quadruped/msg/leg_command.h
[7.277s] -- Up-to-date symlink: /home/ws/install/quadruped/include/quadruped/quadruped/msg/rosidl_generator_c__visibility_control.h
[7.277s] -- Up-to-date symlink: /home/ws/install/quadruped/share/quadruped/environment/library_path.sh
[7.277s] -- Up-to-date symlink: /home/ws/install/quadruped/share/quadruped/environment/library_path.dsv
[7.277s] -- Up-to-date symlink: /home/ws/install/quadruped/include/quadruped/quadruped/msg/detail/leg_command__rosidl_typesupport_fastrtps_c.h
[7.278s] -- Up-to-date symlink: /home/ws/install/quadruped/include/quadruped/quadruped/msg/rosidl_typesupport_fastrtps_c__visibility_control.h
[7.278s] -- Up-to-date symlink: /home/ws/install/quadruped/include/quadruped/quadruped/msg/detail/leg_command__builder.hpp
[7.278s] -- Up-to-date symlink: /home/ws/install/quadruped/include/quadruped/quadruped/msg/detail/leg_command__struct.hpp
[7.278s] -- Up-to-date symlink: /home/ws/install/quadruped/include/quadruped/quadruped/msg/detail/leg_command__traits.hpp
[7.278s] -- Up-to-date symlink: /home/ws/install/quadruped/include/quadruped/quadruped/msg/detail/leg_command__type_support.hpp
[7.278s] -- Up-to-date symlink: /home/ws/install/quadruped/include/quadruped/quadruped/msg/leg_command.hpp
[7.279s] -- Up-to-date symlink: /home/ws/install/quadruped/include/quadruped/quadruped/msg/rosidl_generator_cpp__visibility_control.hpp
[7.279s] -- Up-to-date symlink: /home/ws/install/quadruped/include/quadruped/quadruped/msg/detail/leg_command__rosidl_typesupport_fastrtps_cpp.hpp
[7.279s] -- Up-to-date symlink: /home/ws/install/quadruped/include/quadruped/quadruped/msg/rosidl_typesupport_fastrtps_cpp__visibility_control.h
[7.279s] -- Up-to-date symlink: /home/ws/install/quadruped/include/quadruped/quadruped/msg/detail/leg_command__rosidl_typesupport_introspection_c.h
[7.280s] -- Up-to-date symlink: /home/ws/install/quadruped/include/quadruped/quadruped/msg/rosidl_typesupport_introspection_c__visibility_control.h
[7.280s] -- Up-to-date symlink: /home/ws/install/quadruped/include/quadruped/quadruped/msg/detail/leg_command__rosidl_typesupport_introspection_cpp.hpp
[7.281s] -- Up-to-date symlink: /home/ws/install/quadruped/share/quadruped/environment/pythonpath.sh
[7.281s] -- Up-to-date symlink: /home/ws/install/quadruped/share/quadruped/environment/pythonpath.dsv
[7.281s] -- Up-to-date symlink: /home/ws/install/quadruped/lib/python3.12/site-packages/quadruped-0.0.0-py3.12.egg-info/PKG-INFO
[7.281s] -- Up-to-date symlink: /home/ws/install/quadruped/lib/python3.12/site-packages/quadruped-0.0.0-py3.12.egg-info/SOURCES.txt
[7.282s] -- Up-to-date symlink: /home/ws/install/quadruped/lib/python3.12/site-packages/quadruped-0.0.0-py3.12.egg-info/dependency_links.txt
[7.282s] -- Up-to-date symlink: /home/ws/install/quadruped/lib/python3.12/site-packages/quadruped-0.0.0-py3.12.egg-info/top_level.txt
[7.283s] -- Up-to-date symlink: /home/ws/install/quadruped/lib/python3.12/site-packages/quadruped/__init__.py
[7.283s] -- Up-to-date symlink: /home/ws/install/quadruped/lib/python3.12/site-packages/quadruped/_quadruped_s.ep.rosidl_typesupport_c.c
[7.283s] -- Up-to-date symlink: /home/ws/install/quadruped/lib/python3.12/site-packages/quadruped/_quadruped_s.ep.rosidl_typesupport_fastrtps_c.c
[7.283s] -- Up-to-date symlink: /home/ws/install/quadruped/lib/python3.12/site-packages/quadruped/_quadruped_s.ep.rosidl_typesupport_introspection_c.c
[7.283s] -- Up-to-date symlink: /home/ws/install/quadruped/lib/python3.12/site-packages/quadruped/msg/__init__.py
[7.283s] -- Up-to-date symlink: /home/ws/install/quadruped/lib/python3.12/site-packages/quadruped/msg/_leg_command.py
[7.283s] -- Up-to-date symlink: /home/ws/install/quadruped/lib/python3.12/site-packages/quadruped/msg/_leg_command_s.c
[7.284s] -- Up-to-date symlink: /home/ws/install/quadruped/lib/python3.12/site-packages/quadruped/quadruped_s__rosidl_typesupport_c.so
[7.284s] -- Up-to-date symlink: /home/ws/install/quadruped/lib/python3.12/site-packages/quadruped/quadruped_s__rosidl_typesupport_fastrtps_c.so
[7.284s] -- Up-to-date symlink: /home/ws/install/quadruped/lib/python3.12/site-packages/quadruped/quadruped_s__rosidl_typesupport_introspection_c.so
[7.284s] -- Up-to-date symlink: /home/ws/install/quadruped/lib/python3.12/site-packages/quadruped/quadruped_s__rosidl_typesupport_fastrtps_c.so
[7.284s] -- Up-to-date symlink: /home/ws/install/quadruped/lib/python3.12/site-packages/quadruped/quadruped_s__rosidl_typesupport_introspection_c.so
[7.285s] -- Up-to-date symlink: /home/ws/install/quadruped/lib/python3.12/site-packages/quadruped/quadruped_s__rosidl_typesupport_c.so
[7.285s] -- Up-to-date symlink: /home/ws/install/quadruped/share/quadruped/msg/LegCommand.idl
[7.285s] -- Up-to-date symlink: /home/ws/install/quadruped/share/quadruped/messages/LegCommand.msg
[7.286s] -- Up-to-date symlink: /home/ws/install/quadruped/include/quadruped/balance_controller.hpp
[7.286s] -- Up-to-date symlink: /home/ws/install/quadruped/include/quadruped/foot_trajectory_generator.hpp
[7.286s] -- Up-to-date symlink: /home/ws/install/quadruped/include/quadruped/leg_controller.hpp
[7.286s] -- Up-to-date symlink: /home/ws/install/quadruped/include/quadruped/state_estimator.hpp
[7.286s] -- Up-to-date symlink: /home/ws/install/quadruped/lib/quadruped/LegController.py
[7.287s] -- Up-to-date symlink: /home/ws/install/quadruped/lib/quadruped/GaitPatternGenerator.py
[7.287s] -- Up-to-date symlink: /home/ws/install/quadruped/lib/quadruped/leg_class.py
[7.287s] -- Up-to-date symlink: /home/ws/install/quadruped/lib/quadruped/gait_pattern_class.py
[7.287s] -- Up-to-date symlink: /home/ws/install/quadruped/share/quadruped/launch/controllers.launch.py
[7.287s] -- Up-to-date symlink: /home/ws/install/quadruped/share/quadruped/launch/gazebo_sim.launch.py
[7.288s] -- Up-to-date symlink: /home/ws/install/quadruped/share/quadruped/config/initial_joint_positions.yaml
[7.288s] -- Up-to-date symlink: /home/ws/install/quadruped/share/quadruped/config/quadruped.rviz
[7.288s] -- Up-to-date symlink: /home/ws/install/quadruped/share/quadruped/config/quadruped_controllers.yaml
[7.289s] -- Up-to-date symlink: /home/ws/install/quadruped/share/quadruped/urdf/Quadruped MJB.mjb
[7.289s] -- Up-to-date symlink: /home/ws/install/quadruped/share/quadruped/urdf/QuadrupedURDF.urdf.xacro
[7.289s] -- Up-to-date symlink: /home/ws/install/quadruped/share/quadruped/urdf/meshes/Body.STL
[7.289s] -- Up-to-date symlink: /home/ws/install/quadruped/share/quadruped/urdf/meshes/Body_bin.STL
[7.289s] -- Up-to-date symlink: /home/ws/install/quadruped/share/quadruped/urdf/meshes/Front Left Shin.STL
[7.289s] -- Up-to-date symlink: /home/ws/install/quadruped/share/quadruped/urdf/meshes/Front Left Thigh.STL
[7.289s] -- Up-to-date symlink: /home/ws/install/quadruped/share/quadruped/urdf/meshes/Front Right Shin.STL
[7.290s] -- Up-to-date symlink: /home/ws/install/quadruped/share/quadruped/urdf/meshes/Front Right Thigh.STL
[7.290s] -- Up-to-date symlink: /home/ws/install/quadruped/share/quadruped/urdf/meshes/Rear Left Shin.STL
[7.290s] -- Up-to-date symlink: /home/ws/install/quadruped/share/quadruped/urdf/meshes/Rear Left Thigh.STL
[7.290s] -- Up-to-date symlink: /home/ws/install/quadruped/share/quadruped/urdf/meshes/Rear Right Shin.STL
[7.290s] -- Up-to-date symlink: /home/ws/install/quadruped/share/quadruped/urdf/meshes/Rear Right Thigh.STL
[7.290s] -- Up-to-date symlink: /home/ws/install/quadruped/share/quadruped/urdf/mjb_maker.py
[7.291s] -- Up-to-date symlink: /home/ws/install/quadruped/share/quadruped/messages/LegCommand.msg
[7.291s] -- Up-to-date symlink: /home/ws/install/quadruped/share/quadruped/messages/RobotState.msg
[7.291s] -- Up-to-date symlink: /home/ws/install/quadruped/share/quadruped//plugin_description.xml
[7.292s] -- Up-to-date symlink: /home/ws/install/quadruped/share/quadruped//plugin_description.xml
[7.292s] -- Up-to-date symlink: /home/ws/install/quadruped/share/ament_index/resource_index/package_run_dependencies/quadruped
[7.292s] -- Up-to-date symlink: /home/ws/install/quadruped/share/ament_index/resource_index/parent_prefix_path/quadruped
[7.292s] -- Up-to-date symlink: /home/ws/install/quadruped/share/quadruped/environment/ament_prefix_path.sh
[7.293s] -- Up-to-date symlink: /home/ws/install/quadruped/share/quadruped/environment/ament_prefix_path.dsv
[7.293s] -- Up-to-date symlink: /home/ws/install/quadruped/share/quadruped/environment/path.sh
[7.293s] -- Up-to-date symlink: /home/ws/install/quadruped/share/quadruped/environment/path.dsv
[7.293s] -- Up-to-date symlink: /home/ws/install/quadruped/share/quadruped/local_setup.bash
[7.293s] -- Up-to-date symlink: /home/ws/install/quadruped/share/quadruped/local_setup.sh
[7.293s] -- Up-to-date symlink: /home/ws/install/quadruped/share/quadruped/local_setup.zsh
[7.293s] -- Up-to-date symlink: /home/ws/install/quadruped/share/quadruped/local_setup.dsv
[7.294s] -- Symlinking: /home/ws/install/quadruped/share/quadruped/package.dsv
[7.311s] -- Up-to-date symlink: /home/ws/install/quadruped/share/ament_index/resource_index/packages/quadruped
[7.311s] -- Up-to-date symlink: /home/ws/install/quadruped/share/ament_index/resource_index/controller_interface__pluginlib__plugin/quadruped
[7.311s] -- Up-to-date symlink: /home/ws/install/quadruped/share/quadruped/cmake/rosidl_cmake-extras.cmake
[7.311s] -- Up-to-date symlink: /home/ws/install/quadruped/share/quadruped/cmake/ament_cmake_export_include_directories-extras.cmake
[7.312s] -- Up-to-date symlink: /home/ws/install/quadruped/share/quadruped/cmake/ament_cmake_export_libraries-extras.cmake
[7.312s] -- Up-to-date symlink: /home/ws/install/quadruped/share/quadruped/cmake/ament_cmake_export_targets-extras.cmake
[7.312s] -- Up-to-date symlink: /home/ws/install/quadruped/share/quadruped/cmake/rosidl_cmake_export_typesupport_targets-extras.cmake
[7.313s] -- Up-to-date symlink: /home/ws/install/quadruped/share/quadruped/cmake/ament_cmake_export_dependencies-extras.cmake
[7.313s] -- Up-to-date symlink: /home/ws/install/quadruped/share/quadruped/cmake/rosidl_cmake_export_typesupport_libraries-extras.cmake
[7.313s] -- Up-to-date symlink: /home/ws/install/quadruped/share/quadruped/cmake/quadrupedConfig.cmake
[7.313s] -- Up-to-date symlink: /home/ws/install/quadruped/share/quadruped/cmake/quadrupedConfig-version.cmake
[7.313s] -- Up-to-date symlink: /home/ws/install/quadruped/share/quadruped/package.xml
[7.313s] -- Up-to-date: /home/ws/install/quadruped/lib/libquadruped__rosidl_generator_c.so
[7.314s] -- Up-to-date: /home/ws/install/quadruped/lib/libquadruped__rosidl_typesupport_fastrtps_c.so
[7.314s] -- Up-to-date: /home/ws/install/quadruped/lib/libquadruped__rosidl_typesupport_fastrtps_cpp.so
[7.314s] -- Up-to-date: /home/ws/install/quadruped/lib/libquadruped__rosidl_typesupport_introspection_c.so
[7.314s] -- Up-to-date: /home/ws/install/quadruped/lib/libquadruped__rosidl_typesupport_c.so
[7.315s] -- Up-to-date: /home/ws/install/quadruped/lib/libquadruped__rosidl_typesupport_introspection_cpp.so
[7.315s] -- Up-to-date: /home/ws/install/quadruped/lib/libquadruped__rosidl_typesupport_cpp.so
[7.382s] Listing '/home/ws/install/quadruped/lib/python3.12/site-packages/quadruped'...
[7.382s] Compiling '/home/ws/install/quadruped/lib/python3.12/site-packages/quadruped/__init__.py'...
[7.382s] Listing '/home/ws/install/quadruped/lib/python3.12/site-packages/quadruped/msg'...
[7.389s] -- Up-to-date: /home/ws/install/quadruped/lib/libquadruped__rosidl_generator_py.so
[7.389s] -- Up-to-date: /home/ws/install/quadruped/lib/libquadruped_lib.so
[7.389s] -- Up-to-date: /home/ws/install/quadruped/share/quadruped/cmake/export_quadruped__rosidl_generator_cExport.cmake
[7.389s] -- Up-to-date: /home/ws/install/quadruped/share/quadruped/cmake/export_quadruped__rosidl_generator_cExport-noconfig.cmake
[7.390s] -- Up-to-date: /home/ws/install/quadruped/share/quadruped/cmake/export_quadruped__rosidl_typesupport_fastrtps_cExport.cmake
[7.390s] -- Up-to-date: /home/ws/install/quadruped/share/quadruped/cmake/export_quadruped__rosidl_typesupport_fastrtps_cExport-noconfig.cmake
[7.390s] -- Up-to-date: /home/ws/install/quadruped/share/quadruped/cmake/export_quadruped__rosidl_generator_cppExport.cmake
[7.390s] -- Up-to-date: /home/ws/install/quadruped/share/quadruped/cmake/export_quadruped__rosidl_typesupport_fastrtps_cppExport.cmake
[7.390s] -- Up-to-date: /home/ws/install/quadruped/share/quadruped/cmake/export_quadruped__rosidl_typesupport_fastrtps_cppExport-noconfig.cmake
[7.390s] -- Up-to-date: /home/ws/install/quadruped/share/quadruped/cmake/quadruped__rosidl_typesupport_introspection_cExport.cmake
[7.391s] -- Up-to-date: /home/ws/install/quadruped/share/quadruped/cmake/quadruped__rosidl_typesupport_introspection_cExport-noconfig.cmake
[7.391s] -- Up-to-date: /home/ws/install/quadruped/share/quadruped/cmake/quadruped__rosidl_typesupport_cExport.cmake
[7.391s] -- Up-to-date: /home/ws/install/quadruped/share/quadruped/cmake/quadruped__rosidl_typesupport_cExport-noconfig.cmake
[7.391s] -- Up-to-date: /home/ws/install/quadruped/share/quadruped/cmake/quadruped__rosidl_typesupport_introspection_cppExport.cmake
[7.391s] -- Up-to-date: /home/ws/install/quadruped/share/quadruped/cmake/quadruped__rosidl_typesupport_introspection_cppExport-noconfig.cmake
[7.392s] -- Up-to-date: /home/ws/install/quadruped/share/quadruped/cmake/quadruped__rosidl_typesupport_cppExport.cmake
[7.392s] -- Up-to-date: /home/ws/install/quadruped/share/quadruped/cmake/quadruped__rosidl_typesupport_cppExport-noconfig.cmake
[7.393s] -- Up-to-date: /home/ws/install/quadruped/share/quadruped/cmake/export_quadruped__rosidl_generator_pyExport.cmake
[7.393s] -- Up-to-date: /home/ws/install/quadruped/share/quadruped/cmake/export_quadruped__rosidl_generator_pyExport-noconfig.cmake
[7.393s] -- Up-to-date: /home/ws/install/quadruped/share/quadruped/cmake/quadruped_targetsExport.cmake
[7.393s] -- Up-to-date: /home/ws/install/quadruped/share/quadruped/cmake/quadruped_targetsExport-noconfig.cmake
[7.394s] Invoked command in '/home/ws/build/quadruped' returned '0': CMAKE_PREFIX_PATH=${CMAKE_PREFIX_PATH}:/home/ws/install/quadruped_simulation:/home/ws/install/quadruped_controllers:/opt/ros/jazzy /usr/bin/cmake --install /home/ws/build/quadruped
