running develop
/usr/lib/python3/dist-packages/setuptools/command/develop.py:40: EasyInstallDeprecationWarning: easy_install command is deprecated.
!!

        ********************************************************************************
        Please avoid running ``setup.py`` and ``easy_install``.
        Instead, use pypa/build, pypa/installer or other
        standards-based tools.

        See https://github.com/pypa/setuptools/issues/917 for details.
        ********************************************************************************

!!
  easy_install.initialize_options(self)
running egg_info
creating quadruped_controllers.egg-info
writing quadruped_controllers.egg-info/PKG-INFO
writing dependency_links to quadruped_controllers.egg-info/dependency_links.txt
writing requirements to quadruped_controllers.egg-info/requires.txt
writing top-level names to quadruped_controllers.egg-info/top_level.txt
writing manifest file 'quadruped_controllers.egg-info/SOURCES.txt'
reading manifest file 'quadruped_controllers.egg-info/SOURCES.txt'
writing manifest file 'quadruped_controllers.egg-info/SOURCES.txt'
running build_ext
Creating /home/ws/install/quadruped_controllers/lib/python3.12/site-packages/quadruped-controllers.egg-link (link to .)

Installed /home/ws/build/quadruped_controllers
running symlink_data
creating /home/ws/install/quadruped_controllers/share/ament_index
creating /home/ws/install/quadruped_controllers/share/ament_index/resource_index
creating /home/ws/install/quadruped_controllers/share/ament_index/resource_index/packages
symbolically linking /home/ws/build/quadruped_controllers/resource/quadruped_controllers -> /home/ws/install/quadruped_controllers/share/ament_index/resource_index/packages
symbolically linking /home/ws/build/quadruped_controllers/package.xml -> /home/ws/install/quadruped_controllers/share/quadruped_controllers
