[1.469s] Invoking command in '/home/ws/build/quadruped_controllers': PYTHONPATH=/home/ws/build/quadruped_controllers/prefix_override:/usr/lib/python3/dist-packages/colcon_core/task/python/colcon_distutils_commands:/home/ws/install/quadruped_controllers/lib/python3.12/site-packages:${PYTHONPATH} /usr/bin/python3 -W ignore:setup.py install is deprecated setup.py develop --editable --build-directory /home/ws/build/quadruped_controllers/build --no-deps symlink_data
[1.839s] running develop
[1.844s] /usr/lib/python3/dist-packages/setuptools/command/develop.py:40: EasyInstallDeprecationWarning: easy_install command is deprecated.
[1.844s] !!
[1.845s] 
[1.845s]         ********************************************************************************
[1.845s]         Please avoid running ``setup.py`` and ``easy_install``.
[1.845s]         Instead, use pypa/build, pypa/installer or other
[1.845s]         standards-based tools.
[1.846s] 
[1.846s]         See https://github.com/pypa/setuptools/issues/917 for details.
[1.846s]         ********************************************************************************
[1.846s] 
[1.846s] !!
[1.846s]   easy_install.initialize_options(self)
[2.005s] running egg_info
[2.005s] creating quadruped_controllers.egg-info
[2.023s] writing quadruped_controllers.egg-info/PKG-INFO
[2.023s] writing dependency_links to quadruped_controllers.egg-info/dependency_links.txt
[2.024s] writing requirements to quadruped_controllers.egg-info/requires.txt
[2.024s] writing top-level names to quadruped_controllers.egg-info/top_level.txt
[2.024s] writing manifest file 'quadruped_controllers.egg-info/SOURCES.txt'
[2.055s] reading manifest file 'quadruped_controllers.egg-info/SOURCES.txt'
[2.055s] writing manifest file 'quadruped_controllers.egg-info/SOURCES.txt'
[2.073s] running build_ext
[2.074s] Creating /home/ws/install/quadruped_controllers/lib/python3.12/site-packages/quadruped-controllers.egg-link (link to .)
[2.074s] 
[2.074s] Installed /home/ws/build/quadruped_controllers
[2.074s] running symlink_data
[2.074s] creating /home/ws/install/quadruped_controllers/share/ament_index
[2.074s] creating /home/ws/install/quadruped_controllers/share/ament_index/resource_index
[2.075s] creating /home/ws/install/quadruped_controllers/share/ament_index/resource_index/packages
[2.075s] symbolically linking /home/ws/build/quadruped_controllers/resource/quadruped_controllers -> /home/ws/install/quadruped_controllers/share/ament_index/resource_index/packages
[2.075s] symbolically linking /home/ws/build/quadruped_controllers/package.xml -> /home/ws/install/quadruped_controllers/share/quadruped_controllers
[2.129s] Invoked command in '/home/ws/build/quadruped_controllers' returned '0': PYTHONPATH=/home/ws/build/quadruped_controllers/prefix_override:/usr/lib/python3/dist-packages/colcon_core/task/python/colcon_distutils_commands:/home/ws/install/quadruped_controllers/lib/python3.12/site-packages:${PYTHONPATH} /usr/bin/python3 -W ignore:setup.py install is deprecated setup.py develop --editable --build-directory /home/ws/build/quadruped_controllers/build --no-deps symlink_data
