[0.010s] Invoking command in '/home/ws/build/quadruped_sim': CMAKE_PREFIX_PATH=${CMAKE_PREFIX_PATH}:/opt/ros/jazzy /usr/bin/cmake /home/ws/src/quadruped_sim -DCMAKE_INSTALL_PREFIX=/home/ws/install/quadruped_sim
[0.092s] -- The C compiler identification is GNU 13.2.0
[0.171s] -- The CXX compiler identification is GNU 13.2.0
[0.191s] -- Detecting C compiler ABI info
[0.312s] -- Detecting C compiler ABI info - done
[0.327s] -- Check for working C compiler: /usr/bin/cc - skipped
[0.327s] -- Detecting C compile features
[0.328s] -- Detecting C compile features - done
[0.342s] -- Detecting CXX compiler ABI info
[0.484s] -- Detecting CXX compiler ABI info - done
[0.491s] -- Check for working CXX compiler: /usr/bin/c++ - skipped
[0.491s] -- Detecting CXX compile features
[0.491s] -- Detecting CXX compile features - done
[0.495s] -- Found ament_cmake: 2.5.2 (/opt/ros/jazzy/share/ament_cmake/cmake)
[0.690s] -- Found Python3: /usr/bin/python3 (found version "3.12.3") found components: Interpreter 
[0.787s] -- Found ament_lint_auto: 0.17.1 (/opt/ros/jazzy/share/ament_lint_auto/cmake)
[0.855s] [31mCMake Error at /opt/ros/jazzy/share/ament_cmake_core/cmake/core/ament_package_xml.cmake:53 (message):
[0.855s]   ament_package_xml() package name 'quadruped_sim' in '/package.xml' does not
[0.856s]   match current PROJECT_NAME 'quadruped_master'.  You must call project()
[0.856s]   with the same package name before.
[0.856s] Call Stack (most recent call first):
[0.856s]   /opt/ros/jazzy/share/ament_lint_auto/cmake/ament_lint_auto_find_test_dependencies.cmake:31 (ament_package_xml)
[0.856s]   CMakeLists.txt:23 (ament_lint_auto_find_test_dependencies)
[0.856s] 
[0.856s] [0m
[0.856s] -- Configuring incomplete, errors occurred!
[0.860s] Invoked command in '/home/ws/build/quadruped_sim' returned '1': CMAKE_PREFIX_PATH=${CMAKE_PREFIX_PATH}:/opt/ros/jazzy /usr/bin/cmake /home/ws/src/quadruped_sim -DCMAKE_INSTALL_PREFIX=/home/ws/install/quadruped_sim
