[0.029s] Invoking command in '/home/ws/build/quadruped': CMAKE_PREFIX_PATH=${CMAKE_PREFIX_PATH}:/opt/ros/jazzy /usr/bin/cmake --build /home/ws/build/quadruped -- -j20 -l20
[0.347s] -- Found ament_cmake: 2.5.2 (/opt/ros/jazzy/share/ament_cmake/cmake)
[0.348s] -- Found Python3: /usr/bin/python3 (found version "3.12.3") found components: Interpreter 
[0.348s] -- Override CMake install command with custom implementation using symlinks instead of copying resources
[0.348s] -- Found rclcpp: 28.1.5 (/opt/ros/jazzy/share/rclcpp/cmake)
[0.348s] -- Found rosidl_generator_c: 4.6.4 (/opt/ros/jazzy/share/rosidl_generator_c/cmake)
[0.348s] -- Found rosidl_generator_cpp: 4.6.4 (/opt/ros/jazzy/share/rosidl_generator_cpp/cmake)
[0.348s] -- Using all available rosidl_typesupport_c: rosidl_typesupport_fastrtps_c;rosidl_typesupport_introspection_c
[0.357s] -- Using all available rosidl_typesupport_cpp: rosidl_typesupport_fastrtps_cpp;rosidl_typesupport_introspection_cpp
[0.438s] -- Found rmw_implementation_cmake: 7.3.1 (/opt/ros/jazzy/share/rmw_implementation_cmake/cmake)
[0.440s] -- Found rmw_fastrtps_cpp: 8.4.1 (/opt/ros/jazzy/share/rmw_fastrtps_cpp/cmake)
[0.538s] -- Using RMW implementation 'rmw_fastrtps_cpp' as default
[0.625s] -- Found hardware_interface: 4.18.0 (/opt/ros/jazzy/share/hardware_interface/cmake)
[0.919s] -- Found controller_interface: 4.18.0 (/opt/ros/jazzy/share/controller_interface/cmake)
[0.922s] -- Found controller_manager: 4.18.0 (/opt/ros/jazzy/share/controller_manager/cmake)
[1.022s] -- Found ros2_control: 4.18.0 (/opt/ros/jazzy/share/ros2_control/cmake)
[1.022s] -- Found ros_gz_sim: 1.0.5 (/opt/ros/jazzy/share/ros_gz_sim/cmake)
[1.029s] -- Looking for gz-sim8 -- found version 8.6.0
[1.039s] -- Searching for dependencies of gz-sim8
[1.040s] -- Looking for sdformat14 -- found version 14.5.0
[1.040s] -- Searching for dependencies of sdformat14
[1.049s] -- Checking for module 'tinyxml2'
[1.071s] --   Found tinyxml2, version 10.0.0
[1.147s] -- Looking for gz-math7 -- found version 7.5.0
[1.148s] -- Searching for dependencies of gz-math7
[1.149s] -- Looking for gz-utils2 -- found version 2.2.0
[1.149s] -- Searching for dependencies of gz-utils2
[1.153s] -- Looking for gz-utils2 -- found version 2.2.0
[1.153s] -- Searching for dependencies of gz-utils2
[1.154s] -- Searching for <gz-utils2> component [cli]
[1.154s] -- Looking for gz-utils2-cli -- found version 2.2.0
[1.155s] -- Searching for dependencies of gz-utils2-cli
[1.158s] -- Looking for gz-plugin2 -- found version 2.0.3
[1.159s] -- Searching for dependencies of gz-plugin2
[1.159s] -- Looking for gz-utils2 -- found version 2.2.0
[1.160s] -- Searching for <gz-plugin2> component [loader]
[1.161s] -- Looking for gz-plugin2-loader -- found version 2.0.3
[1.162s] -- Searching for dependencies of gz-plugin2-loader
[1.163s] -- Searching for <gz-plugin2> component [register]
[1.164s] -- Looking for gz-plugin2-register -- found version 2.0.3
[1.164s] -- Searching for dependencies of gz-plugin2-register
[1.166s] -- Looking for gz-transport13 -- found version 13.4.0
[1.166s] -- Searching for dependencies of gz-transport13
[1.231s] -- Config-file not installed for ZeroMQ -- checking for pkg-config
[1.243s] -- Checking for module 'libzmq >= 4'
[1.275s] --   Found libzmq, version 4.3.5
[1.372s] -- Checking for module 'uuid'
[1.403s] --   Found uuid, version 2.39.3
[1.498s] -- Looking for gz-utils2 -- found version 2.2.0
[1.499s] -- Looking for gz-msgs10 -- found version 10.3.0
[1.499s] -- Searching for dependencies of gz-msgs10
[1.556s] -- Looking for gz-utils2 -- found version 2.2.0
[1.558s] -- Looking for gz-math7 -- found version 7.5.0
[1.609s] -- Searching for <gz-transport13> component [log]
[1.610s] -- Looking for gz-transport13-log -- found version 13.4.0
[1.610s] -- Searching for dependencies of gz-transport13-log
[1.611s] -- Searching for <gz-transport13> component [parameters]
[1.612s] -- Looking for gz-transport13-parameters -- found version 13.4.0
[1.612s] -- Searching for dependencies of gz-transport13-parameters
[1.613s] -- Looking for gz-msgs10 -- found version 10.3.0
[1.614s] -- Looking for gz-common5 -- found version 5.6.0
[1.614s] -- Searching for dependencies of gz-common5
[1.615s] -- Looking for gz-utils2 -- found version 2.2.0
[1.615s] -- Looking for dlfcn.h - found
[1.615s] -- Looking for libdl - found
[1.632s] -- Searching for <gz-common5> component [av]
[1.633s] -- Looking for gz-common5-av -- found version 5.6.0
[1.633s] -- Searching for dependencies of gz-common5-av
[1.645s] -- Checking for module 'libswscale'
[1.676s] --   Found libswscale, version 7.5.100
[1.756s] -- Checking for module 'libavdevice >= 56.4.100'
[1.781s] --   Found libavdevice, version 60.3.100
[1.879s] -- Checking for module 'libavformat'
[1.911s] --   Found libavformat, version 60.16.100
[1.998s] -- Checking for module 'libavcodec'
[2.031s] --   Found libavcodec, version 60.31.102
[2.110s] -- Checking for module 'libavutil'
[2.143s] --   Found libavutil, version 58.29.100
[2.260s] -- Searching for <gz-common5> component [events]
[2.262s] -- Looking for gz-common5-events -- found version 5.6.0
[2.263s] -- Searching for dependencies of gz-common5-events
[2.264s] -- Looking for gz-math7 -- found version 7.5.0
[2.266s] -- Searching for <gz-common5> component [graphics]
[2.267s] -- Looking for gz-common5-graphics -- found version 5.6.0
[2.268s] -- Searching for dependencies of gz-common5-graphics
[2.269s] -- Looking for gz-math7 -- found version 7.5.0
[2.277s] -- Searching for <gz-common5> component [io]
[2.278s] -- Looking for gz-common5-io -- found version 5.6.0
[2.279s] -- Searching for dependencies of gz-common5-io
[2.280s] -- Searching for <gz-common5> component [profiler]
[2.282s] -- Looking for gz-common5-profiler -- found version 5.6.0
[2.283s] -- Searching for dependencies of gz-common5-profiler
[2.286s] -- Looking for gz-fuel_tools9 -- found version 9.1.0
[2.287s] -- Searching for dependencies of gz-fuel_tools9
[2.402s] -- Checking for module 'jsoncpp'
[2.433s] --   Found jsoncpp, version 1.9.5
[2.551s] -- Checking for module 'yaml-0.1'
[2.579s] --   Found yaml-0.1, version 0.2.5
[2.657s] -- Checking for module 'libzip'
[2.684s] --   Found libzip, version 1.7.3
[2.762s] -- Looking for gz-utils2 -- found version 2.2.0
[2.762s] -- Looking for gz-common5 -- found version 5.6.0
[2.763s] -- Searching for dependencies of gz-common5
[2.763s] -- Looking for gz-utils2 -- found version 2.2.0
[2.764s] -- Looking for dlfcn.h - found
[2.764s] -- Looking for libdl - found
[2.781s] -- Searching for <gz-common5> component [testing]
[2.781s] -- Looking for gz-common5-testing -- found version 5.6.0
[2.782s] -- Searching for dependencies of gz-common5-testing
[2.783s] -- Looking for gz-math7 -- found version 7.5.0
[2.784s] -- Looking for gz-msgs10 -- found version 10.3.0
[2.786s] -- Looking for gz-gui8 -- found version 8.3.0
[2.786s] -- Searching for dependencies of gz-gui8
[2.839s] -- Looking for gz-utils2 -- found version 2.2.0
[2.840s] -- Looking for gz-math7 -- found version 7.5.0
[2.841s] -- Looking for gz-common5 -- found version 5.6.0
[2.843s] -- Looking for gz-plugin2 -- found version 2.0.3
[2.844s] -- Looking for gz-transport13 -- found version 13.4.0
[2.845s] -- Looking for gz-rendering8 -- found version 8.2.0
[2.846s] -- Searching for dependencies of gz-rendering8
[2.847s] -- Looking for gz-math7 -- found version 7.5.0
[2.848s] -- Searching for dependencies of gz-math7
[2.848s] -- Looking for gz-utils2 -- found version 2.2.0
[2.849s] -- Searching for <gz-math7> component [eigen3]
[2.850s] -- Looking for gz-math7-eigen3 -- found version 7.5.0
[2.850s] -- Searching for dependencies of gz-math7-eigen3
[2.854s] -- Looking for gz-common5 -- found version 5.6.0
[2.854s] -- Searching for dependencies of gz-common5
[2.855s] -- Looking for gz-utils2 -- found version 2.2.0
[2.855s] -- Looking for dlfcn.h - found
[2.855s] -- Looking for libdl - found
[2.870s] -- Searching for <gz-common5> component [graphics]
[2.871s] -- Searching for <gz-common5> component [events]
[2.871s] -- Searching for <gz-common5> component [geospatial]
[2.871s] -- Looking for gz-common5-geospatial -- found version 5.6.0
[2.871s] -- Searching for dependencies of gz-common5-geospatial
[2.872s] -- Looking for gz-math7 -- found version 7.5.0
[2.873s] -- Looking for gz-common5 -- found version 5.6.0
[2.875s] -- Looking for gz-plugin2 -- found version 2.0.3
[2.875s] -- Searching for dependencies of gz-plugin2
[2.876s] -- Looking for gz-utils2 -- found version 2.2.0
[2.876s] -- Searching for <gz-plugin2> component [all]
[2.877s] -- Looking for all libraries of gz-plugin2 -- found version 2.0.3
[2.878s] -- Looking for gz-plugin2 -- found version 2.0.3
[2.880s] -- Looking for gz-utils2 -- found version 2.2.0
[2.886s] -- Looking for gz-msgs10 -- found version 10.3.0
[2.910s] -- Looking for gz-physics7 -- found version 7.3.0
[2.910s] -- Searching for dependencies of gz-physics7
[2.910s] -- Looking for gz-common5 -- found version 5.6.0
[2.911s] -- Looking for gz-math7 -- found version 7.5.0
[2.912s] -- Looking for gz-plugin2 -- found version 2.0.3
[2.912s] -- Looking for gz-utils2 -- found version 2.2.0
[2.914s] -- Searching for <gz-physics7> component [heightmap]
[2.915s] -- Looking for gz-physics7-heightmap -- found version 7.3.0
[2.915s] -- Searching for dependencies of gz-physics7-heightmap
[2.916s] -- Looking for gz-common5 -- found version 5.6.0
[2.916s] -- Searching for <gz-physics7> component [mesh]
[2.917s] -- Looking for gz-physics7-mesh -- found version 7.3.0
[2.917s] -- Searching for dependencies of gz-physics7-mesh
[2.918s] -- Looking for gz-common5 -- found version 5.6.0
[2.919s] -- Searching for <gz-physics7> component [sdf]
[2.919s] -- Looking for gz-physics7-sdf -- found version 7.3.0
[2.920s] -- Searching for dependencies of gz-physics7-sdf
[2.920s] -- Looking for sdformat14 -- found version 14.5.0
[2.922s] -- Looking for gz-sensors8 -- found version 8.2.0
[2.922s] -- Searching for dependencies of gz-sensors8
[2.958s] -- Looking for gz-math7 -- found version 7.5.0
[2.959s] -- Looking for gz-common5 -- found version 5.6.0
[2.960s] -- Looking for gz-transport13 -- found version 13.4.0
[2.960s] -- Looking for gz-rendering8 -- found version 8.2.0
[2.961s] -- Looking for gz-msgs10 -- found version 10.3.0
[2.962s] -- Looking for sdformat14 -- found version 14.5.0
[2.963s] -- Searching for <gz-sensors8> component [air_pressure]
[2.963s] -- Looking for gz-sensors8-air_pressure -- found version 8.2.0
[2.964s] -- Searching for dependencies of gz-sensors8-air_pressure
[2.965s] -- Searching for <gz-sensors8> component [air_speed]
[2.965s] -- Looking for gz-sensors8-air_speed -- found version 8.2.0
[2.965s] -- Searching for dependencies of gz-sensors8-air_speed
[2.966s] -- Searching for <gz-sensors8> component [altimeter]
[2.967s] -- Looking for gz-sensors8-altimeter -- found version 8.2.0
[2.967s] -- Searching for dependencies of gz-sensors8-altimeter
[2.968s] -- Searching for <gz-sensors8> component [imu]
[2.969s] -- Looking for gz-sensors8-imu -- found version 8.2.0
[2.969s] -- Searching for dependencies of gz-sensors8-imu
[2.970s] -- Searching for <gz-sensors8> component [force_torque]
[2.970s] -- Looking for gz-sensors8-force_torque -- found version 8.2.0
[2.971s] -- Searching for dependencies of gz-sensors8-force_torque
[2.971s] -- Searching for <gz-sensors8> component [logical_camera]
[2.972s] -- Looking for gz-sensors8-logical_camera -- found version 8.2.0
[2.973s] -- Searching for dependencies of gz-sensors8-logical_camera
[2.973s] -- Searching for <gz-sensors8> component [magnetometer]
[2.974s] -- Looking for gz-sensors8-magnetometer -- found version 8.2.0
[2.974s] -- Searching for dependencies of gz-sensors8-magnetometer
[2.975s] -- Searching for <gz-sensors8> component [navsat]
[2.976s] -- Looking for gz-sensors8-navsat -- found version 8.2.0
[2.976s] -- Searching for dependencies of gz-sensors8-navsat
[2.977s] -- Searching for <gz-sensors8> component [dvl]
[2.978s] -- Looking for gz-sensors8-dvl -- found version 8.2.0
[2.978s] -- Searching for dependencies of gz-sensors8-dvl
[2.979s] -- Looking for gz-sensors8 -- found version 8.2.0
[2.979s] -- Searching for dependencies of gz-sensors8
[3.018s] -- Looking for gz-math7 -- found version 7.5.0
[3.019s] -- Looking for gz-common5 -- found version 5.6.0
[3.020s] -- Looking for gz-transport13 -- found version 13.4.0
[3.021s] -- Looking for gz-rendering8 -- found version 8.2.0
[3.022s] -- Looking for gz-msgs10 -- found version 10.3.0
[3.022s] -- Looking for sdformat14 -- found version 14.5.0
[3.023s] -- Searching for <gz-sensors8> component [rendering]
[3.023s] -- Looking for gz-sensors8-rendering -- found version 8.2.0
[3.024s] -- Searching for dependencies of gz-sensors8-rendering
[3.027s] -- Searching for <gz-sensors8> component [rendering]
[3.027s] -- Searching for <gz-sensors8> component [lidar]
[3.031s] -- Looking for gz-sensors8-lidar -- found version 8.2.0
[3.031s] -- Searching for dependencies of gz-sensors8-lidar
[3.032s] -- Looking for gz-sensors8 -- found version 8.2.0
[3.034s] -- Searching for <gz-sensors8> component [gpu_lidar]
[3.036s] -- Looking for gz-sensors8-gpu_lidar -- found version 8.2.0
[3.036s] -- Searching for dependencies of gz-sensors8-gpu_lidar
[3.037s] -- Looking for gz-sensors8 -- found version 8.2.0
[3.039s] -- Searching for <gz-sensors8> component [camera]
[3.041s] -- Looking for gz-sensors8-camera -- found version 8.2.0
[3.042s] -- Searching for dependencies of gz-sensors8-camera
[3.042s] -- Looking for gz-sensors8 -- found version 8.2.0
[3.045s] -- Searching for <gz-sensors8> component [boundingbox_camera]
[3.046s] -- Looking for gz-sensors8-boundingbox_camera -- found version 8.2.0
[3.047s] -- Searching for dependencies of gz-sensors8-boundingbox_camera
[3.048s] -- Searching for <gz-sensors8> component [segmentation_camera]
[3.050s] -- Looking for gz-sensors8-segmentation_camera -- found version 8.2.0
[3.050s] -- Searching for dependencies of gz-sensors8-segmentation_camera
[3.051s] -- Searching for <gz-sensors8> component [depth_camera]
[3.052s] -- Looking for gz-sensors8-depth_camera -- found version 8.2.0
[3.053s] -- Searching for dependencies of gz-sensors8-depth_camera
[3.053s] -- Looking for gz-sensors8 -- found version 8.2.0
[3.055s] -- Searching for <gz-sensors8> component [rgbd_camera]
[3.056s] -- Looking for gz-sensors8-rgbd_camera -- found version 8.2.0
[3.057s] -- Searching for dependencies of gz-sensors8-rgbd_camera
[3.057s] -- Looking for gz-sensors8 -- found version 8.2.0
[3.059s] -- Searching for <gz-sensors8> component [thermal_camera]
[3.060s] -- Looking for gz-sensors8-thermal_camera -- found version 8.2.0
[3.060s] -- Searching for dependencies of gz-sensors8-thermal_camera
[3.061s] -- Looking for gz-sensors8 -- found version 8.2.0
[3.062s] -- Searching for <gz-sensors8> component [wide_angle_camera]
[3.062s] -- Looking for gz-sensors8-wide_angle_camera -- found version 8.2.0
[3.063s] -- Searching for dependencies of gz-sensors8-wide_angle_camera
[3.065s] -- Looking for gz-rendering8 -- found version 8.2.0
[3.066s] -- Looking for gz-math7 -- found version 7.5.0
[3.066s] -- Looking for gz-utils2 -- found version 2.2.0
[3.098s] -- Looking for gz-plugin2 -- found version 2.0.3
[3.098s] -- Found rosidl_default_generators: 1.6.0 (/opt/ros/jazzy/share/rosidl_default_generators/cmake)
[3.111s] -- Found rosidl_adapter: 4.6.4 (/opt/ros/jazzy/share/rosidl_adapter/cmake)
[3.114s] -- Found rclcpp_components: 28.1.5 (/opt/ros/jazzy/share/rclcpp_components/cmake)
[3.170s] -- pinocchio FOUND. pinocchio at /opt/ros/jazzy/lib/x86_64-linux-gnu/libpinocchio.so
[3.171s] -- boost_filesystem FOUND. boost_filesystem at /lib/x86_64-linux-gnu/libboost_filesystem.so
[3.172s] -- boost_serialization FOUND. boost_serialization at /lib/x86_64-linux-gnu/libboost_serialization.so
[3.173s] -- boost_system FOUND. boost_system at /lib/x86_64-linux-gnu/libboost_system.so
[3.183s] -- Found Boost: /usr/include (found version "1.83.0") found components: filesystem serialization system 
[3.185s] -- eigenpy FOUND. eigenpy at /opt/ros/jazzy/lib/x86_64-linux-gnu/libeigenpy.so
[3.226s] -- Checking for NumPy
[3.589s] --   NUMPY_INCLUDE_DIRS=/usr/lib/python3/dist-packages/numpy/core/include
[3.790s] --   NUMPY_VERSION=1.26.4
[4.236s] -- Found Python3: /usr/bin/python3 (found version "3.12.3") found components: Interpreter Development.Module NumPy 
[4.239s] -- PythonLibraryDirs: 
[4.239s] -- PythonLibVersionString: 3.12.3
[4.300s] -- Python site lib: lib/python3.12/dist-packages
[4.300s] -- Python include dirs: /usr/include/python3.12
[4.380s] -- Checking for NumPy
[4.532s] --   NUMPY_INCLUDE_DIRS=/usr/lib/python3/dist-packages/numpy/core/include
[4.678s] --   NUMPY_VERSION=1.26.4
[4.678s] -- NumPy include dir: /usr/lib/python3/dist-packages/numpy/core/include
[4.685s] -- Found Boost: /usr/include (found version "1.83.0") found components: python312 
[4.685s] -- Boost_PYTHON_LIBRARY: /usr/lib/x86_64-linux-gnu/libboost_python312.so
[5.253s] -- Default C++ standard: 201703
[5.253s] -- C++ standard sufficient: Minimal required 14, currently defined: 17
[5.253s] -- CMAKE_CXX_STANDARD was not set: automatically set to currently defined standard 17
[5.256s] -- C++ standard sufficient: Minimal required 14, currently defined: 17
[5.318s] -- Found Python3: /usr/bin/python3 (found version "3.12.3") found components: Interpreter 
[5.674s] -- Found ament_cmake_ros: 0.12.0 (/opt/ros/jazzy/share/ament_cmake_ros/cmake)
[6.014s] -- Using all available rosidl_typesupport_c: rosidl_typesupport_fastrtps_c;rosidl_typesupport_introspection_c
[6.145s] -- Using all available rosidl_typesupport_cpp: rosidl_typesupport_fastrtps_cpp;rosidl_typesupport_introspection_cpp
[6.148s] -- Found python_cmake_module: 0.11.1 (/opt/ros/jazzy/share/python_cmake_module/cmake)
[6.913s] -- Found Python3: /usr/bin/python3 (found version "3.12.3") found components: Interpreter Development NumPy Development.Module Development.Embed 
[6.941s] -- Configuring done (6.9s)
[7.011s] -- Generating done (0.0s)
[7.016s] -- Build files have been written to: /home/ws/build/quadruped
[7.106s] [  2%] Built target quadruped__rosidl_generator_type_description
[7.119s] [  2%] Built target ament_cmake_python_symlink_quadruped
[7.152s] [  5%] Built target quadruped__cpp
[7.166s] [ 17%] Built target quadruped__rosidl_generator_c
[7.210s] [ 20%] [32mBuilding CXX object CMakeFiles/quadruped_lib.dir/src/balance_controller.cpp.o[0m
[7.254s] [ 28%] Built target quadruped__rosidl_typesupport_c
[7.259s] [ 35%] Built target quadruped__rosidl_typesupport_fastrtps_c
[7.264s] [ 43%] Built target quadruped__rosidl_typesupport_fastrtps_cpp
[7.264s] [ 51%] Built target quadruped__rosidl_typesupport_cpp
[7.265s] [ 58%] Built target quadruped__rosidl_typesupport_introspection_c
[7.267s] [ 66%] Built target quadruped__rosidl_typesupport_introspection_cpp
[7.305s] [ 66%] Built target quadruped
[7.340s] [ 69%] Built target quadruped__py
[7.378s] [ 74%] Built target quadruped__rosidl_generator_py
[7.414s] [ 79%] Built target quadruped_s__rosidl_typesupport_introspection_c
[7.427s] [ 84%] Built target quadruped_s__rosidl_typesupport_c
[7.428s] [ 89%] Built target quadruped_s__rosidl_typesupport_fastrtps_c
[7.442s] running egg_info
[7.459s] writing quadruped.egg-info/PKG-INFO
[7.459s] writing dependency_links to quadruped.egg-info/dependency_links.txt
[7.459s] writing top-level names to quadruped.egg-info/top_level.txt
[7.507s] reading manifest file 'quadruped.egg-info/SOURCES.txt'
[7.507s] writing manifest file 'quadruped.egg-info/SOURCES.txt'
[7.555s] [ 89%] Built target ament_cmake_python_build_quadruped_egg
[12.311s] [01m[K/home/ws/src/quadruped/src/balance_controller.cpp:4:10:[m[K [01;31m[Kfatal error: [m[Kpinocchio/algorithm/jacobian.hpp>: No such file or directory
[12.311s]     4 | #include [01;31m[K"pinocchio/algorithm/jacobian.hpp>"[m[K
[12.311s]       |          [01;31m[K^~~~~~~~~~~~~~~~~~~~~~~~~~~~~~~~~~~[m[K
[12.311s] compilation terminated.
[12.331s] gmake[2]: *** [CMakeFiles/quadruped_lib.dir/build.make:76: CMakeFiles/quadruped_lib.dir/src/balance_controller.cpp.o] Error 1
[12.332s] gmake[1]: *** [CMakeFiles/Makefile2:623: CMakeFiles/quadruped_lib.dir/all] Error 2
[12.332s] gmake: *** [Makefile:146: all] Error 2
[12.335s] Invoked command in '/home/ws/build/quadruped' returned '2': CMAKE_PREFIX_PATH=${CMAKE_PREFIX_PATH}:/opt/ros/jazzy /usr/bin/cmake --build /home/ws/build/quadruped -- -j20 -l20
