[0.015s] Invoking command in '/home/ws/src/quadruped/build/quadruped': CMAKE_PREFIX_PATH=${CMAKE_PREFIX_PATH}:/opt/ros/jazzy /usr/bin/cmake --build /home/ws/src/quadruped/build/quadruped -- -j20 -l20
[0.093s] Invoked command in '/home/ws/src/quadruped/build/quadruped' returned '0': CMAKE_PREFIX_PATH=${CMAKE_PREFIX_PATH}:/opt/ros/jazzy /usr/bin/cmake --build /home/ws/src/quadruped/build/quadruped -- -j20 -l20
[0.164s] Invoking command in '/home/ws/src/quadruped/build/quadruped': CMAKE_PREFIX_PATH=${CMAKE_PREFIX_PATH}:/opt/ros/jazzy /usr/bin/cmake --install /home/ws/src/quadruped/build/quadruped
[0.181s] -- Install configuration: ""
[0.182s] -- Execute custom install script
[0.182s] -- Up-to-date symlink: /home/ws/src/quadruped/install/quadruped/lib/quadruped/template_node.py
[0.182s] -- Up-to-date symlink: /home/ws/src/quadruped/install/quadruped/lib/quadruped/template_node.py
[0.183s] -- Up-to-date symlink: /home/ws/src/quadruped/install/quadruped/share/ament_index/resource_index/package_run_dependencies/quadruped
[0.183s] -- Up-to-date symlink: /home/ws/src/quadruped/install/quadruped/share/ament_index/resource_index/parent_prefix_path/quadruped
[0.184s] -- Up-to-date symlink: /home/ws/src/quadruped/install/quadruped/share/quadruped/environment/ament_prefix_path.sh
[0.184s] -- Up-to-date symlink: /home/ws/src/quadruped/install/quadruped/share/quadruped/environment/ament_prefix_path.dsv
[0.184s] -- Up-to-date symlink: /home/ws/src/quadruped/install/quadruped/share/quadruped/environment/path.sh
[0.184s] -- Up-to-date symlink: /home/ws/src/quadruped/install/quadruped/share/quadruped/environment/path.dsv
[0.185s] -- Up-to-date symlink: /home/ws/src/quadruped/install/quadruped/share/quadruped/local_setup.bash
[0.185s] -- Up-to-date symlink: /home/ws/src/quadruped/install/quadruped/share/quadruped/local_setup.sh
[0.185s] -- Up-to-date symlink: /home/ws/src/quadruped/install/quadruped/share/quadruped/local_setup.zsh
[0.185s] -- Up-to-date symlink: /home/ws/src/quadruped/install/quadruped/share/quadruped/local_setup.dsv
[0.185s] -- Symlinking: /home/ws/src/quadruped/install/quadruped/share/quadruped/package.dsv
[0.201s] -- Up-to-date symlink: /home/ws/src/quadruped/install/quadruped/share/ament_index/resource_index/packages/quadruped
[0.202s] -- Up-to-date symlink: /home/ws/src/quadruped/install/quadruped/share/quadruped/cmake/quadrupedConfig.cmake
[0.202s] -- Up-to-date symlink: /home/ws/src/quadruped/install/quadruped/share/quadruped/cmake/quadrupedConfig-version.cmake
[0.202s] -- Up-to-date symlink: /home/ws/src/quadruped/install/quadruped/share/quadruped/package.xml
[0.205s] Invoked command in '/home/ws/src/quadruped/build/quadruped' returned '0': CMAKE_PREFIX_PATH=${CMAKE_PREFIX_PATH}:/opt/ros/jazzy /usr/bin/cmake --install /home/ws/src/quadruped/build/quadruped
